<<<15:06:28:663125>>>  Pix\Homeworlds\Ocean\7.png loaded as pixie for Earth...
<<<15:06:28:663125>>>  Image at Pix\Homeworlds\Ocean\7.png chosen as homeworld pix for Earth's...
<<<15:06:28:663125>>>  Pix\Moons\7.png loaded as pixie for Moon #2...
<<<15:06:28:704113>>>  Pix\Snails\Green_Snail\Spells\Spellready_Icon\spellready.png returned as pixie for Tank #1 Green Player Tank...
<<<15:06:28:704113>>>  Tank #1 Green Player Tank successfully created!
<<<15:06:28:746744>>>  Pix\Snails\Red_Snail\Spells\Spellready_Icon\spellready.png returned as pixie for Tank #2 Red AI Tank...
<<<15:06:28:746744>>>  Tank #2 Red AI Tank successfully created!
<<<15:06:28:792538>>>  Pix\Snails\Yellow_Snail\Spells\Spellready_Icon\spellready.png returned as pixie for Tank #3 Yellow AI Tank...
<<<15:06:28:792538>>>  Tank #3 Yellow AI Tank successfully created!
<<<15:06:28:797788>>>  Tank #2 Red AI Tank chose to move to 4.1448, cururently at 3.6652.
<<<15:06:28:797788>>>  Tank #2 Red AI Tank moved one unit CCW...
<<<15:06:28:797788>>>  Tank #2 Red AI Tank chose to move...
<<<15:06:28:797788>>>
* *** Tank #3 Yellow AI Tank USING CLEAR SKIES FUNCTION ***
* Moon #2 at (-456.9329176035267, -12733.655867610076), angle -1.6066648118656592 rads.
* Tank #3 Yellow AI Tank at (5517.447847510657, -3185.5000000000027), angle 5.759586531581287.
* Angle Between is 1.0830660362673603 rads.
* The skies are NOT clear, Tank #3 Yellow AI Tank shouldn't use Gravity...
<<<15:06:28:810437>>>  Tank #2 Red AI Tank moved one unit CCW...
<<<15:06:28:810437>>>  Tank #3 Yellow AI Tank chose to move to 4.7528, cururently at 5.7596.
<<<15:06:28:810437>>>  Tank #3 Yellow AI Tank moved one unit CW...
<<<15:06:28:810437>>>  Tank #3 Yellow AI Tank chose to move...
<<<15:06:28:825797>>>  Tank #2 Red AI Tank moved one unit CCW...
<<<15:06:28:825797>>>  Tank #3 Yellow AI Tank moved one unit CW...
<<<15:06:28:842427>>>  Tank #2 Red AI Tank moved one unit CCW...
<<<15:06:28:842427>>>  Tank #3 Yellow AI Tank moved one unit CW...
<<<15:06:28:858949>>>  Tank #2 Red AI Tank moved one unit CCW...
<<<15:06:28:858949>>>  Tank #3 Yellow AI Tank moved one unit CW...
<<<15:06:28:875553>>>  Tank #2 Red AI Tank moved one unit CCW...
<<<15:06:28:875553>>>  Tank #3 Yellow AI Tank moved one unit CW...
<<<15:06:28:892425>>>  Tank #2 Red AI Tank moved one unit CCW...
<<<15:06:28:892425>>>  Tank #3 Yellow AI Tank moved one unit CW...
<<<15:06:28:908499>>>  Tank #2 Red AI Tank moved one unit CCW...
<<<15:06:28:908499>>>  Tank #3 Yellow AI Tank moved one unit CW...
<<<15:06:28:924107>>>  Tank #2 Red AI Tank moved one unit CCW...
<<<15:06:28:924107>>>  Tank #3 Yellow AI Tank moved one unit CW...
<<<15:06:28:940695>>>  Tank #2 Red AI Tank moved one unit CCW...
<<<15:06:28:940695>>>  Tank #3 Yellow AI Tank moved one unit CW...
<<<15:06:28:957352>>>  Tank #2 Red AI Tank moved one unit CCW...
<<<15:06:28:957352>>>  Tank #3 Yellow AI Tank moved one unit CW...
<<<15:06:28:973027>>>  Tank #2 Red AI Tank moved one unit CCW...
<<<15:06:28:973027>>>  Tank #3 Yellow AI Tank moved one unit CW...
<<<15:06:28:988767>>>  Tank #2 Red AI Tank moved one unit CCW...
<<<15:06:28:988767>>>  Tank #3 Yellow AI Tank moved one unit CW...
<<<15:06:29:005938>>>  Tank #2 Red AI Tank moved one unit CCW...
<<<15:06:29:005938>>>  Tank #3 Yellow AI Tank moved one unit CW...
<<<15:06:29:022816>>>  Tank #2 Red AI Tank moved one unit CCW...
<<<15:06:29:022816>>>  Tank #3 Yellow AI Tank moved one unit CW...
<<<15:06:29:039006>>>  Tank #2 Red AI Tank moved one unit CCW...
<<<15:06:29:039006>>>  Tank #3 Yellow AI Tank moved one unit CW...
<<<15:06:29:055154>>>  Tank #2 Red AI Tank moved one unit CCW...
<<<15:06:29:055154>>>  Tank #3 Yellow AI Tank moved one unit CW...
<<<15:06:29:071015>>>  Tank #2 Red AI Tank moved one unit CCW...
<<<15:06:29:071015>>>  Tank #3 Yellow AI Tank moved one unit CW...
<<<15:06:29:087858>>>  Tank #2 Red AI Tank moved one unit CCW...
<<<15:06:29:087858>>>  Tank #3 Yellow AI Tank moved one unit CW...
<<<15:06:29:104905>>>  Tank #2 Red AI Tank moved one unit CCW...
<<<15:06:29:104905>>>  Tank #3 Yellow AI Tank moved one unit CW...
<<<15:06:29:121555>>>  Tank #2 Red AI Tank moved one unit CCW...
<<<15:06:29:121555>>>  Tank #3 Yellow AI Tank moved one unit CW...
<<<15:06:29:137150>>>  Tank #2 Red AI Tank moved one unit CCW...
<<<15:06:29:137150>>>  Tank #3 Yellow AI Tank moved one unit CW...
<<<15:06:29:153392>>>  Tank #2 Red AI Tank moved one unit CCW...
<<<15:06:29:153392>>>  Tank #3 Yellow AI Tank moved one unit CW...
<<<15:06:29:168994>>>  Tank #2 Red AI Tank moved one unit CCW...
<<<15:06:29:168994>>>  Tank #3 Yellow AI Tank moved one unit CW...
<<<15:06:29:186533>>>  Tank #2 Red AI Tank moved one unit CCW...
<<<15:06:29:186533>>>  Tank #3 Yellow AI Tank moved one unit CW...
<<<15:06:29:202112>>>  Tank #2 Red AI Tank moved one unit CCW...
<<<15:06:29:202112>>>  Tank #3 Yellow AI Tank moved one unit CW...
<<<15:06:29:218418>>>  Tank #2 Red AI Tank moved one unit CCW...
<<<15:06:29:218418>>>  Tank #3 Yellow AI Tank moved one unit CW...
<<<15:06:29:234449>>>  Tank #3 Yellow AI Tank moved one unit CW...
<<<15:06:29:251152>>>
* *** Tank #2 Red AI Tank USING CLEAR SKIES FUNCTION ***
* Moon #2 at (956.227851748957, -12682.044172461263), angle -1.4955385934374887 rads.
* Tank #2 Red AI Tank at (-3469.895292080765, -5343.170188380278), angle 4.136430327226556.
* Angle Between is 0.6512163865155411 rads.
* The skies are NOT clear, Tank #2 Red AI Tank shouldn't use Gravity...
<<<15:06:29:251152>>>  Tank #3 Yellow AI Tank moved one unit CW...
<<<15:06:29:266899>>>
* *** Tank #2 Red AI Tank USING CLEAR SKIES FUNCTION ***
* Moon #2 at (1006.5551730968343, -12676.59303303993), angle -1.4915599131563333 rads.
* Tank #2 Red AI Tank at (-3469.895292080765, -5343.170188380278), angle 4.136430327226556.
* Angle Between is 0.655195066796697 rads.
* The skies are NOT clear, Tank #2 Red AI Tank shouldn't use Gravity...
<<<15:06:29:266899>>>  Tank #3 Yellow AI Tank moved one unit CW...
<<<15:06:29:283188>>>
* *** Tank #2 Red AI Tank USING CLEAR SKIES FUNCTION ***
* Moon #2 at (1056.8627390217484, -12670.893094455028), angle -1.4875802470524557 rads.
* Tank #2 Red AI Tank at (-3469.895292080765, -5343.170188380278), angle 4.136430327226556.
* Angle Between is 0.6591747329005742 rads.
* The skies are NOT clear, Tank #2 Red AI Tank shouldn't use Gravity...
<<<15:06:29:283188>>>  Tank #3 Yellow AI Tank moved one unit CW...
<<<15:06:29:299182>>>
* *** Tank #2 Red AI Tank USING CLEAR SKIES FUNCTION ***
* Moon #2 at (1107.149554308976, -12664.94437460635), angle -1.4835995645617133 rads.
* Tank #2 Red AI Tank at (-3469.895292080765, -5343.170188380278), angle 4.136430327226556.
* Angle Between is 0.6631554153913175 rads.
* The skies are NOT clear, Tank #2 Red AI Tank shouldn't use Gravity...
<<<15:06:29:299182>>>  Tank #3 Yellow AI Tank moved one unit CW...
<<<15:06:29:314968>>>  Tank #2 Red AI Tank chose to shoot...
<<<15:06:29:314968>>>  Tank #3 Yellow AI Tank moved one unit CW...
<<<15:06:29:332478>>>  Tank #2 Red AI Tank is checking targeting info...
<<<15:06:29:332478>>>  Tank #2 Red AI Tank Launch angle not within tolerances, adjusting firing solution...
<<<15:06:29:332478>>>  Tank #2 Red AI Tank Launch speed not within tolerances, adjusting firing solution...
<<<15:06:29:332478>>>  Tank #2 Red AI Tank adjusted targeting angle one unit CW...
<<<15:06:29:332478>>>  Tank #3 Yellow AI Tank moved one unit CW...
<<<15:06:29:348875>>>  Tank #2 Red AI Tank is checking targeting info...
<<<15:06:29:349104>>>  Tank #2 Red AI Tank Launch angle not within tolerances, adjusting firing solution...
<<<15:06:29:349104>>>  Tank #2 Red AI Tank Launch speed not within tolerances, adjusting firing solution...
<<<15:06:29:349173>>>  Tank #2 Red AI Tank adjusted targeting angle one unit CW...
<<<15:06:29:349330>>>  Tank #3 Yellow AI Tank moved one unit CW...
<<<15:06:29:364246>>>  Tank #2 Red AI Tank is checking targeting info...
<<<15:06:29:364246>>>  Tank #2 Red AI Tank Launch angle not within tolerances, adjusting firing solution...
<<<15:06:29:364246>>>  Tank #2 Red AI Tank Launch speed not within tolerances, adjusting firing solution...
<<<15:06:29:364246>>>  Tank #2 Red AI Tank adjusted targeting angle one unit CW...
<<<15:06:29:364246>>>  Tank #3 Yellow AI Tank moved one unit CW...
<<<15:06:29:380428>>>  Tank #2 Red AI Tank is checking targeting info...
<<<15:06:29:380428>>>  Tank #2 Red AI Tank Launch angle not within tolerances, adjusting firing solution...
<<<15:06:29:380428>>>  Tank #2 Red AI Tank Launch speed not within tolerances, adjusting firing solution...
<<<15:06:29:380428>>>  Tank #2 Red AI Tank adjusted targeting angle one unit CW...
<<<15:06:29:380428>>>  Tank #3 Yellow AI Tank moved one unit CW...
<<<15:06:29:396109>>>  Tank #2 Red AI Tank is checking targeting info...
<<<15:06:29:396109>>>  Tank #2 Red AI Tank Launch angle not within tolerances, adjusting firing solution...
<<<15:06:29:396109>>>  Tank #2 Red AI Tank Launch speed not within tolerances, adjusting firing solution...
<<<15:06:29:396109>>>  Tank #2 Red AI Tank adjusted targeting angle one unit CW...
<<<15:06:29:396109>>>  Tank #3 Yellow AI Tank moved one unit CW...
<<<15:06:29:412729>>>  Tank #2 Red AI Tank is checking targeting info...
<<<15:06:29:412729>>>  Tank #2 Red AI Tank Launch angle not within tolerances, adjusting firing solution...
<<<15:06:29:412729>>>  Tank #2 Red AI Tank Launch speed not within tolerances, adjusting firing solution...
<<<15:06:29:412729>>>  Tank #2 Red AI Tank adjusted targeting angle one unit CW...
<<<15:06:29:412729>>>  Tank #3 Yellow AI Tank moved one unit CW...
<<<15:06:29:429160>>>  Tank #2 Red AI Tank is checking targeting info...
<<<15:06:29:429160>>>  Tank #2 Red AI Tank Launch angle not within tolerances, adjusting firing solution...
<<<15:06:29:429160>>>  Tank #2 Red AI Tank Launch speed not within tolerances, adjusting firing solution...
<<<15:06:29:429160>>>  Tank #2 Red AI Tank adjusted targeting angle one unit CW...
<<<15:06:29:429160>>>  Tank #3 Yellow AI Tank moved one unit CW...
<<<15:06:29:445400>>>  Tank #2 Red AI Tank is checking targeting info...
<<<15:06:29:445400>>>  Tank #2 Red AI Tank Launch angle not within tolerances, adjusting firing solution...
<<<15:06:29:445400>>>  Tank #2 Red AI Tank Launch speed not within tolerances, adjusting firing solution...
<<<15:06:29:445400>>>  Tank #2 Red AI Tank adjusted targeting angle one unit CW...
<<<15:06:29:445400>>>  Tank #3 Yellow AI Tank moved one unit CW...
<<<15:06:29:461395>>>  Tank #2 Red AI Tank is checking targeting info...
<<<15:06:29:461395>>>  Tank #2 Red AI Tank Launch angle not within tolerances, adjusting firing solution...
<<<15:06:29:461395>>>  Tank #2 Red AI Tank Launch speed not within tolerances, adjusting firing solution...
<<<15:06:29:461395>>>  Tank #2 Red AI Tank adjusted targeting angle one unit CW...
<<<15:06:29:461395>>>  Tank #3 Yellow AI Tank moved one unit CW...
<<<15:06:29:477373>>>  Tank #2 Red AI Tank is checking targeting info...
<<<15:06:29:477373>>>  Tank #2 Red AI Tank Launch angle not within tolerances, adjusting firing solution...
<<<15:06:29:477373>>>  Tank #2 Red AI Tank Launch speed not within tolerances, adjusting firing solution...
<<<15:06:29:477373>>>  Tank #2 Red AI Tank adjusted targeting angle one unit CW...
<<<15:06:29:477373>>>  Tank #3 Yellow AI Tank moved one unit CW...
<<<15:06:29:492898>>>  Tank #2 Red AI Tank is checking targeting info...
<<<15:06:29:492898>>>  Tank #2 Red AI Tank Launch angle not within tolerances, adjusting firing solution...
<<<15:06:29:492898>>>  Tank #2 Red AI Tank Launch speed not within tolerances, adjusting firing solution...
<<<15:06:29:492898>>>  Tank #2 Red AI Tank adjusted targeting angle one unit CW...
<<<15:06:29:492898>>>  Tank #3 Yellow AI Tank moved one unit CW...
<<<15:06:29:509333>>>  Tank #2 Red AI Tank is checking targeting info...
<<<15:06:29:509333>>>  Tank #2 Red AI Tank Launch angle not within tolerances, adjusting firing solution...
<<<15:06:29:509333>>>  Tank #2 Red AI Tank Launch speed not within tolerances, adjusting firing solution...
<<<15:06:29:509333>>>  Tank #2 Red AI Tank adjusted targeting angle one unit CW...
<<<15:06:29:509333>>>  Tank #3 Yellow AI Tank moved one unit CW...
<<<15:06:29:525502>>>  Tank #2 Red AI Tank is checking targeting info...
<<<15:06:29:525502>>>  Tank #2 Red AI Tank Launch angle not within tolerances, adjusting firing solution...
<<<15:06:29:525502>>>  Tank #2 Red AI Tank Launch speed not within tolerances, adjusting firing solution...
<<<15:06:29:525502>>>  Tank #2 Red AI Tank adjusted targeting angle one unit CW...
<<<15:06:29:525502>>>  Tank #3 Yellow AI Tank moved one unit CW...
<<<15:06:29:541758>>>  Successfully removed spellready icon from Tank #1 Green Player Tank's effect list!
<<<15:06:29:541758>>>  Tank #2 Red AI Tank is checking targeting info...
<<<15:06:29:541758>>>  Tank #2 Red AI Tank Launch angle not within tolerances, adjusting firing solution...
<<<15:06:29:541758>>>  Tank #2 Red AI Tank Launch speed not within tolerances, adjusting firing solution...
<<<15:06:29:541758>>>  Tank #2 Red AI Tank adjusted targeting angle one unit CW...
<<<15:06:29:541758>>>  Tank #3 Yellow AI Tank moved one unit CW...
<<<15:06:29:557226>>>  Tank #2 Red AI Tank is checking targeting info...
<<<15:06:29:557226>>>  Tank #2 Red AI Tank Launch angle not within tolerances, adjusting firing solution...
<<<15:06:29:557226>>>  Tank #2 Red AI Tank Launch speed not within tolerances, adjusting firing solution...
<<<15:06:29:557226>>>  Tank #2 Red AI Tank adjusted targeting angle one unit CW...
<<<15:06:29:557226>>>  Tank #3 Yellow AI Tank moved one unit CW...
<<<15:06:29:573243>>>  Tank #2 Red AI Tank is checking targeting info...
<<<15:06:29:573243>>>  Tank #2 Red AI Tank Launch angle not within tolerances, adjusting firing solution...
<<<15:06:29:573243>>>  Tank #2 Red AI Tank Launch speed not within tolerances, adjusting firing solution...
<<<15:06:29:573243>>>  Tank #2 Red AI Tank adjusted targeting angle one unit CW...
<<<15:06:29:573243>>>  Tank #3 Yellow AI Tank moved one unit CW...
<<<15:06:29:589072>>>  Tank #2 Red AI Tank is checking targeting info...
<<<15:06:29:589072>>>  Tank #2 Red AI Tank Launch angle not within tolerances, adjusting firing solution...
<<<15:06:29:589072>>>  Tank #2 Red AI Tank Launch speed not within tolerances, adjusting firing solution...
<<<15:06:29:589072>>>  Tank #2 Red AI Tank adjusted targeting angle one unit CW...
<<<15:06:29:589072>>>  Tank #3 Yellow AI Tank moved one unit CW...
<<<15:06:29:605752>>>  Tank #2 Red AI Tank is checking targeting info...
<<<15:06:29:605752>>>  Tank #2 Red AI Tank Launch angle not within tolerances, adjusting firing solution...
<<<15:06:29:605752>>>  Tank #2 Red AI Tank Launch speed not within tolerances, adjusting firing solution...
<<<15:06:29:605752>>>  Tank #2 Red AI Tank adjusted targeting angle one unit CW...
<<<15:06:29:605752>>>  Tank #3 Yellow AI Tank moved one unit CW...
<<<15:06:29:622260>>>  Tank #2 Red AI Tank is checking targeting info...
<<<15:06:29:622260>>>  Tank #2 Red AI Tank Launch angle not within tolerances, adjusting firing solution...
<<<15:06:29:622260>>>  Tank #2 Red AI Tank Launch speed not within tolerances, adjusting firing solution...
<<<15:06:29:622260>>>  Tank #2 Red AI Tank adjusted targeting angle one unit CW...
<<<15:06:29:622260>>>  Tank #3 Yellow AI Tank moved one unit CW...
<<<15:06:29:638369>>>  Tank #2 Red AI Tank is checking targeting info...
<<<15:06:29:638641>>>  Tank #2 Red AI Tank Launch angle not within tolerances, adjusting firing solution...
<<<15:06:29:638641>>>  Tank #2 Red AI Tank Launch speed not within tolerances, adjusting firing solution...
<<<15:06:29:638641>>>  Tank #2 Red AI Tank adjusted targeting angle one unit CW...
<<<15:06:29:638641>>>  Tank #3 Yellow AI Tank moved one unit CW...
<<<15:06:29:653912>>>  Tank #2 Red AI Tank is checking targeting info...
<<<15:06:29:653912>>>  Tank #2 Red AI Tank Launch angle not within tolerances, adjusting firing solution...
<<<15:06:29:653912>>>  Tank #2 Red AI Tank Launch speed not within tolerances, adjusting firing solution...
<<<15:06:29:653912>>>  Tank #2 Red AI Tank adjusted targeting angle one unit CW...
<<<15:06:29:653912>>>  Tank #3 Yellow AI Tank moved one unit CW...
<<<15:06:29:670575>>>  Tank #2 Red AI Tank is checking targeting info...
<<<15:06:29:670575>>>  Tank #2 Red AI Tank Launch angle not within tolerances, adjusting firing solution...
<<<15:06:29:670575>>>  Tank #2 Red AI Tank Launch speed not within tolerances, adjusting firing solution...
<<<15:06:29:670575>>>  Tank #2 Red AI Tank adjusted targeting angle one unit CW...
<<<15:06:29:670575>>>  Tank #3 Yellow AI Tank moved one unit CW...
<<<15:06:29:687326>>>  Tank #2 Red AI Tank is checking targeting info...
<<<15:06:29:687326>>>  Tank #2 Red AI Tank Launch angle not within tolerances, adjusting firing solution...
<<<15:06:29:687326>>>  Tank #2 Red AI Tank Launch speed not within tolerances, adjusting firing solution...
<<<15:06:29:687326>>>  Tank #2 Red AI Tank adjusted targeting angle one unit CW...
<<<15:06:29:687326>>>  Tank #3 Yellow AI Tank moved one unit CW...
<<<15:06:29:704165>>>  Tank #2 Red AI Tank is checking targeting info...
<<<15:06:29:704165>>>  Tank #2 Red AI Tank Launch angle not within tolerances, adjusting firing solution...
<<<15:06:29:704165>>>  Tank #2 Red AI Tank Launch speed not within tolerances, adjusting firing solution...
<<<15:06:29:704165>>>  Tank #2 Red AI Tank adjusted targeting angle one unit CW...
<<<15:06:29:704165>>>  Tank #3 Yellow AI Tank moved one unit CW...
<<<15:06:29:721049>>>  Tank #2 Red AI Tank is checking targeting info...
<<<15:06:29:721049>>>  Tank #2 Red AI Tank Launch angle not within tolerances, adjusting firing solution...
<<<15:06:29:721049>>>  Tank #2 Red AI Tank Launch speed not within tolerances, adjusting firing solution...
<<<15:06:29:721049>>>  Tank #2 Red AI Tank adjusted targeting angle one unit CW...
<<<15:06:29:721049>>>  Tank #3 Yellow AI Tank moved one unit CW...
<<<15:06:29:737735>>>  Tank #2 Red AI Tank is checking targeting info...
<<<15:06:29:737735>>>  Tank #2 Red AI Tank Launch angle not within tolerances, adjusting firing solution...
<<<15:06:29:737735>>>  Tank #2 Red AI Tank Launch speed not within tolerances, adjusting firing solution...
<<<15:06:29:737735>>>  Tank #2 Red AI Tank adjusted targeting angle one unit CW...
<<<15:06:29:754853>>>  Tank #2 Red AI Tank is checking targeting info...
<<<15:06:29:754853>>>  Tank #2 Red AI Tank Launch angle not within tolerances, adjusting firing solution...
<<<15:06:29:754853>>>  Tank #2 Red AI Tank Launch speed not within tolerances, adjusting firing solution...
<<<15:06:29:754853>>>  Tank #2 Red AI Tank adjusted targeting angle one unit CW...
<<<15:06:29:754853>>>  Tank #3 Yellow AI Tank chose to move to 5.2624, cururently at 4.7647.
<<<15:06:29:755905>>>  Tank #3 Yellow AI Tank moved one unit CCW...
<<<15:06:29:755905>>>  Tank #3 Yellow AI Tank chose to move...
<<<15:06:29:771743>>>  Tank #2 Red AI Tank is checking targeting info...
<<<15:06:29:771743>>>  Tank #2 Red AI Tank Launch angle not within tolerances, adjusting firing solution...
<<<15:06:29:771743>>>  Tank #2 Red AI Tank Launch speed not within tolerances, adjusting firing solution...
<<<15:06:29:771743>>>  Tank #2 Red AI Tank adjusted targeting angle one unit CW...
<<<15:06:29:771743>>>  Tank #3 Yellow AI Tank moved one unit CCW...
<<<15:06:29:788358>>>  Tank #2 Red AI Tank is checking targeting info...
<<<15:06:29:788358>>>  Tank #2 Red AI Tank Launch angle not within tolerances, adjusting firing solution...
<<<15:06:29:788358>>>  Tank #2 Red AI Tank Launch speed not within tolerances, adjusting firing solution...
<<<15:06:29:788358>>>  Tank #2 Red AI Tank adjusted targeting angle one unit CW...
<<<15:06:29:788358>>>  Tank #3 Yellow AI Tank moved one unit CCW...
<<<15:06:29:804681>>>  Tank #2 Red AI Tank is checking targeting info...
<<<15:06:29:804681>>>  Tank #2 Red AI Tank Launch angle not within tolerances, adjusting firing solution...
<<<15:06:29:804681>>>  Tank #2 Red AI Tank Launch speed not within tolerances, adjusting firing solution...
<<<15:06:29:804681>>>  Tank #2 Red AI Tank adjusted targeting angle one unit CW...
<<<15:06:29:804681>>>  Tank #3 Yellow AI Tank moved one unit CCW...
<<<15:06:29:821035>>>  Tank #2 Red AI Tank is checking targeting info...
<<<15:06:29:821035>>>  Tank #2 Red AI Tank Launch angle not within tolerances, adjusting firing solution...
<<<15:06:29:821035>>>  Tank #2 Red AI Tank Launch speed not within tolerances, adjusting firing solution...
<<<15:06:29:821035>>>  Tank #2 Red AI Tank adjusted targeting angle one unit CW...
<<<15:06:29:821035>>>  Tank #3 Yellow AI Tank moved one unit CCW...
<<<15:06:29:837724>>>  Tank #2 Red AI Tank is checking targeting info...
<<<15:06:29:837724>>>  Tank #2 Red AI Tank Launch angle not within tolerances, adjusting firing solution...
<<<15:06:29:837724>>>  Tank #2 Red AI Tank Launch speed not within tolerances, adjusting firing solution...
<<<15:06:29:837724>>>  Tank #2 Red AI Tank adjusted targeting angle one unit CW...
<<<15:06:29:837724>>>  Tank #3 Yellow AI Tank moved one unit CCW...
<<<15:06:29:854686>>>  Tank #2 Red AI Tank is checking targeting info...
<<<15:06:29:854686>>>  Tank #2 Red AI Tank Launch angle not within tolerances, adjusting firing solution...
<<<15:06:29:854686>>>  Tank #2 Red AI Tank Launch speed not within tolerances, adjusting firing solution...
<<<15:06:29:854686>>>  Tank #2 Red AI Tank adjusted targeting angle one unit CW...
<<<15:06:29:854686>>>  Tank #3 Yellow AI Tank moved one unit CCW...
<<<15:06:29:872596>>>  Tank #2 Red AI Tank is checking targeting info...
<<<15:06:29:872596>>>  Tank #2 Red AI Tank Launch angle not within tolerances, adjusting firing solution...
<<<15:06:29:872596>>>  Tank #2 Red AI Tank Launch speed not within tolerances, adjusting firing solution...
<<<15:06:29:872596>>>  Tank #2 Red AI Tank adjusted targeting angle one unit CW...
<<<15:06:29:872596>>>  Tank #3 Yellow AI Tank moved one unit CCW...
<<<15:06:29:889578>>>  Tank #2 Red AI Tank is checking targeting info...
<<<15:06:29:889578>>>  Tank #2 Red AI Tank Launch angle not within tolerances, adjusting firing solution...
<<<15:06:29:889578>>>  Tank #2 Red AI Tank Launch speed not within tolerances, adjusting firing solution...
<<<15:06:29:889578>>>  Tank #2 Red AI Tank adjusted targeting angle one unit CW...
<<<15:06:29:889578>>>  Tank #3 Yellow AI Tank moved one unit CCW...
<<<15:06:29:907252>>>  Tank #2 Red AI Tank is checking targeting info...
<<<15:06:29:907252>>>  Tank #2 Red AI Tank Launch angle not within tolerances, adjusting firing solution...
<<<15:06:29:907252>>>  Tank #2 Red AI Tank Launch speed not within tolerances, adjusting firing solution...
<<<15:06:29:908260>>>  Tank #2 Red AI Tank adjusted targeting angle one unit CW...
<<<15:06:29:908260>>>  Tank #3 Yellow AI Tank moved one unit CCW...
<<<15:06:29:923827>>>  Tank #2 Red AI Tank is checking targeting info...
<<<15:06:29:923827>>>  Tank #2 Red AI Tank Launch angle not within tolerances, adjusting firing solution...
<<<15:06:29:923827>>>  Tank #2 Red AI Tank Launch speed not within tolerances, adjusting firing solution...
<<<15:06:29:923827>>>  Tank #2 Red AI Tank adjusted targeting angle one unit CW...
<<<15:06:29:923827>>>  Tank #3 Yellow AI Tank moved one unit CCW...
<<<15:06:29:940524>>>  Tank #2 Red AI Tank is checking targeting info...
<<<15:06:29:940524>>>  Tank #2 Red AI Tank Launch angle not within tolerances, adjusting firing solution...
<<<15:06:29:940524>>>  Tank #2 Red AI Tank Launch speed not within tolerances, adjusting firing solution...
<<<15:06:29:940524>>>  Tank #2 Red AI Tank adjusted targeting angle one unit CW...
<<<15:06:29:940524>>>  Tank #3 Yellow AI Tank moved one unit CCW...
<<<15:06:29:957043>>>  Tank #2 Red AI Tank is checking targeting info...
<<<15:06:29:957043>>>  Tank #2 Red AI Tank Launch angle not within tolerances, adjusting firing solution...
<<<15:06:29:957043>>>  Tank #2 Red AI Tank Launch speed not within tolerances, adjusting firing solution...
<<<15:06:29:957043>>>  Tank #2 Red AI Tank adjusted targeting angle one unit CW...
<<<15:06:29:957043>>>  Tank #3 Yellow AI Tank moved one unit CCW...
<<<15:06:29:973245>>>  Tank #2 Red AI Tank is checking targeting info...
<<<15:06:29:973245>>>  Tank #2 Red AI Tank Launch angle not within tolerances, adjusting firing solution...
<<<15:06:29:973245>>>  Tank #2 Red AI Tank Launch speed not within tolerances, adjusting firing solution...
<<<15:06:29:973245>>>  Tank #2 Red AI Tank adjusted targeting angle one unit CW...
<<<15:06:29:973245>>>  Tank #3 Yellow AI Tank moved one unit CCW...
<<<15:06:29:989401>>>  Tank #2 Red AI Tank is checking targeting info...
<<<15:06:29:989401>>>  Tank #2 Red AI Tank Launch angle not within tolerances, adjusting firing solution...
<<<15:06:29:989401>>>  Tank #2 Red AI Tank Launch speed not within tolerances, adjusting firing solution...
<<<15:06:29:989401>>>  Tank #2 Red AI Tank adjusted targeting angle one unit CW...
<<<15:06:29:989401>>>  Tank #3 Yellow AI Tank moved one unit CCW...
<<<15:06:30:005393>>>  Tank #2 Red AI Tank is checking targeting info...
<<<15:06:30:005393>>>  Tank #2 Red AI Tank Launch angle not within tolerances, adjusting firing solution...
<<<15:06:30:005393>>>  Tank #2 Red AI Tank Launch speed not within tolerances, adjusting firing solution...
<<<15:06:30:005393>>>  Tank #2 Red AI Tank adjusted targeting angle one unit CW...
<<<15:06:30:005393>>>  Tank #3 Yellow AI Tank moved one unit CCW...
<<<15:06:30:021635>>>  Tank #2 Red AI Tank is checking targeting info...
<<<15:06:30:021635>>>  Tank #2 Red AI Tank Launch angle not within tolerances, adjusting firing solution...
<<<15:06:30:021635>>>  Tank #2 Red AI Tank Launch speed not within tolerances, adjusting firing solution...
<<<15:06:30:021635>>>  Tank #2 Red AI Tank adjusted targeting angle one unit CW...
<<<15:06:30:021635>>>  Tank #3 Yellow AI Tank moved one unit CCW...
<<<15:06:30:038413>>>  Tank #2 Red AI Tank is checking targeting info...
<<<15:06:30:038413>>>  Tank #2 Red AI Tank Launch angle not within tolerances, adjusting firing solution...
<<<15:06:30:038413>>>  Tank #2 Red AI Tank Launch speed not within tolerances, adjusting firing solution...
<<<15:06:30:038413>>>  Tank #2 Red AI Tank adjusted targeting angle one unit CW...
<<<15:06:30:038413>>>  Tank #3 Yellow AI Tank moved one unit CCW...
<<<15:06:30:053905>>>  Tank #2 Red AI Tank is checking targeting info...
<<<15:06:30:053905>>>  Tank #2 Red AI Tank Launch angle not within tolerances, adjusting firing solution...
<<<15:06:30:053905>>>  Tank #2 Red AI Tank Launch speed not within tolerances, adjusting firing solution...
<<<15:06:30:053905>>>  Tank #2 Red AI Tank adjusted targeting angle one unit CW...
<<<15:06:30:053905>>>  Tank #3 Yellow AI Tank moved one unit CCW...
<<<15:06:30:070700>>>  Tank #2 Red AI Tank is checking targeting info...
<<<15:06:30:070700>>>  Tank #2 Red AI Tank increased launch speed one unit...
<<<15:06:30:070700>>>  Tank #3 Yellow AI Tank moved one unit CCW...
<<<15:06:30:087191>>>  Tank #2 Red AI Tank is checking targeting info...
<<<15:06:30:087191>>>  Tank #2 Red AI Tank increased launch speed one unit...
<<<15:06:30:087191>>>  Tank #3 Yellow AI Tank moved one unit CCW...
<<<15:06:30:104059>>>  Tank #2 Red AI Tank is checking targeting info...
<<<15:06:30:104059>>>  Tank #2 Red AI Tank increased launch speed one unit...
<<<15:06:30:104059>>>  Tank #3 Yellow AI Tank moved one unit CCW...
<<<15:06:30:120730>>>  Tank #2 Red AI Tank is checking targeting info...
<<<15:06:30:120730>>>  Tank #2 Red AI Tank increased launch speed one unit...
<<<15:06:30:120730>>>  Tank #3 Yellow AI Tank moved one unit CCW...
<<<15:06:30:138935>>>  Tank #2 Red AI Tank is checking targeting info...
<<<15:06:30:138935>>>  Tank #2 Red AI Tank increased launch speed one unit...
<<<15:06:30:138935>>>  Tank #3 Yellow AI Tank moved one unit CCW...
<<<15:06:30:154206>>>  Tank #2 Red AI Tank is checking targeting info...
<<<15:06:30:154206>>>  Tank #2 Red AI Tank increased launch speed one unit...
<<<15:06:30:154206>>>  Tank #3 Yellow AI Tank moved one unit CCW...
<<<15:06:30:171401>>>  Tank #2 Red AI Tank is checking targeting info...
<<<15:06:30:171401>>>  Tank #2 Red AI Tank increased launch speed one unit...
<<<15:06:30:171401>>>  Tank #3 Yellow AI Tank moved one unit CCW...
<<<15:06:30:187639>>>  Tank #2 Red AI Tank is checking targeting info...
<<<15:06:30:187639>>>  Tank #2 Red AI Tank increased launch speed one unit...
<<<15:06:30:188636>>>  Tank #3 Yellow AI Tank moved one unit CCW...
<<<15:06:30:204420>>>  Tank #2 Red AI Tank is checking targeting info...
<<<15:06:30:204420>>>  Tank #2 Red AI Tank increased launch speed one unit...
<<<15:06:30:204420>>>  Tank #3 Yellow AI Tank moved one unit CCW...
<<<15:06:30:220641>>>  Tank #2 Red AI Tank is checking targeting info...
<<<15:06:30:220641>>>  Tank #2 Red AI Tank increased launch speed one unit...
<<<15:06:30:238184>>>  Tank #2 Red AI Tank is checking targeting info...
<<<15:06:30:238184>>>  Tank #2 Red AI Tank increased launch speed one unit...
<<<15:06:30:239194>>>  Successfully removed spellready icon from Tank #3 Yellow AI Tank's effect list!
<<<15:06:30:547731>>>  Successfully removed spellbook from Tank #1 Green Player Tank's effect list!
<<<15:06:30:547731>>>  Successfully removed spellready icon from Tank #1 Green Player Tank's effect list!
<<<15:06:30:547731>>>  Deleting effect pixie portal-closing...
<<<15:06:32:191313>>>
* INFORMATION FOR Tank #1 Green Player Tank's CANNONBALLS:
* Cannonballs in memory for Tank #1 Green Player Tank:  0.
* Total cannonballs fired or chambered for Tank #1 Green Player Tank:  0.
<<<15:06:32:191313>>>
* INFORMATION FOR Tank #2 Red AI Tank's CANNONBALLS:
* Cannonballs in memory for Tank #2 Red AI Tank:  1.
* Total cannonballs fired or chambered for Tank #2 Red AI Tank:  1.
<<<15:06:32:191313>>>
* CURRENT VALUES FOR CELESTIAL BODY:  Tank #2 Red AI Tank's Cannonball #1
* This is not the homeworld.
* The celestial boyd's density is 5515 kg/m^3.
* The celestial body's mass is 1000 kg.
* The Earth's mass is 5.972e+24 kg.
* The celestial body's radius is 0.001 km.
* The celestial body's coordinates are (-3485.874289921339, -5280.75325537243).
* The celestial body's velocity is (-3.0463367979947877, -4.701264753160945).
* The celestial body's speed is 5.601969132914834 km/s.
* The celestial body's acceleration is (0, 0).
* The celestial body's screen x and y coordinates are (750, 524).
* The celestial body's screen radius is 2.
* The celestial is using a body circle.
<<<15:06:32:191313>>>
* ADDITIONAL INFORMATION FOR Tank #2 Red AI Tank's Cannonball #1:
* This cannonball is chambered.
<<<15:06:32:191313>>>
* INFORMATION FOR Tank #3 Yellow AI Tank's CANNONBALLS:
* Cannonballs in memory for Tank #3 Yellow AI Tank:  0.
* Total cannonballs fired or chambered for Tank #3 Yellow AI Tank:  0.
<<<15:06:32:191313>>>  Quit through pygame and writing log file...
