<<<15:43:00:444694>>>  Pix\Homeworlds\Ice\2.png loaded as pixie for Earth and scaled to body circle...
<<<15:43:00:444694>>>  Image at Pix\Homeworlds\Ice\2.png chosen as homeworld pix for Earth's...
<<<15:43:00:445479>>>  Pix\Moons\5.png loaded as pixie for Moon #2 and scaled to body circle...
<<<15:43:00:476215>>>  Tank #1 Green Player Tank successfully created!
<<<15:43:00:506636>>>  Tank #2 Red AI Tank successfully created!
<<<15:43:00:538822>>>  Tank #3 Yellow AI Tank successfully created!
<<<15:43:00:542910>>>
* *** Tank #2 Red AI Tank USING CLEAR SKIES FUNCTION ***
* Moon #2 at (-12738.54474873417, 290.270788070892), angle 3.118809787139809 rads.
* Tank #2 Red AI Tank at (-5517.44784751066, -3185.499999999998), angle 3.665191429188092.
* Angle Between is 0.5463816420482828 rads.
* The skies are NOT clear, Tank #2 Red AI Tank shouldn't use Gravity...
<<<15:43:00:542910>>>  Tank #3 Yellow AI Tank chose to shoot...
<<<15:43:00:669736>>>
* *** Tank #2 Red AI Tank USING CLEAR SKIES FUNCTION ***
* Moon #2 at (-12738.411980350682, -113.75579124454126), angle -3.132662751836283 rads.
* Tank #2 Red AI Tank at (-5517.44784751066, -3185.499999999998), angle 3.665191429188092.
* Angle Between is 0.5146688738447889 rads.
* The skies are NOT clear, Tank #2 Red AI Tank shouldn't use Gravity...
<<<15:43:00:669736>>>  Tank #3 Yellow AI Tank is checking targeting info...
<<<15:43:00:669736>>>  Tank #3 Yellow AI Tank Launch angle not within tolerances, adjusting firing solution...
<<<15:43:00:669736>>>  Tank #3 Yellow AI Tank Launch speed not within tolerances, adjusting firing solution...
<<<15:43:00:669736>>>  Tank #3 Yellow AI Tank adjusted targeting angle one unit CCW...
<<<15:43:03:772502>>>
* *** Tank #2 Red AI Tank USING CLEAR SKIES FUNCTION ***
* Moon #2 at (-8168.596562676246, -8499.68704031998), angle -2.336333600435565 rads.
* Tank #2 Red AI Tank at (-5517.44784751066, -3185.499999999998), angle 3.665191429188092.
* Angle Between is 0.28166027755592893 rads.
* The skies are NOT clear, Tank #2 Red AI Tank shouldn't use Gravity...
<<<15:43:03:772502>>>  Tank #3 Yellow AI Tank is checking targeting info...
<<<15:43:03:772502>>>  Tank #3 Yellow AI Tank Launch angle not within tolerances, adjusting firing solution...
<<<15:43:03:772502>>>  Tank #3 Yellow AI Tank Launch speed not within tolerances, adjusting firing solution...
<<<15:43:03:772502>>>  Tank #3 Yellow AI Tank adjusted targeting angle one unit CCW...
<<<15:43:03:854434>>>  Deleting effect pixie Tank #3 Yellow AI Tank thawing...
<<<15:43:03:902345>>>
* *** Tank #2 Red AI Tank USING CLEAR SKIES FUNCTION ***
* Moon #2 at (-7796.807015508095, -8742.84390404222), angle -2.29905862794949 rads.
* Tank #2 Red AI Tank at (-5517.44784751066, -3185.499999999998), angle 3.665191429188092.
* Angle Between is 0.3189352500420046 rads.
* The skies are NOT clear, Tank #2 Red AI Tank shouldn't use Gravity...
<<<15:43:03:902345>>>  Tank #3 Yellow AI Tank is checking targeting info...
<<<15:43:03:902345>>>  Tank #3 Yellow AI Tank Launch angle not within tolerances, adjusting firing solution...
<<<15:43:03:902345>>>  Tank #3 Yellow AI Tank Launch speed not within tolerances, adjusting firing solution...
<<<15:43:03:902345>>>  Tank #3 Yellow AI Tank adjusted targeting angle one unit CCW...
<<<15:43:04:033966>>>  Tank #2 Red AI Tank chose to move to 3.0091, cururently at 3.6652.
<<<15:43:04:033966>>>  Tank #2 Red AI Tank moved one unit CW...
<<<15:43:04:033966>>>  Tank #2 Red AI Tank chose to move...
<<<15:43:04:033966>>>  Tank #3 Yellow AI Tank is checking targeting info...
<<<15:43:04:033966>>>  Tank #3 Yellow AI Tank Launch angle not within tolerances, adjusting firing solution...
<<<15:43:04:033966>>>  Tank #3 Yellow AI Tank Launch speed not within tolerances, adjusting firing solution...
<<<15:43:04:033966>>>  Tank #3 Yellow AI Tank adjusted targeting angle one unit CCW...
<<<15:43:04:164330>>>  Tank #2 Red AI Tank moved one unit CW...
<<<15:43:04:164330>>>  Tank #3 Yellow AI Tank is checking targeting info...
<<<15:43:04:164330>>>  Tank #3 Yellow AI Tank Launch angle not within tolerances, adjusting firing solution...
<<<15:43:04:164330>>>  Tank #3 Yellow AI Tank Launch speed not within tolerances, adjusting firing solution...
<<<15:43:04:164330>>>  Tank #3 Yellow AI Tank adjusted targeting angle one unit CCW...
<<<15:43:04:295955>>>  Tank #2 Red AI Tank moved one unit CW...
<<<15:43:04:295955>>>  Tank #3 Yellow AI Tank is checking targeting info...
<<<15:43:04:295955>>>  Tank #3 Yellow AI Tank Launch angle not within tolerances, adjusting firing solution...
<<<15:43:04:295955>>>  Tank #3 Yellow AI Tank Launch speed not within tolerances, adjusting firing solution...
<<<15:43:04:295955>>>  Tank #3 Yellow AI Tank adjusted targeting angle one unit CCW...
<<<15:43:04:424646>>>  Deleting effect pixie Tank #2 Red AI Tank thawing...
<<<15:43:04:424646>>>  Tank #2 Red AI Tank moved one unit CW...
<<<15:43:04:424646>>>  Tank #3 Yellow AI Tank is checking targeting info...
<<<15:43:04:424646>>>  Tank #3 Yellow AI Tank Launch angle not within tolerances, adjusting firing solution...
<<<15:43:04:424646>>>  Tank #3 Yellow AI Tank Launch speed not within tolerances, adjusting firing solution...
<<<15:43:04:424646>>>  Tank #3 Yellow AI Tank adjusted targeting angle one unit CCW...
<<<15:43:04:556141>>>  Tank #2 Red AI Tank moved one unit CW...
<<<15:43:04:556141>>>  Tank #3 Yellow AI Tank is checking targeting info...
<<<15:43:04:556141>>>  Tank #3 Yellow AI Tank Launch angle not within tolerances, adjusting firing solution...
<<<15:43:04:556141>>>  Tank #3 Yellow AI Tank Launch speed not within tolerances, adjusting firing solution...
<<<15:43:04:556141>>>  Tank #3 Yellow AI Tank adjusted targeting angle one unit CCW...
<<<15:43:04:688378>>>  Tank #2 Red AI Tank moved one unit CW...
<<<15:43:04:688378>>>  Tank #3 Yellow AI Tank is checking targeting info...
<<<15:43:04:688378>>>  Tank #3 Yellow AI Tank Launch angle not within tolerances, adjusting firing solution...
<<<15:43:04:688378>>>  Tank #3 Yellow AI Tank Launch speed not within tolerances, adjusting firing solution...
<<<15:43:04:688378>>>  Tank #3 Yellow AI Tank adjusted targeting angle one unit CCW...
<<<15:43:04:819040>>>  Tank #2 Red AI Tank moved one unit CW...
<<<15:43:04:819040>>>  Tank #3 Yellow AI Tank is checking targeting info...
<<<15:43:04:819040>>>  Tank #3 Yellow AI Tank Launch angle not within tolerances, adjusting firing solution...
<<<15:43:04:819040>>>  Tank #3 Yellow AI Tank Launch speed not within tolerances, adjusting firing solution...
<<<15:43:04:819040>>>  Tank #3 Yellow AI Tank adjusted targeting angle one unit CCW...
<<<15:43:04:952281>>>  Tank #2 Red AI Tank moved one unit CW...
<<<15:43:04:952281>>>  Tank #3 Yellow AI Tank is checking targeting info...
<<<15:43:04:952281>>>  Tank #3 Yellow AI Tank Launch angle not within tolerances, adjusting firing solution...
<<<15:43:04:952281>>>  Tank #3 Yellow AI Tank Launch speed not within tolerances, adjusting firing solution...
<<<15:43:04:952281>>>  Tank #3 Yellow AI Tank adjusted targeting angle one unit CCW...
<<<15:43:05:083604>>>  Tank #2 Red AI Tank moved one unit CW...
<<<15:43:05:083604>>>  Tank #3 Yellow AI Tank is checking targeting info...
<<<15:43:05:083604>>>  Tank #3 Yellow AI Tank Launch angle not within tolerances, adjusting firing solution...
<<<15:43:05:083604>>>  Tank #3 Yellow AI Tank Launch speed not within tolerances, adjusting firing solution...
<<<15:43:05:083604>>>  Tank #3 Yellow AI Tank adjusted targeting angle one unit CCW...
<<<15:43:05:214146>>>  Tank #2 Red AI Tank moved one unit CW...
<<<15:43:05:214146>>>  Tank #3 Yellow AI Tank is checking targeting info...
<<<15:43:05:214146>>>  Tank #3 Yellow AI Tank Launch angle not within tolerances, adjusting firing solution...
<<<15:43:05:214146>>>  Tank #3 Yellow AI Tank Launch speed not within tolerances, adjusting firing solution...
<<<15:43:05:214146>>>  Tank #3 Yellow AI Tank adjusted targeting angle one unit CCW...
<<<15:43:05:342081>>>  Tank #2 Red AI Tank moved one unit CW...
<<<15:43:05:342081>>>  Tank #3 Yellow AI Tank is checking targeting info...
<<<15:43:05:342081>>>  Tank #3 Yellow AI Tank Launch angle not within tolerances, adjusting firing solution...
<<<15:43:05:342081>>>  Tank #3 Yellow AI Tank Launch speed not within tolerances, adjusting firing solution...
<<<15:43:05:342081>>>  Tank #3 Yellow AI Tank adjusted targeting angle one unit CCW...
<<<15:43:05:440565>>>
* INFORMATION FOR Tank #1 Green Player Tank's CANNONBALLS:
* Cannonballs in memory for Tank #1 Green Player Tank:  0.
* Total cannonballs fired or chambered for Tank #1 Green Player Tank:  0.
<<<15:43:05:440565>>>
* INFORMATION FOR Tank #2 Red AI Tank's CANNONBALLS:
* Cannonballs in memory for Tank #2 Red AI Tank:  0.
* Total cannonballs fired or chambered for Tank #2 Red AI Tank:  0.
<<<15:43:05:440565>>>
* INFORMATION FOR Tank #3 Yellow AI Tank's CANNONBALLS:
* Cannonballs in memory for Tank #3 Yellow AI Tank:  1.
* Total cannonballs fired or chambered for Tank #3 Yellow AI Tank:  1.
<<<15:43:05:440565>>>
* CURRENT VALUES FOR CELESTIAL BODY:  Tank #3 Yellow AI Tank's Cannonball #1
* This is not the homeworld.
* The celestial boyd's density is 5515 kg/m^3.
* The celestial body's mass is 1000 kg.
* The Earth's mass is 5.972e+24 kg.
* The celestial body's radius is 0.001 km.
* The celestial body's coordinates are (5645.11293543569, -3131.1077223183493).
* The celestial body's velocity is (4.844025119828127, -2.796865127221415).
* The celestial body's speed is 5.593481375797471 km/s.
* The celestial body's acceleration is (0, 0).
* The celestial body's screen x and y coordinates are (879, 494).
* The celestial body's screen radius is 2.
* The celestial is using a body circle.
<<<15:43:05:440565>>>
* ADDITIONAL INFORMATION FOR Tank #3 Yellow AI Tank's Cannonball #1:
* This cannonball is chambered.
<<<15:43:05:440565>>>  Quit through pygame and writing log file...
