<<<16:47:48:217113>>>  Pix\Homeworlds\Tech\5.png loaded as pixie for Earth...
<<<16:47:48:217113>>>  Image at Pix\Homeworlds\Tech\5.png chosen as homeworld pix for Earth's...
<<<16:47:48:217113>>>  Pix\Moons\7.png loaded as pixie for Moon #2...
<<<16:47:48:294962>>>  Pix\Snails\Green_Snail\Spells\Spellready_Icon\spellready.png returned as pixie for Snail #1 Green Player...
<<<16:47:48:295960>>>  Pix\Magic\Scroll\scroll.png returned as pixie for Snail #1 Green Player...
<<<16:47:48:295960>>>  Snail #1 Green Player successfully created!
<<<16:47:48:370402>>>  Pix\Snails\Red_Snail\Spells\Spellready_Icon\spellready.png returned as pixie for Snail #2 Red Player...
<<<16:47:48:371397>>>  Pix\Magic\Scroll\scroll.png returned as pixie for Snail #2 Red Player...
<<<16:47:48:371397>>>  Snail #2 Red Player successfully created!
<<<16:47:48:617330>>>  Snail #1 Green Player chambered cannonball...
<<<16:47:48:617330>>>
* CURRENT VALUES FOR CELESTIAL BODY:  Snail #1 Green Player's Cannonball #1
* This is not the homeworld.
* The celestial boyd's density is 5515 kg/m^3.
* The celestial body's mass is 1000 kg.
* The Earth's mass is 5.972e+24 kg.
* The celestial body's radius is 0.001 km.
* The celestial body's coordinates are (3.9011123786838936e-13, 6371.0).
* The celestial body's velocity is (-0.000832012253399013, 5.591771045091677).
* The celestial body's speed is 5.591771106990168 km/s.
* The celestial body's acceleration is (0, 0).
* The celestial body's screen x and y coordinates are (768, 345).
* The celestial body's screen radius is 2.
* The celestial is using a body circle.
<<<16:47:48:617330>>>
* ADDITIONAL INFORMATION FOR Snail #1 Green Player's Cannonball #1:
* This cannonball is chambered.
<<<16:47:55:035937>>>
* INFORMATION FOR Snail #1 Green Player's CANNONBALLS:
* Cannonballs in memory for Snail #1 Green Player:  1.
* Total cannonballs fired or chambered for Snail #1 Green Player:  1.
<<<16:47:55:035937>>>
* CURRENT VALUES FOR CELESTIAL BODY:  Snail #1 Green Player's Cannonball #1
* This is not the homeworld.
* The celestial boyd's density is 5515 kg/m^3.
* The celestial body's mass is 1000 kg.
* The Earth's mass is 5.972e+24 kg.
* The celestial body's radius is 0.001 km.
* The celestial body's coordinates are (8.084082700650905, 6473.935502532543).
* The celestial body's velocity is (-0.000832012253399013, 5.591771045091677).
* The celestial body's speed is 5.591771106990168 km/s.
* The celestial body's acceleration is (0, 0).
* The celestial body's screen x and y coordinates are (768, 344).
* The celestial body's screen radius is 2.
* The celestial is using a body circle.
<<<16:47:55:035937>>>
* ADDITIONAL INFORMATION FOR Snail #1 Green Player's Cannonball #1:
* This cannonball is chambered.
<<<16:47:55:035937>>>
* INFORMATION FOR Snail #2 Red Player's CANNONBALLS:
* Cannonballs in memory for Snail #2 Red Player:  0.
* Total cannonballs fired or chambered for Snail #2 Red Player:  0.
<<<16:47:55:035937>>>  Quit through pygame and writing log file...
