<<<14:18:27:935364>>>
* Screen coordinates (1498, 35) choosen in zone #3.
* Screen dimensions are 1600 wide by 900 high.
* Minimum (x, y) are (1333, 0).
* Maximum (x, y) are (1600, 150).
* Mid (x, y) are (1466, 75).
<<<14:18:27:935364>>>  Image at Pix\Faraway_Objects\Asteroids\5.png choosen for background...
<<<14:18:27:939297>>>  Pix\Homeworlds\Lava\10.png loaded as pixie for Earth...
<<<14:18:27:939297>>>  Image at Pix\Homeworlds\Lava\10.png chosen as homeworld pix for Earth's...
<<<14:18:27:940405>>>  Pix\Moons\7.png loaded as pixie for Moon #2...
<<<14:18:27:984452>>>  Pix\Snails\Green_Snail\Spells\Spellready_Icon\spellready.png returned as pixie for Tank #1 Green Player Tank...
<<<14:18:27:985450>>>  Tank #1 Green Player Tank successfully created!
<<<14:18:28:026860>>>  Pix\Snails\Red_Snail\Spells\Spellready_Icon\spellready.png returned as pixie for Tank #2 Red AI Tank...
<<<14:18:28:026860>>>  Tank #2 Red AI Tank successfully created!
<<<14:18:28:072069>>>  Pix\Snails\Yellow_Snail\Spells\Spellready_Icon\spellready.png returned as pixie for Tank #3 Yellow AI Tank...
<<<14:18:28:073075>>>  Tank #3 Yellow AI Tank successfully created!
<<<14:18:28:077673>>>  Tank #2 Red AI Tank chose to move to 4.5428, cururently at 3.6652.
<<<14:18:28:077673>>>  Tank #2 Red AI Tank moved one unit CCW...
<<<14:18:28:077673>>>  Tank #2 Red AI Tank chose to move...
<<<14:18:28:077673>>>
* *** Tank #3 Yellow AI Tank USING CLEAR SKIES FUNCTION ***
* Moon #2 at (6520.902894731692, -10946.807976912267), angle -1.0335520484392224 rads.
* Tank #3 Yellow AI Tank at (5517.447847510657, -3185.5000000000027), angle 5.759586531581287.
* Angle Between is 0.5099532728409235 rads.
* The skies are NOT clear, Tank #3 Yellow AI Tank shouldn't use Gravity...
<<<14:18:28:089675>>>  Tank #2 Red AI Tank moved one unit CCW...
<<<14:18:28:089675>>>
* *** Tank #3 Yellow AI Tank USING CLEAR SKIES FUNCTION ***
* Moon #2 at (6564.136720307704, -10920.708298226158), angle -1.0295886450227396 rads.
* Tank #3 Yellow AI Tank at (5517.447847510657, -3185.5000000000027), angle 5.759586531581287.
* Angle Between is 0.5059898694244405 rads.
* The skies are NOT clear, Tank #3 Yellow AI Tank shouldn't use Gravity...
<<<14:18:28:106319>>>  Tank #2 Red AI Tank moved one unit CCW...
<<<14:18:28:106319>>>  Tank #3 Yellow AI Tank chose to move to 0.0882, cururently at 5.7596.
<<<14:18:28:106319>>>  Tank #3 Yellow AI Tank moved one unit CCW...
<<<14:18:28:106319>>>  Tank #3 Yellow AI Tank chose to move...
<<<14:18:28:121819>>>  Tank #2 Red AI Tank moved one unit CCW...
<<<14:18:28:121819>>>  Tank #3 Yellow AI Tank moved one unit CCW...
<<<14:18:28:138625>>>  Tank #2 Red AI Tank moved one unit CCW...
<<<14:18:28:138625>>>  Tank #3 Yellow AI Tank moved one unit CCW...
<<<14:18:28:155460>>>  Tank #2 Red AI Tank moved one unit CCW...
<<<14:18:28:155460>>>  Tank #3 Yellow AI Tank moved one unit CCW...
<<<14:18:28:170828>>>  Tank #2 Red AI Tank moved one unit CCW...
<<<14:18:28:170828>>>  Tank #3 Yellow AI Tank moved one unit CCW...
<<<14:18:28:187530>>>  Tank #2 Red AI Tank moved one unit CCW...
<<<14:18:28:187530>>>  Tank #3 Yellow AI Tank moved one unit CCW...
<<<14:18:28:205359>>>  Tank #2 Red AI Tank moved one unit CCW...
<<<14:18:28:205359>>>  Tank #3 Yellow AI Tank moved one unit CCW...
<<<14:18:28:221313>>>  Tank #2 Red AI Tank moved one unit CCW...
<<<14:18:28:221313>>>  Tank #3 Yellow AI Tank moved one unit CCW...
<<<14:18:28:237128>>>  Tank #2 Red AI Tank moved one unit CCW...
<<<14:18:28:237128>>>  Tank #3 Yellow AI Tank moved one unit CCW...
<<<14:18:28:252644>>>  Tank #2 Red AI Tank moved one unit CCW...
<<<14:18:28:252644>>>  Tank #3 Yellow AI Tank moved one unit CCW...
<<<14:18:28:269058>>>  Tank #2 Red AI Tank moved one unit CCW...
<<<14:18:28:269058>>>  Tank #3 Yellow AI Tank moved one unit CCW...
<<<14:18:28:285380>>>  Tank #2 Red AI Tank moved one unit CCW...
<<<14:18:28:285380>>>  Tank #3 Yellow AI Tank moved one unit CCW...
<<<14:18:28:302278>>>  Tank #2 Red AI Tank moved one unit CCW...
<<<14:18:28:302278>>>  Tank #3 Yellow AI Tank moved one unit CCW...
<<<14:18:28:317788>>>  Tank #2 Red AI Tank moved one unit CCW...
<<<14:18:28:317788>>>  Tank #3 Yellow AI Tank moved one unit CCW...
<<<14:18:28:334138>>>  Tank #2 Red AI Tank moved one unit CCW...
<<<14:18:28:334138>>>  Tank #3 Yellow AI Tank moved one unit CCW...
<<<14:18:28:350152>>>  Tank #2 Red AI Tank moved one unit CCW...
<<<14:18:28:350152>>>  Tank #3 Yellow AI Tank moved one unit CCW...
<<<14:18:28:366389>>>  Tank #2 Red AI Tank moved one unit CCW...
<<<14:18:28:366389>>>  Tank #3 Yellow AI Tank moved one unit CCW...
<<<14:18:28:381822>>>  Tank #2 Red AI Tank moved one unit CCW...
<<<14:18:28:381822>>>  Tank #3 Yellow AI Tank moved one unit CCW...
<<<14:18:28:398196>>>  Tank #2 Red AI Tank moved one unit CCW...
<<<14:18:28:398196>>>  Tank #3 Yellow AI Tank moved one unit CCW...
<<<14:18:28:414365>>>  Tank #2 Red AI Tank moved one unit CCW...
<<<14:18:28:414365>>>  Tank #3 Yellow AI Tank moved one unit CCW...
<<<14:18:28:430814>>>  Tank #2 Red AI Tank moved one unit CCW...
<<<14:18:28:430814>>>  Tank #3 Yellow AI Tank moved one unit CCW...
<<<14:18:28:449605>>>  Successfully removed spellready icon from Tank #1 Green Player Tank's effect list!
<<<14:18:28:449605>>>  Tank #2 Red AI Tank moved one unit CCW...
<<<14:18:28:449605>>>  Tank #3 Yellow AI Tank moved one unit CCW...
<<<14:18:28:462946>>>  Tank #2 Red AI Tank moved one unit CCW...
<<<14:18:28:462946>>>  Tank #3 Yellow AI Tank moved one unit CCW...
<<<14:18:28:479232>>>  Tank #2 Red AI Tank moved one unit CCW...
<<<14:18:28:479232>>>  Tank #3 Yellow AI Tank moved one unit CCW...
<<<14:18:28:495187>>>  Tank #2 Red AI Tank moved one unit CCW...
<<<14:18:28:495187>>>  Tank #3 Yellow AI Tank moved one unit CCW...
<<<14:18:28:510756>>>  Tank #2 Red AI Tank moved one unit CCW...
<<<14:18:28:510756>>>  Tank #3 Yellow AI Tank moved one unit CCW...
<<<14:18:28:527037>>>  Tank #2 Red AI Tank moved one unit CCW...
<<<14:18:28:527037>>>  Tank #3 Yellow AI Tank moved one unit CCW...
<<<14:18:28:543148>>>  Tank #2 Red AI Tank moved one unit CCW...
<<<14:18:28:543148>>>  Tank #3 Yellow AI Tank moved one unit CCW...
<<<14:18:28:559067>>>  Tank #2 Red AI Tank moved one unit CCW...
<<<14:18:28:559067>>>  Tank #3 Yellow AI Tank moved one unit CCW...
<<<14:18:28:575127>>>  Tank #2 Red AI Tank moved one unit CCW...
<<<14:18:28:575127>>>  Tank #3 Yellow AI Tank moved one unit CCW...
<<<14:18:28:591357>>>  Tank #2 Red AI Tank moved one unit CCW...
<<<14:18:28:591357>>>  Tank #3 Yellow AI Tank moved one unit CCW...
<<<14:18:28:607279>>>  Tank #2 Red AI Tank moved one unit CCW...
<<<14:18:28:607279>>>  Tank #3 Yellow AI Tank moved one unit CCW...
<<<14:18:28:623253>>>  Tank #2 Red AI Tank moved one unit CCW...
<<<14:18:28:623253>>>  Tank #3 Yellow AI Tank moved one unit CCW...
<<<14:18:28:638959>>>  Tank #2 Red AI Tank moved one unit CCW...
<<<14:18:28:638959>>>  Tank #3 Yellow AI Tank moved one unit CCW...
<<<14:18:28:655109>>>  Tank #2 Red AI Tank moved one unit CCW...
<<<14:18:28:655109>>>  Tank #3 Yellow AI Tank moved one unit CCW...
<<<14:18:28:671560>>>  Tank #2 Red AI Tank moved one unit CCW...
<<<14:18:28:687678>>>  Tank #2 Red AI Tank moved one unit CCW...
<<<14:18:28:687678>>>  Successfully removed spellready icon from Tank #3 Yellow AI Tank's effect list!
<<<14:18:31:531498>>>
* INFORMATION FOR Tank #1 Green Player Tank's CANNONBALLS:
* Cannonballs in memory for Tank #1 Green Player Tank:  0.
* Total cannonballs fired or chambered for Tank #1 Green Player Tank:  0.
<<<14:18:31:531498>>>
* INFORMATION FOR Tank #2 Red AI Tank's CANNONBALLS:
* Cannonballs in memory for Tank #2 Red AI Tank:  0.
* Total cannonballs fired or chambered for Tank #2 Red AI Tank:  0.
<<<14:18:31:531498>>>
* INFORMATION FOR Tank #3 Yellow AI Tank's CANNONBALLS:
* Cannonballs in memory for Tank #3 Yellow AI Tank:  0.
* Total cannonballs fired or chambered for Tank #3 Yellow AI Tank:  0.
<<<14:18:31:531498>>>  Quit through pygame and writing log file...
