<<<12:19:03:089067>>>  Image at Pix\Faraway_Objects\Black_Holes\8.png choosen for background...
<<<12:19:03:089067>>>
* Screen coordinates (88, 148) choosen in zone #1.
* Screen dimensions are 1600 wide by 900 high.
* Minimum (x, y) are (0, 0).
* Maximum (x, y) are (266, 150).
* Mid (x, y) are (133, 75).
<<<12:19:03:089549>>>  Image at Pix\Faraway_Objects\Comets\6.png choosen for background...
<<<12:19:03:089549>>>
* Screen coordinates (1290, 770) choosen in zone #6.
* Screen dimensions are 1600 wide by 900 high.
* Minimum (x, y) are (266, 750).
* Maximum (x, y) are (1333, 900).
* Mid (x, y) are (799, 825).
<<<12:19:03:092627>>>  Pix\Homeworlds\Forest\1.png loaded as pixie for Earth and scaled to body circle...
<<<12:19:03:092627>>>  Image at Pix\Homeworlds\Forest\1.png choosen by Cosmos.pull_homeworld_pix for Earth...
<<<12:19:03:092627>>>  Forest homeworld choosen...
<<<12:19:03:092627>>>  Pix\Moons\1.png loaded as pixie for Moon #2 and scaled to body circle...
<<<12:19:03:126657>>>  Enemy Tank chose to move to 5.155, cururently at 4.7124.
<<<12:19:03:126657>>>  Enemy Tank not at target position, moving...
<<<12:19:03:126657>>>  ERROR:  Enemy Tank attempting to move with a chambered ball!
<<<12:19:03:145020>>>  Enemy Tank not at target position, moving...
<<<12:19:03:145020>>>  Enemy Tank moved one unit CCW...
<<<12:19:03:161048>>>  Enemy Tank not at target position, moving...
<<<12:19:03:161048>>>  Enemy Tank moved one unit CCW...
<<<12:19:03:176941>>>  Enemy Tank not at target position, moving...
<<<12:19:03:176941>>>  Enemy Tank moved one unit CCW...
<<<12:19:03:193614>>>  Enemy Tank not at target position, moving...
<<<12:19:03:193614>>>  Enemy Tank moved one unit CCW...
<<<12:19:03:210363>>>  Enemy Tank not at target position, moving...
<<<12:19:03:210363>>>  Enemy Tank moved one unit CCW...
<<<12:19:03:224061>>>  Enemy Tank not at target position, moving...
<<<12:19:03:224061>>>  Enemy Tank moved one unit CCW...
<<<12:19:03:243092>>>  Enemy Tank not at target position, moving...
<<<12:19:03:243092>>>  Enemy Tank moved one unit CCW...
<<<12:19:03:258368>>>  Enemy Tank not at target position, moving...
<<<12:19:03:258368>>>  Enemy Tank moved one unit CCW...
<<<12:19:03:275739>>>  Enemy Tank not at target position, moving...
<<<12:19:03:275739>>>  Enemy Tank moved one unit CCW...
<<<12:19:03:290921>>>  Enemy Tank not at target position, moving...
<<<12:19:03:290921>>>  Enemy Tank moved one unit CCW...
<<<12:19:03:307064>>>  Enemy Tank not at target position, moving...
<<<12:19:03:307064>>>  Enemy Tank moved one unit CCW...
<<<12:19:03:321915>>>  Enemy Tank not at target position, moving...
<<<12:19:03:321915>>>  Enemy Tank moved one unit CCW...
<<<12:19:03:340238>>>  Enemy Tank not at target position, moving...
<<<12:19:03:340238>>>  Enemy Tank moved one unit CCW...
<<<12:19:03:354611>>>  Enemy Tank not at target position, moving...
<<<12:19:03:354611>>>  Enemy Tank moved one unit CCW...
<<<12:19:03:371550>>>  Enemy Tank not at target position, moving...
<<<12:19:03:371550>>>  Enemy Tank moved one unit CCW...
<<<12:19:03:387891>>>  Enemy Tank not at target position, moving...
<<<12:19:03:388889>>>  Enemy Tank moved one unit CCW...
<<<12:19:03:404288>>>  Enemy Tank not at target position, moving...
<<<12:19:03:404288>>>  Enemy Tank moved one unit CCW...
<<<12:19:03:421438>>>  Enemy Tank not at target position, moving...
<<<12:19:03:421438>>>  Enemy Tank moved one unit CCW...
<<<12:19:03:438652>>>  Enemy Tank not at target position, moving...
<<<12:19:03:438652>>>  Enemy Tank moved one unit CCW...
<<<12:19:03:456301>>>  Enemy Tank not at target position, moving...
<<<12:19:03:456301>>>  Enemy Tank moved one unit CCW...
<<<12:19:03:473177>>>  Enemy Tank not at target position, moving...
<<<12:19:03:473177>>>  Enemy Tank moved one unit CCW...
<<<12:19:03:489136>>>  Enemy Tank not at target position, moving...
<<<12:19:03:489136>>>  Enemy Tank moved one unit CCW...
<<<12:19:03:503649>>>  Enemy Tank not at target position, moving...
<<<12:19:03:503649>>>  Enemy Tank moved one unit CCW...
<<<12:19:03:520331>>>  Enemy Tank not at target position, moving...
<<<12:19:03:520331>>>  Enemy Tank moved one unit CCW...
<<<12:19:03:536143>>>  Enemy Tank not at target position, moving...
<<<12:19:03:536143>>>  Enemy Tank moved one unit CCW...
<<<12:19:03:552808>>>  Enemy Tank at target position, not moving...
<<<12:19:03:570313>>>  Enemy Tank chose to move to 6.2319, cururently at 5.1487.
<<<12:19:03:571310>>>  Enemy Tank not at target position, moving...
<<<12:19:03:587277>>>  Enemy Tank not at target position, moving...
<<<12:19:03:587277>>>  Enemy Tank moved one unit CCW...
<<<12:19:03:604709>>>  Enemy Tank not at target position, moving...
<<<12:19:03:605727>>>  Enemy Tank moved one unit CCW...
<<<12:19:03:620152>>>  Enemy Tank not at target position, moving...
<<<12:19:03:621250>>>  Enemy Tank moved one unit CCW...
<<<12:19:03:637759>>>  Enemy Tank not at target position, moving...
<<<12:19:03:637759>>>  Enemy Tank moved one unit CCW...
<<<12:19:03:653409>>>  Enemy Tank not at target position, moving...
<<<12:19:03:653409>>>  Enemy Tank moved one unit CCW...
<<<12:19:03:671175>>>  Enemy Tank not at target position, moving...
<<<12:19:03:671175>>>  Enemy Tank moved one unit CCW...
<<<12:19:03:687725>>>  Enemy Tank not at target position, moving...
<<<12:19:03:687725>>>  Enemy Tank moved one unit CCW...
<<<12:19:03:704075>>>  Enemy Tank not at target position, moving...
<<<12:19:03:704075>>>  Enemy Tank moved one unit CCW...
<<<12:19:03:721008>>>  Enemy Tank not at target position, moving...
<<<12:19:03:722004>>>  Enemy Tank moved one unit CCW...
<<<12:19:03:736259>>>  Enemy Tank not at target position, moving...
<<<12:19:03:736259>>>  Enemy Tank moved one unit CCW...
<<<12:19:03:754182>>>  Enemy Tank not at target position, moving...
<<<12:19:03:754182>>>  Enemy Tank moved one unit CCW...
<<<12:19:03:770862>>>  Enemy Tank not at target position, moving...
<<<12:19:03:770862>>>  Enemy Tank moved one unit CCW...
<<<12:19:03:785745>>>  Enemy Tank not at target position, moving...
<<<12:19:03:785745>>>  Enemy Tank moved one unit CCW...
<<<12:19:03:802740>>>  Enemy Tank not at target position, moving...
<<<12:19:03:802740>>>  Enemy Tank moved one unit CCW...
<<<12:19:03:817843>>>  Enemy Tank not at target position, moving...
<<<12:19:03:817843>>>  Enemy Tank moved one unit CCW...
<<<12:19:03:832459>>>  Enemy Tank not at target position, moving...
<<<12:19:03:832459>>>  Enemy Tank moved one unit CCW...
<<<12:19:03:849620>>>  Enemy Tank not at target position, moving...
<<<12:19:03:849620>>>  Enemy Tank moved one unit CCW...
<<<12:19:03:867013>>>  Enemy Tank not at target position, moving...
<<<12:19:03:867013>>>  Enemy Tank moved one unit CCW...
<<<12:19:03:883518>>>  Enemy Tank not at target position, moving...
<<<12:19:03:883518>>>  Enemy Tank moved one unit CCW...
<<<12:19:03:901503>>>  Enemy Tank not at target position, moving...
<<<12:19:03:901503>>>  Enemy Tank moved one unit CCW...
<<<12:19:03:917506>>>  Enemy Tank not at target position, moving...
<<<12:19:03:917506>>>  Enemy Tank moved one unit CCW...
<<<12:19:03:935378>>>  Enemy Tank not at target position, moving...
<<<12:19:03:935378>>>  Enemy Tank moved one unit CCW...
<<<12:19:03:951981>>>  Enemy Tank not at target position, moving...
<<<12:19:03:951981>>>  Enemy Tank moved one unit CCW...
<<<12:19:03:968594>>>  Enemy Tank not at target position, moving...
<<<12:19:03:968594>>>  Enemy Tank moved one unit CCW...
<<<12:19:03:984561>>>  Enemy Tank not at target position, moving...
<<<12:19:03:984561>>>  Enemy Tank moved one unit CCW...
<<<12:19:04:002307>>>  Enemy Tank not at target position, moving...
<<<12:19:04:002307>>>  Enemy Tank moved one unit CCW...
<<<12:19:04:019644>>>  Enemy Tank not at target position, moving...
<<<12:19:04:019644>>>  Enemy Tank moved one unit CCW...
<<<12:19:04:035542>>>  Enemy Tank not at target position, moving...
<<<12:19:04:035542>>>  Enemy Tank moved one unit CCW...
<<<12:19:04:049962>>>  Enemy Tank not at target position, moving...
<<<12:19:04:049962>>>  Enemy Tank moved one unit CCW...
<<<12:19:04:065945>>>  Enemy Tank not at target position, moving...
<<<12:19:04:065945>>>  Enemy Tank moved one unit CCW...
<<<12:19:04:083745>>>  Enemy Tank not at target position, moving...
<<<12:19:04:083745>>>  Enemy Tank moved one unit CCW...
<<<12:19:04:099073>>>  Enemy Tank not at target position, moving...
<<<12:19:04:099073>>>  Enemy Tank moved one unit CCW...
<<<12:19:04:115011>>>  Enemy Tank not at target position, moving...
<<<12:19:04:115011>>>  Enemy Tank moved one unit CCW...
<<<12:19:04:130837>>>  Enemy Tank not at target position, moving...
<<<12:19:04:130837>>>  Enemy Tank moved one unit CCW...
<<<12:19:04:146838>>>  Enemy Tank not at target position, moving...
<<<12:19:04:146838>>>  Enemy Tank moved one unit CCW...
<<<12:19:04:164441>>>  Enemy Tank not at target position, moving...
<<<12:19:04:164441>>>  Enemy Tank moved one unit CCW...
<<<12:19:04:180912>>>  Enemy Tank not at target position, moving...
<<<12:19:04:180912>>>  Enemy Tank moved one unit CCW...
<<<12:19:04:197731>>>  Enemy Tank not at target position, moving...
<<<12:19:04:197731>>>  Enemy Tank moved one unit CCW...
<<<12:19:04:214624>>>  Enemy Tank not at target position, moving...
<<<12:19:04:214624>>>  Enemy Tank moved one unit CCW...
<<<12:19:04:231630>>>  Enemy Tank not at target position, moving...
<<<12:19:04:231630>>>  Enemy Tank moved one unit CCW...
<<<12:19:04:245862>>>  Enemy Tank not at target position, moving...
<<<12:19:04:245862>>>  Enemy Tank moved one unit CCW...
<<<12:19:04:263401>>>  Enemy Tank not at target position, moving...
<<<12:19:04:263401>>>  Enemy Tank moved one unit CCW...
<<<12:19:04:279997>>>  Enemy Tank not at target position, moving...
<<<12:19:04:279997>>>  Enemy Tank moved one unit CCW...
<<<12:19:04:297025>>>  Enemy Tank not at target position, moving...
<<<12:19:04:297025>>>  Enemy Tank moved one unit CCW...
<<<12:19:04:313128>>>  Enemy Tank not at target position, moving...
<<<12:19:04:313128>>>  Enemy Tank moved one unit CCW...
<<<12:19:04:329257>>>  Enemy Tank not at target position, moving...
<<<12:19:04:329257>>>  Enemy Tank moved one unit CCW...
<<<12:19:04:346127>>>  Enemy Tank not at target position, moving...
<<<12:19:04:346127>>>  Enemy Tank moved one unit CCW...
<<<12:19:04:360848>>>  Enemy Tank not at target position, moving...
<<<12:19:04:360848>>>  Enemy Tank moved one unit CCW...
<<<12:19:04:376881>>>  Enemy Tank not at target position, moving...
<<<12:19:04:376881>>>  Enemy Tank moved one unit CCW...
<<<12:19:04:393845>>>  Enemy Tank not at target position, moving...
<<<12:19:04:393845>>>  Enemy Tank moved one unit CCW...
<<<12:19:04:410220>>>  Enemy Tank not at target position, moving...
<<<12:19:04:410220>>>  Enemy Tank moved one unit CCW...
<<<12:19:04:427375>>>  Enemy Tank not at target position, moving...
<<<12:19:04:427375>>>  Enemy Tank moved one unit CCW...
<<<12:19:04:444374>>>  Enemy Tank not at target position, moving...
<<<12:19:04:444490>>>  Enemy Tank moved one unit CCW...
<<<12:19:04:459672>>>  Enemy Tank not at target position, moving...
<<<12:19:04:459848>>>  Enemy Tank moved one unit CCW...
<<<12:19:04:476085>>>  Enemy Tank not at target position, moving...
<<<12:19:04:476085>>>  Enemy Tank moved one unit CCW...
<<<12:19:04:490933>>>  Enemy Tank not at target position, moving...
<<<12:19:04:490933>>>  Enemy Tank moved one unit CCW...
<<<12:19:04:507582>>>  Enemy Tank not at target position, moving...
<<<12:19:04:507582>>>  Enemy Tank moved one unit CCW...
<<<12:19:04:521457>>>  Enemy Tank not at target position, moving...
<<<12:19:04:521457>>>  Enemy Tank moved one unit CCW...
<<<12:19:04:539015>>>  Enemy Tank not at target position, moving...
<<<12:19:04:539015>>>  Enemy Tank moved one unit CCW...
<<<12:19:04:554991>>>  Enemy Tank not at target position, moving...
<<<12:19:04:554991>>>  Enemy Tank moved one unit CCW...
<<<12:19:04:571106>>>  Enemy Tank not at target position, moving...
<<<12:19:04:571106>>>  Enemy Tank moved one unit CCW...
<<<12:19:04:586508>>>  Enemy Tank not at target position, moving...
<<<12:19:04:586508>>>  Enemy Tank moved one unit CCW...
<<<12:19:04:604433>>>  Enemy Tank at target position, not moving...
<<<12:19:04:619243>>>  Enemy Tank chose to move to 0, cururently at 6.2308.
<<<12:19:04:619243>>>  Enemy Tank not at target position, moving...
<<<12:19:04:639429>>>  Enemy Tank not at target position, moving...
<<<12:19:04:639429>>>  Enemy Tank moved one unit CCW...
<<<12:19:04:654565>>>  Enemy Tank not at target position, moving...
<<<12:19:04:654565>>>  Enemy Tank moved one unit CCW...
<<<12:19:04:669564>>>  Enemy Tank not at target position, moving...
<<<12:19:04:669564>>>  Enemy Tank moved one unit CCW...
<<<12:19:04:687606>>>  Enemy Tank at target position, not moving...
<<<12:19:04:704069>>>  Enemy Tank chose to move to 0, cururently at 6.2832.
<<<12:19:04:704069>>>  Enemy Tank at target position, not moving...
<<<12:19:04:767214>>>  Enemy Tank Launch angle not within tolerances, adjusting firing solution...
<<<12:19:04:767214>>>  Enemy Tank Launch speed not within tolerances, adjusting firing solution...
<<<12:19:04:767214>>>  Enemy Tank adjusted targeting angle one unit CCW...
<<<12:19:04:783258>>>  Enemy Tank Launch angle not within tolerances, adjusting firing solution...
<<<12:19:04:783258>>>  Enemy Tank Launch speed not within tolerances, adjusting firing solution...
<<<12:19:04:783258>>>  Enemy Tank adjusted targeting angle one unit CCW...
<<<12:19:04:799546>>>  Enemy Tank Launch angle not within tolerances, adjusting firing solution...
<<<12:19:04:799546>>>  Enemy Tank Launch speed not within tolerances, adjusting firing solution...
<<<12:19:04:799546>>>  Enemy Tank adjusted targeting angle one unit CCW...
<<<12:19:04:815176>>>  Enemy Tank Launch angle not within tolerances, adjusting firing solution...
<<<12:19:04:815176>>>  Enemy Tank Launch speed not within tolerances, adjusting firing solution...
<<<12:19:04:815176>>>  Enemy Tank adjusted targeting angle one unit CCW...
<<<12:19:04:831650>>>  Enemy Tank Launch angle not within tolerances, adjusting firing solution...
<<<12:19:04:831650>>>  Enemy Tank Launch speed not within tolerances, adjusting firing solution...
<<<12:19:04:831650>>>  Enemy Tank adjusted targeting angle one unit CCW...
<<<12:19:04:849500>>>  Enemy Tank Launch angle not within tolerances, adjusting firing solution...
<<<12:19:04:849500>>>  Enemy Tank Launch speed not within tolerances, adjusting firing solution...
<<<12:19:04:849500>>>  Enemy Tank adjusted targeting angle one unit CCW...
<<<12:19:04:866744>>>  Enemy Tank Launch angle not within tolerances, adjusting firing solution...
<<<12:19:04:866744>>>  Enemy Tank Launch speed not within tolerances, adjusting firing solution...
<<<12:19:04:866744>>>  Enemy Tank adjusted targeting angle one unit CCW...
<<<12:19:04:882876>>>  Enemy Tank Launch angle not within tolerances, adjusting firing solution...
<<<12:19:04:882876>>>  Enemy Tank Launch speed not within tolerances, adjusting firing solution...
<<<12:19:04:882876>>>  Enemy Tank adjusted targeting angle one unit CCW...
<<<12:19:04:901303>>>  Enemy Tank Launch angle not within tolerances, adjusting firing solution...
<<<12:19:04:901303>>>  Enemy Tank Launch speed not within tolerances, adjusting firing solution...
<<<12:19:04:901303>>>  Enemy Tank adjusted targeting angle one unit CCW...
<<<12:19:04:916939>>>  Enemy Tank Launch angle not within tolerances, adjusting firing solution...
<<<12:19:04:916939>>>  Enemy Tank Launch speed not within tolerances, adjusting firing solution...
<<<12:19:04:916939>>>  Enemy Tank adjusted targeting angle one unit CCW...
<<<12:19:04:932500>>>  Enemy Tank Launch angle not within tolerances, adjusting firing solution...
<<<12:19:04:932500>>>  Enemy Tank Launch speed not within tolerances, adjusting firing solution...
<<<12:19:04:932500>>>  Enemy Tank adjusted targeting angle one unit CCW...
<<<12:19:04:949616>>>  Enemy Tank Launch angle not within tolerances, adjusting firing solution...
<<<12:19:04:949616>>>  Enemy Tank Launch speed not within tolerances, adjusting firing solution...
<<<12:19:04:949616>>>  Enemy Tank adjusted targeting angle one unit CCW...
<<<12:19:04:966896>>>  Enemy Tank Launch angle not within tolerances, adjusting firing solution...
<<<12:19:04:966896>>>  Enemy Tank Launch speed not within tolerances, adjusting firing solution...
<<<12:19:04:966896>>>  Enemy Tank adjusted targeting angle one unit CCW...
<<<12:19:04:982620>>>  Enemy Tank Launch angle not within tolerances, adjusting firing solution...
<<<12:19:04:982620>>>  Enemy Tank Launch speed not within tolerances, adjusting firing solution...
<<<12:19:04:982620>>>  Enemy Tank adjusted targeting angle one unit CCW...
<<<12:19:04:998093>>>  Enemy Tank Launch angle not within tolerances, adjusting firing solution...
<<<12:19:04:998093>>>  Enemy Tank Launch speed not within tolerances, adjusting firing solution...
<<<12:19:04:998093>>>  Enemy Tank adjusted targeting angle one unit CCW...
<<<12:19:05:014054>>>  Enemy Tank Launch angle not within tolerances, adjusting firing solution...
<<<12:19:05:014054>>>  Enemy Tank Launch speed not within tolerances, adjusting firing solution...
<<<12:19:05:015076>>>  Enemy Tank adjusted targeting angle one unit CCW...
<<<12:19:05:030698>>>  Enemy Tank Launch angle not within tolerances, adjusting firing solution...
<<<12:19:05:030698>>>  Enemy Tank Launch speed not within tolerances, adjusting firing solution...
<<<12:19:05:030698>>>  Enemy Tank adjusted targeting angle one unit CCW...
<<<12:19:05:048684>>>  Enemy Tank Launch angle not within tolerances, adjusting firing solution...
<<<12:19:05:048684>>>  Enemy Tank Launch speed not within tolerances, adjusting firing solution...
<<<12:19:05:048684>>>  Enemy Tank adjusted targeting angle one unit CCW...
<<<12:19:05:065020>>>  Enemy Tank Launch angle not within tolerances, adjusting firing solution...
<<<12:19:05:065020>>>  Enemy Tank Launch speed not within tolerances, adjusting firing solution...
<<<12:19:05:065020>>>  Enemy Tank adjusted targeting angle one unit CCW...
<<<12:19:05:079082>>>  Enemy Tank Launch angle not within tolerances, adjusting firing solution...
<<<12:19:05:079082>>>  Enemy Tank Launch speed not within tolerances, adjusting firing solution...
<<<12:19:05:079082>>>  Enemy Tank adjusted targeting angle one unit CCW...
<<<12:19:05:097130>>>  Enemy Tank Launch angle not within tolerances, adjusting firing solution...
<<<12:19:05:097130>>>  Enemy Tank Launch speed not within tolerances, adjusting firing solution...
<<<12:19:05:097130>>>  Enemy Tank adjusted targeting angle one unit CCW...
<<<12:19:05:112191>>>  Enemy Tank Launch angle not within tolerances, adjusting firing solution...
<<<12:19:05:112191>>>  Enemy Tank Launch speed not within tolerances, adjusting firing solution...
<<<12:19:05:112191>>>  Enemy Tank adjusted targeting angle one unit CCW...
<<<12:19:05:129572>>>  Enemy Tank Launch angle not within tolerances, adjusting firing solution...
<<<12:19:05:129572>>>  Enemy Tank Launch speed not within tolerances, adjusting firing solution...
<<<12:19:05:129572>>>  Enemy Tank adjusted targeting angle one unit CCW...
<<<12:19:05:145268>>>  Enemy Tank Launch angle not within tolerances, adjusting firing solution...
<<<12:19:05:145268>>>  Enemy Tank Launch speed not within tolerances, adjusting firing solution...
<<<12:19:05:145268>>>  Enemy Tank adjusted targeting angle one unit CCW...
<<<12:19:05:161883>>>  Enemy Tank Launch angle not within tolerances, adjusting firing solution...
<<<12:19:05:161883>>>  Enemy Tank Launch speed not within tolerances, adjusting firing solution...
<<<12:19:05:161883>>>  Enemy Tank adjusted targeting angle one unit CCW...
<<<12:19:05:177737>>>  Enemy Tank Launch angle not within tolerances, adjusting firing solution...
<<<12:19:05:177737>>>  Enemy Tank Launch speed not within tolerances, adjusting firing solution...
<<<12:19:05:177737>>>  Enemy Tank adjusted targeting angle one unit CCW...
<<<12:19:05:194012>>>  Enemy Tank Launch angle not within tolerances, adjusting firing solution...
<<<12:19:05:194012>>>  Enemy Tank Launch speed not within tolerances, adjusting firing solution...
<<<12:19:05:194012>>>  Enemy Tank adjusted targeting angle one unit CCW...
<<<12:19:05:212844>>>  Enemy Tank Launch angle not within tolerances, adjusting firing solution...
<<<12:19:05:212844>>>  Enemy Tank Launch speed not within tolerances, adjusting firing solution...
<<<12:19:05:212844>>>  Enemy Tank adjusted targeting angle one unit CCW...
<<<12:19:05:228150>>>  Enemy Tank Launch angle not within tolerances, adjusting firing solution...
<<<12:19:05:228150>>>  Enemy Tank Launch speed not within tolerances, adjusting firing solution...
<<<12:19:05:228150>>>  Enemy Tank adjusted targeting angle one unit CCW...
<<<12:19:05:245384>>>  Enemy Tank Launch angle not within tolerances, adjusting firing solution...
<<<12:19:05:245384>>>  Enemy Tank Launch speed not within tolerances, adjusting firing solution...
<<<12:19:05:245384>>>  Enemy Tank adjusted targeting angle one unit CCW...
<<<12:19:05:261266>>>  Enemy Tank Launch angle not within tolerances, adjusting firing solution...
<<<12:19:05:261266>>>  Enemy Tank Launch speed not within tolerances, adjusting firing solution...
<<<12:19:05:261266>>>  Enemy Tank adjusted targeting angle one unit CCW...
<<<12:19:05:279018>>>  Enemy Tank Launch angle not within tolerances, adjusting firing solution...
<<<12:19:05:279018>>>  Enemy Tank Launch speed not within tolerances, adjusting firing solution...
<<<12:19:05:279018>>>  Enemy Tank adjusted targeting angle one unit CCW...
<<<12:19:05:295248>>>  Enemy Tank Launch angle not within tolerances, adjusting firing solution...
<<<12:19:05:295248>>>  Enemy Tank Launch speed not within tolerances, adjusting firing solution...
<<<12:19:05:295248>>>  Enemy Tank adjusted targeting angle one unit CCW...
<<<12:19:05:312091>>>  Enemy Tank Launch angle not within tolerances, adjusting firing solution...
<<<12:19:05:313088>>>  Enemy Tank Launch speed not within tolerances, adjusting firing solution...
<<<12:19:05:313088>>>  Enemy Tank adjusted targeting angle one unit CCW...
<<<12:19:05:328289>>>  Enemy Tank Launch angle not within tolerances, adjusting firing solution...
<<<12:19:05:328289>>>  Enemy Tank Launch speed not within tolerances, adjusting firing solution...
<<<12:19:05:328289>>>  Enemy Tank adjusted targeting angle one unit CCW...
<<<12:19:05:346097>>>  Enemy Tank Launch angle not within tolerances, adjusting firing solution...
<<<12:19:05:346097>>>  Enemy Tank Launch speed not within tolerances, adjusting firing solution...
<<<12:19:05:346097>>>  Enemy Tank adjusted targeting angle one unit CCW...
<<<12:19:05:361739>>>  Enemy Tank Launch angle not within tolerances, adjusting firing solution...
<<<12:19:05:361739>>>  Enemy Tank Launch speed not within tolerances, adjusting firing solution...
<<<12:19:05:361739>>>  Enemy Tank adjusted targeting angle one unit CCW...
<<<12:19:05:374469>>>  Enemy Tank Launch angle not within tolerances, adjusting firing solution...
<<<12:19:05:374469>>>  Enemy Tank Launch speed not within tolerances, adjusting firing solution...
<<<12:19:05:374469>>>  Enemy Tank adjusted targeting angle one unit CCW...
<<<12:19:05:394192>>>  Enemy Tank Launch angle not within tolerances, adjusting firing solution...
<<<12:19:05:394192>>>  Enemy Tank Launch speed not within tolerances, adjusting firing solution...
<<<12:19:05:394192>>>  Enemy Tank adjusted targeting angle one unit CCW...
<<<12:19:05:410366>>>  Enemy Tank Launch angle not within tolerances, adjusting firing solution...
<<<12:19:05:410366>>>  Enemy Tank Launch speed not within tolerances, adjusting firing solution...
<<<12:19:05:410366>>>  Enemy Tank adjusted targeting angle one unit CCW...
<<<12:19:05:426528>>>  Enemy Tank Launch angle not within tolerances, adjusting firing solution...
<<<12:19:05:426528>>>  Enemy Tank Launch speed not within tolerances, adjusting firing solution...
<<<12:19:05:426528>>>  Enemy Tank adjusted targeting angle one unit CCW...
<<<12:19:05:443910>>>  Enemy Tank Launch angle not within tolerances, adjusting firing solution...
<<<12:19:05:443910>>>  Enemy Tank Launch speed not within tolerances, adjusting firing solution...
<<<12:19:05:443910>>>  Enemy Tank adjusted targeting angle one unit CCW...
<<<12:19:05:458457>>>  Enemy Tank Launch angle not within tolerances, adjusting firing solution...
<<<12:19:05:458457>>>  Enemy Tank Launch speed not within tolerances, adjusting firing solution...
<<<12:19:05:458457>>>  Enemy Tank adjusted targeting angle one unit CCW...
<<<12:19:05:474284>>>  Enemy Tank Launch angle not within tolerances, adjusting firing solution...
<<<12:19:05:474284>>>  Enemy Tank Launch speed not within tolerances, adjusting firing solution...
<<<12:19:05:474284>>>  Enemy Tank adjusted targeting angle one unit CCW...
<<<12:19:05:489452>>>  Enemy Tank Launch angle not within tolerances, adjusting firing solution...
<<<12:19:05:489452>>>  Enemy Tank Launch speed not within tolerances, adjusting firing solution...
<<<12:19:05:489452>>>  Enemy Tank adjusted targeting angle one unit CCW...
<<<12:19:05:506651>>>  Enemy Tank Launch angle not within tolerances, adjusting firing solution...
<<<12:19:05:506651>>>  Enemy Tank Launch speed not within tolerances, adjusting firing solution...
<<<12:19:05:506651>>>  Enemy Tank adjusted targeting angle one unit CCW...
<<<12:19:05:525050>>>  Enemy Tank Launch angle not within tolerances, adjusting firing solution...
<<<12:19:05:525050>>>  Enemy Tank Launch speed not within tolerances, adjusting firing solution...
<<<12:19:05:525050>>>  Enemy Tank adjusted targeting angle one unit CCW...
<<<12:19:05:541121>>>  Enemy Tank Launch angle not within tolerances, adjusting firing solution...
<<<12:19:05:541121>>>  Enemy Tank Launch speed not within tolerances, adjusting firing solution...
<<<12:19:05:541121>>>  Enemy Tank adjusted targeting angle one unit CCW...
<<<12:19:05:558036>>>  Enemy Tank Launch angle not within tolerances, adjusting firing solution...
<<<12:19:05:558036>>>  Enemy Tank Launch speed not within tolerances, adjusting firing solution...
<<<12:19:05:558036>>>  Enemy Tank adjusted targeting angle one unit CCW...
<<<12:19:05:572626>>>  Enemy Tank Launch angle not within tolerances, adjusting firing solution...
<<<12:19:05:572626>>>  Enemy Tank Launch speed not within tolerances, adjusting firing solution...
<<<12:19:05:572626>>>  Enemy Tank adjusted targeting angle one unit CCW...
<<<12:19:05:590248>>>  Enemy Tank Launch angle not within tolerances, adjusting firing solution...
<<<12:19:05:590248>>>  Enemy Tank Launch speed not within tolerances, adjusting firing solution...
<<<12:19:05:590248>>>  Enemy Tank adjusted targeting angle one unit CCW...
<<<12:19:05:605340>>>  Enemy Tank Launch angle not within tolerances, adjusting firing solution...
<<<12:19:05:605340>>>  Enemy Tank Launch speed not within tolerances, adjusting firing solution...
<<<12:19:05:605340>>>  Enemy Tank adjusted targeting angle one unit CCW...
<<<12:19:05:623106>>>  Enemy Tank Launch angle not within tolerances, adjusting firing solution...
<<<12:19:05:623106>>>  Enemy Tank Launch speed not within tolerances, adjusting firing solution...
<<<12:19:05:623106>>>  Enemy Tank adjusted targeting angle one unit CCW...
<<<12:19:05:638694>>>  Enemy Tank Launch angle not within tolerances, adjusting firing solution...
<<<12:19:05:638694>>>  Enemy Tank Launch speed not within tolerances, adjusting firing solution...
<<<12:19:05:638694>>>  Enemy Tank adjusted targeting angle one unit CCW...
<<<12:19:05:653709>>>  Enemy Tank Launch angle not within tolerances, adjusting firing solution...
<<<12:19:05:653709>>>  Enemy Tank Launch speed not within tolerances, adjusting firing solution...
<<<12:19:05:653709>>>  Enemy Tank adjusted targeting angle one unit CCW...
<<<12:19:05:670822>>>  Enemy Tank Launch angle not within tolerances, adjusting firing solution...
<<<12:19:05:670822>>>  Enemy Tank Launch speed not within tolerances, adjusting firing solution...
<<<12:19:05:670822>>>  Enemy Tank adjusted targeting angle one unit CCW...
<<<12:19:05:687925>>>  Enemy Tank increased launch speed one unit...
<<<12:19:05:701410>>>  Enemy Tank increased launch speed one unit...
<<<12:19:05:717936>>>  Enemy Tank increased launch speed one unit...
<<<12:19:05:734906>>>  Enemy Tank increased launch speed one unit...
<<<12:19:05:752021>>>  Enemy Tank increased launch speed one unit...
<<<12:19:05:767891>>>  Enemy Tank increased launch speed one unit...
<<<12:19:05:784144>>>  Enemy Tank increased launch speed one unit...
<<<12:19:05:799872>>>  Enemy Tank increased launch speed one unit...
<<<12:19:05:817298>>>  Enemy Tank increased launch speed one unit...
<<<12:19:05:832162>>>  Enemy Tank increased launch speed one unit...
<<<12:19:05:848292>>>  Enemy Tank increased launch speed one unit...
<<<12:19:05:864939>>>  Enemy Tank increased launch speed one unit...
<<<12:19:05:881453>>>  Enemy Tank increased launch speed one unit...
<<<12:19:05:898355>>>  Enemy Tank increased launch speed one unit...
<<<12:19:05:917327>>>  Enemy Tank increased launch speed one unit...
<<<12:19:05:934290>>>  Enemy Tank increased launch speed one unit...
<<<12:19:05:951562>>>  Enemy Tank increased launch speed one unit...
<<<12:19:05:967971>>>  Enemy Tank increased launch speed one unit...
<<<12:19:05:984249>>>  Enemy Tank increased launch speed one unit...
<<<12:19:06:001059>>>  Enemy Tank increased launch speed one unit...
<<<12:19:06:015972>>>  Enemy Tank increased launch speed one unit...
<<<12:19:06:030502>>>  Enemy Tank increased launch speed one unit...
<<<12:19:06:048273>>>  Enemy Tank increased launch speed one unit...
<<<12:19:06:063490>>>  Enemy Tank increased launch speed one unit...
<<<12:19:06:079813>>>  Enemy Tank increased launch speed one unit...
<<<12:19:06:096673>>>  Enemy Tank increased launch speed one unit...
<<<12:19:06:114207>>>  Enemy Tank increased launch speed one unit...
<<<12:19:06:130701>>>  Enemy Tank increased launch speed one unit...
<<<12:19:06:146865>>>  Enemy Tank increased launch speed one unit...
<<<12:19:06:163413>>>  Enemy Tank firing solution within tolerances, not adjusting firing solution...
<<<12:19:06:163413>>>  Enemy Tank attempting to fire cannonball...
<<<12:19:06:231786>>>  Enemy Tank Launch angle not within tolerances, adjusting firing solution...
<<<12:19:06:231786>>>  Enemy Tank adjusted targeting angle one unit CW...
<<<12:19:06:247464>>>  Enemy Tank Launch angle not within tolerances, adjusting firing solution...
<<<12:19:06:247464>>>  Enemy Tank adjusted targeting angle one unit CW...
<<<12:19:06:262955>>>  Enemy Tank Launch angle not within tolerances, adjusting firing solution...
<<<12:19:06:262955>>>  Enemy Tank adjusted targeting angle one unit CW...
<<<12:19:06:280016>>>  Enemy Tank Launch angle not within tolerances, adjusting firing solution...
<<<12:19:06:280016>>>  Enemy Tank adjusted targeting angle one unit CW...
<<<12:19:06:295045>>>  Enemy Tank Launch angle not within tolerances, adjusting firing solution...
<<<12:19:06:296010>>>  Enemy Tank adjusted targeting angle one unit CW...
<<<12:19:06:312569>>>  Enemy Tank Launch angle not within tolerances, adjusting firing solution...
<<<12:19:06:312569>>>  Enemy Tank adjusted targeting angle one unit CW...
<<<12:19:06:327233>>>  Enemy Tank Launch angle not within tolerances, adjusting firing solution...
<<<12:19:06:328229>>>  Enemy Tank adjusted targeting angle one unit CW...
<<<12:19:06:345066>>>  Enemy Tank Launch angle not within tolerances, adjusting firing solution...
<<<12:19:06:345066>>>  Enemy Tank adjusted targeting angle one unit CW...
<<<12:19:06:361123>>>  Enemy Tank Launch angle not within tolerances, adjusting firing solution...
<<<12:19:06:361123>>>  Enemy Tank adjusted targeting angle one unit CW...
<<<12:19:06:377566>>>  Enemy Tank Launch angle not within tolerances, adjusting firing solution...
<<<12:19:06:377566>>>  Enemy Tank adjusted targeting angle one unit CW...
<<<12:19:06:393271>>>  Enemy Tank Launch angle not within tolerances, adjusting firing solution...
<<<12:19:06:393271>>>  Enemy Tank adjusted targeting angle one unit CW...
<<<12:19:06:410544>>>  Enemy Tank Launch angle not within tolerances, adjusting firing solution...
<<<12:19:06:410544>>>  Enemy Tank adjusted targeting angle one unit CW...
<<<12:19:06:426481>>>  Enemy Tank Launch angle not within tolerances, adjusting firing solution...
<<<12:19:06:426481>>>  Enemy Tank adjusted targeting angle one unit CW...
<<<12:19:06:441953>>>  Enemy Tank Launch angle not within tolerances, adjusting firing solution...
<<<12:19:06:441953>>>  Enemy Tank adjusted targeting angle one unit CW...
<<<12:19:06:459412>>>  Enemy Tank Launch angle not within tolerances, adjusting firing solution...
<<<12:19:06:459412>>>  Enemy Tank adjusted targeting angle one unit CW...
<<<12:19:06:473366>>>  Enemy Tank firing solution within tolerances, not adjusting firing solution...
<<<12:19:06:473366>>>  Enemy Tank attempting to fire cannonball...
<<<12:19:06:540404>>>  Enemy Tank Launch angle not within tolerances, adjusting firing solution...
<<<12:19:06:540404>>>  Enemy Tank adjusted targeting angle one unit CW...
<<<12:19:06:559192>>>  Enemy Tank Launch angle not within tolerances, adjusting firing solution...
<<<12:19:06:559192>>>  Enemy Tank adjusted targeting angle one unit CW...
<<<12:19:06:575295>>>  Enemy Tank Launch angle not within tolerances, adjusting firing solution...
<<<12:19:06:575295>>>  Enemy Tank adjusted targeting angle one unit CW...
<<<12:19:06:592140>>>  Enemy Tank Launch angle not within tolerances, adjusting firing solution...
<<<12:19:06:592140>>>  Enemy Tank adjusted targeting angle one unit CW...
<<<12:19:06:607913>>>  Enemy Tank Launch angle not within tolerances, adjusting firing solution...
<<<12:19:06:607913>>>  Enemy Tank adjusted targeting angle one unit CW...
<<<12:19:06:622273>>>  Enemy Tank Launch angle not within tolerances, adjusting firing solution...
<<<12:19:06:622273>>>  Enemy Tank adjusted targeting angle one unit CW...
<<<12:19:06:638695>>>  Enemy Tank Launch angle not within tolerances, adjusting firing solution...
<<<12:19:06:638695>>>  Enemy Tank adjusted targeting angle one unit CW...
<<<12:19:06:655395>>>  Enemy Tank Launch angle not within tolerances, adjusting firing solution...
<<<12:19:06:655395>>>  Enemy Tank adjusted targeting angle one unit CW...
<<<12:19:06:675222>>>  Enemy Tank Launch angle not within tolerances, adjusting firing solution...
<<<12:19:06:675222>>>  Enemy Tank adjusted targeting angle one unit CW...
<<<12:19:06:693665>>>  Enemy Tank Launch angle not within tolerances, adjusting firing solution...
<<<12:19:06:693665>>>  Enemy Tank adjusted targeting angle one unit CW...
<<<12:19:06:708978>>>  Enemy Tank Launch angle not within tolerances, adjusting firing solution...
<<<12:19:06:708978>>>  Enemy Tank adjusted targeting angle one unit CW...
<<<12:19:06:725190>>>  Enemy Tank Launch angle not within tolerances, adjusting firing solution...
<<<12:19:06:725190>>>  Enemy Tank adjusted targeting angle one unit CW...
<<<12:19:06:743290>>>  Enemy Tank Launch angle not within tolerances, adjusting firing solution...
<<<12:19:06:743290>>>  Enemy Tank adjusted targeting angle one unit CW...
<<<12:19:06:760667>>>  Enemy Tank Launch angle not within tolerances, adjusting firing solution...
<<<12:19:06:760667>>>  Enemy Tank adjusted targeting angle one unit CW...
<<<12:19:06:775913>>>  Enemy Tank Launch angle not within tolerances, adjusting firing solution...
<<<12:19:06:775913>>>  Enemy Tank adjusted targeting angle one unit CW...
<<<12:19:06:791655>>>  Enemy Tank Launch angle not within tolerances, adjusting firing solution...
<<<12:19:06:791655>>>  Enemy Tank adjusted targeting angle one unit CW...
<<<12:19:06:807578>>>  Enemy Tank Launch angle not within tolerances, adjusting firing solution...
<<<12:19:06:807578>>>  Enemy Tank adjusted targeting angle one unit CW...
<<<12:19:06:823702>>>  Enemy Tank Launch angle not within tolerances, adjusting firing solution...
<<<12:19:06:823702>>>  Enemy Tank adjusted targeting angle one unit CW...
<<<12:19:06:839777>>>  Enemy Tank Launch angle not within tolerances, adjusting firing solution...
<<<12:19:06:839777>>>  Enemy Tank adjusted targeting angle one unit CW...
<<<12:19:06:853561>>>  Enemy Tank Launch angle not within tolerances, adjusting firing solution...
<<<12:19:06:854539>>>  Enemy Tank adjusted targeting angle one unit CW...
<<<12:19:06:869760>>>  Enemy Tank Launch angle not within tolerances, adjusting firing solution...
<<<12:19:06:869760>>>  Enemy Tank adjusted targeting angle one unit CW...
<<<12:19:06:887500>>>  Enemy Tank Launch angle not within tolerances, adjusting firing solution...
<<<12:19:06:887500>>>  Enemy Tank adjusted targeting angle one unit CW...
<<<12:19:06:901810>>>  Enemy Tank Launch angle not within tolerances, adjusting firing solution...
<<<12:19:06:902802>>>  Enemy Tank adjusted targeting angle one unit CW...
<<<12:19:06:918431>>>  Enemy Tank Launch angle not within tolerances, adjusting firing solution...
<<<12:19:06:918431>>>  Enemy Tank adjusted targeting angle one unit CW...
<<<12:19:06:934903>>>  Enemy Tank Launch angle not within tolerances, adjusting firing solution...
<<<12:19:06:934903>>>  Enemy Tank adjusted targeting angle one unit CW...
<<<12:19:06:950737>>>  Enemy Tank Launch angle not within tolerances, adjusting firing solution...
<<<12:19:06:950737>>>  Enemy Tank adjusted targeting angle one unit CW...
<<<12:19:06:969115>>>  Enemy Tank Launch angle not within tolerances, adjusting firing solution...
<<<12:19:06:969115>>>  Enemy Tank adjusted targeting angle one unit CW...
<<<12:19:06:984755>>>  Enemy Tank Launch angle not within tolerances, adjusting firing solution...
<<<12:19:06:984755>>>  Enemy Tank adjusted targeting angle one unit CW...
<<<12:19:07:001300>>>  Enemy Tank Launch angle not within tolerances, adjusting firing solution...
<<<12:19:07:001300>>>  Enemy Tank adjusted targeting angle one unit CW...
<<<12:19:07:017773>>>  Enemy Tank Launch angle not within tolerances, adjusting firing solution...
<<<12:19:07:017773>>>  Enemy Tank adjusted targeting angle one unit CW...
<<<12:19:07:034257>>>  Enemy Tank Launch angle not within tolerances, adjusting firing solution...
<<<12:19:07:034257>>>  Enemy Tank adjusted targeting angle one unit CW...
<<<12:19:07:050803>>>  Enemy Tank Launch angle not within tolerances, adjusting firing solution...
<<<12:19:07:050803>>>  Enemy Tank adjusted targeting angle one unit CW...
<<<12:19:07:066359>>>  Enemy Tank Launch angle not within tolerances, adjusting firing solution...
<<<12:19:07:066359>>>  Enemy Tank adjusted targeting angle one unit CW...
<<<12:19:07:081449>>>  Enemy Tank Launch angle not within tolerances, adjusting firing solution...
<<<12:19:07:081449>>>  Enemy Tank adjusted targeting angle one unit CW...
<<<12:19:07:098419>>>  Enemy Tank Launch angle not within tolerances, adjusting firing solution...
<<<12:19:07:098419>>>  Enemy Tank adjusted targeting angle one unit CW...
<<<12:19:07:115244>>>  Enemy Tank Launch angle not within tolerances, adjusting firing solution...
<<<12:19:07:115244>>>  Enemy Tank adjusted targeting angle one unit CW...
<<<12:19:07:133350>>>  Enemy Tank Launch angle not within tolerances, adjusting firing solution...
<<<12:19:07:133350>>>  Enemy Tank adjusted targeting angle one unit CW...
<<<12:19:07:149598>>>  Enemy Tank Launch angle not within tolerances, adjusting firing solution...
<<<12:19:07:149598>>>  Enemy Tank adjusted targeting angle one unit CW...
<<<12:19:07:165667>>>  Enemy Tank Launch angle not within tolerances, adjusting firing solution...
<<<12:19:07:165667>>>  Enemy Tank adjusted targeting angle one unit CW...
<<<12:19:07:182984>>>  Enemy Tank Launch angle not within tolerances, adjusting firing solution...
<<<12:19:07:182984>>>  Enemy Tank adjusted targeting angle one unit CW...
<<<12:19:07:196938>>>  Enemy Tank Launch angle not within tolerances, adjusting firing solution...
<<<12:19:07:196938>>>  Enemy Tank adjusted targeting angle one unit CW...
<<<12:19:07:213266>>>  Enemy Tank Launch angle not within tolerances, adjusting firing solution...
<<<12:19:07:213266>>>  Enemy Tank adjusted targeting angle one unit CW...
<<<12:19:07:233193>>>  Enemy Tank Launch angle not within tolerances, adjusting firing solution...
<<<12:19:07:233193>>>  Enemy Tank adjusted targeting angle one unit CW...
<<<12:19:07:250400>>>  Enemy Tank Launch angle not within tolerances, adjusting firing solution...
<<<12:19:07:250400>>>  Enemy Tank adjusted targeting angle one unit CW...
<<<12:19:07:264440>>>  Enemy Tank Launch angle not within tolerances, adjusting firing solution...
<<<12:19:07:264440>>>  Enemy Tank adjusted targeting angle one unit CW...
<<<12:19:07:284169>>>  Enemy Tank Launch angle not within tolerances, adjusting firing solution...
<<<12:19:07:284169>>>  Enemy Tank adjusted targeting angle one unit CW...
<<<12:19:07:298686>>>  Enemy Tank Launch angle not within tolerances, adjusting firing solution...
<<<12:19:07:298686>>>  Enemy Tank adjusted targeting angle one unit CW...
<<<12:19:07:315889>>>  Enemy Tank Launch angle not within tolerances, adjusting firing solution...
<<<12:19:07:315889>>>  Enemy Tank adjusted targeting angle one unit CW...
<<<12:19:07:331342>>>  Enemy Tank Launch angle not within tolerances, adjusting firing solution...
<<<12:19:07:331342>>>  Enemy Tank adjusted targeting angle one unit CW...
<<<12:19:07:348112>>>  Enemy Tank Launch angle not within tolerances, adjusting firing solution...
<<<12:19:07:349109>>>  Enemy Tank adjusted targeting angle one unit CW...
<<<12:19:07:365047>>>  Enemy Tank Launch angle not within tolerances, adjusting firing solution...
<<<12:19:07:365047>>>  Enemy Tank adjusted targeting angle one unit CW...
<<<12:19:07:381343>>>  Enemy Tank Launch angle not within tolerances, adjusting firing solution...
<<<12:19:07:381343>>>  Enemy Tank adjusted targeting angle one unit CW...
<<<12:19:07:397221>>>  Enemy Tank Launch angle not within tolerances, adjusting firing solution...
<<<12:19:07:397221>>>  Enemy Tank adjusted targeting angle one unit CW...
<<<12:19:07:414400>>>  Enemy Tank Launch angle not within tolerances, adjusting firing solution...
<<<12:19:07:414400>>>  Enemy Tank adjusted targeting angle one unit CW...
<<<12:19:07:432480>>>  Enemy Tank Launch angle not within tolerances, adjusting firing solution...
<<<12:19:07:432480>>>  Enemy Tank adjusted targeting angle one unit CW...
<<<12:19:07:450538>>>  Enemy Tank Launch angle not within tolerances, adjusting firing solution...
<<<12:19:07:450538>>>  Enemy Tank adjusted targeting angle one unit CW...
<<<12:19:07:464355>>>  Moon #2 has shrunk itself...
<<<12:19:07:464355>>>
* CURRENT VALUES FOR CELESTIAL BODY:  Moon #2
* This is not the homeworld.
* The celestial boyd's density is 3340 kg/m^3.
* The celestial body's mass is 7.333470291819155e+22 kg.
* The Earth's mass is 5.972e+24 kg.
* The celestial body's radius is 868.55 km.
* The celestial body's coordinates are (9847.282529793218, 5124.630841833369).
* The celestial body's velocity is (-3.5774816625328687, 4.620855790641015).
* The celestial body's speed is 5.843858595453823 km/s.
* The celestial body's acceleration is (-0.0028722195693619093, -0.001475893881225374).
* The celestial body's screen x and y coordinates are (s939, 377).
* The celestial body's screen radius is 12.
<<<12:19:07:464355>>>  Moon #2-257 has been created by Moon #2...
<<<12:19:07:464355>>>
* CURRENT VALUES FOR CELESTIAL BODY:  Moon #2-257
* This is not the homeworld.
* The celestial boyd's density is 3340 kg/m^3.
* The celestial body's mass is 9.166837864773944e+21 kg.
* The Earth's mass is 5.972e+24 kg.
* The celestial body's radius is 868.55 km.
* The celestial body's coordinates are (9847.282529793218, 5124.630841833369).
* The celestial body's velocity is (-3.5774816625328687, 4.620855790641015).
* The celestial body's speed is 5.843858595453823 km/s.
* The celestial body's acceleration is (0, 0).
* The celestial body's screen x and y coordinates are (s800, 450).
* The celestial body's screen radius is 12.
<<<12:19:07:464355>>>  New values for Moon #2:
<<<12:19:07:464355>>>
* CURRENT VALUES FOR CELESTIAL BODY:  Moon #2
* This is not the homeworld.
* The celestial boyd's density is 3340 kg/m^3.
* The celestial body's mass is 7.333470291819155e+22 kg.
* The Earth's mass is 5.972e+24 kg.
* The celestial body's radius is 868.55 km.
* The celestial body's coordinates are (9735.076616496228, 4263.359145142256).
* The celestial body's velocity is (-3.5774816625328687, 4.620855790641015).
* The celestial body's speed is 5.843858595453823 km/s.
* The celestial body's acceleration is (-0.0028722195693619093, -0.001475893881225374).
* The celestial body's screen x and y coordinates are (s937, 389).
* The celestial body's screen radius is 12.
<<<12:19:07:464355>>>  nNew values for Moon #2-257
<<<12:19:07:464355>>>
* CURRENT VALUES FOR CELESTIAL BODY:  Moon #2-257
* This is not the homeworld.
* The celestial boyd's density is 3340 kg/m^3.
* The celestial body's mass is 9.166837864773944e+21 kg.
* The Earth's mass is 5.972e+24 kg.
* The celestial body's radius is 868.55 km.
* The celestial body's coordinates are (9959.488443090208, 5985.902538524482).
* The celestial body's velocity is (-3.5774816625328687, 4.620855790641015).
* The celestial body's speed is 5.843858595453823 km/s.
* The celestial body's acceleration is (0, 0).
* The celestial body's screen x and y coordinates are (s940, 365).
* The celestial body's screen radius is 12.
<<<12:19:07:466349>>>  Enemy Tank Launch angle not within tolerances, adjusting firing solution...
<<<12:19:07:466349>>>  Enemy Tank adjusted targeting angle one unit CW...
<<<12:19:07:481319>>>  Moon #2-257 has been marked for destruction by another...
<<<12:19:07:481319>>>  
Moon #2-257 being destroyed...
<<<12:19:07:481319>>>  Successfully destroyed celestial!
<<<12:19:07:483209>>>  Enemy Tank Launch angle not within tolerances, adjusting firing solution...
<<<12:19:07:483209>>>  Enemy Tank adjusted targeting angle one unit CW...
<<<12:19:07:500007>>>  Enemy Tank Launch angle not within tolerances, adjusting firing solution...
<<<12:19:07:500007>>>  Enemy Tank adjusted targeting angle one unit CW...
<<<12:19:07:513646>>>  Enemy Tank Launch angle not within tolerances, adjusting firing solution...
<<<12:19:07:513646>>>  Enemy Tank adjusted targeting angle one unit CW...
<<<12:19:07:529783>>>  Enemy Tank Launch angle not within tolerances, adjusting firing solution...
<<<12:19:07:529783>>>  Enemy Tank adjusted targeting angle one unit CW...
<<<12:19:07:546328>>>  Enemy Tank Launch angle not within tolerances, adjusting firing solution...
<<<12:19:07:546328>>>  Enemy Tank adjusted targeting angle one unit CW...
<<<12:19:07:563946>>>  Enemy Tank Launch angle not within tolerances, adjusting firing solution...
<<<12:19:07:563946>>>  Enemy Tank adjusted targeting angle one unit CW...
<<<12:19:07:577201>>>  Moon #2 has shrunk itself...
<<<12:19:07:577201>>>
* CURRENT VALUES FOR CELESTIAL BODY:  Moon #2
* This is not the homeworld.
* The celestial boyd's density is 3340 kg/m^3.
* The celestial body's mass is 7.333470291819155e+22 kg.
* The Earth's mass is 5.972e+24 kg.
* The celestial body's radius is 434.275 km.
* The celestial body's coordinates are (9463.427554102791, 4543.385520274065).
* The celestial body's velocity is (-3.8049928642036512, 4.519405423580801).
* The celestial body's speed is 5.907875767086869 km/s.
* The celestial body's acceleration is (-0.003260778533259944, -0.0015437184582700696).
* The celestial body's screen x and y coordinates are (s933, 385).
* The celestial body's screen radius is 6.
<<<12:19:07:577201>>>  Moon #2-4873 has been created by Moon #2...
<<<12:19:07:577201>>>
* CURRENT VALUES FOR CELESTIAL BODY:  Moon #2-4873
* This is not the homeworld.
* The celestial boyd's density is 3340 kg/m^3.
* The celestial body's mass is 1.145854733096743e+21 kg.
* The Earth's mass is 5.972e+24 kg.
* The celestial body's radius is 434.275 km.
* The celestial body's coordinates are (9463.427554102791, 4543.385520274065).
* The celestial body's velocity is (-3.8049928642036512, 4.519405423580801).
* The celestial body's speed is 5.907875767086869 km/s.
* The celestial body's acceleration is (0, 0).
* The celestial body's screen x and y coordinates are (s800, 450).
* The celestial body's screen radius is 6.
<<<12:19:07:577201>>>  New values for Moon #2:
<<<12:19:07:577201>>>
* CURRENT VALUES FOR CELESTIAL BODY:  Moon #2
* This is not the homeworld.
* The celestial boyd's density is 3340 kg/m^3.
* The celestial body's mass is 7.333470291819155e+22 kg.
* The Earth's mass is 5.972e+24 kg.
* The celestial body's radius is 434.275 km.
* The celestial body's coordinates are (9891.222412739378, 4468.643734443762).
* The celestial body's velocity is (-3.8049928642036512, 4.519405423580801).
* The celestial body's speed is 5.907875767086869 km/s.
* The celestial body's acceleration is (-0.003260778533259944, -0.0015437184582700696).
* The celestial body's screen x and y coordinates are (s939, 386).
* The celestial body's screen radius is 6.
<<<12:19:07:577201>>>  nNew values for Moon #2-4873
<<<12:19:07:577201>>>
* CURRENT VALUES FOR CELESTIAL BODY:  Moon #2-4873
* This is not the homeworld.
* The celestial boyd's density is 3340 kg/m^3.
* The celestial body's mass is 1.145854733096743e+21 kg.
* The Earth's mass is 5.972e+24 kg.
* The celestial body's radius is 434.275 km.
* The celestial body's coordinates are (9035.632695466204, 4618.1273061043685).
* The celestial body's velocity is (-3.8049928642036512, 4.519405423580801).
* The celestial body's speed is 5.907875767086869 km/s.
* The celestial body's acceleration is (0, 0).
* The celestial body's screen x and y coordinates are (s927, 384).
* The celestial body's screen radius is 6.
<<<12:19:07:580252>>>  Enemy Tank Launch angle not within tolerances, adjusting firing solution...
<<<12:19:07:580252>>>  Enemy Tank adjusted targeting angle one unit CW...
<<<12:19:07:593250>>>  Moon #2-4873 has been marked for destruction by another...
<<<12:19:07:593250>>>  
Moon #2-4873 being destroyed...
<<<12:19:07:593250>>>  Successfully destroyed celestial!
<<<12:19:07:596529>>>  Enemy Tank Launch angle not within tolerances, adjusting firing solution...
<<<12:19:07:596529>>>  Enemy Tank adjusted targeting angle one unit CW...
<<<12:19:07:612626>>>  Enemy Tank Launch angle not within tolerances, adjusting firing solution...
<<<12:19:07:612626>>>  Enemy Tank adjusted targeting angle one unit CW...
<<<12:19:07:627740>>>  Enemy Tank Launch angle not within tolerances, adjusting firing solution...
<<<12:19:07:627740>>>  Enemy Tank adjusted targeting angle one unit CW...
<<<12:19:07:645256>>>  Enemy Tank Launch angle not within tolerances, adjusting firing solution...
<<<12:19:07:645256>>>  Enemy Tank adjusted targeting angle one unit CW...
<<<12:19:07:664293>>>  Enemy Tank Launch angle not within tolerances, adjusting firing solution...
<<<12:19:07:664293>>>  Enemy Tank adjusted targeting angle one unit CW...
<<<12:19:07:681857>>>  Enemy Tank Launch angle not within tolerances, adjusting firing solution...
<<<12:19:07:681857>>>  Enemy Tank adjusted targeting angle one unit CW...
<<<12:19:07:697357>>>  Enemy Tank Launch angle not within tolerances, adjusting firing solution...
<<<12:19:07:697357>>>  Enemy Tank adjusted targeting angle one unit CW...
<<<12:19:07:713825>>>  Enemy Tank Launch angle not within tolerances, adjusting firing solution...
<<<12:19:07:713825>>>  Enemy Tank adjusted targeting angle one unit CW...
<<<12:19:07:730157>>>  Enemy Tank Launch angle not within tolerances, adjusting firing solution...
<<<12:19:07:730157>>>  Enemy Tank adjusted targeting angle one unit CW...
<<<12:19:07:745885>>>  Enemy Tank Launch angle not within tolerances, adjusting firing solution...
<<<12:19:07:745885>>>  Enemy Tank adjusted targeting angle one unit CW...
<<<12:19:07:759255>>>  Enemy Tank Launch angle not within tolerances, adjusting firing solution...
<<<12:19:07:759255>>>  Enemy Tank adjusted targeting angle one unit CW...
<<<12:19:07:777254>>>  Enemy Tank Launch angle not within tolerances, adjusting firing solution...
<<<12:19:07:777254>>>  Enemy Tank adjusted targeting angle one unit CW...
<<<12:19:07:794012>>>  Enemy Tank Launch angle not within tolerances, adjusting firing solution...
<<<12:19:07:794012>>>  Enemy Tank adjusted targeting angle one unit CW...
<<<12:19:07:809659>>>  Enemy Tank Launch angle not within tolerances, adjusting firing solution...
<<<12:19:07:809659>>>  Enemy Tank adjusted targeting angle one unit CW...
<<<12:19:07:827342>>>  Enemy Tank Launch angle not within tolerances, adjusting firing solution...
<<<12:19:07:827342>>>  Enemy Tank adjusted targeting angle one unit CW...
<<<12:19:07:844964>>>  Enemy Tank Launch angle not within tolerances, adjusting firing solution...
<<<12:19:07:844964>>>  Enemy Tank adjusted targeting angle one unit CW...
<<<12:19:07:861657>>>  Enemy Tank Launch angle not within tolerances, adjusting firing solution...
<<<12:19:07:861657>>>  Enemy Tank adjusted targeting angle one unit CW...
<<<12:19:07:877683>>>  Enemy Tank Launch angle not within tolerances, adjusting firing solution...
<<<12:19:07:877683>>>  Enemy Tank adjusted targeting angle one unit CW...
<<<12:19:07:893307>>>  Enemy Tank Launch angle not within tolerances, adjusting firing solution...
<<<12:19:07:893307>>>  Enemy Tank adjusted targeting angle one unit CW...
<<<12:19:07:912487>>>  Enemy Tank firing solution within tolerances, not adjusting firing solution...
<<<12:19:07:912487>>>  Enemy Tank attempting to fire cannonball...
<<<12:19:07:961900>>>  Enemy Tank chose to move to 5.5639, cururently at 6.2832.
<<<12:19:07:961900>>>  Enemy Tank not at target position, moving...
<<<12:19:07:961900>>>  ERROR:  Enemy Tank attempting to move with a chambered ball!
<<<12:19:07:977296>>>  Enemy Tank not at target position, moving...
<<<12:19:07:977296>>>  Enemy Tank moved one unit CW...
<<<12:19:07:995334>>>  Enemy Tank not at target position, moving...
<<<12:19:07:995334>>>  Enemy Tank moved one unit CW...
<<<12:19:08:011136>>>  Enemy Tank not at target position, moving...
<<<12:19:08:011136>>>  Enemy Tank moved one unit CW...
<<<12:19:08:028228>>>  Enemy Tank not at target position, moving...
<<<12:19:08:028228>>>  Enemy Tank moved one unit CW...
<<<12:19:08:043343>>>  Enemy Tank not at target position, moving...
<<<12:19:08:043343>>>  Enemy Tank moved one unit CW...
<<<12:19:08:061368>>>  Enemy Tank not at target position, moving...
<<<12:19:08:061368>>>  Enemy Tank moved one unit CW...
<<<12:19:08:078244>>>  Enemy Tank not at target position, moving...
<<<12:19:08:078244>>>  Enemy Tank moved one unit CW...
<<<12:19:08:094556>>>  Enemy Tank not at target position, moving...
<<<12:19:08:094556>>>  Enemy Tank moved one unit CW...
<<<12:19:08:109756>>>  Enemy Tank not at target position, moving...
<<<12:19:08:109756>>>  Enemy Tank moved one unit CW...
<<<12:19:08:127030>>>  Enemy Tank not at target position, moving...
<<<12:19:08:127030>>>  Enemy Tank moved one unit CW...
<<<12:19:08:143751>>>  Enemy Tank not at target position, moving...
<<<12:19:08:143751>>>  Enemy Tank moved one unit CW...
<<<12:19:08:161417>>>  Enemy Tank not at target position, moving...
<<<12:19:08:161417>>>  Enemy Tank moved one unit CW...
<<<12:19:08:176989>>>  Enemy Tank not at target position, moving...
<<<12:19:08:176989>>>  Enemy Tank moved one unit CW...
<<<12:19:08:194078>>>  Enemy Tank not at target position, moving...
<<<12:19:08:194078>>>  Enemy Tank moved one unit CW...
<<<12:19:08:209820>>>  Enemy Tank not at target position, moving...
<<<12:19:08:209820>>>  Enemy Tank moved one unit CW...
<<<12:19:08:225782>>>  Enemy Tank not at target position, moving...
<<<12:19:08:225782>>>  Enemy Tank moved one unit CW...
<<<12:19:08:241135>>>  Enemy Tank not at target position, moving...
<<<12:19:08:241135>>>  Enemy Tank moved one unit CW...
<<<12:19:08:256979>>>  Enemy Tank not at target position, moving...
<<<12:19:08:256979>>>  Enemy Tank moved one unit CW...
<<<12:19:08:270390>>>  Enemy Tank not at target position, moving...
<<<12:19:08:270390>>>  Enemy Tank moved one unit CW...
<<<12:19:08:288409>>>  Enemy Tank not at target position, moving...
<<<12:19:08:288409>>>  Enemy Tank moved one unit CW...
<<<12:19:08:307166>>>  Enemy Tank not at target position, moving...
<<<12:19:08:307166>>>  Enemy Tank moved one unit CW...
<<<12:19:08:321790>>>  Enemy Tank not at target position, moving...
<<<12:19:08:321790>>>  Enemy Tank moved one unit CW...
<<<12:19:08:336772>>>  Enemy Tank not at target position, moving...
<<<12:19:08:336772>>>  Enemy Tank moved one unit CW...
<<<12:19:08:354297>>>  Enemy Tank not at target position, moving...
<<<12:19:08:354297>>>  Enemy Tank moved one unit CW...
<<<12:19:08:371795>>>  Enemy Tank not at target position, moving...
<<<12:19:08:371795>>>  Enemy Tank moved one unit CW...
<<<12:19:08:387454>>>  Enemy Tank not at target position, moving...
<<<12:19:08:387569>>>  Enemy Tank moved one unit CW...
<<<12:19:08:403502>>>  Enemy Tank not at target position, moving...
<<<12:19:08:403502>>>  Enemy Tank moved one unit CW...
<<<12:19:08:420761>>>  Enemy Tank not at target position, moving...
<<<12:19:08:420761>>>  Enemy Tank moved one unit CW...
<<<12:19:08:435942>>>  Enemy Tank not at target position, moving...
<<<12:19:08:435942>>>  Enemy Tank moved one unit CW...
<<<12:19:08:452752>>>  Enemy Tank not at target position, moving...
<<<12:19:08:452752>>>  Enemy Tank moved one unit CW...
<<<12:19:08:468796>>>  Enemy Tank not at target position, moving...
<<<12:19:08:468796>>>  Enemy Tank moved one unit CW...
<<<12:19:08:485128>>>  Enemy Tank not at target position, moving...
<<<12:19:08:485128>>>  Enemy Tank moved one unit CW...
<<<12:19:08:500763>>>  Enemy Tank not at target position, moving...
<<<12:19:08:500763>>>  Enemy Tank moved one unit CW...
<<<12:19:08:518091>>>  Enemy Tank not at target position, moving...
<<<12:19:08:518091>>>  Enemy Tank moved one unit CW...
<<<12:19:08:535859>>>  Enemy Tank not at target position, moving...
<<<12:19:08:535859>>>  Enemy Tank moved one unit CW...
<<<12:19:08:552811>>>  Enemy Tank not at target position, moving...
<<<12:19:08:552811>>>  Enemy Tank moved one unit CW...
<<<12:19:08:567813>>>  Enemy Tank not at target position, moving...
<<<12:19:08:567813>>>  Enemy Tank moved one unit CW...
<<<12:19:08:585109>>>
* INFORMATION FOR Player Tank's CANNONBALLS:
* Cannonballs in memory for Player Tank:  0.
* Total cannonballs fired or chambered for Player Tank:  0.
<<<12:19:08:585109>>>
* INFORMATION FOR Enemy Tank's CANNONBALLS:
* Cannonballs in memory for Enemy Tank:  1.
* Total cannonballs fired or chambered for Enemy Tank:  5.
<<<12:19:08:585109>>>
* CURRENT VALUES FOR CELESTIAL BODY:  Enemy Tank's Cannonball #4
* This is not the homeworld.
* The celestial boyd's density is 5515 kg/m^3.
* The celestial body's mass is 1000 kg.
* The Earth's mass is 5.972e+24 kg.
* The celestial body's radius is 0.001 km.
* The celestial body's coordinates are (8389.548643039254, -2355.387298252478).
* The celestial body's velocity is (3.774645122761736, -5.492069279022821).
* The celestial body's speed is 6.664140662409161 km/s.
* The celestial body's acceleration is (-0.005130495316774271, 0.0014670823590660883).
* The celestial body's screen x and y coordinates are (s918, 483).
* The celestial body's screen radius is 2.
<<<12:19:08:585109>>>
* ADDITIONAL INFORMATION FOR Enemy Tank's Cannonball #4:
* This cannonball is active.
<<<12:19:08:585109>>>  Quit through pygame and writing log file...
