<<<16:54:55:363449>>>  Pix\Homeworlds\Ice\4.png loaded as pixie for Earth...
<<<16:54:55:363449>>>  Image at Pix\Homeworlds\Ice\4.png chosen as homeworld pix for Earth's...
<<<16:54:55:363449>>>  Pix\Moons\6.png loaded as pixie for Moon #2...
<<<16:54:55:439113>>>  Pix\Snails\Green_Snail\Spells\Spellready_Icon\spellready.png returned as pixie for Snail #1 Green Player...
<<<16:54:55:439113>>>  Pix\Magic\Scroll\scroll.png returned as pixie for Snail #1 Green Player...
<<<16:54:55:439113>>>  Snail #1 Green Player successfully created!
<<<16:54:55:510921>>>  Pix\Snails\Red_Snail\Spells\Spellready_Icon\spellready.png returned as pixie for Snail #2 Red Player...
<<<16:54:55:511916>>>  Pix\Magic\Scroll\scroll.png returned as pixie for Snail #2 Red Player...
<<<16:54:55:511916>>>  Snail #2 Red Player successfully created!
<<<16:55:05:908056>>>  Snail #1 Green Player chambered cannonball...
<<<16:55:05:908056>>>
* CURRENT VALUES FOR CELESTIAL BODY:  Snail #1 Green Player's Cannonball #1
* This is not the homeworld.
* The celestial boyd's density is 5515 kg/m^3.
* The celestial body's mass is 1000 kg.
* The Earth's mass is 5.972e+24 kg.
* The celestial body's radius is 0.001 km.
* The celestial body's coordinates are (-5281.798374748149, 3562.617988012159).
* The celestial body's velocity is (-4.6692441596005985, 3.067598238931329).
* The celestial body's speed is 5.586770084535329 km/s.
* The celestial body's acceleration is (0, 0).
* The celestial body's screen x and y coordinates are (696, 383).
* The celestial body's screen radius is 2.
* The celestial is using a body circle.
<<<16:55:05:908056>>>
* ADDITIONAL INFORMATION FOR Snail #1 Green Player's Cannonball #1:
* This cannonball is chambered.
<<<16:55:21:181655>>>
* INFORMATION FOR Snail #1 Green Player's CANNONBALLS:
* Cannonballs in memory for Snail #1 Green Player:  1.
* Total cannonballs fired or chambered for Snail #1 Green Player:  1.
<<<16:55:21:181655>>>
* CURRENT VALUES FOR CELESTIAL BODY:  Snail #1 Green Player's Cannonball #1
* This is not the homeworld.
* The celestial boyd's density is 5515 kg/m^3.
* The celestial body's mass is 1000 kg.
* The Earth's mass is 5.972e+24 kg.
* The celestial body's radius is 0.001 km.
* The celestial body's coordinates are (-5195.779259880999, 4360.402156594043).
* The celestial body's velocity is (-4.6692441596005985, 3.067598238931329).
* The celestial body's speed is 5.586770084535329 km/s.
* The celestial body's acceleration is (0, 0).
* The celestial body's screen x and y coordinates are (697, 372).
* The celestial body's screen radius is 2.
* The celestial is using a body circle.
<<<16:55:21:181655>>>
* ADDITIONAL INFORMATION FOR Snail #1 Green Player's Cannonball #1:
* This cannonball is chambered.
<<<16:55:21:181655>>>
* INFORMATION FOR Snail #2 Red Player's CANNONBALLS:
* Cannonballs in memory for Snail #2 Red Player:  0.
* Total cannonballs fired or chambered for Snail #2 Red Player:  0.
<<<16:55:21:181655>>>  Quit through pygame and writing log file...
