<<<14:27:29:068491>>>
* Screen coordinates (148, 779) choosen in zone #7.
* Screen dimensions are 1600 wide by 900 high.
* Minimum (x, y) are (0, 750).
* Maximum (x, y) are (266, 900).
* Mid (x, y) are (133, 825).
<<<14:27:29:068491>>>  Image at Pix\Faraway_Objects\Nebulae\5.png choosen for background...
<<<14:27:29:069777>>>
* Screen coordinates (34, 515) choosen in zone #8.
* Screen dimensions are 1600 wide by 900 high.
* Minimum (x, y) are (0, 150).
* Maximum (x, y) are (266, 750).
* Mid (x, y) are (133, 450).
<<<14:27:29:069777>>>  Image at Pix\Faraway_Objects\Nebulae\4.png choosen for background...
<<<14:27:29:081023>>>  Pix\Homeworlds\Terran\2.png loaded as pixie for Earth...
<<<14:27:29:081023>>>  Image at Pix\Homeworlds\Terran\2.png chosen as homeworld pix for Earth's...
<<<14:27:29:081872>>>  Pix\Moons\5.png loaded as pixie for Moon #2...
<<<14:27:29:126980>>>  Pix\Snails\Green_Snail\Spells\Spellready_Icon\spellready.png returned as pixie for Tank #1 Green Player Tank...
<<<14:27:29:126980>>>  Tank #1 Green Player Tank successfully created!
<<<14:27:29:174054>>>  Pix\Snails\Red_Snail\Spells\Spellready_Icon\spellready.png returned as pixie for Tank #2 Red AI Tank...
<<<14:27:29:174054>>>  Tank #2 Red AI Tank successfully created!
<<<14:27:29:218457>>>  Pix\Snails\Yellow_Snail\Spells\Spellready_Icon\spellready.png returned as pixie for Tank #3 Yellow AI Tank...
<<<14:27:29:218457>>>  Tank #3 Yellow AI Tank successfully created!
<<<14:27:29:224063>>>
* *** Tank #2 Red AI Tank USING CLEAR SKIES FUNCTION ***
* Moon #2 at (6941.087468905687, 10685.320968268135), angle 0.9947087387854882 rads.
* Tank #2 Red AI Tank at (-5517.44784751066, -3185.499999999998), angle 3.665191429188092.
* Angle Between is 2.6704826904026038 rads.
<<<14:27:29:224063>>>  Tank #2 Red AI Tank saw no celestials or cannonballs above their heads and is casting Gravity...
<<<14:27:29:224063>>>  Successfully removed spellready icon from Tank #2 Red AI Tank's effect list!
<<<14:27:29:224063>>>  Tank #3 Yellow AI Tank chose to move to 4.6224, cururently at 5.7596.
<<<14:27:29:224063>>>  Tank #3 Yellow AI Tank moved one unit CW...
<<<14:27:29:225053>>>  Tank #3 Yellow AI Tank chose to move...
<<<14:27:29:237419>>>  Tank #3 Yellow AI Tank moved one unit CW...
<<<14:27:29:253859>>>  Tank #3 Yellow AI Tank moved one unit CW...
<<<14:27:29:270866>>>  Tank #3 Yellow AI Tank moved one unit CW...
<<<14:27:29:286946>>>  Tank #3 Yellow AI Tank moved one unit CW...
<<<14:27:29:304238>>>  Tank #3 Yellow AI Tank moved one unit CW...
<<<14:27:29:320129>>>  Tank #3 Yellow AI Tank moved one unit CW...
<<<14:27:29:337097>>>  Tank #3 Yellow AI Tank moved one unit CW...
<<<14:27:29:352836>>>  Tank #3 Yellow AI Tank moved one unit CW...
<<<14:27:29:369163>>>  Tank #3 Yellow AI Tank moved one unit CW...
<<<14:27:29:384594>>>  Tank #3 Yellow AI Tank moved one unit CW...
<<<14:27:29:400940>>>  Tank #3 Yellow AI Tank moved one unit CW...
<<<14:27:29:416409>>>  Tank #3 Yellow AI Tank moved one unit CW...
<<<14:27:29:432868>>>  Tank #3 Yellow AI Tank moved one unit CW...
<<<14:27:29:449264>>>  Tank #3 Yellow AI Tank moved one unit CW...
<<<14:27:29:466015>>>  Tank #3 Yellow AI Tank moved one unit CW...
<<<14:27:29:482179>>>  Tank #3 Yellow AI Tank moved one unit CW...
<<<14:27:29:498433>>>  Tank #3 Yellow AI Tank moved one unit CW...
<<<14:27:29:516015>>>  Tank #3 Yellow AI Tank moved one unit CW...
<<<14:27:29:532352>>>  Tank #3 Yellow AI Tank moved one unit CW...
<<<14:27:29:548527>>>  Tank #3 Yellow AI Tank moved one unit CW...
<<<14:27:29:564931>>>  Tank #3 Yellow AI Tank moved one unit CW...
<<<14:27:29:580380>>>  Tank #3 Yellow AI Tank moved one unit CW...
<<<14:27:29:597765>>>  Tank #3 Yellow AI Tank moved one unit CW...
<<<14:27:29:613875>>>  Tank #3 Yellow AI Tank moved one unit CW...
<<<14:27:29:630382>>>  Tank #3 Yellow AI Tank moved one unit CW...
<<<14:27:29:647212>>>  Tank #3 Yellow AI Tank moved one unit CW...
<<<14:27:29:663441>>>  Tank #3 Yellow AI Tank moved one unit CW...
<<<14:27:29:680839>>>  Tank #3 Yellow AI Tank moved one unit CW...
<<<14:27:29:696752>>>  Tank #3 Yellow AI Tank moved one unit CW...
<<<14:27:29:713202>>>  Tank #3 Yellow AI Tank moved one unit CW...
<<<14:27:29:728656>>>  Tank #3 Yellow AI Tank moved one unit CW...
<<<14:27:29:745654>>>  Tank #3 Yellow AI Tank moved one unit CW...
<<<14:27:29:761984>>>  Tank #3 Yellow AI Tank moved one unit CW...
<<<14:27:29:777925>>>  Tank #3 Yellow AI Tank moved one unit CW...
<<<14:27:29:794337>>>  Tank #3 Yellow AI Tank moved one unit CW...
<<<14:27:29:811342>>>  Tank #3 Yellow AI Tank moved one unit CW...
<<<14:27:29:828301>>>  Tank #3 Yellow AI Tank moved one unit CW...
<<<14:27:29:843962>>>  Tank #3 Yellow AI Tank moved one unit CW...
<<<14:27:29:859668>>>  Tank #3 Yellow AI Tank moved one unit CW...
<<<14:27:29:876796>>>  Tank #3 Yellow AI Tank moved one unit CW...
<<<14:27:29:894234>>>  Successfully removed spellready icon from Tank #1 Green Player Tank's effect list!
<<<14:27:29:894810>>>  Tank #3 Yellow AI Tank moved one unit CW...
<<<14:27:29:910571>>>  Tank #3 Yellow AI Tank moved one unit CW...
<<<14:27:29:926073>>>  Tank #3 Yellow AI Tank moved one unit CW...
<<<14:27:29:941768>>>  Tank #3 Yellow AI Tank moved one unit CW...
<<<14:27:29:957688>>>  Tank #3 Yellow AI Tank moved one unit CW...
<<<14:27:29:973779>>>  Tank #3 Yellow AI Tank moved one unit CW...
<<<14:27:29:989779>>>  Tank #3 Yellow AI Tank moved one unit CW...
<<<14:27:30:006869>>>  Tank #3 Yellow AI Tank moved one unit CW...
<<<14:27:30:023062>>>  Tank #3 Yellow AI Tank moved one unit CW...
<<<14:27:30:039480>>>  Tank #3 Yellow AI Tank moved one unit CW...
<<<14:27:30:055890>>>  Tank #3 Yellow AI Tank moved one unit CW...
<<<14:27:30:071787>>>  Tank #3 Yellow AI Tank moved one unit CW...
<<<14:27:30:088234>>>  Tank #3 Yellow AI Tank moved one unit CW...
<<<14:27:30:104511>>>  Tank #3 Yellow AI Tank moved one unit CW...
<<<14:27:30:121068>>>  Tank #3 Yellow AI Tank moved one unit CW...
<<<14:27:30:137519>>>  Tank #3 Yellow AI Tank moved one unit CW...
<<<14:27:30:154053>>>  Tank #3 Yellow AI Tank moved one unit CW...
<<<14:27:30:170108>>>  Tank #3 Yellow AI Tank moved one unit CW...
<<<14:27:30:185656>>>  Tank #3 Yellow AI Tank moved one unit CW...
<<<14:27:30:202255>>>  Tank #3 Yellow AI Tank moved one unit CW...
<<<14:27:30:217778>>>  Tank #3 Yellow AI Tank moved one unit CW...
<<<14:27:30:233666>>>  Tank #3 Yellow AI Tank moved one unit CW...
<<<14:27:30:251037>>>  Tank #3 Yellow AI Tank moved one unit CW...
<<<14:27:30:267480>>>  Tank #3 Yellow AI Tank moved one unit CW...
<<<14:27:30:300553>>>  Successfully removed spellready icon from Tank #3 Yellow AI Tank's effect list!
<<<14:27:30:888291>>>  Successfully removed spellbook from Tank #2 Red AI Tank's effect list!
<<<14:27:30:888291>>>  Tank #2 Red AI Tank chose to shoot...
<<<14:27:30:888291>>>  Deleting effect pixie gravity-rising...
<<<14:27:33:316975>>>  Successfully removed spellbook from Tank #3 Yellow AI Tank's effect list!
<<<14:27:33:316975>>>  Tank #3 Yellow AI Tank chose to move to 3.8372, cururently at 4.6251.
<<<14:27:33:316975>>>  Tank #3 Yellow AI Tank moved one unit CW...
<<<14:27:33:316975>>>  Tank #3 Yellow AI Tank chose to move...
<<<14:27:33:316975>>>  Tank #3 Yellow AI Tank chose to shoot...
<<<14:27:33:316975>>>  Tank #2 Red AI Tank is checking targeting info...
<<<14:27:33:316975>>>  Tank #2 Red AI Tank Launch angle not within tolerances, adjusting firing solution...
<<<14:27:33:316975>>>  Tank #2 Red AI Tank Launch speed not within tolerances, adjusting firing solution...
<<<14:27:33:316975>>>  Tank #2 Red AI Tank adjusted targeting angle one unit CW...
<<<14:27:33:316975>>>  Tank #3 Yellow AI Tank is checking targeting info...
<<<14:27:33:316975>>>  Tank #3 Yellow AI Tank Launch angle not within tolerances, adjusting firing solution...
<<<14:27:33:317971>>>  Tank #3 Yellow AI Tank Launch speed not within tolerances, adjusting firing solution...
<<<14:27:33:317971>>>  Tank #3 Yellow AI Tank adjusted targeting angle one unit CW...
<<<14:27:33:332059>>>  Tank #2 Red AI Tank is checking targeting info...
<<<14:27:33:332059>>>  Tank #2 Red AI Tank Launch angle not within tolerances, adjusting firing solution...
<<<14:27:33:332059>>>  Tank #2 Red AI Tank Launch speed not within tolerances, adjusting firing solution...
<<<14:27:33:332059>>>  Tank #2 Red AI Tank adjusted targeting angle one unit CW...
<<<14:27:33:332059>>>  Tank #3 Yellow AI Tank is checking targeting info...
<<<14:27:33:332059>>>  Tank #3 Yellow AI Tank Launch angle not within tolerances, adjusting firing solution...
<<<14:27:33:332059>>>  Tank #3 Yellow AI Tank Launch speed not within tolerances, adjusting firing solution...
<<<14:27:33:332059>>>  Tank #3 Yellow AI Tank adjusted targeting angle one unit CW...
<<<14:27:33:348795>>>  Tank #2 Red AI Tank is checking targeting info...
<<<14:27:33:348795>>>  Tank #2 Red AI Tank Launch angle not within tolerances, adjusting firing solution...
<<<14:27:33:348795>>>  Tank #2 Red AI Tank Launch speed not within tolerances, adjusting firing solution...
<<<14:27:33:348795>>>  Tank #2 Red AI Tank adjusted targeting angle one unit CW...
<<<14:27:33:348795>>>  Tank #3 Yellow AI Tank is checking targeting info...
<<<14:27:33:348795>>>  Tank #3 Yellow AI Tank Launch angle not within tolerances, adjusting firing solution...
<<<14:27:33:348795>>>  Tank #3 Yellow AI Tank Launch speed not within tolerances, adjusting firing solution...
<<<14:27:33:348795>>>  Tank #3 Yellow AI Tank adjusted targeting angle one unit CW...
<<<14:27:33:366100>>>  Tank #2 Red AI Tank is checking targeting info...
<<<14:27:33:366100>>>  Tank #2 Red AI Tank Launch angle not within tolerances, adjusting firing solution...
<<<14:27:33:366100>>>  Tank #2 Red AI Tank Launch speed not within tolerances, adjusting firing solution...
<<<14:27:33:366100>>>  Tank #2 Red AI Tank adjusted targeting angle one unit CW...
<<<14:27:33:366100>>>  Tank #3 Yellow AI Tank is checking targeting info...
<<<14:27:33:366100>>>  Tank #3 Yellow AI Tank Launch angle not within tolerances, adjusting firing solution...
<<<14:27:33:366100>>>  Tank #3 Yellow AI Tank Launch speed not within tolerances, adjusting firing solution...
<<<14:27:33:366100>>>  Tank #3 Yellow AI Tank adjusted targeting angle one unit CW...
<<<14:27:33:382202>>>  Tank #2 Red AI Tank is checking targeting info...
<<<14:27:33:382202>>>  Tank #2 Red AI Tank Launch angle not within tolerances, adjusting firing solution...
<<<14:27:33:382202>>>  Tank #2 Red AI Tank Launch speed not within tolerances, adjusting firing solution...
<<<14:27:33:382202>>>  Tank #2 Red AI Tank adjusted targeting angle one unit CW...
<<<14:27:33:382202>>>  Tank #3 Yellow AI Tank is checking targeting info...
<<<14:27:33:382202>>>  Tank #3 Yellow AI Tank Launch angle not within tolerances, adjusting firing solution...
<<<14:27:33:382202>>>  Tank #3 Yellow AI Tank Launch speed not within tolerances, adjusting firing solution...
<<<14:27:33:382202>>>  Tank #3 Yellow AI Tank adjusted targeting angle one unit CW...
<<<14:27:33:398981>>>  Tank #2 Red AI Tank is checking targeting info...
<<<14:27:33:398981>>>  Tank #2 Red AI Tank Launch angle not within tolerances, adjusting firing solution...
<<<14:27:33:398981>>>  Tank #2 Red AI Tank Launch speed not within tolerances, adjusting firing solution...
<<<14:27:33:398981>>>  Tank #2 Red AI Tank adjusted targeting angle one unit CW...
<<<14:27:33:398981>>>  Tank #3 Yellow AI Tank is checking targeting info...
<<<14:27:33:398981>>>  Tank #3 Yellow AI Tank Launch angle not within tolerances, adjusting firing solution...
<<<14:27:33:398981>>>  Tank #3 Yellow AI Tank Launch speed not within tolerances, adjusting firing solution...
<<<14:27:33:398981>>>  Tank #3 Yellow AI Tank adjusted targeting angle one unit CW...
<<<14:27:33:415095>>>  Tank #2 Red AI Tank is checking targeting info...
<<<14:27:33:415095>>>  Tank #2 Red AI Tank Launch angle not within tolerances, adjusting firing solution...
<<<14:27:33:415095>>>  Tank #2 Red AI Tank Launch speed not within tolerances, adjusting firing solution...
<<<14:27:33:415095>>>  Tank #2 Red AI Tank adjusted targeting angle one unit CW...
<<<14:27:33:415095>>>  Tank #3 Yellow AI Tank is checking targeting info...
<<<14:27:33:415095>>>  Tank #3 Yellow AI Tank Launch angle not within tolerances, adjusting firing solution...
<<<14:27:33:415095>>>  Tank #3 Yellow AI Tank Launch speed not within tolerances, adjusting firing solution...
<<<14:27:33:415095>>>  Tank #3 Yellow AI Tank adjusted targeting angle one unit CW...
<<<14:27:33:431555>>>  Tank #2 Red AI Tank is checking targeting info...
<<<14:27:33:431555>>>  Tank #2 Red AI Tank Launch angle not within tolerances, adjusting firing solution...
<<<14:27:33:431555>>>  Tank #2 Red AI Tank Launch speed not within tolerances, adjusting firing solution...
<<<14:27:33:431555>>>  Tank #2 Red AI Tank adjusted targeting angle one unit CW...
<<<14:27:33:431555>>>  Tank #3 Yellow AI Tank is checking targeting info...
<<<14:27:33:431555>>>  Tank #3 Yellow AI Tank Launch angle not within tolerances, adjusting firing solution...
<<<14:27:33:431555>>>  Tank #3 Yellow AI Tank Launch speed not within tolerances, adjusting firing solution...
<<<14:27:33:431555>>>  Tank #3 Yellow AI Tank adjusted targeting angle one unit CW...
<<<14:27:33:447792>>>  Tank #2 Red AI Tank is checking targeting info...
<<<14:27:33:447792>>>  Tank #2 Red AI Tank Launch angle not within tolerances, adjusting firing solution...
<<<14:27:33:447792>>>  Tank #2 Red AI Tank Launch speed not within tolerances, adjusting firing solution...
<<<14:27:33:447792>>>  Tank #2 Red AI Tank adjusted targeting angle one unit CW...
<<<14:27:33:447792>>>  Tank #3 Yellow AI Tank is checking targeting info...
<<<14:27:33:447792>>>  Tank #3 Yellow AI Tank Launch angle not within tolerances, adjusting firing solution...
<<<14:27:33:447792>>>  Tank #3 Yellow AI Tank Launch speed not within tolerances, adjusting firing solution...
<<<14:27:33:447792>>>  Tank #3 Yellow AI Tank adjusted targeting angle one unit CW...
<<<14:27:33:463616>>>  Tank #2 Red AI Tank is checking targeting info...
<<<14:27:33:463616>>>  Tank #2 Red AI Tank Launch angle not within tolerances, adjusting firing solution...
<<<14:27:33:463616>>>  Tank #2 Red AI Tank Launch speed not within tolerances, adjusting firing solution...
<<<14:27:33:463616>>>  Tank #2 Red AI Tank adjusted targeting angle one unit CW...
<<<14:27:33:463616>>>  Tank #3 Yellow AI Tank is checking targeting info...
<<<14:27:33:463616>>>  Tank #3 Yellow AI Tank Launch angle not within tolerances, adjusting firing solution...
<<<14:27:33:463616>>>  Tank #3 Yellow AI Tank Launch speed not within tolerances, adjusting firing solution...
<<<14:27:33:463616>>>  Tank #3 Yellow AI Tank adjusted targeting angle one unit CW...
<<<14:27:33:482050>>>  Tank #2 Red AI Tank is checking targeting info...
<<<14:27:33:482050>>>  Tank #2 Red AI Tank Launch angle not within tolerances, adjusting firing solution...
<<<14:27:33:482050>>>  Tank #2 Red AI Tank Launch speed not within tolerances, adjusting firing solution...
<<<14:27:33:482050>>>  Tank #2 Red AI Tank adjusted targeting angle one unit CW...
<<<14:27:33:482050>>>  Tank #3 Yellow AI Tank is checking targeting info...
<<<14:27:33:482050>>>  Tank #3 Yellow AI Tank Launch angle not within tolerances, adjusting firing solution...
<<<14:27:33:482050>>>  Tank #3 Yellow AI Tank Launch speed not within tolerances, adjusting firing solution...
<<<14:27:33:482050>>>  Tank #3 Yellow AI Tank adjusted targeting angle one unit CW...
<<<14:27:33:497029>>>  Tank #2 Red AI Tank is checking targeting info...
<<<14:27:33:497029>>>  Tank #2 Red AI Tank Launch angle not within tolerances, adjusting firing solution...
<<<14:27:33:497029>>>  Tank #2 Red AI Tank Launch speed not within tolerances, adjusting firing solution...
<<<14:27:33:497942>>>  Tank #2 Red AI Tank adjusted targeting angle one unit CW...
<<<14:27:33:497942>>>  Tank #3 Yellow AI Tank is checking targeting info...
<<<14:27:33:497942>>>  Tank #3 Yellow AI Tank Launch angle not within tolerances, adjusting firing solution...
<<<14:27:33:497942>>>  Tank #3 Yellow AI Tank Launch speed not within tolerances, adjusting firing solution...
<<<14:27:33:497942>>>  Tank #3 Yellow AI Tank adjusted targeting angle one unit CW...
<<<14:27:33:512588>>>  Tank #2 Red AI Tank is checking targeting info...
<<<14:27:33:512588>>>  Tank #2 Red AI Tank Launch angle not within tolerances, adjusting firing solution...
<<<14:27:33:512588>>>  Tank #2 Red AI Tank Launch speed not within tolerances, adjusting firing solution...
<<<14:27:33:512588>>>  Tank #2 Red AI Tank adjusted targeting angle one unit CW...
<<<14:27:33:512588>>>  Tank #3 Yellow AI Tank is checking targeting info...
<<<14:27:33:513484>>>  Tank #3 Yellow AI Tank Launch angle not within tolerances, adjusting firing solution...
<<<14:27:33:513484>>>  Tank #3 Yellow AI Tank Launch speed not within tolerances, adjusting firing solution...
<<<14:27:33:513484>>>  Tank #3 Yellow AI Tank adjusted targeting angle one unit CW...
<<<14:27:33:528867>>>  Tank #2 Red AI Tank is checking targeting info...
<<<14:27:33:528867>>>  Tank #2 Red AI Tank Launch angle not within tolerances, adjusting firing solution...
<<<14:27:33:528867>>>  Tank #2 Red AI Tank Launch speed not within tolerances, adjusting firing solution...
<<<14:27:33:529877>>>  Tank #2 Red AI Tank adjusted targeting angle one unit CW...
<<<14:27:33:529877>>>  Tank #3 Yellow AI Tank is checking targeting info...
<<<14:27:33:529877>>>  Tank #3 Yellow AI Tank Launch angle not within tolerances, adjusting firing solution...
<<<14:27:33:529877>>>  Tank #3 Yellow AI Tank Launch speed not within tolerances, adjusting firing solution...
<<<14:27:33:529877>>>  Tank #3 Yellow AI Tank adjusted targeting angle one unit CW...
<<<14:27:33:545615>>>  Tank #2 Red AI Tank is checking targeting info...
<<<14:27:33:546558>>>  Tank #2 Red AI Tank Launch angle not within tolerances, adjusting firing solution...
<<<14:27:33:546558>>>  Tank #2 Red AI Tank Launch speed not within tolerances, adjusting firing solution...
<<<14:27:33:546558>>>  Tank #2 Red AI Tank adjusted targeting angle one unit CW...
<<<14:27:33:546558>>>  Tank #3 Yellow AI Tank is checking targeting info...
<<<14:27:33:546558>>>  Tank #3 Yellow AI Tank Launch angle not within tolerances, adjusting firing solution...
<<<14:27:33:546558>>>  Tank #3 Yellow AI Tank Launch speed not within tolerances, adjusting firing solution...
<<<14:27:33:546558>>>  Tank #3 Yellow AI Tank adjusted targeting angle one unit CW...
<<<14:27:33:561893>>>  Tank #2 Red AI Tank is checking targeting info...
<<<14:27:33:561893>>>  Tank #2 Red AI Tank Launch angle not within tolerances, adjusting firing solution...
<<<14:27:33:561893>>>  Tank #2 Red AI Tank Launch speed not within tolerances, adjusting firing solution...
<<<14:27:33:561893>>>  Tank #2 Red AI Tank adjusted targeting angle one unit CW...
<<<14:27:33:561893>>>  Tank #3 Yellow AI Tank is checking targeting info...
<<<14:27:33:561893>>>  Tank #3 Yellow AI Tank Launch angle not within tolerances, adjusting firing solution...
<<<14:27:33:561893>>>  Tank #3 Yellow AI Tank Launch speed not within tolerances, adjusting firing solution...
<<<14:27:33:561893>>>  Tank #3 Yellow AI Tank adjusted targeting angle one unit CW...
<<<14:27:33:577961>>>  Tank #2 Red AI Tank is checking targeting info...
<<<14:27:33:577961>>>  Tank #2 Red AI Tank Launch angle not within tolerances, adjusting firing solution...
<<<14:27:33:577961>>>  Tank #2 Red AI Tank Launch speed not within tolerances, adjusting firing solution...
<<<14:27:33:577961>>>  Tank #2 Red AI Tank adjusted targeting angle one unit CW...
<<<14:27:33:577961>>>  Tank #3 Yellow AI Tank is checking targeting info...
<<<14:27:33:578970>>>  Tank #3 Yellow AI Tank Launch angle not within tolerances, adjusting firing solution...
<<<14:27:33:578970>>>  Tank #3 Yellow AI Tank Launch speed not within tolerances, adjusting firing solution...
<<<14:27:33:578970>>>  Tank #3 Yellow AI Tank adjusted targeting angle one unit CW...
<<<14:27:33:593736>>>  Tank #2 Red AI Tank is checking targeting info...
<<<14:27:33:593736>>>  Tank #2 Red AI Tank Launch angle not within tolerances, adjusting firing solution...
<<<14:27:33:594812>>>  Tank #2 Red AI Tank Launch speed not within tolerances, adjusting firing solution...
<<<14:27:33:594812>>>  Tank #2 Red AI Tank adjusted targeting angle one unit CW...
<<<14:27:33:594812>>>  Tank #3 Yellow AI Tank is checking targeting info...
<<<14:27:33:594812>>>  Tank #3 Yellow AI Tank Launch angle not within tolerances, adjusting firing solution...
<<<14:27:33:594812>>>  Tank #3 Yellow AI Tank Launch speed not within tolerances, adjusting firing solution...
<<<14:27:33:594812>>>  Tank #3 Yellow AI Tank adjusted targeting angle one unit CW...
<<<14:27:33:610538>>>  Tank #2 Red AI Tank is checking targeting info...
<<<14:27:33:610538>>>  Tank #2 Red AI Tank Launch angle not within tolerances, adjusting firing solution...
<<<14:27:33:610538>>>  Tank #2 Red AI Tank Launch speed not within tolerances, adjusting firing solution...
<<<14:27:33:611549>>>  Tank #2 Red AI Tank adjusted targeting angle one unit CW...
<<<14:27:33:611549>>>  Tank #3 Yellow AI Tank is checking targeting info...
<<<14:27:33:611549>>>  Tank #3 Yellow AI Tank Launch angle not within tolerances, adjusting firing solution...
<<<14:27:33:611549>>>  Tank #3 Yellow AI Tank Launch speed not within tolerances, adjusting firing solution...
<<<14:27:33:611549>>>  Tank #3 Yellow AI Tank adjusted targeting angle one unit CW...
<<<14:27:33:626586>>>  Tank #2 Red AI Tank is checking targeting info...
<<<14:27:33:626586>>>  Tank #2 Red AI Tank Launch angle not within tolerances, adjusting firing solution...
<<<14:27:33:626586>>>  Tank #2 Red AI Tank Launch speed not within tolerances, adjusting firing solution...
<<<14:27:33:626586>>>  Tank #2 Red AI Tank adjusted targeting angle one unit CW...
<<<14:27:33:626586>>>  Tank #3 Yellow AI Tank is checking targeting info...
<<<14:27:33:626586>>>  Tank #3 Yellow AI Tank Launch angle not within tolerances, adjusting firing solution...
<<<14:27:33:626586>>>  Tank #3 Yellow AI Tank Launch speed not within tolerances, adjusting firing solution...
<<<14:27:33:626586>>>  Tank #3 Yellow AI Tank adjusted targeting angle one unit CW...
<<<14:27:33:643573>>>  Tank #2 Red AI Tank is checking targeting info...
<<<14:27:33:643573>>>  Tank #2 Red AI Tank Launch angle not within tolerances, adjusting firing solution...
<<<14:27:33:643573>>>  Tank #2 Red AI Tank Launch speed not within tolerances, adjusting firing solution...
<<<14:27:33:643573>>>  Tank #2 Red AI Tank adjusted targeting angle one unit CW...
<<<14:27:33:643573>>>  Tank #3 Yellow AI Tank is checking targeting info...
<<<14:27:33:643822>>>  Tank #3 Yellow AI Tank Launch angle not within tolerances, adjusting firing solution...
<<<14:27:33:643842>>>  Tank #3 Yellow AI Tank Launch speed not within tolerances, adjusting firing solution...
<<<14:27:33:643853>>>  Tank #3 Yellow AI Tank adjusted targeting angle one unit CW...
<<<14:27:33:658919>>>  Tank #2 Red AI Tank is checking targeting info...
<<<14:27:33:658919>>>  Tank #2 Red AI Tank Launch angle not within tolerances, adjusting firing solution...
<<<14:27:33:658919>>>  Tank #2 Red AI Tank Launch speed not within tolerances, adjusting firing solution...
<<<14:27:33:658919>>>  Tank #2 Red AI Tank adjusted targeting angle one unit CW...
<<<14:27:33:658919>>>  Tank #3 Yellow AI Tank is checking targeting info...
<<<14:27:33:658919>>>  Tank #3 Yellow AI Tank Launch angle not within tolerances, adjusting firing solution...
<<<14:27:33:658919>>>  Tank #3 Yellow AI Tank Launch speed not within tolerances, adjusting firing solution...
<<<14:27:33:658919>>>  Tank #3 Yellow AI Tank adjusted targeting angle one unit CW...
<<<14:27:33:675636>>>  Deleting effect pixie thawing...
<<<14:27:33:675636>>>  Deleting effect pixie thawing...
<<<14:27:33:675636>>>  Tank #2 Red AI Tank is checking targeting info...
<<<14:27:33:675636>>>  Tank #2 Red AI Tank Launch angle not within tolerances, adjusting firing solution...
<<<14:27:33:675636>>>  Tank #2 Red AI Tank Launch speed not within tolerances, adjusting firing solution...
<<<14:27:33:675636>>>  Tank #2 Red AI Tank adjusted targeting angle one unit CW...
<<<14:27:33:675636>>>  Tank #3 Yellow AI Tank is checking targeting info...
<<<14:27:33:675636>>>  Tank #3 Yellow AI Tank Launch angle not within tolerances, adjusting firing solution...
<<<14:27:33:675636>>>  Tank #3 Yellow AI Tank Launch speed not within tolerances, adjusting firing solution...
<<<14:27:33:675636>>>  Tank #3 Yellow AI Tank adjusted targeting angle one unit CW...
<<<14:27:33:691647>>>  Tank #2 Red AI Tank is checking targeting info...
<<<14:27:33:691647>>>  Tank #2 Red AI Tank Launch angle not within tolerances, adjusting firing solution...
<<<14:27:33:691647>>>  Tank #2 Red AI Tank Launch speed not within tolerances, adjusting firing solution...
<<<14:27:33:691647>>>  Tank #2 Red AI Tank adjusted targeting angle one unit CW...
<<<14:27:33:691647>>>  Tank #3 Yellow AI Tank is checking targeting info...
<<<14:27:33:691647>>>  Tank #3 Yellow AI Tank Launch angle not within tolerances, adjusting firing solution...
<<<14:27:33:691647>>>  Tank #3 Yellow AI Tank Launch speed not within tolerances, adjusting firing solution...
<<<14:27:33:691647>>>  Tank #3 Yellow AI Tank adjusted targeting angle one unit CW...
<<<14:27:33:707726>>>  Tank #2 Red AI Tank is checking targeting info...
<<<14:27:33:707726>>>  Tank #2 Red AI Tank Launch angle not within tolerances, adjusting firing solution...
<<<14:27:33:707726>>>  Tank #2 Red AI Tank Launch speed not within tolerances, adjusting firing solution...
<<<14:27:33:707726>>>  Tank #2 Red AI Tank adjusted targeting angle one unit CW...
<<<14:27:33:707726>>>  Tank #3 Yellow AI Tank is checking targeting info...
<<<14:27:33:707726>>>  Tank #3 Yellow AI Tank Launch angle not within tolerances, adjusting firing solution...
<<<14:27:33:707726>>>  Tank #3 Yellow AI Tank Launch speed not within tolerances, adjusting firing solution...
<<<14:27:33:707726>>>  Tank #3 Yellow AI Tank adjusted targeting angle one unit CW...
<<<14:27:33:724226>>>  Tank #2 Red AI Tank is checking targeting info...
<<<14:27:33:724226>>>  Tank #2 Red AI Tank Launch angle not within tolerances, adjusting firing solution...
<<<14:27:33:724226>>>  Tank #2 Red AI Tank Launch speed not within tolerances, adjusting firing solution...
<<<14:27:33:724226>>>  Tank #2 Red AI Tank adjusted targeting angle one unit CW...
<<<14:27:33:724226>>>  Tank #3 Yellow AI Tank is checking targeting info...
<<<14:27:33:724226>>>  Tank #3 Yellow AI Tank Launch angle not within tolerances, adjusting firing solution...
<<<14:27:33:724226>>>  Tank #3 Yellow AI Tank Launch speed not within tolerances, adjusting firing solution...
<<<14:27:33:724226>>>  Tank #3 Yellow AI Tank adjusted targeting angle one unit CW...
<<<14:27:33:740292>>>  Tank #2 Red AI Tank is checking targeting info...
<<<14:27:33:740292>>>  Tank #2 Red AI Tank Launch angle not within tolerances, adjusting firing solution...
<<<14:27:33:740292>>>  Tank #2 Red AI Tank Launch speed not within tolerances, adjusting firing solution...
<<<14:27:33:740292>>>  Tank #2 Red AI Tank adjusted targeting angle one unit CW...
<<<14:27:33:740292>>>  Tank #3 Yellow AI Tank is checking targeting info...
<<<14:27:33:740292>>>  Tank #3 Yellow AI Tank Launch angle not within tolerances, adjusting firing solution...
<<<14:27:33:740292>>>  Tank #3 Yellow AI Tank Launch speed not within tolerances, adjusting firing solution...
<<<14:27:33:740292>>>  Tank #3 Yellow AI Tank adjusted targeting angle one unit CW...
<<<14:27:33:755647>>>  Tank #2 Red AI Tank is checking targeting info...
<<<14:27:33:755647>>>  Tank #2 Red AI Tank Launch angle not within tolerances, adjusting firing solution...
<<<14:27:33:755647>>>  Tank #2 Red AI Tank Launch speed not within tolerances, adjusting firing solution...
<<<14:27:33:755647>>>  Tank #2 Red AI Tank adjusted targeting angle one unit CW...
<<<14:27:33:755647>>>  Tank #3 Yellow AI Tank is checking targeting info...
<<<14:27:33:755647>>>  Tank #3 Yellow AI Tank Launch angle not within tolerances, adjusting firing solution...
<<<14:27:33:755647>>>  Tank #3 Yellow AI Tank Launch speed not within tolerances, adjusting firing solution...
<<<14:27:33:755647>>>  Tank #3 Yellow AI Tank adjusted targeting angle one unit CW...
<<<14:27:33:771669>>>  Tank #2 Red AI Tank is checking targeting info...
<<<14:27:33:771669>>>  Tank #2 Red AI Tank Launch angle not within tolerances, adjusting firing solution...
<<<14:27:33:771669>>>  Tank #2 Red AI Tank Launch speed not within tolerances, adjusting firing solution...
<<<14:27:33:771669>>>  Tank #2 Red AI Tank adjusted targeting angle one unit CW...
<<<14:27:33:771669>>>  Tank #3 Yellow AI Tank is checking targeting info...
<<<14:27:33:772743>>>  Tank #3 Yellow AI Tank Launch angle not within tolerances, adjusting firing solution...
<<<14:27:33:772743>>>  Tank #3 Yellow AI Tank Launch speed not within tolerances, adjusting firing solution...
<<<14:27:33:772743>>>  Tank #3 Yellow AI Tank adjusted targeting angle one unit CW...
<<<14:27:33:788345>>>  Tank #2 Red AI Tank is checking targeting info...
<<<14:27:33:788345>>>  Tank #2 Red AI Tank Launch angle not within tolerances, adjusting firing solution...
<<<14:27:33:788345>>>  Tank #2 Red AI Tank Launch speed not within tolerances, adjusting firing solution...
<<<14:27:33:788345>>>  Tank #2 Red AI Tank adjusted targeting angle one unit CW...
<<<14:27:33:788345>>>  Tank #3 Yellow AI Tank is checking targeting info...
<<<14:27:33:788345>>>  Tank #3 Yellow AI Tank Launch angle not within tolerances, adjusting firing solution...
<<<14:27:33:788345>>>  Tank #3 Yellow AI Tank Launch speed not within tolerances, adjusting firing solution...
<<<14:27:33:789425>>>  Tank #3 Yellow AI Tank adjusted targeting angle one unit CW...
<<<14:27:33:805619>>>  Tank #2 Red AI Tank is checking targeting info...
<<<14:27:33:805619>>>  Tank #2 Red AI Tank Launch angle not within tolerances, adjusting firing solution...
<<<14:27:33:805619>>>  Tank #2 Red AI Tank Launch speed not within tolerances, adjusting firing solution...
<<<14:27:33:805619>>>  Tank #2 Red AI Tank adjusted targeting angle one unit CW...
<<<14:27:33:805619>>>  Tank #3 Yellow AI Tank is checking targeting info...
<<<14:27:33:805619>>>  Tank #3 Yellow AI Tank Launch angle not within tolerances, adjusting firing solution...
<<<14:27:33:805619>>>  Tank #3 Yellow AI Tank Launch speed not within tolerances, adjusting firing solution...
<<<14:27:33:805619>>>  Tank #3 Yellow AI Tank adjusted targeting angle one unit CW...
<<<14:27:33:823194>>>  Tank #2 Red AI Tank is checking targeting info...
<<<14:27:33:823194>>>  Tank #2 Red AI Tank Launch angle not within tolerances, adjusting firing solution...
<<<14:27:33:823194>>>  Tank #2 Red AI Tank Launch speed not within tolerances, adjusting firing solution...
<<<14:27:33:823194>>>  Tank #2 Red AI Tank adjusted targeting angle one unit CW...
<<<14:27:33:823194>>>  Tank #3 Yellow AI Tank is checking targeting info...
<<<14:27:33:823194>>>  Tank #3 Yellow AI Tank Launch angle not within tolerances, adjusting firing solution...
<<<14:27:33:823194>>>  Tank #3 Yellow AI Tank Launch speed not within tolerances, adjusting firing solution...
<<<14:27:33:824203>>>  Tank #3 Yellow AI Tank adjusted targeting angle one unit CW...
<<<14:27:33:839639>>>  Tank #2 Red AI Tank is checking targeting info...
<<<14:27:33:839639>>>  Tank #2 Red AI Tank Launch angle not within tolerances, adjusting firing solution...
<<<14:27:33:839639>>>  Tank #2 Red AI Tank Launch speed not within tolerances, adjusting firing solution...
<<<14:27:33:839639>>>  Tank #2 Red AI Tank adjusted targeting angle one unit CW...
<<<14:27:33:839639>>>  Tank #3 Yellow AI Tank is checking targeting info...
<<<14:27:33:839639>>>  Tank #3 Yellow AI Tank Launch angle not within tolerances, adjusting firing solution...
<<<14:27:33:839639>>>  Tank #3 Yellow AI Tank Launch speed not within tolerances, adjusting firing solution...
<<<14:27:33:839639>>>  Tank #3 Yellow AI Tank adjusted targeting angle one unit CW...
<<<14:27:33:856310>>>  Tank #2 Red AI Tank is checking targeting info...
<<<14:27:33:856310>>>  Tank #2 Red AI Tank Launch angle not within tolerances, adjusting firing solution...
<<<14:27:33:856310>>>  Tank #2 Red AI Tank Launch speed not within tolerances, adjusting firing solution...
<<<14:27:33:856310>>>  Tank #2 Red AI Tank adjusted targeting angle one unit CW...
<<<14:27:33:856310>>>  Tank #3 Yellow AI Tank is checking targeting info...
<<<14:27:33:856310>>>  Tank #3 Yellow AI Tank Launch angle not within tolerances, adjusting firing solution...
<<<14:27:33:856310>>>  Tank #3 Yellow AI Tank Launch speed not within tolerances, adjusting firing solution...
<<<14:27:33:856310>>>  Tank #3 Yellow AI Tank adjusted targeting angle one unit CW...
<<<14:27:33:872947>>>  Tank #2 Red AI Tank is checking targeting info...
<<<14:27:33:872947>>>  Tank #2 Red AI Tank Launch angle not within tolerances, adjusting firing solution...
<<<14:27:33:872947>>>  Tank #2 Red AI Tank Launch speed not within tolerances, adjusting firing solution...
<<<14:27:33:872947>>>  Tank #2 Red AI Tank adjusted targeting angle one unit CW...
<<<14:27:33:872947>>>  Tank #3 Yellow AI Tank is checking targeting info...
<<<14:27:33:872947>>>  Tank #3 Yellow AI Tank Launch angle not within tolerances, adjusting firing solution...
<<<14:27:33:872947>>>  Tank #3 Yellow AI Tank Launch speed not within tolerances, adjusting firing solution...
<<<14:27:33:872947>>>  Tank #3 Yellow AI Tank adjusted targeting angle one unit CW...
<<<14:27:33:889909>>>  Tank #2 Red AI Tank is checking targeting info...
<<<14:27:33:889909>>>  Tank #2 Red AI Tank Launch angle not within tolerances, adjusting firing solution...
<<<14:27:33:889909>>>  Tank #2 Red AI Tank Launch speed not within tolerances, adjusting firing solution...
<<<14:27:33:889909>>>  Tank #2 Red AI Tank adjusted targeting angle one unit CW...
<<<14:27:33:889909>>>  Tank #3 Yellow AI Tank is checking targeting info...
<<<14:27:33:889909>>>  Tank #3 Yellow AI Tank Launch angle not within tolerances, adjusting firing solution...
<<<14:27:33:889909>>>  Tank #3 Yellow AI Tank Launch speed not within tolerances, adjusting firing solution...
<<<14:27:33:889909>>>  Tank #3 Yellow AI Tank adjusted targeting angle one unit CW...
<<<14:27:33:906339>>>  Tank #2 Red AI Tank is checking targeting info...
<<<14:27:33:906339>>>  Tank #2 Red AI Tank Launch angle not within tolerances, adjusting firing solution...
<<<14:27:33:906339>>>  Tank #2 Red AI Tank Launch speed not within tolerances, adjusting firing solution...
<<<14:27:33:906339>>>  Tank #2 Red AI Tank adjusted targeting angle one unit CW...
<<<14:27:33:906339>>>  Tank #3 Yellow AI Tank is checking targeting info...
<<<14:27:33:906339>>>  Tank #3 Yellow AI Tank Launch angle not within tolerances, adjusting firing solution...
<<<14:27:33:906339>>>  Tank #3 Yellow AI Tank Launch speed not within tolerances, adjusting firing solution...
<<<14:27:33:906339>>>  Tank #3 Yellow AI Tank adjusted targeting angle one unit CW...
<<<14:27:33:922772>>>  Tank #2 Red AI Tank is checking targeting info...
<<<14:27:33:922772>>>  Tank #2 Red AI Tank Launch angle not within tolerances, adjusting firing solution...
<<<14:27:33:922772>>>  Tank #2 Red AI Tank Launch speed not within tolerances, adjusting firing solution...
<<<14:27:33:923782>>>  Tank #2 Red AI Tank adjusted targeting angle one unit CW...
<<<14:27:33:923782>>>  Tank #3 Yellow AI Tank is checking targeting info...
<<<14:27:33:923782>>>  Tank #3 Yellow AI Tank Launch angle not within tolerances, adjusting firing solution...
<<<14:27:33:923782>>>  Tank #3 Yellow AI Tank Launch speed not within tolerances, adjusting firing solution...
<<<14:27:33:923782>>>  Tank #3 Yellow AI Tank adjusted targeting angle one unit CW...
<<<14:27:33:939364>>>  Tank #2 Red AI Tank is checking targeting info...
<<<14:27:33:939364>>>  Tank #2 Red AI Tank Launch angle not within tolerances, adjusting firing solution...
<<<14:27:33:939364>>>  Tank #2 Red AI Tank Launch speed not within tolerances, adjusting firing solution...
<<<14:27:33:939364>>>  Tank #2 Red AI Tank adjusted targeting angle one unit CW...
<<<14:27:33:939364>>>  Tank #3 Yellow AI Tank is checking targeting info...
<<<14:27:33:939364>>>  Tank #3 Yellow AI Tank Launch angle not within tolerances, adjusting firing solution...
<<<14:27:33:939364>>>  Tank #3 Yellow AI Tank Launch speed not within tolerances, adjusting firing solution...
<<<14:27:33:939364>>>  Tank #3 Yellow AI Tank adjusted targeting angle one unit CW...
<<<14:27:33:955898>>>  Tank #2 Red AI Tank is checking targeting info...
<<<14:27:33:955898>>>  Tank #2 Red AI Tank Launch angle not within tolerances, adjusting firing solution...
<<<14:27:33:955898>>>  Tank #2 Red AI Tank Launch speed not within tolerances, adjusting firing solution...
<<<14:27:33:955898>>>  Tank #2 Red AI Tank adjusted targeting angle one unit CW...
<<<14:27:33:955898>>>  Tank #3 Yellow AI Tank is checking targeting info...
<<<14:27:33:955898>>>  Tank #3 Yellow AI Tank Launch angle not within tolerances, adjusting firing solution...
<<<14:27:33:955898>>>  Tank #3 Yellow AI Tank Launch speed not within tolerances, adjusting firing solution...
<<<14:27:33:955898>>>  Tank #3 Yellow AI Tank adjusted targeting angle one unit CW...
<<<14:27:33:971551>>>  Tank #2 Red AI Tank is checking targeting info...
<<<14:27:33:971551>>>  Tank #2 Red AI Tank Launch angle not within tolerances, adjusting firing solution...
<<<14:27:33:971551>>>  Tank #2 Red AI Tank Launch speed not within tolerances, adjusting firing solution...
<<<14:27:33:971551>>>  Tank #2 Red AI Tank adjusted targeting angle one unit CW...
<<<14:27:33:971551>>>  Tank #3 Yellow AI Tank is checking targeting info...
<<<14:27:33:971551>>>  Tank #3 Yellow AI Tank Launch angle not within tolerances, adjusting firing solution...
<<<14:27:33:971551>>>  Tank #3 Yellow AI Tank Launch speed not within tolerances, adjusting firing solution...
<<<14:27:33:971551>>>  Tank #3 Yellow AI Tank adjusted targeting angle one unit CW...
<<<14:27:33:988302>>>  Tank #2 Red AI Tank is checking targeting info...
<<<14:27:33:988302>>>  Tank #2 Red AI Tank Launch angle not within tolerances, adjusting firing solution...
<<<14:27:33:988302>>>  Tank #2 Red AI Tank Launch speed not within tolerances, adjusting firing solution...
<<<14:27:33:988302>>>  Tank #2 Red AI Tank adjusted targeting angle one unit CW...
<<<14:27:33:988302>>>  Tank #3 Yellow AI Tank is checking targeting info...
<<<14:27:33:988302>>>  Tank #3 Yellow AI Tank Launch angle not within tolerances, adjusting firing solution...
<<<14:27:33:988302>>>  Tank #3 Yellow AI Tank Launch speed not within tolerances, adjusting firing solution...
<<<14:27:33:988302>>>  Tank #3 Yellow AI Tank adjusted targeting angle one unit CW...
<<<14:27:34:005661>>>  Tank #2 Red AI Tank is checking targeting info...
<<<14:27:34:005661>>>  Tank #2 Red AI Tank Launch angle not within tolerances, adjusting firing solution...
<<<14:27:34:005661>>>  Tank #2 Red AI Tank Launch speed not within tolerances, adjusting firing solution...
<<<14:27:34:005661>>>  Tank #2 Red AI Tank adjusted targeting angle one unit CW...
<<<14:27:34:005661>>>  Tank #3 Yellow AI Tank is checking targeting info...
<<<14:27:34:005661>>>  Tank #3 Yellow AI Tank Launch angle not within tolerances, adjusting firing solution...
<<<14:27:34:005661>>>  Tank #3 Yellow AI Tank Launch speed not within tolerances, adjusting firing solution...
<<<14:27:34:005661>>>  Tank #3 Yellow AI Tank adjusted targeting angle one unit CW...
<<<14:27:34:022398>>>  Tank #2 Red AI Tank is checking targeting info...
<<<14:27:34:022398>>>  Tank #2 Red AI Tank Launch angle not within tolerances, adjusting firing solution...
<<<14:27:34:022398>>>  Tank #2 Red AI Tank Launch speed not within tolerances, adjusting firing solution...
<<<14:27:34:022398>>>  Tank #2 Red AI Tank adjusted targeting angle one unit CW...
<<<14:27:34:022398>>>  Tank #3 Yellow AI Tank is checking targeting info...
<<<14:27:34:022398>>>  Tank #3 Yellow AI Tank Launch angle not within tolerances, adjusting firing solution...
<<<14:27:34:022398>>>  Tank #3 Yellow AI Tank Launch speed not within tolerances, adjusting firing solution...
<<<14:27:34:022398>>>  Tank #3 Yellow AI Tank adjusted targeting angle one unit CW...
<<<14:27:34:039778>>>  Tank #2 Red AI Tank is checking targeting info...
<<<14:27:34:039778>>>  Tank #2 Red AI Tank Launch angle not within tolerances, adjusting firing solution...
<<<14:27:34:039778>>>  Tank #2 Red AI Tank Launch speed not within tolerances, adjusting firing solution...
<<<14:27:34:039778>>>  Tank #2 Red AI Tank adjusted targeting angle one unit CW...
<<<14:27:34:039778>>>  Tank #3 Yellow AI Tank is checking targeting info...
<<<14:27:34:039778>>>  Tank #3 Yellow AI Tank Launch angle not within tolerances, adjusting firing solution...
<<<14:27:34:039778>>>  Tank #3 Yellow AI Tank Launch speed not within tolerances, adjusting firing solution...
<<<14:27:34:039778>>>  Tank #3 Yellow AI Tank adjusted targeting angle one unit CW...
<<<14:27:34:057362>>>  Tank #2 Red AI Tank is checking targeting info...
<<<14:27:34:057362>>>  Tank #2 Red AI Tank increased launch speed one unit...
<<<14:27:34:057362>>>  Tank #3 Yellow AI Tank is checking targeting info...
<<<14:27:34:057362>>>  Tank #3 Yellow AI Tank increased launch speed one unit...
<<<14:27:34:073743>>>  Tank #2 Red AI Tank is checking targeting info...
<<<14:27:34:073743>>>  Tank #2 Red AI Tank increased launch speed one unit...
<<<14:27:34:073743>>>  Tank #3 Yellow AI Tank is checking targeting info...
<<<14:27:34:073743>>>  Tank #3 Yellow AI Tank increased launch speed one unit...
<<<14:27:34:090411>>>  Tank #2 Red AI Tank is checking targeting info...
<<<14:27:34:090411>>>  Tank #2 Red AI Tank increased launch speed one unit...
<<<14:27:34:091415>>>  Tank #3 Yellow AI Tank is checking targeting info...
<<<14:27:34:091415>>>  Tank #3 Yellow AI Tank increased launch speed one unit...
<<<14:27:34:107979>>>  Tank #2 Red AI Tank is checking targeting info...
<<<14:27:34:108989>>>  Tank #2 Red AI Tank increased launch speed one unit...
<<<14:27:34:108989>>>  Tank #3 Yellow AI Tank is checking targeting info...
<<<14:27:34:108989>>>  Tank #3 Yellow AI Tank increased launch speed one unit...
<<<14:27:34:123924>>>  Tank #2 Red AI Tank is checking targeting info...
<<<14:27:34:123924>>>  Tank #2 Red AI Tank increased launch speed one unit...
<<<14:27:34:123924>>>  Tank #3 Yellow AI Tank is checking targeting info...
<<<14:27:34:123924>>>  Tank #3 Yellow AI Tank increased launch speed one unit...
<<<14:27:34:140373>>>  Tank #2 Red AI Tank is checking targeting info...
<<<14:27:34:140373>>>  Tank #2 Red AI Tank increased launch speed one unit...
<<<14:27:34:140373>>>  Tank #3 Yellow AI Tank is checking targeting info...
<<<14:27:34:141382>>>  Tank #3 Yellow AI Tank increased launch speed one unit...
<<<14:27:34:157942>>>  Tank #2 Red AI Tank is checking targeting info...
<<<14:27:34:158951>>>  Tank #2 Red AI Tank increased launch speed one unit...
<<<14:27:34:158951>>>  Tank #3 Yellow AI Tank is checking targeting info...
<<<14:27:34:158951>>>  Tank #3 Yellow AI Tank increased launch speed one unit...
<<<14:27:34:174406>>>  Tank #2 Red AI Tank is checking targeting info...
<<<14:27:34:174406>>>  Tank #2 Red AI Tank increased launch speed one unit...
<<<14:27:34:174406>>>  Tank #3 Yellow AI Tank is checking targeting info...
<<<14:27:34:174406>>>  Tank #3 Yellow AI Tank increased launch speed one unit...
<<<14:27:34:191325>>>  Tank #2 Red AI Tank is checking targeting info...
<<<14:27:34:191325>>>  Tank #2 Red AI Tank increased launch speed one unit...
<<<14:27:34:191325>>>  Tank #3 Yellow AI Tank is checking targeting info...
<<<14:27:34:191325>>>  Tank #3 Yellow AI Tank increased launch speed one unit...
<<<14:27:34:206848>>>  Tank #2 Red AI Tank is checking targeting info...
<<<14:27:34:206848>>>  Tank #2 Red AI Tank increased launch speed one unit...
<<<14:27:34:206848>>>  Tank #3 Yellow AI Tank is checking targeting info...
<<<14:27:34:206848>>>  Tank #3 Yellow AI Tank increased launch speed one unit...
<<<14:27:34:223304>>>  Tank #2 Red AI Tank is checking targeting info...
<<<14:27:34:223304>>>  Tank #2 Red AI Tank increased launch speed one unit...
<<<14:27:34:223304>>>  Tank #3 Yellow AI Tank is checking targeting info...
<<<14:27:34:223304>>>  Tank #3 Yellow AI Tank increased launch speed one unit...
<<<14:27:34:239911>>>  Tank #2 Red AI Tank is checking targeting info...
<<<14:27:34:239911>>>  Tank #2 Red AI Tank increased launch speed one unit...
<<<14:27:34:239911>>>  Tank #3 Yellow AI Tank is checking targeting info...
<<<14:27:34:239911>>>  Tank #3 Yellow AI Tank increased launch speed one unit...
<<<14:27:34:255805>>>  Tank #2 Red AI Tank is checking targeting info...
<<<14:27:34:255805>>>  Tank #2 Red AI Tank increased launch speed one unit...
<<<14:27:34:255805>>>  Tank #3 Yellow AI Tank is checking targeting info...
<<<14:27:34:255805>>>  Tank #3 Yellow AI Tank increased launch speed one unit...
<<<14:27:34:272496>>>  Tank #2 Red AI Tank is checking targeting info...
<<<14:27:34:272496>>>  Tank #2 Red AI Tank increased launch speed one unit...
<<<14:27:34:272496>>>  Tank #3 Yellow AI Tank is checking targeting info...
<<<14:27:34:272496>>>  Tank #3 Yellow AI Tank increased launch speed one unit...
<<<14:27:34:290080>>>  Tank #2 Red AI Tank is checking targeting info...
<<<14:27:34:290080>>>  Tank #2 Red AI Tank increased launch speed one unit...
<<<14:27:34:290080>>>  Tank #3 Yellow AI Tank is checking targeting info...
<<<14:27:34:290080>>>  Tank #3 Yellow AI Tank increased launch speed one unit...
<<<14:27:34:305962>>>  Tank #2 Red AI Tank is checking targeting info...
<<<14:27:34:305962>>>  Tank #2 Red AI Tank increased launch speed one unit...
<<<14:27:34:305962>>>  Tank #3 Yellow AI Tank is checking targeting info...
<<<14:27:34:305962>>>  Tank #3 Yellow AI Tank increased launch speed one unit...
<<<14:27:34:321827>>>  Tank #2 Red AI Tank is checking targeting info...
<<<14:27:34:321827>>>  Tank #2 Red AI Tank increased launch speed one unit...
<<<14:27:34:321827>>>  Tank #3 Yellow AI Tank is checking targeting info...
<<<14:27:34:321827>>>  Tank #3 Yellow AI Tank increased launch speed one unit...
<<<14:27:34:338375>>>  Tank #2 Red AI Tank is checking targeting info...
<<<14:27:34:338375>>>  Tank #2 Red AI Tank increased launch speed one unit...
<<<14:27:34:338375>>>  Tank #3 Yellow AI Tank is checking targeting info...
<<<14:27:34:339450>>>  Tank #3 Yellow AI Tank increased launch speed one unit...
<<<14:27:34:354532>>>  Tank #2 Red AI Tank is checking targeting info...
<<<14:27:34:354532>>>  Tank #2 Red AI Tank increased launch speed one unit...
<<<14:27:34:354532>>>  Tank #3 Yellow AI Tank is checking targeting info...
<<<14:27:34:354532>>>  Tank #3 Yellow AI Tank increased launch speed one unit...
<<<14:27:34:372762>>>  Tank #2 Red AI Tank is checking targeting info...
<<<14:27:34:372762>>>  Tank #2 Red AI Tank increased launch speed one unit...
<<<14:27:34:372762>>>  Tank #3 Yellow AI Tank is checking targeting info...
<<<14:27:34:372762>>>  Tank #3 Yellow AI Tank increased launch speed one unit...
<<<14:27:34:388423>>>  Tank #2 Red AI Tank is checking targeting info...
<<<14:27:34:388423>>>  Tank #2 Red AI Tank increased launch speed one unit...
<<<14:27:34:388423>>>  Tank #3 Yellow AI Tank is checking targeting info...
<<<14:27:34:388423>>>  Tank #3 Yellow AI Tank increased launch speed one unit...
<<<14:27:34:405545>>>  Tank #2 Red AI Tank is checking targeting info...
<<<14:27:34:406604>>>  Tank #2 Red AI Tank increased launch speed one unit...
<<<14:27:34:406604>>>  Tank #3 Yellow AI Tank is checking targeting info...
<<<14:27:34:406604>>>  Tank #3 Yellow AI Tank increased launch speed one unit...
<<<14:27:34:422395>>>  Tank #2 Red AI Tank is checking targeting info...
<<<14:27:34:422395>>>  Tank #2 Red AI Tank increased launch speed one unit...
<<<14:27:34:422395>>>  Tank #3 Yellow AI Tank is checking targeting info...
<<<14:27:34:422395>>>  Tank #3 Yellow AI Tank increased launch speed one unit...
<<<14:27:34:438794>>>  Tank #2 Red AI Tank is checking targeting info...
<<<14:27:34:438794>>>  Tank #2 Red AI Tank increased launch speed one unit...
<<<14:27:34:438794>>>  Tank #3 Yellow AI Tank is checking targeting info...
<<<14:27:34:438794>>>  Tank #3 Yellow AI Tank increased launch speed one unit...
<<<14:27:34:455621>>>  Tank #2 Red AI Tank is checking targeting info...
<<<14:27:34:455621>>>  Tank #2 Red AI Tank increased launch speed one unit...
<<<14:27:34:455621>>>  Tank #3 Yellow AI Tank is checking targeting info...
<<<14:27:34:455621>>>  Tank #3 Yellow AI Tank increased launch speed one unit...
<<<14:27:34:472332>>>  Tank #2 Red AI Tank is checking targeting info...
<<<14:27:34:472332>>>  Tank #2 Red AI Tank increased launch speed one unit...
<<<14:27:34:472332>>>  Tank #3 Yellow AI Tank is checking targeting info...
<<<14:27:34:472332>>>  Tank #3 Yellow AI Tank increased launch speed one unit...
<<<14:27:34:488509>>>  Tank #2 Red AI Tank is checking targeting info...
<<<14:27:34:488509>>>  Tank #2 Red AI Tank increased launch speed one unit...
<<<14:27:34:488509>>>  Tank #3 Yellow AI Tank is checking targeting info...
<<<14:27:34:488509>>>  Tank #3 Yellow AI Tank increased launch speed one unit...
<<<14:27:34:505252>>>  Tank #2 Red AI Tank is checking targeting info...
<<<14:27:34:505252>>>  Tank #2 Red AI Tank increased launch speed one unit...
<<<14:27:34:505252>>>  Tank #3 Yellow AI Tank is checking targeting info...
<<<14:27:34:505252>>>  Tank #3 Yellow AI Tank increased launch speed one unit...
<<<14:27:34:522279>>>  Tank #2 Red AI Tank is checking targeting info...
<<<14:27:34:522279>>>  Tank #2 Red AI Tank increased launch speed one unit...
<<<14:27:34:522279>>>  Tank #3 Yellow AI Tank is checking targeting info...
<<<14:27:34:522279>>>  Tank #3 Yellow AI Tank increased launch speed one unit...
<<<14:27:34:537695>>>  Tank #2 Red AI Tank is checking targeting info...
<<<14:27:34:537695>>>  Tank #2 Red AI Tank increased launch speed one unit...
<<<14:27:34:537695>>>  Tank #3 Yellow AI Tank is checking targeting info...
<<<14:27:34:537695>>>  Tank #3 Yellow AI Tank increased launch speed one unit...
<<<14:27:34:553767>>>  Tank #2 Red AI Tank is checking targeting info...
<<<14:27:34:554775>>>  Tank #2 Red AI Tank increased launch speed one unit...
<<<14:27:34:554775>>>  Tank #3 Yellow AI Tank is checking targeting info...
<<<14:27:34:554775>>>  Tank #3 Yellow AI Tank increased launch speed one unit...
<<<14:27:34:570484>>>  Tank #2 Red AI Tank is checking targeting info...
<<<14:27:34:570484>>>  Tank #2 Red AI Tank increased launch speed one unit...
<<<14:27:34:570484>>>  Tank #3 Yellow AI Tank is checking targeting info...
<<<14:27:34:570484>>>  Tank #3 Yellow AI Tank increased launch speed one unit...
<<<14:27:34:587441>>>  Tank #2 Red AI Tank is checking targeting info...
<<<14:27:34:587441>>>  Tank #2 Red AI Tank increased launch speed one unit...
<<<14:27:34:587441>>>  Tank #3 Yellow AI Tank is checking targeting info...
<<<14:27:34:587441>>>  Tank #3 Yellow AI Tank increased launch speed one unit...
<<<14:27:34:604220>>>  Tank #2 Red AI Tank is checking targeting info...
<<<14:27:34:604220>>>  Tank #2 Red AI Tank increased launch speed one unit...
<<<14:27:34:604220>>>  Tank #3 Yellow AI Tank is checking targeting info...
<<<14:27:34:604220>>>  Tank #3 Yellow AI Tank increased launch speed one unit...
<<<14:27:34:620067>>>  Tank #2 Red AI Tank is checking targeting info...
<<<14:27:34:620067>>>  Tank #2 Red AI Tank increased launch speed one unit...
<<<14:27:34:620067>>>  Tank #3 Yellow AI Tank is checking targeting info...
<<<14:27:34:620067>>>  Tank #3 Yellow AI Tank increased launch speed one unit...
<<<14:27:34:635792>>>  Tank #2 Red AI Tank is checking targeting info...
<<<14:27:34:635792>>>  Tank #2 Red AI Tank increased launch speed one unit...
<<<14:27:34:635792>>>  Tank #3 Yellow AI Tank is checking targeting info...
<<<14:27:34:635792>>>  Tank #3 Yellow AI Tank increased launch speed one unit...
<<<14:27:34:652302>>>  Tank #2 Red AI Tank is checking targeting info...
<<<14:27:34:652302>>>  Tank #2 Red AI Tank increased launch speed one unit...
<<<14:27:34:652302>>>  Tank #3 Yellow AI Tank is checking targeting info...
<<<14:27:34:652302>>>  Tank #3 Yellow AI Tank increased launch speed one unit...
<<<14:27:34:668160>>>  Tank #2 Red AI Tank is checking targeting info...
<<<14:27:34:668160>>>  Tank #2 Red AI Tank increased launch speed one unit...
<<<14:27:34:668160>>>  Tank #3 Yellow AI Tank is checking targeting info...
<<<14:27:34:668160>>>  Tank #3 Yellow AI Tank increased launch speed one unit...
<<<14:27:34:684184>>>  Tank #2 Red AI Tank is checking targeting info...
<<<14:27:34:684184>>>  Tank #2 Red AI Tank firing solution within tolerances, not adjusting firing solution...
<<<14:27:34:684184>>>  Tank #2 Red AI Tank attempting to fire cannonball...
<<<14:27:34:684184>>>  Tank #3 Yellow AI Tank is checking targeting info...
<<<14:27:34:684184>>>  Tank #3 Yellow AI Tank increased launch speed one unit...
<<<14:27:34:700289>>>  Tank #2 Red AI Tank chose to move to 4.5924, cururently at 3.6652.
<<<14:27:34:700289>>>  Tank #2 Red AI Tank moved one unit CCW...
<<<14:27:34:700289>>>  Tank #2 Red AI Tank chose to move...
<<<14:27:34:700289>>>  Tank #3 Yellow AI Tank is checking targeting info...
<<<14:27:34:700289>>>  Tank #3 Yellow AI Tank increased launch speed one unit...
<<<14:27:34:716058>>>  Tank #2 Red AI Tank moved one unit CCW...
<<<14:27:34:716058>>>  Tank #3 Yellow AI Tank is checking targeting info...
<<<14:27:34:716058>>>  Tank #3 Yellow AI Tank increased launch speed one unit...
<<<14:27:34:732352>>>  Tank #2 Red AI Tank moved one unit CCW...
<<<14:27:34:732352>>>  Tank #3 Yellow AI Tank is checking targeting info...
<<<14:27:34:732352>>>  Tank #3 Yellow AI Tank increased launch speed one unit...
<<<14:27:34:749184>>>  Tank #2 Red AI Tank moved one unit CCW...
<<<14:27:34:749184>>>  Tank #3 Yellow AI Tank is checking targeting info...
<<<14:27:34:749184>>>  Tank #3 Yellow AI Tank increased launch speed one unit...
<<<14:27:34:765066>>>  Tank #2 Red AI Tank moved one unit CCW...
<<<14:27:34:765066>>>  Tank #3 Yellow AI Tank is checking targeting info...
<<<14:27:34:765066>>>  Tank #3 Yellow AI Tank increased launch speed one unit...
<<<14:27:34:781580>>>  Tank #2 Red AI Tank moved one unit CCW...
<<<14:27:34:781580>>>  Tank #3 Yellow AI Tank is checking targeting info...
<<<14:27:34:781580>>>  Tank #3 Yellow AI Tank firing solution within tolerances, not adjusting firing solution...
<<<14:27:34:781580>>>  Tank #3 Yellow AI Tank attempting to fire cannonball...
<<<14:27:34:797898>>>  Tank #2 Red AI Tank moved one unit CCW...
<<<14:27:34:797898>>>  Tank #3 Yellow AI Tank chose to shoot...
<<<14:27:34:814631>>>  Tank #2 Red AI Tank moved one unit CCW...
<<<14:27:34:814631>>>  Tank #3 Yellow AI Tank is checking targeting info...
<<<14:27:34:814631>>>  Tank #3 Yellow AI Tank lowered launch speed one unit...
<<<14:27:34:831642>>>  Tank #2 Red AI Tank moved one unit CCW...
<<<14:27:34:831642>>>  Tank #3 Yellow AI Tank is checking targeting info...
<<<14:27:34:831642>>>  Tank #3 Yellow AI Tank lowered launch speed one unit...
<<<14:27:34:847900>>>  Tank #2 Red AI Tank moved one unit CCW...
<<<14:27:34:847900>>>  Tank #3 Yellow AI Tank is checking targeting info...
<<<14:27:34:847900>>>  Tank #3 Yellow AI Tank lowered launch speed one unit...
<<<14:27:34:865058>>>  Tank #2 Red AI Tank moved one unit CCW...
<<<14:27:34:865058>>>  Tank #3 Yellow AI Tank is checking targeting info...
<<<14:27:34:865058>>>  Tank #3 Yellow AI Tank lowered launch speed one unit...
<<<14:27:34:882587>>>  Tank #2 Red AI Tank moved one unit CCW...
<<<14:27:34:882587>>>  Tank #3 Yellow AI Tank is checking targeting info...
<<<14:27:34:882587>>>  Tank #3 Yellow AI Tank lowered launch speed one unit...
<<<14:27:34:899011>>>  Tank #2 Red AI Tank moved one unit CCW...
<<<14:27:34:899011>>>  Tank #3 Yellow AI Tank is checking targeting info...
<<<14:27:34:899011>>>  Tank #3 Yellow AI Tank lowered launch speed one unit...
<<<14:27:34:914496>>>  Tank #2 Red AI Tank moved one unit CCW...
<<<14:27:34:914496>>>  Tank #3 Yellow AI Tank is checking targeting info...
<<<14:27:34:914496>>>  Tank #3 Yellow AI Tank lowered launch speed one unit...
<<<14:27:34:930728>>>  Tank #2 Red AI Tank moved one unit CCW...
<<<14:27:34:930728>>>  Tank #3 Yellow AI Tank is checking targeting info...
<<<14:27:34:930728>>>  Tank #3 Yellow AI Tank lowered launch speed one unit...
<<<14:27:34:945563>>>  Tank #2 Red AI Tank moved one unit CCW...
<<<14:27:34:945563>>>  Tank #3 Yellow AI Tank is checking targeting info...
<<<14:27:34:945563>>>  Tank #3 Yellow AI Tank lowered launch speed one unit...
<<<14:27:34:961572>>>  Tank #2 Red AI Tank moved one unit CCW...
<<<14:27:34:961572>>>  Tank #3 Yellow AI Tank is checking targeting info...
<<<14:27:34:961572>>>  Tank #3 Yellow AI Tank lowered launch speed one unit...
<<<14:27:34:979489>>>  Tank #2 Red AI Tank moved one unit CCW...
<<<14:27:34:979489>>>  Tank #3 Yellow AI Tank is checking targeting info...
<<<14:27:34:979489>>>  Tank #3 Yellow AI Tank lowered launch speed one unit...
<<<14:27:34:995567>>>  Tank #2 Red AI Tank moved one unit CCW...
<<<14:27:34:995567>>>  Tank #3 Yellow AI Tank is checking targeting info...
<<<14:27:34:995567>>>  Tank #3 Yellow AI Tank lowered launch speed one unit...
<<<14:27:35:012280>>>  Tank #2 Red AI Tank moved one unit CCW...
<<<14:27:35:012280>>>  Tank #3 Yellow AI Tank is checking targeting info...
<<<14:27:35:012280>>>  Tank #3 Yellow AI Tank lowered launch speed one unit...
<<<14:27:35:028422>>>  Tank #2 Red AI Tank moved one unit CCW...
<<<14:27:35:029505>>>  Tank #3 Yellow AI Tank is checking targeting info...
<<<14:27:35:029505>>>  Tank #3 Yellow AI Tank lowered launch speed one unit...
<<<14:27:35:045620>>>  Tank #2 Red AI Tank moved one unit CCW...
<<<14:27:35:045620>>>  Tank #3 Yellow AI Tank is checking targeting info...
<<<14:27:35:045620>>>  Tank #3 Yellow AI Tank lowered launch speed one unit...
<<<14:27:35:063569>>>  Tank #2 Red AI Tank moved one unit CCW...
<<<14:27:35:063569>>>  Tank #3 Yellow AI Tank is checking targeting info...
<<<14:27:35:063569>>>  Tank #3 Yellow AI Tank lowered launch speed one unit...
<<<14:27:35:080638>>>  Tank #2 Red AI Tank moved one unit CCW...
<<<14:27:35:080638>>>  Tank #3 Yellow AI Tank is checking targeting info...
<<<14:27:35:080638>>>  Tank #3 Yellow AI Tank lowered launch speed one unit...
<<<14:27:35:096607>>>  Tank #2 Red AI Tank moved one unit CCW...
<<<14:27:35:096607>>>  Tank #3 Yellow AI Tank is checking targeting info...
<<<14:27:35:096607>>>  Tank #3 Yellow AI Tank lowered launch speed one unit...
<<<14:27:35:112753>>>  Tank #2 Red AI Tank moved one unit CCW...
<<<14:27:35:112753>>>  Tank #3 Yellow AI Tank is checking targeting info...
<<<14:27:35:112753>>>  Tank #3 Yellow AI Tank lowered launch speed one unit...
<<<14:27:35:129416>>>  Tank #2 Red AI Tank moved one unit CCW...
<<<14:27:35:129416>>>  Tank #3 Yellow AI Tank is checking targeting info...
<<<14:27:35:129416>>>  Tank #3 Yellow AI Tank lowered launch speed one unit...
<<<14:27:35:145613>>>  Tank #2 Red AI Tank moved one unit CCW...
<<<14:27:35:145613>>>  Tank #3 Yellow AI Tank is checking targeting info...
<<<14:27:35:145613>>>  Tank #3 Yellow AI Tank lowered launch speed one unit...
<<<14:27:35:163548>>>  Tank #2 Red AI Tank moved one unit CCW...
<<<14:27:35:163548>>>  Tank #3 Yellow AI Tank is checking targeting info...
<<<14:27:35:163548>>>  Tank #3 Yellow AI Tank lowered launch speed one unit...
<<<14:27:35:179688>>>  Tank #2 Red AI Tank moved one unit CCW...
<<<14:27:35:179688>>>  Tank #3 Yellow AI Tank is checking targeting info...
<<<14:27:35:179688>>>  Tank #3 Yellow AI Tank lowered launch speed one unit...
<<<14:27:35:196532>>>  Tank #2 Red AI Tank moved one unit CCW...
<<<14:27:35:196532>>>  Tank #3 Yellow AI Tank is checking targeting info...
<<<14:27:35:196532>>>  Tank #3 Yellow AI Tank lowered launch speed one unit...
<<<14:27:35:213226>>>  Tank #2 Red AI Tank moved one unit CCW...
<<<14:27:35:213226>>>  Tank #3 Yellow AI Tank is checking targeting info...
<<<14:27:35:213226>>>  Tank #3 Yellow AI Tank lowered launch speed one unit...
<<<14:27:35:227710>>>  Tank #2 Red AI Tank moved one unit CCW...
<<<14:27:35:227710>>>  Tank #3 Yellow AI Tank is checking targeting info...
<<<14:27:35:227710>>>  Tank #3 Yellow AI Tank lowered launch speed one unit...
<<<14:27:35:244031>>>  Tank #2 Red AI Tank moved one unit CCW...
<<<14:27:35:244031>>>  Tank #3 Yellow AI Tank is checking targeting info...
<<<14:27:35:244031>>>  Tank #3 Yellow AI Tank lowered launch speed one unit...
<<<14:27:35:260747>>>  Tank #2 Red AI Tank moved one unit CCW...
<<<14:27:35:260747>>>  Tank #3 Yellow AI Tank is checking targeting info...
<<<14:27:35:260747>>>  Tank #3 Yellow AI Tank lowered launch speed one unit...
<<<14:27:35:276391>>>  Tank #2 Red AI Tank moved one unit CCW...
<<<14:27:35:277315>>>  Tank #3 Yellow AI Tank is checking targeting info...
<<<14:27:35:277315>>>  Tank #3 Yellow AI Tank lowered launch speed one unit...
<<<14:27:35:294591>>>  Tank #2 Red AI Tank moved one unit CCW...
<<<14:27:35:294591>>>  Tank #3 Yellow AI Tank is checking targeting info...
<<<14:27:35:294591>>>  Tank #3 Yellow AI Tank lowered launch speed one unit...
<<<14:27:35:310206>>>  Tank #2 Red AI Tank moved one unit CCW...
<<<14:27:35:310206>>>  Tank #3 Yellow AI Tank is checking targeting info...
<<<14:27:35:310206>>>  Tank #3 Yellow AI Tank lowered launch speed one unit...
<<<14:27:35:326715>>>  Tank #2 Red AI Tank moved one unit CCW...
<<<14:27:35:326715>>>  Tank #3 Yellow AI Tank is checking targeting info...
<<<14:27:35:326715>>>  Tank #3 Yellow AI Tank lowered launch speed one unit...
<<<14:27:35:343196>>>  Tank #2 Red AI Tank moved one unit CCW...
<<<14:27:35:343196>>>  Tank #3 Yellow AI Tank is checking targeting info...
<<<14:27:35:343196>>>  Tank #3 Yellow AI Tank lowered launch speed one unit...
<<<14:27:35:359511>>>  Tank #2 Red AI Tank moved one unit CCW...
<<<14:27:35:359511>>>  Tank #3 Yellow AI Tank is checking targeting info...
<<<14:27:35:359511>>>  Tank #3 Yellow AI Tank lowered launch speed one unit...
<<<14:27:35:377495>>>  Tank #2 Red AI Tank moved one unit CCW...
<<<14:27:35:377495>>>  Tank #3 Yellow AI Tank is checking targeting info...
<<<14:27:35:377495>>>  Tank #3 Yellow AI Tank firing solution within tolerances, not adjusting firing solution...
<<<14:27:35:377495>>>  Tank #3 Yellow AI Tank attempting to fire cannonball...
<<<14:27:35:394552>>>  Tank #2 Red AI Tank moved one unit CCW...
<<<14:27:35:394552>>>  Tank #3 Yellow AI Tank chose to shoot...
<<<14:27:35:410054>>>  Tank #2 Red AI Tank moved one unit CCW...
<<<14:27:35:411062>>>  Tank #3 Yellow AI Tank is checking targeting info...
<<<14:27:35:411062>>>  Tank #3 Yellow AI Tank increased launch speed one unit...
<<<14:27:35:426894>>>  Tank #2 Red AI Tank moved one unit CCW...
<<<14:27:35:426894>>>  Tank #3 Yellow AI Tank is checking targeting info...
<<<14:27:35:426894>>>  Tank #3 Yellow AI Tank increased launch speed one unit...
<<<14:27:35:442063>>>  Tank #2 Red AI Tank moved one unit CCW...
<<<14:27:35:442063>>>  Tank #3 Yellow AI Tank is checking targeting info...
<<<14:27:35:442063>>>  Tank #3 Yellow AI Tank increased launch speed one unit...
<<<14:27:35:458374>>>  Tank #2 Red AI Tank moved one unit CCW...
<<<14:27:35:458374>>>  Tank #3 Yellow AI Tank is checking targeting info...
<<<14:27:35:458374>>>  Tank #3 Yellow AI Tank increased launch speed one unit...
<<<14:27:35:476530>>>  Tank #2 Red AI Tank moved one unit CCW...
<<<14:27:35:476530>>>  Tank #3 Yellow AI Tank is checking targeting info...
<<<14:27:35:476530>>>  Tank #3 Yellow AI Tank increased launch speed one unit...
<<<14:27:35:491833>>>  Tank #2 Red AI Tank moved one unit CCW...
<<<14:27:35:491833>>>  Tank #3 Yellow AI Tank is checking targeting info...
<<<14:27:35:491833>>>  Tank #3 Yellow AI Tank increased launch speed one unit...
<<<14:27:35:507622>>>  Tank #2 Red AI Tank moved one unit CCW...
<<<14:27:35:507622>>>  Tank #3 Yellow AI Tank is checking targeting info...
<<<14:27:35:507622>>>  Tank #3 Yellow AI Tank increased launch speed one unit...
<<<14:27:35:523843>>>  Tank #2 Red AI Tank moved one unit CCW...
<<<14:27:35:523843>>>  Tank #3 Yellow AI Tank is checking targeting info...
<<<14:27:35:523843>>>  Tank #3 Yellow AI Tank increased launch speed one unit...
<<<14:27:35:539677>>>  Tank #2 Red AI Tank moved one unit CCW...
<<<14:27:35:540679>>>  Tank #3 Yellow AI Tank is checking targeting info...
<<<14:27:35:540679>>>  Tank #3 Yellow AI Tank increased launch speed one unit...
<<<14:27:35:555847>>>  Tank #2 Red AI Tank moved one unit CCW...
<<<14:27:35:555847>>>  Tank #3 Yellow AI Tank is checking targeting info...
<<<14:27:35:555847>>>  Tank #3 Yellow AI Tank increased launch speed one unit...
<<<14:27:35:572256>>>  Tank #3 Yellow AI Tank is checking targeting info...
<<<14:27:35:572256>>>  Tank #3 Yellow AI Tank increased launch speed one unit...
<<<14:27:35:590380>>>  Tank #2 Red AI Tank chose to shoot...
<<<14:27:35:590380>>>  Tank #3 Yellow AI Tank is checking targeting info...
<<<14:27:35:590380>>>  Tank #3 Yellow AI Tank increased launch speed one unit...
<<<14:27:35:605761>>>  Tank #2 Red AI Tank is checking targeting info...
<<<14:27:35:605761>>>  Tank #2 Red AI Tank Launch angle not within tolerances, adjusting firing solution...
<<<14:27:35:605761>>>  Tank #2 Red AI Tank Launch speed not within tolerances, adjusting firing solution...
<<<14:27:35:605761>>>  Tank #2 Red AI Tank adjusted targeting angle one unit CW...
<<<14:27:35:605761>>>  Tank #3 Yellow AI Tank is checking targeting info...
<<<14:27:35:605761>>>  Tank #3 Yellow AI Tank increased launch speed one unit...
<<<14:27:35:621653>>>  Tank #2 Red AI Tank is checking targeting info...
<<<14:27:35:621653>>>  Tank #2 Red AI Tank Launch angle not within tolerances, adjusting firing solution...
<<<14:27:35:621653>>>  Tank #2 Red AI Tank Launch speed not within tolerances, adjusting firing solution...
<<<14:27:35:621653>>>  Tank #2 Red AI Tank adjusted targeting angle one unit CW...
<<<14:27:35:621653>>>  Tank #3 Yellow AI Tank is checking targeting info...
<<<14:27:35:621653>>>  Tank #3 Yellow AI Tank increased launch speed one unit...
<<<14:27:35:637962>>>  Tank #2 Red AI Tank is checking targeting info...
<<<14:27:35:637962>>>  Tank #2 Red AI Tank Launch angle not within tolerances, adjusting firing solution...
<<<14:27:35:637962>>>  Tank #2 Red AI Tank Launch speed not within tolerances, adjusting firing solution...
<<<14:27:35:637962>>>  Tank #2 Red AI Tank adjusted targeting angle one unit CW...
<<<14:27:35:637962>>>  Tank #3 Yellow AI Tank is checking targeting info...
<<<14:27:35:637962>>>  Tank #3 Yellow AI Tank increased launch speed one unit...
<<<14:27:35:654188>>>  Tank #2 Red AI Tank is checking targeting info...
<<<14:27:35:654188>>>  Tank #2 Red AI Tank Launch angle not within tolerances, adjusting firing solution...
<<<14:27:35:654188>>>  Tank #2 Red AI Tank Launch speed not within tolerances, adjusting firing solution...
<<<14:27:35:654188>>>  Tank #2 Red AI Tank adjusted targeting angle one unit CW...
<<<14:27:35:655080>>>  Tank #3 Yellow AI Tank is checking targeting info...
<<<14:27:35:655080>>>  Tank #3 Yellow AI Tank increased launch speed one unit...
<<<14:27:35:670606>>>  Tank #2 Red AI Tank is checking targeting info...
<<<14:27:35:670606>>>  Tank #2 Red AI Tank Launch angle not within tolerances, adjusting firing solution...
<<<14:27:35:670606>>>  Tank #2 Red AI Tank Launch speed not within tolerances, adjusting firing solution...
<<<14:27:35:670606>>>  Tank #2 Red AI Tank adjusted targeting angle one unit CW...
<<<14:27:35:670606>>>  Tank #3 Yellow AI Tank is checking targeting info...
<<<14:27:35:670606>>>  Tank #3 Yellow AI Tank increased launch speed one unit...
<<<14:27:35:686974>>>  Tank #2 Red AI Tank is checking targeting info...
<<<14:27:35:686974>>>  Tank #2 Red AI Tank Launch angle not within tolerances, adjusting firing solution...
<<<14:27:35:686974>>>  Tank #2 Red AI Tank Launch speed not within tolerances, adjusting firing solution...
<<<14:27:35:686974>>>  Tank #2 Red AI Tank adjusted targeting angle one unit CW...
<<<14:27:35:686974>>>  Tank #3 Yellow AI Tank is checking targeting info...
<<<14:27:35:686974>>>  Tank #3 Yellow AI Tank increased launch speed one unit...
<<<14:27:35:703106>>>  Tank #2 Red AI Tank is checking targeting info...
<<<14:27:35:703106>>>  Tank #2 Red AI Tank Launch angle not within tolerances, adjusting firing solution...
<<<14:27:35:703106>>>  Tank #2 Red AI Tank Launch speed not within tolerances, adjusting firing solution...
<<<14:27:35:703106>>>  Tank #2 Red AI Tank adjusted targeting angle one unit CW...
<<<14:27:35:703106>>>  Tank #3 Yellow AI Tank is checking targeting info...
<<<14:27:35:703106>>>  Tank #3 Yellow AI Tank increased launch speed one unit...
<<<14:27:35:719478>>>  Tank #2 Red AI Tank is checking targeting info...
<<<14:27:35:719478>>>  Tank #2 Red AI Tank Launch angle not within tolerances, adjusting firing solution...
<<<14:27:35:719478>>>  Tank #2 Red AI Tank Launch speed not within tolerances, adjusting firing solution...
<<<14:27:35:719478>>>  Tank #2 Red AI Tank adjusted targeting angle one unit CW...
<<<14:27:35:719478>>>  Tank #3 Yellow AI Tank is checking targeting info...
<<<14:27:35:719478>>>  Tank #3 Yellow AI Tank increased launch speed one unit...
<<<14:27:35:736029>>>  Tank #2 Red AI Tank is checking targeting info...
<<<14:27:35:736029>>>  Tank #2 Red AI Tank Launch angle not within tolerances, adjusting firing solution...
<<<14:27:35:736029>>>  Tank #2 Red AI Tank Launch speed not within tolerances, adjusting firing solution...
<<<14:27:35:736029>>>  Tank #2 Red AI Tank adjusted targeting angle one unit CW...
<<<14:27:35:736029>>>  Tank #3 Yellow AI Tank is checking targeting info...
<<<14:27:35:736029>>>  Tank #3 Yellow AI Tank increased launch speed one unit...
<<<14:27:35:751639>>>  Tank #2 Red AI Tank is checking targeting info...
<<<14:27:35:751639>>>  Tank #2 Red AI Tank Launch angle not within tolerances, adjusting firing solution...
<<<14:27:35:751639>>>  Tank #2 Red AI Tank Launch speed not within tolerances, adjusting firing solution...
<<<14:27:35:751639>>>  Tank #2 Red AI Tank adjusted targeting angle one unit CW...
<<<14:27:35:751639>>>  Tank #3 Yellow AI Tank is checking targeting info...
<<<14:27:35:751639>>>  Tank #3 Yellow AI Tank increased launch speed one unit...
<<<14:27:35:768116>>>  Tank #2 Red AI Tank is checking targeting info...
<<<14:27:35:768116>>>  Tank #2 Red AI Tank Launch angle not within tolerances, adjusting firing solution...
<<<14:27:35:768116>>>  Tank #2 Red AI Tank Launch speed not within tolerances, adjusting firing solution...
<<<14:27:35:768116>>>  Tank #2 Red AI Tank adjusted targeting angle one unit CW...
<<<14:27:35:768116>>>  Tank #3 Yellow AI Tank is checking targeting info...
<<<14:27:35:768116>>>  Tank #3 Yellow AI Tank increased launch speed one unit...
<<<14:27:35:783784>>>  Tank #2 Red AI Tank is checking targeting info...
<<<14:27:35:783784>>>  Tank #2 Red AI Tank Launch angle not within tolerances, adjusting firing solution...
<<<14:27:35:783784>>>  Tank #2 Red AI Tank Launch speed not within tolerances, adjusting firing solution...
<<<14:27:35:783784>>>  Tank #2 Red AI Tank adjusted targeting angle one unit CW...
<<<14:27:35:783784>>>  Tank #3 Yellow AI Tank is checking targeting info...
<<<14:27:35:783784>>>  Tank #3 Yellow AI Tank increased launch speed one unit...
<<<14:27:35:799516>>>  Tank #2 Red AI Tank is checking targeting info...
<<<14:27:35:799516>>>  Tank #2 Red AI Tank Launch angle not within tolerances, adjusting firing solution...
<<<14:27:35:799516>>>  Tank #2 Red AI Tank Launch speed not within tolerances, adjusting firing solution...
<<<14:27:35:799516>>>  Tank #2 Red AI Tank adjusted targeting angle one unit CW...
<<<14:27:35:799516>>>  Tank #3 Yellow AI Tank is checking targeting info...
<<<14:27:35:799516>>>  Tank #3 Yellow AI Tank increased launch speed one unit...
<<<14:27:35:816170>>>  Tank #2 Red AI Tank is checking targeting info...
<<<14:27:35:816170>>>  Tank #2 Red AI Tank Launch angle not within tolerances, adjusting firing solution...
<<<14:27:35:816170>>>  Tank #2 Red AI Tank Launch speed not within tolerances, adjusting firing solution...
<<<14:27:35:816170>>>  Tank #2 Red AI Tank adjusted targeting angle one unit CW...
<<<14:27:35:816170>>>  Tank #3 Yellow AI Tank is checking targeting info...
<<<14:27:35:816170>>>  Tank #3 Yellow AI Tank increased launch speed one unit...
<<<14:27:35:832115>>>  Tank #2 Red AI Tank is checking targeting info...
<<<14:27:35:832115>>>  Tank #2 Red AI Tank Launch angle not within tolerances, adjusting firing solution...
<<<14:27:35:832115>>>  Tank #2 Red AI Tank Launch speed not within tolerances, adjusting firing solution...
<<<14:27:35:832115>>>  Tank #2 Red AI Tank adjusted targeting angle one unit CW...
<<<14:27:35:832115>>>  Tank #3 Yellow AI Tank is checking targeting info...
<<<14:27:35:832115>>>  Tank #3 Yellow AI Tank increased launch speed one unit...
<<<14:27:35:848051>>>  Tank #2 Red AI Tank is checking targeting info...
<<<14:27:35:848051>>>  Tank #2 Red AI Tank Launch angle not within tolerances, adjusting firing solution...
<<<14:27:35:848051>>>  Tank #2 Red AI Tank Launch speed not within tolerances, adjusting firing solution...
<<<14:27:35:848051>>>  Tank #2 Red AI Tank adjusted targeting angle one unit CW...
<<<14:27:35:848051>>>  Tank #3 Yellow AI Tank is checking targeting info...
<<<14:27:35:848051>>>  Tank #3 Yellow AI Tank increased launch speed one unit...
<<<14:27:35:865152>>>  Tank #2 Red AI Tank is checking targeting info...
<<<14:27:35:865152>>>  Tank #2 Red AI Tank Launch angle not within tolerances, adjusting firing solution...
<<<14:27:35:865152>>>  Tank #2 Red AI Tank Launch speed not within tolerances, adjusting firing solution...
<<<14:27:35:865152>>>  Tank #2 Red AI Tank adjusted targeting angle one unit CW...
<<<14:27:35:865152>>>  Tank #3 Yellow AI Tank is checking targeting info...
<<<14:27:35:865152>>>  Tank #3 Yellow AI Tank increased launch speed one unit...
<<<14:27:35:881972>>>  Tank #2 Red AI Tank is checking targeting info...
<<<14:27:35:882981>>>  Tank #2 Red AI Tank Launch angle not within tolerances, adjusting firing solution...
<<<14:27:35:882981>>>  Tank #2 Red AI Tank Launch speed not within tolerances, adjusting firing solution...
<<<14:27:35:882981>>>  Tank #2 Red AI Tank adjusted targeting angle one unit CW...
<<<14:27:35:882981>>>  Tank #3 Yellow AI Tank is checking targeting info...
<<<14:27:35:882981>>>  Tank #3 Yellow AI Tank increased launch speed one unit...
<<<14:27:35:898322>>>  Tank #2 Red AI Tank is checking targeting info...
<<<14:27:35:898322>>>  Tank #2 Red AI Tank Launch angle not within tolerances, adjusting firing solution...
<<<14:27:35:898322>>>  Tank #2 Red AI Tank Launch speed not within tolerances, adjusting firing solution...
<<<14:27:35:898322>>>  Tank #2 Red AI Tank adjusted targeting angle one unit CW...
<<<14:27:35:898322>>>  Tank #3 Yellow AI Tank is checking targeting info...
<<<14:27:35:898322>>>  Tank #3 Yellow AI Tank increased launch speed one unit...
<<<14:27:35:915524>>>  Tank #2 Red AI Tank is checking targeting info...
<<<14:27:35:915524>>>  Tank #2 Red AI Tank Launch angle not within tolerances, adjusting firing solution...
<<<14:27:35:915524>>>  Tank #2 Red AI Tank Launch speed not within tolerances, adjusting firing solution...
<<<14:27:35:915524>>>  Tank #2 Red AI Tank adjusted targeting angle one unit CW...
<<<14:27:35:915524>>>  Tank #3 Yellow AI Tank is checking targeting info...
<<<14:27:35:915524>>>  Tank #3 Yellow AI Tank increased launch speed one unit...
<<<14:27:35:932038>>>  Tank #2 Red AI Tank is checking targeting info...
<<<14:27:35:932038>>>  Tank #2 Red AI Tank Launch angle not within tolerances, adjusting firing solution...
<<<14:27:35:932038>>>  Tank #2 Red AI Tank Launch speed not within tolerances, adjusting firing solution...
<<<14:27:35:932038>>>  Tank #2 Red AI Tank adjusted targeting angle one unit CW...
<<<14:27:35:932038>>>  Tank #3 Yellow AI Tank is checking targeting info...
<<<14:27:35:932038>>>  Tank #3 Yellow AI Tank increased launch speed one unit...
<<<14:27:35:948450>>>  Tank #2 Red AI Tank is checking targeting info...
<<<14:27:35:948450>>>  Tank #2 Red AI Tank Launch angle not within tolerances, adjusting firing solution...
<<<14:27:35:948450>>>  Tank #2 Red AI Tank Launch speed not within tolerances, adjusting firing solution...
<<<14:27:35:948450>>>  Tank #2 Red AI Tank adjusted targeting angle one unit CW...
<<<14:27:35:948450>>>  Tank #3 Yellow AI Tank is checking targeting info...
<<<14:27:35:948450>>>  Tank #3 Yellow AI Tank increased launch speed one unit...
<<<14:27:35:966050>>>  Tank #2 Red AI Tank is checking targeting info...
<<<14:27:35:966050>>>  Tank #2 Red AI Tank Launch angle not within tolerances, adjusting firing solution...
<<<14:27:35:966050>>>  Tank #2 Red AI Tank Launch speed not within tolerances, adjusting firing solution...
<<<14:27:35:966050>>>  Tank #2 Red AI Tank adjusted targeting angle one unit CW...
<<<14:27:35:966050>>>  Tank #3 Yellow AI Tank is checking targeting info...
<<<14:27:35:966050>>>  Tank #3 Yellow AI Tank firing solution within tolerances, not adjusting firing solution...
<<<14:27:35:966050>>>  Tank #3 Yellow AI Tank attempting to fire cannonball...
<<<14:27:35:981719>>>  Tank #2 Red AI Tank is checking targeting info...
<<<14:27:35:981719>>>  Tank #2 Red AI Tank Launch angle not within tolerances, adjusting firing solution...
<<<14:27:35:981719>>>  Tank #2 Red AI Tank Launch speed not within tolerances, adjusting firing solution...
<<<14:27:35:981719>>>  Tank #2 Red AI Tank adjusted targeting angle one unit CW...
<<<14:27:35:982729>>>  Tank #3 Yellow AI Tank chose to shoot...
<<<14:27:36:000284>>>
* INFORMATION FOR Tank #1 Green Player Tank's CANNONBALLS:
* Cannonballs in memory for Tank #1 Green Player Tank:  0.
* Total cannonballs fired or chambered for Tank #1 Green Player Tank:  0.
<<<14:27:36:000284>>>
* INFORMATION FOR Tank #2 Red AI Tank's CANNONBALLS:
* Cannonballs in memory for Tank #2 Red AI Tank:  1.
* Total cannonballs fired or chambered for Tank #2 Red AI Tank:  2.
<<<14:27:36:000284>>>
* CURRENT VALUES FOR CELESTIAL BODY:  Tank #2 Red AI Tank's Cannonball #2
* This is not the homeworld.
* The celestial boyd's density is 5515 kg/m^3.
* The celestial body's mass is 1000 kg.
* The Earth's mass is 5.972e+24 kg.
* The celestial body's radius is 0.001 km.
* The celestial body's coordinates are (-734.3513593071943, -6334.3996379868095).
* The celestial body's velocity is (-0.8470494757057419, -5.499505846637166).
* The celestial body's speed is 5.564355970953848 km/s.
* The celestial body's acceleration is (0, 0).
* The celestial body's screen x and y coordinates are (789, 539).
* The celestial body's screen radius is 2.
* The celestial is using a body circle.
<<<14:27:36:000284>>>
* ADDITIONAL INFORMATION FOR Tank #2 Red AI Tank's Cannonball #2:
* This cannonball is chambered.
<<<14:27:36:000284>>>
* INFORMATION FOR Tank #3 Yellow AI Tank's CANNONBALLS:
* Cannonballs in memory for Tank #3 Yellow AI Tank:  2.
* Total cannonballs fired or chambered for Tank #3 Yellow AI Tank:  4.
<<<14:27:36:000284>>>
* CURRENT VALUES FOR CELESTIAL BODY:  Tank #3 Yellow AI Tank's Cannonball #3
* This is not the homeworld.
* The celestial boyd's density is 5515 kg/m^3.
* The celestial body's mass is 1000 kg.
* The Earth's mass is 5.972e+24 kg.
* The celestial body's radius is 0.001 km.
* The celestial body's coordinates are (-829.1689891039745, -6465.8961967161895).
* The celestial body's velocity is (-8.326677889723912, -6.4130825990107825).
* The celestial body's speed is 10.51005200277106 km/s.
* The celestial body's acceleration is (0.0008826901791964208, 0.008246956023569035).
* The celestial body's screen x and y coordinates are (788, 541).
* The celestial body's screen radius is 2.
* The celestial is using a body circle.
<<<14:27:36:000284>>>
* ADDITIONAL INFORMATION FOR Tank #3 Yellow AI Tank's Cannonball #3:
* This cannonball is active.
<<<14:27:36:000284>>>
* CURRENT VALUES FOR CELESTIAL BODY:  Tank #3 Yellow AI Tank's Cannonball #4
* This is not the homeworld.
* The celestial boyd's density is 5515 kg/m^3.
* The celestial body's mass is 1000 kg.
* The Earth's mass is 5.972e+24 kg.
* The celestial body's radius is 0.001 km.
* The celestial body's coordinates are (-664.2485108368319, -6336.450957598375).
* The celestial body's velocity is (-8.342790779796378, -6.582197123556949).
* The celestial body's speed is 10.626734068791636 km/s.
* The celestial body's acceleration is (0, 0).
* The celestial body's screen x and y coordinates are (790, 539).
* The celestial body's screen radius is 2.
* The celestial is using a body circle.
<<<14:27:36:000284>>>
* ADDITIONAL INFORMATION FOR Tank #3 Yellow AI Tank's Cannonball #4:
* This cannonball is chambered.
<<<14:27:36:000284>>>  Quit through pygame and writing log file...
