<<<15:42:09:028698>>>
* Screen coordinates (1468, 638) choosen in zone #4.
* Screen dimensions are 1600 wide by 900 high.
* Minimum (x, y) are (1333, 150).
* Maximum (x, y) are (1600, 750).
* Mid (x, y) are (1466, 450).
<<<15:42:09:028698>>>  Image at Pix\Faraway_Objects\Suns\12.png choosen for background...
<<<15:42:09:029738>>>
* Screen coordinates (890, 840) choosen in zone #6.
* Screen dimensions are 1600 wide by 900 high.
* Minimum (x, y) are (266, 750).
* Maximum (x, y) are (1333, 900).
* Mid (x, y) are (799, 825).
<<<15:42:09:029738>>>  Image at Pix\Faraway_Objects\Asteroids\12.png choosen for background...
<<<15:42:09:029738>>>
* Screen coordinates (145, 877) choosen in zone #7.
* Screen dimensions are 1600 wide by 900 high.
* Minimum (x, y) are (0, 750).
* Maximum (x, y) are (266, 900).
* Mid (x, y) are (133, 825).
<<<15:42:09:029738>>>  Image at Pix\Faraway_Objects\Nebulae\5.png choosen for background...
<<<15:42:09:034470>>>  Pix\Homeworlds\Desert\7.png loaded as pixie for Earth and scaled to body circle...
<<<15:42:09:034470>>>  Image at Pix\Homeworlds\Desert\7.png chosen as homeworld pix for Earth's...
<<<15:42:09:034470>>>  Pix\Moons\9.png loaded as pixie for Moon #2 and scaled to body circle...
<<<15:42:09:349996>>>  Tank #1 Green Player Tank successfully created!
<<<15:42:09:660878>>>  Tank #2 Red AI Tank successfully created!
<<<15:42:09:959714>>>  Tank #3 Yellow AI Tank successfully created!
<<<15:42:09:964081>>>  Tank #2 Red AI Tank chose to move to 4.2508, cururently at 3.6652.
<<<15:42:09:964081>>>  Tank #2 Red AI Tank moved one unit CCW...
<<<15:42:09:964081>>>  Tank #2 Red AI Tank chose to move...
<<<15:42:09:964081>>>
* *** Tank #3 Yellow AI Tank USING CLEAR SKIES FUNCTION ***
* Moon #2 at (12495.599986741909, -2492.942120717168), angle -0.1969201260659161 rads.
* Tank #3 Yellow AI Tank at (5517.447847510657, -3185.5000000000027), angle 5.759586531581287.
* Angle Between is 0.3266786495323828 rads.
* The skies are NOT clear, Tank #3 Yellow AI Tank shouldn't use Gravity...
<<<15:42:10:092562>>>  Tank #2 Red AI Tank moved one unit CCW...
<<<15:42:10:092562>>>
* *** Tank #3 Yellow AI Tank USING CLEAR SKIES FUNCTION ***
* Moon #2 at (12565.470269247617, -2095.002881582164), angle -0.16520735786242183 rads.
* Tank #3 Yellow AI Tank at (5517.447847510657, -3185.5000000000027), angle 5.759586531581287.
* Angle Between is 0.3583914177358771 rads.
* The skies are NOT clear, Tank #3 Yellow AI Tank shouldn't use Gravity...
<<<15:42:10:225120>>>  Tank #2 Red AI Tank moved one unit CCW...
<<<15:42:10:225120>>>
* *** Tank #3 Yellow AI Tank USING CLEAR SKIES FUNCTION ***
* Moon #2 at (12619.641013829436, -1694.4461956304394), angle -0.13347226941047743 rads.
* Tank #3 Yellow AI Tank at (5517.447847510657, -3185.5000000000027), angle 5.759586531581287.
* Angle Between is 0.39012650618782185 rads.
* The skies are NOT clear, Tank #3 Yellow AI Tank shouldn't use Gravity...
<<<15:42:10:354988>>>  Tank #2 Red AI Tank moved one unit CCW...
<<<15:42:10:355430>>>  Tank #3 Yellow AI Tank chose to shoot...
<<<15:42:10:486276>>>  Tank #2 Red AI Tank moved one unit CCW...
<<<15:42:10:486276>>>  Tank #3 Yellow AI Tank is checking targeting info...
<<<15:42:10:486276>>>  Tank #3 Yellow AI Tank Launch angle not within tolerances, adjusting firing solution...
<<<15:42:10:486276>>>  Tank #3 Yellow AI Tank Launch speed not within tolerances, adjusting firing solution...
<<<15:42:10:486276>>>  Tank #3 Yellow AI Tank adjusted targeting angle one unit CCW...
<<<15:42:10:616602>>>  Tank #2 Red AI Tank moved one unit CCW...
<<<15:42:10:616602>>>  Tank #3 Yellow AI Tank is checking targeting info...
<<<15:42:10:616602>>>  Tank #3 Yellow AI Tank Launch angle not within tolerances, adjusting firing solution...
<<<15:42:10:616602>>>  Tank #3 Yellow AI Tank Launch speed not within tolerances, adjusting firing solution...
<<<15:42:10:616602>>>  Tank #3 Yellow AI Tank adjusted targeting angle one unit CCW...
<<<15:42:10:748572>>>  Tank #2 Red AI Tank moved one unit CCW...
<<<15:42:10:748572>>>  Tank #3 Yellow AI Tank is checking targeting info...
<<<15:42:10:748572>>>  Tank #3 Yellow AI Tank Launch angle not within tolerances, adjusting firing solution...
<<<15:42:10:748572>>>  Tank #3 Yellow AI Tank Launch speed not within tolerances, adjusting firing solution...
<<<15:42:10:748572>>>  Tank #3 Yellow AI Tank adjusted targeting angle one unit CCW...
<<<15:42:10:766839>>>  Tank #1 Green Player Tank chambered cannonball...
<<<15:42:10:766839>>>
* CURRENT VALUES FOR CELESTIAL BODY:  Tank #1 Green Player Tank's Cannonball #1
* This is not the homeworld.
* The celestial boyd's density is 5515 kg/m^3.
* The celestial body's mass is 1000 kg.
* The Earth's mass is 5.972e+24 kg.
* The celestial body's radius is 0.001 km.
* The celestial body's coordinates are (3.9011123786838936e-13, 6371.0).
* The celestial body's velocity is (0.015020793563421047, 5.592187203342346).
* The celestial body's speed is 5.59220737647176 km/s.
* The celestial body's acceleration is (0, 0).
* The celestial body's screen x and y coordinates are (800, 360).
* The celestial body's screen radius is 2.
* The celestial is using a body circle.
<<<15:42:10:766839>>>
* ADDITIONAL INFORMATION FOR Tank #1 Green Player Tank's Cannonball #1:
* This cannonball is chambered.
<<<15:42:10:881243>>>  Tank #2 Red AI Tank moved one unit CCW...
<<<15:42:10:881243>>>  Tank #3 Yellow AI Tank is checking targeting info...
<<<15:42:10:881243>>>  Tank #3 Yellow AI Tank Launch angle not within tolerances, adjusting firing solution...
<<<15:42:10:881243>>>  Tank #3 Yellow AI Tank Launch speed not within tolerances, adjusting firing solution...
<<<15:42:10:881243>>>  Tank #3 Yellow AI Tank adjusted targeting angle one unit CCW...
<<<15:42:11:011751>>>  Tank #2 Red AI Tank moved one unit CCW...
<<<15:42:11:011751>>>  Tank #3 Yellow AI Tank is checking targeting info...
<<<15:42:11:011751>>>  Tank #3 Yellow AI Tank Launch angle not within tolerances, adjusting firing solution...
<<<15:42:11:011751>>>  Tank #3 Yellow AI Tank Launch speed not within tolerances, adjusting firing solution...
<<<15:42:11:011751>>>  Tank #3 Yellow AI Tank adjusted targeting angle one unit CCW...
<<<15:42:11:144613>>>  Tank #2 Red AI Tank moved one unit CCW...
<<<15:42:11:144613>>>  Tank #3 Yellow AI Tank is checking targeting info...
<<<15:42:11:144613>>>  Tank #3 Yellow AI Tank Launch angle not within tolerances, adjusting firing solution...
<<<15:42:11:144613>>>  Tank #3 Yellow AI Tank Launch speed not within tolerances, adjusting firing solution...
<<<15:42:11:144613>>>  Tank #3 Yellow AI Tank adjusted targeting angle one unit CCW...
<<<15:42:11:274884>>>  Tank #2 Red AI Tank moved one unit CCW...
<<<15:42:11:274884>>>  Tank #3 Yellow AI Tank is checking targeting info...
<<<15:42:11:274884>>>  Tank #3 Yellow AI Tank Launch angle not within tolerances, adjusting firing solution...
<<<15:42:11:274884>>>  Tank #3 Yellow AI Tank Launch speed not within tolerances, adjusting firing solution...
<<<15:42:11:274884>>>  Tank #3 Yellow AI Tank adjusted targeting angle one unit CCW...
<<<15:42:11:408065>>>  Tank #2 Red AI Tank moved one unit CCW...
<<<15:42:11:408065>>>  Tank #3 Yellow AI Tank is checking targeting info...
<<<15:42:11:408065>>>  Tank #3 Yellow AI Tank Launch angle not within tolerances, adjusting firing solution...
<<<15:42:11:408065>>>  Tank #3 Yellow AI Tank Launch speed not within tolerances, adjusting firing solution...
<<<15:42:11:408065>>>  Tank #3 Yellow AI Tank adjusted targeting angle one unit CCW...
<<<15:42:11:540540>>>  Tank #2 Red AI Tank moved one unit CCW...
<<<15:42:11:540540>>>  Tank #3 Yellow AI Tank is checking targeting info...
<<<15:42:11:540540>>>  Tank #3 Yellow AI Tank Launch angle not within tolerances, adjusting firing solution...
<<<15:42:11:540540>>>  Tank #3 Yellow AI Tank Launch speed not within tolerances, adjusting firing solution...
<<<15:42:11:540540>>>  Tank #3 Yellow AI Tank adjusted targeting angle one unit CCW...
<<<15:42:11:672244>>>  Tank #2 Red AI Tank moved one unit CCW...
<<<15:42:11:672244>>>  Tank #3 Yellow AI Tank is checking targeting info...
<<<15:42:11:672244>>>  Tank #3 Yellow AI Tank Launch angle not within tolerances, adjusting firing solution...
<<<15:42:11:672244>>>  Tank #3 Yellow AI Tank Launch speed not within tolerances, adjusting firing solution...
<<<15:42:11:672244>>>  Tank #3 Yellow AI Tank adjusted targeting angle one unit CCW...
<<<15:42:11:804042>>>  Tank #2 Red AI Tank moved one unit CCW...
<<<15:42:11:804042>>>  Tank #3 Yellow AI Tank is checking targeting info...
<<<15:42:11:804042>>>  Tank #3 Yellow AI Tank Launch angle not within tolerances, adjusting firing solution...
<<<15:42:11:804042>>>  Tank #3 Yellow AI Tank Launch speed not within tolerances, adjusting firing solution...
<<<15:42:11:804042>>>  Tank #3 Yellow AI Tank adjusted targeting angle one unit CCW...
<<<15:42:11:934538>>>  Tank #2 Red AI Tank moved one unit CCW...
<<<15:42:11:934538>>>  Tank #3 Yellow AI Tank is checking targeting info...
<<<15:42:11:934538>>>  Tank #3 Yellow AI Tank Launch angle not within tolerances, adjusting firing solution...
<<<15:42:11:934538>>>  Tank #3 Yellow AI Tank Launch speed not within tolerances, adjusting firing solution...
<<<15:42:11:934538>>>  Tank #3 Yellow AI Tank adjusted targeting angle one unit CCW...
<<<15:42:12:063838>>>  Tank #2 Red AI Tank moved one unit CCW...
<<<15:42:12:063838>>>  Tank #3 Yellow AI Tank is checking targeting info...
<<<15:42:12:063838>>>  Tank #3 Yellow AI Tank Launch angle not within tolerances, adjusting firing solution...
<<<15:42:12:063838>>>  Tank #3 Yellow AI Tank Launch speed not within tolerances, adjusting firing solution...
<<<15:42:12:063838>>>  Tank #3 Yellow AI Tank adjusted targeting angle one unit CCW...
<<<15:42:12:196028>>>  Tank #2 Red AI Tank moved one unit CCW...
<<<15:42:12:196028>>>  Tank #3 Yellow AI Tank is checking targeting info...
<<<15:42:12:196028>>>  Tank #3 Yellow AI Tank Launch angle not within tolerances, adjusting firing solution...
<<<15:42:12:196028>>>  Tank #3 Yellow AI Tank Launch speed not within tolerances, adjusting firing solution...
<<<15:42:12:196028>>>  Tank #3 Yellow AI Tank adjusted targeting angle one unit CCW...
<<<15:42:12:325685>>>  Tank #2 Red AI Tank moved one unit CCW...
<<<15:42:12:325685>>>  Tank #3 Yellow AI Tank is checking targeting info...
<<<15:42:12:325685>>>  Tank #3 Yellow AI Tank Launch angle not within tolerances, adjusting firing solution...
<<<15:42:12:325685>>>  Tank #3 Yellow AI Tank Launch speed not within tolerances, adjusting firing solution...
<<<15:42:12:325685>>>  Tank #3 Yellow AI Tank adjusted targeting angle one unit CCW...
<<<15:42:12:456097>>>  Tank #2 Red AI Tank moved one unit CCW...
<<<15:42:12:456097>>>  Tank #3 Yellow AI Tank is checking targeting info...
<<<15:42:12:456097>>>  Tank #3 Yellow AI Tank Launch angle not within tolerances, adjusting firing solution...
<<<15:42:12:456097>>>  Tank #3 Yellow AI Tank Launch speed not within tolerances, adjusting firing solution...
<<<15:42:12:456097>>>  Tank #3 Yellow AI Tank adjusted targeting angle one unit CCW...
<<<15:42:12:586843>>>  Tank #2 Red AI Tank moved one unit CCW...
<<<15:42:12:586843>>>  Tank #3 Yellow AI Tank is checking targeting info...
<<<15:42:12:586843>>>  Tank #3 Yellow AI Tank Launch angle not within tolerances, adjusting firing solution...
<<<15:42:12:586843>>>  Tank #3 Yellow AI Tank Launch speed not within tolerances, adjusting firing solution...
<<<15:42:12:586843>>>  Tank #3 Yellow AI Tank adjusted targeting angle one unit CCW...
<<<15:42:12:715915>>>  Tank #2 Red AI Tank moved one unit CCW...
<<<15:42:12:715915>>>  Tank #3 Yellow AI Tank is checking targeting info...
<<<15:42:12:715915>>>  Tank #3 Yellow AI Tank Launch angle not within tolerances, adjusting firing solution...
<<<15:42:12:715915>>>  Tank #3 Yellow AI Tank Launch speed not within tolerances, adjusting firing solution...
<<<15:42:12:715915>>>  Tank #3 Yellow AI Tank adjusted targeting angle one unit CCW...
<<<15:42:14:557347>>>  Tank #1 Green Player Tank has been hit by Tank #1 Green Player Tank's Cannonball #1!
<<<15:42:14:574102>>>  Tank #1 Green Player Tank has been hit by Tank #1 Green Player Tank's Cannonball #1!
<<<15:42:14:574102>>>  Tank #2 Red AI Tank moved one unit CCW...
<<<15:42:14:574102>>>  Tank #3 Yellow AI Tank is checking targeting info...
<<<15:42:14:574102>>>  Tank #3 Yellow AI Tank Launch angle not within tolerances, adjusting firing solution...
<<<15:42:14:575094>>>  Tank #3 Yellow AI Tank Launch speed not within tolerances, adjusting firing solution...
<<<15:42:14:575094>>>  Tank #3 Yellow AI Tank adjusted targeting angle one unit CCW...
<<<15:42:14:590881>>>  Tank #1 Green Player Tank has been hit by Tank #1 Green Player Tank's Cannonball #1!
<<<15:42:14:607950>>>  Tank #1 Green Player Tank has been hit by Tank #1 Green Player Tank's Cannonball #1!
<<<15:42:14:624004>>>  Tank #1 Green Player Tank has been hit by Tank #1 Green Player Tank's Cannonball #1!
<<<15:42:14:640437>>>  Tank #1 Green Player Tank has been hit by Tank #1 Green Player Tank's Cannonball #1!
<<<15:42:14:657876>>>  Tank #1 Green Player Tank has been hit by Tank #1 Green Player Tank's Cannonball #1!
<<<15:42:14:657876>>>  Deleting effect pixie Tank #2 Red AI Tank thawing...
<<<15:42:14:657876>>>  Deleting effect pixie Tank #3 Yellow AI Tank thawing...
<<<15:42:14:673933>>>  Tank #1 Green Player Tank has been hit by Tank #1 Green Player Tank's Cannonball #1!
<<<15:42:14:690808>>>  Tank #1 Green Player Tank has been hit by Tank #1 Green Player Tank's Cannonball #1!
<<<15:42:14:706662>>>  Tank #1 Green Player Tank has been hit by Tank #1 Green Player Tank's Cannonball #1!
<<<15:42:14:706662>>>  Tank #2 Red AI Tank moved one unit CCW...
<<<15:42:14:706662>>>  Tank #3 Yellow AI Tank is checking targeting info...
<<<15:42:14:706662>>>  Tank #3 Yellow AI Tank Launch angle not within tolerances, adjusting firing solution...
<<<15:42:14:706662>>>  Tank #3 Yellow AI Tank Launch speed not within tolerances, adjusting firing solution...
<<<15:42:14:706662>>>  Tank #3 Yellow AI Tank adjusted targeting angle one unit CCW...
<<<15:42:14:723829>>>  Tank #1 Green Player Tank has been hit by Tank #1 Green Player Tank's Cannonball #1!
<<<15:42:14:741021>>>  Tank #1 Green Player Tank has been hit by Tank #1 Green Player Tank's Cannonball #1!
<<<15:42:14:757446>>>  Tank #1 Green Player Tank has been hit by Tank #1 Green Player Tank's Cannonball #1!
<<<15:42:14:774018>>>  Tank #1 Green Player Tank has been hit by Tank #1 Green Player Tank's Cannonball #1!
<<<15:42:14:790566>>>  Tank #1 Green Player Tank has been hit by Tank #1 Green Player Tank's Cannonball #1!
<<<15:42:14:807621>>>  Tank #1 Green Player Tank has been hit by Tank #1 Green Player Tank's Cannonball #1!
<<<15:42:14:824840>>>  Tank #1 Green Player Tank has been hit by Tank #1 Green Player Tank's Cannonball #1!
<<<15:42:14:840963>>>  Tank #1 Green Player Tank has been hit by Tank #1 Green Player Tank's Cannonball #1!
<<<15:42:14:840963>>>  Tank #2 Red AI Tank moved one unit CCW...
<<<15:42:14:840963>>>  Tank #3 Yellow AI Tank is checking targeting info...
<<<15:42:14:840963>>>  Tank #3 Yellow AI Tank Launch angle not within tolerances, adjusting firing solution...
<<<15:42:14:840963>>>  Tank #3 Yellow AI Tank Launch speed not within tolerances, adjusting firing solution...
<<<15:42:14:840963>>>  Tank #3 Yellow AI Tank adjusted targeting angle one unit CCW...
<<<15:42:14:857550>>>  Tank #1 Green Player Tank has been hit by Tank #1 Green Player Tank's Cannonball #1!
<<<15:42:14:874553>>>  Tank #1 Green Player Tank has been hit by Tank #1 Green Player Tank's Cannonball #1!
<<<15:42:14:891568>>>  Tank #1 Green Player Tank has been hit by Tank #1 Green Player Tank's Cannonball #1!
<<<15:42:14:907703>>>  Tank #1 Green Player Tank has been hit by Tank #1 Green Player Tank's Cannonball #1!
<<<15:42:14:923740>>>  Tank #1 Green Player Tank has been hit by Tank #1 Green Player Tank's Cannonball #1!
<<<15:42:14:940832>>>  Tank #1 Green Player Tank has been hit by Tank #1 Green Player Tank's Cannonball #1!
<<<15:42:14:958005>>>  Tank #1 Green Player Tank has been hit by Tank #1 Green Player Tank's Cannonball #1!
<<<15:42:14:973904>>>  Tank #1 Green Player Tank has been hit by Tank #1 Green Player Tank's Cannonball #1!
<<<15:42:14:973904>>>  Tank #2 Red AI Tank moved one unit CCW...
<<<15:42:14:973904>>>  Tank #3 Yellow AI Tank is checking targeting info...
<<<15:42:14:973904>>>  Tank #3 Yellow AI Tank Launch angle not within tolerances, adjusting firing solution...
<<<15:42:14:973904>>>  Tank #3 Yellow AI Tank Launch speed not within tolerances, adjusting firing solution...
<<<15:42:14:973904>>>  Tank #3 Yellow AI Tank adjusted targeting angle one unit CCW...
<<<15:42:14:989757>>>  Tank #1 Green Player Tank has been hit by Tank #1 Green Player Tank's Cannonball #1!
<<<15:42:15:007034>>>  Tank #1 Green Player Tank has been hit by Tank #1 Green Player Tank's Cannonball #1!
<<<15:42:15:022857>>>  Tank #1 Green Player Tank has been hit by Tank #1 Green Player Tank's Cannonball #1!
<<<15:42:15:039973>>>  Tank #1 Green Player Tank has been hit by Tank #1 Green Player Tank's Cannonball #1!
<<<15:42:15:056292>>>  Tank #1 Green Player Tank has been hit by Tank #1 Green Player Tank's Cannonball #1!
<<<15:42:15:072586>>>  Tank #1 Green Player Tank has been hit by Tank #1 Green Player Tank's Cannonball #1!
<<<15:42:15:088042>>>  Tank #1 Green Player Tank has been hit by Tank #1 Green Player Tank's Cannonball #1!
<<<15:42:15:104340>>>  Tank #1 Green Player Tank has been hit by Tank #1 Green Player Tank's Cannonball #1!
<<<15:42:15:104340>>>  Tank #2 Red AI Tank moved one unit CCW...
<<<15:42:15:104340>>>  Tank #3 Yellow AI Tank is checking targeting info...
<<<15:42:15:104340>>>  Tank #3 Yellow AI Tank Launch angle not within tolerances, adjusting firing solution...
<<<15:42:15:104340>>>  Tank #3 Yellow AI Tank Launch speed not within tolerances, adjusting firing solution...
<<<15:42:15:104340>>>  Tank #3 Yellow AI Tank adjusted targeting angle one unit CCW...
<<<15:42:15:121636>>>  Tank #1 Green Player Tank has been hit by Tank #1 Green Player Tank's Cannonball #1!
<<<15:42:15:137605>>>  Tank #1 Green Player Tank has been hit by Tank #1 Green Player Tank's Cannonball #1!
<<<15:42:15:153576>>>  Tank #1 Green Player Tank has been hit by Tank #1 Green Player Tank's Cannonball #1!
<<<15:42:15:170404>>>  Tank #1 Green Player Tank has been hit by Tank #1 Green Player Tank's Cannonball #1!
<<<15:42:15:187712>>>  Tank #1 Green Player Tank has been hit by Tank #1 Green Player Tank's Cannonball #1!
<<<15:42:15:204853>>>  Tank #1 Green Player Tank has been hit by Tank #1 Green Player Tank's Cannonball #1!
<<<15:42:15:221941>>>  Tank #1 Green Player Tank has been hit by Tank #1 Green Player Tank's Cannonball #1!
<<<15:42:15:237790>>>  Tank #1 Green Player Tank has been hit by Tank #1 Green Player Tank's Cannonball #1!
<<<15:42:15:237790>>>  Tank #2 Red AI Tank moved one unit CCW...
<<<15:42:15:237790>>>  Tank #3 Yellow AI Tank is checking targeting info...
<<<15:42:15:237790>>>  Tank #3 Yellow AI Tank Launch angle not within tolerances, adjusting firing solution...
<<<15:42:15:237790>>>  Tank #3 Yellow AI Tank Launch speed not within tolerances, adjusting firing solution...
<<<15:42:15:237790>>>  Tank #3 Yellow AI Tank adjusted targeting angle one unit CCW...
<<<15:42:15:253665>>>  Tank #1 Green Player Tank has been hit by Tank #1 Green Player Tank's Cannonball #1!
<<<15:42:15:270817>>>  Tank #1 Green Player Tank has been hit by Tank #1 Green Player Tank's Cannonball #1!
<<<15:42:15:286869>>>  Tank #1 Green Player Tank has been hit by Tank #1 Green Player Tank's Cannonball #1!
<<<15:42:15:303810>>>  Tank #1 Green Player Tank has been hit by Tank #1 Green Player Tank's Cannonball #1!
<<<15:42:15:321191>>>  Tank #1 Green Player Tank has been hit by Tank #1 Green Player Tank's Cannonball #1!
<<<15:42:15:337516>>>  Tank #1 Green Player Tank has been hit by Tank #1 Green Player Tank's Cannonball #1!
<<<15:42:15:354718>>>  Tank #1 Green Player Tank has been hit by Tank #1 Green Player Tank's Cannonball #1!
<<<15:42:15:371785>>>  Tank #1 Green Player Tank has been hit by Tank #1 Green Player Tank's Cannonball #1!
<<<15:42:15:371785>>>  Tank #2 Red AI Tank moved one unit CCW...
<<<15:42:15:371785>>>  Tank #3 Yellow AI Tank is checking targeting info...
<<<15:42:15:371785>>>  Tank #3 Yellow AI Tank Launch angle not within tolerances, adjusting firing solution...
<<<15:42:15:371785>>>  Tank #3 Yellow AI Tank Launch speed not within tolerances, adjusting firing solution...
<<<15:42:15:371785>>>  Tank #3 Yellow AI Tank adjusted targeting angle one unit CCW...
<<<15:42:15:387720>>>  Tank #1 Green Player Tank has been hit by Tank #1 Green Player Tank's Cannonball #1!
<<<15:42:15:403710>>>  Tank #1 Green Player Tank has been hit by Tank #1 Green Player Tank's Cannonball #1!
<<<15:42:15:420084>>>  Tank #1 Green Player Tank has been hit by Tank #1 Green Player Tank's Cannonball #1!
<<<15:42:15:435876>>>  Tank #1 Green Player Tank has been hit by Tank #1 Green Player Tank's Cannonball #1!
<<<15:42:15:452040>>>  Tank #1 Green Player Tank has been hit by Tank #1 Green Player Tank's Cannonball #1!
<<<15:42:15:468350>>>  Tank #1 Green Player Tank has been hit by Tank #1 Green Player Tank's Cannonball #1!
<<<15:42:15:484479>>>  Tank #1 Green Player Tank has been hit by Tank #1 Green Player Tank's Cannonball #1!
<<<15:42:15:500835>>>  Tank #1 Green Player Tank has been hit by Tank #1 Green Player Tank's Cannonball #1!
<<<15:42:15:500835>>>  Tank #2 Red AI Tank moved one unit CCW...
<<<15:42:15:500835>>>  Tank #3 Yellow AI Tank is checking targeting info...
<<<15:42:15:500835>>>  Tank #3 Yellow AI Tank Launch angle not within tolerances, adjusting firing solution...
<<<15:42:15:500835>>>  Tank #3 Yellow AI Tank Launch speed not within tolerances, adjusting firing solution...
<<<15:42:15:500835>>>  Tank #3 Yellow AI Tank adjusted targeting angle one unit CCW...
<<<15:42:15:517411>>>  Tank #1 Green Player Tank has been hit by Tank #1 Green Player Tank's Cannonball #1!
<<<15:42:15:534369>>>  Tank #1 Green Player Tank has been hit by Tank #1 Green Player Tank's Cannonball #1!
<<<15:42:15:550976>>>  Tank #1 Green Player Tank has been hit by Tank #1 Green Player Tank's Cannonball #1!
<<<15:42:15:567924>>>  Tank #1 Green Player Tank has been hit by Tank #1 Green Player Tank's Cannonball #1!
<<<15:42:15:583581>>>  Tank #1 Green Player Tank has been hit by Tank #1 Green Player Tank's Cannonball #1!
<<<15:42:15:599608>>>  Tank #1 Green Player Tank has been hit by Tank #1 Green Player Tank's Cannonball #1!
<<<15:42:15:616160>>>  Tank #1 Green Player Tank has been hit by Tank #1 Green Player Tank's Cannonball #1!
<<<15:42:15:631920>>>  Tank #1 Green Player Tank has been hit by Tank #1 Green Player Tank's Cannonball #1!
<<<15:42:15:631920>>>  Tank #2 Red AI Tank moved one unit CCW...
<<<15:42:15:631920>>>  Tank #3 Yellow AI Tank is checking targeting info...
<<<15:42:15:631920>>>  Tank #3 Yellow AI Tank Launch angle not within tolerances, adjusting firing solution...
<<<15:42:15:631920>>>  Tank #3 Yellow AI Tank Launch speed not within tolerances, adjusting firing solution...
<<<15:42:15:631920>>>  Tank #3 Yellow AI Tank adjusted targeting angle one unit CCW...
<<<15:42:15:647494>>>  Tank #1 Green Player Tank has been hit by Tank #1 Green Player Tank's Cannonball #1!
<<<15:42:15:663645>>>  Tank #1 Green Player Tank has been hit by Tank #1 Green Player Tank's Cannonball #1!
<<<15:42:15:680242>>>  Tank #1 Green Player Tank has been hit by Tank #1 Green Player Tank's Cannonball #1!
<<<15:42:15:695754>>>  Tank #1 Green Player Tank has been hit by Tank #1 Green Player Tank's Cannonball #1!
<<<15:42:15:712434>>>  Tank #1 Green Player Tank has been hit by Tank #1 Green Player Tank's Cannonball #1!
<<<15:42:15:728719>>>  Tank #1 Green Player Tank has been hit by Tank #1 Green Player Tank's Cannonball #1!
<<<15:42:15:745750>>>  Tank #1 Green Player Tank has been hit by Tank #1 Green Player Tank's Cannonball #1!
<<<15:42:15:762220>>>  Tank #1 Green Player Tank has been hit by Tank #1 Green Player Tank's Cannonball #1!
<<<15:42:15:762220>>>  Tank #2 Red AI Tank moved one unit CCW...
<<<15:42:15:762220>>>  Tank #3 Yellow AI Tank is checking targeting info...
<<<15:42:15:762220>>>  Tank #3 Yellow AI Tank Launch angle not within tolerances, adjusting firing solution...
<<<15:42:15:762220>>>  Tank #3 Yellow AI Tank Launch speed not within tolerances, adjusting firing solution...
<<<15:42:15:762220>>>  Tank #3 Yellow AI Tank adjusted targeting angle one unit CCW...
<<<15:42:15:777839>>>  Tank #1 Green Player Tank has been hit by Tank #1 Green Player Tank's Cannonball #1!
<<<15:42:15:794043>>>  Tank #1 Green Player Tank has been hit by Tank #1 Green Player Tank's Cannonball #1!
<<<15:42:15:809805>>>  Tank #1 Green Player Tank has been hit by Tank #1 Green Player Tank's Cannonball #1!
<<<15:42:15:826391>>>  Tank #1 Green Player Tank has been hit by Tank #1 Green Player Tank's Cannonball #1!
<<<15:42:15:826391>>>  Tank #1 Green Player Tank being destroyed...
<<<15:42:15:826391>>>  Cannonballs from Tank #1 Green Player Tank given to Tank #3 Yellow AI Tank's ball list.
<<<15:42:15:826391>>>  Tank successfully destroyed!
<<<15:42:15:892388>>>  Tank #2 Red AI Tank moved one unit CCW...
<<<15:42:15:892388>>>  Tank #3 Yellow AI Tank is checking targeting info...
<<<15:42:15:892388>>>  Tank #3 Yellow AI Tank Launch angle not within tolerances, adjusting firing solution...
<<<15:42:15:892388>>>  Tank #3 Yellow AI Tank Launch speed not within tolerances, adjusting firing solution...
<<<15:42:15:892388>>>  Tank #3 Yellow AI Tank adjusted targeting angle one unit CCW...
<<<15:42:16:023841>>>  Tank #3 Yellow AI Tank is checking targeting info...
<<<15:42:16:023841>>>  Tank #3 Yellow AI Tank Launch angle not within tolerances, adjusting firing solution...
<<<15:42:16:023841>>>  Tank #3 Yellow AI Tank Launch speed not within tolerances, adjusting firing solution...
<<<15:42:16:023841>>>  Tank #3 Yellow AI Tank adjusted targeting angle one unit CCW...
<<<15:42:16:154825>>>  Tank #2 Red AI Tank chose to move to 5.2037, cururently at 4.2412.
<<<15:42:16:154825>>>  Tank #2 Red AI Tank moved one unit CCW...
<<<15:42:16:154825>>>  Tank #2 Red AI Tank chose to move...
<<<15:42:16:154825>>>  Tank #3 Yellow AI Tank is checking targeting info...
<<<15:42:16:154825>>>  Tank #3 Yellow AI Tank Launch angle not within tolerances, adjusting firing solution...
<<<15:42:16:154825>>>  Tank #3 Yellow AI Tank Launch speed not within tolerances, adjusting firing solution...
<<<15:42:16:154825>>>  Tank #3 Yellow AI Tank adjusted targeting angle one unit CCW...
<<<15:42:16:285306>>>  Tank #2 Red AI Tank moved one unit CCW...
<<<15:42:16:285306>>>  Tank #3 Yellow AI Tank is checking targeting info...
<<<15:42:16:285306>>>  Tank #3 Yellow AI Tank Launch angle not within tolerances, adjusting firing solution...
<<<15:42:16:285306>>>  Tank #3 Yellow AI Tank Launch speed not within tolerances, adjusting firing solution...
<<<15:42:16:285306>>>  Tank #3 Yellow AI Tank adjusted targeting angle one unit CCW...
<<<15:42:16:415837>>>  Tank #2 Red AI Tank moved one unit CCW...
<<<15:42:16:415837>>>  Tank #3 Yellow AI Tank is checking targeting info...
<<<15:42:16:415837>>>  Tank #3 Yellow AI Tank Launch angle not within tolerances, adjusting firing solution...
<<<15:42:16:415837>>>  Tank #3 Yellow AI Tank Launch speed not within tolerances, adjusting firing solution...
<<<15:42:16:415837>>>  Tank #3 Yellow AI Tank adjusted targeting angle one unit CCW...
<<<15:42:16:512900>>>  Tank #1 Green Player Tank's Cannonball #1 explosion timer has expired, marked for removal...
<<<15:42:16:546847>>>  Tank #2 Red AI Tank moved one unit CCW...
<<<15:42:16:546847>>>  Tank #3 Yellow AI Tank is checking targeting info...
<<<15:42:16:546847>>>  Tank #3 Yellow AI Tank Launch angle not within tolerances, adjusting firing solution...
<<<15:42:16:546847>>>  Tank #3 Yellow AI Tank Launch speed not within tolerances, adjusting firing solution...
<<<15:42:16:546847>>>  Tank #3 Yellow AI Tank adjusted targeting angle one unit CCW...
<<<15:42:16:677763>>>  Tank #2 Red AI Tank moved one unit CCW...
<<<15:42:16:677763>>>  Tank #3 Yellow AI Tank is checking targeting info...
<<<15:42:16:677763>>>  Tank #3 Yellow AI Tank Launch angle not within tolerances, adjusting firing solution...
<<<15:42:16:677763>>>  Tank #3 Yellow AI Tank Launch speed not within tolerances, adjusting firing solution...
<<<15:42:16:677763>>>  Tank #3 Yellow AI Tank adjusted targeting angle one unit CCW...
<<<15:42:16:808846>>>  Tank #2 Red AI Tank moved one unit CCW...
<<<15:42:16:808846>>>  Tank #3 Yellow AI Tank is checking targeting info...
<<<15:42:16:808846>>>  Tank #3 Yellow AI Tank Launch angle not within tolerances, adjusting firing solution...
<<<15:42:16:808846>>>  Tank #3 Yellow AI Tank Launch speed not within tolerances, adjusting firing solution...
<<<15:42:16:808846>>>  Tank #3 Yellow AI Tank adjusted targeting angle one unit CCW...
<<<15:42:16:941933>>>  Tank #2 Red AI Tank moved one unit CCW...
<<<15:42:16:941933>>>  Tank #3 Yellow AI Tank is checking targeting info...
<<<15:42:16:941933>>>  Tank #3 Yellow AI Tank Launch angle not within tolerances, adjusting firing solution...
<<<15:42:16:941933>>>  Tank #3 Yellow AI Tank Launch speed not within tolerances, adjusting firing solution...
<<<15:42:16:941933>>>  Tank #3 Yellow AI Tank adjusted targeting angle one unit CCW...
<<<15:42:17:074168>>>  Tank #2 Red AI Tank moved one unit CCW...
<<<15:42:17:074168>>>  Tank #3 Yellow AI Tank is checking targeting info...
<<<15:42:17:074168>>>  Tank #3 Yellow AI Tank Launch angle not within tolerances, adjusting firing solution...
<<<15:42:17:074168>>>  Tank #3 Yellow AI Tank Launch speed not within tolerances, adjusting firing solution...
<<<15:42:17:074168>>>  Tank #3 Yellow AI Tank adjusted targeting angle one unit CCW...
<<<15:42:17:204748>>>
* INFORMATION FOR Tank #2 Red AI Tank's CANNONBALLS:
* Cannonballs in memory for Tank #2 Red AI Tank:  0.
* Total cannonballs fired or chambered for Tank #2 Red AI Tank:  0.
<<<15:42:17:204748>>>
* INFORMATION FOR Tank #3 Yellow AI Tank's CANNONBALLS:
* Cannonballs in memory for Tank #3 Yellow AI Tank:  1.
* Total cannonballs fired or chambered for Tank #3 Yellow AI Tank:  1.
<<<15:42:17:204748>>>
* CURRENT VALUES FOR CELESTIAL BODY:  Tank #3 Yellow AI Tank's Cannonball #1
* This is not the homeworld.
* The celestial boyd's density is 5515 kg/m^3.
* The celestial body's mass is 1000 kg.
* The Earth's mass is 5.972e+24 kg.
* The celestial body's radius is 0.001 km.
* The celestial body's coordinates are (5259.759040302067, -3134.9072704388914).
* The celestial body's velocity is (4.851778702195508, -2.798024467014671).
* The celestial body's speed is 5.600776508046957 km/s.
* The celestial body's acceleration is (0, 0).
* The celestial body's screen x and y coordinates are (874, 494).
* The celestial body's screen radius is 2.
* The celestial is using a body circle.
<<<15:42:17:204748>>>
* ADDITIONAL INFORMATION FOR Tank #3 Yellow AI Tank's Cannonball #1:
* This cannonball is chambered.
<<<15:42:17:204748>>>  Quit through pygame and writing log file...
