<<<16:13:20:350648>>>
* Screen coordinates (1443, 580) choosen in zone #4.
* Screen dimensions are 1600 wide by 900 high.
* Minimum (x, y) are (1333, 150).
* Maximum (x, y) are (1600, 750).
* Mid (x, y) are (1466, 450).
<<<16:13:20:350648>>>  Image at Pix\Faraway_Objects\Nebulae\6.png choosen for background...
<<<16:13:20:354998>>>  Pix\Homeworlds\Tundra\5.png loaded as pixie for Earth and scaled to body circle...
<<<16:13:20:354998>>>  Image at Pix\Homeworlds\Tundra\5.png chosen as homeworld pix for Earth's...
<<<16:13:20:356063>>>  Pix\Moons\16.png loaded as pixie for Moon #2 and scaled to body circle...
<<<16:13:20:386410>>>  Tank #1 Green Player Tank successfully created!
<<<16:13:20:418514>>>  Tank #2 Red AI Tank successfully created!
<<<16:13:20:451608>>>  Tank #3 Yellow AI Tank successfully created!
<<<16:13:20:454602>>>
* *** Tank #2 Red AI Tank USING CLEAR SKIES FUNCTION ***
* Moon #2 at (-9760.71056266659, 8190.440083277518), angle 2.4434470379324207 rads.
* Tank #2 Red AI Tank at (-5517.44784751066, -3185.499999999998), angle 3.665191429188092.
* Angle Between is 1.2217443912556711 rads.
* The skies are NOT clear, Tank #2 Red AI Tank shouldn't use Gravity...
<<<16:13:20:454602>>>  Tank #3 Yellow AI Tank chose to move to 4.9228, cururently at 5.7596.
<<<16:13:20:454602>>>  Tank #3 Yellow AI Tank moved one unit CW...
<<<16:13:20:454602>>>  Tank #3 Yellow AI Tank chose to move...
<<<16:13:20:586202>>>
* *** Tank #2 Red AI Tank USING CLEAR SKIES FUNCTION ***
* Moon #2 at (-10013.196468918437, 7875.02232606503), angle 2.475159806135915 rads.
* Tank #2 Red AI Tank at (-5517.44784751066, -3185.499999999998), angle 3.665191429188092.
* Angle Between is 1.1900316230521768 rads.
* The skies are NOT clear, Tank #2 Red AI Tank shouldn't use Gravity...
<<<16:13:20:586202>>>  Tank #3 Yellow AI Tank moved one unit CW...
<<<16:13:20:720614>>>  Tank #2 Red AI Tank chose to move to 4.7711, cururently at 3.6652.
<<<16:13:20:720614>>>  Tank #2 Red AI Tank moved one unit CCW...
<<<16:13:20:720614>>>  Tank #2 Red AI Tank chose to move...
<<<16:13:20:720614>>>  Tank #3 Yellow AI Tank moved one unit CW...
<<<16:13:20:854795>>>  Tank #2 Red AI Tank moved one unit CCW...
<<<16:13:20:855295>>>  Tank #3 Yellow AI Tank moved one unit CW...
<<<16:13:20:985936>>>  Tank #2 Red AI Tank moved one unit CCW...
<<<16:13:20:985936>>>  Tank #3 Yellow AI Tank moved one unit CW...
<<<16:13:21:119517>>>  Tank #2 Red AI Tank moved one unit CCW...
<<<16:13:21:119517>>>  Tank #3 Yellow AI Tank moved one unit CW...
<<<16:13:21:252164>>>  Tank #2 Red AI Tank moved one unit CCW...
<<<16:13:21:252164>>>  Tank #3 Yellow AI Tank moved one unit CW...
<<<16:13:21:387064>>>  Tank #2 Red AI Tank moved one unit CCW...
<<<16:13:21:387064>>>  Tank #3 Yellow AI Tank moved one unit CW...
<<<16:13:21:520096>>>  Tank #2 Red AI Tank moved one unit CCW...
<<<16:13:21:520096>>>  Tank #3 Yellow AI Tank moved one unit CW...
<<<16:13:21:649318>>>  Tank #2 Red AI Tank moved one unit CCW...
<<<16:13:21:649318>>>  Tank #3 Yellow AI Tank moved one unit CW...
<<<16:13:21:782597>>>  Tank #2 Red AI Tank moved one unit CCW...
<<<16:13:21:782597>>>  Tank #3 Yellow AI Tank moved one unit CW...
<<<16:13:21:914844>>>  Tank #2 Red AI Tank moved one unit CCW...
<<<16:13:21:914844>>>  Tank #3 Yellow AI Tank moved one unit CW...
<<<16:13:22:046775>>>  Tank #2 Red AI Tank moved one unit CCW...
<<<16:13:22:046775>>>  Tank #3 Yellow AI Tank moved one unit CW...
<<<16:13:22:178023>>>  Tank #2 Red AI Tank moved one unit CCW...
<<<16:13:22:178023>>>  Tank #3 Yellow AI Tank moved one unit CW...
<<<16:13:22:308970>>>  Tank #2 Red AI Tank moved one unit CCW...
<<<16:13:22:308970>>>  Tank #3 Yellow AI Tank moved one unit CW...
<<<16:13:22:442185>>>  Tank #2 Red AI Tank moved one unit CCW...
<<<16:13:22:442185>>>  Tank #3 Yellow AI Tank moved one unit CW...
<<<16:13:22:572526>>>  Tank #2 Red AI Tank moved one unit CCW...
<<<16:13:22:572526>>>  Tank #3 Yellow AI Tank moved one unit CW...
<<<16:13:22:707315>>>  Tank #2 Red AI Tank moved one unit CCW...
<<<16:13:22:707315>>>  Tank #3 Yellow AI Tank moved one unit CW...
<<<16:13:22:839817>>>  Tank #2 Red AI Tank moved one unit CCW...
<<<16:13:22:839817>>>  Tank #3 Yellow AI Tank moved one unit CW...
<<<16:13:22:970912>>>  Tank #2 Red AI Tank moved one unit CCW...
<<<16:13:22:970912>>>  Tank #3 Yellow AI Tank moved one unit CW...
<<<16:13:23:105893>>>  Tank #2 Red AI Tank moved one unit CCW...
<<<16:13:23:105893>>>  Tank #3 Yellow AI Tank moved one unit CW...
<<<16:13:23:238566>>>  Tank #2 Red AI Tank moved one unit CCW...
<<<16:13:23:238566>>>  Tank #3 Yellow AI Tank moved one unit CW...
<<<16:13:23:369180>>>  Tank #2 Red AI Tank moved one unit CCW...
<<<16:13:23:370129>>>  Tank #3 Yellow AI Tank moved one unit CW...
<<<16:13:23:502570>>>  Tank #2 Red AI Tank moved one unit CCW...
<<<16:13:23:502570>>>  Tank #3 Yellow AI Tank moved one unit CW...
<<<16:13:23:632785>>>  Tank #2 Red AI Tank moved one unit CCW...
<<<16:13:23:632785>>>  Tank #3 Yellow AI Tank moved one unit CW...
<<<16:13:23:762723>>>  Tank #2 Red AI Tank moved one unit CCW...
<<<16:13:23:762723>>>  Tank #3 Yellow AI Tank moved one unit CW...
<<<16:13:23:893294>>>  Tank #2 Red AI Tank moved one unit CCW...
<<<16:13:23:893294>>>  Tank #3 Yellow AI Tank moved one unit CW...
<<<16:13:24:022563>>>  Tank #2 Red AI Tank moved one unit CCW...
<<<16:13:24:022563>>>  Tank #3 Yellow AI Tank moved one unit CW...
<<<16:13:24:153334>>>  Tank #2 Red AI Tank moved one unit CCW...
<<<16:13:24:153334>>>  Tank #3 Yellow AI Tank moved one unit CW...
<<<16:13:24:286949>>>  Tank #2 Red AI Tank moved one unit CCW...
<<<16:13:24:286949>>>  Tank #3 Yellow AI Tank moved one unit CW...
<<<16:13:24:415514>>>  Tank #2 Red AI Tank moved one unit CCW...
<<<16:13:24:415514>>>  Tank #3 Yellow AI Tank moved one unit CW...
<<<16:13:24:546280>>>  Tank #2 Red AI Tank moved one unit CCW...
<<<16:13:24:546280>>>  Tank #3 Yellow AI Tank moved one unit CW...
<<<16:13:24:675707>>>  Tank #2 Red AI Tank moved one unit CCW...
<<<16:13:24:675707>>>  Tank #3 Yellow AI Tank moved one unit CW...
<<<16:13:24:806020>>>  Tank #2 Red AI Tank moved one unit CCW...
<<<16:13:24:806020>>>  Tank #3 Yellow AI Tank moved one unit CW...
<<<16:13:24:937728>>>  Tank #2 Red AI Tank moved one unit CCW...
<<<16:13:24:937728>>>  Tank #3 Yellow AI Tank moved one unit CW...
<<<16:13:25:072650>>>  Tank #2 Red AI Tank moved one unit CCW...
<<<16:13:25:072650>>>  Tank #3 Yellow AI Tank moved one unit CW...
<<<16:13:25:203911>>>  Tank #2 Red AI Tank moved one unit CCW...
<<<16:13:25:204927>>>  Tank #3 Yellow AI Tank moved one unit CW...
<<<16:13:25:336032>>>  Tank #2 Red AI Tank moved one unit CCW...
<<<16:13:25:336032>>>  Tank #3 Yellow AI Tank moved one unit CW...
<<<16:13:25:466664>>>  Tank #2 Red AI Tank moved one unit CCW...
<<<16:13:25:466664>>>  Tank #3 Yellow AI Tank moved one unit CW...
<<<16:13:25:596863>>>  Tank #2 Red AI Tank moved one unit CCW...
<<<16:13:25:596863>>>  Tank #3 Yellow AI Tank moved one unit CW...
<<<16:13:25:726861>>>  Tank #2 Red AI Tank moved one unit CCW...
<<<16:13:25:726861>>>  Tank #3 Yellow AI Tank moved one unit CW...
<<<16:13:25:856034>>>  Tank #2 Red AI Tank moved one unit CCW...
<<<16:13:25:856034>>>  Tank #3 Yellow AI Tank moved one unit CW...
<<<16:13:25:989408>>>  Tank #2 Red AI Tank moved one unit CCW...
<<<16:13:25:989408>>>  Tank #3 Yellow AI Tank moved one unit CW...
<<<16:13:26:119498>>>  Tank #2 Red AI Tank moved one unit CCW...
<<<16:13:26:119498>>>  Tank #3 Yellow AI Tank moved one unit CW...
<<<16:13:26:248446>>>  Tank #2 Red AI Tank moved one unit CCW...
<<<16:13:26:248446>>>  Tank #3 Yellow AI Tank moved one unit CW...
<<<16:13:26:377297>>>  Tank #2 Red AI Tank moved one unit CCW...
<<<16:13:26:377297>>>  Tank #3 Yellow AI Tank moved one unit CW...
<<<16:13:26:506965>>>  Tank #2 Red AI Tank moved one unit CCW...
<<<16:13:26:506965>>>  Tank #3 Yellow AI Tank moved one unit CW...
<<<16:13:26:638617>>>  Tank #2 Red AI Tank moved one unit CCW...
<<<16:13:26:770026>>>  Tank #2 Red AI Tank moved one unit CCW...
<<<16:13:26:770026>>>
* *** Tank #3 Yellow AI Tank USING CLEAR SKIES FUNCTION ***
* Moon #2 at (-3769.5875788272438, -8914.346813034514), angle -1.9708593445253917 rads.
* Tank #3 Yellow AI Tank at (1433.1631672248184, -6207.711682746721), angle 4.9392817831439615.
* Angle Between is 0.6269558204897674 rads.
* The skies are NOT clear, Tank #3 Yellow AI Tank shouldn't use Gravity...
<<<16:13:26:900250>>>  Tank #2 Red AI Tank moved one unit CCW...
<<<16:13:26:901254>>>  Tank #3 Yellow AI Tank chose to shoot...
<<<16:13:27:032157>>>  Tank #2 Red AI Tank moved one unit CCW...
<<<16:13:27:032157>>>  Tank #3 Yellow AI Tank is checking targeting info...
<<<16:13:27:032157>>>  Tank #3 Yellow AI Tank Launch angle not within tolerances, adjusting firing solution...
<<<16:13:27:032157>>>  Tank #3 Yellow AI Tank Launch speed not within tolerances, adjusting firing solution...
<<<16:13:27:032157>>>  Tank #3 Yellow AI Tank adjusted targeting angle one unit CCW...
<<<16:13:27:163746>>>  Tank #2 Red AI Tank moved one unit CCW...
<<<16:13:27:163746>>>  Tank #3 Yellow AI Tank is checking targeting info...
<<<16:13:27:163746>>>  Tank #3 Yellow AI Tank Launch angle not within tolerances, adjusting firing solution...
<<<16:13:27:163746>>>  Tank #3 Yellow AI Tank Launch speed not within tolerances, adjusting firing solution...
<<<16:13:27:163746>>>  Tank #3 Yellow AI Tank adjusted targeting angle one unit CCW...
<<<16:13:27:296950>>>  Tank #2 Red AI Tank moved one unit CCW...
<<<16:13:27:296950>>>  Tank #3 Yellow AI Tank is checking targeting info...
<<<16:13:27:296950>>>  Tank #3 Yellow AI Tank Launch angle not within tolerances, adjusting firing solution...
<<<16:13:27:296950>>>  Tank #3 Yellow AI Tank Launch speed not within tolerances, adjusting firing solution...
<<<16:13:27:296950>>>  Tank #3 Yellow AI Tank adjusted targeting angle one unit CCW...
<<<16:13:27:426921>>>  Tank #2 Red AI Tank moved one unit CCW...
<<<16:13:27:426921>>>  Tank #3 Yellow AI Tank is checking targeting info...
<<<16:13:27:426921>>>  Tank #3 Yellow AI Tank Launch angle not within tolerances, adjusting firing solution...
<<<16:13:27:426921>>>  Tank #3 Yellow AI Tank Launch speed not within tolerances, adjusting firing solution...
<<<16:13:27:426921>>>  Tank #3 Yellow AI Tank adjusted targeting angle one unit CCW...
<<<16:13:27:556084>>>  Tank #2 Red AI Tank moved one unit CCW...
<<<16:13:27:556084>>>  Tank #3 Yellow AI Tank is checking targeting info...
<<<16:13:27:556084>>>  Tank #3 Yellow AI Tank Launch angle not within tolerances, adjusting firing solution...
<<<16:13:27:556084>>>  Tank #3 Yellow AI Tank Launch speed not within tolerances, adjusting firing solution...
<<<16:13:27:556084>>>  Tank #3 Yellow AI Tank adjusted targeting angle one unit CCW...
<<<16:13:27:686962>>>  Tank #2 Red AI Tank moved one unit CCW...
<<<16:13:27:686962>>>  Tank #3 Yellow AI Tank is checking targeting info...
<<<16:13:27:686962>>>  Tank #3 Yellow AI Tank Launch angle not within tolerances, adjusting firing solution...
<<<16:13:27:686962>>>  Tank #3 Yellow AI Tank Launch speed not within tolerances, adjusting firing solution...
<<<16:13:27:686962>>>  Tank #3 Yellow AI Tank adjusted targeting angle one unit CCW...
<<<16:13:27:817212>>>  Tank #2 Red AI Tank moved one unit CCW...
<<<16:13:27:817212>>>  Tank #3 Yellow AI Tank is checking targeting info...
<<<16:13:27:817212>>>  Tank #3 Yellow AI Tank Launch angle not within tolerances, adjusting firing solution...
<<<16:13:27:817212>>>  Tank #3 Yellow AI Tank Launch speed not within tolerances, adjusting firing solution...
<<<16:13:27:817212>>>  Tank #3 Yellow AI Tank adjusted targeting angle one unit CCW...
<<<16:13:27:947578>>>  Tank #2 Red AI Tank moved one unit CCW...
<<<16:13:27:947578>>>  Tank #3 Yellow AI Tank is checking targeting info...
<<<16:13:27:947578>>>  Tank #3 Yellow AI Tank Launch angle not within tolerances, adjusting firing solution...
<<<16:13:27:947578>>>  Tank #3 Yellow AI Tank Launch speed not within tolerances, adjusting firing solution...
<<<16:13:27:947578>>>  Tank #3 Yellow AI Tank adjusted targeting angle one unit CCW...
<<<16:13:28:031698>>>  Tank #3 Yellow AI Tank has been smushed by Moon #2!
<<<16:13:28:048279>>>  Tank #3 Yellow AI Tank has been smushed by Moon #2!
<<<16:13:28:065329>>>  Tank #3 Yellow AI Tank has been smushed by Moon #2!
<<<16:13:28:081975>>>  Tank #3 Yellow AI Tank has been smushed by Moon #2!
<<<16:13:28:081975>>>  Tank #2 Red AI Tank moved one unit CCW...
<<<16:13:28:097886>>>  Tank #3 Yellow AI Tank has been smushed by Moon #2!
<<<16:13:28:115006>>>  Tank #3 Yellow AI Tank has been smushed by Moon #2!
<<<16:13:28:130491>>>  Tank #3 Yellow AI Tank has been smushed by Moon #2!
<<<16:13:28:146962>>>  Tank #3 Yellow AI Tank has been smushed by Moon #2!
<<<16:13:28:162698>>>  Tank #3 Yellow AI Tank has been smushed by Moon #2!
<<<16:13:28:178718>>>  Tank #3 Yellow AI Tank has been smushed by Moon #2!
<<<16:13:28:210838>>>  Tank #2 Red AI Tank moved one unit CCW...
<<<16:13:28:341865>>>  Tank #2 Red AI Tank moved one unit CCW...
<<<16:13:28:471820>>>  Tank #2 Red AI Tank moved one unit CCW...
<<<16:13:28:602291>>>  Tank #2 Red AI Tank moved one unit CCW...
<<<16:13:28:731621>>>  Tank #2 Red AI Tank moved one unit CCW...
<<<16:13:28:861892>>>  Tank #2 Red AI Tank moved one unit CCW...
<<<16:13:29:120494>>>
* *** Tank #2 Red AI Tank USING CLEAR SKIES FUNCTION ***
* Moon #2 at (6148.6740415286695, -5991.568113600952), angle -0.77245796362568 rads.
* Tank #2 Red AI Tank at (333.43237722371674, -6362.268765921394), angle 4.764748857944507.
* Angle Between is 0.745978485609399 rads.
* The skies are NOT clear, Tank #2 Red AI Tank shouldn't use Gravity...
<<<16:13:29:251869>>>
* *** Tank #2 Red AI Tank USING CLEAR SKIES FUNCTION ***
* Moon #2 at (6300.852414651296, -5225.69973173911), angle -0.6923911007461457 rads.
* Tank #2 Red AI Tank at (333.43237722371674, -6362.268765921394), angle 4.764748857944507.
* Angle Between is 0.8260453484889334 rads.
* The skies are NOT clear, Tank #2 Red AI Tank shouldn't use Gravity...
<<<16:13:29:299596>>>  Tank #3 Yellow AI Tank being destroyed...
<<<16:13:29:299596>>>  Cannonballs from Tank #3 Yellow AI Tank given to Tank #1 Green Player Tank's cannonball list.
<<<16:13:29:299596>>>  Tank successfully destroyed!
<<<16:13:29:382012>>>  Tank #2 Red AI Tank chose to shoot...
<<<16:13:29:510904>>>  Tank #2 Red AI Tank is checking targeting info...
<<<16:13:29:510904>>>  Tank #2 Red AI Tank Launch angle not within tolerances, adjusting firing solution...
<<<16:13:29:510904>>>  Tank #2 Red AI Tank Launch speed not within tolerances, adjusting firing solution...
<<<16:13:29:510904>>>  Tank #2 Red AI Tank adjusted targeting angle one unit CCW...
<<<16:13:29:641678>>>  Tank #2 Red AI Tank is checking targeting info...
<<<16:13:29:641678>>>  Tank #2 Red AI Tank Launch angle not within tolerances, adjusting firing solution...
<<<16:13:29:641678>>>  Tank #2 Red AI Tank Launch speed not within tolerances, adjusting firing solution...
<<<16:13:29:641678>>>  Tank #2 Red AI Tank adjusted targeting angle one unit CCW...
<<<16:13:29:771975>>>  Tank #2 Red AI Tank is checking targeting info...
<<<16:13:29:771975>>>  Tank #2 Red AI Tank Launch angle not within tolerances, adjusting firing solution...
<<<16:13:29:771975>>>  Tank #2 Red AI Tank Launch speed not within tolerances, adjusting firing solution...
<<<16:13:29:771975>>>  Tank #2 Red AI Tank adjusted targeting angle one unit CCW...
<<<16:13:29:900316>>>  Tank #2 Red AI Tank is checking targeting info...
<<<16:13:29:900316>>>  Tank #2 Red AI Tank Launch angle not within tolerances, adjusting firing solution...
<<<16:13:29:900316>>>  Tank #2 Red AI Tank Launch speed not within tolerances, adjusting firing solution...
<<<16:13:29:900316>>>  Tank #2 Red AI Tank adjusted targeting angle one unit CCW...
<<<16:13:30:030574>>>  Tank #2 Red AI Tank is checking targeting info...
<<<16:13:30:030574>>>  Tank #2 Red AI Tank Launch angle not within tolerances, adjusting firing solution...
<<<16:13:30:030574>>>  Tank #2 Red AI Tank Launch speed not within tolerances, adjusting firing solution...
<<<16:13:30:030574>>>  Tank #2 Red AI Tank adjusted targeting angle one unit CCW...
<<<16:13:30:159432>>>  Tank #2 Red AI Tank is checking targeting info...
<<<16:13:30:159432>>>  Tank #2 Red AI Tank Launch angle not within tolerances, adjusting firing solution...
<<<16:13:30:159432>>>  Tank #2 Red AI Tank Launch speed not within tolerances, adjusting firing solution...
<<<16:13:30:159432>>>  Tank #2 Red AI Tank adjusted targeting angle one unit CCW...
<<<16:13:30:289789>>>  Tank #2 Red AI Tank is checking targeting info...
<<<16:13:30:289789>>>  Tank #2 Red AI Tank Launch angle not within tolerances, adjusting firing solution...
<<<16:13:30:289789>>>  Tank #2 Red AI Tank Launch speed not within tolerances, adjusting firing solution...
<<<16:13:30:289789>>>  Tank #2 Red AI Tank adjusted targeting angle one unit CCW...
<<<16:13:30:419892>>>  Tank #2 Red AI Tank is checking targeting info...
<<<16:13:30:419892>>>  Tank #2 Red AI Tank Launch angle not within tolerances, adjusting firing solution...
<<<16:13:30:419892>>>  Tank #2 Red AI Tank Launch speed not within tolerances, adjusting firing solution...
<<<16:13:30:419892>>>  Tank #2 Red AI Tank adjusted targeting angle one unit CCW...
<<<16:13:30:547265>>>  Tank #2 Red AI Tank is checking targeting info...
<<<16:13:30:547265>>>  Tank #2 Red AI Tank Launch angle not within tolerances, adjusting firing solution...
<<<16:13:30:547265>>>  Tank #2 Red AI Tank Launch speed not within tolerances, adjusting firing solution...
<<<16:13:30:547265>>>  Tank #2 Red AI Tank adjusted targeting angle one unit CCW...
<<<16:13:30:677879>>>  Tank #2 Red AI Tank is checking targeting info...
<<<16:13:30:677879>>>  Tank #2 Red AI Tank Launch angle not within tolerances, adjusting firing solution...
<<<16:13:30:677879>>>  Tank #2 Red AI Tank Launch speed not within tolerances, adjusting firing solution...
<<<16:13:30:677879>>>  Tank #2 Red AI Tank adjusted targeting angle one unit CCW...
<<<16:13:30:808316>>>  Tank #2 Red AI Tank is checking targeting info...
<<<16:13:30:808316>>>  Tank #2 Red AI Tank Launch angle not within tolerances, adjusting firing solution...
<<<16:13:30:808316>>>  Tank #2 Red AI Tank Launch speed not within tolerances, adjusting firing solution...
<<<16:13:30:808316>>>  Tank #2 Red AI Tank adjusted targeting angle one unit CCW...
<<<16:13:30:939781>>>  Tank #2 Red AI Tank is checking targeting info...
<<<16:13:30:939781>>>  Tank #2 Red AI Tank Launch angle not within tolerances, adjusting firing solution...
<<<16:13:30:939781>>>  Tank #2 Red AI Tank Launch speed not within tolerances, adjusting firing solution...
<<<16:13:30:939781>>>  Tank #2 Red AI Tank adjusted targeting angle one unit CCW...
<<<16:13:31:071705>>>  Tank #2 Red AI Tank is checking targeting info...
<<<16:13:31:071705>>>  Tank #2 Red AI Tank Launch angle not within tolerances, adjusting firing solution...
<<<16:13:31:071705>>>  Tank #2 Red AI Tank Launch speed not within tolerances, adjusting firing solution...
<<<16:13:31:071705>>>  Tank #2 Red AI Tank adjusted targeting angle one unit CCW...
<<<16:13:31:203853>>>  Tank #2 Red AI Tank is checking targeting info...
<<<16:13:31:203853>>>  Tank #2 Red AI Tank Launch angle not within tolerances, adjusting firing solution...
<<<16:13:31:203853>>>  Tank #2 Red AI Tank Launch speed not within tolerances, adjusting firing solution...
<<<16:13:31:203853>>>  Tank #2 Red AI Tank adjusted targeting angle one unit CCW...
<<<16:13:31:336571>>>  Tank #2 Red AI Tank is checking targeting info...
<<<16:13:31:336571>>>  Tank #2 Red AI Tank Launch angle not within tolerances, adjusting firing solution...
<<<16:13:31:336571>>>  Tank #2 Red AI Tank Launch speed not within tolerances, adjusting firing solution...
<<<16:13:31:336571>>>  Tank #2 Red AI Tank adjusted targeting angle one unit CCW...
<<<16:13:31:468800>>>  Tank #2 Red AI Tank is checking targeting info...
<<<16:13:31:468800>>>  Tank #2 Red AI Tank Launch angle not within tolerances, adjusting firing solution...
<<<16:13:31:468800>>>  Tank #2 Red AI Tank Launch speed not within tolerances, adjusting firing solution...
<<<16:13:31:468800>>>  Tank #2 Red AI Tank adjusted targeting angle one unit CCW...
<<<16:13:31:598326>>>  Tank #2 Red AI Tank is checking targeting info...
<<<16:13:31:598326>>>  Tank #2 Red AI Tank Launch angle not within tolerances, adjusting firing solution...
<<<16:13:31:598326>>>  Tank #2 Red AI Tank Launch speed not within tolerances, adjusting firing solution...
<<<16:13:31:598326>>>  Tank #2 Red AI Tank adjusted targeting angle one unit CCW...
<<<16:13:31:730842>>>  Tank #2 Red AI Tank is checking targeting info...
<<<16:13:31:730842>>>  Tank #2 Red AI Tank Launch angle not within tolerances, adjusting firing solution...
<<<16:13:31:730842>>>  Tank #2 Red AI Tank Launch speed not within tolerances, adjusting firing solution...
<<<16:13:31:730842>>>  Tank #2 Red AI Tank adjusted targeting angle one unit CCW...
<<<16:13:31:859276>>>  Tank #2 Red AI Tank is checking targeting info...
<<<16:13:31:859276>>>  Tank #2 Red AI Tank Launch angle not within tolerances, adjusting firing solution...
<<<16:13:31:859276>>>  Tank #2 Red AI Tank Launch speed not within tolerances, adjusting firing solution...
<<<16:13:31:859276>>>  Tank #2 Red AI Tank adjusted targeting angle one unit CCW...
<<<16:13:31:991841>>>  Tank #2 Red AI Tank is checking targeting info...
<<<16:13:31:991841>>>  Tank #2 Red AI Tank Launch angle not within tolerances, adjusting firing solution...
<<<16:13:31:991841>>>  Tank #2 Red AI Tank Launch speed not within tolerances, adjusting firing solution...
<<<16:13:31:991841>>>  Tank #2 Red AI Tank adjusted targeting angle one unit CCW...
<<<16:13:32:125260>>>  Tank #2 Red AI Tank is checking targeting info...
<<<16:13:32:125260>>>  Tank #2 Red AI Tank Launch angle not within tolerances, adjusting firing solution...
<<<16:13:32:125260>>>  Tank #2 Red AI Tank Launch speed not within tolerances, adjusting firing solution...
<<<16:13:32:125260>>>  Tank #2 Red AI Tank adjusted targeting angle one unit CCW...
<<<16:13:32:254662>>>  Tank #2 Red AI Tank is checking targeting info...
<<<16:13:32:254662>>>  Tank #2 Red AI Tank Launch angle not within tolerances, adjusting firing solution...
<<<16:13:32:254662>>>  Tank #2 Red AI Tank Launch speed not within tolerances, adjusting firing solution...
<<<16:13:32:255351>>>  Tank #2 Red AI Tank adjusted targeting angle one unit CCW...
<<<16:13:32:385324>>>  Tank #2 Red AI Tank is checking targeting info...
<<<16:13:32:385324>>>  Tank #2 Red AI Tank Launch angle not within tolerances, adjusting firing solution...
<<<16:13:32:385324>>>  Tank #2 Red AI Tank Launch speed not within tolerances, adjusting firing solution...
<<<16:13:32:385324>>>  Tank #2 Red AI Tank adjusted targeting angle one unit CCW...
<<<16:13:32:513439>>>  Tank #2 Red AI Tank is checking targeting info...
<<<16:13:32:513439>>>  Tank #2 Red AI Tank Launch angle not within tolerances, adjusting firing solution...
<<<16:13:32:513439>>>  Tank #2 Red AI Tank Launch speed not within tolerances, adjusting firing solution...
<<<16:13:32:513439>>>  Tank #2 Red AI Tank adjusted targeting angle one unit CCW...
<<<16:13:32:645333>>>  Tank #2 Red AI Tank is checking targeting info...
<<<16:13:32:645333>>>  Tank #2 Red AI Tank Launch angle not within tolerances, adjusting firing solution...
<<<16:13:32:645333>>>  Tank #2 Red AI Tank Launch speed not within tolerances, adjusting firing solution...
<<<16:13:32:645333>>>  Tank #2 Red AI Tank adjusted targeting angle one unit CCW...
<<<16:13:32:773754>>>  Tank #2 Red AI Tank is checking targeting info...
<<<16:13:32:773754>>>  Tank #2 Red AI Tank Launch angle not within tolerances, adjusting firing solution...
<<<16:13:32:773754>>>  Tank #2 Red AI Tank Launch speed not within tolerances, adjusting firing solution...
<<<16:13:32:773754>>>  Tank #2 Red AI Tank adjusted targeting angle one unit CCW...
<<<16:13:32:906881>>>  Tank #2 Red AI Tank is checking targeting info...
<<<16:13:32:906881>>>  Tank #2 Red AI Tank Launch angle not within tolerances, adjusting firing solution...
<<<16:13:32:906881>>>  Tank #2 Red AI Tank Launch speed not within tolerances, adjusting firing solution...
<<<16:13:32:906881>>>  Tank #2 Red AI Tank adjusted targeting angle one unit CCW...
<<<16:13:33:038686>>>  Tank #2 Red AI Tank is checking targeting info...
<<<16:13:33:038686>>>  Tank #2 Red AI Tank Launch angle not within tolerances, adjusting firing solution...
<<<16:13:33:038686>>>  Tank #2 Red AI Tank Launch speed not within tolerances, adjusting firing solution...
<<<16:13:33:038686>>>  Tank #2 Red AI Tank adjusted targeting angle one unit CCW...
<<<16:13:33:169654>>>  Tank #2 Red AI Tank is checking targeting info...
<<<16:13:33:169991>>>  Tank #2 Red AI Tank Launch angle not within tolerances, adjusting firing solution...
<<<16:13:33:169991>>>  Tank #2 Red AI Tank Launch speed not within tolerances, adjusting firing solution...
<<<16:13:33:169991>>>  Tank #2 Red AI Tank adjusted targeting angle one unit CCW...
<<<16:13:33:300251>>>  Tank #2 Red AI Tank is checking targeting info...
<<<16:13:33:300251>>>  Tank #2 Red AI Tank Launch angle not within tolerances, adjusting firing solution...
<<<16:13:33:300251>>>  Tank #2 Red AI Tank Launch speed not within tolerances, adjusting firing solution...
<<<16:13:33:300251>>>  Tank #2 Red AI Tank adjusted targeting angle one unit CCW...
<<<16:13:33:429894>>>  Tank #2 Red AI Tank is checking targeting info...
<<<16:13:33:429894>>>  Tank #2 Red AI Tank Launch angle not within tolerances, adjusting firing solution...
<<<16:13:33:429894>>>  Tank #2 Red AI Tank Launch speed not within tolerances, adjusting firing solution...
<<<16:13:33:429894>>>  Tank #2 Red AI Tank adjusted targeting angle one unit CCW...
<<<16:13:33:560298>>>  Tank #2 Red AI Tank is checking targeting info...
<<<16:13:33:560298>>>  Tank #2 Red AI Tank Launch angle not within tolerances, adjusting firing solution...
<<<16:13:33:560298>>>  Tank #2 Red AI Tank Launch speed not within tolerances, adjusting firing solution...
<<<16:13:33:560298>>>  Tank #2 Red AI Tank adjusted targeting angle one unit CCW...
<<<16:13:33:689995>>>  Tank #2 Red AI Tank is checking targeting info...
<<<16:13:33:689995>>>  Tank #2 Red AI Tank Launch angle not within tolerances, adjusting firing solution...
<<<16:13:33:689995>>>  Tank #2 Red AI Tank Launch speed not within tolerances, adjusting firing solution...
<<<16:13:33:689995>>>  Tank #2 Red AI Tank adjusted targeting angle one unit CCW...
<<<16:13:33:820779>>>  Tank #2 Red AI Tank is checking targeting info...
<<<16:13:33:820779>>>  Tank #2 Red AI Tank Launch angle not within tolerances, adjusting firing solution...
<<<16:13:33:820779>>>  Tank #2 Red AI Tank Launch speed not within tolerances, adjusting firing solution...
<<<16:13:33:820779>>>  Tank #2 Red AI Tank adjusted targeting angle one unit CCW...
<<<16:13:33:953112>>>  Tank #2 Red AI Tank is checking targeting info...
<<<16:13:33:953112>>>  Tank #2 Red AI Tank Launch angle not within tolerances, adjusting firing solution...
<<<16:13:33:953112>>>  Tank #2 Red AI Tank Launch speed not within tolerances, adjusting firing solution...
<<<16:13:33:953112>>>  Tank #2 Red AI Tank adjusted targeting angle one unit CCW...
<<<16:13:34:083213>>>  Tank #2 Red AI Tank is checking targeting info...
<<<16:13:34:083213>>>  Tank #2 Red AI Tank Launch angle not within tolerances, adjusting firing solution...
<<<16:13:34:083213>>>  Tank #2 Red AI Tank Launch speed not within tolerances, adjusting firing solution...
<<<16:13:34:083213>>>  Tank #2 Red AI Tank adjusted targeting angle one unit CCW...
<<<16:13:34:213094>>>  Tank #2 Red AI Tank is checking targeting info...
<<<16:13:34:213094>>>  Tank #2 Red AI Tank Launch angle not within tolerances, adjusting firing solution...
<<<16:13:34:213094>>>  Tank #2 Red AI Tank Launch speed not within tolerances, adjusting firing solution...
<<<16:13:34:213094>>>  Tank #2 Red AI Tank adjusted targeting angle one unit CCW...
<<<16:13:34:344223>>>  Tank #2 Red AI Tank is checking targeting info...
<<<16:13:34:344223>>>  Tank #2 Red AI Tank Launch angle not within tolerances, adjusting firing solution...
<<<16:13:34:344223>>>  Tank #2 Red AI Tank Launch speed not within tolerances, adjusting firing solution...
<<<16:13:34:344223>>>  Tank #2 Red AI Tank adjusted targeting angle one unit CCW...
<<<16:13:34:473662>>>  Tank #2 Red AI Tank is checking targeting info...
<<<16:13:34:473662>>>  Tank #2 Red AI Tank Launch angle not within tolerances, adjusting firing solution...
<<<16:13:34:473662>>>  Tank #2 Red AI Tank Launch speed not within tolerances, adjusting firing solution...
<<<16:13:34:473662>>>  Tank #2 Red AI Tank adjusted targeting angle one unit CCW...
<<<16:13:34:606388>>>  Tank #2 Red AI Tank is checking targeting info...
<<<16:13:34:606388>>>  Tank #2 Red AI Tank Launch angle not within tolerances, adjusting firing solution...
<<<16:13:34:606388>>>  Tank #2 Red AI Tank Launch speed not within tolerances, adjusting firing solution...
<<<16:13:34:606388>>>  Tank #2 Red AI Tank adjusted targeting angle one unit CCW...
<<<16:13:34:736683>>>  Tank #2 Red AI Tank is checking targeting info...
<<<16:13:34:736683>>>  Tank #2 Red AI Tank Launch angle not within tolerances, adjusting firing solution...
<<<16:13:34:736683>>>  Tank #2 Red AI Tank Launch speed not within tolerances, adjusting firing solution...
<<<16:13:34:736683>>>  Tank #2 Red AI Tank adjusted targeting angle one unit CCW...
<<<16:13:34:871471>>>  Tank #2 Red AI Tank is checking targeting info...
<<<16:13:34:871471>>>  Tank #2 Red AI Tank Launch angle not within tolerances, adjusting firing solution...
<<<16:13:34:871471>>>  Tank #2 Red AI Tank Launch speed not within tolerances, adjusting firing solution...
<<<16:13:34:871471>>>  Tank #2 Red AI Tank adjusted targeting angle one unit CCW...
<<<16:13:35:004055>>>  Tank #2 Red AI Tank is checking targeting info...
<<<16:13:35:004055>>>  Tank #2 Red AI Tank Launch angle not within tolerances, adjusting firing solution...
<<<16:13:35:004055>>>  Tank #2 Red AI Tank Launch speed not within tolerances, adjusting firing solution...
<<<16:13:35:004055>>>  Tank #2 Red AI Tank adjusted targeting angle one unit CCW...
<<<16:13:35:136526>>>  Tank #2 Red AI Tank is checking targeting info...
<<<16:13:35:137538>>>  Tank #2 Red AI Tank Launch angle not within tolerances, adjusting firing solution...
<<<16:13:35:137538>>>  Tank #2 Red AI Tank Launch speed not within tolerances, adjusting firing solution...
<<<16:13:35:137538>>>  Tank #2 Red AI Tank adjusted targeting angle one unit CCW...
<<<16:13:35:267525>>>  Tank #2 Red AI Tank is checking targeting info...
<<<16:13:35:267525>>>  Tank #2 Red AI Tank Launch angle not within tolerances, adjusting firing solution...
<<<16:13:35:267525>>>  Tank #2 Red AI Tank Launch speed not within tolerances, adjusting firing solution...
<<<16:13:35:267525>>>  Tank #2 Red AI Tank adjusted targeting angle one unit CCW...
<<<16:13:35:397149>>>  Tank #2 Red AI Tank is checking targeting info...
<<<16:13:35:397149>>>  Tank #2 Red AI Tank increased launch speed one unit...
<<<16:13:35:527361>>>  Tank #2 Red AI Tank is checking targeting info...
<<<16:13:35:527361>>>  Tank #2 Red AI Tank increased launch speed one unit...
<<<16:13:35:658558>>>  Tank #2 Red AI Tank is checking targeting info...
<<<16:13:35:658558>>>  Tank #2 Red AI Tank increased launch speed one unit...
<<<16:13:35:790099>>>  Tank #2 Red AI Tank is checking targeting info...
<<<16:13:35:790099>>>  Tank #2 Red AI Tank increased launch speed one unit...
<<<16:13:35:919669>>>  Tank #2 Red AI Tank is checking targeting info...
<<<16:13:35:919669>>>  Tank #2 Red AI Tank increased launch speed one unit...
<<<16:13:36:052992>>>  Tank #2 Red AI Tank is checking targeting info...
<<<16:13:36:052992>>>  Tank #2 Red AI Tank increased launch speed one unit...
<<<16:13:36:103543>>>  Deleting effect pixie gravity...
<<<16:13:36:187187>>>  Tank #2 Red AI Tank is checking targeting info...
<<<16:13:36:187187>>>  Tank #2 Red AI Tank increased launch speed one unit...
<<<16:13:36:317197>>>  Tank #2 Red AI Tank is checking targeting info...
<<<16:13:36:317197>>>  Tank #2 Red AI Tank increased launch speed one unit...
<<<16:13:36:450883>>>  Tank #2 Red AI Tank is checking targeting info...
<<<16:13:36:450883>>>  Tank #2 Red AI Tank increased launch speed one unit...
<<<16:13:36:581434>>>  Tank #2 Red AI Tank is checking targeting info...
<<<16:13:36:581434>>>  Tank #2 Red AI Tank increased launch speed one unit...
<<<16:13:36:710797>>>  Tank #2 Red AI Tank is checking targeting info...
<<<16:13:36:710797>>>  Tank #2 Red AI Tank increased launch speed one unit...
<<<16:13:36:841239>>>  Tank #2 Red AI Tank is checking targeting info...
<<<16:13:36:841239>>>  Tank #2 Red AI Tank increased launch speed one unit...
<<<16:13:36:972901>>>  Tank #2 Red AI Tank is checking targeting info...
<<<16:13:36:972901>>>  Tank #2 Red AI Tank increased launch speed one unit...
<<<16:13:37:105622>>>  Tank #2 Red AI Tank is checking targeting info...
<<<16:13:37:105622>>>  Tank #2 Red AI Tank increased launch speed one unit...
<<<16:13:37:235794>>>  Tank #2 Red AI Tank is checking targeting info...
<<<16:13:37:235794>>>  Tank #2 Red AI Tank increased launch speed one unit...
<<<16:13:37:369564>>>  Tank #2 Red AI Tank is checking targeting info...
<<<16:13:37:369564>>>  Tank #2 Red AI Tank increased launch speed one unit...
<<<16:13:37:501376>>>  Tank #2 Red AI Tank is checking targeting info...
<<<16:13:37:501376>>>  Tank #2 Red AI Tank increased launch speed one unit...
<<<16:13:37:630207>>>  Tank #2 Red AI Tank is checking targeting info...
<<<16:13:37:630207>>>  Tank #2 Red AI Tank increased launch speed one unit...
<<<16:13:37:761069>>>  Tank #2 Red AI Tank is checking targeting info...
<<<16:13:37:761069>>>  Tank #2 Red AI Tank increased launch speed one unit...
<<<16:13:37:891983>>>  Tank #2 Red AI Tank is checking targeting info...
<<<16:13:37:891983>>>  Tank #2 Red AI Tank increased launch speed one unit...
<<<16:13:38:022749>>>  Tank #2 Red AI Tank is checking targeting info...
<<<16:13:38:022749>>>  Tank #2 Red AI Tank increased launch speed one unit...
<<<16:13:38:153069>>>  Tank #2 Red AI Tank is checking targeting info...
<<<16:13:38:153069>>>  Tank #2 Red AI Tank increased launch speed one unit...
<<<16:13:38:286999>>>  Tank #2 Red AI Tank is checking targeting info...
<<<16:13:38:286999>>>  Tank #2 Red AI Tank increased launch speed one unit...
<<<16:13:38:419491>>>  Tank #2 Red AI Tank is checking targeting info...
<<<16:13:38:419491>>>  Tank #2 Red AI Tank increased launch speed one unit...
<<<16:13:38:551608>>>  Tank #2 Red AI Tank is checking targeting info...
<<<16:13:38:551608>>>  Tank #2 Red AI Tank increased launch speed one unit...
<<<16:13:38:682719>>>  Tank #2 Red AI Tank is checking targeting info...
<<<16:13:38:682719>>>  Tank #2 Red AI Tank increased launch speed one unit...
<<<16:13:38:813940>>>  Tank #2 Red AI Tank is checking targeting info...
<<<16:13:38:813940>>>  Tank #2 Red AI Tank increased launch speed one unit...
<<<16:13:38:946836>>>  Tank #2 Red AI Tank is checking targeting info...
<<<16:13:38:946836>>>  Tank #2 Red AI Tank increased launch speed one unit...
<<<16:13:39:074387>>>  Tank #2 Red AI Tank is checking targeting info...
<<<16:13:39:074387>>>  Tank #2 Red AI Tank increased launch speed one unit...
<<<16:13:39:204626>>>  Tank #2 Red AI Tank is checking targeting info...
<<<16:13:39:204626>>>  Tank #2 Red AI Tank increased launch speed one unit...
<<<16:13:39:336662>>>  Tank #2 Red AI Tank is checking targeting info...
<<<16:13:39:336662>>>  Tank #2 Red AI Tank increased launch speed one unit...
<<<16:13:39:467726>>>  Tank #2 Red AI Tank is checking targeting info...
<<<16:13:39:467726>>>  Tank #2 Red AI Tank increased launch speed one unit...
<<<16:13:39:600523>>>  Tank #2 Red AI Tank is checking targeting info...
<<<16:13:39:600523>>>  Tank #2 Red AI Tank increased launch speed one unit...
<<<16:13:39:730127>>>  Tank #2 Red AI Tank is checking targeting info...
<<<16:13:39:730127>>>  Tank #2 Red AI Tank increased launch speed one unit...
<<<16:13:39:861816>>>  Tank #2 Red AI Tank is checking targeting info...
<<<16:13:39:861816>>>  Tank #2 Red AI Tank increased launch speed one unit...
<<<16:13:39:991375>>>  Tank #2 Red AI Tank is checking targeting info...
<<<16:13:39:991375>>>  Tank #2 Red AI Tank increased launch speed one unit...
<<<16:13:40:120305>>>  Tank #2 Red AI Tank is checking targeting info...
<<<16:13:40:120305>>>  Tank #2 Red AI Tank increased launch speed one unit...
<<<16:13:40:250759>>>  Tank #2 Red AI Tank is checking targeting info...
<<<16:13:40:250759>>>  Tank #2 Red AI Tank increased launch speed one unit...
<<<16:13:40:380407>>>  Tank #2 Red AI Tank is checking targeting info...
<<<16:13:40:380407>>>  Tank #2 Red AI Tank increased launch speed one unit...
<<<16:13:40:510583>>>  Tank #2 Red AI Tank is checking targeting info...
<<<16:13:40:510583>>>  Tank #2 Red AI Tank increased launch speed one unit...
<<<16:13:40:642628>>>  Tank #2 Red AI Tank is checking targeting info...
<<<16:13:40:642628>>>  Tank #2 Red AI Tank increased launch speed one unit...
<<<16:13:40:775366>>>  Tank #2 Red AI Tank is checking targeting info...
<<<16:13:40:775366>>>  Tank #2 Red AI Tank increased launch speed one unit...
<<<16:13:40:906945>>>  Tank #2 Red AI Tank is checking targeting info...
<<<16:13:40:906945>>>  Tank #2 Red AI Tank increased launch speed one unit...
<<<16:13:41:040291>>>  Tank #2 Red AI Tank is checking targeting info...
<<<16:13:41:040291>>>  Tank #2 Red AI Tank increased launch speed one unit...
<<<16:13:41:170088>>>  Tank #2 Red AI Tank is checking targeting info...
<<<16:13:41:170088>>>  Tank #2 Red AI Tank firing solution within tolerances, not adjusting firing solution...
<<<16:13:41:170088>>>  Tank #2 Red AI Tank attempting to fire cannonball...
<<<16:13:41:302997>>>  Tank #2 Red AI Tank chose to move to 5.3208, cururently at 4.7647.
<<<16:13:41:302997>>>  Tank #2 Red AI Tank moved one unit CCW...
<<<16:13:41:302997>>>  Tank #2 Red AI Tank chose to move...
<<<16:13:41:436201>>>  Tank #2 Red AI Tank moved one unit CCW...
<<<16:13:41:569331>>>  Tank #2 Red AI Tank moved one unit CCW...
<<<16:13:41:701203>>>  Tank #2 Red AI Tank moved one unit CCW...
<<<16:13:41:833995>>>  Tank #2 Red AI Tank moved one unit CCW...
<<<16:13:41:965185>>>  Tank #2 Red AI Tank moved one unit CCW...
<<<16:13:42:096288>>>  Tank #2 Red AI Tank moved one unit CCW...
<<<16:13:42:224781>>>  Tank #2 Red AI Tank moved one unit CCW...
<<<16:13:42:356957>>>  Tank #2 Red AI Tank moved one unit CCW...
<<<16:13:42:488339>>>  Tank #2 Red AI Tank moved one unit CCW...
<<<16:13:42:619311>>>  Tank #2 Red AI Tank moved one unit CCW...
<<<16:13:42:750989>>>  Tank #2 Red AI Tank moved one unit CCW...
<<<16:13:42:880724>>>  Tank #2 Red AI Tank moved one unit CCW...
<<<16:13:43:010074>>>  Tank #2 Red AI Tank moved one unit CCW...
<<<16:13:43:142988>>>  Tank #2 Red AI Tank moved one unit CCW...
<<<16:13:43:273214>>>  Tank #2 Red AI Tank moved one unit CCW...
<<<16:13:43:403839>>>  Tank #2 Red AI Tank moved one unit CCW...
<<<16:13:43:536322>>>  Tank #2 Red AI Tank moved one unit CCW...
<<<16:13:43:669175>>>  Tank #2 Red AI Tank moved one unit CCW...
<<<16:13:43:801426>>>  Tank #2 Red AI Tank moved one unit CCW...
<<<16:13:43:932266>>>  Tank #2 Red AI Tank moved one unit CCW...
<<<16:13:43:949020>>>  Moon #2 is being removed for being too far down off-screen...
<<<16:13:43:949020>>>  
Moon #2 being destroyed...
<<<16:13:43:949020>>>  Successfully destroyed celestial!
<<<16:13:44:062382>>>  Tank #2 Red AI Tank moved one unit CCW...
<<<16:13:44:194369>>>  Tank #2 Red AI Tank moved one unit CCW...
<<<16:13:44:328084>>>  Tank #2 Red AI Tank moved one unit CCW...
<<<16:13:44:460113>>>  Tank #2 Red AI Tank moved one unit CCW...
<<<16:13:44:589254>>>  Tank #2 Red AI Tank moved one unit CCW...
<<<16:13:44:721621>>>  Tank #2 Red AI Tank moved one unit CCW...
<<<16:13:44:854764>>>  Tank #2 Red AI Tank moved one unit CCW...
<<<16:13:44:989611>>>  Tank #2 Red AI Tank moved one unit CCW...
<<<16:13:45:124072>>>  Tank #2 Red AI Tank moved one unit CCW...
<<<16:13:45:255802>>>  Tank #2 Red AI Tank moved one unit CCW...
<<<16:13:45:523271>>>  Tank #2 Red AI Tank saw no celestials or cannonballs above their heads and is casting Gravity...
<<<16:13:45:954568>>>  Tank #1 Green Player Tank chambered cannonball...
<<<16:13:45:954568>>>
* CURRENT VALUES FOR CELESTIAL BODY:  Tank #1 Green Player Tank's Cannonball #1
* This is not the homeworld.
* The celestial boyd's density is 5515 kg/m^3.
* The celestial body's mass is 1000 kg.
* The Earth's mass is 5.972e+24 kg.
* The celestial body's radius is 0.001 km.
* The celestial body's coordinates are (-4179.752073698509, 4808.254735599293).
* The celestial body's velocity is (-3.8902625958646952, 4.14735626367738).
* The celestial body's speed is 5.686361494193621 km/s.
* The celestial body's acceleration is (0, 0).
* The celestial body's screen x and y coordinates are (740, 382).
* The celestial body's screen radius is 2.
* The celestial is using a body circle.
<<<16:13:45:954568>>>
* ADDITIONAL INFORMATION FOR Tank #1 Green Player Tank's Cannonball #1:
* This cannonball is chambered.
<<<16:13:53:270579>>>  Tank #2 Red AI Tank's Cannonball #1 explosion timer has expired, marked for removal...
<<<16:13:53:926193>>>  Tank #1 Green Player Tank chambered cannonball...
<<<16:13:53:926193>>>
* CURRENT VALUES FOR CELESTIAL BODY:  Tank #1 Green Player Tank's Cannonball #2
* This is not the homeworld.
* The celestial boyd's density is 5515 kg/m^3.
* The celestial body's mass is 1000 kg.
* The Earth's mass is 5.972e+24 kg.
* The celestial body's radius is 0.001 km.
* The celestial body's coordinates are (-4179.752073698509, 4808.254735599293).
* The celestial body's velocity is (-4.003889108109947, 4.165929100120498).
* The celestial body's speed is 5.778070028761529 km/s.
* The celestial body's acceleration is (0, 0).
* The celestial body's screen x and y coordinates are (740, 382).
* The celestial body's screen radius is 2.
* The celestial is using a body circle.
<<<16:13:53:926193>>>
* ADDITIONAL INFORMATION FOR Tank #1 Green Player Tank's Cannonball #2:
* This cannonball is chambered.
<<<16:13:54:545564>>>  Tank #2 Red AI Tank chose to shoot...
<<<16:13:54:545564>>>  Deleting effect pixie gravity...
<<<16:13:54:545564>>>  Tank #2 Red AI Tank is checking targeting info...
<<<16:13:54:545564>>>  Tank #2 Red AI Tank Launch angle not within tolerances, adjusting firing solution...
<<<16:13:54:545564>>>  Tank #2 Red AI Tank Launch speed not within tolerances, adjusting firing solution...
<<<16:13:54:545564>>>  Tank #2 Red AI Tank adjusted targeting angle one unit CW...
<<<16:13:54:673659>>>  Tank #2 Red AI Tank is checking targeting info...
<<<16:13:54:673659>>>  Tank #2 Red AI Tank Launch angle not within tolerances, adjusting firing solution...
<<<16:13:54:673659>>>  Tank #2 Red AI Tank Launch speed not within tolerances, adjusting firing solution...
<<<16:13:54:673659>>>  Tank #2 Red AI Tank adjusted targeting angle one unit CW...
<<<16:13:54:803784>>>  Tank #2 Red AI Tank is checking targeting info...
<<<16:13:54:803784>>>  Tank #2 Red AI Tank Launch angle not within tolerances, adjusting firing solution...
<<<16:13:54:803784>>>  Tank #2 Red AI Tank Launch speed not within tolerances, adjusting firing solution...
<<<16:13:54:803784>>>  Tank #2 Red AI Tank adjusted targeting angle one unit CW...
<<<16:13:54:935009>>>  Tank #2 Red AI Tank is checking targeting info...
<<<16:13:54:935009>>>  Tank #2 Red AI Tank Launch angle not within tolerances, adjusting firing solution...
<<<16:13:54:935009>>>  Tank #2 Red AI Tank Launch speed not within tolerances, adjusting firing solution...
<<<16:13:54:935009>>>  Tank #2 Red AI Tank adjusted targeting angle one unit CW...
<<<16:13:55:068333>>>  Tank #2 Red AI Tank is checking targeting info...
<<<16:13:55:068333>>>  Tank #2 Red AI Tank Launch angle not within tolerances, adjusting firing solution...
<<<16:13:55:068333>>>  Tank #2 Red AI Tank Launch speed not within tolerances, adjusting firing solution...
<<<16:13:55:068333>>>  Tank #2 Red AI Tank adjusted targeting angle one unit CW...
<<<16:13:55:200878>>>  Tank #2 Red AI Tank is checking targeting info...
<<<16:13:55:200878>>>  Tank #2 Red AI Tank Launch angle not within tolerances, adjusting firing solution...
<<<16:13:55:200878>>>  Tank #2 Red AI Tank Launch speed not within tolerances, adjusting firing solution...
<<<16:13:55:200878>>>  Tank #2 Red AI Tank adjusted targeting angle one unit CW...
<<<16:13:55:337157>>>  Tank #2 Red AI Tank is checking targeting info...
<<<16:13:55:337157>>>  Tank #2 Red AI Tank Launch angle not within tolerances, adjusting firing solution...
<<<16:13:55:337157>>>  Tank #2 Red AI Tank Launch speed not within tolerances, adjusting firing solution...
<<<16:13:55:337157>>>  Tank #2 Red AI Tank adjusted targeting angle one unit CW...
<<<16:13:55:468645>>>  Tank #2 Red AI Tank is checking targeting info...
<<<16:13:55:468645>>>  Tank #2 Red AI Tank Launch angle not within tolerances, adjusting firing solution...
<<<16:13:55:468645>>>  Tank #2 Red AI Tank Launch speed not within tolerances, adjusting firing solution...
<<<16:13:55:468645>>>  Tank #2 Red AI Tank adjusted targeting angle one unit CW...
<<<16:13:55:600589>>>  Tank #2 Red AI Tank is checking targeting info...
<<<16:13:55:600589>>>  Tank #2 Red AI Tank Launch angle not within tolerances, adjusting firing solution...
<<<16:13:55:600589>>>  Tank #2 Red AI Tank Launch speed not within tolerances, adjusting firing solution...
<<<16:13:55:600589>>>  Tank #2 Red AI Tank adjusted targeting angle one unit CW...
<<<16:13:55:733948>>>  Tank #2 Red AI Tank is checking targeting info...
<<<16:13:55:733948>>>  Tank #2 Red AI Tank Launch angle not within tolerances, adjusting firing solution...
<<<16:13:55:733948>>>  Tank #2 Red AI Tank Launch speed not within tolerances, adjusting firing solution...
<<<16:13:55:733948>>>  Tank #2 Red AI Tank adjusted targeting angle one unit CW...
<<<16:13:55:867913>>>  Tank #2 Red AI Tank is checking targeting info...
<<<16:13:55:867913>>>  Tank #2 Red AI Tank Launch angle not within tolerances, adjusting firing solution...
<<<16:13:55:867913>>>  Tank #2 Red AI Tank Launch speed not within tolerances, adjusting firing solution...
<<<16:13:55:867913>>>  Tank #2 Red AI Tank adjusted targeting angle one unit CW...
<<<16:13:55:999468>>>  Tank #2 Red AI Tank is checking targeting info...
<<<16:13:55:999468>>>  Tank #2 Red AI Tank Launch angle not within tolerances, adjusting firing solution...
<<<16:13:55:999468>>>  Tank #2 Red AI Tank Launch speed not within tolerances, adjusting firing solution...
<<<16:13:55:999468>>>  Tank #2 Red AI Tank adjusted targeting angle one unit CW...
<<<16:13:56:131955>>>  Tank #2 Red AI Tank is checking targeting info...
<<<16:13:56:131955>>>  Tank #2 Red AI Tank Launch angle not within tolerances, adjusting firing solution...
<<<16:13:56:131955>>>  Tank #2 Red AI Tank Launch speed not within tolerances, adjusting firing solution...
<<<16:13:56:131955>>>  Tank #2 Red AI Tank adjusted targeting angle one unit CW...
<<<16:13:56:262616>>>  Tank #2 Red AI Tank is checking targeting info...
<<<16:13:56:262616>>>  Tank #2 Red AI Tank Launch angle not within tolerances, adjusting firing solution...
<<<16:13:56:262616>>>  Tank #2 Red AI Tank Launch speed not within tolerances, adjusting firing solution...
<<<16:13:56:262616>>>  Tank #2 Red AI Tank adjusted targeting angle one unit CW...
<<<16:13:56:392646>>>  Tank #2 Red AI Tank is checking targeting info...
<<<16:13:56:392646>>>  Tank #2 Red AI Tank Launch angle not within tolerances, adjusting firing solution...
<<<16:13:56:392646>>>  Tank #2 Red AI Tank Launch speed not within tolerances, adjusting firing solution...
<<<16:13:56:392646>>>  Tank #2 Red AI Tank adjusted targeting angle one unit CW...
<<<16:13:56:523113>>>  Tank #2 Red AI Tank is checking targeting info...
<<<16:13:56:523113>>>  Tank #2 Red AI Tank Launch angle not within tolerances, adjusting firing solution...
<<<16:13:56:523113>>>  Tank #2 Red AI Tank Launch speed not within tolerances, adjusting firing solution...
<<<16:13:56:523113>>>  Tank #2 Red AI Tank adjusted targeting angle one unit CW...
<<<16:13:56:651237>>>  Tank #2 Red AI Tank is checking targeting info...
<<<16:13:56:651237>>>  Tank #2 Red AI Tank Launch angle not within tolerances, adjusting firing solution...
<<<16:13:56:651237>>>  Tank #2 Red AI Tank Launch speed not within tolerances, adjusting firing solution...
<<<16:13:56:651237>>>  Tank #2 Red AI Tank adjusted targeting angle one unit CW...
<<<16:13:56:781200>>>  Tank #2 Red AI Tank is checking targeting info...
<<<16:13:56:781200>>>  Tank #2 Red AI Tank Launch angle not within tolerances, adjusting firing solution...
<<<16:13:56:781200>>>  Tank #2 Red AI Tank Launch speed not within tolerances, adjusting firing solution...
<<<16:13:56:781200>>>  Tank #2 Red AI Tank adjusted targeting angle one unit CW...
<<<16:13:56:915672>>>  Tank #2 Red AI Tank is checking targeting info...
<<<16:13:56:915672>>>  Tank #2 Red AI Tank Launch angle not within tolerances, adjusting firing solution...
<<<16:13:56:915672>>>  Tank #2 Red AI Tank Launch speed not within tolerances, adjusting firing solution...
<<<16:13:56:915672>>>  Tank #2 Red AI Tank adjusted targeting angle one unit CW...
<<<16:13:57:049697>>>  Tank #2 Red AI Tank is checking targeting info...
<<<16:13:57:049697>>>  Tank #2 Red AI Tank Launch angle not within tolerances, adjusting firing solution...
<<<16:13:57:049697>>>  Tank #2 Red AI Tank Launch speed not within tolerances, adjusting firing solution...
<<<16:13:57:049697>>>  Tank #2 Red AI Tank adjusted targeting angle one unit CW...
<<<16:13:57:179174>>>  Tank #2 Red AI Tank is checking targeting info...
<<<16:13:57:179174>>>  Tank #2 Red AI Tank Launch angle not within tolerances, adjusting firing solution...
<<<16:13:57:179174>>>  Tank #2 Red AI Tank Launch speed not within tolerances, adjusting firing solution...
<<<16:13:57:179174>>>  Tank #2 Red AI Tank adjusted targeting angle one unit CW...
<<<16:13:57:309574>>>  Tank #2 Red AI Tank is checking targeting info...
<<<16:13:57:309574>>>  Tank #2 Red AI Tank Launch angle not within tolerances, adjusting firing solution...
<<<16:13:57:309574>>>  Tank #2 Red AI Tank Launch speed not within tolerances, adjusting firing solution...
<<<16:13:57:309574>>>  Tank #2 Red AI Tank adjusted targeting angle one unit CW...
<<<16:13:57:440258>>>  Tank #2 Red AI Tank is checking targeting info...
<<<16:13:57:440258>>>  Tank #2 Red AI Tank Launch angle not within tolerances, adjusting firing solution...
<<<16:13:57:440258>>>  Tank #2 Red AI Tank Launch speed not within tolerances, adjusting firing solution...
<<<16:13:57:440258>>>  Tank #2 Red AI Tank adjusted targeting angle one unit CW...
<<<16:13:57:568828>>>  Tank #2 Red AI Tank is checking targeting info...
<<<16:13:57:568828>>>  Tank #2 Red AI Tank Launch angle not within tolerances, adjusting firing solution...
<<<16:13:57:568828>>>  Tank #2 Red AI Tank Launch speed not within tolerances, adjusting firing solution...
<<<16:13:57:568828>>>  Tank #2 Red AI Tank adjusted targeting angle one unit CW...
<<<16:13:57:698438>>>  Tank #2 Red AI Tank is checking targeting info...
<<<16:13:57:698438>>>  Tank #2 Red AI Tank Launch angle not within tolerances, adjusting firing solution...
<<<16:13:57:698438>>>  Tank #2 Red AI Tank Launch speed not within tolerances, adjusting firing solution...
<<<16:13:57:698438>>>  Tank #2 Red AI Tank adjusted targeting angle one unit CW...
<<<16:13:57:831360>>>  Tank #2 Red AI Tank is checking targeting info...
<<<16:13:57:831360>>>  Tank #2 Red AI Tank Launch angle not within tolerances, adjusting firing solution...
<<<16:13:57:831360>>>  Tank #2 Red AI Tank Launch speed not within tolerances, adjusting firing solution...
<<<16:13:57:831360>>>  Tank #2 Red AI Tank adjusted targeting angle one unit CW...
<<<16:13:57:961213>>>  Tank #2 Red AI Tank is checking targeting info...
<<<16:13:57:961213>>>  Tank #2 Red AI Tank Launch angle not within tolerances, adjusting firing solution...
<<<16:13:57:961213>>>  Tank #2 Red AI Tank Launch speed not within tolerances, adjusting firing solution...
<<<16:13:57:961213>>>  Tank #2 Red AI Tank adjusted targeting angle one unit CW...
<<<16:13:58:093010>>>  Tank #2 Red AI Tank is checking targeting info...
<<<16:13:58:093010>>>  Tank #2 Red AI Tank Launch angle not within tolerances, adjusting firing solution...
<<<16:13:58:093010>>>  Tank #2 Red AI Tank Launch speed not within tolerances, adjusting firing solution...
<<<16:13:58:093010>>>  Tank #2 Red AI Tank adjusted targeting angle one unit CW...
<<<16:13:58:224897>>>  Tank #2 Red AI Tank is checking targeting info...
<<<16:13:58:224897>>>  Tank #2 Red AI Tank Launch angle not within tolerances, adjusting firing solution...
<<<16:13:58:224897>>>  Tank #2 Red AI Tank Launch speed not within tolerances, adjusting firing solution...
<<<16:13:58:224897>>>  Tank #2 Red AI Tank adjusted targeting angle one unit CW...
<<<16:13:58:355290>>>  Tank #2 Red AI Tank is checking targeting info...
<<<16:13:58:355290>>>  Tank #2 Red AI Tank Launch angle not within tolerances, adjusting firing solution...
<<<16:13:58:355290>>>  Tank #2 Red AI Tank Launch speed not within tolerances, adjusting firing solution...
<<<16:13:58:355290>>>  Tank #2 Red AI Tank adjusted targeting angle one unit CW...
<<<16:13:58:485598>>>  Tank #2 Red AI Tank is checking targeting info...
<<<16:13:58:485598>>>  Tank #2 Red AI Tank Launch angle not within tolerances, adjusting firing solution...
<<<16:13:58:485598>>>  Tank #2 Red AI Tank Launch speed not within tolerances, adjusting firing solution...
<<<16:13:58:485598>>>  Tank #2 Red AI Tank adjusted targeting angle one unit CW...
<<<16:13:58:617566>>>  Tank #2 Red AI Tank is checking targeting info...
<<<16:13:58:617566>>>  Tank #2 Red AI Tank Launch angle not within tolerances, adjusting firing solution...
<<<16:13:58:617566>>>  Tank #2 Red AI Tank Launch speed not within tolerances, adjusting firing solution...
<<<16:13:58:617566>>>  Tank #2 Red AI Tank adjusted targeting angle one unit CW...
<<<16:13:58:747674>>>  Tank #2 Red AI Tank is checking targeting info...
<<<16:13:58:747674>>>  Tank #2 Red AI Tank Launch angle not within tolerances, adjusting firing solution...
<<<16:13:58:747674>>>  Tank #2 Red AI Tank Launch speed not within tolerances, adjusting firing solution...
<<<16:13:58:747674>>>  Tank #2 Red AI Tank adjusted targeting angle one unit CW...
<<<16:13:58:880301>>>  Tank #2 Red AI Tank is checking targeting info...
<<<16:13:58:880301>>>  Tank #2 Red AI Tank Launch angle not within tolerances, adjusting firing solution...
<<<16:13:58:880301>>>  Tank #2 Red AI Tank Launch speed not within tolerances, adjusting firing solution...
<<<16:13:58:880301>>>  Tank #2 Red AI Tank adjusted targeting angle one unit CW...
<<<16:13:59:010775>>>  Tank #2 Red AI Tank is checking targeting info...
<<<16:13:59:010775>>>  Tank #2 Red AI Tank Launch angle not within tolerances, adjusting firing solution...
<<<16:13:59:010775>>>  Tank #2 Red AI Tank Launch speed not within tolerances, adjusting firing solution...
<<<16:13:59:010775>>>  Tank #2 Red AI Tank adjusted targeting angle one unit CW...
<<<16:13:59:143535>>>  Tank #2 Red AI Tank is checking targeting info...
<<<16:13:59:143535>>>  Tank #2 Red AI Tank Launch angle not within tolerances, adjusting firing solution...
<<<16:13:59:143535>>>  Tank #2 Red AI Tank Launch speed not within tolerances, adjusting firing solution...
<<<16:13:59:143535>>>  Tank #2 Red AI Tank adjusted targeting angle one unit CW...
<<<16:13:59:276272>>>  Tank #2 Red AI Tank is checking targeting info...
<<<16:13:59:276272>>>  Tank #2 Red AI Tank Launch angle not within tolerances, adjusting firing solution...
<<<16:13:59:276272>>>  Tank #2 Red AI Tank Launch speed not within tolerances, adjusting firing solution...
<<<16:13:59:276272>>>  Tank #2 Red AI Tank adjusted targeting angle one unit CW...
<<<16:13:59:405604>>>  Tank #2 Red AI Tank is checking targeting info...
<<<16:13:59:405604>>>  Tank #2 Red AI Tank Launch angle not within tolerances, adjusting firing solution...
<<<16:13:59:405604>>>  Tank #2 Red AI Tank Launch speed not within tolerances, adjusting firing solution...
<<<16:13:59:405604>>>  Tank #2 Red AI Tank adjusted targeting angle one unit CW...
<<<16:13:59:535607>>>  Tank #2 Red AI Tank is checking targeting info...
<<<16:13:59:535607>>>  Tank #2 Red AI Tank Launch angle not within tolerances, adjusting firing solution...
<<<16:13:59:535607>>>  Tank #2 Red AI Tank Launch speed not within tolerances, adjusting firing solution...
<<<16:13:59:535607>>>  Tank #2 Red AI Tank adjusted targeting angle one unit CW...
<<<16:13:59:668597>>>  Tank #2 Red AI Tank is checking targeting info...
<<<16:13:59:668597>>>  Tank #2 Red AI Tank Launch angle not within tolerances, adjusting firing solution...
<<<16:13:59:668597>>>  Tank #2 Red AI Tank Launch speed not within tolerances, adjusting firing solution...
<<<16:13:59:668597>>>  Tank #2 Red AI Tank adjusted targeting angle one unit CW...
<<<16:13:59:802006>>>  Tank #2 Red AI Tank is checking targeting info...
<<<16:13:59:802006>>>  Tank #2 Red AI Tank Launch angle not within tolerances, adjusting firing solution...
<<<16:13:59:802006>>>  Tank #2 Red AI Tank Launch speed not within tolerances, adjusting firing solution...
<<<16:13:59:802006>>>  Tank #2 Red AI Tank adjusted targeting angle one unit CW...
<<<16:13:59:835560>>>  Tank #1 Green Player Tank has been hit by Tank #1 Green Player Tank's Cannonball #2!
<<<16:13:59:851913>>>  Tank #1 Green Player Tank has been hit by Tank #1 Green Player Tank's Cannonball #2!
<<<16:13:59:867658>>>  Tank #1 Green Player Tank has been hit by Tank #1 Green Player Tank's Cannonball #2!
<<<16:13:59:884339>>>  Tank #1 Green Player Tank has been hit by Tank #1 Green Player Tank's Cannonball #2!
<<<16:13:59:901133>>>  Tank #1 Green Player Tank has been hit by Tank #1 Green Player Tank's Cannonball #2!
<<<16:13:59:916513>>>  Tank #1 Green Player Tank has been hit by Tank #1 Green Player Tank's Cannonball #2!
<<<16:13:59:932806>>>  Tank #1 Green Player Tank has been hit by Tank #1 Green Player Tank's Cannonball #2!
<<<16:13:59:932806>>>  Tank #2 Red AI Tank is checking targeting info...
<<<16:13:59:932806>>>  Tank #2 Red AI Tank Launch angle not within tolerances, adjusting firing solution...
<<<16:13:59:932806>>>  Tank #2 Red AI Tank Launch speed not within tolerances, adjusting firing solution...
<<<16:13:59:932806>>>  Tank #2 Red AI Tank adjusted targeting angle one unit CW...
<<<16:13:59:949994>>>  Tank #1 Green Player Tank has been hit by Tank #1 Green Player Tank's Cannonball #2!
<<<16:13:59:965922>>>  Tank #1 Green Player Tank has been hit by Tank #1 Green Player Tank's Cannonball #2!
<<<16:13:59:981778>>>  Tank #1 Green Player Tank has been hit by Tank #1 Green Player Tank's Cannonball #2!
<<<16:13:59:997816>>>  Tank #1 Green Player Tank has been hit by Tank #1 Green Player Tank's Cannonball #2!
<<<16:14:00:014318>>>  Tank #1 Green Player Tank has been hit by Tank #1 Green Player Tank's Cannonball #2!
<<<16:14:00:030067>>>  Tank #1 Green Player Tank has been hit by Tank #1 Green Player Tank's Cannonball #2!
<<<16:14:00:046546>>>  Tank #1 Green Player Tank has been hit by Tank #1 Green Player Tank's Cannonball #2!
<<<16:14:00:063666>>>  Tank #1 Green Player Tank has been hit by Tank #1 Green Player Tank's Cannonball #2!
<<<16:14:00:063666>>>  Tank #2 Red AI Tank is checking targeting info...
<<<16:14:00:063666>>>  Tank #2 Red AI Tank Launch angle not within tolerances, adjusting firing solution...
<<<16:14:00:063666>>>  Tank #2 Red AI Tank Launch speed not within tolerances, adjusting firing solution...
<<<16:14:00:063666>>>  Tank #2 Red AI Tank adjusted targeting angle one unit CW...
<<<16:14:00:080984>>>  Tank #1 Green Player Tank has been hit by Tank #1 Green Player Tank's Cannonball #2!
<<<16:14:00:098110>>>  Tank #1 Green Player Tank has been hit by Tank #1 Green Player Tank's Cannonball #2!
<<<16:14:00:114187>>>  Tank #1 Green Player Tank has been hit by Tank #1 Green Player Tank's Cannonball #2!
<<<16:14:00:131239>>>  Tank #1 Green Player Tank has been hit by Tank #1 Green Player Tank's Cannonball #2!
<<<16:14:00:148207>>>  Tank #1 Green Player Tank has been hit by Tank #1 Green Player Tank's Cannonball #2!
<<<16:14:00:165346>>>  Tank #1 Green Player Tank has been hit by Tank #1 Green Player Tank's Cannonball #2!
<<<16:14:00:181393>>>  Tank #1 Green Player Tank has been hit by Tank #1 Green Player Tank's Cannonball #2!
<<<16:14:00:198623>>>  Tank #1 Green Player Tank has been hit by Tank #1 Green Player Tank's Cannonball #2!
<<<16:14:00:198623>>>  Tank #2 Red AI Tank is checking targeting info...
<<<16:14:00:198623>>>  Tank #2 Red AI Tank Launch angle not within tolerances, adjusting firing solution...
<<<16:14:00:198623>>>  Tank #2 Red AI Tank Launch speed not within tolerances, adjusting firing solution...
<<<16:14:00:198623>>>  Tank #2 Red AI Tank adjusted targeting angle one unit CW...
<<<16:14:00:214558>>>  Tank #1 Green Player Tank has been hit by Tank #1 Green Player Tank's Cannonball #2!
<<<16:14:00:231784>>>  Tank #1 Green Player Tank has been hit by Tank #1 Green Player Tank's Cannonball #2!
<<<16:14:00:248895>>>  Tank #1 Green Player Tank has been hit by Tank #1 Green Player Tank's Cannonball #2!
<<<16:14:00:265956>>>  Tank #1 Green Player Tank has been hit by Tank #1 Green Player Tank's Cannonball #2!
<<<16:14:00:281612>>>  Tank #1 Green Player Tank has been hit by Tank #1 Green Player Tank's Cannonball #2!
<<<16:14:00:297718>>>  Tank #1 Green Player Tank has been hit by Tank #1 Green Player Tank's Cannonball #2!
<<<16:14:00:314960>>>  Tank #1 Green Player Tank has been hit by Tank #1 Green Player Tank's Cannonball #2!
<<<16:14:00:330979>>>  Tank #1 Green Player Tank has been hit by Tank #1 Green Player Tank's Cannonball #2!
<<<16:14:00:331479>>>  Tank #2 Red AI Tank is checking targeting info...
<<<16:14:00:331479>>>  Tank #2 Red AI Tank Launch angle not within tolerances, adjusting firing solution...
<<<16:14:00:331479>>>  Tank #2 Red AI Tank Launch speed not within tolerances, adjusting firing solution...
<<<16:14:00:331479>>>  Tank #2 Red AI Tank adjusted targeting angle one unit CW...
<<<16:14:00:347141>>>  Tank #1 Green Player Tank has been hit by Tank #1 Green Player Tank's Cannonball #2!
<<<16:14:00:363146>>>  Tank #1 Green Player Tank has been hit by Tank #1 Green Player Tank's Cannonball #2!
<<<16:14:00:379578>>>  Tank #1 Green Player Tank has been hit by Tank #1 Green Player Tank's Cannonball #2!
<<<16:14:00:395707>>>  Tank #1 Green Player Tank has been hit by Tank #1 Green Player Tank's Cannonball #2!
<<<16:14:00:412468>>>  Tank #1 Green Player Tank has been hit by Tank #1 Green Player Tank's Cannonball #2!
<<<16:14:00:428558>>>  Tank #1 Green Player Tank has been hit by Tank #1 Green Player Tank's Cannonball #2!
<<<16:14:00:444906>>>  Tank #1 Green Player Tank has been hit by Tank #1 Green Player Tank's Cannonball #2!
<<<16:14:00:462042>>>  Tank #1 Green Player Tank has been hit by Tank #1 Green Player Tank's Cannonball #2!
<<<16:14:00:462042>>>  Tank #2 Red AI Tank is checking targeting info...
<<<16:14:00:462042>>>  Tank #2 Red AI Tank increased launch speed one unit...
<<<16:14:00:477753>>>  Tank #1 Green Player Tank has been hit by Tank #1 Green Player Tank's Cannonball #2!
<<<16:14:00:494573>>>  Tank #1 Green Player Tank has been hit by Tank #1 Green Player Tank's Cannonball #2!
<<<16:14:00:494573>>>  Deleting effect pixie gravity...
<<<16:14:00:512064>>>  Tank #1 Green Player Tank has been hit by Tank #1 Green Player Tank's Cannonball #2!
<<<16:14:00:529183>>>  Tank #1 Green Player Tank has been hit by Tank #1 Green Player Tank's Cannonball #2!
<<<16:14:00:545821>>>  Tank #1 Green Player Tank has been hit by Tank #1 Green Player Tank's Cannonball #2!
<<<16:14:00:562393>>>  Tank #1 Green Player Tank has been hit by Tank #1 Green Player Tank's Cannonball #2!
<<<16:14:00:578780>>>  Tank #1 Green Player Tank has been hit by Tank #1 Green Player Tank's Cannonball #2!
<<<16:14:00:596225>>>  Tank #1 Green Player Tank has been hit by Tank #1 Green Player Tank's Cannonball #2!
<<<16:14:00:596225>>>  Tank #2 Red AI Tank is checking targeting info...
<<<16:14:00:596225>>>  Tank #2 Red AI Tank increased launch speed one unit...
<<<16:14:00:612693>>>  Tank #1 Green Player Tank has been hit by Tank #1 Green Player Tank's Cannonball #2!
<<<16:14:00:629680>>>  Tank #1 Green Player Tank has been hit by Tank #1 Green Player Tank's Cannonball #2!
<<<16:14:00:645986>>>  Tank #1 Green Player Tank has been hit by Tank #1 Green Player Tank's Cannonball #2!
<<<16:14:00:661328>>>  Tank #1 Green Player Tank has been hit by Tank #1 Green Player Tank's Cannonball #2!
<<<16:14:00:677599>>>  Tank #1 Green Player Tank has been hit by Tank #1 Green Player Tank's Cannonball #2!
<<<16:14:00:693823>>>  Tank #1 Green Player Tank has been hit by Tank #1 Green Player Tank's Cannonball #2!
<<<16:14:00:709788>>>  Tank #1 Green Player Tank has been hit by Tank #1 Green Player Tank's Cannonball #2!
<<<16:14:00:725363>>>  Tank #1 Green Player Tank has been hit by Tank #1 Green Player Tank's Cannonball #2!
<<<16:14:00:725363>>>  Tank #2 Red AI Tank is checking targeting info...
<<<16:14:00:725363>>>  Tank #2 Red AI Tank increased launch speed one unit...
<<<16:14:00:742251>>>  Tank #1 Green Player Tank has been hit by Tank #1 Green Player Tank's Cannonball #2!
<<<16:14:00:759759>>>  Tank #1 Green Player Tank has been hit by Tank #1 Green Player Tank's Cannonball #2!
<<<16:14:00:775705>>>  Tank #1 Green Player Tank has been hit by Tank #1 Green Player Tank's Cannonball #2!
<<<16:14:00:792131>>>  Tank #1 Green Player Tank has been hit by Tank #1 Green Player Tank's Cannonball #2!
<<<16:14:00:808501>>>  Tank #1 Green Player Tank has been hit by Tank #1 Green Player Tank's Cannonball #2!
<<<16:14:00:825132>>>  Tank #1 Green Player Tank has been hit by Tank #1 Green Player Tank's Cannonball #2!
<<<16:14:00:842105>>>  Tank #1 Green Player Tank has been hit by Tank #1 Green Player Tank's Cannonball #2!
<<<16:14:00:858260>>>  Tank #1 Green Player Tank has been hit by Tank #1 Green Player Tank's Cannonball #2!
<<<16:14:00:858260>>>  Tank #2 Red AI Tank is checking targeting info...
<<<16:14:00:858260>>>  Tank #2 Red AI Tank increased launch speed one unit...
<<<16:14:00:875317>>>  Tank #1 Green Player Tank has been hit by Tank #1 Green Player Tank's Cannonball #2!
<<<16:14:00:892116>>>  Tank #1 Green Player Tank has been hit by Tank #1 Green Player Tank's Cannonball #2!
<<<16:14:00:909491>>>  Tank #1 Green Player Tank has been hit by Tank #1 Green Player Tank's Cannonball #2!
<<<16:14:00:926101>>>  Tank #1 Green Player Tank has been hit by Tank #1 Green Player Tank's Cannonball #2!
<<<16:14:00:942552>>>  Tank #1 Green Player Tank has been hit by Tank #1 Green Player Tank's Cannonball #2!
<<<16:14:00:959393>>>  Tank #1 Green Player Tank has been hit by Tank #1 Green Player Tank's Cannonball #2!
<<<16:14:00:975690>>>  Tank #1 Green Player Tank has been hit by Tank #1 Green Player Tank's Cannonball #2!
<<<16:14:00:992202>>>  Tank #1 Green Player Tank has been hit by Tank #1 Green Player Tank's Cannonball #2!
<<<16:14:00:992202>>>  Tank #2 Red AI Tank is checking targeting info...
<<<16:14:00:992202>>>  Tank #2 Red AI Tank increased launch speed one unit...
<<<16:14:01:008320>>>  Tank #1 Green Player Tank has been hit by Tank #1 Green Player Tank's Cannonball #2!
<<<16:14:01:024961>>>  Tank #1 Green Player Tank has been hit by Tank #1 Green Player Tank's Cannonball #2!
<<<16:14:01:040389>>>  Tank #1 Green Player Tank has been hit by Tank #1 Green Player Tank's Cannonball #2!
<<<16:14:01:057109>>>  Tank #1 Green Player Tank has been hit by Tank #1 Green Player Tank's Cannonball #2!
<<<16:14:01:074149>>>  Tank #1 Green Player Tank has been hit by Tank #1 Green Player Tank's Cannonball #2!
<<<16:14:01:074149>>>  Tank #1 Green Player Tank being destroyed...
<<<16:14:01:074149>>>  Cannonballs from Tank #1 Green Player Tank given to Tank #2 Red AI Tank's ball list.
<<<16:14:01:074149>>>  Tank successfully destroyed!
<<<16:14:01:122776>>>  Tank #2 Red AI Tank is checking targeting info...
<<<16:14:01:122776>>>  Tank #2 Red AI Tank increased launch speed one unit...
<<<16:14:01:254143>>>  Tank #2 Red AI Tank is checking targeting info...
<<<16:14:01:254143>>>  Tank #2 Red AI Tank increased launch speed one unit...
<<<16:14:01:385728>>>  Tank #2 Red AI Tank is checking targeting info...
<<<16:14:01:385728>>>  Tank #2 Red AI Tank increased launch speed one unit...
<<<16:14:01:514929>>>  Tank #2 Red AI Tank is checking targeting info...
<<<16:14:01:514929>>>  Tank #2 Red AI Tank increased launch speed one unit...
<<<16:14:01:643730>>>  Tank #2 Red AI Tank is checking targeting info...
<<<16:14:01:643730>>>  Tank #2 Red AI Tank increased launch speed one unit...
<<<16:14:01:774603>>>  Tank #2 Red AI Tank is checking targeting info...
<<<16:14:01:774603>>>  Tank #2 Red AI Tank increased launch speed one unit...
<<<16:14:01:806283>>>  Tank #1 Green Player Tank's Cannonball #2 explosion timer has expired, marked for removal...
<<<16:14:01:904213>>>  Tank #2 Red AI Tank is checking targeting info...
<<<16:14:01:904213>>>  Tank #2 Red AI Tank increased launch speed one unit...
<<<16:14:02:036008>>>  Tank #2 Red AI Tank is checking targeting info...
<<<16:14:02:036008>>>  Tank #2 Red AI Tank increased launch speed one unit...
<<<16:14:02:168215>>>  Tank #2 Red AI Tank is checking targeting info...
<<<16:14:02:168215>>>  Tank #2 Red AI Tank increased launch speed one unit...
<<<16:14:02:300875>>>  Tank #2 Red AI Tank is checking targeting info...
<<<16:14:02:300875>>>  Tank #2 Red AI Tank increased launch speed one unit...
<<<16:14:02:434113>>>  Tank #2 Red AI Tank is checking targeting info...
<<<16:14:02:434113>>>  Tank #2 Red AI Tank increased launch speed one unit...
<<<16:14:02:567045>>>  Tank #2 Red AI Tank is checking targeting info...
<<<16:14:02:567045>>>  Tank #2 Red AI Tank increased launch speed one unit...
<<<16:14:02:698180>>>  Tank #2 Red AI Tank is checking targeting info...
<<<16:14:02:698180>>>  Tank #2 Red AI Tank increased launch speed one unit...
<<<16:14:02:831449>>>  Tank #2 Red AI Tank is checking targeting info...
<<<16:14:02:831449>>>  Tank #2 Red AI Tank increased launch speed one unit...
<<<16:14:02:964551>>>  Tank #2 Red AI Tank is checking targeting info...
<<<16:14:02:964551>>>  Tank #2 Red AI Tank increased launch speed one unit...
<<<16:14:03:095762>>>  Tank #2 Red AI Tank is checking targeting info...
<<<16:14:03:095762>>>  Tank #2 Red AI Tank increased launch speed one unit...
<<<16:14:03:223708>>>  Tank #2 Red AI Tank is checking targeting info...
<<<16:14:03:223708>>>  Tank #2 Red AI Tank increased launch speed one unit...
<<<16:14:03:353495>>>  Tank #2 Red AI Tank is checking targeting info...
<<<16:14:03:353495>>>  Tank #2 Red AI Tank increased launch speed one unit...
<<<16:14:03:485248>>>  Tank #2 Red AI Tank is checking targeting info...
<<<16:14:03:485248>>>  Tank #2 Red AI Tank increased launch speed one unit...
<<<16:14:03:617398>>>  Tank #2 Red AI Tank is checking targeting info...
<<<16:14:03:617398>>>  Tank #2 Red AI Tank increased launch speed one unit...
<<<16:14:03:748437>>>  Tank #2 Red AI Tank is checking targeting info...
<<<16:14:03:748437>>>  Tank #2 Red AI Tank increased launch speed one unit...
<<<16:14:03:879111>>>  Tank #2 Red AI Tank is checking targeting info...
<<<16:14:03:879111>>>  Tank #2 Red AI Tank increased launch speed one unit...
<<<16:14:04:010436>>>  Tank #2 Red AI Tank is checking targeting info...
<<<16:14:04:010436>>>  Tank #2 Red AI Tank increased launch speed one unit...
<<<16:14:04:141544>>>  Tank #2 Red AI Tank is checking targeting info...
<<<16:14:04:141544>>>  Tank #2 Red AI Tank increased launch speed one unit...
<<<16:14:04:269807>>>  Tank #2 Red AI Tank is checking targeting info...
<<<16:14:04:269807>>>  Tank #2 Red AI Tank increased launch speed one unit...
<<<16:14:04:401664>>>  Tank #2 Red AI Tank is checking targeting info...
<<<16:14:04:401664>>>  Tank #2 Red AI Tank increased launch speed one unit...
<<<16:14:04:533290>>>  Tank #2 Red AI Tank is checking targeting info...
<<<16:14:04:533290>>>  Tank #2 Red AI Tank increased launch speed one unit...
<<<16:14:04:662578>>>  Tank #2 Red AI Tank is checking targeting info...
<<<16:14:04:662578>>>  Tank #2 Red AI Tank increased launch speed one unit...
<<<16:14:04:795250>>>  Tank #2 Red AI Tank is checking targeting info...
<<<16:14:04:795250>>>  Tank #2 Red AI Tank increased launch speed one unit...
<<<16:14:04:925636>>>  Tank #2 Red AI Tank is checking targeting info...
<<<16:14:04:925636>>>  Tank #2 Red AI Tank increased launch speed one unit...
<<<16:14:05:058001>>>  Tank #2 Red AI Tank is checking targeting info...
<<<16:14:05:058001>>>  Tank #2 Red AI Tank increased launch speed one unit...
<<<16:14:05:187965>>>  Tank #2 Red AI Tank is checking targeting info...
<<<16:14:05:187965>>>  Tank #2 Red AI Tank increased launch speed one unit...
<<<16:14:05:317579>>>  Tank #2 Red AI Tank is checking targeting info...
<<<16:14:05:317579>>>  Tank #2 Red AI Tank increased launch speed one unit...
<<<16:14:05:448318>>>  Tank #2 Red AI Tank is checking targeting info...
<<<16:14:05:448318>>>  Tank #2 Red AI Tank increased launch speed one unit...
<<<16:14:05:581742>>>  Tank #2 Red AI Tank is checking targeting info...
<<<16:14:05:581742>>>  Tank #2 Red AI Tank increased launch speed one unit...
<<<16:14:05:715419>>>  Tank #2 Red AI Tank is checking targeting info...
<<<16:14:05:715896>>>  Tank #2 Red AI Tank increased launch speed one unit...
<<<16:14:05:848281>>>  Tank #2 Red AI Tank is checking targeting info...
<<<16:14:05:848281>>>  Tank #2 Red AI Tank increased launch speed one unit...
<<<16:14:05:981489>>>  Tank #2 Red AI Tank is checking targeting info...
<<<16:14:05:981489>>>  Tank #2 Red AI Tank increased launch speed one unit...
<<<16:14:06:116274>>>  Tank #2 Red AI Tank is checking targeting info...
<<<16:14:06:116274>>>  Tank #2 Red AI Tank increased launch speed one unit...
<<<16:14:06:248739>>>  Tank #2 Red AI Tank is checking targeting info...
<<<16:14:06:248739>>>  Tank #2 Red AI Tank firing solution within tolerances, not adjusting firing solution...
<<<16:14:06:248739>>>  Tank #2 Red AI Tank attempting to fire cannonball...
<<<16:14:06:381067>>>  No targets for Tank #2 Red AI Tank, chose to back down...
<<<16:14:06:514215>>>  No targets for Tank #2 Red AI Tank, chose to back down...
<<<16:14:06:648944>>>  No targets for Tank #2 Red AI Tank, chose to back down...
<<<16:14:06:783226>>>  No targets for Tank #2 Red AI Tank, chose to back down...
<<<16:14:06:913287>>>  No targets for Tank #2 Red AI Tank, chose to back down...
<<<16:14:07:046024>>>  No targets for Tank #2 Red AI Tank, chose to back down...
<<<16:14:07:179023>>>  No targets for Tank #2 Red AI Tank, chose to back down...
<<<16:14:07:309037>>>  No targets for Tank #2 Red AI Tank, chose to back down...
<<<16:14:07:439437>>>  No targets for Tank #2 Red AI Tank, chose to back down...
<<<16:14:07:570168>>>  No targets for Tank #2 Red AI Tank, chose to back down...
<<<16:14:07:700971>>>  No targets for Tank #2 Red AI Tank, chose to back down...
<<<16:14:07:830244>>>  No targets for Tank #2 Red AI Tank, chose to back down...
<<<16:14:07:960977>>>  No targets for Tank #2 Red AI Tank, chose to back down...
<<<16:14:08:090117>>>  No targets for Tank #2 Red AI Tank, chose to back down...
<<<16:14:08:221196>>>  No targets for Tank #2 Red AI Tank, chose to back down...
<<<16:14:08:351775>>>  No targets for Tank #2 Red AI Tank, chose to back down...
<<<16:14:08:483380>>>  No targets for Tank #2 Red AI Tank, chose to back down...
<<<16:14:08:615803>>>  No targets for Tank #2 Red AI Tank, chose to back down...
<<<16:14:08:745360>>>  No targets for Tank #2 Red AI Tank, chose to back down...
<<<16:14:08:878768>>>  No targets for Tank #2 Red AI Tank, chose to back down...
<<<16:14:09:008998>>>  No targets for Tank #2 Red AI Tank, chose to back down...
<<<16:14:09:139043>>>  No targets for Tank #2 Red AI Tank, chose to back down...
<<<16:14:09:270857>>>  No targets for Tank #2 Red AI Tank, chose to back down...
<<<16:14:09:322046>>>  Tank #2 Red AI Tank's Cannonball #2 explosion timer has expired, marked for removal...
<<<16:14:09:323055>>>  Exiting game outside of main loop and writing log file...
