<<<11:05:26:701617>>>  Pix\Homeworlds\Tech\5.png loaded as pixie for Earth...
<<<11:05:26:701617>>>  Image at Pix\Homeworlds\Tech\5.png chosen as homeworld pix for Earth's...
<<<11:05:26:709038>>>  Pix\Moons\13.png loaded as pixie for Moon #2...
<<<11:05:26:782874>>>  Pix\Snails\Green_Snail\Spells\Spellready_Icon\spellready.png returned as pixie for Snail #1 Green Player...
<<<11:05:26:782874>>>  Pix\Magic\Scroll\scroll.png returned as pixie for Snail #1 Green Player...
<<<11:05:26:782874>>>  Snail #1 Green Player successfully created!
<<<11:05:26:855712>>>  Pix\Snails\Red_Snail\Spells\Spellready_Icon\spellready.png returned as pixie for Snail #2 Red Player...
<<<11:05:26:856712>>>  Pix\Magic\Scroll\scroll.png returned as pixie for Snail #2 Red Player...
<<<11:05:26:856712>>>  Snail #2 Red Player successfully created!
<<<11:05:27:142380>>>  Snail #1 Green Player chambered cannonball...
<<<11:05:27:142380>>>
* CURRENT VALUES FOR CELESTIAL BODY:  Snail #1 Green Player's Cannonball #1
* This is not the homeworld.
* The celestial boyd's density is 5515 kg/m^3.
* The celestial body's mass is 1000 kg.
* The Earth's mass is 5.972e+24 kg.
* The celestial body's radius is 0.001 km.
* The celestial body's coordinates are (3.9011123786838936e-13, 6371.0).
* The celestial body's velocity is (-0.0020158679984899545, 5.59242337923518).
* The celestial body's speed is 5.592423742559215 km/s.
* The celestial body's acceleration is (0, 0).
* The celestial body's screen x and y coordinates are (768, 345).
* The celestial body's screen radius is 2.
* The celestial is using a body circle.
<<<11:05:27:142380>>>
* ADDITIONAL INFORMATION FOR Snail #1 Green Player's Cannonball #1:
* This cannonball is chambered.
<<<11:06:24:294485>>>
* INFORMATION FOR Snail #1 Green Player's CANNONBALLS:
* Cannonballs in memory for Snail #1 Green Player:  1.
* Total cannonballs fired or chambered for Snail #1 Green Player:  1.
<<<11:06:24:294485>>>
* CURRENT VALUES FOR CELESTIAL BODY:  Snail #1 Green Player's Cannonball #1
* This is not the homeworld.
* The celestial boyd's density is 5515 kg/m^3.
* The celestial body's mass is 1000 kg.
* The Earth's mass is 5.972e+24 kg.
* The celestial body's radius is 0.001 km.
* The celestial body's coordinates are (-1167.4196101402877, 8307.977959981547).
* The celestial body's velocity is (-0.0020158679984899545, 5.59242337923518).
* The celestial body's speed is 5.592423742559215 km/s.
* The celestial body's acceleration is (0, 0).
* The celestial body's screen x and y coordinates are (752, 319).
* The celestial body's screen radius is 2.
* The celestial is using a body circle.
<<<11:06:24:294485>>>
* ADDITIONAL INFORMATION FOR Snail #1 Green Player's Cannonball #1:
* This cannonball is chambered.
<<<11:06:24:294485>>>
* INFORMATION FOR Snail #2 Red Player's CANNONBALLS:
* Cannonballs in memory for Snail #2 Red Player:  0.
* Total cannonballs fired or chambered for Snail #2 Red Player:  0.
<<<11:06:24:294485>>>  Quit through pygame and writing log file...
