<<<17:01:42:353945>>>  Pix\Homeworlds\Forest\3.png loaded as pixie for Earth...
<<<17:01:42:353945>>>  Image at Pix\Homeworlds\Forest\3.png chosen as homeworld pix for Earth's...
<<<17:01:42:377453>>>  Pix\Moons\8.png loaded as pixie for Moon #2...
<<<17:01:42:451734>>>  Pix\Snails\Green_Snail\Spells\Spellready_Icon\spellready.png returned as pixie for Snail #1 Green Player...
<<<17:01:42:451734>>>  Pix\Magic\Scroll\scroll.png returned as pixie for Snail #1 Green Player...
<<<17:01:42:451734>>>  Snail #1 Green Player successfully created!
<<<17:01:42:526502>>>  Pix\Snails\Red_Snail\Spells\Spellready_Icon\spellready.png returned as pixie for Snail #2 Red Player...
<<<17:01:42:526502>>>  Pix\Magic\Scroll\scroll.png returned as pixie for Snail #2 Red Player...
<<<17:01:42:527526>>>  Snail #2 Red Player successfully created!
<<<17:01:42:728028>>>  Snail #1 Green Player chambered cannonball...
<<<17:01:42:728028>>>
* CURRENT VALUES FOR CELESTIAL BODY:  Snail #1 Green Player's Cannonball #1
* This is not the homeworld.
* The celestial boyd's density is 5515 kg/m^3.
* The celestial body's mass is 1000 kg.
* The Earth's mass is 5.972e+24 kg.
* The celestial body's radius is 0.001 km.
* The celestial body's coordinates are (3.9011123786838936e-13, 6371.0).
* The celestial body's velocity is (-0.0016522099577350893, 5.593195575883559).
* The celestial body's speed is 5.593195819912008 km/s.
* The celestial body's acceleration is (0, 0).
* The celestial body's screen x and y coordinates are (768, 345).
* The celestial body's screen radius is 2.
* The celestial is using a body circle.
<<<17:01:42:728028>>>
* ADDITIONAL INFORMATION FOR Snail #1 Green Player's Cannonball #1:
* This cannonball is chambered.
<<<17:01:54:323640>>>
* INFORMATION FOR Snail #1 Green Player's CANNONBALLS:
* Cannonballs in memory for Snail #1 Green Player:  1.
* Total cannonballs fired or chambered for Snail #1 Green Player:  1.
<<<17:01:54:323640>>>
* CURRENT VALUES FOR CELESTIAL BODY:  Snail #1 Green Player's Cannonball #1
* This is not the homeworld.
* The celestial boyd's density is 5515 kg/m^3.
* The celestial body's mass is 1000 kg.
* The Earth's mass is 5.972e+24 kg.
* The celestial body's radius is 0.001 km.
* The celestial body's coordinates are (189.39523497351297, 6592.604071989349).
* The celestial body's velocity is (-0.0016522099577350893, 5.593195575883559).
* The celestial body's speed is 5.593195819912008 km/s.
* The celestial body's acceleration is (0, 0).
* The celestial body's screen x and y coordinates are (770, 342).
* The celestial body's screen radius is 2.
* The celestial is using a body circle.
<<<17:01:54:323640>>>
* ADDITIONAL INFORMATION FOR Snail #1 Green Player's Cannonball #1:
* This cannonball is chambered.
<<<17:01:54:323640>>>
* INFORMATION FOR Snail #2 Red Player's CANNONBALLS:
* Cannonballs in memory for Snail #2 Red Player:  0.
* Total cannonballs fired or chambered for Snail #2 Red Player:  0.
<<<17:01:54:323640>>>  Quit through pygame and writing log file...
