<<<15:45:33:774539>>>
* Screen coordinates (1414, 105) choosen in zone #3.
* Screen dimensions are 1600 wide by 900 high.
* Minimum (x, y) are (1333, 0).
* Maximum (x, y) are (1600, 150).
* Mid (x, y) are (1466, 75).
<<<15:45:33:774539>>>  Image at Pix\Faraway_Objects\Quasars\3.png choosen for background...
<<<15:45:33:775837>>>
* Screen coordinates (1458, 750) choosen in zone #4.
* Screen dimensions are 1600 wide by 900 high.
* Minimum (x, y) are (1333, 150).
* Maximum (x, y) are (1600, 750).
* Mid (x, y) are (1466, 450).
<<<15:45:33:775837>>>  Image at Pix\Faraway_Objects\Gas_Giants\3.png choosen for background...
<<<15:45:33:776984>>>
* Screen coordinates (886, 871) choosen in zone #6.
* Screen dimensions are 1600 wide by 900 high.
* Minimum (x, y) are (266, 750).
* Maximum (x, y) are (1333, 900).
* Mid (x, y) are (799, 825).
<<<15:45:33:776984>>>  Image at Pix\Faraway_Objects\Black_Holes\1.png choosen for background...
<<<15:45:33:778123>>>
* Screen coordinates (53, 255) choosen in zone #8.
* Screen dimensions are 1600 wide by 900 high.
* Minimum (x, y) are (0, 150).
* Maximum (x, y) are (266, 750).
* Mid (x, y) are (133, 450).
<<<15:45:33:778123>>>  Image at Pix\Faraway_Objects\Asteroids\12.png choosen for background...
<<<15:45:33:782109>>>  Pix\Homeworlds\Forest\4.png loaded as pixie for Earth and scaled to body circle...
<<<15:45:33:782109>>>  Image at Pix\Homeworlds\Forest\4.png chosen as homeworld pix for Earth's...
<<<15:45:33:782109>>>  Pix\Moons\7.png loaded as pixie for Moon #2 and scaled to body circle...
<<<15:45:33:822141>>>  Tank #1 Green Player Tank successfully created!
<<<15:45:33:862997>>>  Tank #2 Red AI Tank successfully created!
<<<15:45:33:903599>>>  Tank #3 Yellow AI Tank successfully created!
<<<15:45:33:906735>>>
* *** Tank #2 Red AI Tank USING CLEAR SKIES FUNCTION ***
* Moon #2 at (-12339.345587267037, -3177.3148921540273), angle -2.889572779844504 rads.
* Tank #2 Red AI Tank at (-5517.44784751066, -3185.499999999998), angle 3.665191429188092.
* Angle Between is 0.2715789018530099 rads.
* The skies are NOT clear, Tank #2 Red AI Tank shouldn't use Gravity...
<<<15:45:33:906735>>>
* *** Tank #3 Yellow AI Tank USING CLEAR SKIES FUNCTION ***
* Moon #2 at (-12339.345587267037, -3177.3148921540273), angle -2.889572779844504 rads.
* Tank #3 Yellow AI Tank at (5517.447847510657, -3185.5000000000027), angle 5.759586531581287.
* Angle Between is 2.3659740042462047 rads.
<<<15:45:33:906735>>>  Tank #3 Yellow AI Tank saw no celestials or cannonballs above their heads and is casting Gravity...
<<<15:45:34:037225>>>
* *** Tank #2 Red AI Tank USING CLEAR SKIES FUNCTION ***
* Moon #2 at (-12228.63886820421, -3565.8866893594422), angle -2.857858810108543 rads.
* Tank #2 Red AI Tank at (-5517.44784751066, -3185.499999999998), angle 3.665191429188092.
* Angle Between is 0.23986493211704918 rads.
* The skies are NOT clear, Tank #2 Red AI Tank shouldn't use Gravity...
<<<15:45:34:167159>>>
* *** Tank #2 Red AI Tank USING CLEAR SKIES FUNCTION ***
* Moon #2 at (-12096.748733336497, -3948.247310104679), angle -2.826104846286639 rads.
* Tank #2 Red AI Tank at (-5517.44784751066, -3185.499999999998), angle 3.665191429188092.
* Angle Between is 0.20811096829514497 rads.
* The skies are NOT clear, Tank #2 Red AI Tank shouldn't use Gravity...
<<<15:45:34:363647>>>  Tank #3 Yellow AI Tank chose to shoot...
<<<15:45:34:363647>>>  Deleting effect pixie gravity...
<<<15:45:34:363647>>>  Tank #3 Yellow AI Tank is checking targeting info...
<<<15:45:34:363647>>>  Tank #3 Yellow AI Tank Launch angle not within tolerances, adjusting firing solution...
<<<15:45:34:363647>>>  Tank #3 Yellow AI Tank Launch speed not within tolerances, adjusting firing solution...
<<<15:45:34:363647>>>  Tank #3 Yellow AI Tank adjusted targeting angle one unit CCW...
<<<15:45:37:208237>>>  Tank #2 Red AI Tank chose to move to 2.5157, cururently at 3.6652.
<<<15:45:37:208237>>>  Tank #2 Red AI Tank moved one unit CW...
<<<15:45:37:208237>>>  Tank #2 Red AI Tank chose to move...
<<<15:45:37:208237>>>  Tank #3 Yellow AI Tank is checking targeting info...
<<<15:45:37:208237>>>  Tank #3 Yellow AI Tank Launch angle not within tolerances, adjusting firing solution...
<<<15:45:37:208237>>>  Tank #3 Yellow AI Tank Launch speed not within tolerances, adjusting firing solution...
<<<15:45:37:208237>>>  Tank #3 Yellow AI Tank adjusted targeting angle one unit CCW...
<<<15:45:37:290461>>>  Deleting effect pixie Tank #3 Yellow AI Tank thawing...
<<<15:45:37:338904>>>  Tank #2 Red AI Tank moved one unit CW...
<<<15:45:37:338904>>>  Tank #3 Yellow AI Tank is checking targeting info...
<<<15:45:37:338904>>>  Tank #3 Yellow AI Tank Launch angle not within tolerances, adjusting firing solution...
<<<15:45:37:338904>>>  Tank #3 Yellow AI Tank Launch speed not within tolerances, adjusting firing solution...
<<<15:45:37:338904>>>  Tank #3 Yellow AI Tank adjusted targeting angle one unit CCW...
<<<15:45:37:470440>>>  Tank #2 Red AI Tank moved one unit CW...
<<<15:45:37:470440>>>  Tank #3 Yellow AI Tank is checking targeting info...
<<<15:45:37:470440>>>  Tank #3 Yellow AI Tank Launch angle not within tolerances, adjusting firing solution...
<<<15:45:37:470440>>>  Tank #3 Yellow AI Tank Launch speed not within tolerances, adjusting firing solution...
<<<15:45:37:470440>>>  Tank #3 Yellow AI Tank adjusted targeting angle one unit CCW...
<<<15:45:37:603497>>>  Tank #2 Red AI Tank moved one unit CW...
<<<15:45:37:603497>>>  Tank #3 Yellow AI Tank is checking targeting info...
<<<15:45:37:603497>>>  Tank #3 Yellow AI Tank Launch angle not within tolerances, adjusting firing solution...
<<<15:45:37:603497>>>  Tank #3 Yellow AI Tank Launch speed not within tolerances, adjusting firing solution...
<<<15:45:37:603497>>>  Tank #3 Yellow AI Tank adjusted targeting angle one unit CCW...
<<<15:45:37:734149>>>  Tank #2 Red AI Tank moved one unit CW...
<<<15:45:37:734149>>>  Tank #3 Yellow AI Tank is checking targeting info...
<<<15:45:37:734149>>>  Tank #3 Yellow AI Tank Launch angle not within tolerances, adjusting firing solution...
<<<15:45:37:734149>>>  Tank #3 Yellow AI Tank Launch speed not within tolerances, adjusting firing solution...
<<<15:45:37:734149>>>  Tank #3 Yellow AI Tank adjusted targeting angle one unit CCW...
<<<15:45:37:864966>>>  Deleting effect pixie Tank #2 Red AI Tank thawing...
<<<15:45:37:864966>>>  Tank #2 Red AI Tank moved one unit CW...
<<<15:45:37:864966>>>  Tank #3 Yellow AI Tank is checking targeting info...
<<<15:45:37:864966>>>  Tank #3 Yellow AI Tank Launch angle not within tolerances, adjusting firing solution...
<<<15:45:37:864966>>>  Tank #3 Yellow AI Tank Launch speed not within tolerances, adjusting firing solution...
<<<15:45:37:864966>>>  Tank #3 Yellow AI Tank adjusted targeting angle one unit CCW...
<<<15:45:37:997107>>>  Tank #2 Red AI Tank moved one unit CW...
<<<15:45:37:997107>>>  Tank #3 Yellow AI Tank is checking targeting info...
<<<15:45:37:997107>>>  Tank #3 Yellow AI Tank Launch angle not within tolerances, adjusting firing solution...
<<<15:45:37:997107>>>  Tank #3 Yellow AI Tank Launch speed not within tolerances, adjusting firing solution...
<<<15:45:37:997107>>>  Tank #3 Yellow AI Tank adjusted targeting angle one unit CCW...
<<<15:45:38:128717>>>  Tank #2 Red AI Tank moved one unit CW...
<<<15:45:38:129718>>>  Tank #3 Yellow AI Tank is checking targeting info...
<<<15:45:38:129718>>>  Tank #3 Yellow AI Tank Launch angle not within tolerances, adjusting firing solution...
<<<15:45:38:129718>>>  Tank #3 Yellow AI Tank Launch speed not within tolerances, adjusting firing solution...
<<<15:45:38:129718>>>  Tank #3 Yellow AI Tank adjusted targeting angle one unit CCW...
<<<15:45:38:257533>>>  Tank #2 Red AI Tank moved one unit CW...
<<<15:45:38:257533>>>  Tank #3 Yellow AI Tank is checking targeting info...
<<<15:45:38:257533>>>  Tank #3 Yellow AI Tank Launch angle not within tolerances, adjusting firing solution...
<<<15:45:38:257533>>>  Tank #3 Yellow AI Tank Launch speed not within tolerances, adjusting firing solution...
<<<15:45:38:257533>>>  Tank #3 Yellow AI Tank adjusted targeting angle one unit CCW...
<<<15:45:38:387250>>>  Tank #2 Red AI Tank moved one unit CW...
<<<15:45:38:387250>>>  Tank #3 Yellow AI Tank is checking targeting info...
<<<15:45:38:387250>>>  Tank #3 Yellow AI Tank Launch angle not within tolerances, adjusting firing solution...
<<<15:45:38:387250>>>  Tank #3 Yellow AI Tank Launch speed not within tolerances, adjusting firing solution...
<<<15:45:38:387250>>>  Tank #3 Yellow AI Tank adjusted targeting angle one unit CCW...
<<<15:45:38:518163>>>  Tank #2 Red AI Tank moved one unit CW...
<<<15:45:38:518163>>>  Tank #3 Yellow AI Tank is checking targeting info...
<<<15:45:38:518163>>>  Tank #3 Yellow AI Tank Launch angle not within tolerances, adjusting firing solution...
<<<15:45:38:518163>>>  Tank #3 Yellow AI Tank Launch speed not within tolerances, adjusting firing solution...
<<<15:45:38:518163>>>  Tank #3 Yellow AI Tank adjusted targeting angle one unit CCW...
<<<15:45:38:650292>>>  Tank #2 Red AI Tank moved one unit CW...
<<<15:45:38:650292>>>  Tank #3 Yellow AI Tank is checking targeting info...
<<<15:45:38:650292>>>  Tank #3 Yellow AI Tank Launch angle not within tolerances, adjusting firing solution...
<<<15:45:38:650292>>>  Tank #3 Yellow AI Tank Launch speed not within tolerances, adjusting firing solution...
<<<15:45:38:650292>>>  Tank #3 Yellow AI Tank adjusted targeting angle one unit CCW...
<<<15:45:38:779550>>>  Tank #2 Red AI Tank moved one unit CW...
<<<15:45:38:779550>>>  Tank #3 Yellow AI Tank is checking targeting info...
<<<15:45:38:779550>>>  Tank #3 Yellow AI Tank Launch angle not within tolerances, adjusting firing solution...
<<<15:45:38:779550>>>  Tank #3 Yellow AI Tank Launch speed not within tolerances, adjusting firing solution...
<<<15:45:38:779550>>>  Tank #3 Yellow AI Tank adjusted targeting angle one unit CCW...
<<<15:45:38:910953>>>
* INFORMATION FOR Tank #1 Green Player Tank's CANNONBALLS:
* Cannonballs in memory for Tank #1 Green Player Tank:  0.
* Total cannonballs fired or chambered for Tank #1 Green Player Tank:  0.
<<<15:45:38:910953>>>
* INFORMATION FOR Tank #2 Red AI Tank's CANNONBALLS:
* Cannonballs in memory for Tank #2 Red AI Tank:  0.
* Total cannonballs fired or chambered for Tank #2 Red AI Tank:  0.
<<<15:45:38:910953>>>
* INFORMATION FOR Tank #3 Yellow AI Tank's CANNONBALLS:
* Cannonballs in memory for Tank #3 Yellow AI Tank:  1.
* Total cannonballs fired or chambered for Tank #3 Yellow AI Tank:  1.
<<<15:45:38:910953>>>
* CURRENT VALUES FOR CELESTIAL BODY:  Tank #3 Yellow AI Tank's Cannonball #1
* This is not the homeworld.
* The celestial boyd's density is 5515 kg/m^3.
* The celestial body's mass is 1000 kg.
* The Earth's mass is 5.972e+24 kg.
* The celestial body's radius is 0.001 km.
* The celestial body's coordinates are (5628.451458689972, -3090.5824426920326).
* The celestial body's velocity is (4.835966716599156, -2.799493051142962).
* The celestial body's speed is 5.587820275156723 km/s.
* The celestial body's acceleration is (0, 0).
* The celestial body's screen x and y coordinates are (879, 493).
* The celestial body's screen radius is 2.
* The celestial is using a body circle.
<<<15:45:38:910953>>>
* ADDITIONAL INFORMATION FOR Tank #3 Yellow AI Tank's Cannonball #1:
* This cannonball is chambered.
<<<15:45:38:910953>>>  Quit through pygame and writing log file...
