<<<15:40:17:559674>>>
* Screen coordinates (1370, 599) choosen in zone #4.
* Screen dimensions are 1600 wide by 900 high.
* Minimum (x, y) are (1333, 150).
* Maximum (x, y) are (1600, 750).
* Mid (x, y) are (1466, 450).
<<<15:40:17:559674>>>  Image at Pix\Faraway_Objects\Galaxies\4.png choosen for background...
<<<15:40:17:562520>>>
* Screen coordinates (506, 792) choosen in zone #6.
* Screen dimensions are 1600 wide by 900 high.
* Minimum (x, y) are (266, 750).
* Maximum (x, y) are (1333, 900).
* Mid (x, y) are (799, 825).
<<<15:40:17:562520>>>  Image at Pix\Faraway_Objects\Comets\1.png choosen for background...
<<<15:40:17:562520>>>
* Screen coordinates (0, 801) choosen in zone #7.
* Screen dimensions are 1600 wide by 900 high.
* Minimum (x, y) are (0, 750).
* Maximum (x, y) are (266, 900).
* Mid (x, y) are (133, 825).
<<<15:40:17:562520>>>  Image at Pix\Faraway_Objects\Suns\24.png choosen for background...
<<<15:40:17:565017>>>
* Screen coordinates (115, 441) choosen in zone #8.
* Screen dimensions are 1600 wide by 900 high.
* Minimum (x, y) are (0, 150).
* Maximum (x, y) are (266, 750).
* Mid (x, y) are (133, 450).
<<<15:40:17:565017>>>  Image at Pix\Faraway_Objects\Asteroids\4.png choosen for background...
<<<15:40:17:569040>>>  Pix\Homeworlds\Forest\1.png loaded as pixie for Earth and scaled to body circle...
<<<15:40:17:569040>>>  Image at Pix\Homeworlds\Forest\1.png chosen as homeworld pix for Earth's...
<<<15:40:17:569040>>>  Pix\Moons\8.png loaded as pixie for Moon #2 and scaled to body circle...
<<<15:40:17:601865>>>  Tank #1 Green Player Tank successfully created!
<<<15:40:17:635682>>>  Tank #2 Red AI Tank successfully created!
<<<15:40:17:668233>>>  Tank #3 Yellow AI Tank successfully created!
<<<15:40:17:670561>>>
* *** Tank #2 Red AI Tank USING CLEAR SKIES FUNCTION ***
* Moon #2 at (-5598.283924509653, 11446.134567900512), angle 2.02568452928407 rads.
* Tank #2 Red AI Tank at (-5517.44784751066, -3185.499999999998), angle 3.665191429188092.
* Angle Between is 1.6395068999040219 rads.
<<<15:40:17:670561>>>  Tank #2 Red AI Tank saw no celestials or cannonballs above their heads and is casting Gravity...
<<<15:40:17:671558>>>
* *** Tank #3 Yellow AI Tank USING CLEAR SKIES FUNCTION ***
* Moon #2 at (-5598.283924509653, 11446.134567900512), angle 2.02568452928407 rads.
* Tank #3 Yellow AI Tank at (5517.447847510657, -3185.5000000000027), angle 5.759586531581287.
* Angle Between is 2.549283304882369 rads.
<<<15:40:17:671558>>>  Tank #3 Yellow AI Tank saw no celestials or cannonballs above their heads and is casting Gravity...
<<<15:40:17:804532>>>  Tank #3 Yellow AI Tank chose to move to 0.2544, cururently at 5.7596.
<<<15:40:17:804532>>>  Tank #3 Yellow AI Tank moved one unit CCW...
<<<15:40:17:804532>>>  Tank #3 Yellow AI Tank chose to move...
<<<15:40:17:939084>>>  Tank #3 Yellow AI Tank moved one unit CCW...
<<<15:40:18:074785>>>  Tank #3 Yellow AI Tank moved one unit CCW...
<<<15:40:18:204758>>>  Tank #3 Yellow AI Tank moved one unit CCW...
<<<15:40:18:334363>>>  Tank #3 Yellow AI Tank moved one unit CCW...
<<<15:40:18:464548>>>  Tank #3 Yellow AI Tank moved one unit CCW...
<<<15:40:18:598059>>>  Tank #3 Yellow AI Tank moved one unit CCW...
<<<15:40:18:729110>>>  Tank #3 Yellow AI Tank moved one unit CCW...
<<<15:40:18:859496>>>  Tank #3 Yellow AI Tank moved one unit CCW...
<<<15:40:18:988466>>>  Tank #3 Yellow AI Tank moved one unit CCW...
<<<15:40:19:122273>>>  Tank #3 Yellow AI Tank moved one unit CCW...
<<<15:40:19:255730>>>  Tank #3 Yellow AI Tank moved one unit CCW...
<<<15:40:19:388199>>>  Tank #3 Yellow AI Tank moved one unit CCW...
<<<15:40:20:534816>>>  Tank #2 Red AI Tank chose to shoot...
<<<15:40:20:534816>>>  Deleting effect pixie gravity...
<<<15:40:20:534816>>>  Tank #2 Red AI Tank is checking targeting info...
<<<15:40:20:534816>>>  Tank #2 Red AI Tank Launch angle not within tolerances, adjusting firing solution...
<<<15:40:20:534816>>>  Tank #2 Red AI Tank Launch speed not within tolerances, adjusting firing solution...
<<<15:40:20:534816>>>  Tank #2 Red AI Tank adjusted targeting angle one unit CW...
<<<15:40:22:530030>>>  Tank #2 Red AI Tank is checking targeting info...
<<<15:40:22:530030>>>  Tank #2 Red AI Tank Launch angle not within tolerances, adjusting firing solution...
<<<15:40:22:530030>>>  Tank #2 Red AI Tank Launch speed not within tolerances, adjusting firing solution...
<<<15:40:22:530030>>>  Tank #2 Red AI Tank adjusted targeting angle one unit CW...
<<<15:40:22:530030>>>  Tank #3 Yellow AI Tank moved one unit CCW...
<<<15:40:22:660148>>>  Tank #2 Red AI Tank is checking targeting info...
<<<15:40:22:660148>>>  Tank #2 Red AI Tank Launch angle not within tolerances, adjusting firing solution...
<<<15:40:22:660148>>>  Tank #2 Red AI Tank Launch speed not within tolerances, adjusting firing solution...
<<<15:40:22:660148>>>  Tank #2 Red AI Tank adjusted targeting angle one unit CW...
<<<15:40:22:660148>>>  Tank #3 Yellow AI Tank moved one unit CCW...
<<<15:40:22:791927>>>  Tank #2 Red AI Tank is checking targeting info...
<<<15:40:22:791927>>>  Tank #2 Red AI Tank Launch angle not within tolerances, adjusting firing solution...
<<<15:40:22:791927>>>  Tank #2 Red AI Tank Launch speed not within tolerances, adjusting firing solution...
<<<15:40:22:791927>>>  Tank #2 Red AI Tank adjusted targeting angle one unit CW...
<<<15:40:22:791927>>>  Tank #3 Yellow AI Tank moved one unit CCW...
<<<15:40:22:921692>>>  Tank #2 Red AI Tank is checking targeting info...
<<<15:40:22:921692>>>  Tank #2 Red AI Tank Launch angle not within tolerances, adjusting firing solution...
<<<15:40:22:921692>>>  Tank #2 Red AI Tank Launch speed not within tolerances, adjusting firing solution...
<<<15:40:22:921692>>>  Tank #2 Red AI Tank adjusted targeting angle one unit CW...
<<<15:40:22:921692>>>  Tank #3 Yellow AI Tank moved one unit CCW...
<<<15:40:23:053978>>>  Tank #2 Red AI Tank is checking targeting info...
<<<15:40:23:053978>>>  Tank #2 Red AI Tank Launch angle not within tolerances, adjusting firing solution...
<<<15:40:23:053978>>>  Tank #2 Red AI Tank Launch speed not within tolerances, adjusting firing solution...
<<<15:40:23:053978>>>  Tank #2 Red AI Tank adjusted targeting angle one unit CW...
<<<15:40:23:053978>>>  Tank #3 Yellow AI Tank moved one unit CCW...
<<<15:40:23:184237>>>  Tank #2 Red AI Tank is checking targeting info...
<<<15:40:23:184237>>>  Tank #2 Red AI Tank Launch angle not within tolerances, adjusting firing solution...
<<<15:40:23:184237>>>  Tank #2 Red AI Tank Launch speed not within tolerances, adjusting firing solution...
<<<15:40:23:184237>>>  Tank #2 Red AI Tank adjusted targeting angle one unit CW...
<<<15:40:23:184237>>>  Tank #3 Yellow AI Tank moved one unit CCW...
<<<15:40:23:316782>>>  Tank #2 Red AI Tank is checking targeting info...
<<<15:40:23:316782>>>  Tank #2 Red AI Tank Launch angle not within tolerances, adjusting firing solution...
<<<15:40:23:316782>>>  Tank #2 Red AI Tank Launch speed not within tolerances, adjusting firing solution...
<<<15:40:23:316782>>>  Tank #2 Red AI Tank adjusted targeting angle one unit CW...
<<<15:40:23:316782>>>  Tank #3 Yellow AI Tank moved one unit CCW...
<<<15:40:23:450084>>>  Tank #2 Red AI Tank is checking targeting info...
<<<15:40:23:450084>>>  Tank #2 Red AI Tank Launch angle not within tolerances, adjusting firing solution...
<<<15:40:23:450084>>>  Tank #2 Red AI Tank Launch speed not within tolerances, adjusting firing solution...
<<<15:40:23:450084>>>  Tank #2 Red AI Tank adjusted targeting angle one unit CW...
<<<15:40:23:450084>>>  Tank #3 Yellow AI Tank moved one unit CCW...
<<<15:40:23:583951>>>  Tank #2 Red AI Tank is checking targeting info...
<<<15:40:23:583951>>>  Tank #2 Red AI Tank Launch angle not within tolerances, adjusting firing solution...
<<<15:40:23:583951>>>  Tank #2 Red AI Tank Launch speed not within tolerances, adjusting firing solution...
<<<15:40:23:583951>>>  Tank #2 Red AI Tank adjusted targeting angle one unit CW...
<<<15:40:23:583951>>>  Tank #3 Yellow AI Tank moved one unit CCW...
<<<15:40:23:718431>>>  Tank #2 Red AI Tank is checking targeting info...
<<<15:40:23:718431>>>  Tank #2 Red AI Tank Launch angle not within tolerances, adjusting firing solution...
<<<15:40:23:718431>>>  Tank #2 Red AI Tank Launch speed not within tolerances, adjusting firing solution...
<<<15:40:23:718431>>>  Tank #2 Red AI Tank adjusted targeting angle one unit CW...
<<<15:40:23:718431>>>  Tank #3 Yellow AI Tank moved one unit CCW...
<<<15:40:23:847800>>>  Tank #2 Red AI Tank is checking targeting info...
<<<15:40:23:847800>>>  Tank #2 Red AI Tank Launch angle not within tolerances, adjusting firing solution...
<<<15:40:23:847800>>>  Tank #2 Red AI Tank Launch speed not within tolerances, adjusting firing solution...
<<<15:40:23:847800>>>  Tank #2 Red AI Tank adjusted targeting angle one unit CW...
<<<15:40:23:847800>>>  Tank #3 Yellow AI Tank moved one unit CCW...
<<<15:40:23:982077>>>  Tank #2 Red AI Tank is checking targeting info...
<<<15:40:23:982077>>>  Tank #2 Red AI Tank Launch angle not within tolerances, adjusting firing solution...
<<<15:40:23:982077>>>  Tank #2 Red AI Tank Launch speed not within tolerances, adjusting firing solution...
<<<15:40:23:982077>>>  Tank #2 Red AI Tank adjusted targeting angle one unit CW...
<<<15:40:23:982077>>>  Tank #3 Yellow AI Tank moved one unit CCW...
<<<15:40:24:114780>>>  Tank #2 Red AI Tank is checking targeting info...
<<<15:40:24:114780>>>  Tank #2 Red AI Tank Launch angle not within tolerances, adjusting firing solution...
<<<15:40:24:114780>>>  Tank #2 Red AI Tank Launch speed not within tolerances, adjusting firing solution...
<<<15:40:24:114780>>>  Tank #2 Red AI Tank adjusted targeting angle one unit CW...
<<<15:40:24:114780>>>  Tank #3 Yellow AI Tank moved one unit CCW...
<<<15:40:24:248271>>>  Tank #2 Red AI Tank is checking targeting info...
<<<15:40:24:248271>>>  Tank #2 Red AI Tank Launch angle not within tolerances, adjusting firing solution...
<<<15:40:24:248271>>>  Tank #2 Red AI Tank Launch speed not within tolerances, adjusting firing solution...
<<<15:40:24:248271>>>  Tank #2 Red AI Tank adjusted targeting angle one unit CW...
<<<15:40:24:248271>>>  Tank #3 Yellow AI Tank moved one unit CCW...
<<<15:40:24:378482>>>  Tank #2 Red AI Tank is checking targeting info...
<<<15:40:24:378482>>>  Tank #2 Red AI Tank Launch angle not within tolerances, adjusting firing solution...
<<<15:40:24:378482>>>  Tank #2 Red AI Tank Launch speed not within tolerances, adjusting firing solution...
<<<15:40:24:378482>>>  Tank #2 Red AI Tank adjusted targeting angle one unit CW...
<<<15:40:24:379483>>>  Tank #3 Yellow AI Tank moved one unit CCW...
<<<15:40:24:511383>>>  Tank #2 Red AI Tank is checking targeting info...
<<<15:40:24:511383>>>  Tank #2 Red AI Tank Launch angle not within tolerances, adjusting firing solution...
<<<15:40:24:511383>>>  Tank #2 Red AI Tank Launch speed not within tolerances, adjusting firing solution...
<<<15:40:24:511383>>>  Tank #2 Red AI Tank adjusted targeting angle one unit CW...
<<<15:40:24:511383>>>  Tank #3 Yellow AI Tank moved one unit CCW...
<<<15:40:24:640310>>>  Tank #2 Red AI Tank is checking targeting info...
<<<15:40:24:640310>>>  Tank #2 Red AI Tank Launch angle not within tolerances, adjusting firing solution...
<<<15:40:24:640310>>>  Tank #2 Red AI Tank Launch speed not within tolerances, adjusting firing solution...
<<<15:40:24:640310>>>  Tank #2 Red AI Tank adjusted targeting angle one unit CW...
<<<15:40:24:640310>>>  Tank #3 Yellow AI Tank moved one unit CCW...
<<<15:40:24:769710>>>  Tank #2 Red AI Tank is checking targeting info...
<<<15:40:24:769710>>>  Tank #2 Red AI Tank Launch angle not within tolerances, adjusting firing solution...
<<<15:40:24:769710>>>  Tank #2 Red AI Tank Launch speed not within tolerances, adjusting firing solution...
<<<15:40:24:769710>>>  Tank #2 Red AI Tank adjusted targeting angle one unit CW...
<<<15:40:24:769710>>>  Tank #3 Yellow AI Tank moved one unit CCW...
<<<15:40:24:903497>>>  Tank #2 Red AI Tank is checking targeting info...
<<<15:40:24:903497>>>  Tank #2 Red AI Tank Launch angle not within tolerances, adjusting firing solution...
<<<15:40:24:903497>>>  Tank #2 Red AI Tank Launch speed not within tolerances, adjusting firing solution...
<<<15:40:24:903497>>>  Tank #2 Red AI Tank adjusted targeting angle one unit CW...
<<<15:40:24:903497>>>  Tank #3 Yellow AI Tank moved one unit CCW...
<<<15:40:24:983338>>>
* INFORMATION FOR Tank #1 Green Player Tank's CANNONBALLS:
* Cannonballs in memory for Tank #1 Green Player Tank:  0.
* Total cannonballs fired or chambered for Tank #1 Green Player Tank:  0.
<<<15:40:24:983338>>>
* INFORMATION FOR Tank #2 Red AI Tank's CANNONBALLS:
* Cannonballs in memory for Tank #2 Red AI Tank:  1.
* Total cannonballs fired or chambered for Tank #2 Red AI Tank:  1.
<<<15:40:24:983338>>>
* CURRENT VALUES FOR CELESTIAL BODY:  Tank #2 Red AI Tank's Cannonball #1
* This is not the homeworld.
* The celestial boyd's density is 5515 kg/m^3.
* The celestial body's mass is 1000 kg.
* The Earth's mass is 5.972e+24 kg.
* The celestial body's radius is 0.001 km.
* The celestial body's coordinates are (-5919.210052836248, -2980.3338033826844).
* The celestial body's velocity is (-4.678987539709662, -2.873980243086522).
* The celestial body's speed is 5.491146222275449 km/s.
* The celestial body's acceleration is (0, 0).
* The celestial body's screen x and y coordinates are (716, 492).
* The celestial body's screen radius is 2.
* The celestial is using a body circle.
<<<15:40:24:983338>>>
* ADDITIONAL INFORMATION FOR Tank #2 Red AI Tank's Cannonball #1:
* This cannonball is chambered.
<<<15:40:24:983338>>>
* INFORMATION FOR Tank #3 Yellow AI Tank's CANNONBALLS:
* Cannonballs in memory for Tank #3 Yellow AI Tank:  0.
* Total cannonballs fired or chambered for Tank #3 Yellow AI Tank:  0.
<<<15:40:24:983338>>>  Quit through pygame and writing log file...
