<<<17:13:25:510176>>>  Pix\Homeworlds\Lava\6.png loaded as pixie for Earth...
<<<17:13:25:510176>>>  Image at Pix\Homeworlds\Lava\6.png chosen as homeworld pix for Earth's...
<<<17:13:25:510176>>>  Pix\Moons\4.png loaded as pixie for Moon #2...
<<<17:13:25:586366>>>  Pix\Snails\Green_Snail\Spells\Spellready_Icon\spellready.png returned as pixie for Snail #1 Green Player...
<<<17:13:25:586366>>>  Pix\Magic\Scroll\scroll.png returned as pixie for Snail #1 Green Player...
<<<17:13:25:586366>>>  Snail #1 Green Player successfully created!
<<<17:13:25:657355>>>  Pix\Snails\Red_Snail\Spells\Spellready_Icon\spellready.png returned as pixie for Snail #2 Red Player...
<<<17:13:25:657355>>>  Pix\Magic\Scroll\scroll.png returned as pixie for Snail #2 Red Player...
<<<17:13:25:658352>>>  Snail #2 Red Player successfully created!
<<<17:13:25:890458>>>  Snail #1 Green Player chambered cannonball...
<<<17:13:25:890458>>>
* CURRENT VALUES FOR CELESTIAL BODY:  Snail #1 Green Player's Cannonball #1
* This is not the homeworld.
* The celestial boyd's density is 5515 kg/m^3.
* The celestial body's mass is 1000 kg.
* The Earth's mass is 5.972e+24 kg.
* The celestial body's radius is 0.001 km.
* The celestial body's coordinates are (3.9011123786838936e-13, 6371.0).
* The celestial body's velocity is (0.0018025128832471092, 5.5928581496942735).
* The celestial body's speed is 5.592858440158694 km/s.
* The celestial body's acceleration is (0, 0).
* The celestial body's screen x and y coordinates are (768, 345).
* The celestial body's screen radius is 2.
* The celestial is using a body circle.
<<<17:13:25:890458>>>
* ADDITIONAL INFORMATION FOR Snail #1 Green Player's Cannonball #1:
* This cannonball is chambered.
<<<17:13:54:717690>>>  Snail #2 Red Player has been hit by Snail #1 Green Player's Cannonball #1!
<<<17:13:54:717690>>>  Snail #2 Red Player is dying!
<<<17:13:54:733585>>>  Snail #2 Red Player has been hit by Snail #1 Green Player's Cannonball #1!
<<<17:13:54:749433>>>  Snail #2 Red Player has been hit by Snail #1 Green Player's Cannonball #1!
<<<17:13:54:766059>>>  Snail #2 Red Player has been hit by Snail #1 Green Player's Cannonball #1!
<<<17:13:54:783085>>>  Snail #2 Red Player has been hit by Snail #1 Green Player's Cannonball #1!
<<<17:13:54:800390>>>  Snail #2 Red Player has been hit by Snail #1 Green Player's Cannonball #1!
<<<17:13:54:817779>>>  Snail #2 Red Player has been hit by Snail #1 Green Player's Cannonball #1!
<<<17:13:54:833550>>>  Snail #2 Red Player has been hit by Snail #1 Green Player's Cannonball #1!
<<<17:13:54:849763>>>  Snail #2 Red Player has been hit by Snail #1 Green Player's Cannonball #1!
<<<17:13:54:866128>>>  Snail #2 Red Player has been hit by Snail #1 Green Player's Cannonball #1!
<<<17:13:54:882260>>>  Snail #2 Red Player has been hit by Snail #1 Green Player's Cannonball #1!
<<<17:13:54:899425>>>  Snail #2 Red Player has been hit by Snail #1 Green Player's Cannonball #1!
<<<17:13:54:915924>>>  Snail #2 Red Player has been hit by Snail #1 Green Player's Cannonball #1!
<<<17:13:54:933183>>>  Snail #2 Red Player has been hit by Snail #1 Green Player's Cannonball #1!
<<<17:13:54:949935>>>  Snail #2 Red Player has been hit by Snail #1 Green Player's Cannonball #1!
<<<17:13:54:966434>>>  Snail #2 Red Player has been hit by Snail #1 Green Player's Cannonball #1!
<<<17:13:54:982101>>>  Snail #2 Red Player has been hit by Snail #1 Green Player's Cannonball #1!
<<<17:13:54:999266>>>  Snail #2 Red Player has been hit by Snail #1 Green Player's Cannonball #1!
<<<17:13:55:015881>>>  Snail #2 Red Player has been hit by Snail #1 Green Player's Cannonball #1!
<<<17:13:55:031655>>>  Snail #2 Red Player has been hit by Snail #1 Green Player's Cannonball #1!
<<<17:13:55:048320>>>  Snail #2 Red Player has been hit by Snail #1 Green Player's Cannonball #1!
<<<17:13:55:065675>>>  Snail #2 Red Player has been hit by Snail #1 Green Player's Cannonball #1!
<<<17:13:55:081643>>>  Snail #2 Red Player has been hit by Snail #1 Green Player's Cannonball #1!
<<<17:13:55:097714>>>  Snail #2 Red Player has been hit by Snail #1 Green Player's Cannonball #1!
<<<17:13:55:114095>>>  Snail #2 Red Player has been hit by Snail #1 Green Player's Cannonball #1!
<<<17:13:55:130835>>>  Snail #2 Red Player has been hit by Snail #1 Green Player's Cannonball #1!
<<<17:13:55:146663>>>  Snail #2 Red Player has been hit by Snail #1 Green Player's Cannonball #1!
<<<17:13:55:162617>>>  Snail #2 Red Player has been hit by Snail #1 Green Player's Cannonball #1!
<<<17:13:55:178397>>>  Snail #2 Red Player has been hit by Snail #1 Green Player's Cannonball #1!
<<<17:13:55:195283>>>  Snail #2 Red Player has been hit by Snail #1 Green Player's Cannonball #1!
<<<17:13:55:212607>>>  Snail #2 Red Player has been hit by Snail #1 Green Player's Cannonball #1!
<<<17:13:55:228689>>>  Snail #2 Red Player has been hit by Snail #1 Green Player's Cannonball #1!
<<<17:13:55:244902>>>  Snail #2 Red Player has been hit by Snail #1 Green Player's Cannonball #1!
<<<17:13:55:244902>>>
* INFORMATION FOR Snail #1 Green Player's CANNONBALLS:
* Cannonballs in memory for Snail #1 Green Player:  1.
* Total cannonballs fired or chambered for Snail #1 Green Player:  1.
<<<17:13:55:244902>>>
* CURRENT VALUES FOR CELESTIAL BODY:  Snail #1 Green Player's Cannonball #1
* This is not the homeworld.
* The celestial boyd's density is 5515 kg/m^3.
* The celestial body's mass is 1000 kg.
* The Earth's mass is 5.972e+24 kg.
* The celestial body's radius is 408.81025153994557 km.
* The celestial body's coordinates are (-173.6774579665109, -6368.632281785021).
* The celestial body's velocity is (8.198987715728466, 9.6280869574821).
* The celestial body's speed is 12.646084691457004 km/s.
* The celestial body's acceleration is (0.0002649696459044729, 0.009819190451070516).
* The celestial body's screen x and y coordinates are (765, 518).
* The celestial body's screen radius is 5.
* The celestial is using a body circle.
<<<17:13:55:244902>>>
* ADDITIONAL INFORMATION FOR Snail #1 Green Player's Cannonball #1:
* This cannonball is active.
* This cannonball is exploding!
<<<17:13:55:244902>>>
* INFORMATION FOR Snail #2 Red Player's CANNONBALLS:
* Cannonballs in memory for Snail #2 Red Player:  0.
* Total cannonballs fired or chambered for Snail #2 Red Player:  0.
<<<17:13:55:244902>>>  Quit through pygame and writing log file...
