<<<12:18:59:845656>>>  Unspecified ERROR in Settings.pick_faraway_object.()
<<<12:18:59:847669>>>  ERROR:  Pix name terran not a valid choice.
<<<12:18:59:848661>>>  Pix\Moons\16.png loaded as pixie for Moon #2 and scaled to body circle...
<<<12:18:59:895880>>>  Enemy Tank Launch angle not within tolerances, adjusting firing solution...
<<<12:18:59:896876>>>  Enemy Tank Launch speed not within tolerances, adjusting firing solution...
<<<12:18:59:896876>>>  Enemy Tank adjusted targeting angle one unit CCW...
<<<12:18:59:913245>>>  Enemy Tank Launch angle not within tolerances, adjusting firing solution...
<<<12:18:59:913245>>>  Enemy Tank Launch speed not within tolerances, adjusting firing solution...
<<<12:18:59:913245>>>  Enemy Tank adjusted targeting angle one unit CCW...
<<<12:18:59:929705>>>  Enemy Tank Launch angle not within tolerances, adjusting firing solution...
<<<12:18:59:929705>>>  Enemy Tank Launch speed not within tolerances, adjusting firing solution...
<<<12:18:59:929705>>>  Enemy Tank adjusted targeting angle one unit CCW...
<<<12:18:59:946845>>>  Enemy Tank Launch angle not within tolerances, adjusting firing solution...
<<<12:18:59:946845>>>  Enemy Tank Launch speed not within tolerances, adjusting firing solution...
<<<12:18:59:946845>>>  Enemy Tank adjusted targeting angle one unit CCW...
<<<12:18:59:963626>>>  Enemy Tank Launch angle not within tolerances, adjusting firing solution...
<<<12:18:59:963626>>>  Enemy Tank Launch speed not within tolerances, adjusting firing solution...
<<<12:18:59:963626>>>  Enemy Tank adjusted targeting angle one unit CCW...
<<<12:18:59:979934>>>  Enemy Tank Launch angle not within tolerances, adjusting firing solution...
<<<12:18:59:979934>>>  Enemy Tank Launch speed not within tolerances, adjusting firing solution...
<<<12:18:59:979934>>>  Enemy Tank adjusted targeting angle one unit CCW...
<<<12:18:59:996475>>>  Enemy Tank Launch angle not within tolerances, adjusting firing solution...
<<<12:18:59:996475>>>  Enemy Tank Launch speed not within tolerances, adjusting firing solution...
<<<12:18:59:996475>>>  Enemy Tank adjusted targeting angle one unit CCW...
<<<12:19:00:014975>>>  Enemy Tank Launch angle not within tolerances, adjusting firing solution...
<<<12:19:00:014975>>>  Enemy Tank Launch speed not within tolerances, adjusting firing solution...
<<<12:19:00:014975>>>  Enemy Tank adjusted targeting angle one unit CCW...
<<<12:19:00:029283>>>  Enemy Tank Launch angle not within tolerances, adjusting firing solution...
<<<12:19:00:029283>>>  Enemy Tank Launch speed not within tolerances, adjusting firing solution...
<<<12:19:00:029283>>>  Enemy Tank adjusted targeting angle one unit CCW...
<<<12:19:00:045223>>>  Enemy Tank Launch angle not within tolerances, adjusting firing solution...
<<<12:19:00:045223>>>  Enemy Tank Launch speed not within tolerances, adjusting firing solution...
<<<12:19:00:045223>>>  Enemy Tank adjusted targeting angle one unit CCW...
<<<12:19:00:063268>>>  Enemy Tank Launch angle not within tolerances, adjusting firing solution...
<<<12:19:00:063268>>>  Enemy Tank Launch speed not within tolerances, adjusting firing solution...
<<<12:19:00:063268>>>  Enemy Tank adjusted targeting angle one unit CCW...
<<<12:19:00:077986>>>  Enemy Tank Launch angle not within tolerances, adjusting firing solution...
<<<12:19:00:077986>>>  Enemy Tank Launch speed not within tolerances, adjusting firing solution...
<<<12:19:00:077986>>>  Enemy Tank adjusted targeting angle one unit CCW...
<<<12:19:00:095747>>>  Enemy Tank Launch angle not within tolerances, adjusting firing solution...
<<<12:19:00:095747>>>  Enemy Tank Launch speed not within tolerances, adjusting firing solution...
<<<12:19:00:095747>>>  Enemy Tank adjusted targeting angle one unit CCW...
<<<12:19:00:112332>>>  Enemy Tank Launch angle not within tolerances, adjusting firing solution...
<<<12:19:00:112332>>>  Enemy Tank Launch speed not within tolerances, adjusting firing solution...
<<<12:19:00:112332>>>  Enemy Tank adjusted targeting angle one unit CCW...
<<<12:19:00:130130>>>  Enemy Tank Launch angle not within tolerances, adjusting firing solution...
<<<12:19:00:130130>>>  Enemy Tank Launch speed not within tolerances, adjusting firing solution...
<<<12:19:00:130130>>>  Enemy Tank adjusted targeting angle one unit CCW...
<<<12:19:00:147167>>>  Enemy Tank Launch angle not within tolerances, adjusting firing solution...
<<<12:19:00:147167>>>  Enemy Tank Launch speed not within tolerances, adjusting firing solution...
<<<12:19:00:147167>>>  Enemy Tank adjusted targeting angle one unit CCW...
<<<12:19:00:163955>>>  Enemy Tank Launch angle not within tolerances, adjusting firing solution...
<<<12:19:00:163955>>>  Enemy Tank Launch speed not within tolerances, adjusting firing solution...
<<<12:19:00:163955>>>  Enemy Tank adjusted targeting angle one unit CCW...
<<<12:19:00:180819>>>  Enemy Tank Launch angle not within tolerances, adjusting firing solution...
<<<12:19:00:180819>>>  Enemy Tank Launch speed not within tolerances, adjusting firing solution...
<<<12:19:00:180819>>>  Enemy Tank adjusted targeting angle one unit CCW...
<<<12:19:00:196431>>>  Enemy Tank Launch angle not within tolerances, adjusting firing solution...
<<<12:19:00:196431>>>  Enemy Tank Launch speed not within tolerances, adjusting firing solution...
<<<12:19:00:196431>>>  Enemy Tank adjusted targeting angle one unit CCW...
<<<12:19:00:214128>>>  Enemy Tank Launch angle not within tolerances, adjusting firing solution...
<<<12:19:00:214128>>>  Enemy Tank Launch speed not within tolerances, adjusting firing solution...
<<<12:19:00:214128>>>  Enemy Tank adjusted targeting angle one unit CCW...
<<<12:19:00:230969>>>  Enemy Tank Launch angle not within tolerances, adjusting firing solution...
<<<12:19:00:231977>>>  Enemy Tank Launch speed not within tolerances, adjusting firing solution...
<<<12:19:00:231977>>>  Enemy Tank adjusted targeting angle one unit CCW...
<<<12:19:00:247556>>>  Enemy Tank Launch angle not within tolerances, adjusting firing solution...
<<<12:19:00:247556>>>  Enemy Tank Launch speed not within tolerances, adjusting firing solution...
<<<12:19:00:247556>>>  Enemy Tank adjusted targeting angle one unit CCW...
<<<12:19:00:264823>>>  Enemy Tank Launch angle not within tolerances, adjusting firing solution...
<<<12:19:00:264823>>>  Enemy Tank Launch speed not within tolerances, adjusting firing solution...
<<<12:19:00:264823>>>  Enemy Tank adjusted targeting angle one unit CCW...
<<<12:19:00:282203>>>  Enemy Tank Launch angle not within tolerances, adjusting firing solution...
<<<12:19:00:282203>>>  Enemy Tank Launch speed not within tolerances, adjusting firing solution...
<<<12:19:00:282203>>>  Enemy Tank adjusted targeting angle one unit CCW...
<<<12:19:00:297661>>>  Enemy Tank Launch angle not within tolerances, adjusting firing solution...
<<<12:19:00:297661>>>  Enemy Tank Launch speed not within tolerances, adjusting firing solution...
<<<12:19:00:297661>>>  Enemy Tank adjusted targeting angle one unit CCW...
<<<12:19:00:314497>>>  Enemy Tank Launch angle not within tolerances, adjusting firing solution...
<<<12:19:00:314497>>>  Enemy Tank Launch speed not within tolerances, adjusting firing solution...
<<<12:19:00:315493>>>  Enemy Tank adjusted targeting angle one unit CCW...
<<<12:19:00:331314>>>  Enemy Tank Launch angle not within tolerances, adjusting firing solution...
<<<12:19:00:331314>>>  Enemy Tank Launch speed not within tolerances, adjusting firing solution...
<<<12:19:00:331314>>>  Enemy Tank adjusted targeting angle one unit CCW...
<<<12:19:00:347887>>>  Enemy Tank Launch angle not within tolerances, adjusting firing solution...
<<<12:19:00:347887>>>  Enemy Tank Launch speed not within tolerances, adjusting firing solution...
<<<12:19:00:347887>>>  Enemy Tank adjusted targeting angle one unit CCW...
<<<12:19:00:364154>>>  Enemy Tank Launch angle not within tolerances, adjusting firing solution...
<<<12:19:00:364154>>>  Enemy Tank Launch speed not within tolerances, adjusting firing solution...
<<<12:19:00:364154>>>  Enemy Tank adjusted targeting angle one unit CCW...
<<<12:19:00:381702>>>  Enemy Tank Launch angle not within tolerances, adjusting firing solution...
<<<12:19:00:381702>>>  Enemy Tank Launch speed not within tolerances, adjusting firing solution...
<<<12:19:00:381702>>>  Enemy Tank adjusted targeting angle one unit CCW...
<<<12:19:00:395408>>>  Enemy Tank Launch angle not within tolerances, adjusting firing solution...
<<<12:19:00:395408>>>  Enemy Tank Launch speed not within tolerances, adjusting firing solution...
<<<12:19:00:395408>>>  Enemy Tank adjusted targeting angle one unit CCW...
<<<12:19:00:411274>>>  Enemy Tank Launch angle not within tolerances, adjusting firing solution...
<<<12:19:00:411274>>>  Enemy Tank Launch speed not within tolerances, adjusting firing solution...
<<<12:19:00:411274>>>  Enemy Tank adjusted targeting angle one unit CCW...
<<<12:19:00:427838>>>  Enemy Tank Launch angle not within tolerances, adjusting firing solution...
<<<12:19:00:427838>>>  Enemy Tank Launch speed not within tolerances, adjusting firing solution...
<<<12:19:00:427838>>>  Enemy Tank adjusted targeting angle one unit CCW...
<<<12:19:00:446018>>>  Enemy Tank Launch angle not within tolerances, adjusting firing solution...
<<<12:19:00:446018>>>  Enemy Tank Launch speed not within tolerances, adjusting firing solution...
<<<12:19:00:446018>>>  Enemy Tank adjusted targeting angle one unit CCW...
<<<12:19:00:462733>>>  Enemy Tank Launch angle not within tolerances, adjusting firing solution...
<<<12:19:00:462733>>>  Enemy Tank Launch speed not within tolerances, adjusting firing solution...
<<<12:19:00:462733>>>  Enemy Tank adjusted targeting angle one unit CCW...
<<<12:19:00:478553>>>  Enemy Tank Launch angle not within tolerances, adjusting firing solution...
<<<12:19:00:478553>>>  Enemy Tank Launch speed not within tolerances, adjusting firing solution...
<<<12:19:00:478553>>>  Enemy Tank adjusted targeting angle one unit CCW...
<<<12:19:00:493723>>>  Enemy Tank Launch angle not within tolerances, adjusting firing solution...
<<<12:19:00:493723>>>  Enemy Tank Launch speed not within tolerances, adjusting firing solution...
<<<12:19:00:493723>>>  Enemy Tank adjusted targeting angle one unit CCW...
<<<12:19:00:511194>>>  Enemy Tank Launch angle not within tolerances, adjusting firing solution...
<<<12:19:00:511194>>>  Enemy Tank Launch speed not within tolerances, adjusting firing solution...
<<<12:19:00:511194>>>  Enemy Tank adjusted targeting angle one unit CCW...
<<<12:19:00:527430>>>  Enemy Tank Launch angle not within tolerances, adjusting firing solution...
<<<12:19:00:527430>>>  Enemy Tank Launch speed not within tolerances, adjusting firing solution...
<<<12:19:00:527430>>>  Enemy Tank adjusted targeting angle one unit CCW...
<<<12:19:00:543127>>>  Enemy Tank Launch angle not within tolerances, adjusting firing solution...
<<<12:19:00:543127>>>  Enemy Tank Launch speed not within tolerances, adjusting firing solution...
<<<12:19:00:543127>>>  Enemy Tank adjusted targeting angle one unit CCW...
<<<12:19:00:559837>>>  Enemy Tank Launch angle not within tolerances, adjusting firing solution...
<<<12:19:00:559837>>>  Enemy Tank Launch speed not within tolerances, adjusting firing solution...
<<<12:19:00:559837>>>  Enemy Tank adjusted targeting angle one unit CCW...
<<<12:19:00:576439>>>  Enemy Tank Launch angle not within tolerances, adjusting firing solution...
<<<12:19:00:576439>>>  Enemy Tank Launch speed not within tolerances, adjusting firing solution...
<<<12:19:00:576439>>>  Enemy Tank adjusted targeting angle one unit CCW...
<<<12:19:00:593466>>>  Enemy Tank Launch angle not within tolerances, adjusting firing solution...
<<<12:19:00:593466>>>  Enemy Tank Launch speed not within tolerances, adjusting firing solution...
<<<12:19:00:593466>>>  Enemy Tank adjusted targeting angle one unit CCW...
<<<12:19:00:609268>>>  Enemy Tank Launch angle not within tolerances, adjusting firing solution...
<<<12:19:00:609268>>>  Enemy Tank Launch speed not within tolerances, adjusting firing solution...
<<<12:19:00:609268>>>  Enemy Tank adjusted targeting angle one unit CCW...
<<<12:19:00:627426>>>  Enemy Tank Launch angle not within tolerances, adjusting firing solution...
<<<12:19:00:627426>>>  Enemy Tank Launch speed not within tolerances, adjusting firing solution...
<<<12:19:00:627426>>>  Enemy Tank adjusted targeting angle one unit CCW...
<<<12:19:00:642964>>>  Enemy Tank Launch angle not within tolerances, adjusting firing solution...
<<<12:19:00:642964>>>  Enemy Tank Launch speed not within tolerances, adjusting firing solution...
<<<12:19:00:642964>>>  Enemy Tank adjusted targeting angle one unit CCW...
<<<12:19:00:658554>>>  Enemy Tank Launch angle not within tolerances, adjusting firing solution...
<<<12:19:00:658554>>>  Enemy Tank Launch speed not within tolerances, adjusting firing solution...
<<<12:19:00:658554>>>  Enemy Tank adjusted targeting angle one unit CCW...
<<<12:19:00:675225>>>  Enemy Tank Launch angle not within tolerances, adjusting firing solution...
<<<12:19:00:675225>>>  Enemy Tank Launch speed not within tolerances, adjusting firing solution...
<<<12:19:00:675225>>>  Enemy Tank adjusted targeting angle one unit CCW...
<<<12:19:00:691889>>>  Enemy Tank Launch angle not within tolerances, adjusting firing solution...
<<<12:19:00:691889>>>  Enemy Tank Launch speed not within tolerances, adjusting firing solution...
<<<12:19:00:691889>>>  Enemy Tank adjusted targeting angle one unit CCW...
<<<12:19:00:707764>>>  Enemy Tank Launch angle not within tolerances, adjusting firing solution...
<<<12:19:00:707764>>>  Enemy Tank Launch speed not within tolerances, adjusting firing solution...
<<<12:19:00:707764>>>  Enemy Tank adjusted targeting angle one unit CCW...
<<<12:19:00:723438>>>  Enemy Tank Launch angle not within tolerances, adjusting firing solution...
<<<12:19:00:723438>>>  Enemy Tank Launch speed not within tolerances, adjusting firing solution...
<<<12:19:00:723438>>>  Enemy Tank adjusted targeting angle one unit CCW...
<<<12:19:00:739848>>>  Enemy Tank Launch angle not within tolerances, adjusting firing solution...
<<<12:19:00:740270>>>  Enemy Tank Launch speed not within tolerances, adjusting firing solution...
<<<12:19:00:740270>>>  Enemy Tank adjusted targeting angle one unit CCW...
<<<12:19:00:755644>>>  Enemy Tank increased launch speed one unit...
<<<12:19:00:771243>>>  Enemy Tank increased launch speed one unit...
<<<12:19:00:788874>>>  Enemy Tank increased launch speed one unit...
<<<12:19:00:804763>>>  Enemy Tank increased launch speed one unit...
<<<12:19:00:821572>>>  Enemy Tank increased launch speed one unit...
<<<12:19:00:837949>>>  Enemy Tank increased launch speed one unit...
<<<12:19:00:852954>>>  Enemy Tank increased launch speed one unit...
<<<12:19:00:869106>>>  Enemy Tank increased launch speed one unit...
<<<12:19:00:886755>>>  Enemy Tank increased launch speed one unit...
<<<12:19:00:904637>>>  Enemy Tank increased launch speed one unit...
<<<12:19:00:920114>>>  Enemy Tank increased launch speed one unit...
<<<12:19:00:936885>>>  Enemy Tank increased launch speed one unit...
<<<12:19:00:951763>>>  Enemy Tank increased launch speed one unit...
<<<12:19:00:968667>>>  Enemy Tank increased launch speed one unit...
<<<12:19:00:984507>>>  Enemy Tank increased launch speed one unit...
<<<12:19:01:001149>>>  Enemy Tank increased launch speed one unit...
<<<12:19:01:017290>>>  Enemy Tank increased launch speed one unit...
<<<12:19:01:033452>>>  Enemy Tank increased launch speed one unit...
<<<12:19:01:050189>>>  Enemy Tank increased launch speed one unit...
<<<12:19:01:067032>>>  Enemy Tank increased launch speed one unit...
<<<12:19:01:084322>>>  Enemy Tank increased launch speed one unit...
<<<12:19:01:101374>>>  Enemy Tank increased launch speed one unit...
<<<12:19:01:118534>>>  Enemy Tank increased launch speed one unit...
<<<12:19:01:134020>>>  Enemy Tank increased launch speed one unit...
<<<12:19:01:152209>>>  Enemy Tank increased launch speed one unit...
<<<12:19:01:168479>>>  Enemy Tank increased launch speed one unit...
<<<12:19:01:183798>>>  Enemy Tank increased launch speed one unit...
<<<12:19:01:200399>>>  Enemy Tank increased launch speed one unit...
<<<12:19:01:217408>>>  Enemy Tank increased launch speed one unit...
<<<12:19:01:233485>>>  Enemy Tank increased launch speed one unit...
<<<12:19:01:249789>>>  Enemy Tank increased launch speed one unit...
<<<12:19:01:265566>>>  Enemy Tank increased launch speed one unit...
<<<12:19:01:282056>>>  Enemy Tank increased launch speed one unit...
<<<12:19:01:297828>>>  Enemy Tank increased launch speed one unit...
<<<12:19:01:312783>>>  Enemy Tank increased launch speed one unit...
<<<12:19:01:329915>>>  Enemy Tank increased launch speed one unit...
<<<12:19:01:345250>>>  Enemy Tank increased launch speed one unit...
<<<12:19:01:363026>>>  Enemy Tank increased launch speed one unit...
<<<12:19:01:378557>>>  Enemy Tank increased launch speed one unit...
<<<12:19:01:394172>>>  Enemy Tank increased launch speed one unit...
<<<12:19:01:411892>>>  Enemy Tank increased launch speed one unit...
<<<12:19:01:427412>>>  Enemy Tank increased launch speed one unit...
<<<12:19:01:445386>>>  Enemy Tank increased launch speed one unit...
<<<12:19:01:462397>>>  Enemy Tank increased launch speed one unit...
<<<12:19:01:478517>>>  Enemy Tank firing solution within tolerances, not adjusting firing solution...
<<<12:19:01:478517>>>  Enemy Tank attempting to fire cannonball...
<<<12:19:01:495155>>>  Enemy Tank chose to move to 5.468, cururently at 4.7124.
<<<12:19:01:495155>>>  Enemy Tank not at target position, moving...
<<<12:19:01:512523>>>
* INFORMATION FOR Player Tank's CANNONBALLS:
* Cannonballs in memory for Player Tank:  0.
* Total cannonballs fired or chambered for Player Tank:  0.
<<<12:19:01:512523>>>
* INFORMATION FOR Enemy Tank's CANNONBALLS:
* Cannonballs in memory for Enemy Tank:  1.
* Total cannonballs fired or chambered for Enemy Tank:  1.
<<<12:19:01:512523>>>
* CURRENT VALUES FOR CELESTIAL BODY:  Enemy Tank's Cannonball #1
* This is not the homeworld.
* The celestial boyd's density is 5515 kg/m^3.
* The celestial body's mass is 1000 kg.
* The Earth's mass is 5.972e+24 kg.
* The celestial body's radius is 0.001 km.
* The celestial body's coordinates are (165.72960676893808, -6497.565319903023).
* The celestial body's velocity is (8.272288491968595, -6.252733452505846).
* The celestial body's speed is 10.369543505981435 km/s.
* The celestial body's acceleration is (-0.00013067816117915893, 0.009639287078466424).
* The celestial body's screen x and y coordinates are (s802, 541).
* The celestial body's screen radius is 2.
<<<12:19:01:512523>>>
* ADDITIONAL INFORMATION FOR Enemy Tank's Cannonball #1:
* This cannonball is active.
<<<12:19:01:512523>>>  Quit through pygame and writing log file...
