<<<15:49:07:396488>>>
* Screen coordinates (100, 112) choosen in zone #1.
* Screen dimensions are 1600 wide by 900 high.
* Minimum (x, y) are (0, 0).
* Maximum (x, y) are (266, 150).
* Mid (x, y) are (133, 75).
<<<15:49:07:396488>>>  Image at Pix\Faraway_Objects\Comets\1.png choosen for background...
<<<15:49:07:396488>>>
* Screen coordinates (1513, 604) choosen in zone #4.
* Screen dimensions are 1600 wide by 900 high.
* Minimum (x, y) are (1333, 150).
* Maximum (x, y) are (1600, 750).
* Mid (x, y) are (1466, 450).
<<<15:49:07:396488>>>  Image at Pix\Faraway_Objects\Nebulae\1.png choosen for background...
<<<15:49:07:397791>>>
* Screen coordinates (759, 847) choosen in zone #6.
* Screen dimensions are 1600 wide by 900 high.
* Minimum (x, y) are (266, 750).
* Maximum (x, y) are (1333, 900).
* Mid (x, y) are (799, 825).
<<<15:49:07:397791>>>  Image at Pix\Faraway_Objects\Gas_Giants\8.png choosen for background...
<<<15:49:07:401692>>>  Pix\Homeworlds\Forest\11.png loaded as pixie for Earth and scaled to body circle...
<<<15:49:07:401692>>>  Image at Pix\Homeworlds\Forest\11.png chosen as homeworld pix for Earth's...
<<<15:49:07:401692>>>  Pix\Moons\5.png loaded as pixie for Moon #2 and scaled to body circle...
<<<15:49:07:432384>>>  Tank #1 Green Player Tank successfully created!
<<<15:49:07:464368>>>  Tank #2 Red AI Tank successfully created!
<<<15:49:07:497603>>>  Tank #3 Yellow AI Tank successfully created!
<<<15:49:07:502064>>>
* *** Tank #2 Red AI Tank USING CLEAR SKIES FUNCTION ***
* Moon #2 at (11402.504702567503, 5686.621664383535), angle 0.46262059291172697 rads.
* Tank #2 Red AI Tank at (-5517.44784751066, -3185.499999999998), angle 3.665191429188092.
* Angle Between is 3.080614470903221 rads.
<<<15:49:07:502064>>>  Tank #2 Red AI Tank saw no celestials or cannonballs above their heads and is casting Gravity...
<<<15:49:07:502064>>>
* *** Tank #3 Yellow AI Tank USING CLEAR SKIES FUNCTION ***
* Moon #2 at (11402.504702567503, 5686.621664383535), angle 0.46262059291172697 rads.
* Tank #3 Yellow AI Tank at (5517.447847510657, -3185.5000000000027), angle 5.759586531581287.
* Angle Between is 0.9862193685100262 rads.
* The skies are NOT clear, Tank #3 Yellow AI Tank shouldn't use Gravity...
<<<15:49:07:630235>>>  Tank #3 Yellow AI Tank chose to shoot...
<<<15:49:07:760779>>>  Tank #3 Yellow AI Tank is checking targeting info...
<<<15:49:07:760779>>>  Tank #3 Yellow AI Tank Launch angle not within tolerances, adjusting firing solution...
<<<15:49:07:760779>>>  Tank #3 Yellow AI Tank Launch speed not within tolerances, adjusting firing solution...
<<<15:49:07:760779>>>  Tank #3 Yellow AI Tank adjusted targeting angle one unit CCW...
<<<15:49:07:890332>>>  Tank #3 Yellow AI Tank is checking targeting info...
<<<15:49:07:890332>>>  Tank #3 Yellow AI Tank Launch angle not within tolerances, adjusting firing solution...
<<<15:49:07:890332>>>  Tank #3 Yellow AI Tank Launch speed not within tolerances, adjusting firing solution...
<<<15:49:07:890332>>>  Tank #3 Yellow AI Tank adjusted targeting angle one unit CCW...
<<<15:49:08:167809>>>  Tank #2 Red AI Tank chose to shoot...
<<<15:49:08:167809>>>  Deleting effect pixie gravity...
<<<15:49:08:167809>>>  Tank #2 Red AI Tank is checking targeting info...
<<<15:49:08:167809>>>  Tank #2 Red AI Tank Launch angle not within tolerances, adjusting firing solution...
<<<15:49:08:167809>>>  Tank #2 Red AI Tank Launch speed not within tolerances, adjusting firing solution...
<<<15:49:08:167809>>>  Tank #2 Red AI Tank adjusted targeting angle one unit CCW...
<<<15:49:10:929520>>>  Tank #2 Red AI Tank is checking targeting info...
<<<15:49:10:929520>>>  Tank #2 Red AI Tank Launch angle not within tolerances, adjusting firing solution...
<<<15:49:10:929520>>>  Tank #2 Red AI Tank Launch speed not within tolerances, adjusting firing solution...
<<<15:49:10:929520>>>  Tank #2 Red AI Tank adjusted targeting angle one unit CCW...
<<<15:49:10:929520>>>  Tank #3 Yellow AI Tank is checking targeting info...
<<<15:49:10:929520>>>  Tank #3 Yellow AI Tank Launch angle not within tolerances, adjusting firing solution...
<<<15:49:10:929520>>>  Tank #3 Yellow AI Tank Launch speed not within tolerances, adjusting firing solution...
<<<15:49:10:929520>>>  Tank #3 Yellow AI Tank adjusted targeting angle one unit CCW...
<<<15:49:11:058750>>>  Tank #2 Red AI Tank is checking targeting info...
<<<15:49:11:058750>>>  Tank #2 Red AI Tank Launch angle not within tolerances, adjusting firing solution...
<<<15:49:11:058750>>>  Tank #2 Red AI Tank Launch speed not within tolerances, adjusting firing solution...
<<<15:49:11:058750>>>  Tank #2 Red AI Tank adjusted targeting angle one unit CCW...
<<<15:49:11:058750>>>  Tank #3 Yellow AI Tank is checking targeting info...
<<<15:49:11:058750>>>  Tank #3 Yellow AI Tank Launch angle not within tolerances, adjusting firing solution...
<<<15:49:11:058750>>>  Tank #3 Yellow AI Tank Launch speed not within tolerances, adjusting firing solution...
<<<15:49:11:058750>>>  Tank #3 Yellow AI Tank adjusted targeting angle one unit CCW...
<<<15:49:11:189511>>>  Tank #2 Red AI Tank is checking targeting info...
<<<15:49:11:189511>>>  Tank #2 Red AI Tank Launch angle not within tolerances, adjusting firing solution...
<<<15:49:11:189511>>>  Tank #2 Red AI Tank Launch speed not within tolerances, adjusting firing solution...
<<<15:49:11:189511>>>  Tank #2 Red AI Tank adjusted targeting angle one unit CCW...
<<<15:49:11:189511>>>  Tank #3 Yellow AI Tank is checking targeting info...
<<<15:49:11:189511>>>  Tank #3 Yellow AI Tank Launch angle not within tolerances, adjusting firing solution...
<<<15:49:11:189511>>>  Tank #3 Yellow AI Tank Launch speed not within tolerances, adjusting firing solution...
<<<15:49:11:189511>>>  Tank #3 Yellow AI Tank adjusted targeting angle one unit CCW...
<<<15:49:11:286655>>>  Deleting effect pixie Tank #2 Red AI Tank thawing...
<<<15:49:11:286655>>>  Deleting effect pixie Tank #3 Yellow AI Tank thawing...
<<<15:49:11:319787>>>  Tank #2 Red AI Tank is checking targeting info...
<<<15:49:11:319787>>>  Tank #2 Red AI Tank Launch angle not within tolerances, adjusting firing solution...
<<<15:49:11:319787>>>  Tank #2 Red AI Tank Launch speed not within tolerances, adjusting firing solution...
<<<15:49:11:319787>>>  Tank #2 Red AI Tank adjusted targeting angle one unit CCW...
<<<15:49:11:319787>>>  Tank #3 Yellow AI Tank is checking targeting info...
<<<15:49:11:319787>>>  Tank #3 Yellow AI Tank Launch angle not within tolerances, adjusting firing solution...
<<<15:49:11:319787>>>  Tank #3 Yellow AI Tank Launch speed not within tolerances, adjusting firing solution...
<<<15:49:11:319787>>>  Tank #3 Yellow AI Tank adjusted targeting angle one unit CCW...
<<<15:49:11:451560>>>  Tank #2 Red AI Tank is checking targeting info...
<<<15:49:11:451560>>>  Tank #2 Red AI Tank Launch angle not within tolerances, adjusting firing solution...
<<<15:49:11:451560>>>  Tank #2 Red AI Tank Launch speed not within tolerances, adjusting firing solution...
<<<15:49:11:451560>>>  Tank #2 Red AI Tank adjusted targeting angle one unit CCW...
<<<15:49:11:451560>>>  Tank #3 Yellow AI Tank is checking targeting info...
<<<15:49:11:451560>>>  Tank #3 Yellow AI Tank Launch angle not within tolerances, adjusting firing solution...
<<<15:49:11:451560>>>  Tank #3 Yellow AI Tank Launch speed not within tolerances, adjusting firing solution...
<<<15:49:11:451560>>>  Tank #3 Yellow AI Tank adjusted targeting angle one unit CCW...
<<<15:49:11:583564>>>  Tank #2 Red AI Tank is checking targeting info...
<<<15:49:11:583564>>>  Tank #2 Red AI Tank Launch angle not within tolerances, adjusting firing solution...
<<<15:49:11:583564>>>  Tank #2 Red AI Tank Launch speed not within tolerances, adjusting firing solution...
<<<15:49:11:583564>>>  Tank #2 Red AI Tank adjusted targeting angle one unit CCW...
<<<15:49:11:583564>>>  Tank #3 Yellow AI Tank is checking targeting info...
<<<15:49:11:583564>>>  Tank #3 Yellow AI Tank Launch angle not within tolerances, adjusting firing solution...
<<<15:49:11:583564>>>  Tank #3 Yellow AI Tank Launch speed not within tolerances, adjusting firing solution...
<<<15:49:11:583564>>>  Tank #3 Yellow AI Tank adjusted targeting angle one unit CCW...
<<<15:49:11:711430>>>  Tank #2 Red AI Tank is checking targeting info...
<<<15:49:11:711430>>>  Tank #2 Red AI Tank Launch angle not within tolerances, adjusting firing solution...
<<<15:49:11:711430>>>  Tank #2 Red AI Tank Launch speed not within tolerances, adjusting firing solution...
<<<15:49:11:711430>>>  Tank #2 Red AI Tank adjusted targeting angle one unit CCW...
<<<15:49:11:711430>>>  Tank #3 Yellow AI Tank is checking targeting info...
<<<15:49:11:711430>>>  Tank #3 Yellow AI Tank Launch angle not within tolerances, adjusting firing solution...
<<<15:49:11:711430>>>  Tank #3 Yellow AI Tank Launch speed not within tolerances, adjusting firing solution...
<<<15:49:11:711430>>>  Tank #3 Yellow AI Tank adjusted targeting angle one unit CCW...
<<<15:49:11:841177>>>  Tank #2 Red AI Tank is checking targeting info...
<<<15:49:11:841177>>>  Tank #2 Red AI Tank Launch angle not within tolerances, adjusting firing solution...
<<<15:49:11:841177>>>  Tank #2 Red AI Tank Launch speed not within tolerances, adjusting firing solution...
<<<15:49:11:841177>>>  Tank #2 Red AI Tank adjusted targeting angle one unit CCW...
<<<15:49:11:841177>>>  Tank #3 Yellow AI Tank is checking targeting info...
<<<15:49:11:841177>>>  Tank #3 Yellow AI Tank Launch angle not within tolerances, adjusting firing solution...
<<<15:49:11:841177>>>  Tank #3 Yellow AI Tank Launch speed not within tolerances, adjusting firing solution...
<<<15:49:11:841177>>>  Tank #3 Yellow AI Tank adjusted targeting angle one unit CCW...
<<<15:49:11:971565>>>  Tank #2 Red AI Tank is checking targeting info...
<<<15:49:11:971565>>>  Tank #2 Red AI Tank Launch angle not within tolerances, adjusting firing solution...
<<<15:49:11:971565>>>  Tank #2 Red AI Tank Launch speed not within tolerances, adjusting firing solution...
<<<15:49:11:971565>>>  Tank #2 Red AI Tank adjusted targeting angle one unit CCW...
<<<15:49:11:971565>>>  Tank #3 Yellow AI Tank is checking targeting info...
<<<15:49:11:971565>>>  Tank #3 Yellow AI Tank Launch angle not within tolerances, adjusting firing solution...
<<<15:49:11:971565>>>  Tank #3 Yellow AI Tank Launch speed not within tolerances, adjusting firing solution...
<<<15:49:11:971565>>>  Tank #3 Yellow AI Tank adjusted targeting angle one unit CCW...
<<<15:49:12:103003>>>  Tank #2 Red AI Tank is checking targeting info...
<<<15:49:12:103003>>>  Tank #2 Red AI Tank Launch angle not within tolerances, adjusting firing solution...
<<<15:49:12:103003>>>  Tank #2 Red AI Tank Launch speed not within tolerances, adjusting firing solution...
<<<15:49:12:103003>>>  Tank #2 Red AI Tank adjusted targeting angle one unit CCW...
<<<15:49:12:103003>>>  Tank #3 Yellow AI Tank is checking targeting info...
<<<15:49:12:103003>>>  Tank #3 Yellow AI Tank Launch angle not within tolerances, adjusting firing solution...
<<<15:49:12:103003>>>  Tank #3 Yellow AI Tank Launch speed not within tolerances, adjusting firing solution...
<<<15:49:12:103003>>>  Tank #3 Yellow AI Tank adjusted targeting angle one unit CCW...
<<<15:49:12:235322>>>  Tank #2 Red AI Tank is checking targeting info...
<<<15:49:12:235322>>>  Tank #2 Red AI Tank Launch angle not within tolerances, adjusting firing solution...
<<<15:49:12:235322>>>  Tank #2 Red AI Tank Launch speed not within tolerances, adjusting firing solution...
<<<15:49:12:235322>>>  Tank #2 Red AI Tank adjusted targeting angle one unit CCW...
<<<15:49:12:235322>>>  Tank #3 Yellow AI Tank is checking targeting info...
<<<15:49:12:235322>>>  Tank #3 Yellow AI Tank Launch angle not within tolerances, adjusting firing solution...
<<<15:49:12:235322>>>  Tank #3 Yellow AI Tank Launch speed not within tolerances, adjusting firing solution...
<<<15:49:12:235322>>>  Tank #3 Yellow AI Tank adjusted targeting angle one unit CCW...
<<<15:49:12:368600>>>  Tank #2 Red AI Tank is checking targeting info...
<<<15:49:12:368600>>>  Tank #2 Red AI Tank Launch angle not within tolerances, adjusting firing solution...
<<<15:49:12:368600>>>  Tank #2 Red AI Tank Launch speed not within tolerances, adjusting firing solution...
<<<15:49:12:368600>>>  Tank #2 Red AI Tank adjusted targeting angle one unit CCW...
<<<15:49:12:368600>>>  Tank #3 Yellow AI Tank is checking targeting info...
<<<15:49:12:368600>>>  Tank #3 Yellow AI Tank Launch angle not within tolerances, adjusting firing solution...
<<<15:49:12:368600>>>  Tank #3 Yellow AI Tank Launch speed not within tolerances, adjusting firing solution...
<<<15:49:12:368600>>>  Tank #3 Yellow AI Tank adjusted targeting angle one unit CCW...
<<<15:49:12:499859>>>  Tank #2 Red AI Tank is checking targeting info...
<<<15:49:12:499859>>>  Tank #2 Red AI Tank Launch angle not within tolerances, adjusting firing solution...
<<<15:49:12:499859>>>  Tank #2 Red AI Tank Launch speed not within tolerances, adjusting firing solution...
<<<15:49:12:499859>>>  Tank #2 Red AI Tank adjusted targeting angle one unit CCW...
<<<15:49:12:499859>>>  Tank #3 Yellow AI Tank is checking targeting info...
<<<15:49:12:499859>>>  Tank #3 Yellow AI Tank Launch angle not within tolerances, adjusting firing solution...
<<<15:49:12:499859>>>  Tank #3 Yellow AI Tank Launch speed not within tolerances, adjusting firing solution...
<<<15:49:12:499859>>>  Tank #3 Yellow AI Tank adjusted targeting angle one unit CCW...
<<<15:49:12:583045>>>
* INFORMATION FOR Tank #1 Green Player Tank's CANNONBALLS:
* Cannonballs in memory for Tank #1 Green Player Tank:  0.
* Total cannonballs fired or chambered for Tank #1 Green Player Tank:  0.
<<<15:49:12:583045>>>
* INFORMATION FOR Tank #2 Red AI Tank's CANNONBALLS:
* Cannonballs in memory for Tank #2 Red AI Tank:  1.
* Total cannonballs fired or chambered for Tank #2 Red AI Tank:  1.
<<<15:49:12:583045>>>
* CURRENT VALUES FOR CELESTIAL BODY:  Tank #2 Red AI Tank's Cannonball #1
* This is not the homeworld.
* The celestial boyd's density is 5515 kg/m^3.
* The celestial body's mass is 1000 kg.
* The Earth's mass is 5.972e+24 kg.
* The celestial body's radius is 0.001 km.
* The celestial body's coordinates are (-5607.109710885381, -3311.474700613279).
* The celestial body's velocity is (-4.8334070995678715, -2.7903205943635707).
* The celestial body's speed is 5.581013636382067 km/s.
* The celestial body's acceleration is (0, 0).
* The celestial body's screen x and y coordinates are (720, 496).
* The celestial body's screen radius is 2.
* The celestial is using a body circle.
<<<15:49:12:583045>>>
* ADDITIONAL INFORMATION FOR Tank #2 Red AI Tank's Cannonball #1:
* This cannonball is chambered.
<<<15:49:12:583045>>>
* INFORMATION FOR Tank #3 Yellow AI Tank's CANNONBALLS:
* Cannonballs in memory for Tank #3 Yellow AI Tank:  1.
* Total cannonballs fired or chambered for Tank #3 Yellow AI Tank:  1.
<<<15:49:12:583045>>>
* CURRENT VALUES FOR CELESTIAL BODY:  Tank #3 Yellow AI Tank's Cannonball #1
* This is not the homeworld.
* The celestial boyd's density is 5515 kg/m^3.
* The celestial body's mass is 1000 kg.
* The Earth's mass is 5.972e+24 kg.
* The celestial body's radius is 0.001 km.
* The celestial body's coordinates are (5425.529559128039, -3312.7528199021212).
* The celestial body's velocity is (4.846740122051754, -2.7956333967635465).
* The celestial body's speed is 5.5952172343713285 km/s.
* The celestial body's acceleration is (0, 0).
* The celestial body's screen x and y coordinates are (876, 496).
* The celestial body's screen radius is 2.
* The celestial is using a body circle.
<<<15:49:12:583045>>>
* ADDITIONAL INFORMATION FOR Tank #3 Yellow AI Tank's Cannonball #1:
* This cannonball is chambered.
<<<15:49:12:583045>>>  Quit through pygame and writing log file...
