<<<17:24:12:568321>>>  Pix\Homeworlds\Tundra\5.png loaded as pixie for Earth...
<<<17:24:12:569325>>>  Image at Pix\Homeworlds\Tundra\5.png chosen as homeworld pix for Earth's...
<<<17:24:12:642135>>>  Pix\Snails\Green_Snail\Spells\Spellready_Icon\spellready.png returned as pixie for Snail #1 Green Player...
<<<17:24:12:643092>>>  Pix\Magic\Scroll\scroll.png returned as pixie for Snail #1 Green Player...
<<<17:24:12:643092>>>  Snail #1 Green Player successfully created!
<<<17:24:12:714488>>>  Pix\Snails\Red_Snail\Spells\Spellready_Icon\spellready.png returned as pixie for Snail #2 Red Player...
<<<17:24:12:714488>>>  Pix\Magic\Scroll\scroll.png returned as pixie for Snail #2 Red Player...
<<<17:24:12:714488>>>  Snail #2 Red Player successfully created!
<<<17:24:12:782034>>>  Snail #1 Green Player chambered cannonball...
<<<17:24:12:782034>>>
* CURRENT VALUES FOR CELESTIAL BODY:  Snail #1 Green Player's Cannonball #1
* This is not the homeworld.
* The celestial boyd's density is 5515 kg/m^3.
* The celestial body's mass is 1000 kg.
* The Earth's mass is 5.972e+24 kg.
* The celestial body's radius is 0.001 km.
* The celestial body's coordinates are (3.9011123786838936e-13, 6371.0).
* The celestial body's velocity is (3.4251817985155435e-16, 5.5937463779765535).
* The celestial body's speed is 5.5937463779765535 km/s.
* The celestial body's acceleration is (0, 0).
* The celestial body's screen x and y coordinates are (768, 345).
* The celestial body's screen radius is 2.
* The celestial is using a body circle.
<<<17:24:12:782034>>>
* ADDITIONAL INFORMATION FOR Snail #1 Green Player's Cannonball #1:
* This cannonball is chambered.
<<<17:25:12:232382>>>  Snail #2 Red Player has been hit by Snail #1 Green Player's Cannonball #1!
<<<17:25:12:232382>>>  Snail #2 Red Player is dying!
<<<17:25:12:249118>>>  Snail #2 Red Player has been hit by Snail #1 Green Player's Cannonball #1!
<<<17:25:12:265834>>>  Snail #2 Red Player has been hit by Snail #1 Green Player's Cannonball #1!
<<<17:25:12:283328>>>  Snail #2 Red Player has been hit by Snail #1 Green Player's Cannonball #1!
<<<17:25:12:300368>>>  Snail #2 Red Player has been hit by Snail #1 Green Player's Cannonball #1!
<<<17:25:12:316909>>>  Snail #2 Red Player has been hit by Snail #1 Green Player's Cannonball #1!
<<<17:25:12:333579>>>  Snail #2 Red Player has been hit by Snail #1 Green Player's Cannonball #1!
<<<17:25:12:349889>>>  Snail #2 Red Player has been hit by Snail #1 Green Player's Cannonball #1!
<<<17:25:12:367197>>>  Snail #2 Red Player has been hit by Snail #1 Green Player's Cannonball #1!
<<<17:25:12:383789>>>  Snail #2 Red Player has been hit by Snail #1 Green Player's Cannonball #1!
<<<17:25:12:401682>>>  Snail #2 Red Player has been hit by Snail #1 Green Player's Cannonball #1!
<<<17:25:12:418592>>>  Snail #2 Red Player has been hit by Snail #1 Green Player's Cannonball #1!
<<<17:25:12:434654>>>  Snail #2 Red Player has been hit by Snail #1 Green Player's Cannonball #1!
<<<17:25:12:451878>>>  Snail #2 Red Player has been hit by Snail #1 Green Player's Cannonball #1!
<<<17:25:12:469355>>>  Snail #2 Red Player has been hit by Snail #1 Green Player's Cannonball #1!
<<<17:25:12:486269>>>  Snail #2 Red Player has been hit by Snail #1 Green Player's Cannonball #1!
<<<17:25:12:502366>>>  Snail #2 Red Player has been hit by Snail #1 Green Player's Cannonball #1!
<<<17:25:12:518680>>>  Snail #2 Red Player has been hit by Snail #1 Green Player's Cannonball #1!
<<<17:25:12:536442>>>  Snail #2 Red Player has been hit by Snail #1 Green Player's Cannonball #1!
<<<17:25:12:552689>>>  Snail #2 Red Player has been hit by Snail #1 Green Player's Cannonball #1!
<<<17:25:12:569951>>>  Snail #2 Red Player has been hit by Snail #1 Green Player's Cannonball #1!
<<<17:25:12:586437>>>  Snail #2 Red Player has been hit by Snail #1 Green Player's Cannonball #1!
<<<17:25:12:602690>>>  Snail #2 Red Player has been hit by Snail #1 Green Player's Cannonball #1!
<<<17:25:12:620368>>>  Snail #2 Red Player has been hit by Snail #1 Green Player's Cannonball #1!
<<<17:25:12:636800>>>  Snail #2 Red Player has been hit by Snail #1 Green Player's Cannonball #1!
<<<17:25:12:653210>>>  Snail #2 Red Player has been hit by Snail #1 Green Player's Cannonball #1!
<<<17:25:12:669611>>>  Snail #2 Red Player has been hit by Snail #1 Green Player's Cannonball #1!
<<<17:25:12:687184>>>  Snail #2 Red Player has been hit by Snail #1 Green Player's Cannonball #1!
<<<17:25:12:703058>>>  Snail #2 Red Player has been hit by Snail #1 Green Player's Cannonball #1!
<<<17:25:12:719294>>>  Snail #2 Red Player has been hit by Snail #1 Green Player's Cannonball #1!
<<<17:25:12:735996>>>  Snail #2 Red Player has been hit by Snail #1 Green Player's Cannonball #1!
<<<17:25:12:752776>>>  Snail #2 Red Player has been hit by Snail #1 Green Player's Cannonball #1!
<<<17:25:12:770527>>>  Snail #2 Red Player has been hit by Snail #1 Green Player's Cannonball #1!
<<<17:25:12:786410>>>  Snail #2 Red Player has been hit by Snail #1 Green Player's Cannonball #1!
<<<17:25:12:802663>>>  Snail #2 Red Player has been hit by Snail #1 Green Player's Cannonball #1!
<<<17:25:12:819920>>>  Snail #2 Red Player has been hit by Snail #1 Green Player's Cannonball #1!
<<<17:25:12:835853>>>  Snail #2 Red Player has been hit by Snail #1 Green Player's Cannonball #1!
<<<17:25:12:852898>>>  Snail #2 Red Player has been hit by Snail #1 Green Player's Cannonball #1!
<<<17:25:12:869120>>>  Snail #2 Red Player has been hit by Snail #1 Green Player's Cannonball #1!
<<<17:25:12:885711>>>  Snail #2 Red Player has been hit by Snail #1 Green Player's Cannonball #1!
<<<17:25:12:903054>>>  Snail #2 Red Player has been hit by Snail #1 Green Player's Cannonball #1!
<<<17:25:12:918875>>>  Snail #2 Red Player has been hit by Snail #1 Green Player's Cannonball #1!
<<<17:25:12:936101>>>  Snail #2 Red Player has been hit by Snail #1 Green Player's Cannonball #1!
<<<17:25:12:952631>>>  Snail #2 Red Player has been hit by Snail #1 Green Player's Cannonball #1!
<<<17:25:12:970500>>>  Snail #2 Red Player has been hit by Snail #1 Green Player's Cannonball #1!
<<<17:25:12:987023>>>  Snail #2 Red Player has been hit by Snail #1 Green Player's Cannonball #1!
<<<17:25:13:003043>>>  Snail #2 Red Player has been hit by Snail #1 Green Player's Cannonball #1!
<<<17:25:13:019387>>>  Snail #2 Red Player has been hit by Snail #1 Green Player's Cannonball #1!
<<<17:25:13:035543>>>  Snail #2 Red Player has been hit by Snail #1 Green Player's Cannonball #1!
<<<17:25:13:051712>>>  Snail #2 Red Player has been hit by Snail #1 Green Player's Cannonball #1!
<<<17:25:13:068532>>>  Snail #2 Red Player has been hit by Snail #1 Green Player's Cannonball #1!
<<<17:25:13:084891>>>  Snail #2 Red Player has been hit by Snail #1 Green Player's Cannonball #1!
<<<17:25:13:101752>>>  Snail #2 Red Player has been hit by Snail #1 Green Player's Cannonball #1!
<<<17:25:13:118372>>>  Snail #2 Red Player has been hit by Snail #1 Green Player's Cannonball #1!
<<<17:25:13:134452>>>  Snail #2 Red Player has been hit by Snail #1 Green Player's Cannonball #1!
<<<17:25:13:150714>>>  Snail #2 Red Player has been hit by Snail #1 Green Player's Cannonball #1!
<<<17:25:13:168444>>>  Snail #2 Red Player has been hit by Snail #1 Green Player's Cannonball #1!
<<<17:25:13:184474>>>  Snail #2 Red Player has been hit by Snail #1 Green Player's Cannonball #1!
<<<17:25:13:200373>>>  Snail #2 Red Player has been hit by Snail #1 Green Player's Cannonball #1!
<<<17:25:13:216292>>>  Snail #2 Red Player has been hit by Snail #1 Green Player's Cannonball #1!
<<<17:25:13:232981>>>  Snail #2 Red Player has been hit by Snail #1 Green Player's Cannonball #1!
<<<17:25:13:249221>>>  Snail #2 Red Player has been hit by Snail #1 Green Player's Cannonball #1!
<<<17:25:13:265858>>>  Snail #2 Red Player has been hit by Snail #1 Green Player's Cannonball #1!
<<<17:25:13:282369>>>  Snail #2 Red Player has been hit by Snail #1 Green Player's Cannonball #1!
<<<17:25:13:299468>>>  Snail #2 Red Player has been hit by Snail #1 Green Player's Cannonball #1!
<<<17:25:13:315396>>>  Snail #2 Red Player has been hit by Snail #1 Green Player's Cannonball #1!
<<<17:25:13:331535>>>  Snail #2 Red Player has been hit by Snail #1 Green Player's Cannonball #1!
<<<17:25:13:348094>>>  Snail #2 Red Player has been hit by Snail #1 Green Player's Cannonball #1!
<<<17:25:13:364163>>>  Snail #2 Red Player has been hit by Snail #1 Green Player's Cannonball #1!
<<<17:25:13:380679>>>  Snail #2 Red Player has been hit by Snail #1 Green Player's Cannonball #1!
<<<17:25:13:398095>>>  Snail #2 Red Player has been hit by Snail #1 Green Player's Cannonball #1!
<<<17:25:13:414991>>>  Snail #2 Red Player has been hit by Snail #1 Green Player's Cannonball #1!
<<<17:25:13:431698>>>  Snail #2 Red Player has been hit by Snail #1 Green Player's Cannonball #1!
<<<17:25:13:449059>>>  Snail #2 Red Player has been hit by Snail #1 Green Player's Cannonball #1!
<<<17:25:13:449059>>>  Snail #2 Red Player had died :(
<<<17:25:13:449059>>>  Snail #2 Red Player being destroyed...
<<<17:25:13:449059>>>  Tank successfully destroyed!
<<<17:25:13:681176>>>  Snail #1 Green Player's Cannonball #1 explosion timer has expired, marked for removal...
<<<17:25:13:681176>>>  Successfully removed spellready icon from Snail #1 Green Player's effect list!
<<<17:25:22:500179>>>  Game over, exiting...
<<<17:25:22:500179>>>  Exiting game outside of main loop and writing log file...
