<<<10:48:04:709436>>>  Pix\Homeworlds\Ice\2.png loaded as pixie for Earth...
<<<10:48:04:709436>>>  Image at Pix\Homeworlds\Ice\2.png chosen as homeworld pix for Earth's...
<<<10:48:04:716418>>>  Pix\Moons\1.png loaded as pixie for Moon #2...
<<<10:48:04:792215>>>  Pix\Snails\Green_Snail\Spells\Spellready_Icon\spellready.png returned as pixie for Snail #1 Green Player...
<<<10:48:04:792215>>>  Pix\Magic\Scroll\scroll.png returned as pixie for Snail #1 Green Player...
<<<10:48:04:792215>>>  Snail #1 Green Player successfully created!
<<<10:48:04:872969>>>  Pix\Snails\Red_Snail\Spells\Spellready_Icon\spellready.png returned as pixie for Snail #2 Red Player...
<<<10:48:04:872969>>>  Pix\Magic\Scroll\scroll.png returned as pixie for Snail #2 Red Player...
<<<10:48:04:872969>>>  Snail #2 Red Player successfully created!
<<<10:48:05:201842>>>  Snail #1 Green Player chambered cannonball...
<<<10:48:05:201842>>>
* CURRENT VALUES FOR CELESTIAL BODY:  Snail #1 Green Player's Cannonball #1
* This is not the homeworld.
* The celestial boyd's density is 5515 kg/m^3.
* The celestial body's mass is 1000 kg.
* The Earth's mass is 5.972e+24 kg.
* The celestial body's radius is 0.001 km.
* The celestial body's coordinates are (3.9011123786838936e-13, 6371.0).
* The celestial body's velocity is (-0.0024094874197397934, 5.59229488764077).
* The celestial body's speed is 5.592295406714734 km/s.
* The celestial body's acceleration is (0, 0).
* The celestial body's screen x and y coordinates are (768, 345).
* The celestial body's screen radius is 2.
* The celestial is using a body circle.
<<<10:48:05:201842>>>
* ADDITIONAL INFORMATION FOR Snail #1 Green Player's Cannonball #1:
* This cannonball is chambered.
<<<10:48:15:478566>>>
* INFORMATION FOR Snail #1 Green Player's CANNONBALLS:
* Cannonballs in memory for Snail #1 Green Player:  1.
* Total cannonballs fired or chambered for Snail #1 Green Player:  1.
<<<10:48:15:478566>>>
* CURRENT VALUES FOR CELESTIAL BODY:  Snail #1 Green Player's Cannonball #1
* This is not the homeworld.
* The celestial boyd's density is 5515 kg/m^3.
* The celestial body's mass is 1000 kg.
* The Earth's mass is 5.972e+24 kg.
* The celestial body's radius is 308.9577444076538 km.
* The celestial body's coordinates are (-3306.189947998803, 5445.984670172298).
* The celestial body's velocity is (2.7053167022579756, -9.867146361182499).
* The celestial body's speed is 10.231291012013733 km/s.
* The celestial body's acceleration is (0.005098580145264437, -0.008400875355785873).
* The celestial body's screen x and y coordinates are (723, 358).
* The celestial body's screen radius is 4.
* The celestial is using a body circle.
<<<10:48:15:478566>>>
* ADDITIONAL INFORMATION FOR Snail #1 Green Player's Cannonball #1:
* This cannonball is active.
* This cannonball is exploding!
<<<10:48:15:478566>>>
* INFORMATION FOR Snail #2 Red Player's CANNONBALLS:
* Cannonballs in memory for Snail #2 Red Player:  0.
* Total cannonballs fired or chambered for Snail #2 Red Player:  0.
<<<10:48:15:478566>>>  Quit through pygame and writing log file...
