<<<20:20:23:355125>>>
* Screen coordinates (1436, 725) choosen in zone #5.
* Screen dimensions are 1536 wide by 864 high.
* Minimum (x, y) are (1280, 720).
* Maximum (x, y) are (1536, 864).
* Mid (x, y) are (1408, 792).
<<<20:20:23:355125>>>  Image at Pix\Faraway_Objects\Black_Holes\7.png choosen for background...
<<<20:20:23:364139>>>  Pix\Homeworlds\Forest\8.png loaded as pixie for Earth and scaled to body circle...
<<<20:20:23:364139>>>  Image at Pix\Homeworlds\Forest\8.png chosen as homeworld pix for Earth's...
<<<20:20:23:365105>>>  Pix\Moons\7.png loaded as pixie for Moon #2 and scaled to body circle...
<<<20:20:23:391014>>>  Enemy Tank chose to move to 5.8864, cururently at 4.7124.
<<<20:20:23:391014>>>  Enemy Tank moved one unit CCW...
<<<20:20:23:391014>>>  Enemy Tank chose to move...
<<<20:20:23:391978>>>  Enemy Tank moved one unit CCW...
<<<20:20:23:394004>>>  Enemy Tank moved one unit CCW...
<<<20:20:23:410980>>>  Enemy Tank moved one unit CCW...
<<<20:20:23:427238>>>  Enemy Tank moved one unit CCW...
<<<20:20:23:443306>>>  Enemy Tank moved one unit CCW...
<<<20:20:23:459157>>>  Enemy Tank moved one unit CCW...
<<<20:20:23:475019>>>  Enemy Tank moved one unit CCW...
<<<20:20:23:490976>>>  Enemy Tank moved one unit CCW...
<<<20:20:23:506923>>>  Enemy Tank moved one unit CCW...
<<<20:20:23:523499>>>  Enemy Tank moved one unit CCW...
<<<20:20:23:540744>>>  Enemy Tank moved one unit CCW...
<<<20:20:23:558346>>>  Enemy Tank moved one unit CCW...
<<<20:20:23:574617>>>  Enemy Tank moved one unit CCW...
<<<20:20:23:591679>>>  Enemy Tank moved one unit CCW...
<<<20:20:23:607595>>>  Enemy Tank moved one unit CCW...
<<<20:20:23:624586>>>  Enemy Tank moved one unit CCW...
<<<20:20:23:642314>>>  Enemy Tank moved one unit CCW...
<<<20:20:23:658390>>>  Enemy Tank moved one unit CCW...
<<<20:20:23:675137>>>  Enemy Tank moved one unit CCW...
<<<20:20:23:690928>>>  Enemy Tank moved one unit CCW...
<<<20:20:23:706900>>>  Enemy Tank moved one unit CCW...
<<<20:20:23:722757>>>  Enemy Tank moved one unit CCW...
<<<20:20:23:738662>>>  Enemy Tank moved one unit CCW...
<<<20:20:23:754865>>>  Enemy Tank moved one unit CCW...
<<<20:20:23:771808>>>  Player Tank chambered cannonball...
<<<20:20:23:771808>>>
* CURRENT VALUES FOR CELESTIAL BODY:  Player Tank's Cannonball #1
* This is not the homeworld.
* The celestial boyd's density is 5515 kg/m^3.
* The celestial body's mass is 1000 kg.
* The Earth's mass is 5.972e+24 kg.
* The celestial body's radius is 0.001 km.
* The celestial body's coordinates are (3.9011123786838936e-13, 6371.0).
* The celestial body's velocity is (-0.007194247984051772, 5.592945017042812).
* The celestial body's speed is 5.592949644049021 km/s.
* The celestial body's acceleration is (0, 0).
* The celestial body's screen x and y coordinates are (768, 345).
* The celestial body's screen radius is 2.
* The celestial is using a body circle.
<<<20:20:23:771808>>>
* ADDITIONAL INFORMATION FOR Player Tank's Cannonball #1:
* This cannonball is chambered.
<<<20:20:23:771808>>>  Enemy Tank moved one unit CCW...
<<<20:20:23:786572>>>  Player Tank is being animated...
<<<20:20:23:788517>>>  Enemy Tank moved one unit CCW...
<<<20:20:23:802874>>>  Player Tank is being animated...
<<<20:20:23:803713>>>  Enemy Tank moved one unit CCW...
<<<20:20:23:819436>>>  Player Tank is being animated...
<<<20:20:23:820435>>>  Enemy Tank moved one unit CCW...
<<<20:20:23:835337>>>  Player Tank is being animated...
<<<20:20:23:836376>>>  Enemy Tank moved one unit CCW...
<<<20:20:23:851402>>>  Player Tank is being animated...
<<<20:20:23:852433>>>  Enemy Tank moved one unit CCW...
<<<20:20:23:867556>>>  Player Tank is being animated...
<<<20:20:23:868555>>>  Enemy Tank moved one unit CCW...
<<<20:20:23:884735>>>  Player Tank is being animated...
<<<20:20:23:885734>>>  Enemy Tank moved one unit CCW...
<<<20:20:23:900771>>>  Player Tank is being animated...
<<<20:20:23:901803>>>  Enemy Tank moved one unit CCW...
<<<20:20:23:916652>>>  Player Tank is being animated...
<<<20:20:23:918692>>>  Enemy Tank moved one unit CCW...
<<<20:20:23:934326>>>  Player Tank is being animated...
<<<20:20:23:935356>>>  Enemy Tank moved one unit CCW...
<<<20:20:23:949829>>>  Player Tank is being animated...
<<<20:20:23:950844>>>  Enemy Tank moved one unit CCW...
<<<20:20:23:966079>>>  Player Tank is being animated...
<<<20:20:23:967078>>>  Enemy Tank moved one unit CCW...
<<<20:20:23:982551>>>  Player Tank is being animated...
<<<20:20:23:984577>>>  Enemy Tank moved one unit CCW...
<<<20:20:23:998934>>>  Player Tank is being animated...
<<<20:20:23:999933>>>  Enemy Tank moved one unit CCW...
<<<20:20:24:016033>>>  Player Tank is being animated...
<<<20:20:24:017030>>>  Enemy Tank moved one unit CCW...
<<<20:20:24:031832>>>  Player Tank is being animated...
<<<20:20:24:032592>>>  Enemy Tank moved one unit CCW...
<<<20:20:24:047849>>>  Player Tank is being animated...
<<<20:20:24:048849>>>  Enemy Tank moved one unit CCW...
<<<20:20:24:063956>>>  Player Tank is being animated...
<<<20:20:24:064955>>>  Enemy Tank moved one unit CCW...
<<<20:20:24:080815>>>  Player Tank is being animated...
<<<20:20:24:081562>>>  Enemy Tank moved one unit CCW...
<<<20:20:24:096870>>>  Player Tank is being animated...
<<<20:20:24:097902>>>  Enemy Tank moved one unit CCW...
<<<20:20:24:112812>>>  Player Tank is being animated...
<<<20:20:24:112812>>>  Player Tank has advanced to next frame...
<<<20:20:24:113811>>>  Enemy Tank moved one unit CCW...
<<<20:20:24:128713>>>  Player Tank is being animated...
<<<20:20:24:129712>>>  Enemy Tank moved one unit CCW...
<<<20:20:24:145543>>>  Player Tank is being animated...
<<<20:20:24:146572>>>  Enemy Tank moved one unit CCW...
<<<20:20:24:163589>>>  Player Tank is being animated...
<<<20:20:24:164588>>>  Enemy Tank moved one unit CCW...
<<<20:20:24:179058>>>  Player Tank is being animated...
<<<20:20:24:180058>>>  Enemy Tank moved one unit CCW...
<<<20:20:24:196182>>>  Player Tank is being animated...
<<<20:20:24:197180>>>  Enemy Tank moved one unit CCW...
<<<20:20:24:211542>>>  Player Tank is being animated...
<<<20:20:24:212543>>>  Enemy Tank moved one unit CCW...
<<<20:20:24:229039>>>  Player Tank is being animated...
<<<20:20:24:230038>>>  Enemy Tank moved one unit CCW...
<<<20:20:24:244864>>>  Player Tank is being animated...
<<<20:20:24:245895>>>  Enemy Tank moved one unit CCW...
<<<20:20:24:260914>>>  Player Tank is being animated...
<<<20:20:24:261948>>>  Enemy Tank moved one unit CCW...
<<<20:20:24:276771>>>  Player Tank is being animated...
<<<20:20:24:277797>>>  Enemy Tank moved one unit CCW...
<<<20:20:24:294440>>>  Player Tank is being animated...
<<<20:20:24:295437>>>  Enemy Tank moved one unit CCW...
<<<20:20:24:311019>>>  Player Tank is being animated...
<<<20:20:24:312782>>>  Enemy Tank moved one unit CCW...
<<<20:20:24:328291>>>  Player Tank is being animated...
<<<20:20:24:329287>>>  Enemy Tank moved one unit CCW...
<<<20:20:24:343792>>>  Player Tank is being animated...
<<<20:20:24:344791>>>  Enemy Tank moved one unit CCW...
<<<20:20:24:359769>>>  Player Tank is being animated...
<<<20:20:24:360769>>>  Enemy Tank moved one unit CCW...
<<<20:20:24:375626>>>  Player Tank is being animated...
<<<20:20:24:376625>>>  Enemy Tank moved one unit CCW...
<<<20:20:24:392548>>>  Player Tank is being animated...
<<<20:20:24:393544>>>  Enemy Tank moved one unit CCW...
<<<20:20:24:407925>>>  Player Tank is being animated...
<<<20:20:24:408964>>>  Enemy Tank moved one unit CCW...
<<<20:20:24:423762>>>  Player Tank is being animated...
<<<20:20:24:425759>>>  Enemy Tank moved one unit CCW...
<<<20:20:24:440277>>>  Player Tank is being animated...
<<<20:20:24:441276>>>  Enemy Tank moved one unit CCW...
<<<20:20:24:456307>>>  Player Tank is being animated...
<<<20:20:24:472814>>>  Player Tank is being animated...
<<<20:20:24:474810>>>  Enemy Tank chose to shoot...
<<<20:20:24:489123>>>  Player Tank is being animated...
<<<20:20:24:489123>>>  Enemy Tank is being animated...
<<<20:20:24:490160>>>  Enemy Tank is checking targeting info...
<<<20:20:24:490160>>>  Enemy Tank Launch angle not within tolerances, adjusting firing solution...
<<<20:20:24:490160>>>  Enemy Tank Launch speed not within tolerances, adjusting firing solution...
<<<20:20:24:490160>>>  Enemy Tank adjusted targeting angle one unit CW...
<<<20:20:24:505208>>>  Player Tank is being animated...
<<<20:20:24:505208>>>  Enemy Tank is being animated...
<<<20:20:24:506238>>>  Enemy Tank is checking targeting info...
<<<20:20:24:506238>>>  Enemy Tank Launch angle not within tolerances, adjusting firing solution...
<<<20:20:24:506238>>>  Enemy Tank Launch speed not within tolerances, adjusting firing solution...
<<<20:20:24:506238>>>  Enemy Tank adjusted targeting angle one unit CW...
<<<20:20:24:521085>>>  Player Tank is being animated...
<<<20:20:24:521085>>>  Enemy Tank is being animated...
<<<20:20:24:523083>>>  Enemy Tank is checking targeting info...
<<<20:20:24:523083>>>  Enemy Tank Launch angle not within tolerances, adjusting firing solution...
<<<20:20:24:523083>>>  Enemy Tank Launch speed not within tolerances, adjusting firing solution...
<<<20:20:24:523083>>>  Enemy Tank adjusted targeting angle one unit CW...
<<<20:20:24:537749>>>  Player Tank is being animated...
<<<20:20:24:537749>>>  Enemy Tank is being animated...
<<<20:20:24:538749>>>  Enemy Tank is checking targeting info...
<<<20:20:24:538749>>>  Enemy Tank Launch angle not within tolerances, adjusting firing solution...
<<<20:20:24:538749>>>  Enemy Tank Launch speed not within tolerances, adjusting firing solution...
<<<20:20:24:538749>>>  Enemy Tank adjusted targeting angle one unit CW...
<<<20:20:24:553586>>>  Player Tank is being animated...
<<<20:20:24:553586>>>  Enemy Tank is being animated...
<<<20:20:24:555332>>>  Enemy Tank is checking targeting info...
<<<20:20:24:555332>>>  Enemy Tank Launch angle not within tolerances, adjusting firing solution...
<<<20:20:24:555332>>>  Enemy Tank Launch speed not within tolerances, adjusting firing solution...
<<<20:20:24:555332>>>  Enemy Tank adjusted targeting angle one unit CW...
<<<20:20:24:571287>>>  Player Tank is being animated...
<<<20:20:24:571287>>>  Enemy Tank is being animated...
<<<20:20:24:572231>>>  Enemy Tank is checking targeting info...
<<<20:20:24:572231>>>  Enemy Tank Launch angle not within tolerances, adjusting firing solution...
<<<20:20:24:572231>>>  Enemy Tank Launch speed not within tolerances, adjusting firing solution...
<<<20:20:24:572231>>>  Enemy Tank adjusted targeting angle one unit CW...
<<<20:20:24:587469>>>  Player Tank is being animated...
<<<20:20:24:587469>>>  Enemy Tank is being animated...
<<<20:20:24:588501>>>  Enemy Tank is checking targeting info...
<<<20:20:24:588501>>>  Enemy Tank Launch angle not within tolerances, adjusting firing solution...
<<<20:20:24:588501>>>  Enemy Tank Launch speed not within tolerances, adjusting firing solution...
<<<20:20:24:588501>>>  Enemy Tank adjusted targeting angle one unit CW...
<<<20:20:24:605129>>>  Player Tank is being animated...
<<<20:20:24:605129>>>  Enemy Tank is being animated...
<<<20:20:24:606896>>>  Enemy Tank is checking targeting info...
<<<20:20:24:606896>>>  Enemy Tank Launch angle not within tolerances, adjusting firing solution...
<<<20:20:24:606896>>>  Enemy Tank Launch speed not within tolerances, adjusting firing solution...
<<<20:20:24:606896>>>  Enemy Tank adjusted targeting angle one unit CW...
<<<20:20:24:623077>>>  Player Tank is being animated...
<<<20:20:24:623077>>>  Enemy Tank is being animated...
<<<20:20:24:624107>>>
* INFORMATION FOR Player Tank's CANNONBALLS:
* Cannonballs in memory for Player Tank:  1.
* Total cannonballs fired or chambered for Player Tank:  1.
<<<20:20:24:624107>>>
* CURRENT VALUES FOR CELESTIAL BODY:  Player Tank's Cannonball #1
* This is not the homeworld.
* The celestial boyd's density is 5515 kg/m^3.
* The celestial body's mass is 1000 kg.
* The Earth's mass is 5.972e+24 kg.
* The celestial body's radius is 0.001 km.
* The celestial body's coordinates are (7.8136675253188175, 6372.363988065092).
* The celestial body's velocity is (-0.007194247984051772, 5.592945017042812).
* The celestial body's speed is 5.592949644049021 km/s.
* The celestial body's acceleration is (0, 0).
* The celestial body's screen x and y coordinates are (768, 345).
* The celestial body's screen radius is 2.
* The celestial is using a body circle.
<<<20:20:24:624107>>>
* ADDITIONAL INFORMATION FOR Player Tank's Cannonball #1:
* This cannonball is chambered.
<<<20:20:24:624107>>>
* INFORMATION FOR Enemy Tank's CANNONBALLS:
* Cannonballs in memory for Enemy Tank:  1.
* Total cannonballs fired or chambered for Enemy Tank:  1.
<<<20:20:24:624107>>>
* CURRENT VALUES FOR CELESTIAL BODY:  Enemy Tank's Cannonball #1
* This is not the homeworld.
* The celestial boyd's density is 5515 kg/m^3.
* The celestial body's mass is 1000 kg.
* The Earth's mass is 5.972e+24 kg.
* The celestial body's radius is 0.001 km.
* The celestial body's coordinates are (5866.455148591388, -2488.9446246299262).
* The celestial body's velocity is (5.1291992061595355, -2.189615458430841).
* The celestial body's speed is 5.57701536238398 km/s.
* The celestial body's acceleration is (0, 0).
* The celestial body's screen x and y coordinates are (847, 465).
* The celestial body's screen radius is 2.
* The celestial is using a body circle.
<<<20:20:24:624107>>>
* ADDITIONAL INFORMATION FOR Enemy Tank's Cannonball #1:
* This cannonball is chambered.
<<<20:20:24:624107>>>  Quit through pygame and writing log file...
