<<<17:00:26:913718>>>  Pix\Homeworlds\Rocky\1.png loaded as pixie for Earth...
<<<17:00:26:913718>>>  Image at Pix\Homeworlds\Rocky\1.png chosen as homeworld pix for Earth's...
<<<17:00:26:913718>>>  Pix\Moons\13.png loaded as pixie for Moon #2...
<<<17:00:26:991508>>>  Pix\Snails\Green_Snail\Spells\Spellready_Icon\spellready.png returned as pixie for Snail #1 Green Player...
<<<17:00:26:991508>>>  Pix\Magic\Scroll\scroll.png returned as pixie for Snail #1 Green Player...
<<<17:00:26:992506>>>  Snail #1 Green Player successfully created!
<<<17:00:27:064349>>>  Pix\Snails\Red_Snail\Spells\Spellready_Icon\spellready.png returned as pixie for Snail #2 Red Player...
<<<17:00:27:064349>>>  Pix\Magic\Scroll\scroll.png returned as pixie for Snail #2 Red Player...
<<<17:00:27:065344>>>  Snail #2 Red Player successfully created!
<<<17:00:27:298388>>>  Snail #1 Green Player chambered cannonball...
<<<17:00:27:298388>>>
* CURRENT VALUES FOR CELESTIAL BODY:  Snail #1 Green Player's Cannonball #1
* This is not the homeworld.
* The celestial boyd's density is 5515 kg/m^3.
* The celestial body's mass is 1000 kg.
* The Earth's mass is 5.972e+24 kg.
* The celestial body's radius is 0.001 km.
* The celestial body's coordinates are (3.9011123786838936e-13, 6371.0).
* The celestial body's velocity is (0.0015741097440100426, 5.592497306045267).
* The celestial body's speed is 5.592497527576124 km/s.
* The celestial body's acceleration is (0, 0).
* The celestial body's screen x and y coordinates are (768, 345).
* The celestial body's screen radius is 2.
* The celestial is using a body circle.
<<<17:00:27:298388>>>
* ADDITIONAL INFORMATION FOR Snail #1 Green Player's Cannonball #1:
* This cannonball is chambered.
<<<17:00:53:831408>>>
* INFORMATION FOR Snail #1 Green Player's CANNONBALLS:
* Cannonballs in memory for Snail #1 Green Player:  1.
* Total cannonballs fired or chambered for Snail #1 Green Player:  1.
<<<17:00:53:831408>>>
* CURRENT VALUES FOR CELESTIAL BODY:  Snail #1 Green Player's Cannonball #1
* This is not the homeworld.
* The celestial boyd's density is 5515 kg/m^3.
* The celestial body's mass is 1000 kg.
* The Earth's mass is 5.972e+24 kg.
* The celestial body's radius is 0.001 km.
* The celestial body's coordinates are (-1008.992637021008, 6041.205976170146).
* The celestial body's velocity is (0.0015741097440100426, 5.592497306045267).
* The celestial body's speed is 5.592497527576124 km/s.
* The celestial body's acceleration is (0, 0).
* The celestial body's screen x and y coordinates are (754, 350).
* The celestial body's screen radius is 2.
* The celestial is using a body circle.
<<<17:00:53:831408>>>
* ADDITIONAL INFORMATION FOR Snail #1 Green Player's Cannonball #1:
* This cannonball is chambered.
<<<17:00:53:831408>>>
* INFORMATION FOR Snail #2 Red Player's CANNONBALLS:
* Cannonballs in memory for Snail #2 Red Player:  0.
* Total cannonballs fired or chambered for Snail #2 Red Player:  0.
<<<17:00:53:831408>>>  Quit through pygame and writing log file...
