<<<15:48:42:132873>>>
* Screen coordinates (528, 58) choosen in zone #2.
* Screen dimensions are 1600 wide by 900 high.
* Minimum (x, y) are (266, 0).
* Maximum (x, y) are (1333, 150).
* Mid (x, y) are (799, 75).
<<<15:48:42:132873>>>  Image at Pix\Faraway_Objects\Black_Holes\4.png choosen for background...
<<<15:48:42:133868>>>
* Screen coordinates (472, 883) choosen in zone #6.
* Screen dimensions are 1600 wide by 900 high.
* Minimum (x, y) are (266, 750).
* Maximum (x, y) are (1333, 900).
* Mid (x, y) are (799, 825).
<<<15:48:42:133868>>>  Image at Pix\Faraway_Objects\Asteroids\2.png choosen for background...
<<<15:48:42:134871>>>
* Screen coordinates (115, 823) choosen in zone #7.
* Screen dimensions are 1600 wide by 900 high.
* Minimum (x, y) are (0, 750).
* Maximum (x, y) are (266, 900).
* Mid (x, y) are (133, 825).
<<<15:48:42:134871>>>  Image at Pix\Faraway_Objects\Black_Holes\7.png choosen for background...
<<<15:48:42:138760>>>  Pix\Homeworlds\Desert\5.png loaded as pixie for Earth and scaled to body circle...
<<<15:48:42:138760>>>  Image at Pix\Homeworlds\Desert\5.png chosen as homeworld pix for Earth's...
<<<15:48:42:138760>>>  Pix\Moons\7.png loaded as pixie for Moon #2 and scaled to body circle...
<<<15:48:42:170190>>>  Tank #1 Green Player Tank successfully created!
<<<15:48:42:202569>>>  Tank #2 Red AI Tank successfully created!
<<<15:48:42:236964>>>  Tank #3 Yellow AI Tank successfully created!
<<<15:48:42:241349>>>
* *** Tank #2 Red AI Tank USING CLEAR SKIES FUNCTION ***
* Moon #2 at (11942.51606433868, 4441.9691015272465), angle 0.35609036066029465 rads.
* Tank #2 Red AI Tank at (-5517.44784751066, -3185.499999999998), angle 3.665191429188092.
* Angle Between is 2.9740842386517894 rads.
<<<15:48:42:241349>>>  Tank #2 Red AI Tank saw no celestials or cannonballs above their heads and is casting Gravity...
<<<15:48:42:241349>>>
* *** Tank #3 Yellow AI Tank USING CLEAR SKIES FUNCTION ***
* Moon #2 at (11942.51606433868, 4441.9691015272465), angle 0.35609036066029465 rads.
* Tank #3 Yellow AI Tank at (5517.447847510657, -3185.5000000000027), angle 5.759586531581287.
* Angle Between is 0.8796891362585937 rads.
* The skies are NOT clear, Tank #3 Yellow AI Tank shouldn't use Gravity...
<<<15:48:42:372976>>>  Tank #3 Yellow AI Tank chose to move to 0.5098, cururently at 5.7596.
<<<15:48:42:372976>>>  Tank #3 Yellow AI Tank moved one unit CCW...
<<<15:48:42:372976>>>  Tank #3 Yellow AI Tank chose to move...
<<<15:48:42:653098>>>  Tank #2 Red AI Tank chose to shoot...
<<<15:48:42:653098>>>  Deleting effect pixie gravity...
<<<15:48:42:653098>>>  Tank #2 Red AI Tank is checking targeting info...
<<<15:48:42:653098>>>  Tank #2 Red AI Tank Launch angle not within tolerances, adjusting firing solution...
<<<15:48:42:653098>>>  Tank #2 Red AI Tank Launch speed not within tolerances, adjusting firing solution...
<<<15:48:42:653098>>>  Tank #2 Red AI Tank adjusted targeting angle one unit CCW...
<<<15:48:45:516514>>>  Tank #2 Red AI Tank is checking targeting info...
<<<15:48:45:516514>>>  Tank #2 Red AI Tank Launch angle not within tolerances, adjusting firing solution...
<<<15:48:45:516514>>>  Tank #2 Red AI Tank Launch speed not within tolerances, adjusting firing solution...
<<<15:48:45:516514>>>  Tank #2 Red AI Tank adjusted targeting angle one unit CCW...
<<<15:48:45:516514>>>  Tank #3 Yellow AI Tank moved one unit CCW...
<<<15:48:45:649953>>>  Tank #2 Red AI Tank is checking targeting info...
<<<15:48:45:649953>>>  Tank #2 Red AI Tank Launch angle not within tolerances, adjusting firing solution...
<<<15:48:45:649953>>>  Tank #2 Red AI Tank Launch speed not within tolerances, adjusting firing solution...
<<<15:48:45:649953>>>  Tank #2 Red AI Tank adjusted targeting angle one unit CCW...
<<<15:48:45:649953>>>  Tank #3 Yellow AI Tank moved one unit CCW...
<<<15:48:45:781072>>>  Tank #2 Red AI Tank is checking targeting info...
<<<15:48:45:781072>>>  Tank #2 Red AI Tank Launch angle not within tolerances, adjusting firing solution...
<<<15:48:45:781072>>>  Tank #2 Red AI Tank Launch speed not within tolerances, adjusting firing solution...
<<<15:48:45:781072>>>  Tank #2 Red AI Tank adjusted targeting angle one unit CCW...
<<<15:48:45:781072>>>  Tank #3 Yellow AI Tank moved one unit CCW...
<<<15:48:45:878168>>>  Deleting effect pixie Tank #2 Red AI Tank thawing...
<<<15:48:45:878168>>>  Deleting effect pixie Tank #3 Yellow AI Tank thawing...
<<<15:48:45:912046>>>  Tank #2 Red AI Tank is checking targeting info...
<<<15:48:45:912046>>>  Tank #2 Red AI Tank Launch angle not within tolerances, adjusting firing solution...
<<<15:48:45:912046>>>  Tank #2 Red AI Tank Launch speed not within tolerances, adjusting firing solution...
<<<15:48:45:912046>>>  Tank #2 Red AI Tank adjusted targeting angle one unit CCW...
<<<15:48:45:912046>>>  Tank #3 Yellow AI Tank moved one unit CCW...
<<<15:48:46:045497>>>  Tank #2 Red AI Tank is checking targeting info...
<<<15:48:46:045497>>>  Tank #2 Red AI Tank Launch angle not within tolerances, adjusting firing solution...
<<<15:48:46:045497>>>  Tank #2 Red AI Tank Launch speed not within tolerances, adjusting firing solution...
<<<15:48:46:045497>>>  Tank #2 Red AI Tank adjusted targeting angle one unit CCW...
<<<15:48:46:045497>>>  Tank #3 Yellow AI Tank moved one unit CCW...
<<<15:48:46:180167>>>  Tank #2 Red AI Tank is checking targeting info...
<<<15:48:46:180167>>>  Tank #2 Red AI Tank Launch angle not within tolerances, adjusting firing solution...
<<<15:48:46:180167>>>  Tank #2 Red AI Tank Launch speed not within tolerances, adjusting firing solution...
<<<15:48:46:180167>>>  Tank #2 Red AI Tank adjusted targeting angle one unit CCW...
<<<15:48:46:180167>>>  Tank #3 Yellow AI Tank moved one unit CCW...
<<<15:48:46:313875>>>  Tank #2 Red AI Tank is checking targeting info...
<<<15:48:46:313875>>>  Tank #2 Red AI Tank Launch angle not within tolerances, adjusting firing solution...
<<<15:48:46:313875>>>  Tank #2 Red AI Tank Launch speed not within tolerances, adjusting firing solution...
<<<15:48:46:313875>>>  Tank #2 Red AI Tank adjusted targeting angle one unit CCW...
<<<15:48:46:313875>>>  Tank #3 Yellow AI Tank moved one unit CCW...
<<<15:48:46:441786>>>  Tank #2 Red AI Tank is checking targeting info...
<<<15:48:46:441786>>>  Tank #2 Red AI Tank Launch angle not within tolerances, adjusting firing solution...
<<<15:48:46:441786>>>  Tank #2 Red AI Tank Launch speed not within tolerances, adjusting firing solution...
<<<15:48:46:441786>>>  Tank #2 Red AI Tank adjusted targeting angle one unit CCW...
<<<15:48:46:441786>>>  Tank #3 Yellow AI Tank moved one unit CCW...
<<<15:48:46:576430>>>  Tank #2 Red AI Tank is checking targeting info...
<<<15:48:46:576430>>>  Tank #2 Red AI Tank Launch angle not within tolerances, adjusting firing solution...
<<<15:48:46:576430>>>  Tank #2 Red AI Tank Launch speed not within tolerances, adjusting firing solution...
<<<15:48:46:576430>>>  Tank #2 Red AI Tank adjusted targeting angle one unit CCW...
<<<15:48:46:576430>>>  Tank #3 Yellow AI Tank moved one unit CCW...
<<<15:48:46:708539>>>  Tank #2 Red AI Tank is checking targeting info...
<<<15:48:46:708539>>>  Tank #2 Red AI Tank Launch angle not within tolerances, adjusting firing solution...
<<<15:48:46:708539>>>  Tank #2 Red AI Tank Launch speed not within tolerances, adjusting firing solution...
<<<15:48:46:708539>>>  Tank #2 Red AI Tank adjusted targeting angle one unit CCW...
<<<15:48:46:708539>>>  Tank #3 Yellow AI Tank moved one unit CCW...
<<<15:48:46:840336>>>  Tank #2 Red AI Tank is checking targeting info...
<<<15:48:46:840336>>>  Tank #2 Red AI Tank Launch angle not within tolerances, adjusting firing solution...
<<<15:48:46:840336>>>  Tank #2 Red AI Tank Launch speed not within tolerances, adjusting firing solution...
<<<15:48:46:840336>>>  Tank #2 Red AI Tank adjusted targeting angle one unit CCW...
<<<15:48:46:840336>>>  Tank #3 Yellow AI Tank moved one unit CCW...
<<<15:48:46:974826>>>  Tank #2 Red AI Tank is checking targeting info...
<<<15:48:46:974826>>>  Tank #2 Red AI Tank Launch angle not within tolerances, adjusting firing solution...
<<<15:48:46:974826>>>  Tank #2 Red AI Tank Launch speed not within tolerances, adjusting firing solution...
<<<15:48:46:974826>>>  Tank #2 Red AI Tank adjusted targeting angle one unit CCW...
<<<15:48:46:974826>>>  Tank #3 Yellow AI Tank moved one unit CCW...
<<<15:48:47:106904>>>  Tank #2 Red AI Tank is checking targeting info...
<<<15:48:47:106904>>>  Tank #2 Red AI Tank Launch angle not within tolerances, adjusting firing solution...
<<<15:48:47:106904>>>  Tank #2 Red AI Tank Launch speed not within tolerances, adjusting firing solution...
<<<15:48:47:106904>>>  Tank #2 Red AI Tank adjusted targeting angle one unit CCW...
<<<15:48:47:106904>>>  Tank #3 Yellow AI Tank moved one unit CCW...
<<<15:48:47:237030>>>  Tank #2 Red AI Tank is checking targeting info...
<<<15:48:47:237030>>>  Tank #2 Red AI Tank Launch angle not within tolerances, adjusting firing solution...
<<<15:48:47:237030>>>  Tank #2 Red AI Tank Launch speed not within tolerances, adjusting firing solution...
<<<15:48:47:237030>>>  Tank #2 Red AI Tank adjusted targeting angle one unit CCW...
<<<15:48:47:237030>>>  Tank #3 Yellow AI Tank moved one unit CCW...
<<<15:48:47:369773>>>  Tank #2 Red AI Tank is checking targeting info...
<<<15:48:47:369773>>>  Tank #2 Red AI Tank Launch angle not within tolerances, adjusting firing solution...
<<<15:48:47:369773>>>  Tank #2 Red AI Tank Launch speed not within tolerances, adjusting firing solution...
<<<15:48:47:369773>>>  Tank #2 Red AI Tank adjusted targeting angle one unit CCW...
<<<15:48:47:369773>>>  Tank #3 Yellow AI Tank moved one unit CCW...
<<<15:48:47:501900>>>  Tank #2 Red AI Tank is checking targeting info...
<<<15:48:47:501900>>>  Tank #2 Red AI Tank Launch angle not within tolerances, adjusting firing solution...
<<<15:48:47:501900>>>  Tank #2 Red AI Tank Launch speed not within tolerances, adjusting firing solution...
<<<15:48:47:501900>>>  Tank #2 Red AI Tank adjusted targeting angle one unit CCW...
<<<15:48:47:501900>>>  Tank #3 Yellow AI Tank moved one unit CCW...
<<<15:48:47:630227>>>  Tank #2 Red AI Tank is checking targeting info...
<<<15:48:47:630227>>>  Tank #2 Red AI Tank Launch angle not within tolerances, adjusting firing solution...
<<<15:48:47:630227>>>  Tank #2 Red AI Tank Launch speed not within tolerances, adjusting firing solution...
<<<15:48:47:630227>>>  Tank #2 Red AI Tank adjusted targeting angle one unit CCW...
<<<15:48:47:630227>>>  Tank #3 Yellow AI Tank moved one unit CCW...
<<<15:48:47:760044>>>  Tank #2 Red AI Tank is checking targeting info...
<<<15:48:47:760044>>>  Tank #2 Red AI Tank Launch angle not within tolerances, adjusting firing solution...
<<<15:48:47:760044>>>  Tank #2 Red AI Tank Launch speed not within tolerances, adjusting firing solution...
<<<15:48:47:760044>>>  Tank #2 Red AI Tank adjusted targeting angle one unit CCW...
<<<15:48:47:760044>>>  Tank #3 Yellow AI Tank moved one unit CCW...
<<<15:48:47:891120>>>  Tank #2 Red AI Tank is checking targeting info...
<<<15:48:47:891120>>>  Tank #2 Red AI Tank Launch angle not within tolerances, adjusting firing solution...
<<<15:48:47:891120>>>  Tank #2 Red AI Tank Launch speed not within tolerances, adjusting firing solution...
<<<15:48:47:891120>>>  Tank #2 Red AI Tank adjusted targeting angle one unit CCW...
<<<15:48:47:891120>>>  Tank #3 Yellow AI Tank moved one unit CCW...
<<<15:48:48:021797>>>  Tank #2 Red AI Tank is checking targeting info...
<<<15:48:48:021797>>>  Tank #2 Red AI Tank Launch angle not within tolerances, adjusting firing solution...
<<<15:48:48:021797>>>  Tank #2 Red AI Tank Launch speed not within tolerances, adjusting firing solution...
<<<15:48:48:021797>>>  Tank #2 Red AI Tank adjusted targeting angle one unit CCW...
<<<15:48:48:021797>>>  Tank #3 Yellow AI Tank moved one unit CCW...
<<<15:48:48:151426>>>  Tank #2 Red AI Tank is checking targeting info...
<<<15:48:48:151426>>>  Tank #2 Red AI Tank Launch angle not within tolerances, adjusting firing solution...
<<<15:48:48:151426>>>  Tank #2 Red AI Tank Launch speed not within tolerances, adjusting firing solution...
<<<15:48:48:151426>>>  Tank #2 Red AI Tank adjusted targeting angle one unit CCW...
<<<15:48:48:151426>>>  Tank #3 Yellow AI Tank moved one unit CCW...
<<<15:48:48:283921>>>  Tank #2 Red AI Tank is checking targeting info...
<<<15:48:48:283921>>>  Tank #2 Red AI Tank Launch angle not within tolerances, adjusting firing solution...
<<<15:48:48:283921>>>  Tank #2 Red AI Tank Launch speed not within tolerances, adjusting firing solution...
<<<15:48:48:283921>>>  Tank #2 Red AI Tank adjusted targeting angle one unit CCW...
<<<15:48:48:283921>>>  Tank #3 Yellow AI Tank moved one unit CCW...
<<<15:48:48:352276>>>
* INFORMATION FOR Tank #1 Green Player Tank's CANNONBALLS:
* Cannonballs in memory for Tank #1 Green Player Tank:  0.
* Total cannonballs fired or chambered for Tank #1 Green Player Tank:  0.
<<<15:48:48:352276>>>
* INFORMATION FOR Tank #2 Red AI Tank's CANNONBALLS:
* Cannonballs in memory for Tank #2 Red AI Tank:  1.
* Total cannonballs fired or chambered for Tank #2 Red AI Tank:  1.
<<<15:48:48:352276>>>
* CURRENT VALUES FOR CELESTIAL BODY:  Tank #2 Red AI Tank's Cannonball #1
* This is not the homeworld.
* The celestial boyd's density is 5515 kg/m^3.
* The celestial body's mass is 1000 kg.
* The Earth's mass is 5.972e+24 kg.
* The celestial body's radius is 0.001 km.
* The celestial body's coordinates are (-5646.145157997235, -3358.5247855501425).
* The celestial body's velocity is (-4.837101374384424, -2.7938033650892846).
* The celestial body's speed is 5.585954434906885 km/s.
* The celestial body's acceleration is (0, 0).
* The celestial body's screen x and y coordinates are (720, 497).
* The celestial body's screen radius is 2.
* The celestial is using a body circle.
<<<15:48:48:352276>>>
* ADDITIONAL INFORMATION FOR Tank #2 Red AI Tank's Cannonball #1:
* This cannonball is chambered.
<<<15:48:48:352276>>>
* INFORMATION FOR Tank #3 Yellow AI Tank's CANNONBALLS:
* Cannonballs in memory for Tank #3 Yellow AI Tank:  0.
* Total cannonballs fired or chambered for Tank #3 Yellow AI Tank:  0.
<<<15:48:48:352276>>>  Quit through pygame and writing log file...
