<<<16:14:11:724687>>>
* Screen coordinates (192, 855) choosen in zone #7.
* Screen dimensions are 1600 wide by 900 high.
* Minimum (x, y) are (0, 750).
* Maximum (x, y) are (266, 900).
* Mid (x, y) are (133, 825).
<<<16:14:11:724687>>>  Image at Pix\Faraway_Objects\Gas_Giants\7.png choosen for background...
<<<16:14:11:725683>>>
* Screen coordinates (100, 550) choosen in zone #8.
* Screen dimensions are 1600 wide by 900 high.
* Minimum (x, y) are (0, 150).
* Maximum (x, y) are (266, 750).
* Mid (x, y) are (133, 450).
<<<16:14:11:725683>>>  Image at Pix\Faraway_Objects\Quasars\2.png choosen for background...
<<<16:14:11:729946>>>  Pix\Homeworlds\Tech\7.png loaded as pixie for Earth and scaled to body circle...
<<<16:14:11:729946>>>  Image at Pix\Homeworlds\Tech\7.png chosen as homeworld pix for Earth's...
<<<16:14:11:729946>>>  Pix\Moons\13.png loaded as pixie for Moon #2 and scaled to body circle...
<<<16:14:11:760094>>>  Tank #1 Green Player Tank successfully created!
<<<16:14:11:790715>>>  Tank #2 Red AI Tank successfully created!
<<<16:14:11:821686>>>  Tank #3 Yellow AI Tank successfully created!
<<<16:14:11:828038>>>  Tank #2 Red AI Tank chose to shoot...
<<<16:14:11:828071>>>
* *** Tank #3 Yellow AI Tank USING CLEAR SKIES FUNCTION ***
* Moon #2 at (-12617.204923895357, -1777.8974532691614), angle -3.001603764638467 rads.
* Tank #3 Yellow AI Tank at (5517.447847510657, -3185.5000000000027), angle 5.759586531581287.
* Angle Between is 2.4780049890401674 rads.
<<<16:14:11:828071>>>  Tank #3 Yellow AI Tank saw no celestials or cannonballs above their heads and is casting Gravity...
<<<16:14:11:956672>>>  Tank #2 Red AI Tank is checking targeting info...
<<<16:14:11:956672>>>  Tank #2 Red AI Tank Launch angle not within tolerances, adjusting firing solution...
<<<16:14:11:956672>>>  Tank #2 Red AI Tank Launch speed not within tolerances, adjusting firing solution...
<<<16:14:11:956672>>>  Tank #2 Red AI Tank adjusted targeting angle one unit CCW...
<<<16:14:12:090286>>>  Tank #2 Red AI Tank is checking targeting info...
<<<16:14:12:090286>>>  Tank #2 Red AI Tank Launch angle not within tolerances, adjusting firing solution...
<<<16:14:12:090286>>>  Tank #2 Red AI Tank Launch speed not within tolerances, adjusting firing solution...
<<<16:14:12:090286>>>  Tank #2 Red AI Tank adjusted targeting angle one unit CCW...
<<<16:14:12:218479>>>  Tank #2 Red AI Tank is checking targeting info...
<<<16:14:12:218479>>>  Tank #2 Red AI Tank Launch angle not within tolerances, adjusting firing solution...
<<<16:14:12:218479>>>  Tank #2 Red AI Tank Launch speed not within tolerances, adjusting firing solution...
<<<16:14:12:218479>>>  Tank #2 Red AI Tank adjusted targeting angle one unit CCW...
<<<16:14:12:349645>>>  Tank #2 Red AI Tank is checking targeting info...
<<<16:14:12:349645>>>  Tank #2 Red AI Tank Launch angle not within tolerances, adjusting firing solution...
<<<16:14:12:349645>>>  Tank #2 Red AI Tank Launch speed not within tolerances, adjusting firing solution...
<<<16:14:12:349645>>>  Tank #2 Red AI Tank adjusted targeting angle one unit CCW...
<<<16:14:12:661166>>>  Tank #3 Yellow AI Tank chose to move to 0.2518, cururently at 5.7596.
<<<16:14:12:661166>>>  Tank #3 Yellow AI Tank moved one unit CCW...
<<<16:14:12:661166>>>  Tank #3 Yellow AI Tank chose to move...
<<<16:14:12:661166>>>  Deleting effect pixie gravity...
<<<16:14:12:661166>>>  Tank #3 Yellow AI Tank moved one unit CCW...
<<<16:14:15:371499>>>  Tank #2 Red AI Tank is checking targeting info...
<<<16:14:15:371499>>>  Tank #2 Red AI Tank Launch angle not within tolerances, adjusting firing solution...
<<<16:14:15:371499>>>  Tank #2 Red AI Tank Launch speed not within tolerances, adjusting firing solution...
<<<16:14:15:371499>>>  Tank #2 Red AI Tank adjusted targeting angle one unit CCW...
<<<16:14:15:371499>>>  Tank #3 Yellow AI Tank moved one unit CCW...
<<<16:14:15:500110>>>  Tank #2 Red AI Tank is checking targeting info...
<<<16:14:15:500110>>>  Tank #2 Red AI Tank Launch angle not within tolerances, adjusting firing solution...
<<<16:14:15:500110>>>  Tank #2 Red AI Tank Launch speed not within tolerances, adjusting firing solution...
<<<16:14:15:500110>>>  Tank #2 Red AI Tank adjusted targeting angle one unit CCW...
<<<16:14:15:500110>>>  Tank #3 Yellow AI Tank moved one unit CCW...
<<<16:14:15:632109>>>  Tank #2 Red AI Tank is checking targeting info...
<<<16:14:15:632109>>>  Tank #2 Red AI Tank Launch angle not within tolerances, adjusting firing solution...
<<<16:14:15:632109>>>  Tank #2 Red AI Tank Launch speed not within tolerances, adjusting firing solution...
<<<16:14:15:632109>>>  Tank #2 Red AI Tank adjusted targeting angle one unit CCW...
<<<16:14:15:632109>>>  Tank #3 Yellow AI Tank moved one unit CCW...
<<<16:14:15:717022>>>  Deleting effect pixie Tank #2 Red AI Tank thawing...
<<<16:14:15:717022>>>  Deleting effect pixie Tank #3 Yellow AI Tank thawing...
<<<16:14:15:765933>>>  Tank #2 Red AI Tank is checking targeting info...
<<<16:14:15:765933>>>  Tank #2 Red AI Tank Launch angle not within tolerances, adjusting firing solution...
<<<16:14:15:765933>>>  Tank #2 Red AI Tank Launch speed not within tolerances, adjusting firing solution...
<<<16:14:15:765933>>>  Tank #2 Red AI Tank adjusted targeting angle one unit CCW...
<<<16:14:15:765933>>>  Tank #3 Yellow AI Tank moved one unit CCW...
<<<16:14:15:900036>>>  Tank #2 Red AI Tank is checking targeting info...
<<<16:14:15:900036>>>  Tank #2 Red AI Tank Launch angle not within tolerances, adjusting firing solution...
<<<16:14:15:900036>>>  Tank #2 Red AI Tank Launch speed not within tolerances, adjusting firing solution...
<<<16:14:15:900036>>>  Tank #2 Red AI Tank adjusted targeting angle one unit CCW...
<<<16:14:15:900036>>>  Tank #3 Yellow AI Tank moved one unit CCW...
<<<16:14:16:032308>>>  Tank #2 Red AI Tank is checking targeting info...
<<<16:14:16:032308>>>  Tank #2 Red AI Tank Launch angle not within tolerances, adjusting firing solution...
<<<16:14:16:032308>>>  Tank #2 Red AI Tank Launch speed not within tolerances, adjusting firing solution...
<<<16:14:16:032308>>>  Tank #2 Red AI Tank adjusted targeting angle one unit CCW...
<<<16:14:16:032308>>>  Tank #3 Yellow AI Tank moved one unit CCW...
<<<16:14:16:164907>>>  Tank #2 Red AI Tank is checking targeting info...
<<<16:14:16:164907>>>  Tank #2 Red AI Tank Launch angle not within tolerances, adjusting firing solution...
<<<16:14:16:164907>>>  Tank #2 Red AI Tank Launch speed not within tolerances, adjusting firing solution...
<<<16:14:16:164907>>>  Tank #2 Red AI Tank adjusted targeting angle one unit CCW...
<<<16:14:16:164907>>>  Tank #3 Yellow AI Tank moved one unit CCW...
<<<16:14:16:296386>>>  Tank #2 Red AI Tank is checking targeting info...
<<<16:14:16:296386>>>  Tank #2 Red AI Tank Launch angle not within tolerances, adjusting firing solution...
<<<16:14:16:296386>>>  Tank #2 Red AI Tank Launch speed not within tolerances, adjusting firing solution...
<<<16:14:16:296386>>>  Tank #2 Red AI Tank adjusted targeting angle one unit CCW...
<<<16:14:16:296386>>>  Tank #3 Yellow AI Tank moved one unit CCW...
<<<16:14:16:426898>>>  Tank #2 Red AI Tank is checking targeting info...
<<<16:14:16:426898>>>  Tank #2 Red AI Tank Launch angle not within tolerances, adjusting firing solution...
<<<16:14:16:426898>>>  Tank #2 Red AI Tank Launch speed not within tolerances, adjusting firing solution...
<<<16:14:16:426898>>>  Tank #2 Red AI Tank adjusted targeting angle one unit CCW...
<<<16:14:16:426898>>>  Tank #3 Yellow AI Tank moved one unit CCW...
<<<16:14:16:557752>>>  Tank #2 Red AI Tank is checking targeting info...
<<<16:14:16:557752>>>  Tank #2 Red AI Tank Launch angle not within tolerances, adjusting firing solution...
<<<16:14:16:557752>>>  Tank #2 Red AI Tank Launch speed not within tolerances, adjusting firing solution...
<<<16:14:16:557752>>>  Tank #2 Red AI Tank adjusted targeting angle one unit CCW...
<<<16:14:16:557752>>>  Tank #3 Yellow AI Tank moved one unit CCW...
<<<16:14:16:689079>>>  Tank #2 Red AI Tank is checking targeting info...
<<<16:14:16:689079>>>  Tank #2 Red AI Tank Launch angle not within tolerances, adjusting firing solution...
<<<16:14:16:689079>>>  Tank #2 Red AI Tank Launch speed not within tolerances, adjusting firing solution...
<<<16:14:16:689079>>>  Tank #2 Red AI Tank adjusted targeting angle one unit CCW...
<<<16:14:16:689079>>>  Tank #3 Yellow AI Tank moved one unit CCW...
<<<16:14:16:820596>>>  Tank #2 Red AI Tank is checking targeting info...
<<<16:14:16:820596>>>  Tank #2 Red AI Tank Launch angle not within tolerances, adjusting firing solution...
<<<16:14:16:820596>>>  Tank #2 Red AI Tank Launch speed not within tolerances, adjusting firing solution...
<<<16:14:16:820596>>>  Tank #2 Red AI Tank adjusted targeting angle one unit CCW...
<<<16:14:16:820596>>>  Tank #3 Yellow AI Tank moved one unit CCW...
<<<16:14:16:950992>>>  Tank #2 Red AI Tank is checking targeting info...
<<<16:14:16:950992>>>  Tank #2 Red AI Tank Launch angle not within tolerances, adjusting firing solution...
<<<16:14:16:950992>>>  Tank #2 Red AI Tank Launch speed not within tolerances, adjusting firing solution...
<<<16:14:16:950992>>>  Tank #2 Red AI Tank adjusted targeting angle one unit CCW...
<<<16:14:16:950992>>>  Tank #3 Yellow AI Tank moved one unit CCW...
<<<16:14:17:082034>>>  Tank #2 Red AI Tank is checking targeting info...
<<<16:14:17:082034>>>  Tank #2 Red AI Tank Launch angle not within tolerances, adjusting firing solution...
<<<16:14:17:082034>>>  Tank #2 Red AI Tank Launch speed not within tolerances, adjusting firing solution...
<<<16:14:17:082034>>>  Tank #2 Red AI Tank adjusted targeting angle one unit CCW...
<<<16:14:17:082034>>>  Tank #3 Yellow AI Tank moved one unit CCW...
<<<16:14:17:212216>>>  Tank #2 Red AI Tank is checking targeting info...
<<<16:14:17:212216>>>  Tank #2 Red AI Tank Launch angle not within tolerances, adjusting firing solution...
<<<16:14:17:212216>>>  Tank #2 Red AI Tank Launch speed not within tolerances, adjusting firing solution...
<<<16:14:17:212216>>>  Tank #2 Red AI Tank adjusted targeting angle one unit CCW...
<<<16:14:17:212216>>>  Tank #3 Yellow AI Tank moved one unit CCW...
<<<16:14:17:228135>>>
* INFORMATION FOR Tank #1 Green Player Tank's CANNONBALLS:
* Cannonballs in memory for Tank #1 Green Player Tank:  0.
* Total cannonballs fired or chambered for Tank #1 Green Player Tank:  0.
<<<16:14:17:228135>>>
* INFORMATION FOR Tank #2 Red AI Tank's CANNONBALLS:
* Cannonballs in memory for Tank #2 Red AI Tank:  1.
* Total cannonballs fired or chambered for Tank #2 Red AI Tank:  1.
<<<16:14:17:228135>>>
* CURRENT VALUES FOR CELESTIAL BODY:  Tank #2 Red AI Tank's Cannonball #1
* This is not the homeworld.
* The celestial boyd's density is 5515 kg/m^3.
* The celestial body's mass is 1000 kg.
* The Earth's mass is 5.972e+24 kg.
* The celestial body's radius is 0.001 km.
* The celestial body's coordinates are (-5376.5102216180285, -3069.405369569682).
* The celestial body's velocity is (-4.844625134703663, -2.796914068062283).
* The celestial body's speed is 5.594025473657337 km/s.
* The celestial body's acceleration is (0, 0).
* The celestial body's screen x and y coordinates are (724, 493).
* The celestial body's screen radius is 2.
* The celestial is using a body circle.
<<<16:14:17:228135>>>
* ADDITIONAL INFORMATION FOR Tank #2 Red AI Tank's Cannonball #1:
* This cannonball is chambered.
<<<16:14:17:228135>>>
* INFORMATION FOR Tank #3 Yellow AI Tank's CANNONBALLS:
* Cannonballs in memory for Tank #3 Yellow AI Tank:  0.
* Total cannonballs fired or chambered for Tank #3 Yellow AI Tank:  0.
<<<16:14:17:228135>>>  Quit through pygame and writing log file...
