<<<11:20:13:748532>>>  Pix\Homeworlds\Desert\5.png loaded as pixie for Earth...
<<<11:20:13:749448>>>  Image at Pix\Homeworlds\Desert\5.png chosen as homeworld pix for Earth's...
<<<11:20:13:759878>>>  Pix\Moons\1.png loaded as pixie for Moon #2...
<<<11:20:13:836747>>>  Pix\Snails\Green_Snail\Spells\Spellready_Icon\spellready.png returned as pixie for Snail #1 Green Player...
<<<11:20:13:836747>>>  Pix\Magic\Scroll\scroll.png returned as pixie for Snail #1 Green Player...
<<<11:20:13:836747>>>  Snail #1 Green Player successfully created!
<<<11:20:13:909544>>>  Pix\Snails\Red_Snail\Spells\Spellready_Icon\spellready.png returned as pixie for Snail #2 Red Player...
<<<11:20:13:910542>>>  Pix\Magic\Scroll\scroll.png returned as pixie for Snail #2 Red Player...
<<<11:20:13:910542>>>  Snail #2 Red Player successfully created!
<<<11:20:14:407542>>>  Snail #1 Green Player chambered cannonball...
<<<11:20:14:407542>>>
* CURRENT VALUES FOR CELESTIAL BODY:  Snail #1 Green Player's Cannonball #1
* This is not the homeworld.
* The celestial boyd's density is 5515 kg/m^3.
* The celestial body's mass is 1000 kg.
* The Earth's mass is 5.972e+24 kg.
* The celestial body's radius is 0.001 km.
* The celestial body's coordinates are (3.9011123786838936e-13, 6371.0).
* The celestial body's velocity is (-0.004123121057540331, 5.593265724304534).
* The celestial body's speed is 5.593267244000342 km/s.
* The celestial body's acceleration is (0, 0).
* The celestial body's screen x and y coordinates are (768, 345).
* The celestial body's screen radius is 2.
* The celestial is using a body circle.
<<<11:20:14:407542>>>
* ADDITIONAL INFORMATION FOR Snail #1 Green Player's Cannonball #1:
* This cannonball is chambered.
<<<11:20:32:921809>>>
* INFORMATION FOR Snail #1 Green Player's CANNONBALLS:
* Cannonballs in memory for Snail #1 Green Player:  1.
* Total cannonballs fired or chambered for Snail #1 Green Player:  1.
<<<11:20:32:921809>>>
* CURRENT VALUES FOR CELESTIAL BODY:  Snail #1 Green Player's Cannonball #1
* This is not the homeworld.
* The celestial boyd's density is 5515 kg/m^3.
* The celestial body's mass is 1000 kg.
* The Earth's mass is 5.972e+24 kg.
* The celestial body's radius is 0.001 km.
* The celestial body's coordinates are (409.9107114607924, 6864.8387055415205).
* The celestial body's velocity is (-0.004123121057540331, 5.593265724304534).
* The celestial body's speed is 5.593267244000342 km/s.
* The celestial body's acceleration is (0, 0).
* The celestial body's screen x and y coordinates are (773, 338).
* The celestial body's screen radius is 2.
* The celestial is using a body circle.
<<<11:20:32:921809>>>
* ADDITIONAL INFORMATION FOR Snail #1 Green Player's Cannonball #1:
* This cannonball is chambered.
<<<11:20:32:921809>>>
* INFORMATION FOR Snail #2 Red Player's CANNONBALLS:
* Cannonballs in memory for Snail #2 Red Player:  0.
* Total cannonballs fired or chambered for Snail #2 Red Player:  0.
<<<11:20:32:921809>>>  Quit through pygame and writing log file...
