<<<15:16:49:360298>>>
* Screen coordinates (1423, 78) choosen in zone #3.
* Screen dimensions are 1600 wide by 900 high.
* Minimum (x, y) are (1333, 0).
* Maximum (x, y) are (1600, 150).
* Mid (x, y) are (1466, 75).
<<<15:16:49:360298>>>  Image at Pix\Faraway_Objects\Black_Holes\2.png choosen for background...
<<<15:16:49:361208>>>
* Screen coordinates (94, 453) choosen in zone #8.
* Screen dimensions are 1600 wide by 900 high.
* Minimum (x, y) are (0, 150).
* Maximum (x, y) are (266, 750).
* Mid (x, y) are (133, 450).
<<<15:16:49:361208>>>  Image at Pix\Faraway_Objects\Black_Holes\4.png choosen for background...
<<<15:16:49:367104>>>  Pix\Homeworlds\Lava\2.png loaded as pixie for Earth...
<<<15:16:49:367104>>>  Image at Pix\Homeworlds\Lava\2.png chosen as homeworld pix for Earth's...
<<<15:16:49:367104>>>  Pix\Moons\4.png loaded as pixie for Moon #2...
<<<15:16:49:408921>>>  Pix\Snails\Green_Snail\Spells\Spellready_Icon\spellready.png returned as pixie for Tank #1 Green Player Tank...
<<<15:16:49:408921>>>  Tank #1 Green Player Tank successfully created!
<<<15:16:49:451395>>>  Pix\Snails\Red_Snail\Spells\Spellready_Icon\spellready.png returned as pixie for Tank #2 Red AI Tank...
<<<15:16:49:451395>>>  Tank #2 Red AI Tank successfully created!
<<<15:16:49:495029>>>  Pix\Snails\Yellow_Snail\Spells\Spellready_Icon\spellready.png returned as pixie for Tank #3 Yellow AI Tank...
<<<15:16:49:495029>>>  Tank #3 Yellow AI Tank successfully created!
<<<15:16:49:500069>>>  Tank #2 Red AI Tank chose to shoot...
<<<15:16:49:500069>>>  Tank #3 Yellow AI Tank chose to shoot...
<<<15:16:49:513072>>>  Tank #2 Red AI Tank is checking targeting info...
<<<15:16:49:513072>>>  Tank #2 Red AI Tank Launch angle not within tolerances, adjusting firing solution...
<<<15:16:49:513072>>>  Tank #2 Red AI Tank Launch speed not within tolerances, adjusting firing solution...
<<<15:16:49:513072>>>  Tank #2 Red AI Tank adjusted targeting angle one unit CCW...
<<<15:16:49:513072>>>  Tank #3 Yellow AI Tank is checking targeting info...
<<<15:16:49:513072>>>  Tank #3 Yellow AI Tank Launch angle not within tolerances, adjusting firing solution...
<<<15:16:49:513072>>>  Tank #3 Yellow AI Tank Launch speed not within tolerances, adjusting firing solution...
<<<15:16:49:513072>>>  Tank #3 Yellow AI Tank adjusted targeting angle one unit CW...
<<<15:16:49:528953>>>  Tank #2 Red AI Tank is checking targeting info...
<<<15:16:49:528953>>>  Tank #2 Red AI Tank Launch angle not within tolerances, adjusting firing solution...
<<<15:16:49:528953>>>  Tank #2 Red AI Tank Launch speed not within tolerances, adjusting firing solution...
<<<15:16:49:528953>>>  Tank #2 Red AI Tank adjusted targeting angle one unit CCW...
<<<15:16:49:528953>>>  Tank #3 Yellow AI Tank is checking targeting info...
<<<15:16:49:528953>>>  Tank #3 Yellow AI Tank Launch angle not within tolerances, adjusting firing solution...
<<<15:16:49:528953>>>  Tank #3 Yellow AI Tank Launch speed not within tolerances, adjusting firing solution...
<<<15:16:49:528953>>>  Tank #3 Yellow AI Tank adjusted targeting angle one unit CW...
<<<15:16:49:545323>>>  Tank #2 Red AI Tank is checking targeting info...
<<<15:16:49:545323>>>  Tank #2 Red AI Tank Launch angle not within tolerances, adjusting firing solution...
<<<15:16:49:545323>>>  Tank #2 Red AI Tank Launch speed not within tolerances, adjusting firing solution...
<<<15:16:49:545323>>>  Tank #2 Red AI Tank adjusted targeting angle one unit CCW...
<<<15:16:49:545323>>>  Tank #3 Yellow AI Tank is checking targeting info...
<<<15:16:49:545323>>>  Tank #3 Yellow AI Tank Launch angle not within tolerances, adjusting firing solution...
<<<15:16:49:545323>>>  Tank #3 Yellow AI Tank Launch speed not within tolerances, adjusting firing solution...
<<<15:16:49:545323>>>  Tank #3 Yellow AI Tank adjusted targeting angle one unit CW...
<<<15:16:49:562431>>>  Tank #2 Red AI Tank is checking targeting info...
<<<15:16:49:562431>>>  Tank #2 Red AI Tank Launch angle not within tolerances, adjusting firing solution...
<<<15:16:49:562431>>>  Tank #2 Red AI Tank Launch speed not within tolerances, adjusting firing solution...
<<<15:16:49:562431>>>  Tank #2 Red AI Tank adjusted targeting angle one unit CCW...
<<<15:16:49:562431>>>  Tank #3 Yellow AI Tank is checking targeting info...
<<<15:16:49:562431>>>  Tank #3 Yellow AI Tank Launch angle not within tolerances, adjusting firing solution...
<<<15:16:49:562431>>>  Tank #3 Yellow AI Tank Launch speed not within tolerances, adjusting firing solution...
<<<15:16:49:562431>>>  Tank #3 Yellow AI Tank adjusted targeting angle one unit CW...
<<<15:16:49:578256>>>  Tank #2 Red AI Tank is checking targeting info...
<<<15:16:49:578256>>>  Tank #2 Red AI Tank Launch angle not within tolerances, adjusting firing solution...
<<<15:16:49:578256>>>  Tank #2 Red AI Tank Launch speed not within tolerances, adjusting firing solution...
<<<15:16:49:578256>>>  Tank #2 Red AI Tank adjusted targeting angle one unit CCW...
<<<15:16:49:578256>>>  Tank #3 Yellow AI Tank is checking targeting info...
<<<15:16:49:578256>>>  Tank #3 Yellow AI Tank Launch angle not within tolerances, adjusting firing solution...
<<<15:16:49:578256>>>  Tank #3 Yellow AI Tank Launch speed not within tolerances, adjusting firing solution...
<<<15:16:49:578256>>>  Tank #3 Yellow AI Tank adjusted targeting angle one unit CW...
<<<15:16:49:594367>>>  Tank #2 Red AI Tank is checking targeting info...
<<<15:16:49:594367>>>  Tank #2 Red AI Tank Launch angle not within tolerances, adjusting firing solution...
<<<15:16:49:594367>>>  Tank #2 Red AI Tank Launch speed not within tolerances, adjusting firing solution...
<<<15:16:49:594367>>>  Tank #2 Red AI Tank adjusted targeting angle one unit CCW...
<<<15:16:49:594367>>>  Tank #3 Yellow AI Tank is checking targeting info...
<<<15:16:49:594367>>>  Tank #3 Yellow AI Tank Launch angle not within tolerances, adjusting firing solution...
<<<15:16:49:594367>>>  Tank #3 Yellow AI Tank Launch speed not within tolerances, adjusting firing solution...
<<<15:16:49:594367>>>  Tank #3 Yellow AI Tank adjusted targeting angle one unit CW...
<<<15:16:49:611048>>>  Tank #2 Red AI Tank is checking targeting info...
<<<15:16:49:611048>>>  Tank #2 Red AI Tank Launch angle not within tolerances, adjusting firing solution...
<<<15:16:49:611048>>>  Tank #2 Red AI Tank Launch speed not within tolerances, adjusting firing solution...
<<<15:16:49:611048>>>  Tank #2 Red AI Tank adjusted targeting angle one unit CCW...
<<<15:16:49:611048>>>  Tank #3 Yellow AI Tank is checking targeting info...
<<<15:16:49:611048>>>  Tank #3 Yellow AI Tank Launch angle not within tolerances, adjusting firing solution...
<<<15:16:49:611048>>>  Tank #3 Yellow AI Tank Launch speed not within tolerances, adjusting firing solution...
<<<15:16:49:611048>>>  Tank #3 Yellow AI Tank adjusted targeting angle one unit CW...
<<<15:16:49:627529>>>  Tank #2 Red AI Tank is checking targeting info...
<<<15:16:49:627529>>>  Tank #2 Red AI Tank Launch angle not within tolerances, adjusting firing solution...
<<<15:16:49:627529>>>  Tank #2 Red AI Tank Launch speed not within tolerances, adjusting firing solution...
<<<15:16:49:627529>>>  Tank #2 Red AI Tank adjusted targeting angle one unit CCW...
<<<15:16:49:627529>>>  Tank #3 Yellow AI Tank is checking targeting info...
<<<15:16:49:627529>>>  Tank #3 Yellow AI Tank Launch angle not within tolerances, adjusting firing solution...
<<<15:16:49:627529>>>  Tank #3 Yellow AI Tank Launch speed not within tolerances, adjusting firing solution...
<<<15:16:49:627529>>>  Tank #3 Yellow AI Tank adjusted targeting angle one unit CW...
<<<15:16:49:644200>>>  Tank #2 Red AI Tank is checking targeting info...
<<<15:16:49:644200>>>  Tank #2 Red AI Tank Launch angle not within tolerances, adjusting firing solution...
<<<15:16:49:644200>>>  Tank #2 Red AI Tank Launch speed not within tolerances, adjusting firing solution...
<<<15:16:49:644200>>>  Tank #2 Red AI Tank adjusted targeting angle one unit CCW...
<<<15:16:49:644200>>>  Tank #3 Yellow AI Tank is checking targeting info...
<<<15:16:49:644200>>>  Tank #3 Yellow AI Tank Launch angle not within tolerances, adjusting firing solution...
<<<15:16:49:644200>>>  Tank #3 Yellow AI Tank Launch speed not within tolerances, adjusting firing solution...
<<<15:16:49:644200>>>  Tank #3 Yellow AI Tank adjusted targeting angle one unit CW...
<<<15:16:49:660233>>>  Tank #2 Red AI Tank is checking targeting info...
<<<15:16:49:660233>>>  Tank #2 Red AI Tank Launch angle not within tolerances, adjusting firing solution...
<<<15:16:49:660233>>>  Tank #2 Red AI Tank Launch speed not within tolerances, adjusting firing solution...
<<<15:16:49:660233>>>  Tank #2 Red AI Tank adjusted targeting angle one unit CCW...
<<<15:16:49:660233>>>  Tank #3 Yellow AI Tank is checking targeting info...
<<<15:16:49:660233>>>  Tank #3 Yellow AI Tank Launch angle not within tolerances, adjusting firing solution...
<<<15:16:49:660233>>>  Tank #3 Yellow AI Tank Launch speed not within tolerances, adjusting firing solution...
<<<15:16:49:660233>>>  Tank #3 Yellow AI Tank adjusted targeting angle one unit CW...
<<<15:16:49:675819>>>  Tank #2 Red AI Tank is checking targeting info...
<<<15:16:49:675819>>>  Tank #2 Red AI Tank Launch angle not within tolerances, adjusting firing solution...
<<<15:16:49:675819>>>  Tank #2 Red AI Tank Launch speed not within tolerances, adjusting firing solution...
<<<15:16:49:675819>>>  Tank #2 Red AI Tank adjusted targeting angle one unit CCW...
<<<15:16:49:675819>>>  Tank #3 Yellow AI Tank is checking targeting info...
<<<15:16:49:675819>>>  Tank #3 Yellow AI Tank Launch angle not within tolerances, adjusting firing solution...
<<<15:16:49:675819>>>  Tank #3 Yellow AI Tank Launch speed not within tolerances, adjusting firing solution...
<<<15:16:49:675819>>>  Tank #3 Yellow AI Tank adjusted targeting angle one unit CW...
<<<15:16:49:691970>>>  Tank #2 Red AI Tank is checking targeting info...
<<<15:16:49:691970>>>  Tank #2 Red AI Tank Launch angle not within tolerances, adjusting firing solution...
<<<15:16:49:691970>>>  Tank #2 Red AI Tank Launch speed not within tolerances, adjusting firing solution...
<<<15:16:49:691970>>>  Tank #2 Red AI Tank adjusted targeting angle one unit CCW...
<<<15:16:49:691970>>>  Tank #3 Yellow AI Tank is checking targeting info...
<<<15:16:49:691970>>>  Tank #3 Yellow AI Tank Launch angle not within tolerances, adjusting firing solution...
<<<15:16:49:691970>>>  Tank #3 Yellow AI Tank Launch speed not within tolerances, adjusting firing solution...
<<<15:16:49:691970>>>  Tank #3 Yellow AI Tank adjusted targeting angle one unit CW...
<<<15:16:49:707772>>>  Tank #2 Red AI Tank is checking targeting info...
<<<15:16:49:707772>>>  Tank #2 Red AI Tank Launch angle not within tolerances, adjusting firing solution...
<<<15:16:49:707772>>>  Tank #2 Red AI Tank Launch speed not within tolerances, adjusting firing solution...
<<<15:16:49:707772>>>  Tank #2 Red AI Tank adjusted targeting angle one unit CCW...
<<<15:16:49:707772>>>  Tank #3 Yellow AI Tank is checking targeting info...
<<<15:16:49:707772>>>  Tank #3 Yellow AI Tank Launch angle not within tolerances, adjusting firing solution...
<<<15:16:49:707772>>>  Tank #3 Yellow AI Tank Launch speed not within tolerances, adjusting firing solution...
<<<15:16:49:707772>>>  Tank #3 Yellow AI Tank adjusted targeting angle one unit CW...
<<<15:16:49:724183>>>  Tank #2 Red AI Tank is checking targeting info...
<<<15:16:49:724183>>>  Tank #2 Red AI Tank Launch angle not within tolerances, adjusting firing solution...
<<<15:16:49:724183>>>  Tank #2 Red AI Tank Launch speed not within tolerances, adjusting firing solution...
<<<15:16:49:724183>>>  Tank #2 Red AI Tank adjusted targeting angle one unit CCW...
<<<15:16:49:724183>>>  Tank #3 Yellow AI Tank is checking targeting info...
<<<15:16:49:724183>>>  Tank #3 Yellow AI Tank Launch angle not within tolerances, adjusting firing solution...
<<<15:16:49:724183>>>  Tank #3 Yellow AI Tank Launch speed not within tolerances, adjusting firing solution...
<<<15:16:49:724183>>>  Tank #3 Yellow AI Tank adjusted targeting angle one unit CW...
<<<15:16:49:740627>>>  Tank #2 Red AI Tank is checking targeting info...
<<<15:16:49:740627>>>  Tank #2 Red AI Tank Launch angle not within tolerances, adjusting firing solution...
<<<15:16:49:740627>>>  Tank #2 Red AI Tank Launch speed not within tolerances, adjusting firing solution...
<<<15:16:49:740627>>>  Tank #2 Red AI Tank adjusted targeting angle one unit CCW...
<<<15:16:49:740627>>>  Tank #3 Yellow AI Tank is checking targeting info...
<<<15:16:49:740627>>>  Tank #3 Yellow AI Tank Launch angle not within tolerances, adjusting firing solution...
<<<15:16:49:740627>>>  Tank #3 Yellow AI Tank Launch speed not within tolerances, adjusting firing solution...
<<<15:16:49:740627>>>  Tank #3 Yellow AI Tank adjusted targeting angle one unit CW...
<<<15:16:49:756097>>>  Tank #2 Red AI Tank is checking targeting info...
<<<15:16:49:756097>>>  Tank #2 Red AI Tank Launch angle not within tolerances, adjusting firing solution...
<<<15:16:49:756097>>>  Tank #2 Red AI Tank Launch speed not within tolerances, adjusting firing solution...
<<<15:16:49:756097>>>  Tank #2 Red AI Tank adjusted targeting angle one unit CCW...
<<<15:16:49:756097>>>  Tank #3 Yellow AI Tank is checking targeting info...
<<<15:16:49:756097>>>  Tank #3 Yellow AI Tank Launch angle not within tolerances, adjusting firing solution...
<<<15:16:49:756097>>>  Tank #3 Yellow AI Tank Launch speed not within tolerances, adjusting firing solution...
<<<15:16:49:756097>>>  Tank #3 Yellow AI Tank adjusted targeting angle one unit CW...
<<<15:16:49:772467>>>  Tank #2 Red AI Tank is checking targeting info...
<<<15:16:49:772467>>>  Tank #2 Red AI Tank Launch angle not within tolerances, adjusting firing solution...
<<<15:16:49:772467>>>  Tank #2 Red AI Tank Launch speed not within tolerances, adjusting firing solution...
<<<15:16:49:772467>>>  Tank #2 Red AI Tank adjusted targeting angle one unit CCW...
<<<15:16:49:772467>>>  Tank #3 Yellow AI Tank is checking targeting info...
<<<15:16:49:772467>>>  Tank #3 Yellow AI Tank Launch angle not within tolerances, adjusting firing solution...
<<<15:16:49:772467>>>  Tank #3 Yellow AI Tank Launch speed not within tolerances, adjusting firing solution...
<<<15:16:49:772467>>>  Tank #3 Yellow AI Tank adjusted targeting angle one unit CW...
<<<15:16:49:789211>>>  Tank #2 Red AI Tank is checking targeting info...
<<<15:16:49:789211>>>  Tank #2 Red AI Tank Launch angle not within tolerances, adjusting firing solution...
<<<15:16:49:789211>>>  Tank #2 Red AI Tank Launch speed not within tolerances, adjusting firing solution...
<<<15:16:49:789211>>>  Tank #2 Red AI Tank adjusted targeting angle one unit CCW...
<<<15:16:49:789211>>>  Tank #3 Yellow AI Tank is checking targeting info...
<<<15:16:49:789211>>>  Tank #3 Yellow AI Tank Launch angle not within tolerances, adjusting firing solution...
<<<15:16:49:789211>>>  Tank #3 Yellow AI Tank Launch speed not within tolerances, adjusting firing solution...
<<<15:16:49:789211>>>  Tank #3 Yellow AI Tank adjusted targeting angle one unit CW...
<<<15:16:49:805435>>>  Tank #2 Red AI Tank is checking targeting info...
<<<15:16:49:805435>>>  Tank #2 Red AI Tank Launch angle not within tolerances, adjusting firing solution...
<<<15:16:49:805435>>>  Tank #2 Red AI Tank Launch speed not within tolerances, adjusting firing solution...
<<<15:16:49:805435>>>  Tank #2 Red AI Tank adjusted targeting angle one unit CCW...
<<<15:16:49:805435>>>  Tank #3 Yellow AI Tank is checking targeting info...
<<<15:16:49:805435>>>  Tank #3 Yellow AI Tank Launch angle not within tolerances, adjusting firing solution...
<<<15:16:49:805435>>>  Tank #3 Yellow AI Tank Launch speed not within tolerances, adjusting firing solution...
<<<15:16:49:805435>>>  Tank #3 Yellow AI Tank adjusted targeting angle one unit CW...
<<<15:16:49:821294>>>  Tank #2 Red AI Tank is checking targeting info...
<<<15:16:49:821294>>>  Tank #2 Red AI Tank Launch angle not within tolerances, adjusting firing solution...
<<<15:16:49:821294>>>  Tank #2 Red AI Tank Launch speed not within tolerances, adjusting firing solution...
<<<15:16:49:821294>>>  Tank #2 Red AI Tank adjusted targeting angle one unit CCW...
<<<15:16:49:821294>>>  Tank #3 Yellow AI Tank is checking targeting info...
<<<15:16:49:821294>>>  Tank #3 Yellow AI Tank Launch angle not within tolerances, adjusting firing solution...
<<<15:16:49:821294>>>  Tank #3 Yellow AI Tank Launch speed not within tolerances, adjusting firing solution...
<<<15:16:49:821294>>>  Tank #3 Yellow AI Tank adjusted targeting angle one unit CW...
<<<15:16:49:837464>>>  Tank #2 Red AI Tank is checking targeting info...
<<<15:16:49:837464>>>  Tank #2 Red AI Tank Launch angle not within tolerances, adjusting firing solution...
<<<15:16:49:837464>>>  Tank #2 Red AI Tank Launch speed not within tolerances, adjusting firing solution...
<<<15:16:49:837464>>>  Tank #2 Red AI Tank adjusted targeting angle one unit CCW...
<<<15:16:49:837464>>>  Tank #3 Yellow AI Tank is checking targeting info...
<<<15:16:49:837464>>>  Tank #3 Yellow AI Tank Launch angle not within tolerances, adjusting firing solution...
<<<15:16:49:837464>>>  Tank #3 Yellow AI Tank Launch speed not within tolerances, adjusting firing solution...
<<<15:16:49:837464>>>  Tank #3 Yellow AI Tank adjusted targeting angle one unit CW...
<<<15:16:49:855482>>>  Tank #2 Red AI Tank is checking targeting info...
<<<15:16:49:855482>>>  Tank #2 Red AI Tank Launch angle not within tolerances, adjusting firing solution...
<<<15:16:49:855482>>>  Tank #2 Red AI Tank Launch speed not within tolerances, adjusting firing solution...
<<<15:16:49:855482>>>  Tank #2 Red AI Tank adjusted targeting angle one unit CCW...
<<<15:16:49:855482>>>  Tank #3 Yellow AI Tank is checking targeting info...
<<<15:16:49:855482>>>  Tank #3 Yellow AI Tank Launch angle not within tolerances, adjusting firing solution...
<<<15:16:49:855482>>>  Tank #3 Yellow AI Tank Launch speed not within tolerances, adjusting firing solution...
<<<15:16:49:855482>>>  Tank #3 Yellow AI Tank adjusted targeting angle one unit CW...
<<<15:16:49:873307>>>  Tank #2 Red AI Tank is checking targeting info...
<<<15:16:49:873307>>>  Tank #2 Red AI Tank Launch angle not within tolerances, adjusting firing solution...
<<<15:16:49:873307>>>  Tank #2 Red AI Tank Launch speed not within tolerances, adjusting firing solution...
<<<15:16:49:873307>>>  Tank #2 Red AI Tank adjusted targeting angle one unit CCW...
<<<15:16:49:873307>>>  Tank #3 Yellow AI Tank is checking targeting info...
<<<15:16:49:873307>>>  Tank #3 Yellow AI Tank Launch angle not within tolerances, adjusting firing solution...
<<<15:16:49:873307>>>  Tank #3 Yellow AI Tank Launch speed not within tolerances, adjusting firing solution...
<<<15:16:49:873307>>>  Tank #3 Yellow AI Tank adjusted targeting angle one unit CW...
<<<15:16:49:889900>>>  Successfully removed spellready icon from Tank #1 Green Player Tank's effect list!
<<<15:16:49:889900>>>  Tank #2 Red AI Tank is checking targeting info...
<<<15:16:49:889900>>>  Tank #2 Red AI Tank Launch angle not within tolerances, adjusting firing solution...
<<<15:16:49:889900>>>  Tank #2 Red AI Tank Launch speed not within tolerances, adjusting firing solution...
<<<15:16:49:889900>>>  Tank #2 Red AI Tank adjusted targeting angle one unit CCW...
<<<15:16:49:889900>>>  Tank #3 Yellow AI Tank is checking targeting info...
<<<15:16:49:889900>>>  Tank #3 Yellow AI Tank Launch angle not within tolerances, adjusting firing solution...
<<<15:16:49:889900>>>  Tank #3 Yellow AI Tank Launch speed not within tolerances, adjusting firing solution...
<<<15:16:49:889900>>>  Tank #3 Yellow AI Tank adjusted targeting angle one unit CW...
<<<15:16:49:905635>>>  Tank #2 Red AI Tank is checking targeting info...
<<<15:16:49:905635>>>  Tank #2 Red AI Tank Launch angle not within tolerances, adjusting firing solution...
<<<15:16:49:905635>>>  Tank #2 Red AI Tank Launch speed not within tolerances, adjusting firing solution...
<<<15:16:49:905635>>>  Tank #2 Red AI Tank adjusted targeting angle one unit CCW...
<<<15:16:49:905635>>>  Tank #3 Yellow AI Tank is checking targeting info...
<<<15:16:49:905635>>>  Tank #3 Yellow AI Tank Launch angle not within tolerances, adjusting firing solution...
<<<15:16:49:905635>>>  Tank #3 Yellow AI Tank Launch speed not within tolerances, adjusting firing solution...
<<<15:16:49:905635>>>  Tank #3 Yellow AI Tank adjusted targeting angle one unit CW...
<<<15:16:49:922289>>>  Tank #2 Red AI Tank is checking targeting info...
<<<15:16:49:922289>>>  Tank #2 Red AI Tank Launch angle not within tolerances, adjusting firing solution...
<<<15:16:49:922289>>>  Tank #2 Red AI Tank Launch speed not within tolerances, adjusting firing solution...
<<<15:16:49:922289>>>  Tank #2 Red AI Tank adjusted targeting angle one unit CCW...
<<<15:16:49:922289>>>  Tank #3 Yellow AI Tank is checking targeting info...
<<<15:16:49:922289>>>  Tank #3 Yellow AI Tank Launch angle not within tolerances, adjusting firing solution...
<<<15:16:49:922289>>>  Tank #3 Yellow AI Tank Launch speed not within tolerances, adjusting firing solution...
<<<15:16:49:922289>>>  Tank #3 Yellow AI Tank adjusted targeting angle one unit CW...
<<<15:16:49:939118>>>  Tank #2 Red AI Tank is checking targeting info...
<<<15:16:49:939118>>>  Tank #2 Red AI Tank Launch angle not within tolerances, adjusting firing solution...
<<<15:16:49:939118>>>  Tank #2 Red AI Tank Launch speed not within tolerances, adjusting firing solution...
<<<15:16:49:939118>>>  Tank #2 Red AI Tank adjusted targeting angle one unit CCW...
<<<15:16:49:939118>>>  Tank #3 Yellow AI Tank is checking targeting info...
<<<15:16:49:939118>>>  Tank #3 Yellow AI Tank Launch angle not within tolerances, adjusting firing solution...
<<<15:16:49:939118>>>  Tank #3 Yellow AI Tank Launch speed not within tolerances, adjusting firing solution...
<<<15:16:49:939118>>>  Tank #3 Yellow AI Tank adjusted targeting angle one unit CW...
<<<15:16:49:955033>>>  Tank #2 Red AI Tank is checking targeting info...
<<<15:16:49:955033>>>  Tank #2 Red AI Tank Launch angle not within tolerances, adjusting firing solution...
<<<15:16:49:955033>>>  Tank #2 Red AI Tank Launch speed not within tolerances, adjusting firing solution...
<<<15:16:49:955033>>>  Tank #2 Red AI Tank adjusted targeting angle one unit CCW...
<<<15:16:49:955033>>>  Tank #3 Yellow AI Tank is checking targeting info...
<<<15:16:49:955033>>>  Tank #3 Yellow AI Tank Launch angle not within tolerances, adjusting firing solution...
<<<15:16:49:955033>>>  Tank #3 Yellow AI Tank Launch speed not within tolerances, adjusting firing solution...
<<<15:16:49:955033>>>  Tank #3 Yellow AI Tank adjusted targeting angle one unit CW...
<<<15:16:49:970662>>>  Tank #2 Red AI Tank is checking targeting info...
<<<15:16:49:970662>>>  Tank #2 Red AI Tank Launch angle not within tolerances, adjusting firing solution...
<<<15:16:49:970662>>>  Tank #2 Red AI Tank Launch speed not within tolerances, adjusting firing solution...
<<<15:16:49:970662>>>  Tank #2 Red AI Tank adjusted targeting angle one unit CCW...
<<<15:16:49:970662>>>  Tank #3 Yellow AI Tank is checking targeting info...
<<<15:16:49:970662>>>  Tank #3 Yellow AI Tank Launch angle not within tolerances, adjusting firing solution...
<<<15:16:49:970662>>>  Tank #3 Yellow AI Tank Launch speed not within tolerances, adjusting firing solution...
<<<15:16:49:970662>>>  Tank #3 Yellow AI Tank adjusted targeting angle one unit CW...
<<<15:16:49:986953>>>  Tank #2 Red AI Tank is checking targeting info...
<<<15:16:49:986953>>>  Tank #2 Red AI Tank Launch angle not within tolerances, adjusting firing solution...
<<<15:16:49:986953>>>  Tank #2 Red AI Tank Launch speed not within tolerances, adjusting firing solution...
<<<15:16:49:986953>>>  Tank #2 Red AI Tank adjusted targeting angle one unit CCW...
<<<15:16:49:986953>>>  Tank #3 Yellow AI Tank is checking targeting info...
<<<15:16:49:986953>>>  Tank #3 Yellow AI Tank Launch angle not within tolerances, adjusting firing solution...
<<<15:16:49:986953>>>  Tank #3 Yellow AI Tank Launch speed not within tolerances, adjusting firing solution...
<<<15:16:49:986953>>>  Tank #3 Yellow AI Tank adjusted targeting angle one unit CW...
<<<15:16:50:002850>>>  Tank #2 Red AI Tank is checking targeting info...
<<<15:16:50:002850>>>  Tank #2 Red AI Tank Launch angle not within tolerances, adjusting firing solution...
<<<15:16:50:002850>>>  Tank #2 Red AI Tank Launch speed not within tolerances, adjusting firing solution...
<<<15:16:50:002850>>>  Tank #2 Red AI Tank adjusted targeting angle one unit CCW...
<<<15:16:50:002850>>>  Tank #3 Yellow AI Tank is checking targeting info...
<<<15:16:50:002850>>>  Tank #3 Yellow AI Tank Launch angle not within tolerances, adjusting firing solution...
<<<15:16:50:002850>>>  Tank #3 Yellow AI Tank Launch speed not within tolerances, adjusting firing solution...
<<<15:16:50:002850>>>  Tank #3 Yellow AI Tank adjusted targeting angle one unit CW...
<<<15:16:50:019604>>>  Tank #2 Red AI Tank is checking targeting info...
<<<15:16:50:019604>>>  Tank #2 Red AI Tank Launch angle not within tolerances, adjusting firing solution...
<<<15:16:50:019604>>>  Tank #2 Red AI Tank Launch speed not within tolerances, adjusting firing solution...
<<<15:16:50:019604>>>  Tank #2 Red AI Tank adjusted targeting angle one unit CCW...
<<<15:16:50:019604>>>  Tank #3 Yellow AI Tank is checking targeting info...
<<<15:16:50:019604>>>  Tank #3 Yellow AI Tank Launch angle not within tolerances, adjusting firing solution...
<<<15:16:50:019604>>>  Tank #3 Yellow AI Tank Launch speed not within tolerances, adjusting firing solution...
<<<15:16:50:019604>>>  Tank #3 Yellow AI Tank adjusted targeting angle one unit CW...
<<<15:16:50:037688>>>  Tank #2 Red AI Tank is checking targeting info...
<<<15:16:50:037688>>>  Tank #2 Red AI Tank Launch angle not within tolerances, adjusting firing solution...
<<<15:16:50:037688>>>  Tank #2 Red AI Tank Launch speed not within tolerances, adjusting firing solution...
<<<15:16:50:037688>>>  Tank #2 Red AI Tank adjusted targeting angle one unit CCW...
<<<15:16:50:037688>>>  Tank #3 Yellow AI Tank is checking targeting info...
<<<15:16:50:037688>>>  Tank #3 Yellow AI Tank Launch angle not within tolerances, adjusting firing solution...
<<<15:16:50:037688>>>  Tank #3 Yellow AI Tank Launch speed not within tolerances, adjusting firing solution...
<<<15:16:50:037688>>>  Tank #3 Yellow AI Tank adjusted targeting angle one unit CW...
<<<15:16:50:053946>>>  Tank #2 Red AI Tank is checking targeting info...
<<<15:16:50:053946>>>  Tank #2 Red AI Tank Launch angle not within tolerances, adjusting firing solution...
<<<15:16:50:053946>>>  Tank #2 Red AI Tank Launch speed not within tolerances, adjusting firing solution...
<<<15:16:50:053946>>>  Tank #2 Red AI Tank adjusted targeting angle one unit CCW...
<<<15:16:50:053946>>>  Tank #3 Yellow AI Tank is checking targeting info...
<<<15:16:50:053946>>>  Tank #3 Yellow AI Tank Launch angle not within tolerances, adjusting firing solution...
<<<15:16:50:053946>>>  Tank #3 Yellow AI Tank Launch speed not within tolerances, adjusting firing solution...
<<<15:16:50:053946>>>  Tank #3 Yellow AI Tank adjusted targeting angle one unit CW...
<<<15:16:50:070209>>>  Tank #2 Red AI Tank is checking targeting info...
<<<15:16:50:070209>>>  Tank #2 Red AI Tank Launch angle not within tolerances, adjusting firing solution...
<<<15:16:50:070209>>>  Tank #2 Red AI Tank Launch speed not within tolerances, adjusting firing solution...
<<<15:16:50:070209>>>  Tank #2 Red AI Tank adjusted targeting angle one unit CCW...
<<<15:16:50:070209>>>  Tank #3 Yellow AI Tank is checking targeting info...
<<<15:16:50:070209>>>  Tank #3 Yellow AI Tank Launch angle not within tolerances, adjusting firing solution...
<<<15:16:50:070209>>>  Tank #3 Yellow AI Tank Launch speed not within tolerances, adjusting firing solution...
<<<15:16:50:070209>>>  Tank #3 Yellow AI Tank adjusted targeting angle one unit CW...
<<<15:16:50:085826>>>  Tank #2 Red AI Tank is checking targeting info...
<<<15:16:50:085826>>>  Tank #2 Red AI Tank Launch angle not within tolerances, adjusting firing solution...
<<<15:16:50:085826>>>  Tank #2 Red AI Tank Launch speed not within tolerances, adjusting firing solution...
<<<15:16:50:085826>>>  Tank #2 Red AI Tank adjusted targeting angle one unit CCW...
<<<15:16:50:085826>>>  Tank #3 Yellow AI Tank is checking targeting info...
<<<15:16:50:085826>>>  Tank #3 Yellow AI Tank Launch angle not within tolerances, adjusting firing solution...
<<<15:16:50:085826>>>  Tank #3 Yellow AI Tank Launch speed not within tolerances, adjusting firing solution...
<<<15:16:50:085826>>>  Tank #3 Yellow AI Tank adjusted targeting angle one unit CW...
<<<15:16:50:102426>>>  Tank #2 Red AI Tank is checking targeting info...
<<<15:16:50:102426>>>  Tank #2 Red AI Tank Launch angle not within tolerances, adjusting firing solution...
<<<15:16:50:102426>>>  Tank #2 Red AI Tank Launch speed not within tolerances, adjusting firing solution...
<<<15:16:50:102426>>>  Tank #2 Red AI Tank adjusted targeting angle one unit CCW...
<<<15:16:50:102426>>>  Tank #3 Yellow AI Tank is checking targeting info...
<<<15:16:50:102426>>>  Tank #3 Yellow AI Tank Launch angle not within tolerances, adjusting firing solution...
<<<15:16:50:102426>>>  Tank #3 Yellow AI Tank Launch speed not within tolerances, adjusting firing solution...
<<<15:16:50:102426>>>  Tank #3 Yellow AI Tank adjusted targeting angle one unit CW...
<<<15:16:50:118499>>>  Tank #2 Red AI Tank is checking targeting info...
<<<15:16:50:118499>>>  Tank #2 Red AI Tank Launch angle not within tolerances, adjusting firing solution...
<<<15:16:50:118499>>>  Tank #2 Red AI Tank Launch speed not within tolerances, adjusting firing solution...
<<<15:16:50:118499>>>  Tank #2 Red AI Tank adjusted targeting angle one unit CCW...
<<<15:16:50:118499>>>  Tank #3 Yellow AI Tank is checking targeting info...
<<<15:16:50:118499>>>  Tank #3 Yellow AI Tank Launch angle not within tolerances, adjusting firing solution...
<<<15:16:50:119508>>>  Tank #3 Yellow AI Tank Launch speed not within tolerances, adjusting firing solution...
<<<15:16:50:119508>>>  Tank #3 Yellow AI Tank adjusted targeting angle one unit CW...
<<<15:16:50:134604>>>  Tank #2 Red AI Tank is checking targeting info...
<<<15:16:50:134604>>>  Tank #2 Red AI Tank Launch angle not within tolerances, adjusting firing solution...
<<<15:16:50:134604>>>  Tank #2 Red AI Tank Launch speed not within tolerances, adjusting firing solution...
<<<15:16:50:134604>>>  Tank #2 Red AI Tank adjusted targeting angle one unit CCW...
<<<15:16:50:134604>>>  Tank #3 Yellow AI Tank is checking targeting info...
<<<15:16:50:134604>>>  Tank #3 Yellow AI Tank Launch angle not within tolerances, adjusting firing solution...
<<<15:16:50:134604>>>  Tank #3 Yellow AI Tank Launch speed not within tolerances, adjusting firing solution...
<<<15:16:50:134604>>>  Tank #3 Yellow AI Tank adjusted targeting angle one unit CW...
<<<15:16:50:150953>>>  Tank #2 Red AI Tank is checking targeting info...
<<<15:16:50:150953>>>  Tank #2 Red AI Tank Launch angle not within tolerances, adjusting firing solution...
<<<15:16:50:150953>>>  Tank #2 Red AI Tank Launch speed not within tolerances, adjusting firing solution...
<<<15:16:50:150953>>>  Tank #2 Red AI Tank adjusted targeting angle one unit CCW...
<<<15:16:50:150953>>>  Tank #3 Yellow AI Tank is checking targeting info...
<<<15:16:50:150953>>>  Tank #3 Yellow AI Tank Launch angle not within tolerances, adjusting firing solution...
<<<15:16:50:150953>>>  Tank #3 Yellow AI Tank Launch speed not within tolerances, adjusting firing solution...
<<<15:16:50:150953>>>  Tank #3 Yellow AI Tank adjusted targeting angle one unit CW...
<<<15:16:50:167256>>>  Tank #2 Red AI Tank is checking targeting info...
<<<15:16:50:167256>>>  Tank #2 Red AI Tank Launch angle not within tolerances, adjusting firing solution...
<<<15:16:50:167256>>>  Tank #2 Red AI Tank Launch speed not within tolerances, adjusting firing solution...
<<<15:16:50:167256>>>  Tank #2 Red AI Tank adjusted targeting angle one unit CCW...
<<<15:16:50:167256>>>  Tank #3 Yellow AI Tank is checking targeting info...
<<<15:16:50:167256>>>  Tank #3 Yellow AI Tank Launch angle not within tolerances, adjusting firing solution...
<<<15:16:50:167256>>>  Tank #3 Yellow AI Tank Launch speed not within tolerances, adjusting firing solution...
<<<15:16:50:167256>>>  Tank #3 Yellow AI Tank adjusted targeting angle one unit CW...
<<<15:16:50:183945>>>  Tank #2 Red AI Tank is checking targeting info...
<<<15:16:50:183945>>>  Tank #2 Red AI Tank Launch angle not within tolerances, adjusting firing solution...
<<<15:16:50:183945>>>  Tank #2 Red AI Tank Launch speed not within tolerances, adjusting firing solution...
<<<15:16:50:183945>>>  Tank #2 Red AI Tank adjusted targeting angle one unit CCW...
<<<15:16:50:183945>>>  Tank #3 Yellow AI Tank is checking targeting info...
<<<15:16:50:183945>>>  Tank #3 Yellow AI Tank Launch angle not within tolerances, adjusting firing solution...
<<<15:16:50:183945>>>  Tank #3 Yellow AI Tank Launch speed not within tolerances, adjusting firing solution...
<<<15:16:50:183945>>>  Tank #3 Yellow AI Tank adjusted targeting angle one unit CW...
<<<15:16:50:200079>>>  Tank #2 Red AI Tank is checking targeting info...
<<<15:16:50:200079>>>  Tank #2 Red AI Tank Launch angle not within tolerances, adjusting firing solution...
<<<15:16:50:200079>>>  Tank #2 Red AI Tank Launch speed not within tolerances, adjusting firing solution...
<<<15:16:50:200079>>>  Tank #2 Red AI Tank adjusted targeting angle one unit CCW...
<<<15:16:50:200079>>>  Tank #3 Yellow AI Tank is checking targeting info...
<<<15:16:50:200079>>>  Tank #3 Yellow AI Tank Launch angle not within tolerances, adjusting firing solution...
<<<15:16:50:200079>>>  Tank #3 Yellow AI Tank Launch speed not within tolerances, adjusting firing solution...
<<<15:16:50:200079>>>  Tank #3 Yellow AI Tank adjusted targeting angle one unit CW...
<<<15:16:50:216178>>>  Tank #2 Red AI Tank is checking targeting info...
<<<15:16:50:216178>>>  Tank #2 Red AI Tank Launch angle not within tolerances, adjusting firing solution...
<<<15:16:50:216178>>>  Tank #2 Red AI Tank Launch speed not within tolerances, adjusting firing solution...
<<<15:16:50:216178>>>  Tank #2 Red AI Tank adjusted targeting angle one unit CCW...
<<<15:16:50:216178>>>  Tank #3 Yellow AI Tank is checking targeting info...
<<<15:16:50:216178>>>  Tank #3 Yellow AI Tank Launch angle not within tolerances, adjusting firing solution...
<<<15:16:50:216178>>>  Tank #3 Yellow AI Tank Launch speed not within tolerances, adjusting firing solution...
<<<15:16:50:216178>>>  Tank #3 Yellow AI Tank adjusted targeting angle one unit CW...
<<<15:16:50:232141>>>  Tank #2 Red AI Tank is checking targeting info...
<<<15:16:50:232141>>>  Tank #2 Red AI Tank Launch angle not within tolerances, adjusting firing solution...
<<<15:16:50:232141>>>  Tank #2 Red AI Tank Launch speed not within tolerances, adjusting firing solution...
<<<15:16:50:232141>>>  Tank #2 Red AI Tank adjusted targeting angle one unit CCW...
<<<15:16:50:232141>>>  Tank #3 Yellow AI Tank is checking targeting info...
<<<15:16:50:232141>>>  Tank #3 Yellow AI Tank Launch angle not within tolerances, adjusting firing solution...
<<<15:16:50:232141>>>  Tank #3 Yellow AI Tank Launch speed not within tolerances, adjusting firing solution...
<<<15:16:50:232141>>>  Tank #3 Yellow AI Tank adjusted targeting angle one unit CW...
<<<15:16:50:247896>>>  Tank #2 Red AI Tank is checking targeting info...
<<<15:16:50:247896>>>  Tank #2 Red AI Tank increased launch speed one unit...
<<<15:16:50:247896>>>  Tank #3 Yellow AI Tank is checking targeting info...
<<<15:16:50:247896>>>  Tank #3 Yellow AI Tank increased launch speed one unit...
<<<15:16:50:264189>>>  Tank #2 Red AI Tank is checking targeting info...
<<<15:16:50:264189>>>  Tank #2 Red AI Tank increased launch speed one unit...
<<<15:16:50:264189>>>  Tank #3 Yellow AI Tank is checking targeting info...
<<<15:16:50:264189>>>  Tank #3 Yellow AI Tank increased launch speed one unit...
<<<15:16:50:280541>>>  Tank #2 Red AI Tank is checking targeting info...
<<<15:16:50:280541>>>  Tank #2 Red AI Tank increased launch speed one unit...
<<<15:16:50:280541>>>  Tank #3 Yellow AI Tank is checking targeting info...
<<<15:16:50:280541>>>  Tank #3 Yellow AI Tank increased launch speed one unit...
<<<15:16:50:297860>>>  Tank #2 Red AI Tank is checking targeting info...
<<<15:16:50:297860>>>  Tank #2 Red AI Tank increased launch speed one unit...
<<<15:16:50:297860>>>  Tank #3 Yellow AI Tank is checking targeting info...
<<<15:16:50:297860>>>  Tank #3 Yellow AI Tank increased launch speed one unit...
<<<15:16:50:313907>>>  Tank #2 Red AI Tank is checking targeting info...
<<<15:16:50:313907>>>  Tank #2 Red AI Tank increased launch speed one unit...
<<<15:16:50:313907>>>  Tank #3 Yellow AI Tank is checking targeting info...
<<<15:16:50:313907>>>  Tank #3 Yellow AI Tank increased launch speed one unit...
<<<15:16:50:331320>>>  Tank #2 Red AI Tank is checking targeting info...
<<<15:16:50:331320>>>  Tank #2 Red AI Tank increased launch speed one unit...
<<<15:16:50:331320>>>  Tank #3 Yellow AI Tank is checking targeting info...
<<<15:16:50:331320>>>  Tank #3 Yellow AI Tank increased launch speed one unit...
<<<15:16:50:347369>>>  Tank #2 Red AI Tank is checking targeting info...
<<<15:16:50:347369>>>  Tank #2 Red AI Tank increased launch speed one unit...
<<<15:16:50:347369>>>  Tank #3 Yellow AI Tank is checking targeting info...
<<<15:16:50:347369>>>  Tank #3 Yellow AI Tank increased launch speed one unit...
<<<15:16:50:363415>>>  Tank #2 Red AI Tank is checking targeting info...
<<<15:16:50:363415>>>  Tank #2 Red AI Tank increased launch speed one unit...
<<<15:16:50:363415>>>  Tank #3 Yellow AI Tank is checking targeting info...
<<<15:16:50:363415>>>  Tank #3 Yellow AI Tank increased launch speed one unit...
<<<15:16:50:380085>>>  Tank #2 Red AI Tank is checking targeting info...
<<<15:16:50:380085>>>  Tank #2 Red AI Tank increased launch speed one unit...
<<<15:16:50:380085>>>  Tank #3 Yellow AI Tank is checking targeting info...
<<<15:16:50:381045>>>  Tank #3 Yellow AI Tank increased launch speed one unit...
<<<15:16:50:396009>>>  Tank #2 Red AI Tank is checking targeting info...
<<<15:16:50:396009>>>  Tank #2 Red AI Tank increased launch speed one unit...
<<<15:16:50:396009>>>  Tank #3 Yellow AI Tank is checking targeting info...
<<<15:16:50:396009>>>  Tank #3 Yellow AI Tank increased launch speed one unit...
<<<15:16:50:412208>>>  Tank #2 Red AI Tank is checking targeting info...
<<<15:16:50:412208>>>  Tank #2 Red AI Tank increased launch speed one unit...
<<<15:16:50:412208>>>  Tank #3 Yellow AI Tank is checking targeting info...
<<<15:16:50:412208>>>  Tank #3 Yellow AI Tank increased launch speed one unit...
<<<15:16:50:428270>>>  Tank #2 Red AI Tank is checking targeting info...
<<<15:16:50:428270>>>  Tank #2 Red AI Tank increased launch speed one unit...
<<<15:16:50:428270>>>  Tank #3 Yellow AI Tank is checking targeting info...
<<<15:16:50:428270>>>  Tank #3 Yellow AI Tank increased launch speed one unit...
<<<15:16:50:444595>>>  Tank #2 Red AI Tank is checking targeting info...
<<<15:16:50:444595>>>  Tank #2 Red AI Tank increased launch speed one unit...
<<<15:16:50:444595>>>  Tank #3 Yellow AI Tank is checking targeting info...
<<<15:16:50:444595>>>  Tank #3 Yellow AI Tank increased launch speed one unit...
<<<15:16:50:461911>>>  Tank #2 Red AI Tank is checking targeting info...
<<<15:16:50:461911>>>  Tank #2 Red AI Tank increased launch speed one unit...
<<<15:16:50:461911>>>  Tank #3 Yellow AI Tank is checking targeting info...
<<<15:16:50:461911>>>  Tank #3 Yellow AI Tank increased launch speed one unit...
<<<15:16:50:478148>>>  Tank #2 Red AI Tank is checking targeting info...
<<<15:16:50:478148>>>  Tank #2 Red AI Tank increased launch speed one unit...
<<<15:16:50:478148>>>  Tank #3 Yellow AI Tank is checking targeting info...
<<<15:16:50:478148>>>  Tank #3 Yellow AI Tank increased launch speed one unit...
<<<15:16:50:494018>>>  Tank #2 Red AI Tank is checking targeting info...
<<<15:16:50:494018>>>  Tank #2 Red AI Tank increased launch speed one unit...
<<<15:16:50:494018>>>  Tank #3 Yellow AI Tank is checking targeting info...
<<<15:16:50:494018>>>  Tank #3 Yellow AI Tank increased launch speed one unit...
<<<15:16:50:510122>>>  Tank #2 Red AI Tank is checking targeting info...
<<<15:16:50:510122>>>  Tank #2 Red AI Tank increased launch speed one unit...
<<<15:16:50:510122>>>  Tank #3 Yellow AI Tank is checking targeting info...
<<<15:16:50:510122>>>  Tank #3 Yellow AI Tank increased launch speed one unit...
<<<15:16:50:525788>>>  Tank #2 Red AI Tank is checking targeting info...
<<<15:16:50:525788>>>  Tank #2 Red AI Tank increased launch speed one unit...
<<<15:16:50:525788>>>  Tank #3 Yellow AI Tank is checking targeting info...
<<<15:16:50:525788>>>  Tank #3 Yellow AI Tank increased launch speed one unit...
<<<15:16:50:542514>>>  Tank #2 Red AI Tank is checking targeting info...
<<<15:16:50:542514>>>  Tank #2 Red AI Tank increased launch speed one unit...
<<<15:16:50:542514>>>  Tank #3 Yellow AI Tank is checking targeting info...
<<<15:16:50:542514>>>  Tank #3 Yellow AI Tank increased launch speed one unit...
<<<15:16:50:557953>>>  Tank #2 Red AI Tank is checking targeting info...
<<<15:16:50:557953>>>  Tank #2 Red AI Tank increased launch speed one unit...
<<<15:16:50:557953>>>  Tank #3 Yellow AI Tank is checking targeting info...
<<<15:16:50:557953>>>  Tank #3 Yellow AI Tank increased launch speed one unit...
<<<15:16:50:574158>>>  Tank #2 Red AI Tank is checking targeting info...
<<<15:16:50:574158>>>  Tank #2 Red AI Tank increased launch speed one unit...
<<<15:16:50:574158>>>  Tank #3 Yellow AI Tank is checking targeting info...
<<<15:16:50:574158>>>  Tank #3 Yellow AI Tank increased launch speed one unit...
<<<15:16:50:590098>>>  Tank #2 Red AI Tank is checking targeting info...
<<<15:16:50:590098>>>  Tank #2 Red AI Tank increased launch speed one unit...
<<<15:16:50:590098>>>  Tank #3 Yellow AI Tank is checking targeting info...
<<<15:16:50:590098>>>  Tank #3 Yellow AI Tank increased launch speed one unit...
<<<15:16:50:606439>>>  Tank #2 Red AI Tank is checking targeting info...
<<<15:16:50:606439>>>  Tank #2 Red AI Tank increased launch speed one unit...
<<<15:16:50:606439>>>  Tank #3 Yellow AI Tank is checking targeting info...
<<<15:16:50:606439>>>  Tank #3 Yellow AI Tank increased launch speed one unit...
<<<15:16:50:622038>>>  Tank #2 Red AI Tank is checking targeting info...
<<<15:16:50:622038>>>  Tank #2 Red AI Tank increased launch speed one unit...
<<<15:16:50:622038>>>  Tank #3 Yellow AI Tank is checking targeting info...
<<<15:16:50:622038>>>  Tank #3 Yellow AI Tank increased launch speed one unit...
<<<15:16:50:639165>>>  Tank #2 Red AI Tank is checking targeting info...
<<<15:16:50:639165>>>  Tank #2 Red AI Tank increased launch speed one unit...
<<<15:16:50:639165>>>  Tank #3 Yellow AI Tank is checking targeting info...
<<<15:16:50:639165>>>  Tank #3 Yellow AI Tank increased launch speed one unit...
<<<15:16:50:655574>>>  Tank #2 Red AI Tank is checking targeting info...
<<<15:16:50:655574>>>  Tank #2 Red AI Tank increased launch speed one unit...
<<<15:16:50:655574>>>  Tank #3 Yellow AI Tank is checking targeting info...
<<<15:16:50:656560>>>  Tank #3 Yellow AI Tank increased launch speed one unit...
<<<15:16:50:672166>>>  Tank #2 Red AI Tank is checking targeting info...
<<<15:16:50:672166>>>  Tank #2 Red AI Tank increased launch speed one unit...
<<<15:16:50:672166>>>  Tank #3 Yellow AI Tank is checking targeting info...
<<<15:16:50:672166>>>  Tank #3 Yellow AI Tank increased launch speed one unit...
<<<15:16:50:689825>>>  Tank #2 Red AI Tank is checking targeting info...
<<<15:16:50:689825>>>  Tank #2 Red AI Tank increased launch speed one unit...
<<<15:16:50:689825>>>  Tank #3 Yellow AI Tank is checking targeting info...
<<<15:16:50:689825>>>  Tank #3 Yellow AI Tank increased launch speed one unit...
<<<15:16:50:705985>>>  Tank #2 Red AI Tank is checking targeting info...
<<<15:16:50:705985>>>  Tank #2 Red AI Tank increased launch speed one unit...
<<<15:16:50:705985>>>  Tank #3 Yellow AI Tank is checking targeting info...
<<<15:16:50:705985>>>  Tank #3 Yellow AI Tank increased launch speed one unit...
<<<15:16:50:722623>>>  Tank #2 Red AI Tank is checking targeting info...
<<<15:16:50:722623>>>  Tank #2 Red AI Tank increased launch speed one unit...
<<<15:16:50:722623>>>  Tank #3 Yellow AI Tank is checking targeting info...
<<<15:16:50:722623>>>  Tank #3 Yellow AI Tank increased launch speed one unit...
<<<15:16:50:739174>>>  Tank #2 Red AI Tank is checking targeting info...
<<<15:16:50:739174>>>  Tank #2 Red AI Tank increased launch speed one unit...
<<<15:16:50:739174>>>  Tank #3 Yellow AI Tank is checking targeting info...
<<<15:16:50:739174>>>  Tank #3 Yellow AI Tank increased launch speed one unit...
<<<15:16:50:755822>>>  Tank #2 Red AI Tank is checking targeting info...
<<<15:16:50:755822>>>  Tank #2 Red AI Tank increased launch speed one unit...
<<<15:16:50:755822>>>  Tank #3 Yellow AI Tank is checking targeting info...
<<<15:16:50:755822>>>  Tank #3 Yellow AI Tank increased launch speed one unit...
<<<15:16:50:772199>>>  Tank #2 Red AI Tank is checking targeting info...
<<<15:16:50:772199>>>  Tank #2 Red AI Tank increased launch speed one unit...
<<<15:16:50:772199>>>  Tank #3 Yellow AI Tank is checking targeting info...
<<<15:16:50:772199>>>  Tank #3 Yellow AI Tank increased launch speed one unit...
<<<15:16:50:787916>>>  Tank #2 Red AI Tank is checking targeting info...
<<<15:16:50:787916>>>  Tank #2 Red AI Tank increased launch speed one unit...
<<<15:16:50:787916>>>  Tank #3 Yellow AI Tank is checking targeting info...
<<<15:16:50:787916>>>  Tank #3 Yellow AI Tank increased launch speed one unit...
<<<15:16:50:804337>>>  Tank #2 Red AI Tank is checking targeting info...
<<<15:16:50:804337>>>  Tank #2 Red AI Tank increased launch speed one unit...
<<<15:16:50:804337>>>  Tank #3 Yellow AI Tank is checking targeting info...
<<<15:16:50:804337>>>  Tank #3 Yellow AI Tank increased launch speed one unit...
<<<15:16:50:820461>>>  Tank #2 Red AI Tank is checking targeting info...
<<<15:16:50:820461>>>  Tank #2 Red AI Tank increased launch speed one unit...
<<<15:16:50:820461>>>  Tank #3 Yellow AI Tank is checking targeting info...
<<<15:16:50:820461>>>  Tank #3 Yellow AI Tank increased launch speed one unit...
<<<15:16:50:835811>>>  Tank #2 Red AI Tank is checking targeting info...
<<<15:16:50:835811>>>  Tank #2 Red AI Tank increased launch speed one unit...
<<<15:16:50:835811>>>  Tank #3 Yellow AI Tank is checking targeting info...
<<<15:16:50:835811>>>  Tank #3 Yellow AI Tank increased launch speed one unit...
<<<15:16:50:852610>>>  Tank #2 Red AI Tank is checking targeting info...
<<<15:16:50:852610>>>  Tank #2 Red AI Tank increased launch speed one unit...
<<<15:16:50:852610>>>  Tank #3 Yellow AI Tank is checking targeting info...
<<<15:16:50:852610>>>  Tank #3 Yellow AI Tank increased launch speed one unit...
<<<15:16:50:869084>>>  Tank #2 Red AI Tank is checking targeting info...
<<<15:16:50:869084>>>  Tank #2 Red AI Tank firing solution within tolerances, not adjusting firing solution...
<<<15:16:50:869084>>>  Tank #2 Red AI Tank attempting to fire cannonball...
<<<15:16:50:869084>>>  Tank #3 Yellow AI Tank is checking targeting info...
<<<15:16:50:869084>>>  Tank #3 Yellow AI Tank firing solution within tolerances, not adjusting firing solution...
<<<15:16:50:869084>>>  Tank #3 Yellow AI Tank attempting to fire cannonball...
<<<15:16:50:886856>>>  Tank #2 Red AI Tank chose to shoot...
<<<15:16:50:886856>>>  Tank #3 Yellow AI Tank chose to move to 5.3285, cururently at 5.7596.
<<<15:16:50:886856>>>  Tank #3 Yellow AI Tank moved one unit CW...
<<<15:16:50:886856>>>  Tank #3 Yellow AI Tank chose to move...
<<<15:16:50:901821>>>  Tank #2 Red AI Tank is checking targeting info...
<<<15:16:50:901821>>>  Tank #2 Red AI Tank Launch angle not within tolerances, adjusting firing solution...
<<<15:16:50:901821>>>  Tank #2 Red AI Tank adjusted targeting angle one unit CW...
<<<15:16:50:901821>>>  Tank #3 Yellow AI Tank moved one unit CW...
<<<15:16:50:918123>>>  Tank #2 Red AI Tank is checking targeting info...
<<<15:16:50:918123>>>  Tank #2 Red AI Tank Launch angle not within tolerances, adjusting firing solution...
<<<15:16:50:918123>>>  Tank #2 Red AI Tank adjusted targeting angle one unit CW...
<<<15:16:50:918123>>>  Tank #3 Yellow AI Tank moved one unit CW...
<<<15:16:50:935098>>>  Tank #2 Red AI Tank is checking targeting info...
<<<15:16:50:935098>>>  Tank #2 Red AI Tank Launch angle not within tolerances, adjusting firing solution...
<<<15:16:50:935098>>>  Tank #2 Red AI Tank adjusted targeting angle one unit CW...
<<<15:16:50:935098>>>  Tank #3 Yellow AI Tank moved one unit CW...
<<<15:16:50:950808>>>  Tank #2 Red AI Tank is checking targeting info...
<<<15:16:50:950808>>>  Tank #2 Red AI Tank Launch angle not within tolerances, adjusting firing solution...
<<<15:16:50:950808>>>  Tank #2 Red AI Tank adjusted targeting angle one unit CW...
<<<15:16:50:950808>>>  Tank #3 Yellow AI Tank moved one unit CW...
<<<15:16:50:967709>>>  Tank #2 Red AI Tank is checking targeting info...
<<<15:16:50:967709>>>  Tank #2 Red AI Tank Launch angle not within tolerances, adjusting firing solution...
<<<15:16:50:967709>>>  Tank #2 Red AI Tank adjusted targeting angle one unit CW...
<<<15:16:50:967709>>>  Tank #3 Yellow AI Tank moved one unit CW...
<<<15:16:50:985700>>>  Tank #2 Red AI Tank is checking targeting info...
<<<15:16:50:985700>>>  Tank #2 Red AI Tank Launch angle not within tolerances, adjusting firing solution...
<<<15:16:50:985700>>>  Tank #2 Red AI Tank adjusted targeting angle one unit CW...
<<<15:16:50:985700>>>  Tank #3 Yellow AI Tank moved one unit CW...
<<<15:16:51:001679>>>  Tank #2 Red AI Tank is checking targeting info...
<<<15:16:51:001679>>>  Tank #2 Red AI Tank Launch angle not within tolerances, adjusting firing solution...
<<<15:16:51:001679>>>  Tank #2 Red AI Tank adjusted targeting angle one unit CW...
<<<15:16:51:001679>>>  Tank #3 Yellow AI Tank moved one unit CW...
<<<15:16:51:017882>>>  Tank #2 Red AI Tank is checking targeting info...
<<<15:16:51:017882>>>  Tank #2 Red AI Tank Launch angle not within tolerances, adjusting firing solution...
<<<15:16:51:017882>>>  Tank #2 Red AI Tank adjusted targeting angle one unit CW...
<<<15:16:51:017882>>>  Tank #3 Yellow AI Tank moved one unit CW...
<<<15:16:51:035010>>>  Tank #2 Red AI Tank is checking targeting info...
<<<15:16:51:035996>>>  Tank #2 Red AI Tank Launch angle not within tolerances, adjusting firing solution...
<<<15:16:51:035996>>>  Tank #2 Red AI Tank adjusted targeting angle one unit CW...
<<<15:16:51:035996>>>  Tank #3 Yellow AI Tank moved one unit CW...
<<<15:16:51:050896>>>  Tank #2 Red AI Tank is checking targeting info...
<<<15:16:51:050896>>>  Tank #2 Red AI Tank Launch angle not within tolerances, adjusting firing solution...
<<<15:16:51:050896>>>  Tank #2 Red AI Tank adjusted targeting angle one unit CW...
<<<15:16:51:050896>>>  Tank #3 Yellow AI Tank moved one unit CW...
<<<15:16:51:067445>>>  Tank #2 Red AI Tank is checking targeting info...
<<<15:16:51:067445>>>  Tank #2 Red AI Tank Launch angle not within tolerances, adjusting firing solution...
<<<15:16:51:067445>>>  Tank #2 Red AI Tank adjusted targeting angle one unit CW...
<<<15:16:51:067445>>>  Tank #3 Yellow AI Tank moved one unit CW...
<<<15:16:51:082912>>>  Tank #2 Red AI Tank is checking targeting info...
<<<15:16:51:082912>>>  Tank #2 Red AI Tank Launch angle not within tolerances, adjusting firing solution...
<<<15:16:51:082912>>>  Tank #2 Red AI Tank adjusted targeting angle one unit CW...
<<<15:16:51:082912>>>  Tank #3 Yellow AI Tank moved one unit CW...
<<<15:16:51:098898>>>  Tank #2 Red AI Tank is checking targeting info...
<<<15:16:51:098898>>>  Tank #2 Red AI Tank Launch angle not within tolerances, adjusting firing solution...
<<<15:16:51:098898>>>  Tank #2 Red AI Tank adjusted targeting angle one unit CW...
<<<15:16:51:098898>>>  Tank #3 Yellow AI Tank moved one unit CW...
<<<15:16:51:115769>>>  Tank #2 Red AI Tank is checking targeting info...
<<<15:16:51:115769>>>  Tank #2 Red AI Tank Launch angle not within tolerances, adjusting firing solution...
<<<15:16:51:115769>>>  Tank #2 Red AI Tank adjusted targeting angle one unit CW...
<<<15:16:51:115769>>>  Tank #3 Yellow AI Tank moved one unit CW...
<<<15:16:51:132440>>>  Tank #2 Red AI Tank is checking targeting info...
<<<15:16:51:132440>>>  Tank #2 Red AI Tank Launch angle not within tolerances, adjusting firing solution...
<<<15:16:51:132440>>>  Tank #2 Red AI Tank adjusted targeting angle one unit CW...
<<<15:16:51:132440>>>  Tank #3 Yellow AI Tank moved one unit CW...
<<<15:16:51:148878>>>  Tank #2 Red AI Tank is checking targeting info...
<<<15:16:51:148878>>>  Tank #2 Red AI Tank Launch angle not within tolerances, adjusting firing solution...
<<<15:16:51:148878>>>  Tank #2 Red AI Tank adjusted targeting angle one unit CW...
<<<15:16:51:148878>>>  Tank #3 Yellow AI Tank moved one unit CW...
<<<15:16:51:164728>>>  Tank #2 Red AI Tank is checking targeting info...
<<<15:16:51:164728>>>  Tank #2 Red AI Tank Launch angle not within tolerances, adjusting firing solution...
<<<15:16:51:164728>>>  Tank #2 Red AI Tank adjusted targeting angle one unit CW...
<<<15:16:51:164728>>>  Tank #3 Yellow AI Tank moved one unit CW...
<<<15:16:51:181616>>>  Tank #2 Red AI Tank is checking targeting info...
<<<15:16:51:181616>>>  Tank #2 Red AI Tank Launch angle not within tolerances, adjusting firing solution...
<<<15:16:51:181616>>>  Tank #2 Red AI Tank adjusted targeting angle one unit CW...
<<<15:16:51:181616>>>  Tank #3 Yellow AI Tank moved one unit CW...
<<<15:16:51:198438>>>  Tank #2 Red AI Tank is checking targeting info...
<<<15:16:51:198584>>>  Tank #2 Red AI Tank Launch angle not within tolerances, adjusting firing solution...
<<<15:16:51:198584>>>  Tank #2 Red AI Tank adjusted targeting angle one unit CW...
<<<15:16:51:198660>>>  Tank #3 Yellow AI Tank moved one unit CW...
<<<15:16:51:215079>>>  Tank #2 Red AI Tank is checking targeting info...
<<<15:16:51:215079>>>  Tank #2 Red AI Tank Launch angle not within tolerances, adjusting firing solution...
<<<15:16:51:215079>>>  Tank #2 Red AI Tank adjusted targeting angle one unit CW...
<<<15:16:51:215079>>>  Tank #3 Yellow AI Tank moved one unit CW...
<<<15:16:51:230964>>>  Tank #2 Red AI Tank is checking targeting info...
<<<15:16:51:230964>>>  Tank #2 Red AI Tank Launch angle not within tolerances, adjusting firing solution...
<<<15:16:51:230964>>>  Tank #2 Red AI Tank adjusted targeting angle one unit CW...
<<<15:16:51:230964>>>  Tank #3 Yellow AI Tank moved one unit CW...
<<<15:16:51:247622>>>  Tank #2 Red AI Tank is checking targeting info...
<<<15:16:51:247622>>>  Tank #2 Red AI Tank Launch angle not within tolerances, adjusting firing solution...
<<<15:16:51:247622>>>  Tank #2 Red AI Tank adjusted targeting angle one unit CW...
<<<15:16:51:247622>>>  Tank #3 Yellow AI Tank moved one unit CW...
<<<15:16:51:263982>>>  Tank #2 Red AI Tank is checking targeting info...
<<<15:16:51:263982>>>  Tank #2 Red AI Tank Launch angle not within tolerances, adjusting firing solution...
<<<15:16:51:263982>>>  Tank #2 Red AI Tank adjusted targeting angle one unit CW...
<<<15:16:51:263982>>>  Tank #3 Yellow AI Tank moved one unit CW...
<<<15:16:51:280442>>>  Tank #2 Red AI Tank is checking targeting info...
<<<15:16:51:280442>>>  Tank #2 Red AI Tank Launch angle not within tolerances, adjusting firing solution...
<<<15:16:51:280442>>>  Tank #2 Red AI Tank adjusted targeting angle one unit CW...
<<<15:16:51:296253>>>  Tank #2 Red AI Tank is checking targeting info...
<<<15:16:51:296253>>>  Tank #2 Red AI Tank Launch angle not within tolerances, adjusting firing solution...
<<<15:16:51:296253>>>  Tank #2 Red AI Tank adjusted targeting angle one unit CW...
<<<15:16:51:296253>>>  Tank #3 Yellow AI Tank chose to move to 5.9305, cururently at 5.3407.
<<<15:16:51:296253>>>  Tank #3 Yellow AI Tank moved one unit CCW...
<<<15:16:51:296253>>>  Tank #3 Yellow AI Tank chose to move...
<<<15:16:51:312078>>>  Tank #2 Red AI Tank is checking targeting info...
<<<15:16:51:313162>>>  Tank #2 Red AI Tank Launch angle not within tolerances, adjusting firing solution...
<<<15:16:51:313162>>>  Tank #2 Red AI Tank adjusted targeting angle one unit CW...
<<<15:16:51:313162>>>  Tank #3 Yellow AI Tank moved one unit CCW...
<<<15:16:51:327910>>>  Tank #2 Red AI Tank is checking targeting info...
<<<15:16:51:327910>>>  Tank #2 Red AI Tank Launch angle not within tolerances, adjusting firing solution...
<<<15:16:51:327910>>>  Tank #2 Red AI Tank adjusted targeting angle one unit CW...
<<<15:16:51:327910>>>  Tank #3 Yellow AI Tank moved one unit CCW...
<<<15:16:51:344281>>>  Tank #2 Red AI Tank is checking targeting info...
<<<15:16:51:344281>>>  Tank #2 Red AI Tank Launch angle not within tolerances, adjusting firing solution...
<<<15:16:51:344281>>>  Tank #2 Red AI Tank adjusted targeting angle one unit CW...
<<<15:16:51:344281>>>  Tank #3 Yellow AI Tank moved one unit CCW...
<<<15:16:51:360021>>>  Tank #2 Red AI Tank is checking targeting info...
<<<15:16:51:360021>>>  Tank #2 Red AI Tank Launch angle not within tolerances, adjusting firing solution...
<<<15:16:51:360021>>>  Tank #2 Red AI Tank adjusted targeting angle one unit CW...
<<<15:16:51:360021>>>  Tank #3 Yellow AI Tank moved one unit CCW...
<<<15:16:51:376142>>>  Tank #2 Red AI Tank is checking targeting info...
<<<15:16:51:376142>>>  Tank #2 Red AI Tank Launch angle not within tolerances, adjusting firing solution...
<<<15:16:51:376142>>>  Tank #2 Red AI Tank adjusted targeting angle one unit CW...
<<<15:16:51:376142>>>  Tank #3 Yellow AI Tank moved one unit CCW...
<<<15:16:51:392614>>>  Tank #2 Red AI Tank is checking targeting info...
<<<15:16:51:392614>>>  Tank #2 Red AI Tank Launch angle not within tolerances, adjusting firing solution...
<<<15:16:51:392614>>>  Tank #2 Red AI Tank adjusted targeting angle one unit CW...
<<<15:16:51:393615>>>  Tank #3 Yellow AI Tank moved one unit CCW...
<<<15:16:51:411096>>>  Tank #2 Red AI Tank is checking targeting info...
<<<15:16:51:411096>>>  Tank #2 Red AI Tank Launch angle not within tolerances, adjusting firing solution...
<<<15:16:51:411096>>>  Tank #2 Red AI Tank adjusted targeting angle one unit CW...
<<<15:16:51:411096>>>  Tank #3 Yellow AI Tank moved one unit CCW...
<<<15:16:51:426721>>>  Tank #2 Red AI Tank is checking targeting info...
<<<15:16:51:426721>>>  Tank #2 Red AI Tank Launch angle not within tolerances, adjusting firing solution...
<<<15:16:51:426721>>>  Tank #2 Red AI Tank adjusted targeting angle one unit CW...
<<<15:16:51:426721>>>  Tank #3 Yellow AI Tank moved one unit CCW...
<<<15:16:51:444657>>>  Tank #2 Red AI Tank is checking targeting info...
<<<15:16:51:444806>>>  Tank #2 Red AI Tank Launch angle not within tolerances, adjusting firing solution...
<<<15:16:51:444806>>>  Tank #2 Red AI Tank adjusted targeting angle one unit CW...
<<<15:16:51:444806>>>  Tank #3 Yellow AI Tank moved one unit CCW...
<<<15:16:51:461307>>>  Tank #2 Red AI Tank is checking targeting info...
<<<15:16:51:461307>>>  Tank #2 Red AI Tank Launch angle not within tolerances, adjusting firing solution...
<<<15:16:51:461307>>>  Tank #2 Red AI Tank adjusted targeting angle one unit CW...
<<<15:16:51:461307>>>  Tank #3 Yellow AI Tank moved one unit CCW...
<<<15:16:51:477154>>>  Tank #2 Red AI Tank is checking targeting info...
<<<15:16:51:477154>>>  Tank #2 Red AI Tank Launch angle not within tolerances, adjusting firing solution...
<<<15:16:51:477154>>>  Tank #2 Red AI Tank adjusted targeting angle one unit CW...
<<<15:16:51:477154>>>  Tank #3 Yellow AI Tank moved one unit CCW...
<<<15:16:51:493965>>>  Tank #2 Red AI Tank is checking targeting info...
<<<15:16:51:493965>>>  Tank #2 Red AI Tank Launch angle not within tolerances, adjusting firing solution...
<<<15:16:51:493965>>>  Tank #2 Red AI Tank adjusted targeting angle one unit CW...
<<<15:16:51:493965>>>  Tank #3 Yellow AI Tank moved one unit CCW...
<<<15:16:51:509940>>>  Tank #2 Red AI Tank is checking targeting info...
<<<15:16:51:509940>>>  Tank #2 Red AI Tank Launch angle not within tolerances, adjusting firing solution...
<<<15:16:51:509940>>>  Tank #2 Red AI Tank adjusted targeting angle one unit CW...
<<<15:16:51:509940>>>  Tank #3 Yellow AI Tank moved one unit CCW...
<<<15:16:51:526089>>>  Tank #2 Red AI Tank is checking targeting info...
<<<15:16:51:526089>>>  Tank #2 Red AI Tank Launch angle not within tolerances, adjusting firing solution...
<<<15:16:51:526089>>>  Tank #2 Red AI Tank adjusted targeting angle one unit CW...
<<<15:16:51:526089>>>  Tank #3 Yellow AI Tank moved one unit CCW...
<<<15:16:51:541917>>>  Tank #2 Red AI Tank is checking targeting info...
<<<15:16:51:541917>>>  Tank #2 Red AI Tank Launch angle not within tolerances, adjusting firing solution...
<<<15:16:51:541917>>>  Tank #2 Red AI Tank adjusted targeting angle one unit CW...
<<<15:16:51:541917>>>  Tank #3 Yellow AI Tank moved one unit CCW...
<<<15:16:51:558256>>>  Tank #2 Red AI Tank is checking targeting info...
<<<15:16:51:558256>>>  Tank #2 Red AI Tank Launch angle not within tolerances, adjusting firing solution...
<<<15:16:51:558256>>>  Tank #2 Red AI Tank adjusted targeting angle one unit CW...
<<<15:16:51:558256>>>  Tank #3 Yellow AI Tank moved one unit CCW...
<<<15:16:51:574902>>>  Tank #2 Red AI Tank is checking targeting info...
<<<15:16:51:574902>>>  Tank #2 Red AI Tank Launch angle not within tolerances, adjusting firing solution...
<<<15:16:51:574902>>>  Tank #2 Red AI Tank adjusted targeting angle one unit CW...
<<<15:16:51:574902>>>  Tank #3 Yellow AI Tank moved one unit CCW...
<<<15:16:51:591048>>>  Tank #2 Red AI Tank is checking targeting info...
<<<15:16:51:591048>>>  Tank #2 Red AI Tank Launch angle not within tolerances, adjusting firing solution...
<<<15:16:51:591048>>>  Tank #2 Red AI Tank adjusted targeting angle one unit CW...
<<<15:16:51:591048>>>  Tank #3 Yellow AI Tank moved one unit CCW...
<<<15:16:51:607394>>>  Tank #2 Red AI Tank is checking targeting info...
<<<15:16:51:607394>>>  Tank #2 Red AI Tank Launch angle not within tolerances, adjusting firing solution...
<<<15:16:51:607394>>>  Tank #2 Red AI Tank adjusted targeting angle one unit CW...
<<<15:16:51:607394>>>  Tank #3 Yellow AI Tank moved one unit CCW...
<<<15:16:51:623933>>>  Tank #2 Red AI Tank is checking targeting info...
<<<15:16:51:623933>>>  Tank #2 Red AI Tank Launch angle not within tolerances, adjusting firing solution...
<<<15:16:51:623933>>>  Tank #2 Red AI Tank adjusted targeting angle one unit CW...
<<<15:16:51:623933>>>  Tank #3 Yellow AI Tank moved one unit CCW...
<<<15:16:51:640102>>>  Tank #2 Red AI Tank is checking targeting info...
<<<15:16:51:640102>>>  Tank #2 Red AI Tank Launch angle not within tolerances, adjusting firing solution...
<<<15:16:51:640102>>>  Tank #2 Red AI Tank adjusted targeting angle one unit CW...
<<<15:16:51:640102>>>  Tank #3 Yellow AI Tank moved one unit CCW...
<<<15:16:51:656707>>>  Tank #2 Red AI Tank is checking targeting info...
<<<15:16:51:656707>>>  Tank #2 Red AI Tank Launch angle not within tolerances, adjusting firing solution...
<<<15:16:51:656707>>>  Tank #2 Red AI Tank adjusted targeting angle one unit CW...
<<<15:16:51:656707>>>  Tank #3 Yellow AI Tank moved one unit CCW...
<<<15:16:51:673913>>>  Tank #2 Red AI Tank is checking targeting info...
<<<15:16:51:673913>>>  Tank #2 Red AI Tank Launch angle not within tolerances, adjusting firing solution...
<<<15:16:51:673913>>>  Tank #2 Red AI Tank adjusted targeting angle one unit CW...
<<<15:16:51:673913>>>  Tank #3 Yellow AI Tank moved one unit CCW...
<<<15:16:51:690097>>>  Tank #2 Red AI Tank is checking targeting info...
<<<15:16:51:690097>>>  Tank #2 Red AI Tank Launch angle not within tolerances, adjusting firing solution...
<<<15:16:51:690097>>>  Tank #2 Red AI Tank adjusted targeting angle one unit CW...
<<<15:16:51:690097>>>  Tank #3 Yellow AI Tank moved one unit CCW...
<<<15:16:51:706653>>>  Tank #2 Red AI Tank is checking targeting info...
<<<15:16:51:706653>>>  Tank #2 Red AI Tank Launch angle not within tolerances, adjusting firing solution...
<<<15:16:51:706653>>>  Tank #2 Red AI Tank adjusted targeting angle one unit CW...
<<<15:16:51:706653>>>  Tank #3 Yellow AI Tank moved one unit CCW...
<<<15:16:51:723952>>>  Tank #2 Red AI Tank is checking targeting info...
<<<15:16:51:723952>>>  Tank #2 Red AI Tank Launch angle not within tolerances, adjusting firing solution...
<<<15:16:51:723952>>>  Tank #2 Red AI Tank adjusted targeting angle one unit CW...
<<<15:16:51:723952>>>  Tank #3 Yellow AI Tank moved one unit CCW...
<<<15:16:51:740304>>>  Tank #2 Red AI Tank is checking targeting info...
<<<15:16:51:740304>>>  Tank #2 Red AI Tank Launch angle not within tolerances, adjusting firing solution...
<<<15:16:51:740304>>>  Tank #2 Red AI Tank adjusted targeting angle one unit CW...
<<<15:16:51:740304>>>  Tank #3 Yellow AI Tank moved one unit CCW...
<<<15:16:51:756761>>>  Tank #2 Red AI Tank is checking targeting info...
<<<15:16:51:756761>>>  Tank #2 Red AI Tank Launch angle not within tolerances, adjusting firing solution...
<<<15:16:51:756761>>>  Tank #2 Red AI Tank adjusted targeting angle one unit CW...
<<<15:16:51:756761>>>  Tank #3 Yellow AI Tank moved one unit CCW...
<<<15:16:51:773688>>>  Tank #2 Red AI Tank is checking targeting info...
<<<15:16:51:773688>>>  Tank #2 Red AI Tank Launch angle not within tolerances, adjusting firing solution...
<<<15:16:51:773688>>>  Tank #2 Red AI Tank adjusted targeting angle one unit CW...
<<<15:16:51:773688>>>  Tank #3 Yellow AI Tank moved one unit CCW...
<<<15:16:51:790189>>>  Tank #2 Red AI Tank is checking targeting info...
<<<15:16:51:790189>>>  Tank #2 Red AI Tank Launch angle not within tolerances, adjusting firing solution...
<<<15:16:51:790189>>>  Tank #2 Red AI Tank adjusted targeting angle one unit CW...
<<<15:16:51:790189>>>  Tank #3 Yellow AI Tank moved one unit CCW...
<<<15:16:51:806168>>>  Tank #2 Red AI Tank is checking targeting info...
<<<15:16:51:806168>>>  Tank #2 Red AI Tank Launch angle not within tolerances, adjusting firing solution...
<<<15:16:51:806168>>>  Tank #2 Red AI Tank adjusted targeting angle one unit CW...
<<<15:16:51:806168>>>  Tank #3 Yellow AI Tank moved one unit CCW...
<<<15:16:51:822460>>>  Tank #2 Red AI Tank is checking targeting info...
<<<15:16:51:823368>>>  Tank #2 Red AI Tank Launch angle not within tolerances, adjusting firing solution...
<<<15:16:51:823368>>>  Tank #2 Red AI Tank adjusted targeting angle one unit CW...
<<<15:16:51:823368>>>  Tank #3 Yellow AI Tank moved one unit CCW...
<<<15:16:51:838965>>>  Tank #2 Red AI Tank is checking targeting info...
<<<15:16:51:838965>>>  Tank #2 Red AI Tank Launch angle not within tolerances, adjusting firing solution...
<<<15:16:51:838965>>>  Tank #2 Red AI Tank adjusted targeting angle one unit CW...
<<<15:16:51:855670>>>  Tank #2 Red AI Tank is checking targeting info...
<<<15:16:51:855670>>>  Tank #2 Red AI Tank Launch angle not within tolerances, adjusting firing solution...
<<<15:16:51:855670>>>  Tank #2 Red AI Tank adjusted targeting angle one unit CW...
<<<15:16:51:856680>>>  Successfully removed spellready icon from Tank #3 Yellow AI Tank's effect list!
<<<15:16:52:165846>>>  Successfully removed spellbook from Tank #1 Green Player Tank's effect list!
<<<15:16:52:165846>>>  Successfully removed spellready icon from Tank #1 Green Player Tank's effect list!
<<<15:16:52:165846>>>  Deleting effect pixie portal-closing...
<<<15:16:53:922435>>>
* INFORMATION FOR Tank #1 Green Player Tank's CANNONBALLS:
* Cannonballs in memory for Tank #1 Green Player Tank:  0.
* Total cannonballs fired or chambered for Tank #1 Green Player Tank:  0.
<<<15:16:53:922435>>>
* INFORMATION FOR Tank #2 Red AI Tank's CANNONBALLS:
* Cannonballs in memory for Tank #2 Red AI Tank:  2.
* Total cannonballs fired or chambered for Tank #2 Red AI Tank:  2.
<<<15:16:53:922435>>>
* CURRENT VALUES FOR CELESTIAL BODY:  Tank #2 Red AI Tank's Cannonball #1
* This is not the homeworld.
* The celestial boyd's density is 5515 kg/m^3.
* The celestial body's mass is 1000 kg.
* The Earth's mass is 5.972e+24 kg.
* The celestial body's radius is 0.001 km.
* The celestial body's coordinates are (-4667.8490096707055, -15023.874221077072).
* The celestial body's velocity is (1.5185509215971904, -4.277884609168381).
* The celestial body's speed is 4.539415560492715 km/s.
* The celestial body's acceleration is (0.0004611485315110648, 0.001587015442577138).
* The celestial body's screen x and y coordinates are (734, 662).
* The celestial body's screen radius is 10.
* The celestial is using a pix found at False.
<<<15:16:53:922435>>>
* ADDITIONAL INFORMATION FOR Tank #2 Red AI Tank's Cannonball #1:
* This cannonball is active.
* This ball is armed.
<<<15:16:53:923340>>>
* CURRENT VALUES FOR CELESTIAL BODY:  Tank #2 Red AI Tank's Cannonball #2
* This is not the homeworld.
* The celestial boyd's density is 5515 kg/m^3.
* The celestial body's mass is 1000 kg.
* The Earth's mass is 5.972e+24 kg.
* The celestial body's radius is 0.001 km.
* The celestial body's coordinates are (-5418.058802690174, -3206.40004996569).
* The celestial body's velocity is (-2.5715679377639638, -9.49826447052565).
* The celestial body's speed is 9.840223046790427 km/s.
* The celestial body's acceleration is (0, 0).
* The celestial body's screen x and y coordinates are (723, 495).
* The celestial body's screen radius is 2.
* The celestial is using a body circle.
<<<15:16:53:923340>>>
* ADDITIONAL INFORMATION FOR Tank #2 Red AI Tank's Cannonball #2:
* This cannonball is chambered.
<<<15:16:53:923340>>>
* INFORMATION FOR Tank #3 Yellow AI Tank's CANNONBALLS:
* Cannonballs in memory for Tank #3 Yellow AI Tank:  1.
* Total cannonballs fired or chambered for Tank #3 Yellow AI Tank:  1.
<<<15:16:53:923340>>>
* CURRENT VALUES FOR CELESTIAL BODY:  Tank #3 Yellow AI Tank's Cannonball #1
* This is not the homeworld.
* The celestial boyd's density is 5515 kg/m^3.
* The celestial body's mass is 1000 kg.
* The Earth's mass is 5.972e+24 kg.
* The celestial body's radius is 0.001 km.
* The celestial body's coordinates are (4715.2877283824, -15088.661559312875).
* The celestial body's velocity is (-1.6307147753959357, -4.351257158079104).
* The celestial body's speed is 4.646791315997444 km/s.
* The celestial body's acceleration is (-0.0004955591472827092, 0.0015385263492003766).
* The celestial body's screen x and y coordinates are (866, 663).
* The celestial body's screen radius is 10.
* The celestial is using a pix found at False.
<<<15:16:53:923340>>>
* ADDITIONAL INFORMATION FOR Tank #3 Yellow AI Tank's Cannonball #1:
* This cannonball is active.
* This ball is armed.
<<<15:16:53:923340>>>  Quit through pygame and writing log file...
