<<<20:24:32:997105>>>
* Screen coordinates (1418, 841) choosen in zone #5.
* Screen dimensions are 1536 wide by 864 high.
* Minimum (x, y) are (1280, 720).
* Maximum (x, y) are (1536, 864).
* Mid (x, y) are (1408, 792).
<<<20:24:32:997105>>>  Image at Pix\Faraway_Objects\Quasars\2.png choosen for background...
<<<20:24:32:998103>>>
* Screen coordinates (974, 744) choosen in zone #6.
* Screen dimensions are 1536 wide by 864 high.
* Minimum (x, y) are (256, 720).
* Maximum (x, y) are (1280, 864).
* Mid (x, y) are (768, 792).
<<<20:24:32:998103>>>  Image at Pix\Faraway_Objects\Black_Holes\4.png choosen for background...
<<<20:24:33:006081>>>  Pix\Homeworlds\Terran\7.png loaded as pixie for Earth and scaled to body circle...
<<<20:24:33:006081>>>  Image at Pix\Homeworlds\Terran\7.png chosen as homeworld pix for Earth's...
<<<20:24:33:007047>>>  Pix\Moons\13.png loaded as pixie for Moon #2 and scaled to body circle...
<<<20:24:33:032082>>>  Enemy Tank chose to shoot...
<<<20:24:33:033048>>>  Enemy Tank is checking targeting info...
<<<20:24:33:033048>>>  Enemy Tank Launch angle not within tolerances, adjusting firing solution...
<<<20:24:33:033048>>>  Enemy Tank Launch speed not within tolerances, adjusting firing solution...
<<<20:24:33:033048>>>  Enemy Tank adjusted targeting angle one unit CCW...
<<<20:24:33:034045>>>  Enemy Tank is being animated...
<<<20:24:33:036075>>>  Enemy Tank is checking targeting info...
<<<20:24:33:036075>>>  Enemy Tank Launch angle not within tolerances, adjusting firing solution...
<<<20:24:33:036075>>>  Enemy Tank Launch speed not within tolerances, adjusting firing solution...
<<<20:24:33:036075>>>  Enemy Tank adjusted targeting angle one unit CCW...
<<<20:24:33:052057>>>  Enemy Tank is being animated...
<<<20:24:33:052057>>>
* Enemy Tank has advanced to next frame...
* <Surface(40x40x32 SW)> selected...
<<<20:24:33:053056>>>  Enemy Tank is checking targeting info...
<<<20:24:33:053056>>>  Enemy Tank Launch angle not within tolerances, adjusting firing solution...
<<<20:24:33:053056>>>  Enemy Tank Launch speed not within tolerances, adjusting firing solution...
<<<20:24:33:053056>>>  Enemy Tank adjusted targeting angle one unit CCW...
<<<20:24:33:067737>>>  Enemy Tank is being animated...
<<<20:24:33:068776>>>  Enemy Tank is checking targeting info...
<<<20:24:33:068776>>>  Enemy Tank Launch angle not within tolerances, adjusting firing solution...
<<<20:24:33:068776>>>  Enemy Tank Launch speed not within tolerances, adjusting firing solution...
<<<20:24:33:068776>>>  Enemy Tank adjusted targeting angle one unit CCW...
<<<20:24:33:084411>>>  Enemy Tank is being animated...
<<<20:24:33:086408>>>  Enemy Tank is checking targeting info...
<<<20:24:33:086408>>>  Enemy Tank Launch angle not within tolerances, adjusting firing solution...
<<<20:24:33:086408>>>  Enemy Tank Launch speed not within tolerances, adjusting firing solution...
<<<20:24:33:086408>>>  Enemy Tank adjusted targeting angle one unit CCW...
<<<20:24:33:101097>>>  Enemy Tank is being animated...
<<<20:24:33:102096>>>  Enemy Tank is checking targeting info...
<<<20:24:33:102096>>>  Enemy Tank Launch angle not within tolerances, adjusting firing solution...
<<<20:24:33:102096>>>  Enemy Tank Launch speed not within tolerances, adjusting firing solution...
<<<20:24:33:102096>>>  Enemy Tank adjusted targeting angle one unit CCW...
<<<20:24:33:117001>>>  Enemy Tank is being animated...
<<<20:24:33:118000>>>  Enemy Tank is checking targeting info...
<<<20:24:33:118000>>>  Enemy Tank Launch angle not within tolerances, adjusting firing solution...
<<<20:24:33:118000>>>  Enemy Tank Launch speed not within tolerances, adjusting firing solution...
<<<20:24:33:118000>>>  Enemy Tank adjusted targeting angle one unit CCW...
<<<20:24:33:133588>>>  Enemy Tank is being animated...
<<<20:24:33:134539>>>  Enemy Tank is checking targeting info...
<<<20:24:33:134539>>>  Enemy Tank Launch angle not within tolerances, adjusting firing solution...
<<<20:24:33:134539>>>  Enemy Tank Launch speed not within tolerances, adjusting firing solution...
<<<20:24:33:134539>>>  Enemy Tank adjusted targeting angle one unit CCW...
<<<20:24:33:149787>>>  Enemy Tank is being animated...
<<<20:24:33:150819>>>  Enemy Tank is checking targeting info...
<<<20:24:33:150819>>>  Enemy Tank Launch angle not within tolerances, adjusting firing solution...
<<<20:24:33:150819>>>  Enemy Tank Launch speed not within tolerances, adjusting firing solution...
<<<20:24:33:150819>>>  Enemy Tank adjusted targeting angle one unit CCW...
<<<20:24:33:166993>>>  Enemy Tank is being animated...
<<<20:24:33:167993>>>  Enemy Tank is checking targeting info...
<<<20:24:33:167993>>>  Enemy Tank Launch angle not within tolerances, adjusting firing solution...
<<<20:24:33:167993>>>  Enemy Tank Launch speed not within tolerances, adjusting firing solution...
<<<20:24:33:167993>>>  Enemy Tank adjusted targeting angle one unit CCW...
<<<20:24:33:182826>>>  Enemy Tank is being animated...
<<<20:24:33:183858>>>  Enemy Tank is checking targeting info...
<<<20:24:33:183858>>>  Enemy Tank Launch angle not within tolerances, adjusting firing solution...
<<<20:24:33:183858>>>  Enemy Tank Launch speed not within tolerances, adjusting firing solution...
<<<20:24:33:183858>>>  Enemy Tank adjusted targeting angle one unit CCW...
<<<20:24:33:199893>>>  Enemy Tank is being animated...
<<<20:24:33:200892>>>  Enemy Tank is checking targeting info...
<<<20:24:33:200892>>>  Enemy Tank Launch angle not within tolerances, adjusting firing solution...
<<<20:24:33:200892>>>  Enemy Tank Launch speed not within tolerances, adjusting firing solution...
<<<20:24:33:200892>>>  Enemy Tank adjusted targeting angle one unit CCW...
<<<20:24:33:216790>>>  Enemy Tank is being animated...
<<<20:24:33:217789>>>  Enemy Tank is checking targeting info...
<<<20:24:33:217789>>>  Enemy Tank Launch angle not within tolerances, adjusting firing solution...
<<<20:24:33:217789>>>  Enemy Tank Launch speed not within tolerances, adjusting firing solution...
<<<20:24:33:217789>>>  Enemy Tank adjusted targeting angle one unit CCW...
<<<20:24:33:235308>>>  Enemy Tank is being animated...
<<<20:24:33:236304>>>  Enemy Tank is checking targeting info...
<<<20:24:33:236304>>>  Enemy Tank Launch angle not within tolerances, adjusting firing solution...
<<<20:24:33:236304>>>  Enemy Tank Launch speed not within tolerances, adjusting firing solution...
<<<20:24:33:236304>>>  Enemy Tank adjusted targeting angle one unit CCW...
<<<20:24:33:251406>>>  Enemy Tank is being animated...
<<<20:24:33:253439>>>  Enemy Tank is checking targeting info...
<<<20:24:33:253439>>>  Enemy Tank Launch angle not within tolerances, adjusting firing solution...
<<<20:24:33:253439>>>  Enemy Tank Launch speed not within tolerances, adjusting firing solution...
<<<20:24:33:253439>>>  Enemy Tank adjusted targeting angle one unit CCW...
<<<20:24:33:267891>>>  Enemy Tank is being animated...
<<<20:24:33:268925>>>  Enemy Tank is checking targeting info...
<<<20:24:33:268925>>>  Enemy Tank Launch angle not within tolerances, adjusting firing solution...
<<<20:24:33:268925>>>  Enemy Tank Launch speed not within tolerances, adjusting firing solution...
<<<20:24:33:268925>>>  Enemy Tank adjusted targeting angle one unit CCW...
<<<20:24:33:285920>>>  Enemy Tank is being animated...
<<<20:24:33:286919>>>  Enemy Tank is checking targeting info...
<<<20:24:33:286919>>>  Enemy Tank Launch angle not within tolerances, adjusting firing solution...
<<<20:24:33:286919>>>  Enemy Tank Launch speed not within tolerances, adjusting firing solution...
<<<20:24:33:286919>>>  Enemy Tank adjusted targeting angle one unit CCW...
<<<20:24:33:302059>>>  Enemy Tank is being animated...
<<<20:24:33:303092>>>  Enemy Tank is checking targeting info...
<<<20:24:33:303092>>>  Enemy Tank Launch angle not within tolerances, adjusting firing solution...
<<<20:24:33:303092>>>  Enemy Tank Launch speed not within tolerances, adjusting firing solution...
<<<20:24:33:303092>>>  Enemy Tank adjusted targeting angle one unit CCW...
<<<20:24:33:318139>>>  Enemy Tank is being animated...
<<<20:24:33:319170>>>  Enemy Tank is checking targeting info...
<<<20:24:33:319170>>>  Enemy Tank Launch angle not within tolerances, adjusting firing solution...
<<<20:24:33:319170>>>  Enemy Tank Launch speed not within tolerances, adjusting firing solution...
<<<20:24:33:319170>>>  Enemy Tank adjusted targeting angle one unit CCW...
<<<20:24:33:334434>>>  Enemy Tank is being animated...
<<<20:24:33:336430>>>  Enemy Tank is checking targeting info...
<<<20:24:33:336430>>>  Enemy Tank Launch angle not within tolerances, adjusting firing solution...
<<<20:24:33:336430>>>  Enemy Tank Launch speed not within tolerances, adjusting firing solution...
<<<20:24:33:336430>>>  Enemy Tank adjusted targeting angle one unit CCW...
<<<20:24:33:350593>>>  Enemy Tank is being animated...
<<<20:24:33:351623>>>  Enemy Tank is checking targeting info...
<<<20:24:33:351623>>>  Enemy Tank Launch angle not within tolerances, adjusting firing solution...
<<<20:24:33:351623>>>  Enemy Tank Launch speed not within tolerances, adjusting firing solution...
<<<20:24:33:351623>>>  Enemy Tank adjusted targeting angle one unit CCW...
<<<20:24:33:366656>>>  Enemy Tank is being animated...
<<<20:24:33:367681>>>  Enemy Tank is checking targeting info...
<<<20:24:33:367681>>>  Enemy Tank Launch angle not within tolerances, adjusting firing solution...
<<<20:24:33:367681>>>  Enemy Tank Launch speed not within tolerances, adjusting firing solution...
<<<20:24:33:367681>>>  Enemy Tank adjusted targeting angle one unit CCW...
<<<20:24:33:382590>>>  Enemy Tank is being animated...
<<<20:24:33:384586>>>  Player Tank chambered cannonball...
<<<20:24:33:384586>>>
* CURRENT VALUES FOR CELESTIAL BODY:  Player Tank's Cannonball #1
* This is not the homeworld.
* The celestial boyd's density is 5515 kg/m^3.
* The celestial body's mass is 1000 kg.
* The Earth's mass is 5.972e+24 kg.
* The celestial body's radius is 0.001 km.
* The celestial body's coordinates are (3.9011123786838936e-13, 6371.0).
* The celestial body's velocity is (0.00662341831771057, 5.593353912650316).
* The celestial body's speed is 5.593357834237929 km/s.
* The celestial body's acceleration is (0, 0).
* The celestial body's screen x and y coordinates are (768, 345).
* The celestial body's screen radius is 2.
* The celestial is using a body circle.
<<<20:24:33:384586>>>
* ADDITIONAL INFORMATION FOR Player Tank's Cannonball #1:
* This cannonball is chambered.
<<<20:24:33:384586>>>  Enemy Tank is checking targeting info...
<<<20:24:33:384586>>>  Enemy Tank Launch angle not within tolerances, adjusting firing solution...
<<<20:24:33:384586>>>  Enemy Tank Launch speed not within tolerances, adjusting firing solution...
<<<20:24:33:384586>>>  Enemy Tank adjusted targeting angle one unit CCW...
<<<20:24:33:398167>>>  Player Tank is being animated...
<<<20:24:33:398167>>>  Enemy Tank is being animated...
<<<20:24:33:399198>>>  Enemy Tank is checking targeting info...
<<<20:24:33:399198>>>  Enemy Tank increased launch speed one unit...
<<<20:24:33:414705>>>  Player Tank is being animated...
<<<20:24:33:414705>>>
* Player Tank has advanced to next frame...
* <Surface(40x40x32 SW)> selected...
<<<20:24:33:414705>>>  Enemy Tank is being animated...
<<<20:24:33:415704>>>  Enemy Tank is checking targeting info...
<<<20:24:33:415704>>>  Enemy Tank increased launch speed one unit...
<<<20:24:33:431642>>>  Player Tank is being animated...
<<<20:24:33:431642>>>  Enemy Tank is being animated...
<<<20:24:33:432675>>>  Enemy Tank is checking targeting info...
<<<20:24:33:432675>>>  Enemy Tank increased launch speed one unit...
<<<20:24:33:447954>>>  Player Tank is being animated...
<<<20:24:33:447954>>>  Enemy Tank is being animated...
<<<20:24:33:448953>>>  Enemy Tank is checking targeting info...
<<<20:24:33:448953>>>  Enemy Tank increased launch speed one unit...
<<<20:24:33:464776>>>  Player Tank is being animated...
<<<20:24:33:464776>>>  Enemy Tank is being animated...
<<<20:24:33:465776>>>  Enemy Tank is checking targeting info...
<<<20:24:33:465776>>>  Enemy Tank increased launch speed one unit...
<<<20:24:33:482253>>>  Player Tank is being animated...
<<<20:24:33:482253>>>  Enemy Tank is being animated...
<<<20:24:33:483252>>>  Enemy Tank is checking targeting info...
<<<20:24:33:483252>>>  Enemy Tank increased launch speed one unit...
<<<20:24:33:498350>>>  Player Tank is being animated...
<<<20:24:33:498350>>>  Enemy Tank is being animated...
<<<20:24:33:499350>>>  Enemy Tank is checking targeting info...
<<<20:24:33:499350>>>  Enemy Tank increased launch speed one unit...
<<<20:24:33:515539>>>  Player Tank is being animated...
<<<20:24:33:515539>>>  Enemy Tank is being animated...
<<<20:24:33:516539>>>  Enemy Tank is checking targeting info...
<<<20:24:33:516539>>>  Enemy Tank increased launch speed one unit...
<<<20:24:33:530963>>>  Player Tank is being animated...
<<<20:24:33:530963>>>  Enemy Tank is being animated...
<<<20:24:33:531962>>>  Enemy Tank is checking targeting info...
<<<20:24:33:531962>>>  Enemy Tank increased launch speed one unit...
<<<20:24:33:548986>>>  Player Tank is being animated...
<<<20:24:33:548986>>>  Enemy Tank is being animated...
<<<20:24:33:549995>>>  Enemy Tank is checking targeting info...
<<<20:24:33:549995>>>  Enemy Tank increased launch speed one unit...
<<<20:24:33:565266>>>  Player Tank is being animated...
<<<20:24:33:565266>>>  Enemy Tank is being animated...
<<<20:24:33:566264>>>  Enemy Tank is checking targeting info...
<<<20:24:33:566264>>>  Enemy Tank increased launch speed one unit...
<<<20:24:33:581671>>>  Player Tank is being animated...
<<<20:24:33:581671>>>  Enemy Tank is being animated...
<<<20:24:33:582670>>>  Enemy Tank is checking targeting info...
<<<20:24:33:582670>>>  Enemy Tank increased launch speed one unit...
<<<20:24:33:597418>>>  Player Tank is being animated...
<<<20:24:33:597418>>>  Enemy Tank is being animated...
<<<20:24:33:599416>>>  Enemy Tank is checking targeting info...
<<<20:24:33:599416>>>  Enemy Tank increased launch speed one unit...
<<<20:24:33:612815>>>  Player Tank is being animated...
<<<20:24:33:612815>>>  Enemy Tank is being animated...
<<<20:24:33:613845>>>  Enemy Tank is checking targeting info...
<<<20:24:33:613845>>>  Enemy Tank increased launch speed one unit...
<<<20:24:33:629168>>>  Player Tank is being animated...
<<<20:24:33:629168>>>  Enemy Tank is being animated...
<<<20:24:33:630167>>>  Enemy Tank is checking targeting info...
<<<20:24:33:630167>>>  Enemy Tank increased launch speed one unit...
<<<20:24:33:645166>>>  Player Tank is being animated...
<<<20:24:33:645166>>>  Enemy Tank is being animated...
<<<20:24:33:646197>>>  Enemy Tank is checking targeting info...
<<<20:24:33:646197>>>  Enemy Tank increased launch speed one unit...
<<<20:24:33:662116>>>  Player Tank is being animated...
<<<20:24:33:662116>>>  Enemy Tank is being animated...
<<<20:24:33:663113>>>  Enemy Tank is checking targeting info...
<<<20:24:33:663113>>>  Enemy Tank increased launch speed one unit...
<<<20:24:33:677542>>>  Player Tank is being animated...
<<<20:24:33:677542>>>  Enemy Tank is being animated...
<<<20:24:33:678573>>>  Enemy Tank is checking targeting info...
<<<20:24:33:678573>>>  Enemy Tank increased launch speed one unit...
<<<20:24:33:693587>>>  Player Tank is being animated...
<<<20:24:33:693587>>>  Enemy Tank is being animated...
<<<20:24:33:694587>>>  Enemy Tank is checking targeting info...
<<<20:24:33:694587>>>  Enemy Tank increased launch speed one unit...
<<<20:24:33:711207>>>  Player Tank is being animated...
<<<20:24:33:711207>>>  Enemy Tank is being animated...
<<<20:24:33:712203>>>  Enemy Tank is checking targeting info...
<<<20:24:33:712203>>>  Enemy Tank increased launch speed one unit...
<<<20:24:33:726565>>>  Player Tank is being animated...
<<<20:24:33:726565>>>  Enemy Tank is being animated...
<<<20:24:33:727566>>>  Enemy Tank is checking targeting info...
<<<20:24:33:727566>>>  Enemy Tank increased launch speed one unit...
<<<20:24:33:743118>>>  Player Tank is being animated...
<<<20:24:33:743118>>>  Enemy Tank is being animated...
<<<20:24:33:744147>>>  Enemy Tank is checking targeting info...
<<<20:24:33:744147>>>  Enemy Tank increased launch speed one unit...
<<<20:24:33:759006>>>  Player Tank is being animated...
<<<20:24:33:759006>>>  Enemy Tank is being animated...
<<<20:24:33:760037>>>  Enemy Tank is checking targeting info...
<<<20:24:33:760037>>>  Enemy Tank increased launch speed one unit...
<<<20:24:33:775772>>>  Player Tank is being animated...
<<<20:24:33:775772>>>  Enemy Tank is being animated...
<<<20:24:33:776772>>>  Enemy Tank is checking targeting info...
<<<20:24:33:776772>>>  Enemy Tank increased launch speed one unit...
<<<20:24:33:791767>>>  Player Tank is being animated...
<<<20:24:33:791767>>>  Enemy Tank is being animated...
<<<20:24:33:793800>>>  Enemy Tank is checking targeting info...
<<<20:24:33:793800>>>  Enemy Tank increased launch speed one unit...
<<<20:24:33:808173>>>  Player Tank is being animated...
<<<20:24:33:808173>>>  Enemy Tank is being animated...
<<<20:24:33:809208>>>  Enemy Tank is checking targeting info...
<<<20:24:33:809208>>>  Enemy Tank increased launch speed one unit...
<<<20:24:33:825768>>>  Player Tank is being animated...
<<<20:24:33:825768>>>  Enemy Tank is being animated...
<<<20:24:33:826762>>>  Enemy Tank is checking targeting info...
<<<20:24:33:826762>>>  Enemy Tank increased launch speed one unit...
<<<20:24:33:841042>>>  Player Tank is being animated...
<<<20:24:33:841042>>>  Enemy Tank is being animated...
<<<20:24:33:842041>>>  Enemy Tank is checking targeting info...
<<<20:24:33:843038>>>  Enemy Tank increased launch speed one unit...
<<<20:24:33:857756>>>  Player Tank is being animated...
<<<20:24:33:857756>>>  Enemy Tank is being animated...
<<<20:24:33:858755>>>  Enemy Tank is checking targeting info...
<<<20:24:33:858755>>>  Enemy Tank increased launch speed one unit...
<<<20:24:33:874796>>>  Player Tank is being animated...
<<<20:24:33:874796>>>  Enemy Tank is being animated...
<<<20:24:33:875795>>>  Enemy Tank is checking targeting info...
<<<20:24:33:875795>>>  Enemy Tank increased launch speed one unit...
<<<20:24:33:891841>>>  Player Tank is being animated...
<<<20:24:33:891841>>>  Enemy Tank is being animated...
<<<20:24:33:892841>>>  Enemy Tank is checking targeting info...
<<<20:24:33:892841>>>  Enemy Tank increased launch speed one unit...
<<<20:24:33:908834>>>  Player Tank is being animated...
<<<20:24:33:909597>>>  Enemy Tank is being animated...
<<<20:24:33:910592>>>  Enemy Tank is checking targeting info...
<<<20:24:33:910592>>>  Enemy Tank increased launch speed one unit...
<<<20:24:33:925580>>>  Player Tank is being animated...
<<<20:24:33:925580>>>  Enemy Tank is being animated...
<<<20:24:33:926580>>>  Enemy Tank is checking targeting info...
<<<20:24:33:926580>>>  Enemy Tank increased launch speed one unit...
<<<20:24:33:942537>>>  Player Tank is being animated...
<<<20:24:33:942537>>>  Enemy Tank is being animated...
<<<20:24:33:944310>>>  Enemy Tank is checking targeting info...
<<<20:24:33:944310>>>  Enemy Tank increased launch speed one unit...
<<<20:24:33:958442>>>  Player Tank is being animated...
<<<20:24:33:958442>>>  Enemy Tank is being animated...
<<<20:24:33:960475>>>  Enemy Tank is checking targeting info...
<<<20:24:33:960475>>>  Enemy Tank increased launch speed one unit...
<<<20:24:33:974882>>>  Player Tank is being animated...
<<<20:24:33:974882>>>  Enemy Tank is being animated...
<<<20:24:33:975881>>>  Enemy Tank is checking targeting info...
<<<20:24:33:975881>>>  Enemy Tank increased launch speed one unit...
<<<20:24:33:991948>>>  Player Tank is being animated...
<<<20:24:33:991948>>>  Enemy Tank is being animated...
<<<20:24:33:992948>>>  Enemy Tank is checking targeting info...
<<<20:24:33:992948>>>  Enemy Tank increased launch speed one unit...
<<<20:24:34:008779>>>  Player Tank is being animated...
<<<20:24:34:008779>>>  Enemy Tank is being animated...
<<<20:24:34:009778>>>  Enemy Tank is checking targeting info...
<<<20:24:34:009778>>>  Enemy Tank increased launch speed one unit...
<<<20:24:34:025944>>>  Player Tank is being animated...
<<<20:24:34:025944>>>  Enemy Tank is being animated...
<<<20:24:34:026979>>>  Enemy Tank is checking targeting info...
<<<20:24:34:026979>>>  Enemy Tank increased launch speed one unit...
<<<20:24:34:043857>>>  Player Tank is being animated...
<<<20:24:34:043857>>>  Enemy Tank is being animated...
<<<20:24:34:044845>>>  Enemy Tank is checking targeting info...
<<<20:24:34:044845>>>  Enemy Tank increased launch speed one unit...
<<<20:24:34:059286>>>  Player Tank is being animated...
<<<20:24:34:059286>>>  Enemy Tank is being animated...
<<<20:24:34:060318>>>  Enemy Tank is checking targeting info...
<<<20:24:34:060318>>>  Enemy Tank increased launch speed one unit...
<<<20:24:34:075624>>>  Player Tank is being animated...
<<<20:24:34:075624>>>  Enemy Tank is being animated...
<<<20:24:34:076623>>>  Enemy Tank is checking targeting info...
<<<20:24:34:076623>>>  Enemy Tank increased launch speed one unit...
<<<20:24:34:092141>>>  Player Tank is being animated...
<<<20:24:34:092141>>>  Enemy Tank is being animated...
<<<20:24:34:093140>>>  Enemy Tank is checking targeting info...
<<<20:24:34:093140>>>  Enemy Tank increased launch speed one unit...
<<<20:24:34:108454>>>  Player Tank is being animated...
<<<20:24:34:108454>>>  Enemy Tank is being animated...
<<<20:24:34:109453>>>  Enemy Tank is checking targeting info...
<<<20:24:34:109453>>>  Enemy Tank increased launch speed one unit...
<<<20:24:34:124780>>>  Player Tank is being animated...
<<<20:24:34:124780>>>  Enemy Tank is being animated...
<<<20:24:34:125807>>>  Enemy Tank is checking targeting info...
<<<20:24:34:125807>>>  Enemy Tank firing solution within tolerances, not adjusting firing solution...
<<<20:24:34:125807>>>  Enemy Tank attempting to fire cannonball...
<<<20:24:34:141830>>>  Player Tank is being animated...
<<<20:24:34:141830>>>  Enemy Tank is being animated...
<<<20:24:34:142867>>>  Enemy Tank chose to shoot...
<<<20:24:34:159410>>>  Player Tank is being animated...
<<<20:24:34:159410>>>  Enemy Tank is being animated...
<<<20:24:34:160440>>>  Enemy Tank is checking targeting info...
<<<20:24:34:160440>>>  Enemy Tank Launch angle not within tolerances, adjusting firing solution...
<<<20:24:34:160440>>>  Enemy Tank adjusted targeting angle one unit CCW...
<<<20:24:34:175551>>>  Player Tank is being animated...
<<<20:24:34:175551>>>  Enemy Tank is being animated...
<<<20:24:34:176489>>>  Enemy Tank is checking targeting info...
<<<20:24:34:176489>>>  Enemy Tank Launch angle not within tolerances, adjusting firing solution...
<<<20:24:34:176489>>>  Enemy Tank adjusted targeting angle one unit CCW...
<<<20:24:34:191769>>>  Player Tank is being animated...
<<<20:24:34:191769>>>  Enemy Tank is being animated...
<<<20:24:34:192802>>>  Enemy Tank is checking targeting info...
<<<20:24:34:192802>>>  Enemy Tank Launch angle not within tolerances, adjusting firing solution...
<<<20:24:34:192802>>>  Enemy Tank adjusted targeting angle one unit CCW...
<<<20:24:34:209293>>>  Player Tank is being animated...
<<<20:24:34:209293>>>  Enemy Tank is being animated...
<<<20:24:34:210293>>>  Enemy Tank is checking targeting info...
<<<20:24:34:210293>>>  Enemy Tank Launch angle not within tolerances, adjusting firing solution...
<<<20:24:34:210293>>>  Enemy Tank adjusted targeting angle one unit CCW...
<<<20:24:34:225546>>>  Player Tank is being animated...
<<<20:24:34:225546>>>  Enemy Tank is being animated...
<<<20:24:34:226545>>>  Enemy Tank is checking targeting info...
<<<20:24:34:226545>>>  Enemy Tank Launch angle not within tolerances, adjusting firing solution...
<<<20:24:34:226545>>>  Enemy Tank adjusted targeting angle one unit CCW...
<<<20:24:34:241617>>>  Player Tank is being animated...
<<<20:24:34:241617>>>  Enemy Tank is being animated...
<<<20:24:34:242616>>>  Enemy Tank is checking targeting info...
<<<20:24:34:242616>>>  Enemy Tank Launch angle not within tolerances, adjusting firing solution...
<<<20:24:34:242616>>>  Enemy Tank adjusted targeting angle one unit CCW...
<<<20:24:34:257526>>>  Player Tank is being animated...
<<<20:24:34:257526>>>  Enemy Tank is being animated...
<<<20:24:34:259522>>>  Enemy Tank is checking targeting info...
<<<20:24:34:259522>>>  Enemy Tank Launch angle not within tolerances, adjusting firing solution...
<<<20:24:34:259522>>>  Enemy Tank adjusted targeting angle one unit CCW...
<<<20:24:34:273721>>>  Player Tank is being animated...
<<<20:24:34:273721>>>  Enemy Tank is being animated...
<<<20:24:34:274752>>>  Enemy Tank is checking targeting info...
<<<20:24:34:274752>>>  Enemy Tank Launch angle not within tolerances, adjusting firing solution...
<<<20:24:34:274752>>>  Enemy Tank adjusted targeting angle one unit CCW...
<<<20:24:34:291402>>>  Player Tank is being animated...
<<<20:24:34:291402>>>  Enemy Tank is being animated...
<<<20:24:34:292430>>>  Enemy Tank is checking targeting info...
<<<20:24:34:292430>>>  Enemy Tank Launch angle not within tolerances, adjusting firing solution...
<<<20:24:34:292430>>>  Enemy Tank adjusted targeting angle one unit CCW...
<<<20:24:34:307351>>>  Player Tank is being animated...
<<<20:24:34:308383>>>  Enemy Tank is being animated...
<<<20:24:34:308383>>>  Enemy Tank is checking targeting info...
<<<20:24:34:309383>>>  Enemy Tank Launch angle not within tolerances, adjusting firing solution...
<<<20:24:34:309383>>>  Enemy Tank adjusted targeting angle one unit CCW...
<<<20:24:34:324466>>>  Player Tank is being animated...
<<<20:24:34:324466>>>  Enemy Tank is being animated...
<<<20:24:34:325444>>>  Enemy Tank is checking targeting info...
<<<20:24:34:325444>>>  Enemy Tank Launch angle not within tolerances, adjusting firing solution...
<<<20:24:34:325444>>>  Enemy Tank adjusted targeting angle one unit CCW...
<<<20:24:34:340825>>>  Player Tank is being animated...
<<<20:24:34:341859>>>  Enemy Tank is being animated...
<<<20:24:34:342857>>>  Enemy Tank is checking targeting info...
<<<20:24:34:342857>>>  Enemy Tank Launch angle not within tolerances, adjusting firing solution...
<<<20:24:34:342857>>>  Enemy Tank adjusted targeting angle one unit CCW...
<<<20:24:34:357204>>>  Player Tank is being animated...
<<<20:24:34:357204>>>  Enemy Tank is being animated...
<<<20:24:34:358238>>>  Enemy Tank is checking targeting info...
<<<20:24:34:358238>>>  Enemy Tank Launch angle not within tolerances, adjusting firing solution...
<<<20:24:34:358238>>>  Enemy Tank adjusted targeting angle one unit CCW...
<<<20:24:34:374486>>>  Player Tank is being animated...
<<<20:24:34:374486>>>  Enemy Tank is being animated...
<<<20:24:34:375518>>>  Enemy Tank is checking targeting info...
<<<20:24:34:375518>>>  Enemy Tank firing solution within tolerances, not adjusting firing solution...
<<<20:24:34:375518>>>  Enemy Tank attempting to fire cannonball...
<<<20:24:34:390717>>>  Player Tank is being animated...
<<<20:24:34:390717>>>  Enemy Tank is being animated...
<<<20:24:34:392714>>>  Enemy Tank chose to shoot...
<<<20:24:34:407026>>>  Player Tank is being animated...
<<<20:24:34:407026>>>  Enemy Tank is being animated...
<<<20:24:34:408058>>>  Enemy Tank is checking targeting info...
<<<20:24:34:408058>>>  Enemy Tank Launch angle not within tolerances, adjusting firing solution...
<<<20:24:34:408058>>>  Enemy Tank adjusted targeting angle one unit CW...
<<<20:24:34:424120>>>  Player Tank is being animated...
<<<20:24:34:424120>>>  Enemy Tank is being animated...
<<<20:24:34:425114>>>  Enemy Tank is checking targeting info...
<<<20:24:34:425114>>>  Enemy Tank Launch angle not within tolerances, adjusting firing solution...
<<<20:24:34:425114>>>  Enemy Tank adjusted targeting angle one unit CW...
<<<20:24:34:439318>>>  Player Tank is being animated...
<<<20:24:34:439318>>>  Enemy Tank is being animated...
<<<20:24:34:440318>>>  Enemy Tank is checking targeting info...
<<<20:24:34:440318>>>  Enemy Tank Launch angle not within tolerances, adjusting firing solution...
<<<20:24:34:440318>>>  Enemy Tank adjusted targeting angle one unit CW...
<<<20:24:34:455869>>>  Player Tank is being animated...
<<<20:24:34:455869>>>  Enemy Tank is being animated...
<<<20:24:34:456869>>>  Enemy Tank is checking targeting info...
<<<20:24:34:456869>>>  Enemy Tank Launch angle not within tolerances, adjusting firing solution...
<<<20:24:34:456869>>>  Enemy Tank adjusted targeting angle one unit CW...
<<<20:24:34:471923>>>  Player Tank is being animated...
<<<20:24:34:471923>>>  Enemy Tank is being animated...
<<<20:24:34:472954>>>  Enemy Tank is checking targeting info...
<<<20:24:34:472954>>>  Enemy Tank Launch angle not within tolerances, adjusting firing solution...
<<<20:24:34:472954>>>  Enemy Tank adjusted targeting angle one unit CW...
<<<20:24:34:488620>>>  Player Tank is being animated...
<<<20:24:34:488620>>>  Enemy Tank is being animated...
<<<20:24:34:489619>>>  Enemy Tank is checking targeting info...
<<<20:24:34:489619>>>  Enemy Tank Launch angle not within tolerances, adjusting firing solution...
<<<20:24:34:489619>>>  Enemy Tank adjusted targeting angle one unit CW...
<<<20:24:34:505763>>>  Player Tank is being animated...
<<<20:24:34:505763>>>  Enemy Tank is being animated...
<<<20:24:34:506763>>>  Enemy Tank is checking targeting info...
<<<20:24:34:506763>>>  Enemy Tank Launch angle not within tolerances, adjusting firing solution...
<<<20:24:34:506763>>>  Enemy Tank adjusted targeting angle one unit CW...
<<<20:24:34:520892>>>  Player Tank is being animated...
<<<20:24:34:520892>>>  Enemy Tank is being animated...
<<<20:24:34:522924>>>
* INFORMATION FOR Player Tank's CANNONBALLS:
* Cannonballs in memory for Player Tank:  1.
* Total cannonballs fired or chambered for Player Tank:  1.
<<<20:24:34:522924>>>
* CURRENT VALUES FOR CELESTIAL BODY:  Player Tank's Cannonball #1
* This is not the homeworld.
* The celestial boyd's density is 5515 kg/m^3.
* The celestial body's mass is 1000 kg.
* The Earth's mass is 5.972e+24 kg.
* The celestial body's radius is 0.001 km.
* The celestial body's coordinates are (-11.882001638910173, 6370.7042954309345).
* The celestial body's velocity is (0.00662341831771057, 5.593353912650316).
* The celestial body's speed is 5.593357834237929 km/s.
* The celestial body's acceleration is (0, 0).
* The celestial body's screen x and y coordinates are (767, 345).
* The celestial body's screen radius is 2.
* The celestial is using a body circle.
<<<20:24:34:522924>>>
* ADDITIONAL INFORMATION FOR Player Tank's Cannonball #1:
* This cannonball is chambered.
<<<20:24:34:522924>>>
* INFORMATION FOR Enemy Tank's CANNONBALLS:
* Cannonballs in memory for Enemy Tank:  3.
* Total cannonballs fired or chambered for Enemy Tank:  3.
<<<20:24:34:522924>>>
* CURRENT VALUES FOR CELESTIAL BODY:  Enemy Tank's Cannonball #1
* This is not the homeworld.
* The celestial boyd's density is 5515 kg/m^3.
* The celestial body's mass is 1000 kg.
* The Earth's mass is 5.972e+24 kg.
* The celestial body's radius is 0.001 km.
* The celestial body's coordinates are (976.5195482047145, -8451.929313484876).
* The celestial body's velocity is (4.035527266349472, -7.905885192008471).
* The celestial body's speed is 8.876288694418905 km/s.
* The celestial body's acceleration is (-0.0006111142857392534, 0.005595726259034558).
* The celestial body's screen x and y coordinates are (781, 546).
* The celestial body's screen radius is 2.
* The celestial is using a body circle.
<<<20:24:34:522924>>>
* ADDITIONAL INFORMATION FOR Enemy Tank's Cannonball #1:
* This cannonball is active.
<<<20:24:34:522924>>>
* CURRENT VALUES FOR CELESTIAL BODY:  Enemy Tank's Cannonball #2
* This is not the homeworld.
* The celestial boyd's density is 5515 kg/m^3.
* The celestial body's mass is 1000 kg.
* The Earth's mass is 5.972e+24 kg.
* The celestial body's radius is 0.001 km.
* The celestial body's coordinates are (555.289247880503, -7095.343786571629).
* The celestial body's velocity is (6.179791068444628, -7.705210771843935).
* The celestial body's speed is 9.87725117065309 km/s.
* The celestial body's acceleration is (-0.0005497289858308263, 0.008048159286164062).
* The celestial body's screen x and y coordinates are (775, 528).
* The celestial body's screen radius is 2.
* The celestial is using a body circle.
<<<20:24:34:522924>>>
* ADDITIONAL INFORMATION FOR Enemy Tank's Cannonball #2:
* This cannonball is active.
<<<20:24:34:522924>>>
* CURRENT VALUES FOR CELESTIAL BODY:  Enemy Tank's Cannonball #3
* This is not the homeworld.
* The celestial boyd's density is 5515 kg/m^3.
* The celestial body's mass is 1000 kg.
* The Earth's mass is 5.972e+24 kg.
* The celestial body's radius is 0.001 km.
* The celestial body's coordinates are (-2.1158387950341124, -6371.153718151023).
* The celestial body's velocity is (6.206383952961055, -8.506231161026111).
* The celestial body's speed is 10.529727932685827 km/s.
* The celestial body's acceleration is (0, 0).
* The celestial body's screen x and y coordinates are (767, 518).
* The celestial body's screen radius is 2.
* The celestial is using a body circle.
<<<20:24:34:522924>>>
* ADDITIONAL INFORMATION FOR Enemy Tank's Cannonball #3:
* This cannonball is chambered.
<<<20:24:34:522924>>>  Quit through pygame and writing log file...
