<<<15:31:53:893468>>>
* Screen coordinates (54, 43) choosen in zone #1.
* Screen dimensions are 1600 wide by 900 high.
* Minimum (x, y) are (0, 0).
* Maximum (x, y) are (266, 150).
* Mid (x, y) are (133, 75).
<<<15:31:53:893468>>>  Image at Pix\Faraway_Objects\Quasars\2.png choosen for background...
<<<15:31:53:897491>>>  Pix\Homeworlds\Forest\7.png loaded as pixie for Earth...
<<<15:31:53:897491>>>  Image at Pix\Homeworlds\Forest\7.png chosen as homeworld pix for Earth's...
<<<15:31:53:897491>>>  Pix\Moons\6.png loaded as pixie for Moon #2...
<<<15:31:53:936851>>>  Pix\Snails\Green_Snail\Spells\Spellready_Icon\spellready.png returned as pixie for Tank #1 Green Player Tank...
<<<15:31:53:936851>>>  Tank #1 Green Player Tank successfully created!
<<<15:31:53:980153>>>  Pix\Snails\Red_Snail\Spells\Spellready_Icon\spellready.png returned as pixie for Tank #2 Red AI Tank...
<<<15:31:53:980153>>>  Tank #2 Red AI Tank successfully created!
<<<15:31:54:024622>>>  Pix\Snails\Yellow_Snail\Spells\Spellready_Icon\spellready.png returned as pixie for Tank #3 Yellow AI Tank...
<<<15:31:54:024622>>>  Tank #3 Yellow AI Tank successfully created!
<<<15:31:54:029260>>>  Tank #2 Red AI Tank chose to move to 4.8423, cururently at 3.6652.
<<<15:31:54:029260>>>  Tank #2 Red AI Tank moved one unit CCW...
<<<15:31:54:029260>>>  Tank #2 Red AI Tank chose to move...
<<<15:31:54:029260>>>  Tank #3 Yellow AI Tank chose to move to 6.2569, cururently at 5.7596.
<<<15:31:54:029260>>>  Tank #3 Yellow AI Tank moved one unit CCW...
<<<15:31:54:029260>>>  Tank #3 Yellow AI Tank chose to move...
<<<15:31:54:041881>>>  Tank #2 Red AI Tank moved one unit CCW...
<<<15:31:54:041881>>>  Tank #3 Yellow AI Tank moved one unit CCW...
<<<15:31:54:059342>>>  Tank #2 Red AI Tank moved one unit CCW...
<<<15:31:54:059342>>>  Tank #3 Yellow AI Tank moved one unit CCW...
<<<15:31:54:075043>>>  Tank #2 Red AI Tank moved one unit CCW...
<<<15:31:54:075043>>>  Tank #3 Yellow AI Tank moved one unit CCW...
<<<15:31:54:091188>>>  Tank #2 Red AI Tank moved one unit CCW...
<<<15:31:54:091188>>>  Tank #3 Yellow AI Tank moved one unit CCW...
<<<15:31:54:108119>>>  Tank #2 Red AI Tank moved one unit CCW...
<<<15:31:54:108119>>>  Tank #3 Yellow AI Tank moved one unit CCW...
<<<15:31:54:124367>>>  Tank #2 Red AI Tank moved one unit CCW...
<<<15:31:54:124367>>>  Tank #3 Yellow AI Tank moved one unit CCW...
<<<15:31:54:142077>>>  Successfully removed spellready icon from Tank #1 Green Player Tank's effect list!
<<<15:31:54:143152>>>  Tank #2 Red AI Tank moved one unit CCW...
<<<15:31:54:143152>>>  Tank #3 Yellow AI Tank moved one unit CCW...
<<<15:31:54:158039>>>  Tank #2 Red AI Tank moved one unit CCW...
<<<15:31:54:158039>>>  Tank #3 Yellow AI Tank moved one unit CCW...
<<<15:31:54:173082>>>  Tank #2 Red AI Tank moved one unit CCW...
<<<15:31:54:173082>>>  Tank #3 Yellow AI Tank moved one unit CCW...
<<<15:31:54:188861>>>  Tank #2 Red AI Tank moved one unit CCW...
<<<15:31:54:188861>>>  Tank #3 Yellow AI Tank moved one unit CCW...
<<<15:31:54:205440>>>  Tank #2 Red AI Tank moved one unit CCW...
<<<15:31:54:205440>>>  Tank #3 Yellow AI Tank moved one unit CCW...
<<<15:31:54:222058>>>  Tank #2 Red AI Tank moved one unit CCW...
<<<15:31:54:222058>>>  Tank #3 Yellow AI Tank moved one unit CCW...
<<<15:31:54:238643>>>  Tank #2 Red AI Tank moved one unit CCW...
<<<15:31:54:238643>>>  Tank #3 Yellow AI Tank moved one unit CCW...
<<<15:31:54:254714>>>  Tank #2 Red AI Tank moved one unit CCW...
<<<15:31:54:254714>>>  Tank #3 Yellow AI Tank moved one unit CCW...
<<<15:31:54:270777>>>  Tank #2 Red AI Tank moved one unit CCW...
<<<15:31:54:270777>>>  Tank #3 Yellow AI Tank moved one unit CCW...
<<<15:31:54:288354>>>  Tank #2 Red AI Tank moved one unit CCW...
<<<15:31:54:288354>>>  Tank #3 Yellow AI Tank moved one unit CCW...
<<<15:31:54:303821>>>  Tank #2 Red AI Tank moved one unit CCW...
<<<15:31:54:303821>>>  Tank #3 Yellow AI Tank moved one unit CCW...
<<<15:31:54:320578>>>  Tank #2 Red AI Tank moved one unit CCW...
<<<15:31:54:320578>>>  Tank #3 Yellow AI Tank moved one unit CCW...
<<<15:31:54:337011>>>  Tank #2 Red AI Tank moved one unit CCW...
<<<15:31:54:338092>>>  Tank #3 Yellow AI Tank moved one unit CCW...
<<<15:31:54:353131>>>  Tank #2 Red AI Tank moved one unit CCW...
<<<15:31:54:353131>>>  Tank #3 Yellow AI Tank moved one unit CCW...
<<<15:31:54:369484>>>  Tank #2 Red AI Tank moved one unit CCW...
<<<15:31:54:369484>>>  Tank #3 Yellow AI Tank moved one unit CCW...
<<<15:31:54:385753>>>  Tank #2 Red AI Tank moved one unit CCW...
<<<15:31:54:385753>>>  Tank #3 Yellow AI Tank moved one unit CCW...
<<<15:31:54:401796>>>  Tank #2 Red AI Tank moved one unit CCW...
<<<15:31:54:401796>>>  Tank #3 Yellow AI Tank moved one unit CCW...
<<<15:31:54:418801>>>  Tank #2 Red AI Tank moved one unit CCW...
<<<15:31:54:418801>>>  Tank #3 Yellow AI Tank moved one unit CCW...
<<<15:31:54:435356>>>  Tank #2 Red AI Tank moved one unit CCW...
<<<15:31:54:436428>>>  Tank #3 Yellow AI Tank moved one unit CCW...
<<<15:31:54:451107>>>  Tank #2 Red AI Tank moved one unit CCW...
<<<15:31:54:451167>>>  Tank #3 Yellow AI Tank moved one unit CCW...
<<<15:31:54:466920>>>  Tank #2 Red AI Tank moved one unit CCW...
<<<15:31:54:466920>>>  Tank #3 Yellow AI Tank moved one unit CCW...
<<<15:31:54:482655>>>  Tank #2 Red AI Tank moved one unit CCW...
<<<15:31:54:499364>>>  Tank #2 Red AI Tank moved one unit CCW...
<<<15:31:54:499364>>>  Successfully removed spellready icon from Tank #3 Yellow AI Tank's effect list!
<<<15:31:57:510722>>>  Successfully removed spellbook from Tank #3 Yellow AI Tank's effect list!
<<<15:31:57:510722>>>  Tank #3 Yellow AI Tank chose to shoot...
<<<15:31:57:510722>>>  Tank #3 Yellow AI Tank chose to move to 0.6629, cururently at 6.2483.
<<<15:31:57:510722>>>  Tank #3 Yellow AI Tank moved one unit CCW...
<<<15:31:57:510722>>>  Tank #3 Yellow AI Tank chose to move...
<<<15:31:57:510722>>>  Tank #2 Red AI Tank moved one unit CCW...
<<<15:31:57:510722>>>  Tank #3 Yellow AI Tank moved one unit CCW...
<<<15:31:57:510722>>>  ERROR:  Tank #3 Yellow AI Tank attempting to move with a chambered ball!
<<<15:31:57:526817>>>  Tank #2 Red AI Tank moved one unit CCW...
<<<15:31:57:526817>>>  Tank #3 Yellow AI Tank moved one unit CCW...
<<<15:31:57:543544>>>  Tank #2 Red AI Tank moved one unit CCW...
<<<15:31:57:543544>>>  Tank #3 Yellow AI Tank moved one unit CCW...
<<<15:31:57:560528>>>  Tank #2 Red AI Tank moved one unit CCW...
<<<15:31:57:560528>>>  Tank #3 Yellow AI Tank moved one unit CCW...
<<<15:31:57:576865>>>  Tank #2 Red AI Tank moved one unit CCW...
<<<15:31:57:576865>>>  Tank #3 Yellow AI Tank moved one unit CCW...
<<<15:31:57:592932>>>  Tank #2 Red AI Tank moved one unit CCW...
<<<15:31:57:592932>>>  Tank #3 Yellow AI Tank moved one unit CCW...
<<<15:31:57:609162>>>  Tank #2 Red AI Tank moved one unit CCW...
<<<15:31:57:609162>>>  Tank #3 Yellow AI Tank moved one unit CCW...
<<<15:31:57:625497>>>  Tank #2 Red AI Tank moved one unit CCW...
<<<15:31:57:626071>>>  Tank #3 Yellow AI Tank moved one unit CCW...
<<<15:31:57:641562>>>  Tank #2 Red AI Tank moved one unit CCW...
<<<15:31:57:641562>>>  Tank #3 Yellow AI Tank moved one unit CCW...
<<<15:31:57:657967>>>  Tank #2 Red AI Tank moved one unit CCW...
<<<15:31:57:657967>>>  Tank #3 Yellow AI Tank moved one unit CCW...
<<<15:31:57:674748>>>  Tank #2 Red AI Tank moved one unit CCW...
<<<15:31:57:674748>>>  Tank #3 Yellow AI Tank moved one unit CCW...
<<<15:31:57:691282>>>  Tank #2 Red AI Tank moved one unit CCW...
<<<15:31:57:691282>>>  Tank #3 Yellow AI Tank moved one unit CCW...
<<<15:31:57:707717>>>  Tank #2 Red AI Tank moved one unit CCW...
<<<15:31:57:707717>>>  Tank #3 Yellow AI Tank moved one unit CCW...
<<<15:31:57:724468>>>
* INFORMATION FOR Tank #1 Green Player Tank's CANNONBALLS:
* Cannonballs in memory for Tank #1 Green Player Tank:  0.
* Total cannonballs fired or chambered for Tank #1 Green Player Tank:  0.
<<<15:31:57:724468>>>
* INFORMATION FOR Tank #2 Red AI Tank's CANNONBALLS:
* Cannonballs in memory for Tank #2 Red AI Tank:  0.
* Total cannonballs fired or chambered for Tank #2 Red AI Tank:  0.
<<<15:31:57:724468>>>
* INFORMATION FOR Tank #3 Yellow AI Tank's CANNONBALLS:
* Cannonballs in memory for Tank #3 Yellow AI Tank:  0.
* Total cannonballs fired or chambered for Tank #3 Yellow AI Tank:  1.
<<<15:31:57:724468>>>  Quit through pygame and writing log file...
