<<<10:49:53:267621>>>  Pix\Homeworlds\Lava\7.png loaded as pixie for Earth...
<<<10:49:53:267621>>>  Image at Pix\Homeworlds\Lava\7.png chosen as homeworld pix for Earth's...
<<<10:49:53:267621>>>  Pix\Moons\4.png loaded as pixie for Moon #2...
<<<10:49:53:346443>>>  Pix\Snails\Green_Snail\Spells\Spellready_Icon\spellready.png returned as pixie for Snail #1 Green Player...
<<<10:49:53:346443>>>  Pix\Magic\Scroll\scroll.png returned as pixie for Snail #1 Green Player...
<<<10:49:53:346443>>>  Snail #1 Green Player successfully created!
<<<10:49:53:419695>>>  Pix\Snails\Red_Snail\Spells\Spellready_Icon\spellready.png returned as pixie for Snail #2 Red Player...
<<<10:49:53:419695>>>  Pix\Magic\Scroll\scroll.png returned as pixie for Snail #2 Red Player...
<<<10:49:53:419695>>>  Snail #2 Red Player successfully created!
<<<10:49:53:637277>>>  Snail #1 Green Player chambered cannonball...
<<<10:49:53:637277>>>
* CURRENT VALUES FOR CELESTIAL BODY:  Snail #1 Green Player's Cannonball #1
* This is not the homeworld.
* The celestial boyd's density is 5515 kg/m^3.
* The celestial body's mass is 1000 kg.
* The Earth's mass is 5.972e+24 kg.
* The celestial body's radius is 0.001 km.
* The celestial body's coordinates are (3.9011123786838936e-13, 6371.0).
* The celestial body's velocity is (-0.0011725155424099924, 5.592282522694987).
* The celestial body's speed is 5.5922826456137305 km/s.
* The celestial body's acceleration is (0, 0).
* The celestial body's screen x and y coordinates are (768, 345).
* The celestial body's screen radius is 2.
* The celestial is using a body circle.
<<<10:49:53:637277>>>
* ADDITIONAL INFORMATION FOR Snail #1 Green Player's Cannonball #1:
* This cannonball is chambered.
<<<10:50:06:380709>>>
* INFORMATION FOR Snail #1 Green Player's CANNONBALLS:
* Cannonballs in memory for Snail #1 Green Player:  1.
* Total cannonballs fired or chambered for Snail #1 Green Player:  1.
<<<10:50:06:380709>>>
* CURRENT VALUES FOR CELESTIAL BODY:  Snail #1 Green Player's Cannonball #1
* This is not the homeworld.
* The celestial boyd's density is 5515 kg/m^3.
* The celestial body's mass is 1000 kg.
* The Earth's mass is 5.972e+24 kg.
* The celestial body's radius is 0.001 km.
* The celestial body's coordinates are (31.485130794592443, 6710.771423257392).
* The celestial body's velocity is (-0.0011725155424099924, 5.592282522694987).
* The celestial body's speed is 5.5922826456137305 km/s.
* The celestial body's acceleration is (0, 0).
* The celestial body's screen x and y coordinates are (768, 340).
* The celestial body's screen radius is 2.
* The celestial is using a body circle.
<<<10:50:06:380709>>>
* ADDITIONAL INFORMATION FOR Snail #1 Green Player's Cannonball #1:
* This cannonball is chambered.
<<<10:50:06:380709>>>
* INFORMATION FOR Snail #2 Red Player's CANNONBALLS:
* Cannonballs in memory for Snail #2 Red Player:  0.
* Total cannonballs fired or chambered for Snail #2 Red Player:  0.
<<<10:50:06:380709>>>  Quit through pygame and writing log file...
