<<<15:31:50:750014>>>
* Screen coordinates (1428, 473) choosen in zone #4.
* Screen dimensions are 1600 wide by 900 high.
* Minimum (x, y) are (1333, 150).
* Maximum (x, y) are (1600, 750).
* Mid (x, y) are (1466, 450).
<<<15:31:50:750014>>>  Image at Pix\Faraway_Objects\Gas_Giants\13.png choosen for background...
<<<15:31:50:753288>>>  Pix\Homeworlds\Tundra\2.png loaded as pixie for Earth...
<<<15:31:50:753288>>>  Image at Pix\Homeworlds\Tundra\2.png chosen as homeworld pix for Earth's...
<<<15:31:50:753288>>>  Pix\Moons\13.png loaded as pixie for Moon #2...
<<<15:31:50:794506>>>  Pix\Snails\Green_Snail\Spells\Spellready_Icon\spellready.png returned as pixie for Tank #1 Green Player Tank...
<<<15:31:50:794506>>>  Tank #1 Green Player Tank successfully created!
<<<15:31:50:835908>>>  Pix\Snails\Red_Snail\Spells\Spellready_Icon\spellready.png returned as pixie for Tank #2 Red AI Tank...
<<<15:31:50:836905>>>  Tank #2 Red AI Tank successfully created!
<<<15:31:50:879241>>>  Pix\Snails\Yellow_Snail\Spells\Spellready_Icon\spellready.png returned as pixie for Tank #3 Yellow AI Tank...
<<<15:31:50:879241>>>  Tank #3 Yellow AI Tank successfully created!
<<<15:31:50:883916>>>
* *** Tank #2 Red AI Tank USING CLEAR SKIES FUNCTION ***
* Moon #2 at (10822.69680957495, 6724.880163536476), angle 0.5559834551785597 rads.
* Tank #2 Red AI Tank at (-5517.44784751066, -3185.499999999998), angle 3.665191429188092.
* Angle Between is 3.109207974009532 rads.
<<<15:31:50:883916>>>  Tank #2 Red AI Tank saw no celestials or cannonballs above their heads and is casting Gravity...
<<<15:31:50:883916>>>  Successfully removed spellready icon from Tank #2 Red AI Tank's effect list!
<<<15:31:50:883916>>>  Successfully removed spellready icon from Tank #3 Yellow AI Tank's effect list!
<<<15:31:50:896800>>>  Successfully removed spellbook from Tank #2 Red AI Tank's effect list!
<<<15:31:50:896800>>>  Tank #2 Red AI Tank chose to shoot...
<<<15:31:50:896800>>>  Deleting effect pixie gravity-rising...
<<<15:31:52:481372>>>
* INFORMATION FOR Tank #1 Green Player Tank's CANNONBALLS:
* Cannonballs in memory for Tank #1 Green Player Tank:  0.
* Total cannonballs fired or chambered for Tank #1 Green Player Tank:  0.
<<<15:31:52:481372>>>
* INFORMATION FOR Tank #2 Red AI Tank's CANNONBALLS:
* Cannonballs in memory for Tank #2 Red AI Tank:  1.
* Total cannonballs fired or chambered for Tank #2 Red AI Tank:  1.
<<<15:31:52:481372>>>
* CURRENT VALUES FOR CELESTIAL BODY:  Tank #2 Red AI Tank's Cannonball #1
* This is not the homeworld.
* The celestial boyd's density is 5515 kg/m^3.
* The celestial body's mass is 1000 kg.
* The Earth's mass is 5.972e+24 kg.
* The celestial body's radius is 0.001 km.
* The celestial body's coordinates are (-5529.045897449967, -3194.931535267485).
* The celestial body's velocity is (-4.843813732655267, -2.7965559995897924).
* The celestial body's speed is 5.593143743504311 km/s.
* The celestial body's acceleration is (0, 0).
* The celestial body's screen x and y coordinates are (721, 495).
* The celestial body's screen radius is 2.
* The celestial is using a body circle.
<<<15:31:52:481372>>>
* ADDITIONAL INFORMATION FOR Tank #2 Red AI Tank's Cannonball #1:
* This cannonball is chambered.
<<<15:31:52:481372>>>
* INFORMATION FOR Tank #3 Yellow AI Tank's CANNONBALLS:
* Cannonballs in memory for Tank #3 Yellow AI Tank:  0.
* Total cannonballs fired or chambered for Tank #3 Yellow AI Tank:  0.
<<<15:31:52:481372>>>  Quit through pygame and writing log file...
