<<<14:56:15:694543>>>
* Screen coordinates (1479, 133) choosen in zone #3.
* Screen dimensions are 1600 wide by 900 high.
* Minimum (x, y) are (1333, 0).
* Maximum (x, y) are (1600, 150).
* Mid (x, y) are (1466, 75).
<<<14:56:15:694543>>>  Image at Pix\Faraway_Objects\Gas_Giants\10.png choosen for background...
<<<14:56:15:694543>>>
* Screen coordinates (1454, 781) choosen in zone #5.
* Screen dimensions are 1600 wide by 900 high.
* Minimum (x, y) are (1333, 750).
* Maximum (x, y) are (1600, 900).
* Mid (x, y) are (1466, 825).
<<<14:56:15:694543>>>  Image at Pix\Faraway_Objects\Comets\4.png choosen for background...
<<<14:56:15:695501>>>
* Screen coordinates (419, 879) choosen in zone #6.
* Screen dimensions are 1600 wide by 900 high.
* Minimum (x, y) are (266, 750).
* Maximum (x, y) are (1333, 900).
* Mid (x, y) are (799, 825).
<<<14:56:15:695501>>>  Image at Pix\Faraway_Objects\Asteroids\8.png choosen for background...
<<<14:56:15:699354>>>  Pix\Homeworlds\Forest\10.png loaded as pixie for Earth...
<<<14:56:15:699354>>>  Image at Pix\Homeworlds\Forest\10.png chosen as homeworld pix for Earth's...
<<<14:56:15:700270>>>  Pix\Moons\1.png loaded as pixie for Moon #2...
<<<14:56:15:745621>>>  Pix\Snails\Green_Snail\Spells\Spellready_Icon\spellready.png returned as pixie for Tank #1 Green Player Tank...
<<<14:56:15:745621>>>  Tank #1 Green Player Tank successfully created!
<<<14:56:15:792137>>>  Pix\Snails\Red_Snail\Spells\Spellready_Icon\spellready.png returned as pixie for Tank #2 Red AI Tank...
<<<14:56:15:792137>>>  Tank #2 Red AI Tank successfully created!
<<<14:56:15:837452>>>  Pix\Snails\Yellow_Snail\Spells\Spellready_Icon\spellready.png returned as pixie for Tank #3 Yellow AI Tank...
<<<14:56:15:837950>>>  Tank #3 Yellow AI Tank successfully created!
<<<14:56:15:841978>>>  Tank #2 Red AI Tank chose to shoot...
<<<14:56:15:841978>>>
* *** Tank #3 Yellow AI Tank USING CLEAR SKIES FUNCTION ***
* Moon #2 at (1638.420837719001, -12636.0736229431), angle -1.4418535439628222 rads.
* Tank #3 Yellow AI Tank at (5517.447847510657, -3185.5000000000027), angle 5.759586531581287.
* Angle Between is 0.9182547683645232 rads.
* The skies are NOT clear, Tank #3 Yellow AI Tank shouldn't use Gravity...
<<<14:56:15:855754>>>  Tank #2 Red AI Tank is checking targeting info...
<<<14:56:15:855754>>>  Tank #2 Red AI Tank Launch angle not within tolerances, adjusting firing solution...
<<<14:56:15:855754>>>  Tank #2 Red AI Tank Launch speed not within tolerances, adjusting firing solution...
<<<14:56:15:855754>>>  Tank #2 Red AI Tank adjusted targeting angle one unit CCW...
<<<14:56:15:855754>>>
* *** Tank #3 Yellow AI Tank USING CLEAR SKIES FUNCTION ***
* Moon #2 at (1688.4635972560582, -12629.285462708442), angle -1.4378901405463393 rads.
* Tank #3 Yellow AI Tank at (5517.447847510657, -3185.5000000000027), angle 5.759586531581287.
* Angle Between is 0.9142913649480402 rads.
* The skies are NOT clear, Tank #3 Yellow AI Tank shouldn't use Gravity...
<<<14:56:15:872465>>>  Tank #2 Red AI Tank is checking targeting info...
<<<14:56:15:872465>>>  Tank #2 Red AI Tank Launch angle not within tolerances, adjusting firing solution...
<<<14:56:15:872465>>>  Tank #2 Red AI Tank Launch speed not within tolerances, adjusting firing solution...
<<<14:56:15:872465>>>  Tank #2 Red AI Tank adjusted targeting angle one unit CCW...
<<<14:56:15:872465>>>
* *** Tank #3 Yellow AI Tank USING CLEAR SKIES FUNCTION ***
* Moon #2 at (1738.473414268967, -12622.250900636513), angle -1.4339265995380563 rads.
* Tank #3 Yellow AI Tank at (5517.447847510657, -3185.5000000000027), angle 5.759586531581287.
* Angle Between is 0.910327823939757 rads.
* The skies are NOT clear, Tank #3 Yellow AI Tank shouldn't use Gravity...
<<<14:56:15:888918>>>  Tank #2 Red AI Tank is checking targeting info...
<<<14:56:15:888918>>>  Tank #2 Red AI Tank Launch angle not within tolerances, adjusting firing solution...
<<<14:56:15:888918>>>  Tank #2 Red AI Tank Launch speed not within tolerances, adjusting firing solution...
<<<14:56:15:888918>>>  Tank #2 Red AI Tank adjusted targeting angle one unit CCW...
<<<14:56:15:888918>>>  Tank #3 Yellow AI Tank chose to shoot...
<<<14:56:15:904974>>>  Tank #2 Red AI Tank is checking targeting info...
<<<14:56:15:904974>>>  Tank #2 Red AI Tank Launch angle not within tolerances, adjusting firing solution...
<<<14:56:15:904974>>>  Tank #2 Red AI Tank Launch speed not within tolerances, adjusting firing solution...
<<<14:56:15:904974>>>  Tank #2 Red AI Tank adjusted targeting angle one unit CCW...
<<<14:56:15:904974>>>  Tank #3 Yellow AI Tank is checking targeting info...
<<<14:56:15:904974>>>  Tank #3 Yellow AI Tank Launch angle not within tolerances, adjusting firing solution...
<<<14:56:15:904974>>>  Tank #3 Yellow AI Tank Launch speed not within tolerances, adjusting firing solution...
<<<14:56:15:904974>>>  Tank #3 Yellow AI Tank adjusted targeting angle one unit CW...
<<<14:56:15:921673>>>  Tank #2 Red AI Tank is checking targeting info...
<<<14:56:15:921673>>>  Tank #2 Red AI Tank Launch angle not within tolerances, adjusting firing solution...
<<<14:56:15:921673>>>  Tank #2 Red AI Tank Launch speed not within tolerances, adjusting firing solution...
<<<14:56:15:921673>>>  Tank #2 Red AI Tank adjusted targeting angle one unit CCW...
<<<14:56:15:921673>>>  Tank #3 Yellow AI Tank is checking targeting info...
<<<14:56:15:921673>>>  Tank #3 Yellow AI Tank Launch angle not within tolerances, adjusting firing solution...
<<<14:56:15:921673>>>  Tank #3 Yellow AI Tank Launch speed not within tolerances, adjusting firing solution...
<<<14:56:15:921673>>>  Tank #3 Yellow AI Tank adjusted targeting angle one unit CW...
<<<14:56:15:938789>>>  Tank #2 Red AI Tank is checking targeting info...
<<<14:56:15:938789>>>  Tank #2 Red AI Tank Launch angle not within tolerances, adjusting firing solution...
<<<14:56:15:938789>>>  Tank #2 Red AI Tank Launch speed not within tolerances, adjusting firing solution...
<<<14:56:15:938789>>>  Tank #2 Red AI Tank adjusted targeting angle one unit CCW...
<<<14:56:15:938789>>>  Tank #3 Yellow AI Tank is checking targeting info...
<<<14:56:15:938789>>>  Tank #3 Yellow AI Tank Launch angle not within tolerances, adjusting firing solution...
<<<14:56:15:938789>>>  Tank #3 Yellow AI Tank Launch speed not within tolerances, adjusting firing solution...
<<<14:56:15:938789>>>  Tank #3 Yellow AI Tank adjusted targeting angle one unit CW...
<<<14:56:15:955535>>>  Tank #2 Red AI Tank is checking targeting info...
<<<14:56:15:955535>>>  Tank #2 Red AI Tank Launch angle not within tolerances, adjusting firing solution...
<<<14:56:15:955535>>>  Tank #2 Red AI Tank Launch speed not within tolerances, adjusting firing solution...
<<<14:56:15:955535>>>  Tank #2 Red AI Tank adjusted targeting angle one unit CCW...
<<<14:56:15:955535>>>  Tank #3 Yellow AI Tank is checking targeting info...
<<<14:56:15:955535>>>  Tank #3 Yellow AI Tank Launch angle not within tolerances, adjusting firing solution...
<<<14:56:15:955535>>>  Tank #3 Yellow AI Tank Launch speed not within tolerances, adjusting firing solution...
<<<14:56:15:955535>>>  Tank #3 Yellow AI Tank adjusted targeting angle one unit CW...
<<<14:56:15:971102>>>  Tank #2 Red AI Tank is checking targeting info...
<<<14:56:15:971102>>>  Tank #2 Red AI Tank Launch angle not within tolerances, adjusting firing solution...
<<<14:56:15:971102>>>  Tank #2 Red AI Tank Launch speed not within tolerances, adjusting firing solution...
<<<14:56:15:971102>>>  Tank #2 Red AI Tank adjusted targeting angle one unit CCW...
<<<14:56:15:971102>>>  Tank #3 Yellow AI Tank is checking targeting info...
<<<14:56:15:971102>>>  Tank #3 Yellow AI Tank Launch angle not within tolerances, adjusting firing solution...
<<<14:56:15:971102>>>  Tank #3 Yellow AI Tank Launch speed not within tolerances, adjusting firing solution...
<<<14:56:15:971102>>>  Tank #3 Yellow AI Tank adjusted targeting angle one unit CW...
<<<14:56:15:987568>>>  Tank #2 Red AI Tank is checking targeting info...
<<<14:56:15:987568>>>  Tank #2 Red AI Tank Launch angle not within tolerances, adjusting firing solution...
<<<14:56:15:987568>>>  Tank #2 Red AI Tank Launch speed not within tolerances, adjusting firing solution...
<<<14:56:15:987568>>>  Tank #2 Red AI Tank adjusted targeting angle one unit CCW...
<<<14:56:15:987568>>>  Tank #3 Yellow AI Tank is checking targeting info...
<<<14:56:15:987568>>>  Tank #3 Yellow AI Tank Launch angle not within tolerances, adjusting firing solution...
<<<14:56:15:987568>>>  Tank #3 Yellow AI Tank Launch speed not within tolerances, adjusting firing solution...
<<<14:56:15:987568>>>  Tank #3 Yellow AI Tank adjusted targeting angle one unit CW...
<<<14:56:16:003826>>>  Tank #2 Red AI Tank is checking targeting info...
<<<14:56:16:003826>>>  Tank #2 Red AI Tank Launch angle not within tolerances, adjusting firing solution...
<<<14:56:16:003826>>>  Tank #2 Red AI Tank Launch speed not within tolerances, adjusting firing solution...
<<<14:56:16:003826>>>  Tank #2 Red AI Tank adjusted targeting angle one unit CCW...
<<<14:56:16:003826>>>  Tank #3 Yellow AI Tank is checking targeting info...
<<<14:56:16:003826>>>  Tank #3 Yellow AI Tank Launch angle not within tolerances, adjusting firing solution...
<<<14:56:16:003826>>>  Tank #3 Yellow AI Tank Launch speed not within tolerances, adjusting firing solution...
<<<14:56:16:003826>>>  Tank #3 Yellow AI Tank adjusted targeting angle one unit CW...
<<<14:56:16:020647>>>  Tank #2 Red AI Tank is checking targeting info...
<<<14:56:16:020647>>>  Tank #2 Red AI Tank Launch angle not within tolerances, adjusting firing solution...
<<<14:56:16:020647>>>  Tank #2 Red AI Tank Launch speed not within tolerances, adjusting firing solution...
<<<14:56:16:020647>>>  Tank #2 Red AI Tank adjusted targeting angle one unit CCW...
<<<14:56:16:020647>>>  Tank #3 Yellow AI Tank is checking targeting info...
<<<14:56:16:020647>>>  Tank #3 Yellow AI Tank Launch angle not within tolerances, adjusting firing solution...
<<<14:56:16:020647>>>  Tank #3 Yellow AI Tank Launch speed not within tolerances, adjusting firing solution...
<<<14:56:16:020647>>>  Tank #3 Yellow AI Tank adjusted targeting angle one unit CW...
<<<14:56:16:038954>>>  Tank #2 Red AI Tank is checking targeting info...
<<<14:56:16:038954>>>  Tank #2 Red AI Tank Launch angle not within tolerances, adjusting firing solution...
<<<14:56:16:038954>>>  Tank #2 Red AI Tank Launch speed not within tolerances, adjusting firing solution...
<<<14:56:16:038954>>>  Tank #2 Red AI Tank adjusted targeting angle one unit CCW...
<<<14:56:16:038954>>>  Tank #3 Yellow AI Tank is checking targeting info...
<<<14:56:16:038954>>>  Tank #3 Yellow AI Tank Launch angle not within tolerances, adjusting firing solution...
<<<14:56:16:038954>>>  Tank #3 Yellow AI Tank Launch speed not within tolerances, adjusting firing solution...
<<<14:56:16:038954>>>  Tank #3 Yellow AI Tank adjusted targeting angle one unit CW...
<<<14:56:16:054984>>>  Tank #2 Red AI Tank is checking targeting info...
<<<14:56:16:054984>>>  Tank #2 Red AI Tank Launch angle not within tolerances, adjusting firing solution...
<<<14:56:16:054984>>>  Tank #2 Red AI Tank Launch speed not within tolerances, adjusting firing solution...
<<<14:56:16:054984>>>  Tank #2 Red AI Tank adjusted targeting angle one unit CCW...
<<<14:56:16:054984>>>  Tank #3 Yellow AI Tank is checking targeting info...
<<<14:56:16:054984>>>  Tank #3 Yellow AI Tank Launch angle not within tolerances, adjusting firing solution...
<<<14:56:16:054984>>>  Tank #3 Yellow AI Tank Launch speed not within tolerances, adjusting firing solution...
<<<14:56:16:054984>>>  Tank #3 Yellow AI Tank adjusted targeting angle one unit CW...
<<<14:56:16:071782>>>  Tank #2 Red AI Tank is checking targeting info...
<<<14:56:16:071782>>>  Tank #2 Red AI Tank Launch angle not within tolerances, adjusting firing solution...
<<<14:56:16:071782>>>  Tank #2 Red AI Tank Launch speed not within tolerances, adjusting firing solution...
<<<14:56:16:071782>>>  Tank #2 Red AI Tank adjusted targeting angle one unit CCW...
<<<14:56:16:071782>>>  Tank #3 Yellow AI Tank is checking targeting info...
<<<14:56:16:071782>>>  Tank #3 Yellow AI Tank Launch angle not within tolerances, adjusting firing solution...
<<<14:56:16:071782>>>  Tank #3 Yellow AI Tank Launch speed not within tolerances, adjusting firing solution...
<<<14:56:16:071782>>>  Tank #3 Yellow AI Tank adjusted targeting angle one unit CW...
<<<14:56:16:088630>>>  Tank #2 Red AI Tank is checking targeting info...
<<<14:56:16:088630>>>  Tank #2 Red AI Tank Launch angle not within tolerances, adjusting firing solution...
<<<14:56:16:088630>>>  Tank #2 Red AI Tank Launch speed not within tolerances, adjusting firing solution...
<<<14:56:16:088630>>>  Tank #2 Red AI Tank adjusted targeting angle one unit CCW...
<<<14:56:16:088630>>>  Tank #3 Yellow AI Tank is checking targeting info...
<<<14:56:16:088630>>>  Tank #3 Yellow AI Tank Launch angle not within tolerances, adjusting firing solution...
<<<14:56:16:088630>>>  Tank #3 Yellow AI Tank Launch speed not within tolerances, adjusting firing solution...
<<<14:56:16:088630>>>  Tank #3 Yellow AI Tank adjusted targeting angle one unit CW...
<<<14:56:16:105096>>>  Tank #2 Red AI Tank is checking targeting info...
<<<14:56:16:105096>>>  Tank #2 Red AI Tank Launch angle not within tolerances, adjusting firing solution...
<<<14:56:16:105096>>>  Tank #2 Red AI Tank Launch speed not within tolerances, adjusting firing solution...
<<<14:56:16:105096>>>  Tank #2 Red AI Tank adjusted targeting angle one unit CCW...
<<<14:56:16:105096>>>  Tank #3 Yellow AI Tank is checking targeting info...
<<<14:56:16:105096>>>  Tank #3 Yellow AI Tank Launch angle not within tolerances, adjusting firing solution...
<<<14:56:16:105096>>>  Tank #3 Yellow AI Tank Launch speed not within tolerances, adjusting firing solution...
<<<14:56:16:105096>>>  Tank #3 Yellow AI Tank adjusted targeting angle one unit CW...
<<<14:56:16:121374>>>  Tank #2 Red AI Tank is checking targeting info...
<<<14:56:16:121374>>>  Tank #2 Red AI Tank Launch angle not within tolerances, adjusting firing solution...
<<<14:56:16:121374>>>  Tank #2 Red AI Tank Launch speed not within tolerances, adjusting firing solution...
<<<14:56:16:121374>>>  Tank #2 Red AI Tank adjusted targeting angle one unit CCW...
<<<14:56:16:121374>>>  Tank #3 Yellow AI Tank is checking targeting info...
<<<14:56:16:121374>>>  Tank #3 Yellow AI Tank Launch angle not within tolerances, adjusting firing solution...
<<<14:56:16:121374>>>  Tank #3 Yellow AI Tank Launch speed not within tolerances, adjusting firing solution...
<<<14:56:16:121374>>>  Tank #3 Yellow AI Tank adjusted targeting angle one unit CW...
<<<14:56:16:138627>>>  Tank #2 Red AI Tank is checking targeting info...
<<<14:56:16:138627>>>  Tank #2 Red AI Tank Launch angle not within tolerances, adjusting firing solution...
<<<14:56:16:138627>>>  Tank #2 Red AI Tank Launch speed not within tolerances, adjusting firing solution...
<<<14:56:16:138627>>>  Tank #2 Red AI Tank adjusted targeting angle one unit CCW...
<<<14:56:16:138627>>>  Tank #3 Yellow AI Tank is checking targeting info...
<<<14:56:16:138627>>>  Tank #3 Yellow AI Tank Launch angle not within tolerances, adjusting firing solution...
<<<14:56:16:138627>>>  Tank #3 Yellow AI Tank Launch speed not within tolerances, adjusting firing solution...
<<<14:56:16:138627>>>  Tank #3 Yellow AI Tank adjusted targeting angle one unit CW...
<<<14:56:16:154364>>>  Tank #2 Red AI Tank is checking targeting info...
<<<14:56:16:154364>>>  Tank #2 Red AI Tank Launch angle not within tolerances, adjusting firing solution...
<<<14:56:16:154364>>>  Tank #2 Red AI Tank Launch speed not within tolerances, adjusting firing solution...
<<<14:56:16:154364>>>  Tank #2 Red AI Tank adjusted targeting angle one unit CCW...
<<<14:56:16:154364>>>  Tank #3 Yellow AI Tank is checking targeting info...
<<<14:56:16:154364>>>  Tank #3 Yellow AI Tank Launch angle not within tolerances, adjusting firing solution...
<<<14:56:16:154364>>>  Tank #3 Yellow AI Tank Launch speed not within tolerances, adjusting firing solution...
<<<14:56:16:154364>>>  Tank #3 Yellow AI Tank adjusted targeting angle one unit CW...
<<<14:56:16:170614>>>  Tank #2 Red AI Tank is checking targeting info...
<<<14:56:16:170614>>>  Tank #2 Red AI Tank Launch angle not within tolerances, adjusting firing solution...
<<<14:56:16:170614>>>  Tank #2 Red AI Tank Launch speed not within tolerances, adjusting firing solution...
<<<14:56:16:170614>>>  Tank #2 Red AI Tank adjusted targeting angle one unit CCW...
<<<14:56:16:170614>>>  Tank #3 Yellow AI Tank is checking targeting info...
<<<14:56:16:170614>>>  Tank #3 Yellow AI Tank Launch angle not within tolerances, adjusting firing solution...
<<<14:56:16:170614>>>  Tank #3 Yellow AI Tank Launch speed not within tolerances, adjusting firing solution...
<<<14:56:16:170614>>>  Tank #3 Yellow AI Tank adjusted targeting angle one unit CW...
<<<14:56:16:186943>>>  Tank #2 Red AI Tank is checking targeting info...
<<<14:56:16:186943>>>  Tank #2 Red AI Tank Launch angle not within tolerances, adjusting firing solution...
<<<14:56:16:186943>>>  Tank #2 Red AI Tank Launch speed not within tolerances, adjusting firing solution...
<<<14:56:16:186943>>>  Tank #2 Red AI Tank adjusted targeting angle one unit CCW...
<<<14:56:16:186943>>>  Tank #3 Yellow AI Tank is checking targeting info...
<<<14:56:16:186943>>>  Tank #3 Yellow AI Tank Launch angle not within tolerances, adjusting firing solution...
<<<14:56:16:186943>>>  Tank #3 Yellow AI Tank Launch speed not within tolerances, adjusting firing solution...
<<<14:56:16:186943>>>  Tank #3 Yellow AI Tank adjusted targeting angle one unit CW...
<<<14:56:16:203790>>>  Tank #2 Red AI Tank is checking targeting info...
<<<14:56:16:203790>>>  Tank #2 Red AI Tank Launch angle not within tolerances, adjusting firing solution...
<<<14:56:16:203790>>>  Tank #2 Red AI Tank Launch speed not within tolerances, adjusting firing solution...
<<<14:56:16:203790>>>  Tank #2 Red AI Tank adjusted targeting angle one unit CCW...
<<<14:56:16:203790>>>  Tank #3 Yellow AI Tank is checking targeting info...
<<<14:56:16:203790>>>  Tank #3 Yellow AI Tank Launch angle not within tolerances, adjusting firing solution...
<<<14:56:16:203790>>>  Tank #3 Yellow AI Tank Launch speed not within tolerances, adjusting firing solution...
<<<14:56:16:203790>>>  Tank #3 Yellow AI Tank adjusted targeting angle one unit CW...
<<<14:56:16:220468>>>  Tank #2 Red AI Tank is checking targeting info...
<<<14:56:16:220468>>>  Tank #2 Red AI Tank Launch angle not within tolerances, adjusting firing solution...
<<<14:56:16:220468>>>  Tank #2 Red AI Tank Launch speed not within tolerances, adjusting firing solution...
<<<14:56:16:220468>>>  Tank #2 Red AI Tank adjusted targeting angle one unit CCW...
<<<14:56:16:220468>>>  Tank #3 Yellow AI Tank is checking targeting info...
<<<14:56:16:220468>>>  Tank #3 Yellow AI Tank Launch angle not within tolerances, adjusting firing solution...
<<<14:56:16:220468>>>  Tank #3 Yellow AI Tank Launch speed not within tolerances, adjusting firing solution...
<<<14:56:16:220468>>>  Tank #3 Yellow AI Tank adjusted targeting angle one unit CW...
<<<14:56:16:236070>>>  Tank #2 Red AI Tank is checking targeting info...
<<<14:56:16:236070>>>  Tank #2 Red AI Tank Launch angle not within tolerances, adjusting firing solution...
<<<14:56:16:236070>>>  Tank #2 Red AI Tank Launch speed not within tolerances, adjusting firing solution...
<<<14:56:16:236070>>>  Tank #2 Red AI Tank adjusted targeting angle one unit CCW...
<<<14:56:16:236070>>>  Tank #3 Yellow AI Tank is checking targeting info...
<<<14:56:16:236070>>>  Tank #3 Yellow AI Tank Launch angle not within tolerances, adjusting firing solution...
<<<14:56:16:236070>>>  Tank #3 Yellow AI Tank Launch speed not within tolerances, adjusting firing solution...
<<<14:56:16:236070>>>  Tank #3 Yellow AI Tank adjusted targeting angle one unit CW...
<<<14:56:16:252078>>>  Tank #2 Red AI Tank is checking targeting info...
<<<14:56:16:252078>>>  Tank #2 Red AI Tank Launch angle not within tolerances, adjusting firing solution...
<<<14:56:16:252078>>>  Tank #2 Red AI Tank Launch speed not within tolerances, adjusting firing solution...
<<<14:56:16:252078>>>  Tank #2 Red AI Tank adjusted targeting angle one unit CCW...
<<<14:56:16:252078>>>  Tank #3 Yellow AI Tank is checking targeting info...
<<<14:56:16:252078>>>  Tank #3 Yellow AI Tank Launch angle not within tolerances, adjusting firing solution...
<<<14:56:16:252078>>>  Tank #3 Yellow AI Tank Launch speed not within tolerances, adjusting firing solution...
<<<14:56:16:252078>>>  Tank #3 Yellow AI Tank adjusted targeting angle one unit CW...
<<<14:56:16:269525>>>  Tank #2 Red AI Tank is checking targeting info...
<<<14:56:16:269525>>>  Tank #2 Red AI Tank Launch angle not within tolerances, adjusting firing solution...
<<<14:56:16:269525>>>  Tank #2 Red AI Tank Launch speed not within tolerances, adjusting firing solution...
<<<14:56:16:269525>>>  Tank #2 Red AI Tank adjusted targeting angle one unit CCW...
<<<14:56:16:269525>>>  Tank #3 Yellow AI Tank is checking targeting info...
<<<14:56:16:269525>>>  Tank #3 Yellow AI Tank Launch angle not within tolerances, adjusting firing solution...
<<<14:56:16:269525>>>  Tank #3 Yellow AI Tank Launch speed not within tolerances, adjusting firing solution...
<<<14:56:16:269525>>>  Tank #3 Yellow AI Tank adjusted targeting angle one unit CW...
<<<14:56:16:286150>>>  Tank #2 Red AI Tank is checking targeting info...
<<<14:56:16:286150>>>  Tank #2 Red AI Tank Launch angle not within tolerances, adjusting firing solution...
<<<14:56:16:286150>>>  Tank #2 Red AI Tank Launch speed not within tolerances, adjusting firing solution...
<<<14:56:16:286150>>>  Tank #2 Red AI Tank adjusted targeting angle one unit CCW...
<<<14:56:16:286150>>>  Tank #3 Yellow AI Tank is checking targeting info...
<<<14:56:16:286150>>>  Tank #3 Yellow AI Tank Launch angle not within tolerances, adjusting firing solution...
<<<14:56:16:286150>>>  Tank #3 Yellow AI Tank Launch speed not within tolerances, adjusting firing solution...
<<<14:56:16:286150>>>  Tank #3 Yellow AI Tank adjusted targeting angle one unit CW...
<<<14:56:16:302755>>>  Tank #2 Red AI Tank is checking targeting info...
<<<14:56:16:302755>>>  Tank #2 Red AI Tank Launch angle not within tolerances, adjusting firing solution...
<<<14:56:16:302755>>>  Tank #2 Red AI Tank Launch speed not within tolerances, adjusting firing solution...
<<<14:56:16:302755>>>  Tank #2 Red AI Tank adjusted targeting angle one unit CCW...
<<<14:56:16:302755>>>  Tank #3 Yellow AI Tank is checking targeting info...
<<<14:56:16:302755>>>  Tank #3 Yellow AI Tank Launch angle not within tolerances, adjusting firing solution...
<<<14:56:16:302755>>>  Tank #3 Yellow AI Tank Launch speed not within tolerances, adjusting firing solution...
<<<14:56:16:302755>>>  Tank #3 Yellow AI Tank adjusted targeting angle one unit CW...
<<<14:56:16:320174>>>  Tank #2 Red AI Tank is checking targeting info...
<<<14:56:16:320174>>>  Tank #2 Red AI Tank Launch angle not within tolerances, adjusting firing solution...
<<<14:56:16:320174>>>  Tank #2 Red AI Tank Launch speed not within tolerances, adjusting firing solution...
<<<14:56:16:320174>>>  Tank #2 Red AI Tank adjusted targeting angle one unit CCW...
<<<14:56:16:320174>>>  Tank #3 Yellow AI Tank is checking targeting info...
<<<14:56:16:320174>>>  Tank #3 Yellow AI Tank Launch angle not within tolerances, adjusting firing solution...
<<<14:56:16:320174>>>  Tank #3 Yellow AI Tank Launch speed not within tolerances, adjusting firing solution...
<<<14:56:16:320174>>>  Tank #3 Yellow AI Tank adjusted targeting angle one unit CW...
<<<14:56:16:336099>>>  Tank #2 Red AI Tank is checking targeting info...
<<<14:56:16:336099>>>  Tank #2 Red AI Tank Launch angle not within tolerances, adjusting firing solution...
<<<14:56:16:336099>>>  Tank #2 Red AI Tank Launch speed not within tolerances, adjusting firing solution...
<<<14:56:16:336099>>>  Tank #2 Red AI Tank adjusted targeting angle one unit CCW...
<<<14:56:16:336099>>>  Tank #3 Yellow AI Tank is checking targeting info...
<<<14:56:16:336099>>>  Tank #3 Yellow AI Tank Launch angle not within tolerances, adjusting firing solution...
<<<14:56:16:336099>>>  Tank #3 Yellow AI Tank Launch speed not within tolerances, adjusting firing solution...
<<<14:56:16:336099>>>  Tank #3 Yellow AI Tank adjusted targeting angle one unit CW...
<<<14:56:16:352871>>>  Tank #2 Red AI Tank is checking targeting info...
<<<14:56:16:352871>>>  Tank #2 Red AI Tank Launch angle not within tolerances, adjusting firing solution...
<<<14:56:16:352871>>>  Tank #2 Red AI Tank Launch speed not within tolerances, adjusting firing solution...
<<<14:56:16:352871>>>  Tank #2 Red AI Tank adjusted targeting angle one unit CCW...
<<<14:56:16:352871>>>  Tank #3 Yellow AI Tank is checking targeting info...
<<<14:56:16:352871>>>  Tank #3 Yellow AI Tank Launch angle not within tolerances, adjusting firing solution...
<<<14:56:16:352871>>>  Tank #3 Yellow AI Tank Launch speed not within tolerances, adjusting firing solution...
<<<14:56:16:352871>>>  Tank #3 Yellow AI Tank adjusted targeting angle one unit CW...
<<<14:56:16:369415>>>  Tank #2 Red AI Tank is checking targeting info...
<<<14:56:16:369415>>>  Tank #2 Red AI Tank Launch angle not within tolerances, adjusting firing solution...
<<<14:56:16:369415>>>  Tank #2 Red AI Tank Launch speed not within tolerances, adjusting firing solution...
<<<14:56:16:369415>>>  Tank #2 Red AI Tank adjusted targeting angle one unit CCW...
<<<14:56:16:369415>>>  Tank #3 Yellow AI Tank is checking targeting info...
<<<14:56:16:369415>>>  Tank #3 Yellow AI Tank Launch angle not within tolerances, adjusting firing solution...
<<<14:56:16:369415>>>  Tank #3 Yellow AI Tank Launch speed not within tolerances, adjusting firing solution...
<<<14:56:16:369415>>>  Tank #3 Yellow AI Tank adjusted targeting angle one unit CW...
<<<14:56:16:385083>>>  Tank #2 Red AI Tank is checking targeting info...
<<<14:56:16:385083>>>  Tank #2 Red AI Tank Launch angle not within tolerances, adjusting firing solution...
<<<14:56:16:385083>>>  Tank #2 Red AI Tank Launch speed not within tolerances, adjusting firing solution...
<<<14:56:16:385083>>>  Tank #2 Red AI Tank adjusted targeting angle one unit CCW...
<<<14:56:16:385083>>>  Tank #3 Yellow AI Tank is checking targeting info...
<<<14:56:16:385083>>>  Tank #3 Yellow AI Tank Launch angle not within tolerances, adjusting firing solution...
<<<14:56:16:385083>>>  Tank #3 Yellow AI Tank Launch speed not within tolerances, adjusting firing solution...
<<<14:56:16:385083>>>  Tank #3 Yellow AI Tank adjusted targeting angle one unit CW...
<<<14:56:16:401758>>>  Tank #2 Red AI Tank is checking targeting info...
<<<14:56:16:401758>>>  Tank #2 Red AI Tank Launch angle not within tolerances, adjusting firing solution...
<<<14:56:16:401758>>>  Tank #2 Red AI Tank Launch speed not within tolerances, adjusting firing solution...
<<<14:56:16:401758>>>  Tank #2 Red AI Tank adjusted targeting angle one unit CCW...
<<<14:56:16:401758>>>  Tank #3 Yellow AI Tank is checking targeting info...
<<<14:56:16:401758>>>  Tank #3 Yellow AI Tank Launch angle not within tolerances, adjusting firing solution...
<<<14:56:16:401758>>>  Tank #3 Yellow AI Tank Launch speed not within tolerances, adjusting firing solution...
<<<14:56:16:401758>>>  Tank #3 Yellow AI Tank adjusted targeting angle one unit CW...
<<<14:56:16:418241>>>  Tank #2 Red AI Tank is checking targeting info...
<<<14:56:16:418241>>>  Tank #2 Red AI Tank Launch angle not within tolerances, adjusting firing solution...
<<<14:56:16:418241>>>  Tank #2 Red AI Tank Launch speed not within tolerances, adjusting firing solution...
<<<14:56:16:418241>>>  Tank #2 Red AI Tank adjusted targeting angle one unit CCW...
<<<14:56:16:418241>>>  Tank #3 Yellow AI Tank is checking targeting info...
<<<14:56:16:418241>>>  Tank #3 Yellow AI Tank Launch angle not within tolerances, adjusting firing solution...
<<<14:56:16:418241>>>  Tank #3 Yellow AI Tank Launch speed not within tolerances, adjusting firing solution...
<<<14:56:16:418241>>>  Tank #3 Yellow AI Tank adjusted targeting angle one unit CW...
<<<14:56:16:434968>>>  Tank #2 Red AI Tank is checking targeting info...
<<<14:56:16:434968>>>  Tank #2 Red AI Tank Launch angle not within tolerances, adjusting firing solution...
<<<14:56:16:434968>>>  Tank #2 Red AI Tank Launch speed not within tolerances, adjusting firing solution...
<<<14:56:16:434968>>>  Tank #2 Red AI Tank adjusted targeting angle one unit CCW...
<<<14:56:16:434968>>>  Tank #3 Yellow AI Tank is checking targeting info...
<<<14:56:16:434968>>>  Tank #3 Yellow AI Tank Launch angle not within tolerances, adjusting firing solution...
<<<14:56:16:434968>>>  Tank #3 Yellow AI Tank Launch speed not within tolerances, adjusting firing solution...
<<<14:56:16:434968>>>  Tank #3 Yellow AI Tank adjusted targeting angle one unit CW...
<<<14:56:16:452284>>>  Tank #2 Red AI Tank is checking targeting info...
<<<14:56:16:452284>>>  Tank #2 Red AI Tank Launch angle not within tolerances, adjusting firing solution...
<<<14:56:16:452284>>>  Tank #2 Red AI Tank Launch speed not within tolerances, adjusting firing solution...
<<<14:56:16:452284>>>  Tank #2 Red AI Tank adjusted targeting angle one unit CCW...
<<<14:56:16:452284>>>  Tank #3 Yellow AI Tank is checking targeting info...
<<<14:56:16:452284>>>  Tank #3 Yellow AI Tank Launch angle not within tolerances, adjusting firing solution...
<<<14:56:16:452284>>>  Tank #3 Yellow AI Tank Launch speed not within tolerances, adjusting firing solution...
<<<14:56:16:452284>>>  Tank #3 Yellow AI Tank adjusted targeting angle one unit CW...
<<<14:56:16:468262>>>  Tank #2 Red AI Tank is checking targeting info...
<<<14:56:16:468262>>>  Tank #2 Red AI Tank Launch angle not within tolerances, adjusting firing solution...
<<<14:56:16:468262>>>  Tank #2 Red AI Tank Launch speed not within tolerances, adjusting firing solution...
<<<14:56:16:468262>>>  Tank #2 Red AI Tank adjusted targeting angle one unit CCW...
<<<14:56:16:468262>>>  Tank #3 Yellow AI Tank is checking targeting info...
<<<14:56:16:468262>>>  Tank #3 Yellow AI Tank Launch angle not within tolerances, adjusting firing solution...
<<<14:56:16:468262>>>  Tank #3 Yellow AI Tank Launch speed not within tolerances, adjusting firing solution...
<<<14:56:16:468262>>>  Tank #3 Yellow AI Tank adjusted targeting angle one unit CW...
<<<14:56:16:484801>>>  Tank #2 Red AI Tank is checking targeting info...
<<<14:56:16:484801>>>  Tank #2 Red AI Tank Launch angle not within tolerances, adjusting firing solution...
<<<14:56:16:484801>>>  Tank #2 Red AI Tank Launch speed not within tolerances, adjusting firing solution...
<<<14:56:16:484801>>>  Tank #2 Red AI Tank adjusted targeting angle one unit CCW...
<<<14:56:16:484801>>>  Tank #3 Yellow AI Tank is checking targeting info...
<<<14:56:16:484801>>>  Tank #3 Yellow AI Tank Launch angle not within tolerances, adjusting firing solution...
<<<14:56:16:484801>>>  Tank #3 Yellow AI Tank Launch speed not within tolerances, adjusting firing solution...
<<<14:56:16:484801>>>  Tank #3 Yellow AI Tank adjusted targeting angle one unit CW...
<<<14:56:16:502765>>>  Tank #2 Red AI Tank is checking targeting info...
<<<14:56:16:502765>>>  Tank #2 Red AI Tank Launch angle not within tolerances, adjusting firing solution...
<<<14:56:16:502765>>>  Tank #2 Red AI Tank Launch speed not within tolerances, adjusting firing solution...
<<<14:56:16:502765>>>  Tank #2 Red AI Tank adjusted targeting angle one unit CCW...
<<<14:56:16:502765>>>  Tank #3 Yellow AI Tank is checking targeting info...
<<<14:56:16:502765>>>  Tank #3 Yellow AI Tank Launch angle not within tolerances, adjusting firing solution...
<<<14:56:16:502765>>>  Tank #3 Yellow AI Tank Launch speed not within tolerances, adjusting firing solution...
<<<14:56:16:502765>>>  Tank #3 Yellow AI Tank adjusted targeting angle one unit CW...
<<<14:56:16:519417>>>  Tank #2 Red AI Tank is checking targeting info...
<<<14:56:16:519417>>>  Tank #2 Red AI Tank Launch angle not within tolerances, adjusting firing solution...
<<<14:56:16:519417>>>  Tank #2 Red AI Tank Launch speed not within tolerances, adjusting firing solution...
<<<14:56:16:519417>>>  Tank #2 Red AI Tank adjusted targeting angle one unit CCW...
<<<14:56:16:519417>>>  Tank #3 Yellow AI Tank is checking targeting info...
<<<14:56:16:519417>>>  Tank #3 Yellow AI Tank Launch angle not within tolerances, adjusting firing solution...
<<<14:56:16:519417>>>  Tank #3 Yellow AI Tank Launch speed not within tolerances, adjusting firing solution...
<<<14:56:16:519417>>>  Tank #3 Yellow AI Tank adjusted targeting angle one unit CW...
<<<14:56:16:535658>>>  Tank #2 Red AI Tank is checking targeting info...
<<<14:56:16:535658>>>  Tank #2 Red AI Tank Launch angle not within tolerances, adjusting firing solution...
<<<14:56:16:535658>>>  Tank #2 Red AI Tank Launch speed not within tolerances, adjusting firing solution...
<<<14:56:16:535658>>>  Tank #2 Red AI Tank adjusted targeting angle one unit CCW...
<<<14:56:16:535658>>>  Tank #3 Yellow AI Tank is checking targeting info...
<<<14:56:16:535658>>>  Tank #3 Yellow AI Tank Launch angle not within tolerances, adjusting firing solution...
<<<14:56:16:535658>>>  Tank #3 Yellow AI Tank Launch speed not within tolerances, adjusting firing solution...
<<<14:56:16:535658>>>  Tank #3 Yellow AI Tank adjusted targeting angle one unit CW...
<<<14:56:16:551897>>>  Tank #2 Red AI Tank is checking targeting info...
<<<14:56:16:551897>>>  Tank #2 Red AI Tank Launch angle not within tolerances, adjusting firing solution...
<<<14:56:16:551897>>>  Tank #2 Red AI Tank Launch speed not within tolerances, adjusting firing solution...
<<<14:56:16:551897>>>  Tank #2 Red AI Tank adjusted targeting angle one unit CCW...
<<<14:56:16:551897>>>  Tank #3 Yellow AI Tank is checking targeting info...
<<<14:56:16:551897>>>  Tank #3 Yellow AI Tank Launch angle not within tolerances, adjusting firing solution...
<<<14:56:16:551897>>>  Tank #3 Yellow AI Tank Launch speed not within tolerances, adjusting firing solution...
<<<14:56:16:551897>>>  Tank #3 Yellow AI Tank adjusted targeting angle one unit CW...
<<<14:56:16:570355>>>  Successfully removed spellready icon from Tank #1 Green Player Tank's effect list!
<<<14:56:16:570355>>>  Tank #2 Red AI Tank is checking targeting info...
<<<14:56:16:570355>>>  Tank #2 Red AI Tank Launch angle not within tolerances, adjusting firing solution...
<<<14:56:16:570355>>>  Tank #2 Red AI Tank Launch speed not within tolerances, adjusting firing solution...
<<<14:56:16:570355>>>  Tank #2 Red AI Tank adjusted targeting angle one unit CCW...
<<<14:56:16:570355>>>  Tank #3 Yellow AI Tank is checking targeting info...
<<<14:56:16:570355>>>  Tank #3 Yellow AI Tank Launch angle not within tolerances, adjusting firing solution...
<<<14:56:16:570355>>>  Tank #3 Yellow AI Tank Launch speed not within tolerances, adjusting firing solution...
<<<14:56:16:570355>>>  Tank #3 Yellow AI Tank adjusted targeting angle one unit CW...
<<<14:56:16:585777>>>  Tank #2 Red AI Tank is checking targeting info...
<<<14:56:16:585777>>>  Tank #2 Red AI Tank Launch angle not within tolerances, adjusting firing solution...
<<<14:56:16:585777>>>  Tank #2 Red AI Tank Launch speed not within tolerances, adjusting firing solution...
<<<14:56:16:585777>>>  Tank #2 Red AI Tank adjusted targeting angle one unit CCW...
<<<14:56:16:585777>>>  Tank #3 Yellow AI Tank is checking targeting info...
<<<14:56:16:585777>>>  Tank #3 Yellow AI Tank Launch angle not within tolerances, adjusting firing solution...
<<<14:56:16:585777>>>  Tank #3 Yellow AI Tank Launch speed not within tolerances, adjusting firing solution...
<<<14:56:16:585777>>>  Tank #3 Yellow AI Tank adjusted targeting angle one unit CW...
<<<14:56:16:602004>>>  Tank #2 Red AI Tank is checking targeting info...
<<<14:56:16:602004>>>  Tank #2 Red AI Tank increased launch speed one unit...
<<<14:56:16:602004>>>  Tank #3 Yellow AI Tank is checking targeting info...
<<<14:56:16:602004>>>  Tank #3 Yellow AI Tank Launch angle not within tolerances, adjusting firing solution...
<<<14:56:16:602004>>>  Tank #3 Yellow AI Tank Launch speed not within tolerances, adjusting firing solution...
<<<14:56:16:602004>>>  Tank #3 Yellow AI Tank adjusted targeting angle one unit CW...
<<<14:56:16:618799>>>  Tank #2 Red AI Tank is checking targeting info...
<<<14:56:16:618799>>>  Tank #2 Red AI Tank increased launch speed one unit...
<<<14:56:16:618799>>>  Tank #3 Yellow AI Tank is checking targeting info...
<<<14:56:16:618799>>>  Tank #3 Yellow AI Tank Launch angle not within tolerances, adjusting firing solution...
<<<14:56:16:618799>>>  Tank #3 Yellow AI Tank Launch speed not within tolerances, adjusting firing solution...
<<<14:56:16:618799>>>  Tank #3 Yellow AI Tank adjusted targeting angle one unit CW...
<<<14:56:16:635904>>>  Tank #2 Red AI Tank is checking targeting info...
<<<14:56:16:635904>>>  Tank #2 Red AI Tank increased launch speed one unit...
<<<14:56:16:635904>>>  Tank #3 Yellow AI Tank is checking targeting info...
<<<14:56:16:635904>>>  Tank #3 Yellow AI Tank Launch angle not within tolerances, adjusting firing solution...
<<<14:56:16:635904>>>  Tank #3 Yellow AI Tank Launch speed not within tolerances, adjusting firing solution...
<<<14:56:16:635904>>>  Tank #3 Yellow AI Tank adjusted targeting angle one unit CW...
<<<14:56:16:652511>>>  Tank #2 Red AI Tank is checking targeting info...
<<<14:56:16:652511>>>  Tank #2 Red AI Tank increased launch speed one unit...
<<<14:56:16:652511>>>  Tank #3 Yellow AI Tank is checking targeting info...
<<<14:56:16:652511>>>  Tank #3 Yellow AI Tank increased launch speed one unit...
<<<14:56:16:668258>>>  Tank #2 Red AI Tank is checking targeting info...
<<<14:56:16:668258>>>  Tank #2 Red AI Tank increased launch speed one unit...
<<<14:56:16:668258>>>  Tank #3 Yellow AI Tank is checking targeting info...
<<<14:56:16:668258>>>  Tank #3 Yellow AI Tank increased launch speed one unit...
<<<14:56:16:684887>>>  Tank #2 Red AI Tank is checking targeting info...
<<<14:56:16:684887>>>  Tank #2 Red AI Tank increased launch speed one unit...
<<<14:56:16:684887>>>  Tank #3 Yellow AI Tank is checking targeting info...
<<<14:56:16:684887>>>  Tank #3 Yellow AI Tank increased launch speed one unit...
<<<14:56:16:702878>>>  Tank #2 Red AI Tank is checking targeting info...
<<<14:56:16:702878>>>  Tank #2 Red AI Tank increased launch speed one unit...
<<<14:56:16:702878>>>  Tank #3 Yellow AI Tank is checking targeting info...
<<<14:56:16:702878>>>  Tank #3 Yellow AI Tank increased launch speed one unit...
<<<14:56:16:719849>>>  Tank #2 Red AI Tank is checking targeting info...
<<<14:56:16:719849>>>  Tank #2 Red AI Tank increased launch speed one unit...
<<<14:56:16:719849>>>  Tank #3 Yellow AI Tank is checking targeting info...
<<<14:56:16:719849>>>  Tank #3 Yellow AI Tank increased launch speed one unit...
<<<14:56:16:736200>>>  Tank #2 Red AI Tank is checking targeting info...
<<<14:56:16:736200>>>  Tank #2 Red AI Tank increased launch speed one unit...
<<<14:56:16:736200>>>  Tank #3 Yellow AI Tank is checking targeting info...
<<<14:56:16:736200>>>  Tank #3 Yellow AI Tank increased launch speed one unit...
<<<14:56:16:752015>>>  Tank #2 Red AI Tank is checking targeting info...
<<<14:56:16:752015>>>  Tank #2 Red AI Tank increased launch speed one unit...
<<<14:56:16:752015>>>  Tank #3 Yellow AI Tank is checking targeting info...
<<<14:56:16:752015>>>  Tank #3 Yellow AI Tank increased launch speed one unit...
<<<14:56:16:768307>>>  Tank #2 Red AI Tank is checking targeting info...
<<<14:56:16:768307>>>  Tank #2 Red AI Tank increased launch speed one unit...
<<<14:56:16:768307>>>  Tank #3 Yellow AI Tank is checking targeting info...
<<<14:56:16:768307>>>  Tank #3 Yellow AI Tank increased launch speed one unit...
<<<14:56:16:783872>>>  Tank #2 Red AI Tank is checking targeting info...
<<<14:56:16:783872>>>  Tank #2 Red AI Tank increased launch speed one unit...
<<<14:56:16:783872>>>  Tank #3 Yellow AI Tank is checking targeting info...
<<<14:56:16:783872>>>  Tank #3 Yellow AI Tank increased launch speed one unit...
<<<14:56:16:801549>>>  Tank #2 Red AI Tank is checking targeting info...
<<<14:56:16:801549>>>  Tank #2 Red AI Tank increased launch speed one unit...
<<<14:56:16:801549>>>  Tank #3 Yellow AI Tank is checking targeting info...
<<<14:56:16:801549>>>  Tank #3 Yellow AI Tank increased launch speed one unit...
<<<14:56:16:816905>>>  Tank #2 Red AI Tank is checking targeting info...
<<<14:56:16:816905>>>  Tank #2 Red AI Tank increased launch speed one unit...
<<<14:56:16:816905>>>  Tank #3 Yellow AI Tank is checking targeting info...
<<<14:56:16:816905>>>  Tank #3 Yellow AI Tank increased launch speed one unit...
<<<14:56:16:833583>>>  Tank #2 Red AI Tank is checking targeting info...
<<<14:56:16:833583>>>  Tank #2 Red AI Tank increased launch speed one unit...
<<<14:56:16:833583>>>  Tank #3 Yellow AI Tank is checking targeting info...
<<<14:56:16:833583>>>  Tank #3 Yellow AI Tank increased launch speed one unit...
<<<14:56:16:850219>>>  Tank #2 Red AI Tank is checking targeting info...
<<<14:56:16:850219>>>  Tank #2 Red AI Tank increased launch speed one unit...
<<<14:56:16:850219>>>  Tank #3 Yellow AI Tank is checking targeting info...
<<<14:56:16:850219>>>  Tank #3 Yellow AI Tank increased launch speed one unit...
<<<14:56:16:866587>>>  Tank #2 Red AI Tank is checking targeting info...
<<<14:56:16:866587>>>  Tank #2 Red AI Tank increased launch speed one unit...
<<<14:56:16:866587>>>  Tank #3 Yellow AI Tank is checking targeting info...
<<<14:56:16:866587>>>  Tank #3 Yellow AI Tank increased launch speed one unit...
<<<14:56:16:882074>>>  Tank #2 Red AI Tank is checking targeting info...
<<<14:56:16:882074>>>  Tank #2 Red AI Tank increased launch speed one unit...
<<<14:56:16:882074>>>  Tank #3 Yellow AI Tank is checking targeting info...
<<<14:56:16:882074>>>  Tank #3 Yellow AI Tank increased launch speed one unit...
<<<14:56:16:898549>>>  Tank #2 Red AI Tank is checking targeting info...
<<<14:56:16:898549>>>  Tank #2 Red AI Tank increased launch speed one unit...
<<<14:56:16:898549>>>  Tank #3 Yellow AI Tank is checking targeting info...
<<<14:56:16:898549>>>  Tank #3 Yellow AI Tank increased launch speed one unit...
<<<14:56:16:914482>>>  Tank #2 Red AI Tank is checking targeting info...
<<<14:56:16:914482>>>  Tank #2 Red AI Tank increased launch speed one unit...
<<<14:56:16:914482>>>  Tank #3 Yellow AI Tank is checking targeting info...
<<<14:56:16:914482>>>  Tank #3 Yellow AI Tank increased launch speed one unit...
<<<14:56:16:930067>>>  Tank #2 Red AI Tank is checking targeting info...
<<<14:56:16:930067>>>  Tank #2 Red AI Tank increased launch speed one unit...
<<<14:56:16:930067>>>  Tank #3 Yellow AI Tank is checking targeting info...
<<<14:56:16:930067>>>  Tank #3 Yellow AI Tank increased launch speed one unit...
<<<14:56:16:946421>>>  Tank #2 Red AI Tank is checking targeting info...
<<<14:56:16:946421>>>  Tank #2 Red AI Tank increased launch speed one unit...
<<<14:56:16:946421>>>  Tank #3 Yellow AI Tank is checking targeting info...
<<<14:56:16:946421>>>  Tank #3 Yellow AI Tank increased launch speed one unit...
<<<14:56:16:962660>>>  Tank #2 Red AI Tank is checking targeting info...
<<<14:56:16:962660>>>  Tank #2 Red AI Tank increased launch speed one unit...
<<<14:56:16:962660>>>  Tank #3 Yellow AI Tank is checking targeting info...
<<<14:56:16:962660>>>  Tank #3 Yellow AI Tank increased launch speed one unit...
<<<14:56:16:978482>>>  Tank #2 Red AI Tank is checking targeting info...
<<<14:56:16:978482>>>  Tank #2 Red AI Tank increased launch speed one unit...
<<<14:56:16:978482>>>  Tank #3 Yellow AI Tank is checking targeting info...
<<<14:56:16:978482>>>  Tank #3 Yellow AI Tank increased launch speed one unit...
<<<14:56:16:993985>>>  Tank #2 Red AI Tank is checking targeting info...
<<<14:56:16:993985>>>  Tank #2 Red AI Tank increased launch speed one unit...
<<<14:56:16:993985>>>  Tank #3 Yellow AI Tank is checking targeting info...
<<<14:56:16:993985>>>  Tank #3 Yellow AI Tank increased launch speed one unit...
<<<14:56:17:010266>>>  Tank #2 Red AI Tank is checking targeting info...
<<<14:56:17:010266>>>  Tank #2 Red AI Tank increased launch speed one unit...
<<<14:56:17:010266>>>  Tank #3 Yellow AI Tank is checking targeting info...
<<<14:56:17:010266>>>  Tank #3 Yellow AI Tank increased launch speed one unit...
<<<14:56:17:026290>>>  Tank #2 Red AI Tank is checking targeting info...
<<<14:56:17:026290>>>  Tank #2 Red AI Tank increased launch speed one unit...
<<<14:56:17:026290>>>  Tank #3 Yellow AI Tank is checking targeting info...
<<<14:56:17:026290>>>  Tank #3 Yellow AI Tank increased launch speed one unit...
<<<14:56:17:041973>>>  Tank #2 Red AI Tank is checking targeting info...
<<<14:56:17:041973>>>  Tank #2 Red AI Tank increased launch speed one unit...
<<<14:56:17:041973>>>  Tank #3 Yellow AI Tank is checking targeting info...
<<<14:56:17:041973>>>  Tank #3 Yellow AI Tank increased launch speed one unit...
<<<14:56:17:058662>>>  Tank #2 Red AI Tank is checking targeting info...
<<<14:56:17:058662>>>  Tank #2 Red AI Tank increased launch speed one unit...
<<<14:56:17:058662>>>  Tank #3 Yellow AI Tank is checking targeting info...
<<<14:56:17:058662>>>  Tank #3 Yellow AI Tank increased launch speed one unit...
<<<14:56:17:074225>>>  Tank #2 Red AI Tank is checking targeting info...
<<<14:56:17:074225>>>  Tank #2 Red AI Tank increased launch speed one unit...
<<<14:56:17:074225>>>  Tank #3 Yellow AI Tank is checking targeting info...
<<<14:56:17:074225>>>  Tank #3 Yellow AI Tank increased launch speed one unit...
<<<14:56:17:090687>>>  Tank #2 Red AI Tank is checking targeting info...
<<<14:56:17:090687>>>  Tank #2 Red AI Tank increased launch speed one unit...
<<<14:56:17:090687>>>  Tank #3 Yellow AI Tank is checking targeting info...
<<<14:56:17:090687>>>  Tank #3 Yellow AI Tank increased launch speed one unit...
<<<14:56:17:107875>>>  Tank #2 Red AI Tank is checking targeting info...
<<<14:56:17:107875>>>  Tank #2 Red AI Tank increased launch speed one unit...
<<<14:56:17:107875>>>  Tank #3 Yellow AI Tank is checking targeting info...
<<<14:56:17:107875>>>  Tank #3 Yellow AI Tank increased launch speed one unit...
<<<14:56:17:125202>>>  Tank #2 Red AI Tank is checking targeting info...
<<<14:56:17:125202>>>  Tank #2 Red AI Tank increased launch speed one unit...
<<<14:56:17:125202>>>  Tank #3 Yellow AI Tank is checking targeting info...
<<<14:56:17:125202>>>  Tank #3 Yellow AI Tank increased launch speed one unit...
<<<14:56:17:141183>>>  Tank #2 Red AI Tank is checking targeting info...
<<<14:56:17:141183>>>  Tank #2 Red AI Tank increased launch speed one unit...
<<<14:56:17:141183>>>  Tank #3 Yellow AI Tank is checking targeting info...
<<<14:56:17:141183>>>  Tank #3 Yellow AI Tank increased launch speed one unit...
<<<14:56:17:157480>>>  Tank #2 Red AI Tank is checking targeting info...
<<<14:56:17:157480>>>  Tank #2 Red AI Tank increased launch speed one unit...
<<<14:56:17:157480>>>  Tank #3 Yellow AI Tank is checking targeting info...
<<<14:56:17:157480>>>  Tank #3 Yellow AI Tank increased launch speed one unit...
<<<14:56:17:173638>>>  Tank #2 Red AI Tank is checking targeting info...
<<<14:56:17:173638>>>  Tank #2 Red AI Tank increased launch speed one unit...
<<<14:56:17:173638>>>  Tank #3 Yellow AI Tank is checking targeting info...
<<<14:56:17:173638>>>  Tank #3 Yellow AI Tank increased launch speed one unit...
<<<14:56:17:189173>>>  Tank #2 Red AI Tank is checking targeting info...
<<<14:56:17:189173>>>  Tank #2 Red AI Tank increased launch speed one unit...
<<<14:56:17:189173>>>  Tank #3 Yellow AI Tank is checking targeting info...
<<<14:56:17:189173>>>  Tank #3 Yellow AI Tank increased launch speed one unit...
<<<14:56:17:205336>>>  Tank #2 Red AI Tank is checking targeting info...
<<<14:56:17:205336>>>  Tank #2 Red AI Tank increased launch speed one unit...
<<<14:56:17:205336>>>  Tank #3 Yellow AI Tank is checking targeting info...
<<<14:56:17:205336>>>  Tank #3 Yellow AI Tank increased launch speed one unit...
<<<14:56:17:221634>>>  Tank #2 Red AI Tank is checking targeting info...
<<<14:56:17:221634>>>  Tank #2 Red AI Tank firing solution within tolerances, not adjusting firing solution...
<<<14:56:17:221634>>>  Tank #2 Red AI Tank attempting to fire cannonball...
<<<14:56:17:221634>>>  Tank #3 Yellow AI Tank is checking targeting info...
<<<14:56:17:221634>>>  Tank #3 Yellow AI Tank increased launch speed one unit...
<<<14:56:17:238469>>>  Successfully removed spellready icon from Tank #2 Red AI Tank's effect list!
<<<14:56:17:530247>>>  Successfully removed spellbook from Tank #1 Green Player Tank's effect list!
<<<14:56:17:530247>>>  Successfully removed spellready icon from Tank #1 Green Player Tank's effect list!
<<<14:56:17:530247>>>  Deleting effect pixie portal-closing...
<<<14:56:20:253866>>>  Successfully removed spellbook from Tank #2 Red AI Tank's effect list!
<<<14:56:20:253866>>>  Tank #2 Red AI Tank chose to shoot...
<<<14:56:20:253866>>>  Tank #2 Red AI Tank chose to shoot...
<<<14:56:20:253866>>>  Tank #2 Red AI Tank is checking targeting info...
<<<14:56:20:253866>>>  Tank #2 Red AI Tank Launch angle not within tolerances, adjusting firing solution...
<<<14:56:20:253866>>>  Tank #2 Red AI Tank adjusted targeting angle one unit CW...
<<<14:56:20:253866>>>  Tank #3 Yellow AI Tank is checking targeting info...
<<<14:56:20:253866>>>  Tank #3 Yellow AI Tank increased launch speed one unit...
<<<14:56:20:269978>>>  Tank #2 Red AI Tank is checking targeting info...
<<<14:56:20:269978>>>  Tank #2 Red AI Tank Launch angle not within tolerances, adjusting firing solution...
<<<14:56:20:269978>>>  Tank #2 Red AI Tank adjusted targeting angle one unit CW...
<<<14:56:20:269978>>>  Tank #3 Yellow AI Tank is checking targeting info...
<<<14:56:20:269978>>>  Tank #3 Yellow AI Tank increased launch speed one unit...
<<<14:56:20:286516>>>  Tank #2 Red AI Tank is checking targeting info...
<<<14:56:20:286516>>>  Tank #2 Red AI Tank Launch angle not within tolerances, adjusting firing solution...
<<<14:56:20:286516>>>  Tank #2 Red AI Tank adjusted targeting angle one unit CW...
<<<14:56:20:286516>>>  Tank #3 Yellow AI Tank is checking targeting info...
<<<14:56:20:286516>>>  Tank #3 Yellow AI Tank firing solution within tolerances, not adjusting firing solution...
<<<14:56:20:286516>>>  Tank #3 Yellow AI Tank attempting to fire cannonball...
<<<14:56:20:302051>>>  Tank #2 Red AI Tank is checking targeting info...
<<<14:56:20:302051>>>  Tank #2 Red AI Tank Launch angle not within tolerances, adjusting firing solution...
<<<14:56:20:302581>>>  Tank #2 Red AI Tank adjusted targeting angle one unit CW...
<<<14:56:20:302581>>>  Tank #3 Yellow AI Tank chose to move to 4.6441, cururently at 5.7596.
<<<14:56:20:302581>>>  Tank #3 Yellow AI Tank moved one unit CW...
<<<14:56:20:302581>>>  Tank #3 Yellow AI Tank chose to move...
<<<14:56:20:319624>>>  Tank #2 Red AI Tank is checking targeting info...
<<<14:56:20:319624>>>  Tank #2 Red AI Tank Launch angle not within tolerances, adjusting firing solution...
<<<14:56:20:319624>>>  Tank #2 Red AI Tank adjusted targeting angle one unit CW...
<<<14:56:20:319624>>>  Tank #3 Yellow AI Tank moved one unit CW...
<<<14:56:20:335323>>>  Tank #2 Red AI Tank is checking targeting info...
<<<14:56:20:335323>>>  Tank #2 Red AI Tank Launch angle not within tolerances, adjusting firing solution...
<<<14:56:20:335323>>>  Tank #2 Red AI Tank adjusted targeting angle one unit CW...
<<<14:56:20:335323>>>  Tank #3 Yellow AI Tank moved one unit CW...
<<<14:56:20:352645>>>  Tank #2 Red AI Tank is checking targeting info...
<<<14:56:20:352645>>>  Tank #2 Red AI Tank Launch angle not within tolerances, adjusting firing solution...
<<<14:56:20:352645>>>  Tank #2 Red AI Tank adjusted targeting angle one unit CW...
<<<14:56:20:352645>>>  Tank #3 Yellow AI Tank moved one unit CW...
<<<14:56:20:369250>>>  Tank #2 Red AI Tank is checking targeting info...
<<<14:56:20:369250>>>  Tank #2 Red AI Tank Launch angle not within tolerances, adjusting firing solution...
<<<14:56:20:369250>>>  Tank #2 Red AI Tank adjusted targeting angle one unit CW...
<<<14:56:20:369250>>>  Tank #3 Yellow AI Tank moved one unit CW...
<<<14:56:20:385943>>>  Tank #2 Red AI Tank is checking targeting info...
<<<14:56:20:385943>>>  Tank #2 Red AI Tank Launch angle not within tolerances, adjusting firing solution...
<<<14:56:20:385943>>>  Tank #2 Red AI Tank adjusted targeting angle one unit CW...
<<<14:56:20:385943>>>  Tank #3 Yellow AI Tank moved one unit CW...
<<<14:56:20:402424>>>  Tank #2 Red AI Tank is checking targeting info...
<<<14:56:20:402424>>>  Tank #2 Red AI Tank Launch angle not within tolerances, adjusting firing solution...
<<<14:56:20:402424>>>  Tank #2 Red AI Tank adjusted targeting angle one unit CW...
<<<14:56:20:402424>>>  Tank #3 Yellow AI Tank moved one unit CW...
<<<14:56:20:418623>>>  Tank #2 Red AI Tank is checking targeting info...
<<<14:56:20:418623>>>  Tank #2 Red AI Tank Launch angle not within tolerances, adjusting firing solution...
<<<14:56:20:418623>>>  Tank #2 Red AI Tank adjusted targeting angle one unit CW...
<<<14:56:20:418623>>>  Tank #3 Yellow AI Tank moved one unit CW...
<<<14:56:20:434492>>>  Tank #2 Red AI Tank is checking targeting info...
<<<14:56:20:434492>>>  Tank #2 Red AI Tank Launch angle not within tolerances, adjusting firing solution...
<<<14:56:20:434492>>>  Tank #2 Red AI Tank adjusted targeting angle one unit CW...
<<<14:56:20:434492>>>  Tank #3 Yellow AI Tank moved one unit CW...
<<<14:56:20:450333>>>  Tank #2 Red AI Tank is checking targeting info...
<<<14:56:20:450333>>>  Tank #2 Red AI Tank Launch angle not within tolerances, adjusting firing solution...
<<<14:56:20:450333>>>  Tank #2 Red AI Tank adjusted targeting angle one unit CW...
<<<14:56:20:450333>>>  Tank #3 Yellow AI Tank moved one unit CW...
<<<14:56:20:466427>>>  Tank #2 Red AI Tank is checking targeting info...
<<<14:56:20:466427>>>  Tank #2 Red AI Tank Launch angle not within tolerances, adjusting firing solution...
<<<14:56:20:466427>>>  Tank #2 Red AI Tank adjusted targeting angle one unit CW...
<<<14:56:20:466427>>>  Tank #3 Yellow AI Tank moved one unit CW...
<<<14:56:20:482562>>>  Tank #2 Red AI Tank is checking targeting info...
<<<14:56:20:482562>>>  Tank #2 Red AI Tank Launch angle not within tolerances, adjusting firing solution...
<<<14:56:20:482562>>>  Tank #2 Red AI Tank adjusted targeting angle one unit CW...
<<<14:56:20:482562>>>  Tank #3 Yellow AI Tank moved one unit CW...
<<<14:56:20:498424>>>  Tank #2 Red AI Tank is checking targeting info...
<<<14:56:20:498424>>>  Tank #2 Red AI Tank Launch angle not within tolerances, adjusting firing solution...
<<<14:56:20:498424>>>  Tank #2 Red AI Tank adjusted targeting angle one unit CW...
<<<14:56:20:498424>>>  Tank #3 Yellow AI Tank moved one unit CW...
<<<14:56:20:514639>>>  Tank #2 Red AI Tank is checking targeting info...
<<<14:56:20:514639>>>  Tank #2 Red AI Tank Launch angle not within tolerances, adjusting firing solution...
<<<14:56:20:514639>>>  Tank #2 Red AI Tank adjusted targeting angle one unit CW...
<<<14:56:20:514639>>>  Tank #3 Yellow AI Tank moved one unit CW...
<<<14:56:20:530782>>>  Tank #2 Red AI Tank is checking targeting info...
<<<14:56:20:530782>>>  Tank #2 Red AI Tank Launch angle not within tolerances, adjusting firing solution...
<<<14:56:20:530782>>>  Tank #2 Red AI Tank adjusted targeting angle one unit CW...
<<<14:56:20:530782>>>  Tank #3 Yellow AI Tank moved one unit CW...
<<<14:56:20:547216>>>  Tank #2 Red AI Tank is checking targeting info...
<<<14:56:20:547216>>>  Tank #2 Red AI Tank Launch angle not within tolerances, adjusting firing solution...
<<<14:56:20:547216>>>  Tank #2 Red AI Tank adjusted targeting angle one unit CW...
<<<14:56:20:547216>>>  Tank #3 Yellow AI Tank moved one unit CW...
<<<14:56:20:564200>>>  Tank #2 Red AI Tank is checking targeting info...
<<<14:56:20:564200>>>  Tank #2 Red AI Tank Launch angle not within tolerances, adjusting firing solution...
<<<14:56:20:564200>>>  Tank #2 Red AI Tank adjusted targeting angle one unit CW...
<<<14:56:20:564200>>>  Tank #3 Yellow AI Tank moved one unit CW...
<<<14:56:20:581312>>>  Tank #2 Red AI Tank is checking targeting info...
<<<14:56:20:581312>>>  Tank #2 Red AI Tank Launch angle not within tolerances, adjusting firing solution...
<<<14:56:20:581312>>>  Tank #2 Red AI Tank adjusted targeting angle one unit CW...
<<<14:56:20:581312>>>  Tank #3 Yellow AI Tank moved one unit CW...
<<<14:56:20:597023>>>  Tank #2 Red AI Tank is checking targeting info...
<<<14:56:20:597023>>>  Tank #2 Red AI Tank Launch angle not within tolerances, adjusting firing solution...
<<<14:56:20:597023>>>  Tank #2 Red AI Tank adjusted targeting angle one unit CW...
<<<14:56:20:597438>>>  Tank #3 Yellow AI Tank moved one unit CW...
<<<14:56:20:614353>>>  Deleting effect pixie thawing...
<<<14:56:20:614353>>>  Deleting effect pixie thawing...
<<<14:56:20:614353>>>  Tank #2 Red AI Tank is checking targeting info...
<<<14:56:20:614353>>>  Tank #2 Red AI Tank Launch angle not within tolerances, adjusting firing solution...
<<<14:56:20:614353>>>  Tank #2 Red AI Tank adjusted targeting angle one unit CW...
<<<14:56:20:614353>>>  Tank #3 Yellow AI Tank moved one unit CW...
<<<14:56:20:630260>>>  Tank #2 Red AI Tank is checking targeting info...
<<<14:56:20:630260>>>  Tank #2 Red AI Tank Launch angle not within tolerances, adjusting firing solution...
<<<14:56:20:630260>>>  Tank #2 Red AI Tank adjusted targeting angle one unit CW...
<<<14:56:20:630260>>>  Tank #3 Yellow AI Tank moved one unit CW...
<<<14:56:20:646192>>>  Tank #2 Red AI Tank is checking targeting info...
<<<14:56:20:646192>>>  Tank #2 Red AI Tank Launch angle not within tolerances, adjusting firing solution...
<<<14:56:20:646192>>>  Tank #2 Red AI Tank adjusted targeting angle one unit CW...
<<<14:56:20:646192>>>  Tank #3 Yellow AI Tank moved one unit CW...
<<<14:56:20:662443>>>  Tank #2 Red AI Tank is checking targeting info...
<<<14:56:20:662443>>>  Tank #2 Red AI Tank Launch angle not within tolerances, adjusting firing solution...
<<<14:56:20:662443>>>  Tank #2 Red AI Tank adjusted targeting angle one unit CW...
<<<14:56:20:662443>>>  Tank #3 Yellow AI Tank moved one unit CW...
<<<14:56:20:678447>>>  Tank #2 Red AI Tank is checking targeting info...
<<<14:56:20:678447>>>  Tank #2 Red AI Tank Launch angle not within tolerances, adjusting firing solution...
<<<14:56:20:678447>>>  Tank #2 Red AI Tank adjusted targeting angle one unit CW...
<<<14:56:20:678447>>>  Tank #3 Yellow AI Tank moved one unit CW...
<<<14:56:20:694641>>>  Tank #2 Red AI Tank is checking targeting info...
<<<14:56:20:694641>>>  Tank #2 Red AI Tank Launch angle not within tolerances, adjusting firing solution...
<<<14:56:20:694641>>>  Tank #2 Red AI Tank adjusted targeting angle one unit CW...
<<<14:56:20:694641>>>  Tank #3 Yellow AI Tank moved one unit CW...
<<<14:56:20:710383>>>  Tank #2 Red AI Tank is checking targeting info...
<<<14:56:20:710383>>>  Tank #2 Red AI Tank Launch angle not within tolerances, adjusting firing solution...
<<<14:56:20:710383>>>  Tank #2 Red AI Tank adjusted targeting angle one unit CW...
<<<14:56:20:710383>>>  Tank #3 Yellow AI Tank moved one unit CW...
<<<14:56:20:726329>>>  Tank #2 Red AI Tank is checking targeting info...
<<<14:56:20:726329>>>  Tank #2 Red AI Tank Launch angle not within tolerances, adjusting firing solution...
<<<14:56:20:726329>>>  Tank #2 Red AI Tank adjusted targeting angle one unit CW...
<<<14:56:20:726329>>>  Tank #3 Yellow AI Tank moved one unit CW...
<<<14:56:20:742012>>>  Tank #2 Red AI Tank is checking targeting info...
<<<14:56:20:742012>>>  Tank #2 Red AI Tank Launch angle not within tolerances, adjusting firing solution...
<<<14:56:20:742012>>>  Tank #2 Red AI Tank adjusted targeting angle one unit CW...
<<<14:56:20:742012>>>  Tank #3 Yellow AI Tank moved one unit CW...
<<<14:56:20:758494>>>  Tank #2 Red AI Tank is checking targeting info...
<<<14:56:20:758494>>>  Tank #2 Red AI Tank Launch angle not within tolerances, adjusting firing solution...
<<<14:56:20:758494>>>  Tank #2 Red AI Tank adjusted targeting angle one unit CW...
<<<14:56:20:758494>>>  Tank #3 Yellow AI Tank moved one unit CW...
<<<14:56:20:774582>>>  Tank #2 Red AI Tank is checking targeting info...
<<<14:56:20:774582>>>  Tank #2 Red AI Tank Launch angle not within tolerances, adjusting firing solution...
<<<14:56:20:774582>>>  Tank #2 Red AI Tank adjusted targeting angle one unit CW...
<<<14:56:20:774582>>>  Tank #3 Yellow AI Tank moved one unit CW...
<<<14:56:20:790672>>>  Tank #2 Red AI Tank is checking targeting info...
<<<14:56:20:790672>>>  Tank #2 Red AI Tank Launch angle not within tolerances, adjusting firing solution...
<<<14:56:20:790672>>>  Tank #2 Red AI Tank adjusted targeting angle one unit CW...
<<<14:56:20:790672>>>  Tank #3 Yellow AI Tank moved one unit CW...
<<<14:56:20:806250>>>  Tank #2 Red AI Tank is checking targeting info...
<<<14:56:20:806250>>>  Tank #2 Red AI Tank Launch angle not within tolerances, adjusting firing solution...
<<<14:56:20:806250>>>  Tank #2 Red AI Tank adjusted targeting angle one unit CW...
<<<14:56:20:806250>>>  Tank #3 Yellow AI Tank moved one unit CW...
<<<14:56:20:822218>>>  Tank #2 Red AI Tank is checking targeting info...
<<<14:56:20:822218>>>  Tank #2 Red AI Tank Launch angle not within tolerances, adjusting firing solution...
<<<14:56:20:822218>>>  Tank #2 Red AI Tank adjusted targeting angle one unit CW...
<<<14:56:20:822218>>>  Tank #3 Yellow AI Tank moved one unit CW...
<<<14:56:20:838440>>>  Tank #2 Red AI Tank is checking targeting info...
<<<14:56:20:838440>>>  Tank #2 Red AI Tank Launch angle not within tolerances, adjusting firing solution...
<<<14:56:20:838440>>>  Tank #2 Red AI Tank adjusted targeting angle one unit CW...
<<<14:56:20:838440>>>  Tank #3 Yellow AI Tank moved one unit CW...
<<<14:56:20:854224>>>  Tank #2 Red AI Tank is checking targeting info...
<<<14:56:20:854224>>>  Tank #2 Red AI Tank Launch angle not within tolerances, adjusting firing solution...
<<<14:56:20:854224>>>  Tank #2 Red AI Tank adjusted targeting angle one unit CW...
<<<14:56:20:854224>>>  Tank #3 Yellow AI Tank moved one unit CW...
<<<14:56:20:870762>>>  Tank #2 Red AI Tank is checking targeting info...
<<<14:56:20:870762>>>  Tank #2 Red AI Tank Launch angle not within tolerances, adjusting firing solution...
<<<14:56:20:870762>>>  Tank #2 Red AI Tank adjusted targeting angle one unit CW...
<<<14:56:20:870762>>>  Tank #3 Yellow AI Tank moved one unit CW...
<<<14:56:20:887295>>>  Tank #2 Red AI Tank is checking targeting info...
<<<14:56:20:887295>>>  Tank #2 Red AI Tank Launch angle not within tolerances, adjusting firing solution...
<<<14:56:20:887295>>>  Tank #2 Red AI Tank adjusted targeting angle one unit CW...
<<<14:56:20:887295>>>  Tank #3 Yellow AI Tank moved one unit CW...
<<<14:56:20:903014>>>  Tank #2 Red AI Tank is checking targeting info...
<<<14:56:20:903014>>>  Tank #2 Red AI Tank Launch angle not within tolerances, adjusting firing solution...
<<<14:56:20:903014>>>  Tank #2 Red AI Tank adjusted targeting angle one unit CW...
<<<14:56:20:903014>>>  Tank #3 Yellow AI Tank moved one unit CW...
<<<14:56:20:919492>>>  Tank #2 Red AI Tank is checking targeting info...
<<<14:56:20:919492>>>  Tank #2 Red AI Tank Launch angle not within tolerances, adjusting firing solution...
<<<14:56:20:919492>>>  Tank #2 Red AI Tank adjusted targeting angle one unit CW...
<<<14:56:20:919492>>>  Tank #3 Yellow AI Tank moved one unit CW...
<<<14:56:20:935121>>>  Tank #2 Red AI Tank is checking targeting info...
<<<14:56:20:935121>>>  Tank #2 Red AI Tank Launch angle not within tolerances, adjusting firing solution...
<<<14:56:20:935121>>>  Tank #2 Red AI Tank adjusted targeting angle one unit CW...
<<<14:56:20:935121>>>  Tank #3 Yellow AI Tank moved one unit CW...
<<<14:56:20:951596>>>  Tank #2 Red AI Tank is checking targeting info...
<<<14:56:20:951596>>>  Tank #2 Red AI Tank Launch angle not within tolerances, adjusting firing solution...
<<<14:56:20:951596>>>  Tank #2 Red AI Tank adjusted targeting angle one unit CW...
<<<14:56:20:951596>>>  Tank #3 Yellow AI Tank moved one unit CW...
<<<14:56:20:966769>>>  Tank #2 Red AI Tank is checking targeting info...
<<<14:56:20:966769>>>  Tank #2 Red AI Tank Launch angle not within tolerances, adjusting firing solution...
<<<14:56:20:966769>>>  Tank #2 Red AI Tank adjusted targeting angle one unit CW...
<<<14:56:20:966769>>>  Tank #3 Yellow AI Tank moved one unit CW...
<<<14:56:20:983096>>>  Tank #2 Red AI Tank is checking targeting info...
<<<14:56:20:983096>>>  Tank #2 Red AI Tank Launch angle not within tolerances, adjusting firing solution...
<<<14:56:20:983096>>>  Tank #2 Red AI Tank adjusted targeting angle one unit CW...
<<<14:56:20:983096>>>  Tank #3 Yellow AI Tank moved one unit CW...
<<<14:56:20:999020>>>  Tank #2 Red AI Tank is checking targeting info...
<<<14:56:20:999020>>>  Tank #2 Red AI Tank Launch angle not within tolerances, adjusting firing solution...
<<<14:56:20:999020>>>  Tank #2 Red AI Tank adjusted targeting angle one unit CW...
<<<14:56:20:999020>>>  Tank #3 Yellow AI Tank moved one unit CW...
<<<14:56:21:015230>>>  Tank #2 Red AI Tank is checking targeting info...
<<<14:56:21:015230>>>  Tank #2 Red AI Tank Launch angle not within tolerances, adjusting firing solution...
<<<14:56:21:015230>>>  Tank #2 Red AI Tank adjusted targeting angle one unit CW...
<<<14:56:21:015230>>>  Tank #3 Yellow AI Tank moved one unit CW...
<<<14:56:21:031242>>>  Tank #2 Red AI Tank is checking targeting info...
<<<14:56:21:031242>>>  Tank #2 Red AI Tank Launch angle not within tolerances, adjusting firing solution...
<<<14:56:21:031242>>>  Tank #2 Red AI Tank adjusted targeting angle one unit CW...
<<<14:56:21:031242>>>  Tank #3 Yellow AI Tank moved one unit CW...
<<<14:56:21:046922>>>  Tank #2 Red AI Tank is checking targeting info...
<<<14:56:21:046922>>>  Tank #2 Red AI Tank Launch angle not within tolerances, adjusting firing solution...
<<<14:56:21:046922>>>  Tank #2 Red AI Tank adjusted targeting angle one unit CW...
<<<14:56:21:046922>>>  Tank #3 Yellow AI Tank moved one unit CW...
<<<14:56:21:062881>>>  Tank #2 Red AI Tank is checking targeting info...
<<<14:56:21:062881>>>  Tank #2 Red AI Tank Launch angle not within tolerances, adjusting firing solution...
<<<14:56:21:062881>>>  Tank #2 Red AI Tank adjusted targeting angle one unit CW...
<<<14:56:21:062881>>>  Tank #3 Yellow AI Tank moved one unit CW...
<<<14:56:21:080153>>>  Tank #2 Red AI Tank is checking targeting info...
<<<14:56:21:080153>>>  Tank #2 Red AI Tank Launch angle not within tolerances, adjusting firing solution...
<<<14:56:21:080153>>>  Tank #2 Red AI Tank adjusted targeting angle one unit CW...
<<<14:56:21:080153>>>  Tank #3 Yellow AI Tank moved one unit CW...
<<<14:56:21:096530>>>  Tank #2 Red AI Tank is checking targeting info...
<<<14:56:21:096530>>>  Tank #2 Red AI Tank Launch angle not within tolerances, adjusting firing solution...
<<<14:56:21:096530>>>  Tank #2 Red AI Tank adjusted targeting angle one unit CW...
<<<14:56:21:096530>>>  Tank #3 Yellow AI Tank moved one unit CW...
<<<14:56:21:112130>>>  Tank #2 Red AI Tank is checking targeting info...
<<<14:56:21:112130>>>  Tank #2 Red AI Tank Launch angle not within tolerances, adjusting firing solution...
<<<14:56:21:112130>>>  Tank #2 Red AI Tank adjusted targeting angle one unit CW...
<<<14:56:21:112130>>>  Tank #3 Yellow AI Tank moved one unit CW...
<<<14:56:21:129003>>>  Tank #2 Red AI Tank is checking targeting info...
<<<14:56:21:129003>>>  Tank #2 Red AI Tank Launch angle not within tolerances, adjusting firing solution...
<<<14:56:21:129003>>>  Tank #2 Red AI Tank adjusted targeting angle one unit CW...
<<<14:56:21:129003>>>  Tank #3 Yellow AI Tank moved one unit CW...
<<<14:56:21:145151>>>  Tank #2 Red AI Tank is checking targeting info...
<<<14:56:21:145151>>>  Tank #2 Red AI Tank Launch angle not within tolerances, adjusting firing solution...
<<<14:56:21:145151>>>  Tank #2 Red AI Tank adjusted targeting angle one unit CW...
<<<14:56:21:145151>>>  Tank #3 Yellow AI Tank moved one unit CW...
<<<14:56:21:161043>>>  Tank #2 Red AI Tank is checking targeting info...
<<<14:56:21:161043>>>  Tank #2 Red AI Tank Launch angle not within tolerances, adjusting firing solution...
<<<14:56:21:161043>>>  Tank #2 Red AI Tank adjusted targeting angle one unit CW...
<<<14:56:21:161043>>>  Tank #3 Yellow AI Tank moved one unit CW...
<<<14:56:21:178439>>>  Tank #2 Red AI Tank is checking targeting info...
<<<14:56:21:178439>>>  Tank #2 Red AI Tank Launch angle not within tolerances, adjusting firing solution...
<<<14:56:21:178439>>>  Tank #2 Red AI Tank adjusted targeting angle one unit CW...
<<<14:56:21:178439>>>  Tank #3 Yellow AI Tank moved one unit CW...
<<<14:56:21:194355>>>  Tank #2 Red AI Tank is checking targeting info...
<<<14:56:21:194355>>>  Tank #2 Red AI Tank Launch angle not within tolerances, adjusting firing solution...
<<<14:56:21:194355>>>  Tank #2 Red AI Tank adjusted targeting angle one unit CW...
<<<14:56:21:194355>>>  Tank #3 Yellow AI Tank moved one unit CW...
<<<14:56:21:210777>>>  Tank #2 Red AI Tank is checking targeting info...
<<<14:56:21:210777>>>  Tank #2 Red AI Tank Launch angle not within tolerances, adjusting firing solution...
<<<14:56:21:210777>>>  Tank #2 Red AI Tank adjusted targeting angle one unit CW...
<<<14:56:21:210777>>>  Tank #3 Yellow AI Tank moved one unit CW...
<<<14:56:21:228470>>>  Tank #2 Red AI Tank is checking targeting info...
<<<14:56:21:228470>>>  Tank #2 Red AI Tank Launch angle not within tolerances, adjusting firing solution...
<<<14:56:21:228470>>>  Tank #2 Red AI Tank adjusted targeting angle one unit CW...
<<<14:56:21:229453>>>  Tank #3 Yellow AI Tank moved one unit CW...
<<<14:56:21:244776>>>  Tank #2 Red AI Tank is checking targeting info...
<<<14:56:21:244776>>>  Tank #2 Red AI Tank Launch angle not within tolerances, adjusting firing solution...
<<<14:56:21:244776>>>  Tank #2 Red AI Tank adjusted targeting angle one unit CW...
<<<14:56:21:244776>>>  Tank #3 Yellow AI Tank moved one unit CW...
<<<14:56:21:261455>>>  Tank #2 Red AI Tank is checking targeting info...
<<<14:56:21:261455>>>  Tank #2 Red AI Tank Launch angle not within tolerances, adjusting firing solution...
<<<14:56:21:261455>>>  Tank #2 Red AI Tank adjusted targeting angle one unit CW...
<<<14:56:21:261455>>>  Tank #3 Yellow AI Tank moved one unit CW...
<<<14:56:21:278486>>>  Tank #2 Red AI Tank is checking targeting info...
<<<14:56:21:278486>>>  Tank #2 Red AI Tank Launch angle not within tolerances, adjusting firing solution...
<<<14:56:21:278486>>>  Tank #2 Red AI Tank adjusted targeting angle one unit CW...
<<<14:56:21:278486>>>  Tank #3 Yellow AI Tank moved one unit CW...
<<<14:56:21:294106>>>  Tank #2 Red AI Tank is checking targeting info...
<<<14:56:21:294106>>>  Tank #2 Red AI Tank Launch angle not within tolerances, adjusting firing solution...
<<<14:56:21:294106>>>  Tank #2 Red AI Tank adjusted targeting angle one unit CW...
<<<14:56:21:294106>>>  Tank #3 Yellow AI Tank moved one unit CW...
<<<14:56:21:310960>>>  Tank #2 Red AI Tank is checking targeting info...
<<<14:56:21:310960>>>  Tank #2 Red AI Tank Launch angle not within tolerances, adjusting firing solution...
<<<14:56:21:310960>>>  Tank #2 Red AI Tank adjusted targeting angle one unit CW...
<<<14:56:21:310960>>>  Tank #3 Yellow AI Tank moved one unit CW...
<<<14:56:21:327384>>>  Tank #2 Red AI Tank is checking targeting info...
<<<14:56:21:327384>>>  Tank #2 Red AI Tank Launch angle not within tolerances, adjusting firing solution...
<<<14:56:21:327384>>>  Tank #2 Red AI Tank adjusted targeting angle one unit CW...
<<<14:56:21:344351>>>  Tank #2 Red AI Tank is checking targeting info...
<<<14:56:21:344351>>>  Tank #2 Red AI Tank Launch angle not within tolerances, adjusting firing solution...
<<<14:56:21:344351>>>  Tank #2 Red AI Tank adjusted targeting angle one unit CW...
<<<14:56:21:344351>>>  Tank #3 Yellow AI Tank chose to move to 3.7693, cururently at 4.66.
<<<14:56:21:344351>>>  Tank #3 Yellow AI Tank moved one unit CW...
<<<14:56:21:344351>>>  Tank #3 Yellow AI Tank chose to move...
<<<14:56:21:359805>>>  Tank #2 Red AI Tank is checking targeting info...
<<<14:56:21:359805>>>  Tank #2 Red AI Tank Launch angle not within tolerances, adjusting firing solution...
<<<14:56:21:359805>>>  Tank #2 Red AI Tank adjusted targeting angle one unit CW...
<<<14:56:21:359805>>>  Tank #3 Yellow AI Tank moved one unit CW...
<<<14:56:21:376100>>>  Tank #2 Red AI Tank is checking targeting info...
<<<14:56:21:376100>>>  Tank #2 Red AI Tank Launch angle not within tolerances, adjusting firing solution...
<<<14:56:21:376100>>>  Tank #2 Red AI Tank adjusted targeting angle one unit CW...
<<<14:56:21:376100>>>  Tank #3 Yellow AI Tank moved one unit CW...
<<<14:56:21:392880>>>  Tank #2 Red AI Tank is checking targeting info...
<<<14:56:21:392880>>>  Tank #2 Red AI Tank Launch angle not within tolerances, adjusting firing solution...
<<<14:56:21:392880>>>  Tank #2 Red AI Tank adjusted targeting angle one unit CW...
<<<14:56:21:392880>>>  Tank #3 Yellow AI Tank moved one unit CW...
<<<14:56:21:410269>>>  Tank #2 Red AI Tank is checking targeting info...
<<<14:56:21:410269>>>  Tank #2 Red AI Tank Launch angle not within tolerances, adjusting firing solution...
<<<14:56:21:410269>>>  Tank #2 Red AI Tank adjusted targeting angle one unit CW...
<<<14:56:21:410269>>>  Tank #3 Yellow AI Tank moved one unit CW...
<<<14:56:21:427416>>>  Tank #2 Red AI Tank is checking targeting info...
<<<14:56:21:427416>>>  Tank #2 Red AI Tank Launch angle not within tolerances, adjusting firing solution...
<<<14:56:21:427416>>>  Tank #2 Red AI Tank adjusted targeting angle one unit CW...
<<<14:56:21:427416>>>  Tank #3 Yellow AI Tank moved one unit CW...
<<<14:56:21:443940>>>  Tank #2 Red AI Tank is checking targeting info...
<<<14:56:21:443940>>>  Tank #2 Red AI Tank Launch angle not within tolerances, adjusting firing solution...
<<<14:56:21:443940>>>  Tank #2 Red AI Tank adjusted targeting angle one unit CW...
<<<14:56:21:443940>>>  Tank #3 Yellow AI Tank moved one unit CW...
<<<14:56:21:460901>>>  Tank #2 Red AI Tank is checking targeting info...
<<<14:56:21:460901>>>  Tank #2 Red AI Tank Launch angle not within tolerances, adjusting firing solution...
<<<14:56:21:460901>>>  Tank #2 Red AI Tank adjusted targeting angle one unit CW...
<<<14:56:21:460901>>>  Tank #3 Yellow AI Tank moved one unit CW...
<<<14:56:21:478434>>>  Tank #2 Red AI Tank is checking targeting info...
<<<14:56:21:478434>>>  Tank #2 Red AI Tank Launch angle not within tolerances, adjusting firing solution...
<<<14:56:21:478434>>>  Tank #2 Red AI Tank adjusted targeting angle one unit CW...
<<<14:56:21:478434>>>  Tank #3 Yellow AI Tank moved one unit CW...
<<<14:56:21:494811>>>  Tank #2 Red AI Tank is checking targeting info...
<<<14:56:21:494811>>>  Tank #2 Red AI Tank Launch angle not within tolerances, adjusting firing solution...
<<<14:56:21:494811>>>  Tank #2 Red AI Tank adjusted targeting angle one unit CW...
<<<14:56:21:494811>>>  Tank #3 Yellow AI Tank moved one unit CW...
<<<14:56:21:511376>>>  Tank #2 Red AI Tank is checking targeting info...
<<<14:56:21:511376>>>  Tank #2 Red AI Tank Launch angle not within tolerances, adjusting firing solution...
<<<14:56:21:511376>>>  Tank #2 Red AI Tank adjusted targeting angle one unit CW...
<<<14:56:21:511376>>>  Tank #3 Yellow AI Tank moved one unit CW...
<<<14:56:21:528676>>>  Tank #2 Red AI Tank is checking targeting info...
<<<14:56:21:528676>>>  Tank #2 Red AI Tank Launch angle not within tolerances, adjusting firing solution...
<<<14:56:21:528676>>>  Tank #2 Red AI Tank adjusted targeting angle one unit CW...
<<<14:56:21:528676>>>  Tank #3 Yellow AI Tank moved one unit CW...
<<<14:56:21:544815>>>  Tank #2 Red AI Tank is checking targeting info...
<<<14:56:21:544815>>>  Tank #2 Red AI Tank Launch angle not within tolerances, adjusting firing solution...
<<<14:56:21:544815>>>  Tank #2 Red AI Tank adjusted targeting angle one unit CW...
<<<14:56:21:544815>>>  Tank #3 Yellow AI Tank moved one unit CW...
<<<14:56:21:561196>>>  Tank #2 Red AI Tank is checking targeting info...
<<<14:56:21:561196>>>  Tank #2 Red AI Tank Launch angle not within tolerances, adjusting firing solution...
<<<14:56:21:561196>>>  Tank #2 Red AI Tank adjusted targeting angle one unit CW...
<<<14:56:21:561196>>>  Tank #3 Yellow AI Tank moved one unit CW...
<<<14:56:21:578421>>>  Tank #2 Red AI Tank is checking targeting info...
<<<14:56:21:578421>>>  Tank #2 Red AI Tank Launch angle not within tolerances, adjusting firing solution...
<<<14:56:21:578421>>>  Tank #2 Red AI Tank adjusted targeting angle one unit CW...
<<<14:56:21:578421>>>  Tank #3 Yellow AI Tank moved one unit CW...
<<<14:56:21:594765>>>  Tank #2 Red AI Tank is checking targeting info...
<<<14:56:21:594765>>>  Tank #2 Red AI Tank Launch angle not within tolerances, adjusting firing solution...
<<<14:56:21:594765>>>  Tank #2 Red AI Tank adjusted targeting angle one unit CW...
<<<14:56:21:594765>>>  Tank #3 Yellow AI Tank moved one unit CW...
<<<14:56:21:611253>>>  Tank #2 Red AI Tank is checking targeting info...
<<<14:56:21:611253>>>  Tank #2 Red AI Tank Launch angle not within tolerances, adjusting firing solution...
<<<14:56:21:611253>>>  Tank #2 Red AI Tank adjusted targeting angle one unit CW...
<<<14:56:21:611253>>>  Tank #3 Yellow AI Tank moved one unit CW...
<<<14:56:21:627248>>>  Tank #2 Red AI Tank is checking targeting info...
<<<14:56:21:627248>>>  Tank #2 Red AI Tank Launch angle not within tolerances, adjusting firing solution...
<<<14:56:21:627248>>>  Tank #2 Red AI Tank adjusted targeting angle one unit CW...
<<<14:56:21:627248>>>  Tank #3 Yellow AI Tank moved one unit CW...
<<<14:56:21:643172>>>  Tank #2 Red AI Tank is checking targeting info...
<<<14:56:21:643172>>>  Tank #2 Red AI Tank Launch angle not within tolerances, adjusting firing solution...
<<<14:56:21:643172>>>  Tank #2 Red AI Tank adjusted targeting angle one unit CW...
<<<14:56:21:643172>>>  Tank #3 Yellow AI Tank moved one unit CW...
<<<14:56:21:658919>>>  Tank #2 Red AI Tank is checking targeting info...
<<<14:56:21:658919>>>  Tank #2 Red AI Tank Launch angle not within tolerances, adjusting firing solution...
<<<14:56:21:658919>>>  Tank #2 Red AI Tank adjusted targeting angle one unit CW...
<<<14:56:21:658919>>>  Tank #3 Yellow AI Tank moved one unit CW...
<<<14:56:21:675778>>>  Tank #2 Red AI Tank is checking targeting info...
<<<14:56:21:675778>>>  Tank #2 Red AI Tank Launch angle not within tolerances, adjusting firing solution...
<<<14:56:21:675778>>>  Tank #2 Red AI Tank adjusted targeting angle one unit CW...
<<<14:56:21:675778>>>  Tank #3 Yellow AI Tank moved one unit CW...
<<<14:56:21:691945>>>  Tank #2 Red AI Tank is checking targeting info...
<<<14:56:21:691945>>>  Tank #2 Red AI Tank Launch angle not within tolerances, adjusting firing solution...
<<<14:56:21:691945>>>  Tank #2 Red AI Tank adjusted targeting angle one unit CW...
<<<14:56:21:691945>>>  Tank #3 Yellow AI Tank moved one unit CW...
<<<14:56:21:708640>>>  Tank #2 Red AI Tank is checking targeting info...
<<<14:56:21:708640>>>  Tank #2 Red AI Tank Launch angle not within tolerances, adjusting firing solution...
<<<14:56:21:708640>>>  Tank #2 Red AI Tank adjusted targeting angle one unit CW...
<<<14:56:21:708640>>>  Tank #3 Yellow AI Tank moved one unit CW...
<<<14:56:21:724318>>>  Tank #2 Red AI Tank is checking targeting info...
<<<14:56:21:724318>>>  Tank #2 Red AI Tank firing solution within tolerances, not adjusting firing solution...
<<<14:56:21:724318>>>  Tank #2 Red AI Tank attempting to fire cannonball...
<<<14:56:21:724318>>>  Tank #3 Yellow AI Tank moved one unit CW...
<<<14:56:21:740783>>>  Tank #2 Red AI Tank chose to shoot...
<<<14:56:21:740783>>>  Tank #3 Yellow AI Tank moved one unit CW...
<<<14:56:21:758459>>>
* INFORMATION FOR Tank #1 Green Player Tank's CANNONBALLS:
* Cannonballs in memory for Tank #1 Green Player Tank:  0.
* Total cannonballs fired or chambered for Tank #1 Green Player Tank:  0.
<<<14:56:21:758459>>>
* INFORMATION FOR Tank #2 Red AI Tank's CANNONBALLS:
* Cannonballs in memory for Tank #2 Red AI Tank:  3.
* Total cannonballs fired or chambered for Tank #2 Red AI Tank:  3.
<<<14:56:21:758459>>>
* CURRENT VALUES FOR CELESTIAL BODY:  Tank #2 Red AI Tank's Cannonball #1
* This is not the homeworld.
* The celestial boyd's density is 5515 kg/m^3.
* The celestial body's mass is 1000 kg.
* The Earth's mass is 5.972e+24 kg.
* The celestial body's radius is 0.001 km.
* The celestial body's coordinates are (-3087.6693420236097, -18438.21790412868).
* The celestial body's velocity is (1.9245247126849623, -3.176733969545969).
* The celestial body's speed is 3.714220521590287 km/s.
* The celestial body's acceleration is (0.00019457758039808146, 0.0011351517126391483).
* The celestial body's screen x and y coordinates are (756, 710).
* The celestial body's screen radius is 10.
* The celestial is using a pix found at False.
<<<14:56:21:758459>>>
* ADDITIONAL INFORMATION FOR Tank #2 Red AI Tank's Cannonball #1:
* This cannonball is active.
* This ball is armed.
<<<14:56:21:758459>>>
* CURRENT VALUES FOR CELESTIAL BODY:  Tank #2 Red AI Tank's Cannonball #2
* This is not the homeworld.
* The celestial boyd's density is 5515 kg/m^3.
* The celestial body's mass is 1000 kg.
* The Earth's mass is 5.972e+24 kg.
* The celestial body's radius is 0.001 km.
* The celestial body's coordinates are (-5705.108756974765, -3133.087221363304).
* The celestial body's velocity is (-9.245055052569287, 2.580337747108772).
* The celestial body's speed is 9.598394960314526 km/s.
* The celestial body's acceleration is (0.008393388370242776, 0.004720941086732088).
* The celestial body's screen x and y coordinates are (719, 494).
* The celestial body's screen radius is 2.
* The celestial is using a body circle.
<<<14:56:21:758459>>>
* ADDITIONAL INFORMATION FOR Tank #2 Red AI Tank's Cannonball #2:
* This cannonball is active.
<<<14:56:21:758459>>>
* CURRENT VALUES FOR CELESTIAL BODY:  Tank #2 Red AI Tank's Cannonball #3
* This is not the homeworld.
* The celestial boyd's density is 5515 kg/m^3.
* The celestial body's mass is 1000 kg.
* The Earth's mass is 5.972e+24 kg.
* The celestial body's radius is 0.001 km.
* The celestial body's coordinates are (-5518.41046140523, -3184.861608144491).
* The celestial body's velocity is (-9.413748034156914, 2.484099254356101).
* The celestial body's speed is 9.735984858045214 km/s.
* The celestial body's acceleration is (0, 0).
* The celestial body's screen x and y coordinates are (722, 494).
* The celestial body's screen radius is 2.
* The celestial is using a body circle.
<<<14:56:21:758459>>>
* ADDITIONAL INFORMATION FOR Tank #2 Red AI Tank's Cannonball #3:
* This cannonball is chambered.
<<<14:56:21:758459>>>
* INFORMATION FOR Tank #3 Yellow AI Tank's CANNONBALLS:
* Cannonballs in memory for Tank #3 Yellow AI Tank:  1.
* Total cannonballs fired or chambered for Tank #3 Yellow AI Tank:  1.
<<<14:56:21:758459>>>
* CURRENT VALUES FOR CELESTIAL BODY:  Tank #3 Yellow AI Tank's Cannonball #1
* This is not the homeworld.
* The celestial boyd's density is 5515 kg/m^3.
* The celestial body's mass is 1000 kg.
* The Earth's mass is 5.972e+24 kg.
* The celestial body's radius is 0.001 km.
* The celestial body's coordinates are (5900.468697166638, -10061.20761579217).
* The celestial body's velocity is (-0.6496571936116591, -6.25828219293595).
* The celestial body's speed is 6.291911512062974 km/s.
* The celestial body's acceleration is (-0.0014960337139962136, 0.0025720614552971204).
* The celestial body's screen x and y coordinates are (883, 592).
* The celestial body's screen radius is 10.
* The celestial is using a pix found at False.
<<<14:56:21:758459>>>
* ADDITIONAL INFORMATION FOR Tank #3 Yellow AI Tank's Cannonball #1:
* This cannonball is active.
* This ball is armed.
<<<14:56:21:758459>>>  Quit through pygame and writing log file...
