<<<16:10:36:947124>>>
* Screen coordinates (163, 30) choosen in zone #1.
* Screen dimensions are 1600 wide by 900 high.
* Minimum (x, y) are (0, 0).
* Maximum (x, y) are (266, 150).
* Mid (x, y) are (133, 75).
<<<16:10:36:947124>>>  Image at Pix\Faraway_Objects\Comets\7.png choosen for background...
<<<16:10:36:947988>>>
* Screen coordinates (1446, 30) choosen in zone #3.
* Screen dimensions are 1600 wide by 900 high.
* Minimum (x, y) are (1333, 0).
* Maximum (x, y) are (1600, 150).
* Mid (x, y) are (1466, 75).
<<<16:10:36:947988>>>  Image at Pix\Faraway_Objects\Suns\15.png choosen for background...
<<<16:10:36:955704>>>  Pix\Homeworlds\Forest\7.png loaded as pixie for Earth and scaled to body circle...
<<<16:10:36:955704>>>  Image at Pix\Homeworlds\Forest\7.png chosen as homeworld pix for Earth's...
<<<16:10:36:956769>>>  Pix\Moons\13.png loaded as pixie for Moon #2 and scaled to body circle...
<<<16:10:36:988903>>>  Tank #1 Green Player Tank successfully created!
<<<16:10:37:020634>>>  Tank #2 Red AI Tank successfully created!
<<<16:10:37:052102>>>  Tank #3 Yellow AI Tank successfully created!
<<<16:10:37:055276>>>
* *** Tank #2 Red AI Tank USING CLEAR SKIES FUNCTION ***
* Moon #2 at (-9097.440681025633, -8921.39857315713), angle -2.3659640710508536 rads.
* Tank #2 Red AI Tank at (-5517.44784751066, -3185.499999999998), angle 3.665191429188092.
* Angle Between is 0.2520298069406408 rads.
* The skies are NOT clear, Tank #2 Red AI Tank shouldn't use Gravity...
<<<16:10:37:055276>>>
* *** Tank #3 Yellow AI Tank USING CLEAR SKIES FUNCTION ***
* Moon #2 at (-9097.440681025633, -8921.39857315713), angle -2.3659640710508536 rads.
* Tank #3 Yellow AI Tank at (5517.447847510657, -3185.5000000000027), angle 5.759586531581287.
* Angle Between is 1.842365295452554 rads.
<<<16:10:37:055276>>>  Tank #3 Yellow AI Tank saw no celestials or cannonballs above their heads and is casting Gravity...
<<<16:10:37:182906>>>
* *** Tank #2 Red AI Tank USING CLEAR SKIES FUNCTION ***
* Moon #2 at (-8807.29214293979, -9202.570619840604), angle -2.3342501238971027 rads.
* Tank #2 Red AI Tank at (-5517.44784751066, -3185.499999999998), angle 3.665191429188092.
* Angle Between is 0.2837437540943917 rads.
* The skies are NOT clear, Tank #2 Red AI Tank shouldn't use Gravity...
<<<16:10:37:315315>>>
* *** Tank #2 Red AI Tank USING CLEAR SKIES FUNCTION ***
* Moon #2 at (-8501.974145272252, -9467.84502471526), angle -2.302496545943444 rads.
* Tank #2 Red AI Tank at (-5517.44784751066, -3185.499999999998), angle 3.665191429188092.
* Angle Between is 0.3154973320480501 rads.
* The skies are NOT clear, Tank #2 Red AI Tank shouldn't use Gravity...
<<<16:10:37:448348>>>
* *** Tank #2 Red AI Tank USING CLEAR SKIES FUNCTION ***
* Moon #2 at (-8177.792491062322, -9712.063332126678), angle -2.2706417734882343 rads.
* Tank #2 Red AI Tank at (-5517.44784751066, -3185.499999999998), angle 3.665191429188092.
* Angle Between is 0.34735210450326015 rads.
* The skies are NOT clear, Tank #2 Red AI Tank shouldn't use Gravity...
<<<16:10:37:581112>>>  Tank #2 Red AI Tank chose to shoot...
<<<16:10:37:714262>>>  Tank #2 Red AI Tank is checking targeting info...
<<<16:10:37:714262>>>  Tank #2 Red AI Tank Launch angle not within tolerances, adjusting firing solution...
<<<16:10:37:714262>>>  Tank #2 Red AI Tank Launch speed not within tolerances, adjusting firing solution...
<<<16:10:37:714262>>>  Tank #2 Red AI Tank adjusted targeting angle one unit CCW...
<<<16:10:37:845213>>>  Tank #2 Red AI Tank is checking targeting info...
<<<16:10:37:845213>>>  Tank #2 Red AI Tank Launch angle not within tolerances, adjusting firing solution...
<<<16:10:37:845213>>>  Tank #2 Red AI Tank Launch speed not within tolerances, adjusting firing solution...
<<<16:10:37:845213>>>  Tank #2 Red AI Tank adjusted targeting angle one unit CCW...
<<<16:10:37:978554>>>  Tank #2 Red AI Tank is checking targeting info...
<<<16:10:37:978554>>>  Tank #2 Red AI Tank Launch angle not within tolerances, adjusting firing solution...
<<<16:10:37:978554>>>  Tank #2 Red AI Tank Launch speed not within tolerances, adjusting firing solution...
<<<16:10:37:978554>>>  Tank #2 Red AI Tank adjusted targeting angle one unit CCW...
<<<16:10:38:107550>>>  Tank #2 Red AI Tank is checking targeting info...
<<<16:10:38:107550>>>  Tank #2 Red AI Tank Launch angle not within tolerances, adjusting firing solution...
<<<16:10:38:107550>>>  Tank #2 Red AI Tank Launch speed not within tolerances, adjusting firing solution...
<<<16:10:38:107550>>>  Tank #2 Red AI Tank adjusted targeting angle one unit CCW...
<<<16:10:38:238042>>>  Tank #2 Red AI Tank is checking targeting info...
<<<16:10:38:238042>>>  Tank #2 Red AI Tank Launch angle not within tolerances, adjusting firing solution...
<<<16:10:38:238042>>>  Tank #2 Red AI Tank Launch speed not within tolerances, adjusting firing solution...
<<<16:10:38:238042>>>  Tank #2 Red AI Tank adjusted targeting angle one unit CCW...
<<<16:10:38:369680>>>  Tank #2 Red AI Tank is checking targeting info...
<<<16:10:38:369680>>>  Tank #2 Red AI Tank Launch angle not within tolerances, adjusting firing solution...
<<<16:10:38:369680>>>  Tank #2 Red AI Tank Launch speed not within tolerances, adjusting firing solution...
<<<16:10:38:369680>>>  Tank #2 Red AI Tank adjusted targeting angle one unit CCW...
<<<16:10:38:497907>>>  Tank #2 Red AI Tank is checking targeting info...
<<<16:10:38:497907>>>  Tank #2 Red AI Tank Launch angle not within tolerances, adjusting firing solution...
<<<16:10:38:497907>>>  Tank #2 Red AI Tank Launch speed not within tolerances, adjusting firing solution...
<<<16:10:38:497907>>>  Tank #2 Red AI Tank adjusted targeting angle one unit CCW...
<<<16:10:38:630534>>>  Tank #2 Red AI Tank is checking targeting info...
<<<16:10:38:630534>>>  Tank #2 Red AI Tank Launch angle not within tolerances, adjusting firing solution...
<<<16:10:38:630534>>>  Tank #2 Red AI Tank Launch speed not within tolerances, adjusting firing solution...
<<<16:10:38:630534>>>  Tank #2 Red AI Tank adjusted targeting angle one unit CCW...
<<<16:10:38:763870>>>  Tank #2 Red AI Tank is checking targeting info...
<<<16:10:38:763870>>>  Tank #2 Red AI Tank Launch angle not within tolerances, adjusting firing solution...
<<<16:10:38:763870>>>  Tank #2 Red AI Tank Launch speed not within tolerances, adjusting firing solution...
<<<16:10:38:763870>>>  Tank #2 Red AI Tank adjusted targeting angle one unit CCW...
<<<16:10:38:895421>>>  Tank #2 Red AI Tank is checking targeting info...
<<<16:10:38:895770>>>  Tank #2 Red AI Tank Launch angle not within tolerances, adjusting firing solution...
<<<16:10:38:895770>>>  Tank #2 Red AI Tank Launch speed not within tolerances, adjusting firing solution...
<<<16:10:38:895770>>>  Tank #2 Red AI Tank adjusted targeting angle one unit CCW...
<<<16:10:39:028315>>>  Tank #2 Red AI Tank is checking targeting info...
<<<16:10:39:028315>>>  Tank #2 Red AI Tank Launch angle not within tolerances, adjusting firing solution...
<<<16:10:39:028315>>>  Tank #2 Red AI Tank Launch speed not within tolerances, adjusting firing solution...
<<<16:10:39:028315>>>  Tank #2 Red AI Tank adjusted targeting angle one unit CCW...
<<<16:10:39:160760>>>  Tank #2 Red AI Tank is checking targeting info...
<<<16:10:39:160760>>>  Tank #2 Red AI Tank Launch angle not within tolerances, adjusting firing solution...
<<<16:10:39:160760>>>  Tank #2 Red AI Tank Launch speed not within tolerances, adjusting firing solution...
<<<16:10:39:160760>>>  Tank #2 Red AI Tank adjusted targeting angle one unit CCW...
<<<16:10:39:293555>>>  Tank #2 Red AI Tank is checking targeting info...
<<<16:10:39:293555>>>  Tank #2 Red AI Tank Launch angle not within tolerances, adjusting firing solution...
<<<16:10:39:293555>>>  Tank #2 Red AI Tank Launch speed not within tolerances, adjusting firing solution...
<<<16:10:39:293555>>>  Tank #2 Red AI Tank adjusted targeting angle one unit CCW...
<<<16:10:39:423274>>>  Tank #2 Red AI Tank is checking targeting info...
<<<16:10:39:423274>>>  Tank #2 Red AI Tank Launch angle not within tolerances, adjusting firing solution...
<<<16:10:39:423274>>>  Tank #2 Red AI Tank Launch speed not within tolerances, adjusting firing solution...
<<<16:10:39:423274>>>  Tank #2 Red AI Tank adjusted targeting angle one unit CCW...
<<<16:10:39:553867>>>  Tank #2 Red AI Tank is checking targeting info...
<<<16:10:39:553867>>>  Tank #2 Red AI Tank Launch angle not within tolerances, adjusting firing solution...
<<<16:10:39:553867>>>  Tank #2 Red AI Tank Launch speed not within tolerances, adjusting firing solution...
<<<16:10:39:553867>>>  Tank #2 Red AI Tank adjusted targeting angle one unit CCW...
<<<16:10:39:684265>>>  Tank #2 Red AI Tank is checking targeting info...
<<<16:10:39:684265>>>  Tank #2 Red AI Tank Launch angle not within tolerances, adjusting firing solution...
<<<16:10:39:684265>>>  Tank #2 Red AI Tank Launch speed not within tolerances, adjusting firing solution...
<<<16:10:39:684265>>>  Tank #2 Red AI Tank adjusted targeting angle one unit CCW...
<<<16:10:39:815790>>>  Tank #2 Red AI Tank is checking targeting info...
<<<16:10:39:815790>>>  Tank #2 Red AI Tank Launch angle not within tolerances, adjusting firing solution...
<<<16:10:39:815790>>>  Tank #2 Red AI Tank Launch speed not within tolerances, adjusting firing solution...
<<<16:10:39:815790>>>  Tank #2 Red AI Tank adjusted targeting angle one unit CCW...
<<<16:10:39:949255>>>  Tank #2 Red AI Tank is checking targeting info...
<<<16:10:39:949255>>>  Tank #2 Red AI Tank Launch angle not within tolerances, adjusting firing solution...
<<<16:10:39:949255>>>  Tank #2 Red AI Tank Launch speed not within tolerances, adjusting firing solution...
<<<16:10:39:949255>>>  Tank #2 Red AI Tank adjusted targeting angle one unit CCW...
<<<16:10:40:082712>>>  Tank #2 Red AI Tank is checking targeting info...
<<<16:10:40:082712>>>  Tank #2 Red AI Tank Launch angle not within tolerances, adjusting firing solution...
<<<16:10:40:082712>>>  Tank #2 Red AI Tank Launch speed not within tolerances, adjusting firing solution...
<<<16:10:40:082712>>>  Tank #2 Red AI Tank adjusted targeting angle one unit CCW...
<<<16:10:40:214604>>>  Tank #2 Red AI Tank is checking targeting info...
<<<16:10:40:214604>>>  Tank #2 Red AI Tank Launch angle not within tolerances, adjusting firing solution...
<<<16:10:40:214604>>>  Tank #2 Red AI Tank Launch speed not within tolerances, adjusting firing solution...
<<<16:10:40:214604>>>  Tank #2 Red AI Tank adjusted targeting angle one unit CCW...
<<<16:10:40:345088>>>  Tank #2 Red AI Tank is checking targeting info...
<<<16:10:40:345088>>>  Tank #2 Red AI Tank Launch angle not within tolerances, adjusting firing solution...
<<<16:10:40:345088>>>  Tank #2 Red AI Tank Launch speed not within tolerances, adjusting firing solution...
<<<16:10:40:345088>>>  Tank #2 Red AI Tank adjusted targeting angle one unit CCW...
<<<16:10:40:477335>>>  Tank #2 Red AI Tank is checking targeting info...
<<<16:10:40:477335>>>  Tank #2 Red AI Tank Launch angle not within tolerances, adjusting firing solution...
<<<16:10:40:477335>>>  Tank #2 Red AI Tank Launch speed not within tolerances, adjusting firing solution...
<<<16:10:40:477335>>>  Tank #2 Red AI Tank adjusted targeting angle one unit CCW...
<<<16:10:40:609054>>>  Tank #2 Red AI Tank is checking targeting info...
<<<16:10:40:609054>>>  Tank #2 Red AI Tank Launch angle not within tolerances, adjusting firing solution...
<<<16:10:40:609054>>>  Tank #2 Red AI Tank Launch speed not within tolerances, adjusting firing solution...
<<<16:10:40:609054>>>  Tank #2 Red AI Tank adjusted targeting angle one unit CCW...
<<<16:10:40:736978>>>  Tank #2 Red AI Tank is checking targeting info...
<<<16:10:40:736978>>>  Tank #2 Red AI Tank Launch angle not within tolerances, adjusting firing solution...
<<<16:10:40:736978>>>  Tank #2 Red AI Tank Launch speed not within tolerances, adjusting firing solution...
<<<16:10:40:736978>>>  Tank #2 Red AI Tank adjusted targeting angle one unit CCW...
<<<16:10:40:868053>>>  Tank #2 Red AI Tank is checking targeting info...
<<<16:10:40:868053>>>  Tank #2 Red AI Tank Launch angle not within tolerances, adjusting firing solution...
<<<16:10:40:868053>>>  Tank #2 Red AI Tank Launch speed not within tolerances, adjusting firing solution...
<<<16:10:40:868053>>>  Tank #2 Red AI Tank adjusted targeting angle one unit CCW...
<<<16:10:40:998522>>>  Tank #2 Red AI Tank is checking targeting info...
<<<16:10:40:998522>>>  Tank #2 Red AI Tank Launch angle not within tolerances, adjusting firing solution...
<<<16:10:40:998522>>>  Tank #2 Red AI Tank Launch speed not within tolerances, adjusting firing solution...
<<<16:10:40:998522>>>  Tank #2 Red AI Tank adjusted targeting angle one unit CCW...
<<<16:10:41:129626>>>  Tank #2 Red AI Tank is checking targeting info...
<<<16:10:41:129626>>>  Tank #2 Red AI Tank Launch angle not within tolerances, adjusting firing solution...
<<<16:10:41:129626>>>  Tank #2 Red AI Tank Launch speed not within tolerances, adjusting firing solution...
<<<16:10:41:129626>>>  Tank #2 Red AI Tank adjusted targeting angle one unit CCW...
<<<16:10:41:262393>>>  Tank #2 Red AI Tank is checking targeting info...
<<<16:10:41:262393>>>  Tank #2 Red AI Tank Launch angle not within tolerances, adjusting firing solution...
<<<16:10:41:262393>>>  Tank #2 Red AI Tank Launch speed not within tolerances, adjusting firing solution...
<<<16:10:41:262393>>>  Tank #2 Red AI Tank adjusted targeting angle one unit CCW...
<<<16:10:41:395301>>>  Tank #2 Red AI Tank is checking targeting info...
<<<16:10:41:395301>>>  Tank #2 Red AI Tank Launch angle not within tolerances, adjusting firing solution...
<<<16:10:41:395301>>>  Tank #2 Red AI Tank Launch speed not within tolerances, adjusting firing solution...
<<<16:10:41:395301>>>  Tank #2 Red AI Tank adjusted targeting angle one unit CCW...
<<<16:10:41:524655>>>  Tank #2 Red AI Tank is checking targeting info...
<<<16:10:41:524655>>>  Tank #2 Red AI Tank Launch angle not within tolerances, adjusting firing solution...
<<<16:10:41:524655>>>  Tank #2 Red AI Tank Launch speed not within tolerances, adjusting firing solution...
<<<16:10:41:524655>>>  Tank #2 Red AI Tank adjusted targeting angle one unit CCW...
<<<16:10:41:655834>>>  Tank #2 Red AI Tank is checking targeting info...
<<<16:10:41:655834>>>  Tank #2 Red AI Tank Launch angle not within tolerances, adjusting firing solution...
<<<16:10:41:655834>>>  Tank #2 Red AI Tank Launch speed not within tolerances, adjusting firing solution...
<<<16:10:41:655834>>>  Tank #2 Red AI Tank adjusted targeting angle one unit CCW...
<<<16:10:41:786045>>>  Tank #2 Red AI Tank is checking targeting info...
<<<16:10:41:786045>>>  Tank #2 Red AI Tank Launch angle not within tolerances, adjusting firing solution...
<<<16:10:41:786045>>>  Tank #2 Red AI Tank Launch speed not within tolerances, adjusting firing solution...
<<<16:10:41:786045>>>  Tank #2 Red AI Tank adjusted targeting angle one unit CCW...
<<<16:10:41:915462>>>  Tank #2 Red AI Tank is checking targeting info...
<<<16:10:41:915462>>>  Tank #2 Red AI Tank Launch angle not within tolerances, adjusting firing solution...
<<<16:10:41:915462>>>  Tank #2 Red AI Tank Launch speed not within tolerances, adjusting firing solution...
<<<16:10:41:915462>>>  Tank #2 Red AI Tank adjusted targeting angle one unit CCW...
<<<16:10:42:048135>>>  Tank #2 Red AI Tank is checking targeting info...
<<<16:10:42:048135>>>  Tank #2 Red AI Tank Launch angle not within tolerances, adjusting firing solution...
<<<16:10:42:048135>>>  Tank #2 Red AI Tank Launch speed not within tolerances, adjusting firing solution...
<<<16:10:42:048135>>>  Tank #2 Red AI Tank adjusted targeting angle one unit CCW...
<<<16:10:42:179521>>>  Tank #2 Red AI Tank is checking targeting info...
<<<16:10:42:179521>>>  Tank #2 Red AI Tank Launch angle not within tolerances, adjusting firing solution...
<<<16:10:42:179521>>>  Tank #2 Red AI Tank Launch speed not within tolerances, adjusting firing solution...
<<<16:10:42:179521>>>  Tank #2 Red AI Tank adjusted targeting angle one unit CCW...
<<<16:10:42:312366>>>  Tank #2 Red AI Tank is checking targeting info...
<<<16:10:42:312366>>>  Tank #2 Red AI Tank Launch angle not within tolerances, adjusting firing solution...
<<<16:10:42:312366>>>  Tank #2 Red AI Tank Launch speed not within tolerances, adjusting firing solution...
<<<16:10:42:312366>>>  Tank #2 Red AI Tank adjusted targeting angle one unit CCW...
<<<16:10:42:444394>>>  Tank #2 Red AI Tank is checking targeting info...
<<<16:10:42:444394>>>  Tank #2 Red AI Tank Launch angle not within tolerances, adjusting firing solution...
<<<16:10:42:444394>>>  Tank #2 Red AI Tank Launch speed not within tolerances, adjusting firing solution...
<<<16:10:42:444394>>>  Tank #2 Red AI Tank adjusted targeting angle one unit CCW...
<<<16:10:42:578409>>>  Tank #2 Red AI Tank is checking targeting info...
<<<16:10:42:579431>>>  Tank #2 Red AI Tank Launch angle not within tolerances, adjusting firing solution...
<<<16:10:42:579431>>>  Tank #2 Red AI Tank Launch speed not within tolerances, adjusting firing solution...
<<<16:10:42:579431>>>  Tank #2 Red AI Tank adjusted targeting angle one unit CCW...
<<<16:10:42:712091>>>  Tank #2 Red AI Tank is checking targeting info...
<<<16:10:42:712091>>>  Tank #2 Red AI Tank Launch angle not within tolerances, adjusting firing solution...
<<<16:10:42:712091>>>  Tank #2 Red AI Tank Launch speed not within tolerances, adjusting firing solution...
<<<16:10:42:712091>>>  Tank #2 Red AI Tank adjusted targeting angle one unit CCW...
<<<16:10:42:846373>>>  Tank #2 Red AI Tank is checking targeting info...
<<<16:10:42:846373>>>  Tank #2 Red AI Tank Launch angle not within tolerances, adjusting firing solution...
<<<16:10:42:846373>>>  Tank #2 Red AI Tank Launch speed not within tolerances, adjusting firing solution...
<<<16:10:42:846373>>>  Tank #2 Red AI Tank adjusted targeting angle one unit CCW...
<<<16:10:42:978245>>>  Tank #2 Red AI Tank is checking targeting info...
<<<16:10:42:978245>>>  Tank #2 Red AI Tank Launch angle not within tolerances, adjusting firing solution...
<<<16:10:42:978245>>>  Tank #2 Red AI Tank Launch speed not within tolerances, adjusting firing solution...
<<<16:10:42:978245>>>  Tank #2 Red AI Tank adjusted targeting angle one unit CCW...
<<<16:10:43:112545>>>  Tank #2 Red AI Tank is checking targeting info...
<<<16:10:43:112545>>>  Tank #2 Red AI Tank Launch angle not within tolerances, adjusting firing solution...
<<<16:10:43:112545>>>  Tank #2 Red AI Tank Launch speed not within tolerances, adjusting firing solution...
<<<16:10:43:112545>>>  Tank #2 Red AI Tank adjusted targeting angle one unit CCW...
<<<16:10:43:246129>>>  Tank #2 Red AI Tank is checking targeting info...
<<<16:10:43:246129>>>  Tank #2 Red AI Tank Launch angle not within tolerances, adjusting firing solution...
<<<16:10:43:246129>>>  Tank #2 Red AI Tank Launch speed not within tolerances, adjusting firing solution...
<<<16:10:43:246129>>>  Tank #2 Red AI Tank adjusted targeting angle one unit CCW...
<<<16:10:43:378450>>>  Tank #2 Red AI Tank is checking targeting info...
<<<16:10:43:378450>>>  Tank #2 Red AI Tank Launch angle not within tolerances, adjusting firing solution...
<<<16:10:43:378450>>>  Tank #2 Red AI Tank Launch speed not within tolerances, adjusting firing solution...
<<<16:10:43:378450>>>  Tank #2 Red AI Tank adjusted targeting angle one unit CCW...
<<<16:10:44:908151>>>  Tank #3 Yellow AI Tank chose to shoot...
<<<16:10:44:908151>>>  Deleting effect pixie gravity...
<<<16:10:44:908151>>>  Tank #3 Yellow AI Tank is checking targeting info...
<<<16:10:44:908151>>>  Tank #3 Yellow AI Tank Launch angle not within tolerances, adjusting firing solution...
<<<16:10:44:908151>>>  Tank #3 Yellow AI Tank Launch speed not within tolerances, adjusting firing solution...
<<<16:10:44:908151>>>  Tank #3 Yellow AI Tank adjusted targeting angle one unit CW...
<<<16:10:46:488454>>>  Tank #2 Red AI Tank is checking targeting info...
<<<16:10:46:488454>>>  Tank #2 Red AI Tank Launch angle not within tolerances, adjusting firing solution...
<<<16:10:46:488454>>>  Tank #2 Red AI Tank Launch speed not within tolerances, adjusting firing solution...
<<<16:10:46:488454>>>  Tank #2 Red AI Tank adjusted targeting angle one unit CCW...
<<<16:10:46:488454>>>  Tank #3 Yellow AI Tank is checking targeting info...
<<<16:10:46:488454>>>  Tank #3 Yellow AI Tank Launch angle not within tolerances, adjusting firing solution...
<<<16:10:46:488454>>>  Tank #3 Yellow AI Tank Launch speed not within tolerances, adjusting firing solution...
<<<16:10:46:488454>>>  Tank #3 Yellow AI Tank adjusted targeting angle one unit CW...
<<<16:10:46:620373>>>  Tank #2 Red AI Tank is checking targeting info...
<<<16:10:46:620373>>>  Tank #2 Red AI Tank increased launch speed one unit...
<<<16:10:46:620373>>>  Tank #3 Yellow AI Tank is checking targeting info...
<<<16:10:46:620373>>>  Tank #3 Yellow AI Tank Launch angle not within tolerances, adjusting firing solution...
<<<16:10:46:620373>>>  Tank #3 Yellow AI Tank Launch speed not within tolerances, adjusting firing solution...
<<<16:10:46:620373>>>  Tank #3 Yellow AI Tank adjusted targeting angle one unit CW...
<<<16:10:46:751794>>>  Tank #2 Red AI Tank is checking targeting info...
<<<16:10:46:751794>>>  Tank #2 Red AI Tank increased launch speed one unit...
<<<16:10:46:751794>>>  Tank #3 Yellow AI Tank is checking targeting info...
<<<16:10:46:751794>>>  Tank #3 Yellow AI Tank Launch angle not within tolerances, adjusting firing solution...
<<<16:10:46:751794>>>  Tank #3 Yellow AI Tank Launch speed not within tolerances, adjusting firing solution...
<<<16:10:46:751794>>>  Tank #3 Yellow AI Tank adjusted targeting angle one unit CW...
<<<16:10:46:850047>>>  Deleting effect pixie Tank #2 Red AI Tank thawing...
<<<16:10:46:850047>>>  Deleting effect pixie Tank #3 Yellow AI Tank thawing...
<<<16:10:46:882892>>>  Tank #2 Red AI Tank is checking targeting info...
<<<16:10:46:882892>>>  Tank #2 Red AI Tank increased launch speed one unit...
<<<16:10:46:882892>>>  Tank #3 Yellow AI Tank is checking targeting info...
<<<16:10:46:882892>>>  Tank #3 Yellow AI Tank Launch angle not within tolerances, adjusting firing solution...
<<<16:10:46:882892>>>  Tank #3 Yellow AI Tank Launch speed not within tolerances, adjusting firing solution...
<<<16:10:46:882892>>>  Tank #3 Yellow AI Tank adjusted targeting angle one unit CW...
<<<16:10:47:011064>>>  Tank #2 Red AI Tank is checking targeting info...
<<<16:10:47:011064>>>  Tank #2 Red AI Tank increased launch speed one unit...
<<<16:10:47:011064>>>  Tank #3 Yellow AI Tank is checking targeting info...
<<<16:10:47:011064>>>  Tank #3 Yellow AI Tank Launch angle not within tolerances, adjusting firing solution...
<<<16:10:47:011064>>>  Tank #3 Yellow AI Tank Launch speed not within tolerances, adjusting firing solution...
<<<16:10:47:011064>>>  Tank #3 Yellow AI Tank adjusted targeting angle one unit CW...
<<<16:10:47:144679>>>  Tank #2 Red AI Tank is checking targeting info...
<<<16:10:47:144679>>>  Tank #2 Red AI Tank increased launch speed one unit...
<<<16:10:47:144679>>>  Tank #3 Yellow AI Tank is checking targeting info...
<<<16:10:47:144679>>>  Tank #3 Yellow AI Tank Launch angle not within tolerances, adjusting firing solution...
<<<16:10:47:144679>>>  Tank #3 Yellow AI Tank Launch speed not within tolerances, adjusting firing solution...
<<<16:10:47:144679>>>  Tank #3 Yellow AI Tank adjusted targeting angle one unit CW...
<<<16:10:47:278920>>>  Tank #2 Red AI Tank is checking targeting info...
<<<16:10:47:278920>>>  Tank #2 Red AI Tank increased launch speed one unit...
<<<16:10:47:278920>>>  Tank #3 Yellow AI Tank is checking targeting info...
<<<16:10:47:278920>>>  Tank #3 Yellow AI Tank Launch angle not within tolerances, adjusting firing solution...
<<<16:10:47:278920>>>  Tank #3 Yellow AI Tank Launch speed not within tolerances, adjusting firing solution...
<<<16:10:47:278920>>>  Tank #3 Yellow AI Tank adjusted targeting angle one unit CW...
<<<16:10:47:411382>>>  Tank #2 Red AI Tank is checking targeting info...
<<<16:10:47:411382>>>  Tank #2 Red AI Tank increased launch speed one unit...
<<<16:10:47:411382>>>  Tank #3 Yellow AI Tank is checking targeting info...
<<<16:10:47:411382>>>  Tank #3 Yellow AI Tank Launch angle not within tolerances, adjusting firing solution...
<<<16:10:47:411382>>>  Tank #3 Yellow AI Tank Launch speed not within tolerances, adjusting firing solution...
<<<16:10:47:411382>>>  Tank #3 Yellow AI Tank adjusted targeting angle one unit CW...
<<<16:10:47:544694>>>  Tank #2 Red AI Tank is checking targeting info...
<<<16:10:47:544694>>>  Tank #2 Red AI Tank increased launch speed one unit...
<<<16:10:47:544694>>>  Tank #3 Yellow AI Tank is checking targeting info...
<<<16:10:47:544694>>>  Tank #3 Yellow AI Tank Launch angle not within tolerances, adjusting firing solution...
<<<16:10:47:544694>>>  Tank #3 Yellow AI Tank Launch speed not within tolerances, adjusting firing solution...
<<<16:10:47:544694>>>  Tank #3 Yellow AI Tank adjusted targeting angle one unit CW...
<<<16:10:47:677228>>>  Tank #2 Red AI Tank is checking targeting info...
<<<16:10:47:677228>>>  Tank #2 Red AI Tank increased launch speed one unit...
<<<16:10:47:677228>>>  Tank #3 Yellow AI Tank is checking targeting info...
<<<16:10:47:677228>>>  Tank #3 Yellow AI Tank Launch angle not within tolerances, adjusting firing solution...
<<<16:10:47:677228>>>  Tank #3 Yellow AI Tank Launch speed not within tolerances, adjusting firing solution...
<<<16:10:47:677228>>>  Tank #3 Yellow AI Tank adjusted targeting angle one unit CW...
<<<16:10:47:809698>>>  Tank #2 Red AI Tank is checking targeting info...
<<<16:10:47:809698>>>  Tank #2 Red AI Tank increased launch speed one unit...
<<<16:10:47:809698>>>  Tank #3 Yellow AI Tank is checking targeting info...
<<<16:10:47:809698>>>  Tank #3 Yellow AI Tank Launch angle not within tolerances, adjusting firing solution...
<<<16:10:47:809698>>>  Tank #3 Yellow AI Tank Launch speed not within tolerances, adjusting firing solution...
<<<16:10:47:809698>>>  Tank #3 Yellow AI Tank adjusted targeting angle one unit CW...
<<<16:10:47:941505>>>  Tank #2 Red AI Tank is checking targeting info...
<<<16:10:47:941505>>>  Tank #2 Red AI Tank increased launch speed one unit...
<<<16:10:47:941505>>>  Tank #3 Yellow AI Tank is checking targeting info...
<<<16:10:47:941505>>>  Tank #3 Yellow AI Tank Launch angle not within tolerances, adjusting firing solution...
<<<16:10:47:941505>>>  Tank #3 Yellow AI Tank Launch speed not within tolerances, adjusting firing solution...
<<<16:10:47:941505>>>  Tank #3 Yellow AI Tank adjusted targeting angle one unit CW...
<<<16:10:48:072228>>>  Tank #2 Red AI Tank is checking targeting info...
<<<16:10:48:072228>>>  Tank #2 Red AI Tank increased launch speed one unit...
<<<16:10:48:072228>>>  Tank #3 Yellow AI Tank is checking targeting info...
<<<16:10:48:072228>>>  Tank #3 Yellow AI Tank Launch angle not within tolerances, adjusting firing solution...
<<<16:10:48:072228>>>  Tank #3 Yellow AI Tank Launch speed not within tolerances, adjusting firing solution...
<<<16:10:48:072228>>>  Tank #3 Yellow AI Tank adjusted targeting angle one unit CW...
<<<16:10:48:201724>>>  Tank #2 Red AI Tank is checking targeting info...
<<<16:10:48:201724>>>  Tank #2 Red AI Tank increased launch speed one unit...
<<<16:10:48:201724>>>  Tank #3 Yellow AI Tank is checking targeting info...
<<<16:10:48:201724>>>  Tank #3 Yellow AI Tank Launch angle not within tolerances, adjusting firing solution...
<<<16:10:48:201724>>>  Tank #3 Yellow AI Tank Launch speed not within tolerances, adjusting firing solution...
<<<16:10:48:201724>>>  Tank #3 Yellow AI Tank adjusted targeting angle one unit CW...
<<<16:10:48:331503>>>  Tank #2 Red AI Tank is checking targeting info...
<<<16:10:48:331503>>>  Tank #2 Red AI Tank increased launch speed one unit...
<<<16:10:48:331503>>>  Tank #3 Yellow AI Tank is checking targeting info...
<<<16:10:48:331503>>>  Tank #3 Yellow AI Tank Launch angle not within tolerances, adjusting firing solution...
<<<16:10:48:331503>>>  Tank #3 Yellow AI Tank Launch speed not within tolerances, adjusting firing solution...
<<<16:10:48:331503>>>  Tank #3 Yellow AI Tank adjusted targeting angle one unit CW...
<<<16:10:48:462618>>>  Tank #2 Red AI Tank is checking targeting info...
<<<16:10:48:462618>>>  Tank #2 Red AI Tank increased launch speed one unit...
<<<16:10:48:462618>>>  Tank #3 Yellow AI Tank is checking targeting info...
<<<16:10:48:462618>>>  Tank #3 Yellow AI Tank Launch angle not within tolerances, adjusting firing solution...
<<<16:10:48:462618>>>  Tank #3 Yellow AI Tank Launch speed not within tolerances, adjusting firing solution...
<<<16:10:48:462618>>>  Tank #3 Yellow AI Tank adjusted targeting angle one unit CW...
<<<16:10:48:595963>>>  Tank #2 Red AI Tank is checking targeting info...
<<<16:10:48:595963>>>  Tank #2 Red AI Tank increased launch speed one unit...
<<<16:10:48:595963>>>  Tank #3 Yellow AI Tank is checking targeting info...
<<<16:10:48:595963>>>  Tank #3 Yellow AI Tank Launch angle not within tolerances, adjusting firing solution...
<<<16:10:48:595963>>>  Tank #3 Yellow AI Tank Launch speed not within tolerances, adjusting firing solution...
<<<16:10:48:595963>>>  Tank #3 Yellow AI Tank adjusted targeting angle one unit CW...
<<<16:10:48:728168>>>  Tank #2 Red AI Tank is checking targeting info...
<<<16:10:48:728168>>>  Tank #2 Red AI Tank increased launch speed one unit...
<<<16:10:48:728168>>>  Tank #3 Yellow AI Tank is checking targeting info...
<<<16:10:48:728168>>>  Tank #3 Yellow AI Tank Launch angle not within tolerances, adjusting firing solution...
<<<16:10:48:728168>>>  Tank #3 Yellow AI Tank Launch speed not within tolerances, adjusting firing solution...
<<<16:10:48:728168>>>  Tank #3 Yellow AI Tank adjusted targeting angle one unit CW...
<<<16:10:48:858432>>>  Tank #2 Red AI Tank is checking targeting info...
<<<16:10:48:858432>>>  Tank #2 Red AI Tank increased launch speed one unit...
<<<16:10:48:858432>>>  Tank #3 Yellow AI Tank is checking targeting info...
<<<16:10:48:858432>>>  Tank #3 Yellow AI Tank Launch angle not within tolerances, adjusting firing solution...
<<<16:10:48:858432>>>  Tank #3 Yellow AI Tank Launch speed not within tolerances, adjusting firing solution...
<<<16:10:48:858432>>>  Tank #3 Yellow AI Tank adjusted targeting angle one unit CW...
<<<16:10:48:992349>>>  Tank #2 Red AI Tank is checking targeting info...
<<<16:10:48:992349>>>  Tank #2 Red AI Tank increased launch speed one unit...
<<<16:10:48:992349>>>  Tank #3 Yellow AI Tank is checking targeting info...
<<<16:10:48:992349>>>  Tank #3 Yellow AI Tank Launch angle not within tolerances, adjusting firing solution...
<<<16:10:48:992349>>>  Tank #3 Yellow AI Tank Launch speed not within tolerances, adjusting firing solution...
<<<16:10:48:992349>>>  Tank #3 Yellow AI Tank adjusted targeting angle one unit CW...
<<<16:10:49:124464>>>  Tank #2 Red AI Tank is checking targeting info...
<<<16:10:49:124464>>>  Tank #2 Red AI Tank increased launch speed one unit...
<<<16:10:49:124464>>>  Tank #3 Yellow AI Tank is checking targeting info...
<<<16:10:49:124464>>>  Tank #3 Yellow AI Tank Launch angle not within tolerances, adjusting firing solution...
<<<16:10:49:124464>>>  Tank #3 Yellow AI Tank Launch speed not within tolerances, adjusting firing solution...
<<<16:10:49:124464>>>  Tank #3 Yellow AI Tank adjusted targeting angle one unit CW...
<<<16:10:49:254016>>>  Tank #2 Red AI Tank is checking targeting info...
<<<16:10:49:254016>>>  Tank #2 Red AI Tank increased launch speed one unit...
<<<16:10:49:254016>>>  Tank #3 Yellow AI Tank is checking targeting info...
<<<16:10:49:254016>>>  Tank #3 Yellow AI Tank Launch angle not within tolerances, adjusting firing solution...
<<<16:10:49:254016>>>  Tank #3 Yellow AI Tank Launch speed not within tolerances, adjusting firing solution...
<<<16:10:49:254016>>>  Tank #3 Yellow AI Tank adjusted targeting angle one unit CW...
<<<16:10:49:386019>>>  Tank #2 Red AI Tank is checking targeting info...
<<<16:10:49:386019>>>  Tank #2 Red AI Tank increased launch speed one unit...
<<<16:10:49:386019>>>  Tank #3 Yellow AI Tank is checking targeting info...
<<<16:10:49:386019>>>  Tank #3 Yellow AI Tank Launch angle not within tolerances, adjusting firing solution...
<<<16:10:49:386019>>>  Tank #3 Yellow AI Tank Launch speed not within tolerances, adjusting firing solution...
<<<16:10:49:386019>>>  Tank #3 Yellow AI Tank adjusted targeting angle one unit CW...
<<<16:10:49:515517>>>  Tank #2 Red AI Tank is checking targeting info...
<<<16:10:49:515517>>>  Tank #2 Red AI Tank increased launch speed one unit...
<<<16:10:49:515517>>>  Tank #3 Yellow AI Tank is checking targeting info...
<<<16:10:49:515517>>>  Tank #3 Yellow AI Tank Launch angle not within tolerances, adjusting firing solution...
<<<16:10:49:515517>>>  Tank #3 Yellow AI Tank Launch speed not within tolerances, adjusting firing solution...
<<<16:10:49:515517>>>  Tank #3 Yellow AI Tank adjusted targeting angle one unit CW...
<<<16:10:49:645402>>>  Tank #2 Red AI Tank is checking targeting info...
<<<16:10:49:645402>>>  Tank #2 Red AI Tank increased launch speed one unit...
<<<16:10:49:645402>>>  Tank #3 Yellow AI Tank is checking targeting info...
<<<16:10:49:645402>>>  Tank #3 Yellow AI Tank Launch angle not within tolerances, adjusting firing solution...
<<<16:10:49:645402>>>  Tank #3 Yellow AI Tank Launch speed not within tolerances, adjusting firing solution...
<<<16:10:49:645402>>>  Tank #3 Yellow AI Tank adjusted targeting angle one unit CW...
<<<16:10:49:776534>>>  Tank #2 Red AI Tank is checking targeting info...
<<<16:10:49:776534>>>  Tank #2 Red AI Tank increased launch speed one unit...
<<<16:10:49:776534>>>  Tank #3 Yellow AI Tank is checking targeting info...
<<<16:10:49:776534>>>  Tank #3 Yellow AI Tank Launch angle not within tolerances, adjusting firing solution...
<<<16:10:49:776534>>>  Tank #3 Yellow AI Tank Launch speed not within tolerances, adjusting firing solution...
<<<16:10:49:776534>>>  Tank #3 Yellow AI Tank adjusted targeting angle one unit CW...
<<<16:10:49:910217>>>  Tank #2 Red AI Tank is checking targeting info...
<<<16:10:49:910217>>>  Tank #2 Red AI Tank increased launch speed one unit...
<<<16:10:49:910217>>>  Tank #3 Yellow AI Tank is checking targeting info...
<<<16:10:49:910217>>>  Tank #3 Yellow AI Tank Launch angle not within tolerances, adjusting firing solution...
<<<16:10:49:910217>>>  Tank #3 Yellow AI Tank Launch speed not within tolerances, adjusting firing solution...
<<<16:10:49:910217>>>  Tank #3 Yellow AI Tank adjusted targeting angle one unit CW...
<<<16:10:50:044176>>>  Tank #2 Red AI Tank is checking targeting info...
<<<16:10:50:044176>>>  Tank #2 Red AI Tank increased launch speed one unit...
<<<16:10:50:044176>>>  Tank #3 Yellow AI Tank is checking targeting info...
<<<16:10:50:044176>>>  Tank #3 Yellow AI Tank Launch angle not within tolerances, adjusting firing solution...
<<<16:10:50:044176>>>  Tank #3 Yellow AI Tank Launch speed not within tolerances, adjusting firing solution...
<<<16:10:50:044176>>>  Tank #3 Yellow AI Tank adjusted targeting angle one unit CW...
<<<16:10:50:176147>>>  Tank #2 Red AI Tank is checking targeting info...
<<<16:10:50:176147>>>  Tank #2 Red AI Tank increased launch speed one unit...
<<<16:10:50:176147>>>  Tank #3 Yellow AI Tank is checking targeting info...
<<<16:10:50:176147>>>  Tank #3 Yellow AI Tank Launch angle not within tolerances, adjusting firing solution...
<<<16:10:50:176147>>>  Tank #3 Yellow AI Tank Launch speed not within tolerances, adjusting firing solution...
<<<16:10:50:176147>>>  Tank #3 Yellow AI Tank adjusted targeting angle one unit CW...
<<<16:10:50:310832>>>  Tank #2 Red AI Tank is checking targeting info...
<<<16:10:50:310832>>>  Tank #2 Red AI Tank increased launch speed one unit...
<<<16:10:50:310832>>>  Tank #3 Yellow AI Tank is checking targeting info...
<<<16:10:50:310832>>>  Tank #3 Yellow AI Tank Launch angle not within tolerances, adjusting firing solution...
<<<16:10:50:310832>>>  Tank #3 Yellow AI Tank Launch speed not within tolerances, adjusting firing solution...
<<<16:10:50:310832>>>  Tank #3 Yellow AI Tank adjusted targeting angle one unit CW...
<<<16:10:50:442063>>>  Tank #2 Red AI Tank is checking targeting info...
<<<16:10:50:442063>>>  Tank #2 Red AI Tank increased launch speed one unit...
<<<16:10:50:442063>>>  Tank #3 Yellow AI Tank is checking targeting info...
<<<16:10:50:442063>>>  Tank #3 Yellow AI Tank Launch angle not within tolerances, adjusting firing solution...
<<<16:10:50:442063>>>  Tank #3 Yellow AI Tank Launch speed not within tolerances, adjusting firing solution...
<<<16:10:50:442063>>>  Tank #3 Yellow AI Tank adjusted targeting angle one unit CW...
<<<16:10:50:572590>>>  Tank #2 Red AI Tank is checking targeting info...
<<<16:10:50:572590>>>  Tank #2 Red AI Tank increased launch speed one unit...
<<<16:10:50:572590>>>  Tank #3 Yellow AI Tank is checking targeting info...
<<<16:10:50:572590>>>  Tank #3 Yellow AI Tank Launch angle not within tolerances, adjusting firing solution...
<<<16:10:50:572590>>>  Tank #3 Yellow AI Tank Launch speed not within tolerances, adjusting firing solution...
<<<16:10:50:572590>>>  Tank #3 Yellow AI Tank adjusted targeting angle one unit CW...
<<<16:10:50:705171>>>  Tank #2 Red AI Tank is checking targeting info...
<<<16:10:50:705171>>>  Tank #2 Red AI Tank increased launch speed one unit...
<<<16:10:50:705171>>>  Tank #3 Yellow AI Tank is checking targeting info...
<<<16:10:50:705171>>>  Tank #3 Yellow AI Tank Launch angle not within tolerances, adjusting firing solution...
<<<16:10:50:705171>>>  Tank #3 Yellow AI Tank Launch speed not within tolerances, adjusting firing solution...
<<<16:10:50:705171>>>  Tank #3 Yellow AI Tank adjusted targeting angle one unit CW...
<<<16:10:50:837491>>>  Tank #2 Red AI Tank is checking targeting info...
<<<16:10:50:837491>>>  Tank #2 Red AI Tank increased launch speed one unit...
<<<16:10:50:837491>>>  Tank #3 Yellow AI Tank is checking targeting info...
<<<16:10:50:837491>>>  Tank #3 Yellow AI Tank Launch angle not within tolerances, adjusting firing solution...
<<<16:10:50:837491>>>  Tank #3 Yellow AI Tank Launch speed not within tolerances, adjusting firing solution...
<<<16:10:50:837491>>>  Tank #3 Yellow AI Tank adjusted targeting angle one unit CW...
<<<16:10:50:969253>>>  Tank #2 Red AI Tank is checking targeting info...
<<<16:10:50:969253>>>  Tank #2 Red AI Tank increased launch speed one unit...
<<<16:10:50:969253>>>  Tank #3 Yellow AI Tank is checking targeting info...
<<<16:10:50:969253>>>  Tank #3 Yellow AI Tank Launch angle not within tolerances, adjusting firing solution...
<<<16:10:50:969253>>>  Tank #3 Yellow AI Tank Launch speed not within tolerances, adjusting firing solution...
<<<16:10:50:969253>>>  Tank #3 Yellow AI Tank adjusted targeting angle one unit CW...
<<<16:10:51:100311>>>  Tank #2 Red AI Tank is checking targeting info...
<<<16:10:51:100311>>>  Tank #2 Red AI Tank increased launch speed one unit...
<<<16:10:51:100311>>>  Tank #3 Yellow AI Tank is checking targeting info...
<<<16:10:51:100311>>>  Tank #3 Yellow AI Tank Launch angle not within tolerances, adjusting firing solution...
<<<16:10:51:100311>>>  Tank #3 Yellow AI Tank Launch speed not within tolerances, adjusting firing solution...
<<<16:10:51:100311>>>  Tank #3 Yellow AI Tank adjusted targeting angle one unit CW...
<<<16:10:51:229511>>>  Tank #2 Red AI Tank is checking targeting info...
<<<16:10:51:229511>>>  Tank #2 Red AI Tank increased launch speed one unit...
<<<16:10:51:229511>>>  Tank #3 Yellow AI Tank is checking targeting info...
<<<16:10:51:229511>>>  Tank #3 Yellow AI Tank Launch angle not within tolerances, adjusting firing solution...
<<<16:10:51:229511>>>  Tank #3 Yellow AI Tank Launch speed not within tolerances, adjusting firing solution...
<<<16:10:51:229511>>>  Tank #3 Yellow AI Tank adjusted targeting angle one unit CW...
<<<16:10:51:359798>>>  Tank #2 Red AI Tank is checking targeting info...
<<<16:10:51:359798>>>  Tank #2 Red AI Tank increased launch speed one unit...
<<<16:10:51:359798>>>  Tank #3 Yellow AI Tank is checking targeting info...
<<<16:10:51:359798>>>  Tank #3 Yellow AI Tank Launch angle not within tolerances, adjusting firing solution...
<<<16:10:51:359798>>>  Tank #3 Yellow AI Tank Launch speed not within tolerances, adjusting firing solution...
<<<16:10:51:359798>>>  Tank #3 Yellow AI Tank adjusted targeting angle one unit CW...
<<<16:10:51:492369>>>  Tank #2 Red AI Tank is checking targeting info...
<<<16:10:51:492369>>>  Tank #2 Red AI Tank increased launch speed one unit...
<<<16:10:51:492369>>>  Tank #3 Yellow AI Tank is checking targeting info...
<<<16:10:51:492369>>>  Tank #3 Yellow AI Tank Launch angle not within tolerances, adjusting firing solution...
<<<16:10:51:492369>>>  Tank #3 Yellow AI Tank Launch speed not within tolerances, adjusting firing solution...
<<<16:10:51:492369>>>  Tank #3 Yellow AI Tank adjusted targeting angle one unit CW...
<<<16:10:51:623924>>>  Tank #2 Red AI Tank is checking targeting info...
<<<16:10:51:623924>>>  Tank #2 Red AI Tank firing solution within tolerances, not adjusting firing solution...
<<<16:10:51:623924>>>  Tank #2 Red AI Tank attempting to fire cannonball...
<<<16:10:51:623924>>>  Tank #3 Yellow AI Tank is checking targeting info...
<<<16:10:51:623924>>>  Tank #3 Yellow AI Tank Launch angle not within tolerances, adjusting firing solution...
<<<16:10:51:623924>>>  Tank #3 Yellow AI Tank Launch speed not within tolerances, adjusting firing solution...
<<<16:10:51:623924>>>  Tank #3 Yellow AI Tank adjusted targeting angle one unit CW...
<<<16:10:51:754009>>>
* *** Tank #2 Red AI Tank USING CLEAR SKIES FUNCTION ***
* Moon #2 at (6959.803966397626, 23566.39477615646), angle 1.2836317420385672 rads.
* Tank #2 Red AI Tank at (-5517.44784751066, -3185.499999999998), angle 3.665191429188092.
* Angle Between is 2.3815596871495246 rads.
<<<16:10:51:754009>>>  Tank #3 Yellow AI Tank is checking targeting info...
<<<16:10:51:754009>>>  Tank #3 Yellow AI Tank Launch angle not within tolerances, adjusting firing solution...
<<<16:10:51:754009>>>  Tank #3 Yellow AI Tank Launch speed not within tolerances, adjusting firing solution...
<<<16:10:51:754009>>>  Tank #3 Yellow AI Tank adjusted targeting angle one unit CW...
<<<16:10:51:886666>>>
* *** Tank #2 Red AI Tank USING CLEAR SKIES FUNCTION ***
* Moon #2 at (6791.947023916181, 23761.63020784156), angle 1.292383454788889 rads.
* Tank #2 Red AI Tank at (-5517.44784751066, -3185.499999999998), angle 3.665191429188092.
* Angle Between is 2.372807974399203 rads.
<<<16:10:51:886666>>>  Tank #3 Yellow AI Tank is checking targeting info...
<<<16:10:51:886666>>>  Tank #3 Yellow AI Tank Launch angle not within tolerances, adjusting firing solution...
<<<16:10:51:886666>>>  Tank #3 Yellow AI Tank Launch speed not within tolerances, adjusting firing solution...
<<<16:10:51:886666>>>  Tank #3 Yellow AI Tank adjusted targeting angle one unit CW...
<<<16:10:52:015747>>>  Tank #2 Red AI Tank chose to shoot...
<<<16:10:52:015747>>>  Tank #3 Yellow AI Tank is checking targeting info...
<<<16:10:52:015747>>>  Tank #3 Yellow AI Tank Launch angle not within tolerances, adjusting firing solution...
<<<16:10:52:015747>>>  Tank #3 Yellow AI Tank Launch speed not within tolerances, adjusting firing solution...
<<<16:10:52:015747>>>  Tank #3 Yellow AI Tank adjusted targeting angle one unit CW...
<<<16:10:52:148742>>>  Tank #2 Red AI Tank is checking targeting info...
<<<16:10:52:148742>>>  Tank #2 Red AI Tank Launch angle not within tolerances, adjusting firing solution...
<<<16:10:52:148742>>>  Tank #2 Red AI Tank adjusted targeting angle one unit CW...
<<<16:10:52:148742>>>  Tank #3 Yellow AI Tank is checking targeting info...
<<<16:10:52:148742>>>  Tank #3 Yellow AI Tank Launch angle not within tolerances, adjusting firing solution...
<<<16:10:52:148742>>>  Tank #3 Yellow AI Tank Launch speed not within tolerances, adjusting firing solution...
<<<16:10:52:148742>>>  Tank #3 Yellow AI Tank adjusted targeting angle one unit CW...
<<<16:10:52:278733>>>  Tank #2 Red AI Tank is checking targeting info...
<<<16:10:52:278733>>>  Tank #2 Red AI Tank Launch angle not within tolerances, adjusting firing solution...
<<<16:10:52:278733>>>  Tank #2 Red AI Tank adjusted targeting angle one unit CW...
<<<16:10:52:278733>>>  Tank #3 Yellow AI Tank is checking targeting info...
<<<16:10:52:278733>>>  Tank #3 Yellow AI Tank increased launch speed one unit...
<<<16:10:52:410285>>>  Tank #2 Red AI Tank is checking targeting info...
<<<16:10:52:410285>>>  Tank #2 Red AI Tank Launch angle not within tolerances, adjusting firing solution...
<<<16:10:52:410285>>>  Tank #2 Red AI Tank adjusted targeting angle one unit CW...
<<<16:10:52:410285>>>  Tank #3 Yellow AI Tank is checking targeting info...
<<<16:10:52:410285>>>  Tank #3 Yellow AI Tank increased launch speed one unit...
<<<16:10:52:544104>>>  Tank #2 Red AI Tank is checking targeting info...
<<<16:10:52:544104>>>  Tank #2 Red AI Tank Launch angle not within tolerances, adjusting firing solution...
<<<16:10:52:544104>>>  Tank #2 Red AI Tank adjusted targeting angle one unit CW...
<<<16:10:52:544104>>>  Tank #3 Yellow AI Tank is checking targeting info...
<<<16:10:52:544104>>>  Tank #3 Yellow AI Tank increased launch speed one unit...
<<<16:10:52:677006>>>  Tank #2 Red AI Tank is checking targeting info...
<<<16:10:52:677006>>>  Tank #2 Red AI Tank Launch angle not within tolerances, adjusting firing solution...
<<<16:10:52:677504>>>  Tank #2 Red AI Tank adjusted targeting angle one unit CW...
<<<16:10:52:677504>>>  Tank #3 Yellow AI Tank is checking targeting info...
<<<16:10:52:677504>>>  Tank #3 Yellow AI Tank increased launch speed one unit...
<<<16:10:52:805982>>>  Tank #2 Red AI Tank is checking targeting info...
<<<16:10:52:805982>>>  Tank #2 Red AI Tank Launch angle not within tolerances, adjusting firing solution...
<<<16:10:52:805982>>>  Tank #2 Red AI Tank adjusted targeting angle one unit CW...
<<<16:10:52:805982>>>  Tank #3 Yellow AI Tank is checking targeting info...
<<<16:10:52:805982>>>  Tank #3 Yellow AI Tank increased launch speed one unit...
<<<16:10:52:936874>>>  Tank #2 Red AI Tank is checking targeting info...
<<<16:10:52:936874>>>  Tank #2 Red AI Tank Launch angle not within tolerances, adjusting firing solution...
<<<16:10:52:936874>>>  Tank #2 Red AI Tank adjusted targeting angle one unit CW...
<<<16:10:52:936874>>>  Tank #3 Yellow AI Tank is checking targeting info...
<<<16:10:52:936874>>>  Tank #3 Yellow AI Tank increased launch speed one unit...
<<<16:10:53:068742>>>  Tank #2 Red AI Tank is checking targeting info...
<<<16:10:53:068742>>>  Tank #2 Red AI Tank Launch angle not within tolerances, adjusting firing solution...
<<<16:10:53:068742>>>  Tank #2 Red AI Tank adjusted targeting angle one unit CW...
<<<16:10:53:068742>>>  Tank #3 Yellow AI Tank is checking targeting info...
<<<16:10:53:068742>>>  Tank #3 Yellow AI Tank increased launch speed one unit...
<<<16:10:53:199758>>>  Tank #2 Red AI Tank is checking targeting info...
<<<16:10:53:199758>>>  Tank #2 Red AI Tank Launch angle not within tolerances, adjusting firing solution...
<<<16:10:53:199758>>>  Tank #2 Red AI Tank adjusted targeting angle one unit CW...
<<<16:10:53:199758>>>  Tank #3 Yellow AI Tank is checking targeting info...
<<<16:10:53:199758>>>  Tank #3 Yellow AI Tank increased launch speed one unit...
<<<16:10:53:332447>>>  Tank #2 Red AI Tank is checking targeting info...
<<<16:10:53:332447>>>  Tank #2 Red AI Tank Launch angle not within tolerances, adjusting firing solution...
<<<16:10:53:332447>>>  Tank #2 Red AI Tank adjusted targeting angle one unit CW...
<<<16:10:53:332447>>>  Tank #3 Yellow AI Tank is checking targeting info...
<<<16:10:53:332447>>>  Tank #3 Yellow AI Tank increased launch speed one unit...
<<<16:10:53:464651>>>  Tank #2 Red AI Tank is checking targeting info...
<<<16:10:53:464651>>>  Tank #2 Red AI Tank Launch angle not within tolerances, adjusting firing solution...
<<<16:10:53:464651>>>  Tank #2 Red AI Tank adjusted targeting angle one unit CW...
<<<16:10:53:464651>>>  Tank #3 Yellow AI Tank is checking targeting info...
<<<16:10:53:464651>>>  Tank #3 Yellow AI Tank increased launch speed one unit...
<<<16:10:53:596399>>>  Tank #2 Red AI Tank is checking targeting info...
<<<16:10:53:596399>>>  Tank #2 Red AI Tank Launch angle not within tolerances, adjusting firing solution...
<<<16:10:53:596399>>>  Tank #2 Red AI Tank adjusted targeting angle one unit CW...
<<<16:10:53:596399>>>  Tank #3 Yellow AI Tank is checking targeting info...
<<<16:10:53:596399>>>  Tank #3 Yellow AI Tank increased launch speed one unit...
<<<16:10:53:728504>>>  Tank #2 Red AI Tank is checking targeting info...
<<<16:10:53:728504>>>  Tank #2 Red AI Tank Launch angle not within tolerances, adjusting firing solution...
<<<16:10:53:728504>>>  Tank #2 Red AI Tank adjusted targeting angle one unit CW...
<<<16:10:53:728504>>>  Tank #3 Yellow AI Tank is checking targeting info...
<<<16:10:53:728504>>>  Tank #3 Yellow AI Tank increased launch speed one unit...
<<<16:10:53:861095>>>  Tank #2 Red AI Tank is checking targeting info...
<<<16:10:53:861095>>>  Tank #2 Red AI Tank Launch angle not within tolerances, adjusting firing solution...
<<<16:10:53:861095>>>  Tank #2 Red AI Tank adjusted targeting angle one unit CW...
<<<16:10:53:861095>>>  Tank #3 Yellow AI Tank is checking targeting info...
<<<16:10:53:861095>>>  Tank #3 Yellow AI Tank increased launch speed one unit...
<<<16:10:53:993885>>>  Tank #2 Red AI Tank is checking targeting info...
<<<16:10:53:993885>>>  Tank #2 Red AI Tank Launch angle not within tolerances, adjusting firing solution...
<<<16:10:53:993885>>>  Tank #2 Red AI Tank adjusted targeting angle one unit CW...
<<<16:10:53:993885>>>  Tank #3 Yellow AI Tank is checking targeting info...
<<<16:10:53:993885>>>  Tank #3 Yellow AI Tank increased launch speed one unit...
<<<16:10:54:127313>>>  Tank #2 Red AI Tank is checking targeting info...
<<<16:10:54:127313>>>  Tank #2 Red AI Tank Launch angle not within tolerances, adjusting firing solution...
<<<16:10:54:127313>>>  Tank #2 Red AI Tank adjusted targeting angle one unit CW...
<<<16:10:54:127313>>>  Tank #3 Yellow AI Tank is checking targeting info...
<<<16:10:54:127313>>>  Tank #3 Yellow AI Tank increased launch speed one unit...
<<<16:10:54:260941>>>  Tank #2 Red AI Tank is checking targeting info...
<<<16:10:54:260941>>>  Tank #2 Red AI Tank Launch angle not within tolerances, adjusting firing solution...
<<<16:10:54:260941>>>  Tank #2 Red AI Tank adjusted targeting angle one unit CW...
<<<16:10:54:260941>>>  Tank #3 Yellow AI Tank is checking targeting info...
<<<16:10:54:260941>>>  Tank #3 Yellow AI Tank increased launch speed one unit...
<<<16:10:54:396781>>>  Tank #2 Red AI Tank is checking targeting info...
<<<16:10:54:396781>>>  Tank #2 Red AI Tank Launch angle not within tolerances, adjusting firing solution...
<<<16:10:54:396781>>>  Tank #2 Red AI Tank adjusted targeting angle one unit CW...
<<<16:10:54:396781>>>  Tank #3 Yellow AI Tank is checking targeting info...
<<<16:10:54:396781>>>  Tank #3 Yellow AI Tank increased launch speed one unit...
<<<16:10:54:530407>>>  Tank #2 Red AI Tank is checking targeting info...
<<<16:10:54:530407>>>  Tank #2 Red AI Tank Launch angle not within tolerances, adjusting firing solution...
<<<16:10:54:530407>>>  Tank #2 Red AI Tank adjusted targeting angle one unit CW...
<<<16:10:54:530407>>>  Tank #3 Yellow AI Tank is checking targeting info...
<<<16:10:54:530407>>>  Tank #3 Yellow AI Tank increased launch speed one unit...
<<<16:10:54:663075>>>  Tank #2 Red AI Tank is checking targeting info...
<<<16:10:54:663075>>>  Tank #2 Red AI Tank Launch angle not within tolerances, adjusting firing solution...
<<<16:10:54:663075>>>  Tank #2 Red AI Tank adjusted targeting angle one unit CW...
<<<16:10:54:663075>>>  Tank #3 Yellow AI Tank is checking targeting info...
<<<16:10:54:663075>>>  Tank #3 Yellow AI Tank increased launch speed one unit...
<<<16:10:54:793885>>>  Tank #2 Red AI Tank is checking targeting info...
<<<16:10:54:793885>>>  Tank #2 Red AI Tank Launch angle not within tolerances, adjusting firing solution...
<<<16:10:54:793885>>>  Tank #2 Red AI Tank adjusted targeting angle one unit CW...
<<<16:10:54:793885>>>  Tank #3 Yellow AI Tank is checking targeting info...
<<<16:10:54:793885>>>  Tank #3 Yellow AI Tank increased launch speed one unit...
<<<16:10:54:926364>>>  Tank #2 Red AI Tank is checking targeting info...
<<<16:10:54:926364>>>  Tank #2 Red AI Tank Launch angle not within tolerances, adjusting firing solution...
<<<16:10:54:927358>>>  Tank #2 Red AI Tank adjusted targeting angle one unit CW...
<<<16:10:54:927358>>>  Tank #3 Yellow AI Tank is checking targeting info...
<<<16:10:54:927358>>>  Tank #3 Yellow AI Tank increased launch speed one unit...
<<<16:10:55:056003>>>  Tank #2 Red AI Tank is checking targeting info...
<<<16:10:55:056003>>>  Tank #2 Red AI Tank Launch angle not within tolerances, adjusting firing solution...
<<<16:10:55:056003>>>  Tank #2 Red AI Tank adjusted targeting angle one unit CW...
<<<16:10:55:056003>>>  Tank #3 Yellow AI Tank is checking targeting info...
<<<16:10:55:056003>>>  Tank #3 Yellow AI Tank increased launch speed one unit...
<<<16:10:55:186749>>>  Tank #2 Red AI Tank is checking targeting info...
<<<16:10:55:186749>>>  Tank #2 Red AI Tank Launch angle not within tolerances, adjusting firing solution...
<<<16:10:55:186749>>>  Tank #2 Red AI Tank adjusted targeting angle one unit CW...
<<<16:10:55:186749>>>  Tank #3 Yellow AI Tank is checking targeting info...
<<<16:10:55:186749>>>  Tank #3 Yellow AI Tank increased launch speed one unit...
<<<16:10:55:316862>>>  Tank #2 Red AI Tank is checking targeting info...
<<<16:10:55:316862>>>  Tank #2 Red AI Tank Launch angle not within tolerances, adjusting firing solution...
<<<16:10:55:316862>>>  Tank #2 Red AI Tank adjusted targeting angle one unit CW...
<<<16:10:55:316862>>>  Tank #3 Yellow AI Tank is checking targeting info...
<<<16:10:55:316862>>>  Tank #3 Yellow AI Tank increased launch speed one unit...
<<<16:10:55:448491>>>  Tank #2 Red AI Tank is checking targeting info...
<<<16:10:55:448491>>>  Tank #2 Red AI Tank Launch angle not within tolerances, adjusting firing solution...
<<<16:10:55:448491>>>  Tank #2 Red AI Tank adjusted targeting angle one unit CW...
<<<16:10:55:448491>>>  Tank #3 Yellow AI Tank is checking targeting info...
<<<16:10:55:448491>>>  Tank #3 Yellow AI Tank increased launch speed one unit...
<<<16:10:55:580839>>>  Tank #2 Red AI Tank is checking targeting info...
<<<16:10:55:580839>>>  Tank #2 Red AI Tank Launch angle not within tolerances, adjusting firing solution...
<<<16:10:55:580839>>>  Tank #2 Red AI Tank adjusted targeting angle one unit CW...
<<<16:10:55:580839>>>  Tank #3 Yellow AI Tank is checking targeting info...
<<<16:10:55:580839>>>  Tank #3 Yellow AI Tank increased launch speed one unit...
<<<16:10:55:711111>>>  Tank #2 Red AI Tank is checking targeting info...
<<<16:10:55:711111>>>  Tank #2 Red AI Tank Launch angle not within tolerances, adjusting firing solution...
<<<16:10:55:711111>>>  Tank #2 Red AI Tank adjusted targeting angle one unit CW...
<<<16:10:55:711111>>>  Tank #3 Yellow AI Tank is checking targeting info...
<<<16:10:55:711111>>>  Tank #3 Yellow AI Tank increased launch speed one unit...
<<<16:10:55:843586>>>  Tank #2 Red AI Tank is checking targeting info...
<<<16:10:55:843586>>>  Tank #2 Red AI Tank Launch angle not within tolerances, adjusting firing solution...
<<<16:10:55:843586>>>  Tank #2 Red AI Tank adjusted targeting angle one unit CW...
<<<16:10:55:843586>>>  Tank #3 Yellow AI Tank is checking targeting info...
<<<16:10:55:843586>>>  Tank #3 Yellow AI Tank increased launch speed one unit...
<<<16:10:55:978342>>>  Tank #2 Red AI Tank is checking targeting info...
<<<16:10:55:978342>>>  Tank #2 Red AI Tank Launch angle not within tolerances, adjusting firing solution...
<<<16:10:55:978342>>>  Tank #2 Red AI Tank adjusted targeting angle one unit CW...
<<<16:10:55:978342>>>  Tank #3 Yellow AI Tank is checking targeting info...
<<<16:10:55:978342>>>  Tank #3 Yellow AI Tank increased launch speed one unit...
<<<16:10:56:111938>>>  Tank #2 Red AI Tank is checking targeting info...
<<<16:10:56:111938>>>  Tank #2 Red AI Tank Launch angle not within tolerances, adjusting firing solution...
<<<16:10:56:111938>>>  Tank #2 Red AI Tank adjusted targeting angle one unit CW...
<<<16:10:56:111938>>>  Tank #3 Yellow AI Tank is checking targeting info...
<<<16:10:56:111938>>>  Tank #3 Yellow AI Tank increased launch speed one unit...
<<<16:10:56:243595>>>  Tank #2 Red AI Tank is checking targeting info...
<<<16:10:56:243595>>>  Tank #2 Red AI Tank Launch angle not within tolerances, adjusting firing solution...
<<<16:10:56:243595>>>  Tank #2 Red AI Tank adjusted targeting angle one unit CW...
<<<16:10:56:243595>>>  Tank #3 Yellow AI Tank is checking targeting info...
<<<16:10:56:243595>>>  Tank #3 Yellow AI Tank increased launch speed one unit...
<<<16:10:56:373958>>>  Tank #2 Red AI Tank is checking targeting info...
<<<16:10:56:373958>>>  Tank #2 Red AI Tank Launch angle not within tolerances, adjusting firing solution...
<<<16:10:56:373958>>>  Tank #2 Red AI Tank adjusted targeting angle one unit CW...
<<<16:10:56:373958>>>  Tank #3 Yellow AI Tank is checking targeting info...
<<<16:10:56:373958>>>  Tank #3 Yellow AI Tank increased launch speed one unit...
<<<16:10:56:505360>>>  Tank #2 Red AI Tank is checking targeting info...
<<<16:10:56:505360>>>  Tank #2 Red AI Tank Launch angle not within tolerances, adjusting firing solution...
<<<16:10:56:505360>>>  Tank #2 Red AI Tank adjusted targeting angle one unit CW...
<<<16:10:56:505360>>>  Tank #3 Yellow AI Tank is checking targeting info...
<<<16:10:56:505360>>>  Tank #3 Yellow AI Tank increased launch speed one unit...
<<<16:10:56:569954>>>
* INFORMATION FOR Tank #1 Green Player Tank's CANNONBALLS:
* Cannonballs in memory for Tank #1 Green Player Tank:  0.
* Total cannonballs fired or chambered for Tank #1 Green Player Tank:  0.
<<<16:10:56:569954>>>
* INFORMATION FOR Tank #2 Red AI Tank's CANNONBALLS:
* Cannonballs in memory for Tank #2 Red AI Tank:  2.
* Total cannonballs fired or chambered for Tank #2 Red AI Tank:  2.
<<<16:10:56:569954>>>
* CURRENT VALUES FOR CELESTIAL BODY:  Tank #2 Red AI Tank's Cannonball #1
* This is not the homeworld.
* The celestial boyd's density is 5515 kg/m^3.
* The celestial body's mass is 1000 kg.
* The Earth's mass is 5.972e+24 kg.
* The celestial body's radius is 0.001 km.
* The celestial body's coordinates are (-2658.947468487708, -19221.937759509125).
* The celestial body's velocity is (1.9578304050792124, -2.905521271665973).
* The celestial body's speed is 3.503591550845516 km/s.
* The celestial body's acceleration is (0.00014687980679485557, 0.0010536289646234447).
* The celestial body's screen x and y coordinates are (762, 721).
* The celestial body's screen radius is 10.
* The celestial is using a pix found at False.
<<<16:10:56:569954>>>
* ADDITIONAL INFORMATION FOR Tank #2 Red AI Tank's Cannonball #1:
* This cannonball is active.
* This ball is armed.
<<<16:10:56:569954>>>
* CURRENT VALUES FOR CELESTIAL BODY:  Tank #2 Red AI Tank's Cannonball #2
* This is not the homeworld.
* The celestial boyd's density is 5515 kg/m^3.
* The celestial body's mass is 1000 kg.
* The Earth's mass is 5.972e+24 kg.
* The celestial body's radius is 0.001 km.
* The celestial body's coordinates are (-5670.381330217548, -3288.7693386103947).
* The celestial body's velocity is (-2.4944589158200525, -9.481841006511436).
* The celestial body's speed is 9.804470110897169 km/s.
* The celestial body's acceleration is (0, 0).
* The celestial body's screen x and y coordinates are (719, 496).
* The celestial body's screen radius is 2.
* The celestial is using a body circle.
<<<16:10:56:569954>>>
* ADDITIONAL INFORMATION FOR Tank #2 Red AI Tank's Cannonball #2:
* This cannonball is chambered.
<<<16:10:56:569954>>>
* INFORMATION FOR Tank #3 Yellow AI Tank's CANNONBALLS:
* Cannonballs in memory for Tank #3 Yellow AI Tank:  1.
* Total cannonballs fired or chambered for Tank #3 Yellow AI Tank:  1.
<<<16:10:56:569954>>>
* CURRENT VALUES FOR CELESTIAL BODY:  Tank #3 Yellow AI Tank's Cannonball #1
* This is not the homeworld.
* The celestial boyd's density is 5515 kg/m^3.
* The celestial body's mass is 1000 kg.
* The Earth's mass is 5.972e+24 kg.
* The celestial body's radius is 0.001 km.
* The celestial body's coordinates are (5181.060661352174, -3321.7175191326824).
* The celestial body's velocity is (4.862819715142579, -2.8138545021982253).
* The celestial body's speed is 5.618255311172729 km/s.
* The celestial body's acceleration is (0, 0).
* The celestial body's screen x and y coordinates are (873, 496).
* The celestial body's screen radius is 2.
* The celestial is using a body circle.
<<<16:10:56:569954>>>
* ADDITIONAL INFORMATION FOR Tank #3 Yellow AI Tank's Cannonball #1:
* This cannonball is chambered.
<<<16:10:56:569954>>>  Quit through pygame and writing log file...
