<<<17:03:59:052127>>>  Pix\Homeworlds\Lava\6.png loaded as pixie for Earth...
<<<17:03:59:052127>>>  Image at Pix\Homeworlds\Lava\6.png chosen as homeworld pix for Earth's...
<<<17:03:59:076529>>>  Pix\Moons\9.png loaded as pixie for Moon #2...
<<<17:03:59:153346>>>  Pix\Snails\Green_Snail\Spells\Spellready_Icon\spellready.png returned as pixie for Snail #1 Green Player...
<<<17:03:59:153346>>>  Pix\Magic\Scroll\scroll.png returned as pixie for Snail #1 Green Player...
<<<17:03:59:153346>>>  Snail #1 Green Player successfully created!
<<<17:03:59:227737>>>  Pix\Snails\Red_Snail\Spells\Spellready_Icon\spellready.png returned as pixie for Snail #2 Red Player...
<<<17:03:59:227737>>>  Pix\Magic\Scroll\scroll.png returned as pixie for Snail #2 Red Player...
<<<17:03:59:227737>>>  Snail #2 Red Player successfully created!
<<<17:03:59:311752>>>  Snail #1 Green Player chambered cannonball...
<<<17:03:59:311752>>>
* CURRENT VALUES FOR CELESTIAL BODY:  Snail #1 Green Player's Cannonball #1
* This is not the homeworld.
* The celestial boyd's density is 5515 kg/m^3.
* The celestial body's mass is 1000 kg.
* The Earth's mass is 5.972e+24 kg.
* The celestial body's radius is 0.001 km.
* The celestial body's coordinates are (3.9011123786838936e-13, 6371.0).
* The celestial body's velocity is (0.0004604293648647357, 5.594405326634898).
* The celestial body's speed is 5.594405345581969 km/s.
* The celestial body's acceleration is (0, 0).
* The celestial body's screen x and y coordinates are (768, 345).
* The celestial body's screen radius is 2.
* The celestial is using a body circle.
<<<17:03:59:311752>>>
* ADDITIONAL INFORMATION FOR Snail #1 Green Player's Cannonball #1:
* This cannonball is chambered.
<<<17:04:34:449199>>>  Snail #2 Red Player has been hit by Snail #1 Green Player's Cannonball #1!
<<<17:04:34:449199>>>  Snail #2 Red Player is dying!
<<<17:04:34:466542>>>  Snail #2 Red Player has been hit by Snail #1 Green Player's Cannonball #1!
<<<17:04:34:483368>>>  Snail #2 Red Player has been hit by Snail #1 Green Player's Cannonball #1!
<<<17:04:34:500578>>>  Snail #2 Red Player has been hit by Snail #1 Green Player's Cannonball #1!
<<<17:04:34:517619>>>  Snail #2 Red Player has been hit by Snail #1 Green Player's Cannonball #1!
<<<17:04:34:533463>>>  Snail #2 Red Player has been hit by Snail #1 Green Player's Cannonball #1!
<<<17:04:34:550960>>>  Snail #2 Red Player has been hit by Snail #1 Green Player's Cannonball #1!
<<<17:04:34:566796>>>  Snail #2 Red Player has been hit by Snail #1 Green Player's Cannonball #1!
<<<17:04:34:582443>>>  Snail #2 Red Player has been hit by Snail #1 Green Player's Cannonball #1!
<<<17:04:34:599844>>>  Snail #2 Red Player has been hit by Snail #1 Green Player's Cannonball #1!
<<<17:04:34:616058>>>  Snail #2 Red Player has been hit by Snail #1 Green Player's Cannonball #1!
<<<17:04:34:631918>>>  Snail #2 Red Player has been hit by Snail #1 Green Player's Cannonball #1!
<<<17:04:34:647998>>>  Snail #2 Red Player has been hit by Snail #1 Green Player's Cannonball #1!
<<<17:04:34:664427>>>  Snail #2 Red Player has been hit by Snail #1 Green Player's Cannonball #1!
<<<17:04:34:680606>>>  Snail #2 Red Player has been hit by Snail #1 Green Player's Cannonball #1!
<<<17:04:34:696277>>>  Snail #2 Red Player has been hit by Snail #1 Green Player's Cannonball #1!
<<<17:04:34:712864>>>  Snail #2 Red Player has been hit by Snail #1 Green Player's Cannonball #1!
<<<17:04:34:729396>>>  Snail #2 Red Player has been hit by Snail #1 Green Player's Cannonball #1!
<<<17:04:34:746768>>>  Snail #2 Red Player has been hit by Snail #1 Green Player's Cannonball #1!
<<<17:04:34:763206>>>  Snail #2 Red Player has been hit by Snail #1 Green Player's Cannonball #1!
<<<17:04:34:780263>>>  Snail #2 Red Player has been hit by Snail #1 Green Player's Cannonball #1!
<<<17:04:34:797556>>>  Snail #2 Red Player has been hit by Snail #1 Green Player's Cannonball #1!
<<<17:04:34:814391>>>  Snail #2 Red Player has been hit by Snail #1 Green Player's Cannonball #1!
<<<17:04:34:830571>>>  Snail #2 Red Player has been hit by Snail #1 Green Player's Cannonball #1!
<<<17:04:34:847545>>>  Snail #2 Red Player has been hit by Snail #1 Green Player's Cannonball #1!
<<<17:04:34:864295>>>  Snail #2 Red Player has been hit by Snail #1 Green Player's Cannonball #1!
<<<17:04:34:881363>>>  Snail #2 Red Player has been hit by Snail #1 Green Player's Cannonball #1!
<<<17:04:34:898506>>>  Snail #2 Red Player has been hit by Snail #1 Green Player's Cannonball #1!
<<<17:04:34:915249>>>  Snail #2 Red Player has been hit by Snail #1 Green Player's Cannonball #1!
<<<17:04:34:932342>>>  Snail #2 Red Player has been hit by Snail #1 Green Player's Cannonball #1!
<<<17:04:34:949359>>>  Snail #2 Red Player has been hit by Snail #1 Green Player's Cannonball #1!
<<<17:04:34:966894>>>  Snail #2 Red Player has been hit by Snail #1 Green Player's Cannonball #1!
<<<17:04:34:982538>>>  Snail #2 Red Player has been hit by Snail #1 Green Player's Cannonball #1!
<<<17:04:34:998293>>>  Snail #2 Red Player has been hit by Snail #1 Green Player's Cannonball #1!
<<<17:04:35:015135>>>  Snail #2 Red Player has been hit by Snail #1 Green Player's Cannonball #1!
<<<17:04:35:032586>>>  Snail #2 Red Player has been hit by Snail #1 Green Player's Cannonball #1!
<<<17:04:35:049444>>>  Snail #2 Red Player has been hit by Snail #1 Green Player's Cannonball #1!
<<<17:04:35:066874>>>  Snail #2 Red Player has been hit by Snail #1 Green Player's Cannonball #1!
<<<17:04:35:083499>>>  Snail #2 Red Player has been hit by Snail #1 Green Player's Cannonball #1!
<<<17:04:35:101244>>>  Snail #2 Red Player has been hit by Snail #1 Green Player's Cannonball #1!
<<<17:04:35:118959>>>  Snail #2 Red Player has been hit by Snail #1 Green Player's Cannonball #1!
<<<17:04:35:134763>>>  Snail #2 Red Player has been hit by Snail #1 Green Player's Cannonball #1!
<<<17:04:35:150299>>>  Snail #1 Green Player's Cannonball #1 explosion timer has expired, marked for removal...
<<<17:04:35:661499>>>  Snail #2 Red Player had died :(
<<<17:04:35:661499>>>  Snail #2 Red Player being destroyed...
<<<17:04:35:661499>>>  Tank successfully destroyed!
<<<17:04:35:661499>>>  Successfully removed spellready icon from Snail #1 Green Player's effect list!
<<<17:04:36:738685>>>  Game over, exiting...
<<<17:04:36:738685>>>  Exiting game outside of main loop and writing log file...
