<<<17:14:50:998596>>>  Pix\Homeworlds\Terran\6.png loaded as pixie for Earth...
<<<17:14:50:998596>>>  Image at Pix\Homeworlds\Terran\6.png chosen as homeworld pix for Earth's...
<<<17:14:50:998596>>>  Pix\Moons\1.png loaded as pixie for Moon #2...
<<<17:14:51:073396>>>  Pix\Snails\Green_Snail\Spells\Spellready_Icon\spellready.png returned as pixie for Snail #1 Green Player...
<<<17:14:51:073396>>>  Pix\Magic\Scroll\scroll.png returned as pixie for Snail #1 Green Player...
<<<17:14:51:073396>>>  Snail #1 Green Player successfully created!
<<<17:14:51:144206>>>  Pix\Snails\Red_Snail\Spells\Spellready_Icon\spellready.png returned as pixie for Snail #2 Red Player...
<<<17:14:51:144206>>>  Pix\Magic\Scroll\scroll.png returned as pixie for Snail #2 Red Player...
<<<17:14:51:144206>>>  Snail #2 Red Player successfully created!
<<<17:14:51:294044>>>  Snail #1 Green Player chambered cannonball...
<<<17:14:51:294044>>>
* CURRENT VALUES FOR CELESTIAL BODY:  Snail #1 Green Player's Cannonball #1
* This is not the homeworld.
* The celestial boyd's density is 5515 kg/m^3.
* The celestial body's mass is 1000 kg.
* The Earth's mass is 5.972e+24 kg.
* The celestial body's radius is 0.001 km.
* The celestial body's coordinates are (3.9011123786838936e-13, 6371.0).
* The celestial body's velocity is (0.0005152329976152733, 5.5949830873225785).
* The celestial body's speed is 5.5949831110460675 km/s.
* The celestial body's acceleration is (0, 0).
* The celestial body's screen x and y coordinates are (768, 345).
* The celestial body's screen radius is 2.
* The celestial is using a body circle.
<<<17:14:51:294044>>>
* ADDITIONAL INFORMATION FOR Snail #1 Green Player's Cannonball #1:
* This cannonball is chambered.
<<<17:15:42:547887>>>  Snail #2 Red Player has been hit by Snail #1 Green Player's Cannonball #1!
<<<17:15:42:547887>>>  Snail #2 Red Player is dying!
<<<17:15:42:564701>>>  Snail #2 Red Player has been hit by Snail #1 Green Player's Cannonball #1!
<<<17:15:42:581276>>>  Snail #2 Red Player has been hit by Snail #1 Green Player's Cannonball #1!
<<<17:15:42:598542>>>  Snail #2 Red Player has been hit by Snail #1 Green Player's Cannonball #1!
<<<17:15:42:615305>>>  Snail #2 Red Player has been hit by Snail #1 Green Player's Cannonball #1!
<<<17:15:42:633019>>>  Snail #2 Red Player has been hit by Snail #1 Green Player's Cannonball #1!
<<<17:15:42:649427>>>  Snail #2 Red Player has been hit by Snail #1 Green Player's Cannonball #1!
<<<17:15:42:666351>>>  Snail #2 Red Player has been hit by Snail #1 Green Player's Cannonball #1!
<<<17:15:42:683272>>>  Snail #2 Red Player has been hit by Snail #1 Green Player's Cannonball #1!
<<<17:15:42:700302>>>  Snail #2 Red Player has been hit by Snail #1 Green Player's Cannonball #1!
<<<17:15:42:717543>>>  Snail #2 Red Player has been hit by Snail #1 Green Player's Cannonball #1!
<<<17:15:42:735079>>>  Snail #2 Red Player has been hit by Snail #1 Green Player's Cannonball #1!
<<<17:15:42:751476>>>  Snail #2 Red Player has been hit by Snail #1 Green Player's Cannonball #1!
<<<17:15:42:768562>>>  Snail #2 Red Player has been hit by Snail #1 Green Player's Cannonball #1!
<<<17:15:42:784648>>>  Snail #2 Red Player has been hit by Snail #1 Green Player's Cannonball #1!
<<<17:15:42:800477>>>  Snail #2 Red Player has been hit by Snail #1 Green Player's Cannonball #1!
<<<17:15:42:817102>>>  Snail #2 Red Player has been hit by Snail #1 Green Player's Cannonball #1!
<<<17:15:42:833278>>>  Snail #2 Red Player has been hit by Snail #1 Green Player's Cannonball #1!
<<<17:15:42:850757>>>  Snail #2 Red Player has been hit by Snail #1 Green Player's Cannonball #1!
<<<17:15:42:866765>>>  Snail #2 Red Player has been hit by Snail #1 Green Player's Cannonball #1!
<<<17:15:42:883601>>>  Snail #2 Red Player has been hit by Snail #1 Green Player's Cannonball #1!
<<<17:15:42:900406>>>  Snail #2 Red Player has been hit by Snail #1 Green Player's Cannonball #1!
<<<17:15:42:918070>>>  Snail #2 Red Player has been hit by Snail #1 Green Player's Cannonball #1!
<<<17:15:42:934058>>>  Snail #2 Red Player has been hit by Snail #1 Green Player's Cannonball #1!
<<<17:15:42:950360>>>  Snail #2 Red Player has been hit by Snail #1 Green Player's Cannonball #1!
<<<17:15:42:967366>>>  Snail #2 Red Player has been hit by Snail #1 Green Player's Cannonball #1!
<<<17:15:42:984814>>>  Snail #2 Red Player has been hit by Snail #1 Green Player's Cannonball #1!
<<<17:15:43:001523>>>  Snail #2 Red Player has been hit by Snail #1 Green Player's Cannonball #1!
<<<17:15:43:018825>>>  Snail #2 Red Player has been hit by Snail #1 Green Player's Cannonball #1!
<<<17:15:43:035201>>>  Snail #2 Red Player has been hit by Snail #1 Green Player's Cannonball #1!
<<<17:15:43:051481>>>  Snail #2 Red Player has been hit by Snail #1 Green Player's Cannonball #1!
<<<17:15:43:068668>>>  Snail #2 Red Player has been hit by Snail #1 Green Player's Cannonball #1!
<<<17:15:43:085859>>>  Snail #2 Red Player has been hit by Snail #1 Green Player's Cannonball #1!
<<<17:15:43:102436>>>  Snail #2 Red Player has been hit by Snail #1 Green Player's Cannonball #1!
<<<17:15:43:119181>>>  Snail #2 Red Player has been hit by Snail #1 Green Player's Cannonball #1!
<<<17:15:43:135086>>>  Snail #2 Red Player has been hit by Snail #1 Green Player's Cannonball #1!
<<<17:15:43:152205>>>  Snail #2 Red Player has been hit by Snail #1 Green Player's Cannonball #1!
<<<17:15:43:167796>>>  Snail #2 Red Player has been hit by Snail #1 Green Player's Cannonball #1!
<<<17:15:43:183601>>>  Snail #2 Red Player has been hit by Snail #1 Green Player's Cannonball #1!
<<<17:15:43:200314>>>  Snail #2 Red Player has been hit by Snail #1 Green Player's Cannonball #1!
<<<17:15:43:217530>>>  Snail #2 Red Player has been hit by Snail #1 Green Player's Cannonball #1!
<<<17:15:43:234266>>>  Snail #2 Red Player has been hit by Snail #1 Green Player's Cannonball #1!
<<<17:15:43:251926>>>  Snail #2 Red Player has been hit by Snail #1 Green Player's Cannonball #1!
<<<17:15:43:268340>>>  Snail #2 Red Player has been hit by Snail #1 Green Player's Cannonball #1!
<<<17:15:43:285960>>>  Snail #2 Red Player has been hit by Snail #1 Green Player's Cannonball #1!
<<<17:15:43:301746>>>  Snail #2 Red Player has been hit by Snail #1 Green Player's Cannonball #1!
<<<17:15:43:318004>>>  Snail #2 Red Player has been hit by Snail #1 Green Player's Cannonball #1!
<<<17:15:43:334515>>>  Snail #2 Red Player has been hit by Snail #1 Green Player's Cannonball #1!
<<<17:15:43:351111>>>  Snail #2 Red Player has been hit by Snail #1 Green Player's Cannonball #1!
<<<17:15:43:366798>>>  Snail #2 Red Player has been hit by Snail #1 Green Player's Cannonball #1!
<<<17:15:43:383020>>>  Snail #2 Red Player has been hit by Snail #1 Green Player's Cannonball #1!
<<<17:15:43:398670>>>  Snail #2 Red Player has been hit by Snail #1 Green Player's Cannonball #1!
<<<17:15:43:416359>>>  Snail #2 Red Player has been hit by Snail #1 Green Player's Cannonball #1!
<<<17:15:43:433355>>>  Snail #2 Red Player has been hit by Snail #1 Green Player's Cannonball #1!
<<<17:15:43:450418>>>  Snail #2 Red Player has been hit by Snail #1 Green Player's Cannonball #1!
<<<17:15:43:467999>>>  Snail #2 Red Player has been hit by Snail #1 Green Player's Cannonball #1!
<<<17:15:43:484108>>>  Snail #2 Red Player has been hit by Snail #1 Green Player's Cannonball #1!
<<<17:15:43:500451>>>  Snail #2 Red Player has been hit by Snail #1 Green Player's Cannonball #1!
<<<17:15:43:518144>>>  Snail #2 Red Player has been hit by Snail #1 Green Player's Cannonball #1!
<<<17:15:43:534684>>>  Snail #2 Red Player has been hit by Snail #1 Green Player's Cannonball #1!
<<<17:15:43:550673>>>  Snail #2 Red Player has been hit by Snail #1 Green Player's Cannonball #1!
<<<17:15:43:567837>>>  Snail #2 Red Player has been hit by Snail #1 Green Player's Cannonball #1!
<<<17:15:43:584580>>>  Snail #2 Red Player has been hit by Snail #1 Green Player's Cannonball #1!
<<<17:15:43:602120>>>  Snail #2 Red Player has been hit by Snail #1 Green Player's Cannonball #1!
<<<17:15:43:618463>>>  Snail #2 Red Player has been hit by Snail #1 Green Player's Cannonball #1!
<<<17:15:43:635095>>>  Snail #2 Red Player has been hit by Snail #1 Green Player's Cannonball #1!
<<<17:15:43:650930>>>  Snail #2 Red Player has been hit by Snail #1 Green Player's Cannonball #1!
<<<17:15:43:666674>>>  Snail #2 Red Player has been hit by Snail #1 Green Player's Cannonball #1!
<<<17:15:43:682731>>>  Snail #2 Red Player has been hit by Snail #1 Green Player's Cannonball #1!
<<<17:15:43:698792>>>  Snail #2 Red Player has been hit by Snail #1 Green Player's Cannonball #1!
<<<17:15:43:715197>>>  Snail #2 Red Player has been hit by Snail #1 Green Player's Cannonball #1!
<<<17:15:43:731738>>>  Snail #2 Red Player has been hit by Snail #1 Green Player's Cannonball #1!
<<<17:15:43:731738>>>  Snail #2 Red Player had died :(
<<<17:15:43:731738>>>  Snail #2 Red Player being destroyed...
<<<17:15:43:731738>>>  Tank successfully destroyed!
<<<17:15:43:781708>>>
* INFORMATION FOR Snail #1 Green Player's CANNONBALLS:
* Cannonballs in memory for Snail #1 Green Player:  1.
* Total cannonballs fired or chambered for Snail #1 Green Player:  1.
<<<17:15:43:781708>>>
* CURRENT VALUES FOR CELESTIAL BODY:  Snail #1 Green Player's Cannonball #1
* This is not the homeworld.
* The celestial boyd's density is 5515 kg/m^3.
* The celestial body's mass is 1000 kg.
* The Earth's mass is 5.972e+24 kg.
* The celestial body's radius is 716.7286691725253 km.
* The celestial body's coordinates are (-177.46490273331582, -6368.5278682202415).
* The celestial body's velocity is (8.192020315222434, 15.586875315392541).
* The celestial body's speed is 17.60851722725711 km/s.
* The celestial body's acceleration is (0.0002826071020155686, 0.009821670486544863).
* The celestial body's screen x and y coordinates are (765, 518).
* The celestial body's screen radius is 9.
* The celestial is using a body circle.
<<<17:15:43:781708>>>
* ADDITIONAL INFORMATION FOR Snail #1 Green Player's Cannonball #1:
* This cannonball is active.
* This cannonball is exploding!
<<<17:15:43:781708>>>  Quit through pygame and writing log file...
