<<<15:16:59:457887>>>
* Screen coordinates (432, 40) choosen in zone #2.
* Screen dimensions are 1600 wide by 900 high.
* Minimum (x, y) are (266, 0).
* Maximum (x, y) are (1333, 150).
* Mid (x, y) are (799, 75).
<<<15:16:59:457887>>>  Image at Pix\Faraway_Objects\Quasars\3.png choosen for background...
<<<15:16:59:466242>>>
* Screen coordinates (1486, 78) choosen in zone #3.
* Screen dimensions are 1600 wide by 900 high.
* Minimum (x, y) are (1333, 0).
* Maximum (x, y) are (1600, 150).
* Mid (x, y) are (1466, 75).
<<<15:16:59:466242>>>  Image at Pix\Faraway_Objects\Suns\11.png choosen for background...
<<<15:16:59:470230>>>  Pix\Homeworlds\Ice\3.png loaded as pixie for Earth...
<<<15:16:59:470230>>>  Image at Pix\Homeworlds\Ice\3.png chosen as homeworld pix for Earth's...
<<<15:16:59:470230>>>  Pix\Moons\15.png loaded as pixie for Moon #2...
<<<15:16:59:512469>>>  Pix\Snails\Green_Snail\Spells\Spellready_Icon\spellready.png returned as pixie for Tank #1 Green Player Tank...
<<<15:16:59:512469>>>  Tank #1 Green Player Tank successfully created!
<<<15:16:59:555169>>>  Pix\Snails\Red_Snail\Spells\Spellready_Icon\spellready.png returned as pixie for Tank #2 Red AI Tank...
<<<15:16:59:556166>>>  Tank #2 Red AI Tank successfully created!
<<<15:16:59:597798>>>  Pix\Snails\Yellow_Snail\Spells\Spellready_Icon\spellready.png returned as pixie for Tank #3 Yellow AI Tank...
<<<15:16:59:597798>>>  Tank #3 Yellow AI Tank successfully created!
<<<15:16:59:603238>>>  Tank #2 Red AI Tank chose to shoot...
<<<15:16:59:603238>>>
* *** Tank #3 Yellow AI Tank USING CLEAR SKIES FUNCTION ***
* Moon #2 at (11209.825282974929, 6057.6065051376745), angle 0.495430264515603 rads.
* Tank #3 Yellow AI Tank at (5517.447847510657, -3185.5000000000027), angle 5.759586531581287.
* Angle Between is 1.0190290401139022 rads.
* The skies are NOT clear, Tank #3 Yellow AI Tank shouldn't use Gravity...
<<<15:16:59:616362>>>  Tank #2 Red AI Tank is checking targeting info...
<<<15:16:59:616362>>>  Tank #2 Red AI Tank Launch angle not within tolerances, adjusting firing solution...
<<<15:16:59:616362>>>  Tank #2 Red AI Tank Launch speed not within tolerances, adjusting firing solution...
<<<15:16:59:616362>>>  Tank #2 Red AI Tank adjusted targeting angle one unit CCW...
<<<15:16:59:616362>>>
* *** Tank #3 Yellow AI Tank USING CLEAR SKIES FUNCTION ***
* Moon #2 at (11185.555670493593, 6101.893555293005), angle 0.49939366793208567 rads.
* Tank #3 Yellow AI Tank at (5517.447847510657, -3185.5000000000027), angle 5.759586531581287.
* Angle Between is 1.0229924435303852 rads.
* The skies are NOT clear, Tank #3 Yellow AI Tank shouldn't use Gravity...
<<<15:16:59:633283>>>  Tank #2 Red AI Tank is checking targeting info...
<<<15:16:59:633283>>>  Tank #2 Red AI Tank Launch angle not within tolerances, adjusting firing solution...
<<<15:16:59:633283>>>  Tank #2 Red AI Tank Launch speed not within tolerances, adjusting firing solution...
<<<15:16:59:633283>>>  Tank #2 Red AI Tank adjusted targeting angle one unit CCW...
<<<15:16:59:633283>>>  Tank #3 Yellow AI Tank chose to move to 0.0015, cururently at 5.7596.
<<<15:16:59:633283>>>  Tank #3 Yellow AI Tank moved one unit CCW...
<<<15:16:59:633283>>>  Tank #3 Yellow AI Tank chose to move...
<<<15:16:59:649989>>>  Tank #2 Red AI Tank is checking targeting info...
<<<15:16:59:649989>>>  Tank #2 Red AI Tank Launch angle not within tolerances, adjusting firing solution...
<<<15:16:59:649989>>>  Tank #2 Red AI Tank Launch speed not within tolerances, adjusting firing solution...
<<<15:16:59:649989>>>  Tank #2 Red AI Tank adjusted targeting angle one unit CCW...
<<<15:16:59:649989>>>  Tank #3 Yellow AI Tank moved one unit CCW...
<<<15:16:59:666661>>>  Tank #2 Red AI Tank is checking targeting info...
<<<15:16:59:666661>>>  Tank #2 Red AI Tank Launch angle not within tolerances, adjusting firing solution...
<<<15:16:59:666661>>>  Tank #2 Red AI Tank Launch speed not within tolerances, adjusting firing solution...
<<<15:16:59:666661>>>  Tank #2 Red AI Tank adjusted targeting angle one unit CCW...
<<<15:16:59:666661>>>  Tank #3 Yellow AI Tank moved one unit CCW...
<<<15:16:59:682305>>>  Tank #2 Red AI Tank is checking targeting info...
<<<15:16:59:682305>>>  Tank #2 Red AI Tank Launch angle not within tolerances, adjusting firing solution...
<<<15:16:59:682305>>>  Tank #2 Red AI Tank Launch speed not within tolerances, adjusting firing solution...
<<<15:16:59:682305>>>  Tank #2 Red AI Tank adjusted targeting angle one unit CCW...
<<<15:16:59:682305>>>  Tank #3 Yellow AI Tank moved one unit CCW...
<<<15:16:59:699096>>>  Tank #2 Red AI Tank is checking targeting info...
<<<15:16:59:699096>>>  Tank #2 Red AI Tank Launch angle not within tolerances, adjusting firing solution...
<<<15:16:59:699096>>>  Tank #2 Red AI Tank Launch speed not within tolerances, adjusting firing solution...
<<<15:16:59:699096>>>  Tank #2 Red AI Tank adjusted targeting angle one unit CCW...
<<<15:16:59:699096>>>  Tank #3 Yellow AI Tank moved one unit CCW...
<<<15:16:59:716443>>>  Tank #2 Red AI Tank is checking targeting info...
<<<15:16:59:716443>>>  Tank #2 Red AI Tank Launch angle not within tolerances, adjusting firing solution...
<<<15:16:59:716443>>>  Tank #2 Red AI Tank Launch speed not within tolerances, adjusting firing solution...
<<<15:16:59:716443>>>  Tank #2 Red AI Tank adjusted targeting angle one unit CCW...
<<<15:16:59:716443>>>  Tank #3 Yellow AI Tank moved one unit CCW...
<<<15:16:59:733043>>>  Tank #2 Red AI Tank is checking targeting info...
<<<15:16:59:733043>>>  Tank #2 Red AI Tank Launch angle not within tolerances, adjusting firing solution...
<<<15:16:59:733043>>>  Tank #2 Red AI Tank Launch speed not within tolerances, adjusting firing solution...
<<<15:16:59:733043>>>  Tank #2 Red AI Tank adjusted targeting angle one unit CCW...
<<<15:16:59:733043>>>  Tank #3 Yellow AI Tank moved one unit CCW...
<<<15:16:59:749973>>>  Tank #2 Red AI Tank is checking targeting info...
<<<15:16:59:749973>>>  Tank #2 Red AI Tank Launch angle not within tolerances, adjusting firing solution...
<<<15:16:59:749973>>>  Tank #2 Red AI Tank Launch speed not within tolerances, adjusting firing solution...
<<<15:16:59:749973>>>  Tank #2 Red AI Tank adjusted targeting angle one unit CCW...
<<<15:16:59:749973>>>  Tank #3 Yellow AI Tank moved one unit CCW...
<<<15:16:59:765363>>>  Tank #2 Red AI Tank is checking targeting info...
<<<15:16:59:765363>>>  Tank #2 Red AI Tank Launch angle not within tolerances, adjusting firing solution...
<<<15:16:59:765363>>>  Tank #2 Red AI Tank Launch speed not within tolerances, adjusting firing solution...
<<<15:16:59:765363>>>  Tank #2 Red AI Tank adjusted targeting angle one unit CCW...
<<<15:16:59:765363>>>  Tank #3 Yellow AI Tank moved one unit CCW...
<<<15:16:59:781702>>>  Tank #2 Red AI Tank is checking targeting info...
<<<15:16:59:781702>>>  Tank #2 Red AI Tank Launch angle not within tolerances, adjusting firing solution...
<<<15:16:59:781702>>>  Tank #2 Red AI Tank Launch speed not within tolerances, adjusting firing solution...
<<<15:16:59:781702>>>  Tank #2 Red AI Tank adjusted targeting angle one unit CCW...
<<<15:16:59:781702>>>  Tank #3 Yellow AI Tank moved one unit CCW...
<<<15:16:59:797317>>>  Tank #2 Red AI Tank is checking targeting info...
<<<15:16:59:797317>>>  Tank #2 Red AI Tank Launch angle not within tolerances, adjusting firing solution...
<<<15:16:59:797317>>>  Tank #2 Red AI Tank Launch speed not within tolerances, adjusting firing solution...
<<<15:16:59:797317>>>  Tank #2 Red AI Tank adjusted targeting angle one unit CCW...
<<<15:16:59:797317>>>  Tank #3 Yellow AI Tank moved one unit CCW...
<<<15:16:59:814082>>>  Tank #2 Red AI Tank is checking targeting info...
<<<15:16:59:814082>>>  Tank #2 Red AI Tank Launch angle not within tolerances, adjusting firing solution...
<<<15:16:59:814082>>>  Tank #2 Red AI Tank Launch speed not within tolerances, adjusting firing solution...
<<<15:16:59:814082>>>  Tank #2 Red AI Tank adjusted targeting angle one unit CCW...
<<<15:16:59:814082>>>  Tank #3 Yellow AI Tank moved one unit CCW...
<<<15:16:59:830574>>>  Tank #2 Red AI Tank is checking targeting info...
<<<15:16:59:830574>>>  Tank #2 Red AI Tank Launch angle not within tolerances, adjusting firing solution...
<<<15:16:59:830574>>>  Tank #2 Red AI Tank Launch speed not within tolerances, adjusting firing solution...
<<<15:16:59:830574>>>  Tank #2 Red AI Tank adjusted targeting angle one unit CCW...
<<<15:16:59:830574>>>  Tank #3 Yellow AI Tank moved one unit CCW...
<<<15:16:59:847183>>>  Tank #2 Red AI Tank is checking targeting info...
<<<15:16:59:847183>>>  Tank #2 Red AI Tank Launch angle not within tolerances, adjusting firing solution...
<<<15:16:59:847183>>>  Tank #2 Red AI Tank Launch speed not within tolerances, adjusting firing solution...
<<<15:16:59:847183>>>  Tank #2 Red AI Tank adjusted targeting angle one unit CCW...
<<<15:16:59:847183>>>  Tank #3 Yellow AI Tank moved one unit CCW...
<<<15:16:59:864145>>>  Tank #2 Red AI Tank is checking targeting info...
<<<15:16:59:864145>>>  Tank #2 Red AI Tank Launch angle not within tolerances, adjusting firing solution...
<<<15:16:59:864145>>>  Tank #2 Red AI Tank Launch speed not within tolerances, adjusting firing solution...
<<<15:16:59:864145>>>  Tank #2 Red AI Tank adjusted targeting angle one unit CCW...
<<<15:16:59:864145>>>  Tank #3 Yellow AI Tank moved one unit CCW...
<<<15:16:59:881484>>>  Tank #2 Red AI Tank is checking targeting info...
<<<15:16:59:881484>>>  Tank #2 Red AI Tank Launch angle not within tolerances, adjusting firing solution...
<<<15:16:59:881484>>>  Tank #2 Red AI Tank Launch speed not within tolerances, adjusting firing solution...
<<<15:16:59:881484>>>  Tank #2 Red AI Tank adjusted targeting angle one unit CCW...
<<<15:16:59:881484>>>  Tank #3 Yellow AI Tank moved one unit CCW...
<<<15:16:59:899456>>>  Successfully removed spellready icon from Tank #1 Green Player Tank's effect list!
<<<15:16:59:899456>>>  Tank #2 Red AI Tank is checking targeting info...
<<<15:16:59:899456>>>  Tank #2 Red AI Tank Launch angle not within tolerances, adjusting firing solution...
<<<15:16:59:899456>>>  Tank #2 Red AI Tank Launch speed not within tolerances, adjusting firing solution...
<<<15:16:59:899456>>>  Tank #2 Red AI Tank adjusted targeting angle one unit CCW...
<<<15:16:59:899456>>>  Tank #3 Yellow AI Tank moved one unit CCW...
<<<15:16:59:915547>>>  Tank #2 Red AI Tank is checking targeting info...
<<<15:16:59:915547>>>  Tank #2 Red AI Tank Launch angle not within tolerances, adjusting firing solution...
<<<15:16:59:915547>>>  Tank #2 Red AI Tank Launch speed not within tolerances, adjusting firing solution...
<<<15:16:59:915547>>>  Tank #2 Red AI Tank adjusted targeting angle one unit CCW...
<<<15:16:59:915547>>>  Tank #3 Yellow AI Tank moved one unit CCW...
<<<15:16:59:931573>>>  Tank #2 Red AI Tank is checking targeting info...
<<<15:16:59:931573>>>  Tank #2 Red AI Tank Launch angle not within tolerances, adjusting firing solution...
<<<15:16:59:931573>>>  Tank #2 Red AI Tank Launch speed not within tolerances, adjusting firing solution...
<<<15:16:59:931573>>>  Tank #2 Red AI Tank adjusted targeting angle one unit CCW...
<<<15:16:59:931573>>>  Tank #3 Yellow AI Tank moved one unit CCW...
<<<15:16:59:947787>>>  Tank #2 Red AI Tank is checking targeting info...
<<<15:16:59:947787>>>  Tank #2 Red AI Tank Launch angle not within tolerances, adjusting firing solution...
<<<15:16:59:947787>>>  Tank #2 Red AI Tank Launch speed not within tolerances, adjusting firing solution...
<<<15:16:59:947787>>>  Tank #2 Red AI Tank adjusted targeting angle one unit CCW...
<<<15:16:59:947787>>>  Tank #3 Yellow AI Tank moved one unit CCW...
<<<15:16:59:964208>>>  Tank #2 Red AI Tank is checking targeting info...
<<<15:16:59:964208>>>  Tank #2 Red AI Tank Launch angle not within tolerances, adjusting firing solution...
<<<15:16:59:964208>>>  Tank #2 Red AI Tank Launch speed not within tolerances, adjusting firing solution...
<<<15:16:59:964208>>>  Tank #2 Red AI Tank adjusted targeting angle one unit CCW...
<<<15:16:59:964208>>>  Tank #3 Yellow AI Tank moved one unit CCW...
<<<15:16:59:981112>>>  Tank #2 Red AI Tank is checking targeting info...
<<<15:16:59:981112>>>  Tank #2 Red AI Tank Launch angle not within tolerances, adjusting firing solution...
<<<15:16:59:981112>>>  Tank #2 Red AI Tank Launch speed not within tolerances, adjusting firing solution...
<<<15:16:59:981112>>>  Tank #2 Red AI Tank adjusted targeting angle one unit CCW...
<<<15:16:59:981112>>>  Tank #3 Yellow AI Tank moved one unit CCW...
<<<15:16:59:997500>>>  Tank #2 Red AI Tank is checking targeting info...
<<<15:16:59:997500>>>  Tank #2 Red AI Tank Launch angle not within tolerances, adjusting firing solution...
<<<15:16:59:997500>>>  Tank #2 Red AI Tank Launch speed not within tolerances, adjusting firing solution...
<<<15:16:59:997500>>>  Tank #2 Red AI Tank adjusted targeting angle one unit CCW...
<<<15:16:59:997500>>>  Tank #3 Yellow AI Tank moved one unit CCW...
<<<15:17:00:013627>>>  Tank #2 Red AI Tank is checking targeting info...
<<<15:17:00:013627>>>  Tank #2 Red AI Tank Launch angle not within tolerances, adjusting firing solution...
<<<15:17:00:013627>>>  Tank #2 Red AI Tank Launch speed not within tolerances, adjusting firing solution...
<<<15:17:00:013627>>>  Tank #2 Red AI Tank adjusted targeting angle one unit CCW...
<<<15:17:00:013627>>>  Tank #3 Yellow AI Tank moved one unit CCW...
<<<15:17:00:030278>>>  Tank #2 Red AI Tank is checking targeting info...
<<<15:17:00:030278>>>  Tank #2 Red AI Tank Launch angle not within tolerances, adjusting firing solution...
<<<15:17:00:030278>>>  Tank #2 Red AI Tank Launch speed not within tolerances, adjusting firing solution...
<<<15:17:00:030278>>>  Tank #2 Red AI Tank adjusted targeting angle one unit CCW...
<<<15:17:00:030278>>>  Tank #3 Yellow AI Tank moved one unit CCW...
<<<15:17:00:047393>>>  Tank #2 Red AI Tank is checking targeting info...
<<<15:17:00:047393>>>  Tank #2 Red AI Tank Launch angle not within tolerances, adjusting firing solution...
<<<15:17:00:047393>>>  Tank #2 Red AI Tank Launch speed not within tolerances, adjusting firing solution...
<<<15:17:00:047393>>>  Tank #2 Red AI Tank adjusted targeting angle one unit CCW...
<<<15:17:00:047393>>>  Tank #3 Yellow AI Tank moved one unit CCW...
<<<15:17:00:063535>>>  Tank #2 Red AI Tank is checking targeting info...
<<<15:17:00:063535>>>  Tank #2 Red AI Tank Launch angle not within tolerances, adjusting firing solution...
<<<15:17:00:063535>>>  Tank #2 Red AI Tank Launch speed not within tolerances, adjusting firing solution...
<<<15:17:00:063535>>>  Tank #2 Red AI Tank adjusted targeting angle one unit CCW...
<<<15:17:00:063535>>>  Tank #3 Yellow AI Tank moved one unit CCW...
<<<15:17:00:079845>>>  Tank #2 Red AI Tank is checking targeting info...
<<<15:17:00:079845>>>  Tank #2 Red AI Tank Launch angle not within tolerances, adjusting firing solution...
<<<15:17:00:079845>>>  Tank #2 Red AI Tank Launch speed not within tolerances, adjusting firing solution...
<<<15:17:00:079845>>>  Tank #2 Red AI Tank adjusted targeting angle one unit CCW...
<<<15:17:00:079845>>>  Tank #3 Yellow AI Tank moved one unit CCW...
<<<15:17:00:095545>>>  Tank #2 Red AI Tank is checking targeting info...
<<<15:17:00:095545>>>  Tank #2 Red AI Tank Launch angle not within tolerances, adjusting firing solution...
<<<15:17:00:095545>>>  Tank #2 Red AI Tank Launch speed not within tolerances, adjusting firing solution...
<<<15:17:00:095545>>>  Tank #2 Red AI Tank adjusted targeting angle one unit CCW...
<<<15:17:00:095545>>>  Tank #3 Yellow AI Tank moved one unit CCW...
<<<15:17:00:113178>>>  Tank #2 Red AI Tank is checking targeting info...
<<<15:17:00:113178>>>  Tank #2 Red AI Tank Launch angle not within tolerances, adjusting firing solution...
<<<15:17:00:113178>>>  Tank #2 Red AI Tank Launch speed not within tolerances, adjusting firing solution...
<<<15:17:00:113178>>>  Tank #2 Red AI Tank adjusted targeting angle one unit CCW...
<<<15:17:00:113178>>>  Tank #3 Yellow AI Tank moved one unit CCW...
<<<15:17:00:130159>>>  Tank #2 Red AI Tank is checking targeting info...
<<<15:17:00:130159>>>  Tank #2 Red AI Tank Launch angle not within tolerances, adjusting firing solution...
<<<15:17:00:130159>>>  Tank #2 Red AI Tank Launch speed not within tolerances, adjusting firing solution...
<<<15:17:00:130159>>>  Tank #2 Red AI Tank adjusted targeting angle one unit CCW...
<<<15:17:00:146441>>>  Tank #2 Red AI Tank is checking targeting info...
<<<15:17:00:146441>>>  Tank #2 Red AI Tank Launch angle not within tolerances, adjusting firing solution...
<<<15:17:00:146441>>>  Tank #2 Red AI Tank Launch speed not within tolerances, adjusting firing solution...
<<<15:17:00:146441>>>  Tank #2 Red AI Tank adjusted targeting angle one unit CCW...
<<<15:17:00:146441>>>  Successfully removed spellready icon from Tank #3 Yellow AI Tank's effect list!
<<<15:17:03:154172>>>  Successfully removed spellbook from Tank #3 Yellow AI Tank's effect list!
<<<15:17:03:154172>>>  Tank #3 Yellow AI Tank chose to move to 1.0584, cururently at 6.2832.
<<<15:17:03:154172>>>  Tank #3 Yellow AI Tank moved one unit CCW...
<<<15:17:03:154172>>>  Tank #3 Yellow AI Tank chose to move...
<<<15:17:03:154172>>>  Tank #3 Yellow AI Tank chose to shoot...
<<<15:17:03:154172>>>  Tank #2 Red AI Tank is checking targeting info...
<<<15:17:03:154172>>>  Tank #2 Red AI Tank Launch angle not within tolerances, adjusting firing solution...
<<<15:17:03:154172>>>  Tank #2 Red AI Tank Launch speed not within tolerances, adjusting firing solution...
<<<15:17:03:154172>>>  Tank #2 Red AI Tank adjusted targeting angle one unit CCW...
<<<15:17:03:154172>>>  Tank #3 Yellow AI Tank is checking targeting info...
<<<15:17:03:154172>>>  Tank #3 Yellow AI Tank Launch angle not within tolerances, adjusting firing solution...
<<<15:17:03:154172>>>  Tank #3 Yellow AI Tank Launch speed not within tolerances, adjusting firing solution...
<<<15:17:03:154172>>>  Tank #3 Yellow AI Tank adjusted targeting angle one unit CCW...
<<<15:17:03:170055>>>  Tank #2 Red AI Tank is checking targeting info...
<<<15:17:03:170055>>>  Tank #2 Red AI Tank Launch angle not within tolerances, adjusting firing solution...
<<<15:17:03:170055>>>  Tank #2 Red AI Tank Launch speed not within tolerances, adjusting firing solution...
<<<15:17:03:170055>>>  Tank #2 Red AI Tank adjusted targeting angle one unit CCW...
<<<15:17:03:170055>>>  Tank #3 Yellow AI Tank is checking targeting info...
<<<15:17:03:170055>>>  Tank #3 Yellow AI Tank Launch angle not within tolerances, adjusting firing solution...
<<<15:17:03:170055>>>  Tank #3 Yellow AI Tank Launch speed not within tolerances, adjusting firing solution...
<<<15:17:03:170055>>>  Tank #3 Yellow AI Tank adjusted targeting angle one unit CCW...
<<<15:17:03:186216>>>  Tank #2 Red AI Tank is checking targeting info...
<<<15:17:03:186216>>>  Tank #2 Red AI Tank Launch angle not within tolerances, adjusting firing solution...
<<<15:17:03:186216>>>  Tank #2 Red AI Tank Launch speed not within tolerances, adjusting firing solution...
<<<15:17:03:186216>>>  Tank #2 Red AI Tank adjusted targeting angle one unit CCW...
<<<15:17:03:186216>>>  Tank #3 Yellow AI Tank is checking targeting info...
<<<15:17:03:186216>>>  Tank #3 Yellow AI Tank Launch angle not within tolerances, adjusting firing solution...
<<<15:17:03:186216>>>  Tank #3 Yellow AI Tank Launch speed not within tolerances, adjusting firing solution...
<<<15:17:03:186216>>>  Tank #3 Yellow AI Tank adjusted targeting angle one unit CCW...
<<<15:17:03:204517>>>
* INFORMATION FOR Tank #1 Green Player Tank's CANNONBALLS:
* Cannonballs in memory for Tank #1 Green Player Tank:  0.
* Total cannonballs fired or chambered for Tank #1 Green Player Tank:  0.
<<<15:17:03:204517>>>
* INFORMATION FOR Tank #2 Red AI Tank's CANNONBALLS:
* Cannonballs in memory for Tank #2 Red AI Tank:  1.
* Total cannonballs fired or chambered for Tank #2 Red AI Tank:  1.
<<<15:17:03:204517>>>
* CURRENT VALUES FOR CELESTIAL BODY:  Tank #2 Red AI Tank's Cannonball #1
* This is not the homeworld.
* The celestial boyd's density is 5515 kg/m^3.
* The celestial body's mass is 1000 kg.
* The Earth's mass is 5.972e+24 kg.
* The celestial body's radius is 0.001 km.
* The celestial body's coordinates are (-5569.310775311494, -3238.2082567905222).
* The celestial body's velocity is (-4.844060691607294, -2.796730927064294).
* The celestial body's speed is 5.593445079946065 km/s.
* The celestial body's acceleration is (0, 0).
* The celestial body's screen x and y coordinates are (721, 495).
* The celestial body's screen radius is 2.
* The celestial is using a body circle.
<<<15:17:03:205515>>>
* ADDITIONAL INFORMATION FOR Tank #2 Red AI Tank's Cannonball #1:
* This cannonball is chambered.
<<<15:17:03:205515>>>
* INFORMATION FOR Tank #3 Yellow AI Tank's CANNONBALLS:
* Cannonballs in memory for Tank #3 Yellow AI Tank:  1.
* Total cannonballs fired or chambered for Tank #3 Yellow AI Tank:  1.
<<<15:17:03:205515>>>
* CURRENT VALUES FOR CELESTIAL BODY:  Tank #3 Yellow AI Tank's Cannonball #1
* This is not the homeworld.
* The celestial boyd's density is 5515 kg/m^3.
* The celestial body's mass is 1000 kg.
* The Earth's mass is 5.972e+24 kg.
* The celestial body's radius is 0.001 km.
* The celestial body's coordinates are (6368.8482554527845, 109.52901133118051).
* The celestial body's velocity is (5.63215940523522, 0.15224992800232445).
* The celestial body's speed is 5.634216858318133 km/s.
* The celestial body's acceleration is (0, 0).
* The celestial body's screen x and y coordinates are (889, 448).
* The celestial body's screen radius is 2.
* The celestial is using a body circle.
<<<15:17:03:205515>>>
* ADDITIONAL INFORMATION FOR Tank #3 Yellow AI Tank's Cannonball #1:
* This cannonball is chambered.
<<<15:17:03:205515>>>  Quit through pygame and writing log file...
