<<<15:31:44:160779>>>  Pix\Homeworlds\Tundra\1.png loaded as pixie for Earth...
<<<15:31:44:160779>>>  Image at Pix\Homeworlds\Tundra\1.png chosen as homeworld pix for Earth's...
<<<15:31:44:160779>>>  Pix\Moons\6.png loaded as pixie for Moon #2...
<<<15:31:44:201384>>>  Pix\Snails\Green_Snail\Spells\Spellready_Icon\spellready.png returned as pixie for Tank #1 Green Player Tank...
<<<15:31:44:201384>>>  Tank #1 Green Player Tank successfully created!
<<<15:31:44:241930>>>  Pix\Snails\Red_Snail\Spells\Spellready_Icon\spellready.png returned as pixie for Tank #2 Red AI Tank...
<<<15:31:44:241930>>>  Tank #2 Red AI Tank successfully created!
<<<15:31:44:282680>>>  Pix\Snails\Yellow_Snail\Spells\Spellready_Icon\spellready.png returned as pixie for Tank #3 Yellow AI Tank...
<<<15:31:44:283677>>>  Tank #3 Yellow AI Tank successfully created!
<<<15:31:44:284674>>>  Tank #2 Red AI Tank chose to move to 2.7065, cururently at 3.6652.
<<<15:31:44:284674>>>  Tank #2 Red AI Tank moved one unit CW...
<<<15:31:44:284674>>>  Tank #2 Red AI Tank chose to move...
<<<15:31:44:284674>>>
* *** Tank #3 Yellow AI Tank USING CLEAR SKIES FUNCTION ***
* Moon #2 at (9740.456248447686, -8214.517120195604), angle -0.7006149063328847 rads.
* Tank #3 Yellow AI Tank at (5517.447847510657, -3185.5000000000027), angle 5.759586531581287.
* Angle Between is 0.17701613073458589 rads.
* The skies are NOT clear, Tank #3 Yellow AI Tank shouldn't use Gravity...
<<<15:31:44:300732>>>  Tank #2 Red AI Tank moved one unit CW...
<<<15:31:44:300732>>>  Tank #3 Yellow AI Tank chose to shoot...
<<<15:31:44:317679>>>  Tank #2 Red AI Tank moved one unit CW...
<<<15:31:44:317679>>>  Tank #3 Yellow AI Tank is checking targeting info...
<<<15:31:44:317679>>>  Tank #3 Yellow AI Tank Launch angle not within tolerances, adjusting firing solution...
<<<15:31:44:317679>>>  Tank #3 Yellow AI Tank Launch speed not within tolerances, adjusting firing solution...
<<<15:31:44:317679>>>  Tank #3 Yellow AI Tank adjusted targeting angle one unit CW...
<<<15:31:44:334424>>>  Tank #2 Red AI Tank moved one unit CW...
<<<15:31:44:334424>>>  Tank #3 Yellow AI Tank is checking targeting info...
<<<15:31:44:334424>>>  Tank #3 Yellow AI Tank Launch angle not within tolerances, adjusting firing solution...
<<<15:31:44:334424>>>  Tank #3 Yellow AI Tank Launch speed not within tolerances, adjusting firing solution...
<<<15:31:44:334424>>>  Tank #3 Yellow AI Tank adjusted targeting angle one unit CW...
<<<15:31:44:351729>>>  Tank #2 Red AI Tank moved one unit CW...
<<<15:31:44:351729>>>  Tank #3 Yellow AI Tank is checking targeting info...
<<<15:31:44:351729>>>  Tank #3 Yellow AI Tank Launch angle not within tolerances, adjusting firing solution...
<<<15:31:44:351729>>>  Tank #3 Yellow AI Tank Launch speed not within tolerances, adjusting firing solution...
<<<15:31:44:351729>>>  Tank #3 Yellow AI Tank adjusted targeting angle one unit CW...
<<<15:31:44:367849>>>  Tank #2 Red AI Tank moved one unit CW...
<<<15:31:44:367849>>>  Tank #3 Yellow AI Tank is checking targeting info...
<<<15:31:44:367849>>>  Tank #3 Yellow AI Tank Launch angle not within tolerances, adjusting firing solution...
<<<15:31:44:367849>>>  Tank #3 Yellow AI Tank Launch speed not within tolerances, adjusting firing solution...
<<<15:31:44:367849>>>  Tank #3 Yellow AI Tank adjusted targeting angle one unit CW...
<<<15:31:44:385259>>>  Tank #2 Red AI Tank moved one unit CW...
<<<15:31:44:385259>>>  Tank #3 Yellow AI Tank is checking targeting info...
<<<15:31:44:385524>>>  Tank #3 Yellow AI Tank Launch angle not within tolerances, adjusting firing solution...
<<<15:31:44:385524>>>  Tank #3 Yellow AI Tank Launch speed not within tolerances, adjusting firing solution...
<<<15:31:44:385524>>>  Tank #3 Yellow AI Tank adjusted targeting angle one unit CW...
<<<15:31:44:401556>>>  Tank #2 Red AI Tank moved one unit CW...
<<<15:31:44:401556>>>  Tank #3 Yellow AI Tank is checking targeting info...
<<<15:31:44:401556>>>  Tank #3 Yellow AI Tank Launch angle not within tolerances, adjusting firing solution...
<<<15:31:44:401556>>>  Tank #3 Yellow AI Tank Launch speed not within tolerances, adjusting firing solution...
<<<15:31:44:401556>>>  Tank #3 Yellow AI Tank adjusted targeting angle one unit CW...
<<<15:31:44:418516>>>  Tank #2 Red AI Tank moved one unit CW...
<<<15:31:44:418516>>>  Tank #3 Yellow AI Tank is checking targeting info...
<<<15:31:44:418516>>>  Tank #3 Yellow AI Tank Launch angle not within tolerances, adjusting firing solution...
<<<15:31:44:418516>>>  Tank #3 Yellow AI Tank Launch speed not within tolerances, adjusting firing solution...
<<<15:31:44:418516>>>  Tank #3 Yellow AI Tank adjusted targeting angle one unit CW...
<<<15:31:44:435132>>>  Tank #2 Red AI Tank moved one unit CW...
<<<15:31:44:435132>>>  Tank #3 Yellow AI Tank is checking targeting info...
<<<15:31:44:435132>>>  Tank #3 Yellow AI Tank Launch angle not within tolerances, adjusting firing solution...
<<<15:31:44:435132>>>  Tank #3 Yellow AI Tank Launch speed not within tolerances, adjusting firing solution...
<<<15:31:44:435132>>>  Tank #3 Yellow AI Tank adjusted targeting angle one unit CW...
<<<15:31:44:451890>>>  Tank #2 Red AI Tank moved one unit CW...
<<<15:31:44:451890>>>  Tank #3 Yellow AI Tank is checking targeting info...
<<<15:31:44:451890>>>  Tank #3 Yellow AI Tank Launch angle not within tolerances, adjusting firing solution...
<<<15:31:44:451890>>>  Tank #3 Yellow AI Tank Launch speed not within tolerances, adjusting firing solution...
<<<15:31:44:451890>>>  Tank #3 Yellow AI Tank adjusted targeting angle one unit CW...
<<<15:31:44:468323>>>  Tank #2 Red AI Tank moved one unit CW...
<<<15:31:44:468323>>>  Tank #3 Yellow AI Tank is checking targeting info...
<<<15:31:44:468323>>>  Tank #3 Yellow AI Tank Launch angle not within tolerances, adjusting firing solution...
<<<15:31:44:468323>>>  Tank #3 Yellow AI Tank Launch speed not within tolerances, adjusting firing solution...
<<<15:31:44:468323>>>  Tank #3 Yellow AI Tank adjusted targeting angle one unit CW...
<<<15:31:44:485967>>>  Tank #2 Red AI Tank moved one unit CW...
<<<15:31:44:485967>>>  Tank #3 Yellow AI Tank is checking targeting info...
<<<15:31:44:485967>>>  Tank #3 Yellow AI Tank Launch angle not within tolerances, adjusting firing solution...
<<<15:31:44:485967>>>  Tank #3 Yellow AI Tank Launch speed not within tolerances, adjusting firing solution...
<<<15:31:44:485967>>>  Tank #3 Yellow AI Tank adjusted targeting angle one unit CW...
<<<15:31:44:502041>>>  Tank #2 Red AI Tank moved one unit CW...
<<<15:31:44:502041>>>  Tank #3 Yellow AI Tank is checking targeting info...
<<<15:31:44:502041>>>  Tank #3 Yellow AI Tank Launch angle not within tolerances, adjusting firing solution...
<<<15:31:44:502041>>>  Tank #3 Yellow AI Tank Launch speed not within tolerances, adjusting firing solution...
<<<15:31:44:502041>>>  Tank #3 Yellow AI Tank adjusted targeting angle one unit CW...
<<<15:31:44:517818>>>  Tank #2 Red AI Tank moved one unit CW...
<<<15:31:44:517818>>>  Tank #3 Yellow AI Tank is checking targeting info...
<<<15:31:44:517818>>>  Tank #3 Yellow AI Tank Launch angle not within tolerances, adjusting firing solution...
<<<15:31:44:517818>>>  Tank #3 Yellow AI Tank Launch speed not within tolerances, adjusting firing solution...
<<<15:31:44:517818>>>  Tank #3 Yellow AI Tank adjusted targeting angle one unit CW...
<<<15:31:44:534515>>>  Tank #2 Red AI Tank moved one unit CW...
<<<15:31:44:534515>>>  Tank #3 Yellow AI Tank is checking targeting info...
<<<15:31:44:534515>>>  Tank #3 Yellow AI Tank Launch angle not within tolerances, adjusting firing solution...
<<<15:31:44:534515>>>  Tank #3 Yellow AI Tank Launch speed not within tolerances, adjusting firing solution...
<<<15:31:44:534515>>>  Tank #3 Yellow AI Tank adjusted targeting angle one unit CW...
<<<15:31:44:552071>>>  Tank #2 Red AI Tank moved one unit CW...
<<<15:31:44:552071>>>  Tank #3 Yellow AI Tank is checking targeting info...
<<<15:31:44:552071>>>  Tank #3 Yellow AI Tank Launch angle not within tolerances, adjusting firing solution...
<<<15:31:44:552071>>>  Tank #3 Yellow AI Tank Launch speed not within tolerances, adjusting firing solution...
<<<15:31:44:552071>>>  Tank #3 Yellow AI Tank adjusted targeting angle one unit CW...
<<<15:31:44:568630>>>  Tank #2 Red AI Tank moved one unit CW...
<<<15:31:44:568630>>>  Tank #3 Yellow AI Tank is checking targeting info...
<<<15:31:44:568630>>>  Tank #3 Yellow AI Tank Launch angle not within tolerances, adjusting firing solution...
<<<15:31:44:568630>>>  Tank #3 Yellow AI Tank Launch speed not within tolerances, adjusting firing solution...
<<<15:31:44:568630>>>  Tank #3 Yellow AI Tank adjusted targeting angle one unit CW...
<<<15:31:44:585999>>>  Tank #2 Red AI Tank moved one unit CW...
<<<15:31:44:585999>>>  Tank #3 Yellow AI Tank is checking targeting info...
<<<15:31:44:585999>>>  Tank #3 Yellow AI Tank Launch angle not within tolerances, adjusting firing solution...
<<<15:31:44:585999>>>  Tank #3 Yellow AI Tank Launch speed not within tolerances, adjusting firing solution...
<<<15:31:44:585999>>>  Tank #3 Yellow AI Tank adjusted targeting angle one unit CW...
<<<15:31:44:602192>>>  Tank #2 Red AI Tank moved one unit CW...
<<<15:31:44:602192>>>  Tank #3 Yellow AI Tank is checking targeting info...
<<<15:31:44:602192>>>  Tank #3 Yellow AI Tank Launch angle not within tolerances, adjusting firing solution...
<<<15:31:44:602192>>>  Tank #3 Yellow AI Tank Launch speed not within tolerances, adjusting firing solution...
<<<15:31:44:602192>>>  Tank #3 Yellow AI Tank adjusted targeting angle one unit CW...
<<<15:31:44:618139>>>  Tank #2 Red AI Tank moved one unit CW...
<<<15:31:44:618139>>>  Tank #3 Yellow AI Tank is checking targeting info...
<<<15:31:44:618139>>>  Tank #3 Yellow AI Tank Launch angle not within tolerances, adjusting firing solution...
<<<15:31:44:618139>>>  Tank #3 Yellow AI Tank Launch speed not within tolerances, adjusting firing solution...
<<<15:31:44:618139>>>  Tank #3 Yellow AI Tank adjusted targeting angle one unit CW...
<<<15:31:44:634699>>>  Tank #2 Red AI Tank moved one unit CW...
<<<15:31:44:634699>>>  Tank #3 Yellow AI Tank is checking targeting info...
<<<15:31:44:634699>>>  Tank #3 Yellow AI Tank Launch angle not within tolerances, adjusting firing solution...
<<<15:31:44:634699>>>  Tank #3 Yellow AI Tank Launch speed not within tolerances, adjusting firing solution...
<<<15:31:44:634699>>>  Tank #3 Yellow AI Tank adjusted targeting angle one unit CW...
<<<15:31:44:651875>>>  Tank #2 Red AI Tank moved one unit CW...
<<<15:31:44:651875>>>  Tank #3 Yellow AI Tank is checking targeting info...
<<<15:31:44:651875>>>  Tank #3 Yellow AI Tank Launch angle not within tolerances, adjusting firing solution...
<<<15:31:44:651875>>>  Tank #3 Yellow AI Tank Launch speed not within tolerances, adjusting firing solution...
<<<15:31:44:651875>>>  Tank #3 Yellow AI Tank adjusted targeting angle one unit CW...
<<<15:31:44:668466>>>  Tank #2 Red AI Tank moved one unit CW...
<<<15:31:44:668466>>>  Tank #3 Yellow AI Tank is checking targeting info...
<<<15:31:44:668466>>>  Tank #3 Yellow AI Tank Launch angle not within tolerances, adjusting firing solution...
<<<15:31:44:668466>>>  Tank #3 Yellow AI Tank Launch speed not within tolerances, adjusting firing solution...
<<<15:31:44:668466>>>  Tank #3 Yellow AI Tank adjusted targeting angle one unit CW...
<<<15:31:44:685410>>>  Tank #2 Red AI Tank moved one unit CW...
<<<15:31:44:685410>>>  Tank #3 Yellow AI Tank is checking targeting info...
<<<15:31:44:685410>>>  Tank #3 Yellow AI Tank Launch angle not within tolerances, adjusting firing solution...
<<<15:31:44:685410>>>  Tank #3 Yellow AI Tank Launch speed not within tolerances, adjusting firing solution...
<<<15:31:44:685410>>>  Tank #3 Yellow AI Tank adjusted targeting angle one unit CW...
<<<15:31:44:702585>>>  Tank #2 Red AI Tank moved one unit CW...
<<<15:31:44:702585>>>  Tank #3 Yellow AI Tank is checking targeting info...
<<<15:31:44:702585>>>  Tank #3 Yellow AI Tank Launch angle not within tolerances, adjusting firing solution...
<<<15:31:44:702585>>>  Tank #3 Yellow AI Tank Launch speed not within tolerances, adjusting firing solution...
<<<15:31:44:702585>>>  Tank #3 Yellow AI Tank adjusted targeting angle one unit CW...
<<<15:31:44:720287>>>  Tank #2 Red AI Tank moved one unit CW...
<<<15:31:44:720287>>>  Tank #3 Yellow AI Tank is checking targeting info...
<<<15:31:44:720287>>>  Tank #3 Yellow AI Tank Launch angle not within tolerances, adjusting firing solution...
<<<15:31:44:720287>>>  Tank #3 Yellow AI Tank Launch speed not within tolerances, adjusting firing solution...
<<<15:31:44:720287>>>  Tank #3 Yellow AI Tank adjusted targeting angle one unit CW...
<<<15:31:44:736816>>>  Tank #2 Red AI Tank moved one unit CW...
<<<15:31:44:736816>>>  Tank #3 Yellow AI Tank is checking targeting info...
<<<15:31:44:736816>>>  Tank #3 Yellow AI Tank Launch angle not within tolerances, adjusting firing solution...
<<<15:31:44:736816>>>  Tank #3 Yellow AI Tank Launch speed not within tolerances, adjusting firing solution...
<<<15:31:44:736816>>>  Tank #3 Yellow AI Tank adjusted targeting angle one unit CW...
<<<15:31:44:752928>>>  Tank #2 Red AI Tank moved one unit CW...
<<<15:31:44:752928>>>  Tank #3 Yellow AI Tank is checking targeting info...
<<<15:31:44:752928>>>  Tank #3 Yellow AI Tank Launch angle not within tolerances, adjusting firing solution...
<<<15:31:44:752928>>>  Tank #3 Yellow AI Tank Launch speed not within tolerances, adjusting firing solution...
<<<15:31:44:752928>>>  Tank #3 Yellow AI Tank adjusted targeting angle one unit CW...
<<<15:31:44:769286>>>  Tank #2 Red AI Tank moved one unit CW...
<<<15:31:44:769286>>>  Tank #3 Yellow AI Tank is checking targeting info...
<<<15:31:44:769286>>>  Tank #3 Yellow AI Tank Launch angle not within tolerances, adjusting firing solution...
<<<15:31:44:769286>>>  Tank #3 Yellow AI Tank Launch speed not within tolerances, adjusting firing solution...
<<<15:31:44:769286>>>  Tank #3 Yellow AI Tank adjusted targeting angle one unit CW...
<<<15:31:44:785329>>>  Tank #2 Red AI Tank moved one unit CW...
<<<15:31:44:785329>>>  Tank #3 Yellow AI Tank is checking targeting info...
<<<15:31:44:785329>>>  Tank #3 Yellow AI Tank Launch angle not within tolerances, adjusting firing solution...
<<<15:31:44:785329>>>  Tank #3 Yellow AI Tank Launch speed not within tolerances, adjusting firing solution...
<<<15:31:44:785329>>>  Tank #3 Yellow AI Tank adjusted targeting angle one unit CW...
<<<15:31:44:801452>>>  Tank #2 Red AI Tank moved one unit CW...
<<<15:31:44:801452>>>  Tank #3 Yellow AI Tank is checking targeting info...
<<<15:31:44:801452>>>  Tank #3 Yellow AI Tank Launch angle not within tolerances, adjusting firing solution...
<<<15:31:44:801452>>>  Tank #3 Yellow AI Tank Launch speed not within tolerances, adjusting firing solution...
<<<15:31:44:801452>>>  Tank #3 Yellow AI Tank adjusted targeting angle one unit CW...
<<<15:31:44:818945>>>  Tank #2 Red AI Tank moved one unit CW...
<<<15:31:44:818945>>>  Tank #3 Yellow AI Tank is checking targeting info...
<<<15:31:44:818945>>>  Tank #3 Yellow AI Tank Launch angle not within tolerances, adjusting firing solution...
<<<15:31:44:818945>>>  Tank #3 Yellow AI Tank Launch speed not within tolerances, adjusting firing solution...
<<<15:31:44:818945>>>  Tank #3 Yellow AI Tank adjusted targeting angle one unit CW...
<<<15:31:44:835626>>>  Tank #2 Red AI Tank moved one unit CW...
<<<15:31:44:835626>>>  Tank #3 Yellow AI Tank is checking targeting info...
<<<15:31:44:835626>>>  Tank #3 Yellow AI Tank Launch angle not within tolerances, adjusting firing solution...
<<<15:31:44:835626>>>  Tank #3 Yellow AI Tank Launch speed not within tolerances, adjusting firing solution...
<<<15:31:44:835626>>>  Tank #3 Yellow AI Tank adjusted targeting angle one unit CW...
<<<15:31:44:851730>>>  Tank #2 Red AI Tank moved one unit CW...
<<<15:31:44:851730>>>  Tank #3 Yellow AI Tank is checking targeting info...
<<<15:31:44:851730>>>  Tank #3 Yellow AI Tank Launch angle not within tolerances, adjusting firing solution...
<<<15:31:44:851730>>>  Tank #3 Yellow AI Tank Launch speed not within tolerances, adjusting firing solution...
<<<15:31:44:851730>>>  Tank #3 Yellow AI Tank adjusted targeting angle one unit CW...
<<<15:31:44:868206>>>  Tank #2 Red AI Tank moved one unit CW...
<<<15:31:44:868206>>>  Tank #3 Yellow AI Tank is checking targeting info...
<<<15:31:44:868206>>>  Tank #3 Yellow AI Tank Launch angle not within tolerances, adjusting firing solution...
<<<15:31:44:868206>>>  Tank #3 Yellow AI Tank Launch speed not within tolerances, adjusting firing solution...
<<<15:31:44:868206>>>  Tank #3 Yellow AI Tank adjusted targeting angle one unit CW...
<<<15:31:44:884607>>>  Tank #2 Red AI Tank moved one unit CW...
<<<15:31:44:884607>>>  Tank #3 Yellow AI Tank is checking targeting info...
<<<15:31:44:884607>>>  Tank #3 Yellow AI Tank Launch angle not within tolerances, adjusting firing solution...
<<<15:31:44:884607>>>  Tank #3 Yellow AI Tank Launch speed not within tolerances, adjusting firing solution...
<<<15:31:44:884607>>>  Tank #3 Yellow AI Tank adjusted targeting angle one unit CW...
<<<15:31:44:901797>>>  Tank #2 Red AI Tank moved one unit CW...
<<<15:31:44:901797>>>  Tank #3 Yellow AI Tank is checking targeting info...
<<<15:31:44:901797>>>  Tank #3 Yellow AI Tank Launch angle not within tolerances, adjusting firing solution...
<<<15:31:44:901797>>>  Tank #3 Yellow AI Tank Launch speed not within tolerances, adjusting firing solution...
<<<15:31:44:901797>>>  Tank #3 Yellow AI Tank adjusted targeting angle one unit CW...
<<<15:31:44:918479>>>  Tank #2 Red AI Tank moved one unit CW...
<<<15:31:44:918479>>>  Tank #3 Yellow AI Tank is checking targeting info...
<<<15:31:44:918479>>>  Tank #3 Yellow AI Tank Launch angle not within tolerances, adjusting firing solution...
<<<15:31:44:918479>>>  Tank #3 Yellow AI Tank Launch speed not within tolerances, adjusting firing solution...
<<<15:31:44:918479>>>  Tank #3 Yellow AI Tank adjusted targeting angle one unit CW...
<<<15:31:44:935591>>>  Tank #2 Red AI Tank moved one unit CW...
<<<15:31:44:935591>>>  Tank #3 Yellow AI Tank is checking targeting info...
<<<15:31:44:935591>>>  Tank #3 Yellow AI Tank Launch angle not within tolerances, adjusting firing solution...
<<<15:31:44:935591>>>  Tank #3 Yellow AI Tank Launch speed not within tolerances, adjusting firing solution...
<<<15:31:44:935591>>>  Tank #3 Yellow AI Tank adjusted targeting angle one unit CW...
<<<15:31:44:952199>>>  Tank #2 Red AI Tank moved one unit CW...
<<<15:31:44:952199>>>  Tank #3 Yellow AI Tank is checking targeting info...
<<<15:31:44:952857>>>  Tank #3 Yellow AI Tank Launch angle not within tolerances, adjusting firing solution...
<<<15:31:44:952857>>>  Tank #3 Yellow AI Tank Launch speed not within tolerances, adjusting firing solution...
<<<15:31:44:952857>>>  Tank #3 Yellow AI Tank adjusted targeting angle one unit CW...
<<<15:31:44:968061>>>  Tank #2 Red AI Tank moved one unit CW...
<<<15:31:44:968061>>>  Tank #3 Yellow AI Tank is checking targeting info...
<<<15:31:44:968061>>>  Tank #3 Yellow AI Tank Launch angle not within tolerances, adjusting firing solution...
<<<15:31:44:968061>>>  Tank #3 Yellow AI Tank Launch speed not within tolerances, adjusting firing solution...
<<<15:31:44:968061>>>  Tank #3 Yellow AI Tank adjusted targeting angle one unit CW...
<<<15:31:44:985048>>>  Tank #2 Red AI Tank moved one unit CW...
<<<15:31:44:985094>>>  Tank #3 Yellow AI Tank is checking targeting info...
<<<15:31:44:985110>>>  Tank #3 Yellow AI Tank Launch angle not within tolerances, adjusting firing solution...
<<<15:31:44:985119>>>  Tank #3 Yellow AI Tank Launch speed not within tolerances, adjusting firing solution...
<<<15:31:44:985135>>>  Tank #3 Yellow AI Tank adjusted targeting angle one unit CW...
<<<15:31:45:001437>>>  Tank #2 Red AI Tank moved one unit CW...
<<<15:31:45:001437>>>  Tank #3 Yellow AI Tank is checking targeting info...
<<<15:31:45:001437>>>  Tank #3 Yellow AI Tank Launch angle not within tolerances, adjusting firing solution...
<<<15:31:45:001437>>>  Tank #3 Yellow AI Tank Launch speed not within tolerances, adjusting firing solution...
<<<15:31:45:001437>>>  Tank #3 Yellow AI Tank adjusted targeting angle one unit CW...
<<<15:31:45:018748>>>  Tank #2 Red AI Tank moved one unit CW...
<<<15:31:45:018748>>>  Tank #3 Yellow AI Tank is checking targeting info...
<<<15:31:45:018748>>>  Tank #3 Yellow AI Tank Launch angle not within tolerances, adjusting firing solution...
<<<15:31:45:018748>>>  Tank #3 Yellow AI Tank Launch speed not within tolerances, adjusting firing solution...
<<<15:31:45:018748>>>  Tank #3 Yellow AI Tank adjusted targeting angle one unit CW...
<<<15:31:45:034826>>>  Tank #2 Red AI Tank moved one unit CW...
<<<15:31:45:034826>>>  Tank #3 Yellow AI Tank is checking targeting info...
<<<15:31:45:034826>>>  Tank #3 Yellow AI Tank Launch angle not within tolerances, adjusting firing solution...
<<<15:31:45:034826>>>  Tank #3 Yellow AI Tank Launch speed not within tolerances, adjusting firing solution...
<<<15:31:45:034826>>>  Tank #3 Yellow AI Tank adjusted targeting angle one unit CW...
<<<15:31:45:051365>>>  Tank #2 Red AI Tank moved one unit CW...
<<<15:31:45:051365>>>  Tank #3 Yellow AI Tank is checking targeting info...
<<<15:31:45:051365>>>  Tank #3 Yellow AI Tank Launch angle not within tolerances, adjusting firing solution...
<<<15:31:45:051365>>>  Tank #3 Yellow AI Tank Launch speed not within tolerances, adjusting firing solution...
<<<15:31:45:051365>>>  Tank #3 Yellow AI Tank adjusted targeting angle one unit CW...
<<<15:31:45:067964>>>  Tank #2 Red AI Tank moved one unit CW...
<<<15:31:45:067964>>>  Tank #3 Yellow AI Tank is checking targeting info...
<<<15:31:45:067964>>>  Tank #3 Yellow AI Tank increased launch speed one unit...
<<<15:31:45:084075>>>  Tank #2 Red AI Tank moved one unit CW...
<<<15:31:45:084075>>>  Tank #3 Yellow AI Tank is checking targeting info...
<<<15:31:45:084075>>>  Tank #3 Yellow AI Tank increased launch speed one unit...
<<<15:31:45:100649>>>  Tank #2 Red AI Tank moved one unit CW...
<<<15:31:45:100649>>>  Tank #3 Yellow AI Tank is checking targeting info...
<<<15:31:45:100649>>>  Tank #3 Yellow AI Tank increased launch speed one unit...
<<<15:31:45:117909>>>  Tank #2 Red AI Tank moved one unit CW...
<<<15:31:45:117909>>>  Tank #3 Yellow AI Tank is checking targeting info...
<<<15:31:45:117909>>>  Tank #3 Yellow AI Tank increased launch speed one unit...
<<<15:31:45:133789>>>  Tank #2 Red AI Tank moved one unit CW...
<<<15:31:45:133789>>>  Tank #3 Yellow AI Tank is checking targeting info...
<<<15:31:45:133789>>>  Tank #3 Yellow AI Tank increased launch speed one unit...
<<<15:31:45:150459>>>  Tank #2 Red AI Tank moved one unit CW...
<<<15:31:45:150459>>>  Tank #3 Yellow AI Tank is checking targeting info...
<<<15:31:45:150459>>>  Tank #3 Yellow AI Tank increased launch speed one unit...
<<<15:31:45:167486>>>  Tank #2 Red AI Tank moved one unit CW...
<<<15:31:45:167486>>>  Tank #3 Yellow AI Tank is checking targeting info...
<<<15:31:45:167486>>>  Tank #3 Yellow AI Tank increased launch speed one unit...
<<<15:31:45:185144>>>  Tank #3 Yellow AI Tank is checking targeting info...
<<<15:31:45:185144>>>  Tank #3 Yellow AI Tank increased launch speed one unit...
<<<15:31:45:201691>>>
* *** Tank #2 Red AI Tank USING CLEAR SKIES FUNCTION ***
* Moon #2 at (11219.182194626204, -5864.068105279579), angle -0.4816283661416364 rads.
* Tank #2 Red AI Tank at (-5820.198110641037, 2591.3191530358627), angle 2.7227136331111645.
* Angle Between is 3.0788433079267854 rads.
<<<15:31:45:201691>>>  Tank #3 Yellow AI Tank is checking targeting info...
<<<15:31:45:201691>>>  Tank #3 Yellow AI Tank increased launch speed one unit...
<<<15:31:45:219058>>>
* *** Tank #2 Red AI Tank USING CLEAR SKIES FUNCTION ***
* Moon #2 at (11240.113533743155, -5817.654475632234), angle -0.47761224898318894 rads.
* Tank #2 Red AI Tank at (-5820.198110641037, 2591.3191530358627), angle 2.7227136331111645.
* Angle Between is 3.082859425085233 rads.
<<<15:31:45:219058>>>  Tank #3 Yellow AI Tank is checking targeting info...
<<<15:31:45:219058>>>  Tank #3 Yellow AI Tank increased launch speed one unit...
<<<15:31:45:235216>>>
* *** Tank #2 Red AI Tank USING CLEAR SKIES FUNCTION ***
* Moon #2 at (11260.821108417302, -5771.125030493491), angle -0.47359430911739936 rads.
* Tank #2 Red AI Tank at (-5820.198110641037, 2591.3191530358627), angle 2.7227136331111645.
* Angle Between is 3.0868773649510217 rads.
<<<15:31:45:235216>>>  Tank #3 Yellow AI Tank is checking targeting info...
<<<15:31:45:235216>>>  Tank #3 Yellow AI Tank increased launch speed one unit...
<<<15:31:45:251502>>>
* *** Tank #2 Red AI Tank USING CLEAR SKIES FUNCTION ***
* Moon #2 at (11281.304352380308, -5724.480617231792), angle -0.4695745149828233 rads.
* Tank #2 Red AI Tank at (-5820.198110641037, 2591.3191530358627), angle 2.7227136331111645.
* Angle Between is 3.090897159085598 rads.
<<<15:31:45:251502>>>  Tank #3 Yellow AI Tank is checking targeting info...
<<<15:31:45:251502>>>  Tank #3 Yellow AI Tank increased launch speed one unit...
<<<15:31:45:268270>>>  Tank #2 Red AI Tank chose to move to 3.8222, cururently at 2.7227.
<<<15:31:45:268270>>>  Tank #2 Red AI Tank moved one unit CCW...
<<<15:31:45:268270>>>  Tank #2 Red AI Tank chose to move...
<<<15:31:45:268270>>>  Tank #3 Yellow AI Tank is checking targeting info...
<<<15:31:45:268270>>>  Tank #3 Yellow AI Tank increased launch speed one unit...
<<<15:31:45:284866>>>  Tank #2 Red AI Tank moved one unit CCW...
<<<15:31:45:284866>>>  Tank #3 Yellow AI Tank is checking targeting info...
<<<15:31:45:284866>>>  Tank #3 Yellow AI Tank increased launch speed one unit...
<<<15:31:45:301644>>>  Tank #2 Red AI Tank moved one unit CCW...
<<<15:31:45:301644>>>  Tank #3 Yellow AI Tank is checking targeting info...
<<<15:31:45:301644>>>  Tank #3 Yellow AI Tank increased launch speed one unit...
<<<15:31:45:318585>>>  Tank #2 Red AI Tank moved one unit CCW...
<<<15:31:45:318585>>>  Tank #3 Yellow AI Tank is checking targeting info...
<<<15:31:45:318585>>>  Tank #3 Yellow AI Tank increased launch speed one unit...
<<<15:31:45:335804>>>  Tank #2 Red AI Tank moved one unit CCW...
<<<15:31:45:335804>>>  Tank #3 Yellow AI Tank is checking targeting info...
<<<15:31:45:335804>>>  Tank #3 Yellow AI Tank increased launch speed one unit...
<<<15:31:45:352949>>>  Tank #2 Red AI Tank moved one unit CCW...
<<<15:31:45:352949>>>  Tank #3 Yellow AI Tank is checking targeting info...
<<<15:31:45:352949>>>  Tank #3 Yellow AI Tank increased launch speed one unit...
<<<15:31:45:369597>>>  Tank #2 Red AI Tank moved one unit CCW...
<<<15:31:45:369597>>>  Tank #3 Yellow AI Tank is checking targeting info...
<<<15:31:45:369597>>>  Tank #3 Yellow AI Tank increased launch speed one unit...
<<<15:31:45:386561>>>  Tank #2 Red AI Tank moved one unit CCW...
<<<15:31:45:386561>>>  Tank #3 Yellow AI Tank is checking targeting info...
<<<15:31:45:386561>>>  Tank #3 Yellow AI Tank increased launch speed one unit...
<<<15:31:45:403300>>>  Tank #2 Red AI Tank moved one unit CCW...
<<<15:31:45:403300>>>  Tank #3 Yellow AI Tank is checking targeting info...
<<<15:31:45:403300>>>  Tank #3 Yellow AI Tank increased launch speed one unit...
<<<15:31:45:419111>>>  Tank #2 Red AI Tank moved one unit CCW...
<<<15:31:45:419111>>>  Tank #3 Yellow AI Tank is checking targeting info...
<<<15:31:45:419111>>>  Tank #3 Yellow AI Tank increased launch speed one unit...
<<<15:31:45:435322>>>  Tank #2 Red AI Tank moved one unit CCW...
<<<15:31:45:435322>>>  Tank #3 Yellow AI Tank is checking targeting info...
<<<15:31:45:435322>>>  Tank #3 Yellow AI Tank increased launch speed one unit...
<<<15:31:45:451893>>>  Tank #2 Red AI Tank moved one unit CCW...
<<<15:31:45:451893>>>  Tank #3 Yellow AI Tank is checking targeting info...
<<<15:31:45:451893>>>  Tank #3 Yellow AI Tank increased launch speed one unit...
<<<15:31:45:467958>>>  Tank #2 Red AI Tank moved one unit CCW...
<<<15:31:45:467958>>>  Tank #3 Yellow AI Tank is checking targeting info...
<<<15:31:45:467958>>>  Tank #3 Yellow AI Tank increased launch speed one unit...
<<<15:31:45:484928>>>  Tank #2 Red AI Tank moved one unit CCW...
<<<15:31:45:484928>>>  Tank #3 Yellow AI Tank is checking targeting info...
<<<15:31:45:484928>>>  Tank #3 Yellow AI Tank increased launch speed one unit...
<<<15:31:45:501201>>>  Tank #2 Red AI Tank moved one unit CCW...
<<<15:31:45:501201>>>  Tank #3 Yellow AI Tank is checking targeting info...
<<<15:31:45:501201>>>  Tank #3 Yellow AI Tank increased launch speed one unit...
<<<15:31:45:517933>>>  Tank #2 Red AI Tank moved one unit CCW...
<<<15:31:45:517933>>>  Tank #3 Yellow AI Tank is checking targeting info...
<<<15:31:45:517933>>>  Tank #3 Yellow AI Tank increased launch speed one unit...
<<<15:31:45:534955>>>  Tank #2 Red AI Tank moved one unit CCW...
<<<15:31:45:534955>>>  Tank #3 Yellow AI Tank is checking targeting info...
<<<15:31:45:534955>>>  Tank #3 Yellow AI Tank increased launch speed one unit...
<<<15:31:45:551389>>>  Tank #2 Red AI Tank moved one unit CCW...
<<<15:31:45:551389>>>  Tank #3 Yellow AI Tank is checking targeting info...
<<<15:31:45:551389>>>  Tank #3 Yellow AI Tank increased launch speed one unit...
<<<15:31:45:567702>>>  Tank #2 Red AI Tank moved one unit CCW...
<<<15:31:45:567702>>>  Tank #3 Yellow AI Tank is checking targeting info...
<<<15:31:45:567702>>>  Tank #3 Yellow AI Tank increased launch speed one unit...
<<<15:31:45:583853>>>  Tank #2 Red AI Tank moved one unit CCW...
<<<15:31:45:583853>>>  Tank #3 Yellow AI Tank is checking targeting info...
<<<15:31:45:583853>>>  Tank #3 Yellow AI Tank increased launch speed one unit...
<<<15:31:45:600546>>>  Tank #2 Red AI Tank moved one unit CCW...
<<<15:31:45:600546>>>  Tank #3 Yellow AI Tank is checking targeting info...
<<<15:31:45:600546>>>  Tank #3 Yellow AI Tank increased launch speed one unit...
<<<15:31:45:617001>>>  Tank #2 Red AI Tank moved one unit CCW...
<<<15:31:45:617001>>>  Tank #3 Yellow AI Tank is checking targeting info...
<<<15:31:45:617001>>>  Tank #3 Yellow AI Tank increased launch speed one unit...
<<<15:31:45:633441>>>  Tank #2 Red AI Tank moved one unit CCW...
<<<15:31:45:633441>>>  Tank #3 Yellow AI Tank is checking targeting info...
<<<15:31:45:633441>>>  Tank #3 Yellow AI Tank increased launch speed one unit...
<<<15:31:45:650467>>>  Tank #2 Red AI Tank moved one unit CCW...
<<<15:31:45:650467>>>  Tank #3 Yellow AI Tank is checking targeting info...
<<<15:31:45:650467>>>  Tank #3 Yellow AI Tank increased launch speed one unit...
<<<15:31:45:667880>>>  Tank #2 Red AI Tank moved one unit CCW...
<<<15:31:45:667880>>>  Tank #3 Yellow AI Tank is checking targeting info...
<<<15:31:45:667880>>>  Tank #3 Yellow AI Tank increased launch speed one unit...
<<<15:31:45:683874>>>  Tank #2 Red AI Tank moved one unit CCW...
<<<15:31:45:683874>>>  Tank #3 Yellow AI Tank is checking targeting info...
<<<15:31:45:683874>>>  Tank #3 Yellow AI Tank increased launch speed one unit...
<<<15:31:45:700528>>>  Tank #2 Red AI Tank moved one unit CCW...
<<<15:31:45:700528>>>  Tank #3 Yellow AI Tank is checking targeting info...
<<<15:31:45:700528>>>  Tank #3 Yellow AI Tank firing solution within tolerances, not adjusting firing solution...
<<<15:31:45:700528>>>  Tank #3 Yellow AI Tank attempting to fire cannonball...
<<<15:31:45:717092>>>  Tank #2 Red AI Tank moved one unit CCW...
<<<15:31:45:717092>>>  Tank #3 Yellow AI Tank chose to shoot...
<<<15:31:45:733427>>>  Tank #2 Red AI Tank moved one unit CCW...
<<<15:31:45:733427>>>  Tank #3 Yellow AI Tank is checking targeting info...
<<<15:31:45:733427>>>  Tank #3 Yellow AI Tank Launch angle not within tolerances, adjusting firing solution...
<<<15:31:45:733427>>>  Tank #3 Yellow AI Tank adjusted targeting angle one unit CCW...
<<<15:31:45:750024>>>  Tank #2 Red AI Tank moved one unit CCW...
<<<15:31:45:750024>>>  Tank #3 Yellow AI Tank is checking targeting info...
<<<15:31:45:750024>>>  Tank #3 Yellow AI Tank Launch angle not within tolerances, adjusting firing solution...
<<<15:31:45:750024>>>  Tank #3 Yellow AI Tank adjusted targeting angle one unit CCW...
<<<15:31:45:767583>>>  Tank #2 Red AI Tank moved one unit CCW...
<<<15:31:45:767583>>>  Tank #3 Yellow AI Tank is checking targeting info...
<<<15:31:45:767583>>>  Tank #3 Yellow AI Tank Launch angle not within tolerances, adjusting firing solution...
<<<15:31:45:767583>>>  Tank #3 Yellow AI Tank adjusted targeting angle one unit CCW...
<<<15:31:45:783803>>>  Tank #2 Red AI Tank moved one unit CCW...
<<<15:31:45:783803>>>  Tank #3 Yellow AI Tank is checking targeting info...
<<<15:31:45:784222>>>  Tank #3 Yellow AI Tank Launch angle not within tolerances, adjusting firing solution...
<<<15:31:45:784222>>>  Tank #3 Yellow AI Tank adjusted targeting angle one unit CCW...
<<<15:31:45:800144>>>  Tank #2 Red AI Tank moved one unit CCW...
<<<15:31:45:800144>>>  Tank #3 Yellow AI Tank is checking targeting info...
<<<15:31:45:800144>>>  Tank #3 Yellow AI Tank Launch angle not within tolerances, adjusting firing solution...
<<<15:31:45:800144>>>  Tank #3 Yellow AI Tank adjusted targeting angle one unit CCW...
<<<15:31:45:816379>>>  Tank #2 Red AI Tank moved one unit CCW...
<<<15:31:45:816379>>>  Tank #3 Yellow AI Tank is checking targeting info...
<<<15:31:45:816379>>>  Tank #3 Yellow AI Tank Launch angle not within tolerances, adjusting firing solution...
<<<15:31:45:816379>>>  Tank #3 Yellow AI Tank adjusted targeting angle one unit CCW...
<<<15:31:45:832008>>>  Tank #2 Red AI Tank moved one unit CCW...
<<<15:31:45:832008>>>  Tank #3 Yellow AI Tank is checking targeting info...
<<<15:31:45:832008>>>  Tank #3 Yellow AI Tank Launch angle not within tolerances, adjusting firing solution...
<<<15:31:45:832008>>>  Tank #3 Yellow AI Tank adjusted targeting angle one unit CCW...
<<<15:31:45:847989>>>  Tank #2 Red AI Tank moved one unit CCW...
<<<15:31:45:847989>>>  Tank #3 Yellow AI Tank is checking targeting info...
<<<15:31:45:847989>>>  Tank #3 Yellow AI Tank Launch angle not within tolerances, adjusting firing solution...
<<<15:31:45:847989>>>  Tank #3 Yellow AI Tank adjusted targeting angle one unit CCW...
<<<15:31:45:863592>>>  Tank #2 Red AI Tank moved one unit CCW...
<<<15:31:45:863592>>>  Tank #3 Yellow AI Tank is checking targeting info...
<<<15:31:45:863592>>>  Tank #3 Yellow AI Tank Launch angle not within tolerances, adjusting firing solution...
<<<15:31:45:863592>>>  Tank #3 Yellow AI Tank adjusted targeting angle one unit CCW...
<<<15:31:45:880039>>>  Tank #2 Red AI Tank moved one unit CCW...
<<<15:31:45:880039>>>  Tank #3 Yellow AI Tank is checking targeting info...
<<<15:31:45:880039>>>  Tank #3 Yellow AI Tank Launch angle not within tolerances, adjusting firing solution...
<<<15:31:45:880039>>>  Tank #3 Yellow AI Tank adjusted targeting angle one unit CCW...
<<<15:31:45:896093>>>  Tank #2 Red AI Tank moved one unit CCW...
<<<15:31:45:896093>>>  Tank #3 Yellow AI Tank is checking targeting info...
<<<15:31:45:896093>>>  Tank #3 Yellow AI Tank Launch angle not within tolerances, adjusting firing solution...
<<<15:31:45:896093>>>  Tank #3 Yellow AI Tank adjusted targeting angle one unit CCW...
<<<15:31:45:912275>>>  Tank #2 Red AI Tank moved one unit CCW...
<<<15:31:45:912275>>>  Tank #3 Yellow AI Tank is checking targeting info...
<<<15:31:45:912275>>>  Tank #3 Yellow AI Tank Launch angle not within tolerances, adjusting firing solution...
<<<15:31:45:912275>>>  Tank #3 Yellow AI Tank adjusted targeting angle one unit CCW...
<<<15:31:45:927598>>>  Tank #2 Red AI Tank moved one unit CCW...
<<<15:31:45:927598>>>  Tank #3 Yellow AI Tank is checking targeting info...
<<<15:31:45:927598>>>  Tank #3 Yellow AI Tank Launch angle not within tolerances, adjusting firing solution...
<<<15:31:45:927598>>>  Tank #3 Yellow AI Tank adjusted targeting angle one unit CCW...
<<<15:31:45:943718>>>  Tank #2 Red AI Tank moved one unit CCW...
<<<15:31:45:943718>>>  Tank #3 Yellow AI Tank is checking targeting info...
<<<15:31:45:943718>>>  Tank #3 Yellow AI Tank Launch angle not within tolerances, adjusting firing solution...
<<<15:31:45:943718>>>  Tank #3 Yellow AI Tank adjusted targeting angle one unit CCW...
<<<15:31:45:959681>>>  Tank #2 Red AI Tank moved one unit CCW...
<<<15:31:45:959681>>>  Tank #3 Yellow AI Tank is checking targeting info...
<<<15:31:45:959681>>>  Tank #3 Yellow AI Tank Launch angle not within tolerances, adjusting firing solution...
<<<15:31:45:959681>>>  Tank #3 Yellow AI Tank adjusted targeting angle one unit CCW...
<<<15:31:45:976511>>>  Tank #2 Red AI Tank moved one unit CCW...
<<<15:31:45:976511>>>  Tank #3 Yellow AI Tank is checking targeting info...
<<<15:31:45:976511>>>  Tank #3 Yellow AI Tank Launch angle not within tolerances, adjusting firing solution...
<<<15:31:45:976511>>>  Tank #3 Yellow AI Tank adjusted targeting angle one unit CCW...
<<<15:31:45:993540>>>  Tank #2 Red AI Tank moved one unit CCW...
<<<15:31:45:993540>>>  Tank #3 Yellow AI Tank is checking targeting info...
<<<15:31:45:993540>>>  Tank #3 Yellow AI Tank Launch angle not within tolerances, adjusting firing solution...
<<<15:31:45:993540>>>  Tank #3 Yellow AI Tank adjusted targeting angle one unit CCW...
<<<15:31:46:010323>>>  Tank #2 Red AI Tank moved one unit CCW...
<<<15:31:46:010323>>>  Tank #3 Yellow AI Tank is checking targeting info...
<<<15:31:46:010323>>>  Tank #3 Yellow AI Tank Launch angle not within tolerances, adjusting firing solution...
<<<15:31:46:010323>>>  Tank #3 Yellow AI Tank adjusted targeting angle one unit CCW...
<<<15:31:46:026181>>>  Tank #2 Red AI Tank moved one unit CCW...
<<<15:31:46:026181>>>  Tank #3 Yellow AI Tank is checking targeting info...
<<<15:31:46:026181>>>  Tank #3 Yellow AI Tank Launch angle not within tolerances, adjusting firing solution...
<<<15:31:46:026181>>>  Tank #3 Yellow AI Tank adjusted targeting angle one unit CCW...
<<<15:31:46:042032>>>  Tank #2 Red AI Tank moved one unit CCW...
<<<15:31:46:042032>>>  Tank #3 Yellow AI Tank is checking targeting info...
<<<15:31:46:042032>>>  Tank #3 Yellow AI Tank Launch angle not within tolerances, adjusting firing solution...
<<<15:31:46:042032>>>  Tank #3 Yellow AI Tank adjusted targeting angle one unit CCW...
<<<15:31:46:058701>>>  Tank #2 Red AI Tank moved one unit CCW...
<<<15:31:46:058701>>>  Tank #3 Yellow AI Tank is checking targeting info...
<<<15:31:46:058701>>>  Tank #3 Yellow AI Tank Launch angle not within tolerances, adjusting firing solution...
<<<15:31:46:058701>>>  Tank #3 Yellow AI Tank adjusted targeting angle one unit CCW...
<<<15:31:46:076394>>>  Tank #2 Red AI Tank moved one unit CCW...
<<<15:31:46:076394>>>  Tank #3 Yellow AI Tank is checking targeting info...
<<<15:31:46:076394>>>  Tank #3 Yellow AI Tank Launch angle not within tolerances, adjusting firing solution...
<<<15:31:46:076394>>>  Tank #3 Yellow AI Tank adjusted targeting angle one unit CCW...
<<<15:31:46:093781>>>  Tank #2 Red AI Tank moved one unit CCW...
<<<15:31:46:093781>>>  Tank #3 Yellow AI Tank is checking targeting info...
<<<15:31:46:093781>>>  Tank #3 Yellow AI Tank Launch angle not within tolerances, adjusting firing solution...
<<<15:31:46:093781>>>  Tank #3 Yellow AI Tank adjusted targeting angle one unit CCW...
<<<15:31:46:109647>>>  Tank #2 Red AI Tank moved one unit CCW...
<<<15:31:46:109647>>>  Tank #3 Yellow AI Tank is checking targeting info...
<<<15:31:46:109647>>>  Tank #3 Yellow AI Tank Launch angle not within tolerances, adjusting firing solution...
<<<15:31:46:109647>>>  Tank #3 Yellow AI Tank adjusted targeting angle one unit CCW...
<<<15:31:46:126467>>>  Tank #2 Red AI Tank moved one unit CCW...
<<<15:31:46:126467>>>  Tank #3 Yellow AI Tank is checking targeting info...
<<<15:31:46:126467>>>  Tank #3 Yellow AI Tank Launch angle not within tolerances, adjusting firing solution...
<<<15:31:46:126467>>>  Tank #3 Yellow AI Tank adjusted targeting angle one unit CCW...
<<<15:31:46:143488>>>  Tank #2 Red AI Tank moved one unit CCW...
<<<15:31:46:143488>>>  Tank #3 Yellow AI Tank is checking targeting info...
<<<15:31:46:143488>>>  Tank #3 Yellow AI Tank Launch angle not within tolerances, adjusting firing solution...
<<<15:31:46:143488>>>  Tank #3 Yellow AI Tank adjusted targeting angle one unit CCW...
<<<15:31:46:160594>>>  Tank #2 Red AI Tank moved one unit CCW...
<<<15:31:46:160594>>>  Tank #3 Yellow AI Tank is checking targeting info...
<<<15:31:46:160594>>>  Tank #3 Yellow AI Tank Launch angle not within tolerances, adjusting firing solution...
<<<15:31:46:160594>>>  Tank #3 Yellow AI Tank adjusted targeting angle one unit CCW...
<<<15:31:46:176768>>>  Tank #2 Red AI Tank moved one unit CCW...
<<<15:31:46:176768>>>  Tank #3 Yellow AI Tank is checking targeting info...
<<<15:31:46:176768>>>  Tank #3 Yellow AI Tank Launch angle not within tolerances, adjusting firing solution...
<<<15:31:46:176768>>>  Tank #3 Yellow AI Tank adjusted targeting angle one unit CCW...
<<<15:31:46:193528>>>  Tank #2 Red AI Tank moved one unit CCW...
<<<15:31:46:193528>>>  Tank #3 Yellow AI Tank is checking targeting info...
<<<15:31:46:193528>>>  Tank #3 Yellow AI Tank Launch angle not within tolerances, adjusting firing solution...
<<<15:31:46:193528>>>  Tank #3 Yellow AI Tank adjusted targeting angle one unit CCW...
<<<15:31:46:210468>>>  Tank #2 Red AI Tank moved one unit CCW...
<<<15:31:46:210468>>>  Tank #3 Yellow AI Tank is checking targeting info...
<<<15:31:46:210468>>>  Tank #3 Yellow AI Tank Launch angle not within tolerances, adjusting firing solution...
<<<15:31:46:210468>>>  Tank #3 Yellow AI Tank adjusted targeting angle one unit CCW...
<<<15:31:46:226854>>>  Tank #2 Red AI Tank moved one unit CCW...
<<<15:31:46:226854>>>  Tank #3 Yellow AI Tank is checking targeting info...
<<<15:31:46:226854>>>  Tank #3 Yellow AI Tank Launch angle not within tolerances, adjusting firing solution...
<<<15:31:46:226854>>>  Tank #3 Yellow AI Tank adjusted targeting angle one unit CCW...
<<<15:31:46:242644>>>  Tank #2 Red AI Tank moved one unit CCW...
<<<15:31:46:242644>>>  Tank #3 Yellow AI Tank is checking targeting info...
<<<15:31:46:242644>>>  Tank #3 Yellow AI Tank Launch angle not within tolerances, adjusting firing solution...
<<<15:31:46:242644>>>  Tank #3 Yellow AI Tank adjusted targeting angle one unit CCW...
<<<15:31:46:259297>>>  Tank #2 Red AI Tank moved one unit CCW...
<<<15:31:46:259297>>>  Tank #3 Yellow AI Tank is checking targeting info...
<<<15:31:46:259297>>>  Tank #3 Yellow AI Tank Launch angle not within tolerances, adjusting firing solution...
<<<15:31:46:259297>>>  Tank #3 Yellow AI Tank adjusted targeting angle one unit CCW...
<<<15:31:46:275341>>>  Tank #2 Red AI Tank moved one unit CCW...
<<<15:31:46:275341>>>  Tank #3 Yellow AI Tank is checking targeting info...
<<<15:31:46:275341>>>  Tank #3 Yellow AI Tank Launch angle not within tolerances, adjusting firing solution...
<<<15:31:46:275341>>>  Tank #3 Yellow AI Tank adjusted targeting angle one unit CCW...
<<<15:31:46:291537>>>  Tank #3 Yellow AI Tank is checking targeting info...
<<<15:31:46:291537>>>  Tank #3 Yellow AI Tank Launch angle not within tolerances, adjusting firing solution...
<<<15:31:46:291537>>>  Tank #3 Yellow AI Tank adjusted targeting angle one unit CCW...
<<<15:31:46:308106>>>  Tank #2 Red AI Tank chose to move to 4.2292, cururently at 3.8048.
<<<15:31:46:308106>>>  Tank #2 Red AI Tank moved one unit CCW...
<<<15:31:46:308106>>>  Tank #2 Red AI Tank chose to move...
<<<15:31:46:308106>>>  Tank #3 Yellow AI Tank is checking targeting info...
<<<15:31:46:308106>>>  Tank #3 Yellow AI Tank Launch angle not within tolerances, adjusting firing solution...
<<<15:31:46:308106>>>  Tank #3 Yellow AI Tank adjusted targeting angle one unit CCW...
<<<15:31:46:324374>>>  Tank #2 Red AI Tank moved one unit CCW...
<<<15:31:46:324374>>>  Tank #3 Yellow AI Tank is checking targeting info...
<<<15:31:46:324374>>>  Tank #3 Yellow AI Tank Launch angle not within tolerances, adjusting firing solution...
<<<15:31:46:324374>>>  Tank #3 Yellow AI Tank adjusted targeting angle one unit CCW...
<<<15:31:46:341432>>>  Tank #2 Red AI Tank moved one unit CCW...
<<<15:31:46:341432>>>  Tank #3 Yellow AI Tank is checking targeting info...
<<<15:31:46:341432>>>  Tank #3 Yellow AI Tank Launch angle not within tolerances, adjusting firing solution...
<<<15:31:46:341432>>>  Tank #3 Yellow AI Tank adjusted targeting angle one unit CCW...
<<<15:31:46:358035>>>  Tank #2 Red AI Tank moved one unit CCW...
<<<15:31:46:358035>>>  Tank #3 Yellow AI Tank is checking targeting info...
<<<15:31:46:358035>>>  Tank #3 Yellow AI Tank Launch angle not within tolerances, adjusting firing solution...
<<<15:31:46:358035>>>  Tank #3 Yellow AI Tank adjusted targeting angle one unit CCW...
<<<15:31:46:373795>>>  Tank #2 Red AI Tank moved one unit CCW...
<<<15:31:46:373795>>>  Tank #3 Yellow AI Tank is checking targeting info...
<<<15:31:46:373795>>>  Tank #3 Yellow AI Tank Launch angle not within tolerances, adjusting firing solution...
<<<15:31:46:373795>>>  Tank #3 Yellow AI Tank adjusted targeting angle one unit CCW...
<<<15:31:46:389676>>>  Tank #2 Red AI Tank moved one unit CCW...
<<<15:31:46:389676>>>  Tank #3 Yellow AI Tank is checking targeting info...
<<<15:31:46:389676>>>  Tank #3 Yellow AI Tank Launch angle not within tolerances, adjusting firing solution...
<<<15:31:46:389676>>>  Tank #3 Yellow AI Tank adjusted targeting angle one unit CCW...
<<<15:31:46:405825>>>  Tank #2 Red AI Tank moved one unit CCW...
<<<15:31:46:405825>>>  Tank #3 Yellow AI Tank is checking targeting info...
<<<15:31:46:405825>>>  Tank #3 Yellow AI Tank Launch angle not within tolerances, adjusting firing solution...
<<<15:31:46:405825>>>  Tank #3 Yellow AI Tank adjusted targeting angle one unit CCW...
<<<15:31:46:421533>>>  Tank #2 Red AI Tank moved one unit CCW...
<<<15:31:46:421533>>>  Tank #3 Yellow AI Tank is checking targeting info...
<<<15:31:46:421533>>>  Tank #3 Yellow AI Tank Launch angle not within tolerances, adjusting firing solution...
<<<15:31:46:421533>>>  Tank #3 Yellow AI Tank adjusted targeting angle one unit CCW...
<<<15:31:46:437770>>>  Tank #2 Red AI Tank moved one unit CCW...
<<<15:31:46:437770>>>  Tank #3 Yellow AI Tank is checking targeting info...
<<<15:31:46:437770>>>  Tank #3 Yellow AI Tank Launch angle not within tolerances, adjusting firing solution...
<<<15:31:46:437770>>>  Tank #3 Yellow AI Tank adjusted targeting angle one unit CCW...
<<<15:31:46:454954>>>  Tank #2 Red AI Tank moved one unit CCW...
<<<15:31:46:454954>>>  Tank #3 Yellow AI Tank is checking targeting info...
<<<15:31:46:454954>>>  Tank #3 Yellow AI Tank Launch angle not within tolerances, adjusting firing solution...
<<<15:31:46:454954>>>  Tank #3 Yellow AI Tank adjusted targeting angle one unit CCW...
<<<15:31:46:471041>>>  Tank #2 Red AI Tank moved one unit CCW...
<<<15:31:46:471041>>>  Tank #3 Yellow AI Tank is checking targeting info...
<<<15:31:46:471041>>>  Tank #3 Yellow AI Tank Launch angle not within tolerances, adjusting firing solution...
<<<15:31:46:471041>>>  Tank #3 Yellow AI Tank adjusted targeting angle one unit CCW...
<<<15:31:46:487074>>>  Tank #2 Red AI Tank moved one unit CCW...
<<<15:31:46:487074>>>  Tank #3 Yellow AI Tank is checking targeting info...
<<<15:31:46:487074>>>  Tank #3 Yellow AI Tank Launch angle not within tolerances, adjusting firing solution...
<<<15:31:46:487074>>>  Tank #3 Yellow AI Tank adjusted targeting angle one unit CCW...
<<<15:31:46:502820>>>  Tank #2 Red AI Tank moved one unit CCW...
<<<15:31:46:502820>>>  Tank #3 Yellow AI Tank is checking targeting info...
<<<15:31:46:502820>>>  Tank #3 Yellow AI Tank Launch angle not within tolerances, adjusting firing solution...
<<<15:31:46:502820>>>  Tank #3 Yellow AI Tank adjusted targeting angle one unit CCW...
<<<15:31:46:519087>>>  Tank #2 Red AI Tank moved one unit CCW...
<<<15:31:46:519087>>>  Tank #3 Yellow AI Tank is checking targeting info...
<<<15:31:46:519087>>>  Tank #3 Yellow AI Tank Launch angle not within tolerances, adjusting firing solution...
<<<15:31:46:519087>>>  Tank #3 Yellow AI Tank adjusted targeting angle one unit CCW...
<<<15:31:46:534986>>>  Tank #2 Red AI Tank moved one unit CCW...
<<<15:31:46:534986>>>  Tank #3 Yellow AI Tank is checking targeting info...
<<<15:31:46:534986>>>  Tank #3 Yellow AI Tank Launch angle not within tolerances, adjusting firing solution...
<<<15:31:46:534986>>>  Tank #3 Yellow AI Tank adjusted targeting angle one unit CCW...
<<<15:31:46:550724>>>  Tank #2 Red AI Tank moved one unit CCW...
<<<15:31:46:550724>>>  Tank #3 Yellow AI Tank is checking targeting info...
<<<15:31:46:550724>>>  Tank #3 Yellow AI Tank Launch angle not within tolerances, adjusting firing solution...
<<<15:31:46:550724>>>  Tank #3 Yellow AI Tank adjusted targeting angle one unit CCW...
<<<15:31:46:567517>>>  Tank #2 Red AI Tank moved one unit CCW...
<<<15:31:46:567517>>>  Tank #3 Yellow AI Tank is checking targeting info...
<<<15:31:46:567517>>>  Tank #3 Yellow AI Tank Launch angle not within tolerances, adjusting firing solution...
<<<15:31:46:567517>>>  Tank #3 Yellow AI Tank adjusted targeting angle one unit CCW...
<<<15:31:46:584890>>>  Tank #2 Red AI Tank moved one unit CCW...
<<<15:31:46:584890>>>  Tank #3 Yellow AI Tank is checking targeting info...
<<<15:31:46:584890>>>  Tank #3 Yellow AI Tank Launch angle not within tolerances, adjusting firing solution...
<<<15:31:46:584890>>>  Tank #3 Yellow AI Tank adjusted targeting angle one unit CCW...
<<<15:31:46:601260>>>  Tank #2 Red AI Tank moved one unit CCW...
<<<15:31:46:601260>>>  Tank #3 Yellow AI Tank is checking targeting info...
<<<15:31:46:601260>>>  Tank #3 Yellow AI Tank Launch angle not within tolerances, adjusting firing solution...
<<<15:31:46:601260>>>  Tank #3 Yellow AI Tank adjusted targeting angle one unit CCW...
<<<15:31:46:617031>>>  Tank #2 Red AI Tank moved one unit CCW...
<<<15:31:46:617031>>>  Tank #3 Yellow AI Tank is checking targeting info...
<<<15:31:46:617031>>>  Tank #3 Yellow AI Tank Launch angle not within tolerances, adjusting firing solution...
<<<15:31:46:617031>>>  Tank #3 Yellow AI Tank adjusted targeting angle one unit CCW...
<<<15:31:46:632679>>>  Tank #2 Red AI Tank moved one unit CCW...
<<<15:31:46:632679>>>  Tank #3 Yellow AI Tank is checking targeting info...
<<<15:31:46:632679>>>  Tank #3 Yellow AI Tank Launch angle not within tolerances, adjusting firing solution...
<<<15:31:46:632679>>>  Tank #3 Yellow AI Tank adjusted targeting angle one unit CCW...
<<<15:31:46:649455>>>  Tank #2 Red AI Tank moved one unit CCW...
<<<15:31:46:649455>>>  Tank #3 Yellow AI Tank is checking targeting info...
<<<15:31:46:649455>>>  Tank #3 Yellow AI Tank Launch angle not within tolerances, adjusting firing solution...
<<<15:31:46:649455>>>  Tank #3 Yellow AI Tank adjusted targeting angle one unit CCW...
<<<15:31:46:666436>>>  Tank #2 Red AI Tank moved one unit CCW...
<<<15:31:46:666436>>>  Tank #3 Yellow AI Tank is checking targeting info...
<<<15:31:46:666436>>>  Tank #3 Yellow AI Tank Launch angle not within tolerances, adjusting firing solution...
<<<15:31:46:666436>>>  Tank #3 Yellow AI Tank adjusted targeting angle one unit CCW...
<<<15:31:46:682703>>>  Tank #2 Red AI Tank moved one unit CCW...
<<<15:31:46:682703>>>  Tank #3 Yellow AI Tank is checking targeting info...
<<<15:31:46:682703>>>  Tank #3 Yellow AI Tank Launch angle not within tolerances, adjusting firing solution...
<<<15:31:46:682703>>>  Tank #3 Yellow AI Tank adjusted targeting angle one unit CCW...
<<<15:31:46:700023>>>  Tank #3 Yellow AI Tank is checking targeting info...
<<<15:31:46:700023>>>  Tank #3 Yellow AI Tank Launch angle not within tolerances, adjusting firing solution...
<<<15:31:46:700023>>>  Tank #3 Yellow AI Tank adjusted targeting angle one unit CCW...
<<<15:31:46:716434>>>
* *** Tank #2 Red AI Tank USING CLEAR SKIES FUNCTION ***
* Moon #2 at (12140.632734210672, -1222.755239242242), angle -0.10037745371372654 rads.
* Tank #2 Red AI Tank at (-2991.003326508945, -5625.259114104205), angle 4.223696789826271.
* Angle Between is 1.9591110636395879 rads.
<<<15:31:46:716434>>>  Tank #2 Red AI Tank saw no celestials or cannonballs above their heads and is casting Gravity...
<<<15:31:46:716434>>>  Successfully removed spellready icon from Tank #2 Red AI Tank's effect list!
<<<15:31:46:716434>>>  Tank #3 Yellow AI Tank is checking targeting info...
<<<15:31:46:716434>>>  Tank #3 Yellow AI Tank Launch angle not within tolerances, adjusting firing solution...
<<<15:31:46:716434>>>  Tank #3 Yellow AI Tank adjusted targeting angle one unit CCW...
<<<15:31:46:733312>>>  Tank #3 Yellow AI Tank is checking targeting info...
<<<15:31:46:733312>>>  Tank #3 Yellow AI Tank Launch angle not within tolerances, adjusting firing solution...
<<<15:31:46:733312>>>  Tank #3 Yellow AI Tank adjusted targeting angle one unit CCW...
<<<15:31:46:748804>>>  Tank #3 Yellow AI Tank is checking targeting info...
<<<15:31:46:748804>>>  Tank #3 Yellow AI Tank Launch angle not within tolerances, adjusting firing solution...
<<<15:31:46:748804>>>  Tank #3 Yellow AI Tank adjusted targeting angle one unit CCW...
<<<15:31:46:764887>>>  Tank #3 Yellow AI Tank is checking targeting info...
<<<15:31:46:764887>>>  Tank #3 Yellow AI Tank Launch angle not within tolerances, adjusting firing solution...
<<<15:31:46:764887>>>  Tank #3 Yellow AI Tank adjusted targeting angle one unit CCW...
<<<15:31:46:781246>>>  Tank #3 Yellow AI Tank is checking targeting info...
<<<15:31:46:781246>>>  Tank #3 Yellow AI Tank Launch angle not within tolerances, adjusting firing solution...
<<<15:31:46:781246>>>  Tank #3 Yellow AI Tank adjusted targeting angle one unit CCW...
<<<15:31:46:797592>>>  Tank #3 Yellow AI Tank is checking targeting info...
<<<15:31:46:797592>>>  Tank #3 Yellow AI Tank Launch angle not within tolerances, adjusting firing solution...
<<<15:31:46:797592>>>  Tank #3 Yellow AI Tank adjusted targeting angle one unit CCW...
<<<15:31:46:813655>>>  Tank #3 Yellow AI Tank is checking targeting info...
<<<15:31:46:813655>>>  Tank #3 Yellow AI Tank Launch angle not within tolerances, adjusting firing solution...
<<<15:31:46:813655>>>  Tank #3 Yellow AI Tank adjusted targeting angle one unit CCW...
<<<15:31:46:829846>>>  Tank #3 Yellow AI Tank is checking targeting info...
<<<15:31:46:829846>>>  Tank #3 Yellow AI Tank Launch angle not within tolerances, adjusting firing solution...
<<<15:31:46:829846>>>  Tank #3 Yellow AI Tank adjusted targeting angle one unit CCW...
<<<15:31:46:846203>>>  Tank #3 Yellow AI Tank is checking targeting info...
<<<15:31:46:846203>>>  Tank #3 Yellow AI Tank Launch angle not within tolerances, adjusting firing solution...
<<<15:31:46:846203>>>  Tank #3 Yellow AI Tank adjusted targeting angle one unit CCW...
<<<15:31:46:862669>>>  Tank #3 Yellow AI Tank is checking targeting info...
<<<15:31:46:862669>>>  Tank #3 Yellow AI Tank Launch angle not within tolerances, adjusting firing solution...
<<<15:31:46:862669>>>  Tank #3 Yellow AI Tank adjusted targeting angle one unit CCW...
<<<15:31:46:878683>>>  Tank #3 Yellow AI Tank is checking targeting info...
<<<15:31:46:878683>>>  Tank #3 Yellow AI Tank Launch angle not within tolerances, adjusting firing solution...
<<<15:31:46:878683>>>  Tank #3 Yellow AI Tank adjusted targeting angle one unit CCW...
<<<15:31:46:894808>>>  Tank #3 Yellow AI Tank is checking targeting info...
<<<15:31:46:894808>>>  Tank #3 Yellow AI Tank Launch angle not within tolerances, adjusting firing solution...
<<<15:31:46:894808>>>  Tank #3 Yellow AI Tank adjusted targeting angle one unit CCW...
<<<15:31:46:911203>>>  Tank #3 Yellow AI Tank is checking targeting info...
<<<15:31:46:911203>>>  Tank #3 Yellow AI Tank Launch angle not within tolerances, adjusting firing solution...
<<<15:31:46:911203>>>  Tank #3 Yellow AI Tank adjusted targeting angle one unit CCW...
<<<15:31:46:927129>>>  Tank #3 Yellow AI Tank is checking targeting info...
<<<15:31:46:927129>>>  Tank #3 Yellow AI Tank Launch angle not within tolerances, adjusting firing solution...
<<<15:31:46:927129>>>  Tank #3 Yellow AI Tank adjusted targeting angle one unit CCW...
<<<15:31:46:942663>>>  Tank #3 Yellow AI Tank is checking targeting info...
<<<15:31:46:942663>>>  Tank #3 Yellow AI Tank Launch angle not within tolerances, adjusting firing solution...
<<<15:31:46:942663>>>  Tank #3 Yellow AI Tank adjusted targeting angle one unit CCW...
<<<15:31:46:959050>>>  Tank #3 Yellow AI Tank is checking targeting info...
<<<15:31:46:959050>>>  Tank #3 Yellow AI Tank Launch angle not within tolerances, adjusting firing solution...
<<<15:31:46:959050>>>  Tank #3 Yellow AI Tank adjusted targeting angle one unit CCW...
<<<15:31:46:976540>>>  Tank #3 Yellow AI Tank is checking targeting info...
<<<15:31:46:976540>>>  Tank #3 Yellow AI Tank Launch angle not within tolerances, adjusting firing solution...
<<<15:31:46:976540>>>  Tank #3 Yellow AI Tank adjusted targeting angle one unit CCW...
<<<15:31:46:993545>>>  Tank #3 Yellow AI Tank is checking targeting info...
<<<15:31:46:993545>>>  Tank #3 Yellow AI Tank Launch angle not within tolerances, adjusting firing solution...
<<<15:31:46:993545>>>  Tank #3 Yellow AI Tank adjusted targeting angle one unit CCW...
<<<15:31:47:010165>>>  Tank #3 Yellow AI Tank is checking targeting info...
<<<15:31:47:010165>>>  Tank #3 Yellow AI Tank Launch angle not within tolerances, adjusting firing solution...
<<<15:31:47:010165>>>  Tank #3 Yellow AI Tank adjusted targeting angle one unit CCW...
<<<15:31:47:026763>>>  Tank #3 Yellow AI Tank is checking targeting info...
<<<15:31:47:026763>>>  Tank #3 Yellow AI Tank Launch angle not within tolerances, adjusting firing solution...
<<<15:31:47:026763>>>  Tank #3 Yellow AI Tank adjusted targeting angle one unit CCW...
<<<15:31:47:042704>>>  Tank #3 Yellow AI Tank is checking targeting info...
<<<15:31:47:042704>>>  Tank #3 Yellow AI Tank Launch angle not within tolerances, adjusting firing solution...
<<<15:31:47:042704>>>  Tank #3 Yellow AI Tank adjusted targeting angle one unit CCW...
<<<15:31:47:059109>>>  Tank #3 Yellow AI Tank is checking targeting info...
<<<15:31:47:059109>>>  Tank #3 Yellow AI Tank Launch angle not within tolerances, adjusting firing solution...
<<<15:31:47:059109>>>  Tank #3 Yellow AI Tank adjusted targeting angle one unit CCW...
<<<15:31:47:075369>>>  Tank #3 Yellow AI Tank is checking targeting info...
<<<15:31:47:075369>>>  Tank #3 Yellow AI Tank Launch angle not within tolerances, adjusting firing solution...
<<<15:31:47:075369>>>  Tank #3 Yellow AI Tank adjusted targeting angle one unit CCW...
<<<15:31:47:091523>>>  Tank #3 Yellow AI Tank is checking targeting info...
<<<15:31:47:091523>>>  Tank #3 Yellow AI Tank Launch angle not within tolerances, adjusting firing solution...
<<<15:31:47:091523>>>  Tank #3 Yellow AI Tank adjusted targeting angle one unit CCW...
<<<15:31:47:108814>>>  Tank #3 Yellow AI Tank is checking targeting info...
<<<15:31:47:108814>>>  Tank #3 Yellow AI Tank Launch angle not within tolerances, adjusting firing solution...
<<<15:31:47:108814>>>  Tank #3 Yellow AI Tank adjusted targeting angle one unit CCW...
<<<15:31:47:125476>>>  Tank #3 Yellow AI Tank is checking targeting info...
<<<15:31:47:125476>>>  Tank #3 Yellow AI Tank Launch angle not within tolerances, adjusting firing solution...
<<<15:31:47:125476>>>  Tank #3 Yellow AI Tank adjusted targeting angle one unit CCW...
<<<15:31:47:141755>>>  Tank #3 Yellow AI Tank is checking targeting info...
<<<15:31:47:141755>>>  Tank #3 Yellow AI Tank Launch angle not within tolerances, adjusting firing solution...
<<<15:31:47:141755>>>  Tank #3 Yellow AI Tank adjusted targeting angle one unit CCW...
<<<15:31:47:158617>>>  Tank #3 Yellow AI Tank is checking targeting info...
<<<15:31:47:158617>>>  Tank #3 Yellow AI Tank Launch angle not within tolerances, adjusting firing solution...
<<<15:31:47:158617>>>  Tank #3 Yellow AI Tank adjusted targeting angle one unit CCW...
<<<15:31:47:175511>>>  Tank #3 Yellow AI Tank is checking targeting info...
<<<15:31:47:175511>>>  Tank #3 Yellow AI Tank Launch angle not within tolerances, adjusting firing solution...
<<<15:31:47:175511>>>  Tank #3 Yellow AI Tank adjusted targeting angle one unit CCW...
<<<15:31:47:191656>>>  Tank #3 Yellow AI Tank is checking targeting info...
<<<15:31:47:191656>>>  Tank #3 Yellow AI Tank Launch angle not within tolerances, adjusting firing solution...
<<<15:31:47:191656>>>  Tank #3 Yellow AI Tank adjusted targeting angle one unit CCW...
<<<15:31:47:208138>>>  Tank #3 Yellow AI Tank is checking targeting info...
<<<15:31:47:208138>>>  Tank #3 Yellow AI Tank firing solution within tolerances, not adjusting firing solution...
<<<15:31:47:208138>>>  Tank #3 Yellow AI Tank attempting to fire cannonball...
<<<15:31:47:224608>>>  Successfully removed spellready icon from Tank #3 Yellow AI Tank's effect list!
<<<15:31:47:504753>>>  Successfully removed spellbook from Tank #2 Red AI Tank's effect list!
<<<15:31:47:504753>>>  Tank #2 Red AI Tank chose to shoot...
<<<15:31:47:504753>>>  Deleting effect pixie gravity-rising...
<<<15:31:48:947116>>>
* INFORMATION FOR Tank #1 Green Player Tank's CANNONBALLS:
* Cannonballs in memory for Tank #1 Green Player Tank:  0.
* Total cannonballs fired or chambered for Tank #1 Green Player Tank:  0.
<<<15:31:48:947116>>>
* INFORMATION FOR Tank #2 Red AI Tank's CANNONBALLS:
* Cannonballs in memory for Tank #2 Red AI Tank:  1.
* Total cannonballs fired or chambered for Tank #2 Red AI Tank:  1.
<<<15:31:48:947116>>>
* CURRENT VALUES FOR CELESTIAL BODY:  Tank #2 Red AI Tank's Cannonball #1
* This is not the homeworld.
* The celestial boyd's density is 5515 kg/m^3.
* The celestial body's mass is 1000 kg.
* The Earth's mass is 5.972e+24 kg.
* The celestial body's radius is 0.001 km.
* The celestial body's coordinates are (-3056.798863799814, -5613.74494369056).
* The celestial body's velocity is (-2.5681311988508937, -4.956707360309599).
* The celestial body's speed is 5.582494577718699 km/s.
* The celestial body's acceleration is (0, 0).
* The celestial body's screen x and y coordinates are (756, 529).
* The celestial body's screen radius is 2.
* The celestial is using a body circle.
<<<15:31:48:947116>>>
* ADDITIONAL INFORMATION FOR Tank #2 Red AI Tank's Cannonball #1:
* This cannonball is chambered.
<<<15:31:48:947116>>>
* INFORMATION FOR Tank #3 Yellow AI Tank's CANNONBALLS:
* Cannonballs in memory for Tank #3 Yellow AI Tank:  2.
* Total cannonballs fired or chambered for Tank #3 Yellow AI Tank:  2.
<<<15:31:48:947116>>>
* CURRENT VALUES FOR CELESTIAL BODY:  Tank #3 Yellow AI Tank's Cannonball #1
* This is not the homeworld.
* The celestial boyd's density is 5515 kg/m^3.
* The celestial body's mass is 1000 kg.
* The Earth's mass is 5.972e+24 kg.
* The celestial body's radius is 0.001 km.
* The celestial body's coordinates are (4027.1548410378164, -14730.643298128725).
* The celestial body's velocity is (-2.001670386955578, -3.3632667601031).
* The celestial body's speed is 3.913853297918727 km/s.
* The celestial body's acceleration is (-0.00045313930875225307, 0.001665143991070068).
* The celestial body's screen x and y coordinates are (856, 658).
* The celestial body's screen radius is 10.
* The celestial is using a pix found at False.
<<<15:31:48:947116>>>
* ADDITIONAL INFORMATION FOR Tank #3 Yellow AI Tank's Cannonball #1:
* This cannonball is active.
* This ball is armed.
<<<15:31:48:947116>>>
* CURRENT VALUES FOR CELESTIAL BODY:  Tank #3 Yellow AI Tank's Cannonball #2
* This is not the homeworld.
* The celestial boyd's density is 5515 kg/m^3.
* The celestial body's mass is 1000 kg.
* The Earth's mass is 5.972e+24 kg.
* The celestial body's radius is 0.001 km.
* The celestial body's coordinates are (12290.43957566456, 704.8246575021631).
* The celestial body's velocity is (4.4749508095298856, 3.9734795284044497).
* The celestial body's speed is 5.984456893516857 km/s.
* The celestial body's acceleration is (-0.002721595742865009, -4.595505102262008e-05).
* The celestial body's screen x and y coordinates are (973, 440).
* The celestial body's screen radius is 10.
* The celestial is using a pix found at False.
<<<15:31:48:947116>>>
* ADDITIONAL INFORMATION FOR Tank #3 Yellow AI Tank's Cannonball #2:
* This cannonball is active.
* This ball is armed.
<<<15:31:48:947116>>>  Quit through pygame and writing log file...
