<<<10:28:46:110805>>>  Pix\Homeworlds\Desert\1.png loaded as pixie for Earth...
<<<10:28:46:110805>>>  Image at Pix\Homeworlds\Desert\1.png chosen as homeworld pix for Earth's...
<<<10:28:46:110805>>>  Pix\Moons\9.png loaded as pixie for Moon #2...
<<<10:28:46:187598>>>  Pix\Snails\Green_Snail\Spells\Spellready_Icon\spellready.png returned as pixie for Snail #1 Green Player...
<<<10:28:46:188629>>>  Pix\Magic\Scroll\scroll.png returned as pixie for Snail #1 Green Player...
<<<10:28:46:188629>>>  Snail #1 Green Player successfully created!
<<<10:28:46:263428>>>  Pix\Snails\Red_Snail\Spells\Spellready_Icon\spellready.png returned as pixie for Snail #2 Red Player...
<<<10:28:46:263428>>>  Pix\Magic\Scroll\scroll.png returned as pixie for Snail #2 Red Player...
<<<10:28:46:264424>>>  Snail #2 Red Player successfully created!
<<<10:29:05:479555>>>  Snail #1 Green Player chambered cannonball...
<<<10:29:05:479555>>>
* CURRENT VALUES FOR CELESTIAL BODY:  Snail #1 Green Player's Cannonball #1
* This is not the homeworld.
* The celestial boyd's density is 5515 kg/m^3.
* The celestial body's mass is 1000 kg.
* The Earth's mass is 5.972e+24 kg.
* The celestial body's radius is 0.001 km.
* The celestial body's coordinates are (-6336.098995391262, 665.9508394782923).
* The celestial body's velocity is (-5.6338857198524295, 0.644796916675158).
* The celestial body's speed is 5.670664102916953 km/s.
* The celestial body's acceleration is (0, 0).
* The celestial body's screen x and y coordinates are (682, 422).
* The celestial body's screen radius is 2.
* The celestial is using a body circle.
<<<10:29:05:479555>>>
* ADDITIONAL INFORMATION FOR Snail #1 Green Player's Cannonball #1:
* This cannonball is chambered.
<<<10:29:05:987890>>>  ERROR: Snail #1 Green Player can't chamber cannonball, already one in chamber...
<<<10:29:06:182513>>>  ERROR: Snail #1 Green Player can't chamber cannonball, already one in chamber...
<<<10:29:06:351275>>>  ERROR: Snail #1 Green Player can't chamber cannonball, already one in chamber...
<<<10:29:27:610174>>>  Snail #1 Green Player's Cannonball #1 explosion timer has expired, marked for removal...
<<<10:29:28:222315>>>
* INFORMATION FOR Snail #1 Green Player's CANNONBALLS:
* Cannonballs in memory for Snail #1 Green Player:  0.
* Total cannonballs fired or chambered for Snail #1 Green Player:  1.
<<<10:29:28:222315>>>
* INFORMATION FOR Snail #2 Red Player's CANNONBALLS:
* Cannonballs in memory for Snail #2 Red Player:  0.
* Total cannonballs fired or chambered for Snail #2 Red Player:  0.
<<<10:29:28:222315>>>  Quit through pygame and writing log file...
