<<<17:16:39:391011>>>  Pix\Homeworlds\Ocean\1.png loaded as pixie for Earth...
<<<17:16:39:391011>>>  Image at Pix\Homeworlds\Ocean\1.png chosen as homeworld pix for Earth's...
<<<17:16:39:406862>>>  Pix\Moons\10.png loaded as pixie for Moon #2...
<<<17:16:39:480695>>>  Pix\Snails\Green_Snail\Spells\Spellready_Icon\spellready.png returned as pixie for Snail #1 Green Player...
<<<17:16:39:480695>>>  Pix\Magic\Scroll\scroll.png returned as pixie for Snail #1 Green Player...
<<<17:16:39:481917>>>  Snail #1 Green Player successfully created!
<<<17:16:39:552761>>>  Pix\Snails\Red_Snail\Spells\Spellready_Icon\spellready.png returned as pixie for Snail #2 Red Player...
<<<17:16:39:553758>>>  Pix\Magic\Scroll\scroll.png returned as pixie for Snail #2 Red Player...
<<<17:16:39:553758>>>  Snail #2 Red Player successfully created!
<<<17:16:39:653459>>>  Snail #1 Green Player chambered cannonball...
<<<17:16:39:653459>>>
* CURRENT VALUES FOR CELESTIAL BODY:  Snail #1 Green Player's Cannonball #1
* This is not the homeworld.
* The celestial boyd's density is 5515 kg/m^3.
* The celestial body's mass is 1000 kg.
* The Earth's mass is 5.972e+24 kg.
* The celestial body's radius is 0.001 km.
* The celestial body's coordinates are (3.9011123786838936e-13, 6371.0).
* The celestial body's velocity is (0.0008063819945716538, 5.594225230804587).
* The celestial body's speed is 5.5942252889227255 km/s.
* The celestial body's acceleration is (0, 0).
* The celestial body's screen x and y coordinates are (768, 345).
* The celestial body's screen radius is 2.
* The celestial is using a body circle.
<<<17:16:39:653459>>>
* ADDITIONAL INFORMATION FOR Snail #1 Green Player's Cannonball #1:
* This cannonball is chambered.
<<<17:16:55:508086>>>
* INFORMATION FOR Snail #1 Green Player's CANNONBALLS:
* Cannonballs in memory for Snail #1 Green Player:  1.
* Total cannonballs fired or chambered for Snail #1 Green Player:  1.
<<<17:16:55:508086>>>
* CURRENT VALUES FOR CELESTIAL BODY:  Snail #1 Green Player's Cannonball #1
* This is not the homeworld.
* The celestial boyd's density is 5515 kg/m^3.
* The celestial body's mass is 1000 kg.
* The Earth's mass is 5.972e+24 kg.
* The celestial body's radius is 0.001 km.
* The celestial body's coordinates are (-160.71039993640696, 5912.9656376284465).
* The celestial body's velocity is (0.0008063819945716538, 5.594225230804587).
* The celestial body's speed is 5.5942252889227255 km/s.
* The celestial body's acceleration is (0, 0).
* The celestial body's screen x and y coordinates are (765, 351).
* The celestial body's screen radius is 2.
* The celestial is using a body circle.
<<<17:16:55:508086>>>
* ADDITIONAL INFORMATION FOR Snail #1 Green Player's Cannonball #1:
* This cannonball is chambered.
<<<17:16:55:508086>>>
* INFORMATION FOR Snail #2 Red Player's CANNONBALLS:
* Cannonballs in memory for Snail #2 Red Player:  0.
* Total cannonballs fired or chambered for Snail #2 Red Player:  0.
<<<17:16:55:508086>>>  Quit through pygame and writing log file...
