<<<13:16:26:465273>>>
* Screen coordinates (1405, 212) choosen in zone #4.
* Screen dimensions are 1536 wide by 864 high.
* Minimum (x, y) are (1280, 144).
* Maximum (x, y) are (1536, 720).
* Mid (x, y) are (1408, 432).
<<<13:16:26:465273>>>  Image at Pix\Faraway_Objects\Suns\7.png choosen for background...
<<<13:16:26:466272>>>
* Screen coordinates (1330, 763) choosen in zone #5.
* Screen dimensions are 1536 wide by 864 high.
* Minimum (x, y) are (1280, 720).
* Maximum (x, y) are (1536, 864).
* Mid (x, y) are (1408, 792).
<<<13:16:26:466272>>>  Image at Pix\Faraway_Objects\Asteroids\1.png choosen for background...
<<<13:16:26:474250>>>  Pix\Homeworlds\Lava\2.png loaded as pixie for Earth and scaled to body circle...
<<<13:16:26:474250>>>  Image at Pix\Homeworlds\Lava\2.png chosen as homeworld pix for Earth's...
<<<13:16:26:475214>>>  Pix\Moons\11.png loaded as pixie for Moon #2 and scaled to body circle...
<<<13:16:26:500031>>>  Enemy Tank chose to shoot...
<<<13:16:26:501995>>>  Enemy Tank is checking targeting info...
<<<13:16:26:501995>>>  Enemy Tank Launch angle not within tolerances, adjusting firing solution...
<<<13:16:26:501995>>>  Enemy Tank Launch speed not within tolerances, adjusting firing solution...
<<<13:16:26:501995>>>  Enemy Tank adjusted targeting angle one unit CW...
<<<13:16:26:503988>>>  Enemy Tank is checking targeting info...
<<<13:16:26:504986>>>  Enemy Tank Launch angle not within tolerances, adjusting firing solution...
<<<13:16:26:504986>>>  Enemy Tank Launch speed not within tolerances, adjusting firing solution...
<<<13:16:26:504986>>>  Enemy Tank adjusted targeting angle one unit CW...
<<<13:16:26:520042>>>  Enemy Tank is checking targeting info...
<<<13:16:26:520042>>>  Enemy Tank Launch angle not within tolerances, adjusting firing solution...
<<<13:16:26:520042>>>  Enemy Tank Launch speed not within tolerances, adjusting firing solution...
<<<13:16:26:520042>>>  Enemy Tank adjusted targeting angle one unit CW...
<<<13:16:26:536872>>>  Enemy Tank is checking targeting info...
<<<13:16:26:536872>>>  Enemy Tank Launch angle not within tolerances, adjusting firing solution...
<<<13:16:26:536872>>>  Enemy Tank Launch speed not within tolerances, adjusting firing solution...
<<<13:16:26:536872>>>  Enemy Tank adjusted targeting angle one unit CW...
<<<13:16:26:551028>>>  Enemy Tank is checking targeting info...
<<<13:16:26:552027>>>  Enemy Tank Launch angle not within tolerances, adjusting firing solution...
<<<13:16:26:552027>>>  Enemy Tank Launch speed not within tolerances, adjusting firing solution...
<<<13:16:26:552027>>>  Enemy Tank adjusted targeting angle one unit CW...
<<<13:16:26:568173>>>  Enemy Tank is checking targeting info...
<<<13:16:26:568173>>>  Enemy Tank Launch angle not within tolerances, adjusting firing solution...
<<<13:16:26:568173>>>  Enemy Tank Launch speed not within tolerances, adjusting firing solution...
<<<13:16:26:568173>>>  Enemy Tank adjusted targeting angle one unit CW...
<<<13:16:26:583624>>>  Enemy Tank is checking targeting info...
<<<13:16:26:583624>>>  Enemy Tank Launch angle not within tolerances, adjusting firing solution...
<<<13:16:26:583624>>>  Enemy Tank Launch speed not within tolerances, adjusting firing solution...
<<<13:16:26:583624>>>  Enemy Tank adjusted targeting angle one unit CW...
<<<13:16:26:601339>>>  Enemy Tank is checking targeting info...
<<<13:16:26:601339>>>  Enemy Tank Launch angle not within tolerances, adjusting firing solution...
<<<13:16:26:601339>>>  Enemy Tank Launch speed not within tolerances, adjusting firing solution...
<<<13:16:26:601339>>>  Enemy Tank adjusted targeting angle one unit CW...
<<<13:16:26:617357>>>  Enemy Tank is checking targeting info...
<<<13:16:26:617357>>>  Enemy Tank Launch angle not within tolerances, adjusting firing solution...
<<<13:16:26:617357>>>  Enemy Tank Launch speed not within tolerances, adjusting firing solution...
<<<13:16:26:617357>>>  Enemy Tank adjusted targeting angle one unit CW...
<<<13:16:26:633870>>>  Enemy Tank is checking targeting info...
<<<13:16:26:633870>>>  Enemy Tank Launch angle not within tolerances, adjusting firing solution...
<<<13:16:26:633870>>>  Enemy Tank Launch speed not within tolerances, adjusting firing solution...
<<<13:16:26:633870>>>  Enemy Tank adjusted targeting angle one unit CW...
<<<13:16:26:650892>>>  Enemy Tank is checking targeting info...
<<<13:16:26:650892>>>  Enemy Tank Launch angle not within tolerances, adjusting firing solution...
<<<13:16:26:650892>>>  Enemy Tank Launch speed not within tolerances, adjusting firing solution...
<<<13:16:26:650892>>>  Enemy Tank adjusted targeting angle one unit CW...
<<<13:16:26:667754>>>  Enemy Tank is checking targeting info...
<<<13:16:26:667754>>>  Enemy Tank Launch angle not within tolerances, adjusting firing solution...
<<<13:16:26:667754>>>  Enemy Tank Launch speed not within tolerances, adjusting firing solution...
<<<13:16:26:667754>>>  Enemy Tank adjusted targeting angle one unit CW...
<<<13:16:26:684273>>>  Enemy Tank is checking targeting info...
<<<13:16:26:684273>>>  Enemy Tank Launch angle not within tolerances, adjusting firing solution...
<<<13:16:26:684273>>>  Enemy Tank Launch speed not within tolerances, adjusting firing solution...
<<<13:16:26:684273>>>  Enemy Tank adjusted targeting angle one unit CW...
<<<13:16:26:701220>>>  Enemy Tank is checking targeting info...
<<<13:16:26:701220>>>  Enemy Tank Launch angle not within tolerances, adjusting firing solution...
<<<13:16:26:701220>>>  Enemy Tank Launch speed not within tolerances, adjusting firing solution...
<<<13:16:26:701220>>>  Enemy Tank adjusted targeting angle one unit CW...
<<<13:16:26:717256>>>  Enemy Tank is checking targeting info...
<<<13:16:26:717256>>>  Enemy Tank Launch angle not within tolerances, adjusting firing solution...
<<<13:16:26:717256>>>  Enemy Tank Launch speed not within tolerances, adjusting firing solution...
<<<13:16:26:717256>>>  Enemy Tank adjusted targeting angle one unit CW...
<<<13:16:26:733865>>>  Enemy Tank is checking targeting info...
<<<13:16:26:733865>>>  Enemy Tank Launch angle not within tolerances, adjusting firing solution...
<<<13:16:26:733865>>>  Enemy Tank Launch speed not within tolerances, adjusting firing solution...
<<<13:16:26:733865>>>  Enemy Tank adjusted targeting angle one unit CW...
<<<13:16:26:750129>>>  Enemy Tank is checking targeting info...
<<<13:16:26:750129>>>  Enemy Tank Launch angle not within tolerances, adjusting firing solution...
<<<13:16:26:750129>>>  Enemy Tank Launch speed not within tolerances, adjusting firing solution...
<<<13:16:26:750129>>>  Enemy Tank adjusted targeting angle one unit CW...
<<<13:16:26:766776>>>  Enemy Tank is checking targeting info...
<<<13:16:26:766776>>>  Enemy Tank Launch angle not within tolerances, adjusting firing solution...
<<<13:16:26:766776>>>  Enemy Tank Launch speed not within tolerances, adjusting firing solution...
<<<13:16:26:766776>>>  Enemy Tank adjusted targeting angle one unit CW...
<<<13:16:26:783544>>>  Enemy Tank is checking targeting info...
<<<13:16:26:783544>>>  Enemy Tank Launch angle not within tolerances, adjusting firing solution...
<<<13:16:26:783544>>>  Enemy Tank Launch speed not within tolerances, adjusting firing solution...
<<<13:16:26:783544>>>  Enemy Tank adjusted targeting angle one unit CW...
<<<13:16:26:800744>>>  Enemy Tank is checking targeting info...
<<<13:16:26:800744>>>  Enemy Tank Launch angle not within tolerances, adjusting firing solution...
<<<13:16:26:800744>>>  Enemy Tank Launch speed not within tolerances, adjusting firing solution...
<<<13:16:26:800744>>>  Enemy Tank adjusted targeting angle one unit CW...
<<<13:16:26:818403>>>  Enemy Tank is checking targeting info...
<<<13:16:26:818403>>>  Enemy Tank Launch angle not within tolerances, adjusting firing solution...
<<<13:16:26:818403>>>  Enemy Tank Launch speed not within tolerances, adjusting firing solution...
<<<13:16:26:818403>>>  Enemy Tank adjusted targeting angle one unit CW...
<<<13:16:26:834263>>>  Enemy Tank is checking targeting info...
<<<13:16:26:834263>>>  Enemy Tank Launch angle not within tolerances, adjusting firing solution...
<<<13:16:26:834263>>>  Enemy Tank Launch speed not within tolerances, adjusting firing solution...
<<<13:16:26:834263>>>  Enemy Tank adjusted targeting angle one unit CW...
<<<13:16:26:850931>>>  Enemy Tank is checking targeting info...
<<<13:16:26:850931>>>  Enemy Tank Launch angle not within tolerances, adjusting firing solution...
<<<13:16:26:850931>>>  Enemy Tank Launch speed not within tolerances, adjusting firing solution...
<<<13:16:26:850931>>>  Enemy Tank adjusted targeting angle one unit CW...
<<<13:16:26:867084>>>  Enemy Tank is checking targeting info...
<<<13:16:26:867084>>>  Enemy Tank Launch angle not within tolerances, adjusting firing solution...
<<<13:16:26:867084>>>  Enemy Tank Launch speed not within tolerances, adjusting firing solution...
<<<13:16:26:867084>>>  Enemy Tank adjusted targeting angle one unit CW...
<<<13:16:26:882962>>>  Enemy Tank is checking targeting info...
<<<13:16:26:882962>>>  Enemy Tank Launch angle not within tolerances, adjusting firing solution...
<<<13:16:26:882962>>>  Enemy Tank Launch speed not within tolerances, adjusting firing solution...
<<<13:16:26:882962>>>  Enemy Tank adjusted targeting angle one unit CW...
<<<13:16:26:899041>>>  Enemy Tank is checking targeting info...
<<<13:16:26:899041>>>  Enemy Tank Launch angle not within tolerances, adjusting firing solution...
<<<13:16:26:899041>>>  Enemy Tank Launch speed not within tolerances, adjusting firing solution...
<<<13:16:26:899041>>>  Enemy Tank adjusted targeting angle one unit CW...
<<<13:16:26:915311>>>  Enemy Tank is checking targeting info...
<<<13:16:26:915311>>>  Enemy Tank Launch angle not within tolerances, adjusting firing solution...
<<<13:16:26:915311>>>  Enemy Tank Launch speed not within tolerances, adjusting firing solution...
<<<13:16:26:915311>>>  Enemy Tank adjusted targeting angle one unit CW...
<<<13:16:26:932561>>>  Enemy Tank is checking targeting info...
<<<13:16:26:932561>>>  Enemy Tank Launch angle not within tolerances, adjusting firing solution...
<<<13:16:26:932561>>>  Enemy Tank Launch speed not within tolerances, adjusting firing solution...
<<<13:16:26:932561>>>  Enemy Tank adjusted targeting angle one unit CW...
<<<13:16:26:949072>>>  Enemy Tank is checking targeting info...
<<<13:16:26:949072>>>  Enemy Tank Launch angle not within tolerances, adjusting firing solution...
<<<13:16:26:949072>>>  Enemy Tank Launch speed not within tolerances, adjusting firing solution...
<<<13:16:26:949072>>>  Enemy Tank adjusted targeting angle one unit CW...
<<<13:16:26:964695>>>  Enemy Tank is checking targeting info...
<<<13:16:26:964695>>>  Enemy Tank Launch angle not within tolerances, adjusting firing solution...
<<<13:16:26:964695>>>  Enemy Tank Launch speed not within tolerances, adjusting firing solution...
<<<13:16:26:964695>>>  Enemy Tank adjusted targeting angle one unit CW...
<<<13:16:26:982727>>>  Enemy Tank is checking targeting info...
<<<13:16:26:982727>>>  Enemy Tank Launch angle not within tolerances, adjusting firing solution...
<<<13:16:26:982727>>>  Enemy Tank Launch speed not within tolerances, adjusting firing solution...
<<<13:16:26:982727>>>  Enemy Tank adjusted targeting angle one unit CW...
<<<13:16:26:997906>>>  Enemy Tank is checking targeting info...
<<<13:16:26:997906>>>  Enemy Tank Launch angle not within tolerances, adjusting firing solution...
<<<13:16:26:997906>>>  Enemy Tank Launch speed not within tolerances, adjusting firing solution...
<<<13:16:26:997906>>>  Enemy Tank adjusted targeting angle one unit CW...
<<<13:16:27:014017>>>  Enemy Tank is checking targeting info...
<<<13:16:27:014017>>>  Enemy Tank Launch angle not within tolerances, adjusting firing solution...
<<<13:16:27:014017>>>  Enemy Tank Launch speed not within tolerances, adjusting firing solution...
<<<13:16:27:014017>>>  Enemy Tank adjusted targeting angle one unit CW...
<<<13:16:27:030071>>>  Enemy Tank is checking targeting info...
<<<13:16:27:030071>>>  Enemy Tank Launch angle not within tolerances, adjusting firing solution...
<<<13:16:27:030071>>>  Enemy Tank Launch speed not within tolerances, adjusting firing solution...
<<<13:16:27:030071>>>  Enemy Tank adjusted targeting angle one unit CW...
<<<13:16:27:046852>>>  Enemy Tank is checking targeting info...
<<<13:16:27:046852>>>  Enemy Tank Launch angle not within tolerances, adjusting firing solution...
<<<13:16:27:046852>>>  Enemy Tank Launch speed not within tolerances, adjusting firing solution...
<<<13:16:27:046852>>>  Enemy Tank adjusted targeting angle one unit CW...
<<<13:16:27:062285>>>  Enemy Tank is checking targeting info...
<<<13:16:27:062285>>>  Enemy Tank Launch angle not within tolerances, adjusting firing solution...
<<<13:16:27:062285>>>  Enemy Tank Launch speed not within tolerances, adjusting firing solution...
<<<13:16:27:062285>>>  Enemy Tank adjusted targeting angle one unit CW...
<<<13:16:27:078840>>>  Enemy Tank is checking targeting info...
<<<13:16:27:078840>>>  Enemy Tank Launch angle not within tolerances, adjusting firing solution...
<<<13:16:27:078840>>>  Enemy Tank Launch speed not within tolerances, adjusting firing solution...
<<<13:16:27:078840>>>  Enemy Tank adjusted targeting angle one unit CW...
<<<13:16:27:095604>>>  Enemy Tank is checking targeting info...
<<<13:16:27:095604>>>  Enemy Tank Launch angle not within tolerances, adjusting firing solution...
<<<13:16:27:095604>>>  Enemy Tank Launch speed not within tolerances, adjusting firing solution...
<<<13:16:27:095604>>>  Enemy Tank adjusted targeting angle one unit CW...
<<<13:16:27:111123>>>  Enemy Tank is checking targeting info...
<<<13:16:27:111123>>>  Enemy Tank Launch angle not within tolerances, adjusting firing solution...
<<<13:16:27:111123>>>  Enemy Tank Launch speed not within tolerances, adjusting firing solution...
<<<13:16:27:111123>>>  Enemy Tank adjusted targeting angle one unit CW...
<<<13:16:27:127187>>>  Enemy Tank is checking targeting info...
<<<13:16:27:127187>>>  Enemy Tank Launch angle not within tolerances, adjusting firing solution...
<<<13:16:27:127187>>>  Enemy Tank Launch speed not within tolerances, adjusting firing solution...
<<<13:16:27:127187>>>  Enemy Tank adjusted targeting angle one unit CW...
<<<13:16:27:143676>>>  Enemy Tank is checking targeting info...
<<<13:16:27:143676>>>  Enemy Tank Launch angle not within tolerances, adjusting firing solution...
<<<13:16:27:143676>>>  Enemy Tank Launch speed not within tolerances, adjusting firing solution...
<<<13:16:27:143676>>>  Enemy Tank adjusted targeting angle one unit CW...
<<<13:16:27:159962>>>  Enemy Tank is checking targeting info...
<<<13:16:27:159962>>>  Enemy Tank Launch angle not within tolerances, adjusting firing solution...
<<<13:16:27:159962>>>  Enemy Tank Launch speed not within tolerances, adjusting firing solution...
<<<13:16:27:159962>>>  Enemy Tank adjusted targeting angle one unit CW...
<<<13:16:27:176070>>>  Enemy Tank is checking targeting info...
<<<13:16:27:176070>>>  Enemy Tank Launch angle not within tolerances, adjusting firing solution...
<<<13:16:27:176070>>>  Enemy Tank Launch speed not within tolerances, adjusting firing solution...
<<<13:16:27:176070>>>  Enemy Tank adjusted targeting angle one unit CW...
<<<13:16:27:193466>>>  Enemy Tank is checking targeting info...
<<<13:16:27:193466>>>  Enemy Tank Launch angle not within tolerances, adjusting firing solution...
<<<13:16:27:193466>>>  Enemy Tank Launch speed not within tolerances, adjusting firing solution...
<<<13:16:27:193466>>>  Enemy Tank adjusted targeting angle one unit CW...
<<<13:16:27:208858>>>  Enemy Tank is checking targeting info...
<<<13:16:27:208858>>>  Enemy Tank Launch angle not within tolerances, adjusting firing solution...
<<<13:16:27:208858>>>  Enemy Tank Launch speed not within tolerances, adjusting firing solution...
<<<13:16:27:208858>>>  Enemy Tank adjusted targeting angle one unit CW...
<<<13:16:27:225061>>>  Enemy Tank is checking targeting info...
<<<13:16:27:225061>>>  Enemy Tank Launch angle not within tolerances, adjusting firing solution...
<<<13:16:27:225061>>>  Enemy Tank Launch speed not within tolerances, adjusting firing solution...
<<<13:16:27:225061>>>  Enemy Tank adjusted targeting angle one unit CW...
<<<13:16:27:241570>>>  Enemy Tank is checking targeting info...
<<<13:16:27:241570>>>  Enemy Tank Launch angle not within tolerances, adjusting firing solution...
<<<13:16:27:241570>>>  Enemy Tank Launch speed not within tolerances, adjusting firing solution...
<<<13:16:27:241570>>>  Enemy Tank adjusted targeting angle one unit CW...
<<<13:16:27:258839>>>  Enemy Tank is checking targeting info...
<<<13:16:27:258839>>>  Enemy Tank Launch angle not within tolerances, adjusting firing solution...
<<<13:16:27:258839>>>  Enemy Tank Launch speed not within tolerances, adjusting firing solution...
<<<13:16:27:258839>>>  Enemy Tank adjusted targeting angle one unit CW...
<<<13:16:27:275703>>>  Enemy Tank is checking targeting info...
<<<13:16:27:275703>>>  Enemy Tank Launch angle not within tolerances, adjusting firing solution...
<<<13:16:27:275703>>>  Enemy Tank Launch speed not within tolerances, adjusting firing solution...
<<<13:16:27:275703>>>  Enemy Tank adjusted targeting angle one unit CW...
<<<13:16:27:291812>>>  Enemy Tank is checking targeting info...
<<<13:16:27:291812>>>  Enemy Tank Launch angle not within tolerances, adjusting firing solution...
<<<13:16:27:291812>>>  Enemy Tank Launch speed not within tolerances, adjusting firing solution...
<<<13:16:27:291812>>>  Enemy Tank adjusted targeting angle one unit CW...
<<<13:16:27:309471>>>  Enemy Tank is checking targeting info...
<<<13:16:27:309471>>>  Enemy Tank Launch angle not within tolerances, adjusting firing solution...
<<<13:16:27:309471>>>  Enemy Tank Launch speed not within tolerances, adjusting firing solution...
<<<13:16:27:309471>>>  Enemy Tank adjusted targeting angle one unit CW...
<<<13:16:27:325645>>>  Enemy Tank is checking targeting info...
<<<13:16:27:325645>>>  Enemy Tank Launch angle not within tolerances, adjusting firing solution...
<<<13:16:27:325645>>>  Enemy Tank Launch speed not within tolerances, adjusting firing solution...
<<<13:16:27:325645>>>  Enemy Tank adjusted targeting angle one unit CW...
<<<13:16:27:341129>>>  Enemy Tank is checking targeting info...
<<<13:16:27:341129>>>  Enemy Tank Launch angle not within tolerances, adjusting firing solution...
<<<13:16:27:341129>>>  Enemy Tank Launch speed not within tolerances, adjusting firing solution...
<<<13:16:27:341129>>>  Enemy Tank adjusted targeting angle one unit CW...
<<<13:16:27:357172>>>  Enemy Tank is checking targeting info...
<<<13:16:27:357172>>>  Enemy Tank Launch angle not within tolerances, adjusting firing solution...
<<<13:16:27:357172>>>  Enemy Tank Launch speed not within tolerances, adjusting firing solution...
<<<13:16:27:357172>>>  Enemy Tank adjusted targeting angle one unit CW...
<<<13:16:27:373811>>>  Enemy Tank is checking targeting info...
<<<13:16:27:373811>>>  Enemy Tank Launch angle not within tolerances, adjusting firing solution...
<<<13:16:27:373811>>>  Enemy Tank Launch speed not within tolerances, adjusting firing solution...
<<<13:16:27:373811>>>  Enemy Tank adjusted targeting angle one unit CW...
<<<13:16:27:390114>>>  Enemy Tank is checking targeting info...
<<<13:16:27:390114>>>  Enemy Tank Launch angle not within tolerances, adjusting firing solution...
<<<13:16:27:390114>>>  Enemy Tank Launch speed not within tolerances, adjusting firing solution...
<<<13:16:27:390114>>>  Enemy Tank adjusted targeting angle one unit CW...
<<<13:16:27:406191>>>  Enemy Tank is checking targeting info...
<<<13:16:27:406191>>>  Enemy Tank Launch angle not within tolerances, adjusting firing solution...
<<<13:16:27:406191>>>  Enemy Tank Launch speed not within tolerances, adjusting firing solution...
<<<13:16:27:406191>>>  Enemy Tank adjusted targeting angle one unit CW...
<<<13:16:27:422418>>>  Enemy Tank is checking targeting info...
<<<13:16:27:422418>>>  Enemy Tank Launch angle not within tolerances, adjusting firing solution...
<<<13:16:27:422418>>>  Enemy Tank Launch speed not within tolerances, adjusting firing solution...
<<<13:16:27:422418>>>  Enemy Tank adjusted targeting angle one unit CW...
<<<13:16:27:439716>>>  Enemy Tank is checking targeting info...
<<<13:16:27:439716>>>  Enemy Tank Launch angle not within tolerances, adjusting firing solution...
<<<13:16:27:439716>>>  Enemy Tank Launch speed not within tolerances, adjusting firing solution...
<<<13:16:27:439716>>>  Enemy Tank adjusted targeting angle one unit CW...
<<<13:16:27:456655>>>  Enemy Tank is checking targeting info...
<<<13:16:27:456655>>>  Enemy Tank Launch angle not within tolerances, adjusting firing solution...
<<<13:16:27:456655>>>  Enemy Tank Launch speed not within tolerances, adjusting firing solution...
<<<13:16:27:456655>>>  Enemy Tank adjusted targeting angle one unit CW...
<<<13:16:27:472032>>>  Enemy Tank is checking targeting info...
<<<13:16:27:472032>>>  Enemy Tank increased launch speed one unit...
<<<13:16:27:488043>>>  Enemy Tank is checking targeting info...
<<<13:16:27:488043>>>  Enemy Tank increased launch speed one unit...
<<<13:16:27:504928>>>  Enemy Tank is checking targeting info...
<<<13:16:27:504928>>>  Enemy Tank increased launch speed one unit...
<<<13:16:27:520701>>>  Enemy Tank is checking targeting info...
<<<13:16:27:520701>>>  Enemy Tank increased launch speed one unit...
<<<13:16:27:537913>>>  Enemy Tank is checking targeting info...
<<<13:16:27:537913>>>  Enemy Tank increased launch speed one unit...
<<<13:16:27:554633>>>  Enemy Tank is checking targeting info...
<<<13:16:27:554633>>>  Enemy Tank increased launch speed one unit...
<<<13:16:27:570909>>>  Enemy Tank is checking targeting info...
<<<13:16:27:570909>>>  Enemy Tank increased launch speed one unit...
<<<13:16:27:586973>>>  Enemy Tank is checking targeting info...
<<<13:16:27:586973>>>  Enemy Tank increased launch speed one unit...
<<<13:16:27:604102>>>  Enemy Tank is checking targeting info...
<<<13:16:27:604102>>>  Enemy Tank increased launch speed one unit...
<<<13:16:27:620591>>>  Enemy Tank is checking targeting info...
<<<13:16:27:620591>>>  Enemy Tank increased launch speed one unit...
<<<13:16:27:638292>>>  Enemy Tank is checking targeting info...
<<<13:16:27:638292>>>  Enemy Tank increased launch speed one unit...
<<<13:16:27:653591>>>  Enemy Tank is checking targeting info...
<<<13:16:27:653591>>>  Enemy Tank increased launch speed one unit...
<<<13:16:27:670382>>>  Enemy Tank is checking targeting info...
<<<13:16:27:670382>>>  Enemy Tank increased launch speed one unit...
<<<13:16:27:686333>>>  Enemy Tank is checking targeting info...
<<<13:16:27:686333>>>  Enemy Tank increased launch speed one unit...
<<<13:16:27:702631>>>  Enemy Tank is checking targeting info...
<<<13:16:27:702631>>>  Enemy Tank increased launch speed one unit...
<<<13:16:27:719691>>>  Enemy Tank is checking targeting info...
<<<13:16:27:719691>>>  Enemy Tank increased launch speed one unit...
<<<13:16:27:736729>>>  Enemy Tank is checking targeting info...
<<<13:16:27:736729>>>  Enemy Tank increased launch speed one unit...
<<<13:16:27:753944>>>  Enemy Tank is checking targeting info...
<<<13:16:27:753944>>>  Enemy Tank increased launch speed one unit...
<<<13:16:27:769802>>>  Enemy Tank is checking targeting info...
<<<13:16:27:769802>>>  Enemy Tank increased launch speed one unit...
<<<13:16:27:786868>>>  Enemy Tank is checking targeting info...
<<<13:16:27:786868>>>  Enemy Tank increased launch speed one unit...
<<<13:16:27:803709>>>  Enemy Tank is checking targeting info...
<<<13:16:27:803709>>>  Enemy Tank increased launch speed one unit...
<<<13:16:27:819816>>>  Enemy Tank is checking targeting info...
<<<13:16:27:819816>>>  Enemy Tank increased launch speed one unit...
<<<13:16:27:836861>>>  Enemy Tank is checking targeting info...
<<<13:16:27:836861>>>  Enemy Tank increased launch speed one unit...
<<<13:16:27:853966>>>  Enemy Tank is checking targeting info...
<<<13:16:27:853966>>>  Enemy Tank increased launch speed one unit...
<<<13:16:27:868909>>>  Enemy Tank is checking targeting info...
<<<13:16:27:868909>>>  Enemy Tank increased launch speed one unit...
<<<13:16:27:885000>>>  Enemy Tank is checking targeting info...
<<<13:16:27:885000>>>  Enemy Tank increased launch speed one unit...
<<<13:16:27:902205>>>  Enemy Tank is checking targeting info...
<<<13:16:27:902205>>>  Enemy Tank increased launch speed one unit...
<<<13:16:27:918383>>>  Enemy Tank is checking targeting info...
<<<13:16:27:918383>>>  Enemy Tank increased launch speed one unit...
<<<13:16:27:936121>>>  Enemy Tank is checking targeting info...
<<<13:16:27:936121>>>  Enemy Tank increased launch speed one unit...
<<<13:16:27:951470>>>  Enemy Tank is checking targeting info...
<<<13:16:27:951470>>>  Enemy Tank increased launch speed one unit...
<<<13:16:27:967513>>>  Enemy Tank is checking targeting info...
<<<13:16:27:967513>>>  Enemy Tank increased launch speed one unit...
<<<13:16:27:983885>>>  Enemy Tank is checking targeting info...
<<<13:16:27:984881>>>  Enemy Tank increased launch speed one unit...
<<<13:16:28:000222>>>  Enemy Tank is checking targeting info...
<<<13:16:28:000222>>>  Enemy Tank increased launch speed one unit...
<<<13:16:28:016607>>>  Enemy Tank is checking targeting info...
<<<13:16:28:016607>>>  Enemy Tank increased launch speed one unit...
<<<13:16:28:034633>>>  Enemy Tank is checking targeting info...
<<<13:16:28:034633>>>  Enemy Tank increased launch speed one unit...
<<<13:16:28:050110>>>  Enemy Tank is checking targeting info...
<<<13:16:28:050110>>>  Enemy Tank increased launch speed one unit...
<<<13:16:28:066147>>>  Enemy Tank is checking targeting info...
<<<13:16:28:066147>>>  Enemy Tank increased launch speed one unit...
<<<13:16:28:083128>>>  Enemy Tank is checking targeting info...
<<<13:16:28:083128>>>  Enemy Tank increased launch speed one unit...
<<<13:16:28:098529>>>  Enemy Tank is checking targeting info...
<<<13:16:28:098529>>>  Enemy Tank increased launch speed one unit...
<<<13:16:28:114226>>>  Enemy Tank is checking targeting info...
<<<13:16:28:114226>>>  Enemy Tank increased launch speed one unit...
<<<13:16:28:130858>>>  Enemy Tank is checking targeting info...
<<<13:16:28:130858>>>  Enemy Tank increased launch speed one unit...
<<<13:16:28:147073>>>  Enemy Tank is checking targeting info...
<<<13:16:28:147073>>>  Enemy Tank increased launch speed one unit...
<<<13:16:28:163581>>>  Enemy Tank is checking targeting info...
<<<13:16:28:163581>>>  Enemy Tank increased launch speed one unit...
<<<13:16:28:180785>>>  Enemy Tank is checking targeting info...
<<<13:16:28:180785>>>  Enemy Tank increased launch speed one unit...
<<<13:16:28:197787>>>  Enemy Tank is checking targeting info...
<<<13:16:28:197787>>>  Enemy Tank firing solution within tolerances, not adjusting firing solution...
<<<13:16:28:197787>>>  Enemy Tank attempting to fire cannonball...
<<<13:16:28:214259>>>  Enemy Tank chose to shoot...
<<<13:16:28:230407>>>  Enemy Tank is checking targeting info...
<<<13:16:28:230407>>>  Enemy Tank Launch angle not within tolerances, adjusting firing solution...
<<<13:16:28:230407>>>  Enemy Tank adjusted targeting angle one unit CCW...
<<<13:16:28:246487>>>  Enemy Tank is checking targeting info...
<<<13:16:28:246487>>>  Enemy Tank Launch angle not within tolerances, adjusting firing solution...
<<<13:16:28:246487>>>  Enemy Tank adjusted targeting angle one unit CCW...
<<<13:16:28:263403>>>  Enemy Tank is checking targeting info...
<<<13:16:28:263403>>>  Enemy Tank Launch angle not within tolerances, adjusting firing solution...
<<<13:16:28:263403>>>  Enemy Tank adjusted targeting angle one unit CCW...
<<<13:16:28:278169>>>  Enemy Tank is checking targeting info...
<<<13:16:28:278169>>>  Enemy Tank Launch angle not within tolerances, adjusting firing solution...
<<<13:16:28:278169>>>  Enemy Tank adjusted targeting angle one unit CCW...
<<<13:16:28:295882>>>  Enemy Tank is checking targeting info...
<<<13:16:28:295882>>>  Enemy Tank Launch angle not within tolerances, adjusting firing solution...
<<<13:16:28:295882>>>  Enemy Tank adjusted targeting angle one unit CCW...
<<<13:16:28:311202>>>  Enemy Tank is checking targeting info...
<<<13:16:28:311202>>>  Enemy Tank Launch angle not within tolerances, adjusting firing solution...
<<<13:16:28:311202>>>  Enemy Tank adjusted targeting angle one unit CCW...
<<<13:16:28:327229>>>  Enemy Tank is checking targeting info...
<<<13:16:28:327229>>>  Enemy Tank Launch angle not within tolerances, adjusting firing solution...
<<<13:16:28:327229>>>  Enemy Tank adjusted targeting angle one unit CCW...
<<<13:16:28:343921>>>  Enemy Tank is checking targeting info...
<<<13:16:28:343921>>>  Enemy Tank Launch angle not within tolerances, adjusting firing solution...
<<<13:16:28:343921>>>  Enemy Tank adjusted targeting angle one unit CCW...
<<<13:16:28:359809>>>  Enemy Tank is checking targeting info...
<<<13:16:28:359809>>>  Enemy Tank Launch angle not within tolerances, adjusting firing solution...
<<<13:16:28:359809>>>  Enemy Tank adjusted targeting angle one unit CCW...
<<<13:16:28:376083>>>  Enemy Tank is checking targeting info...
<<<13:16:28:376083>>>  Enemy Tank Launch angle not within tolerances, adjusting firing solution...
<<<13:16:28:376083>>>  Enemy Tank adjusted targeting angle one unit CCW...
<<<13:16:28:392289>>>  Enemy Tank is checking targeting info...
<<<13:16:28:392289>>>  Enemy Tank Launch angle not within tolerances, adjusting firing solution...
<<<13:16:28:392289>>>  Enemy Tank adjusted targeting angle one unit CCW...
<<<13:16:28:408278>>>  Enemy Tank is checking targeting info...
<<<13:16:28:408278>>>  Enemy Tank Launch angle not within tolerances, adjusting firing solution...
<<<13:16:28:408278>>>  Enemy Tank adjusted targeting angle one unit CCW...
<<<13:16:28:424300>>>  Enemy Tank is checking targeting info...
<<<13:16:28:424300>>>  Enemy Tank Launch angle not within tolerances, adjusting firing solution...
<<<13:16:28:424300>>>  Enemy Tank adjusted targeting angle one unit CCW...
<<<13:16:28:440211>>>  Enemy Tank is checking targeting info...
<<<13:16:28:440211>>>  Enemy Tank Launch angle not within tolerances, adjusting firing solution...
<<<13:16:28:440211>>>  Enemy Tank adjusted targeting angle one unit CCW...
<<<13:16:28:456117>>>  Enemy Tank is checking targeting info...
<<<13:16:28:456117>>>  Enemy Tank Launch angle not within tolerances, adjusting firing solution...
<<<13:16:28:456117>>>  Enemy Tank adjusted targeting angle one unit CCW...
<<<13:16:28:472542>>>  Enemy Tank is checking targeting info...
<<<13:16:28:472542>>>  Enemy Tank Launch angle not within tolerances, adjusting firing solution...
<<<13:16:28:472542>>>  Enemy Tank adjusted targeting angle one unit CCW...
<<<13:16:28:489895>>>  Enemy Tank is checking targeting info...
<<<13:16:28:489895>>>  Enemy Tank Launch angle not within tolerances, adjusting firing solution...
<<<13:16:28:489895>>>  Enemy Tank adjusted targeting angle one unit CCW...
<<<13:16:28:506553>>>  Enemy Tank is checking targeting info...
<<<13:16:28:506553>>>  Enemy Tank Launch angle not within tolerances, adjusting firing solution...
<<<13:16:28:506553>>>  Enemy Tank adjusted targeting angle one unit CCW...
<<<13:16:28:521906>>>  Enemy Tank is checking targeting info...
<<<13:16:28:522902>>>  Enemy Tank Launch angle not within tolerances, adjusting firing solution...
<<<13:16:28:522902>>>  Enemy Tank adjusted targeting angle one unit CCW...
<<<13:16:28:538266>>>  Enemy Tank is checking targeting info...
<<<13:16:28:538266>>>  Enemy Tank Launch angle not within tolerances, adjusting firing solution...
<<<13:16:28:538266>>>  Enemy Tank adjusted targeting angle one unit CCW...
<<<13:16:28:554771>>>  Enemy Tank is checking targeting info...
<<<13:16:28:554771>>>  Enemy Tank firing solution within tolerances, not adjusting firing solution...
<<<13:16:28:554771>>>  Enemy Tank attempting to fire cannonball...
<<<13:16:28:570900>>>  Enemy Tank chose to shoot...
<<<13:16:28:587723>>>  Enemy Tank is checking targeting info...
<<<13:16:28:587723>>>  Enemy Tank Launch angle not within tolerances, adjusting firing solution...
<<<13:16:28:587723>>>  Enemy Tank adjusted targeting angle one unit CCW...
<<<13:16:28:604115>>>  Enemy Tank is checking targeting info...
<<<13:16:28:604115>>>  Enemy Tank Launch angle not within tolerances, adjusting firing solution...
<<<13:16:28:604115>>>  Enemy Tank adjusted targeting angle one unit CCW...
<<<13:16:28:620409>>>  Enemy Tank is checking targeting info...
<<<13:16:28:620409>>>  Enemy Tank Launch angle not within tolerances, adjusting firing solution...
<<<13:16:28:620409>>>  Enemy Tank adjusted targeting angle one unit CCW...
<<<13:16:28:636202>>>  Enemy Tank is checking targeting info...
<<<13:16:28:636202>>>  Enemy Tank Launch angle not within tolerances, adjusting firing solution...
<<<13:16:28:636202>>>  Enemy Tank adjusted targeting angle one unit CCW...
<<<13:16:28:652547>>>  Enemy Tank is checking targeting info...
<<<13:16:28:652547>>>  Enemy Tank Launch angle not within tolerances, adjusting firing solution...
<<<13:16:28:652547>>>  Enemy Tank adjusted targeting angle one unit CCW...
<<<13:16:28:669468>>>  Enemy Tank is checking targeting info...
<<<13:16:28:669468>>>  Enemy Tank Launch angle not within tolerances, adjusting firing solution...
<<<13:16:28:669468>>>  Enemy Tank adjusted targeting angle one unit CCW...
<<<13:16:28:685337>>>  Enemy Tank is checking targeting info...
<<<13:16:28:685337>>>  Enemy Tank Launch angle not within tolerances, adjusting firing solution...
<<<13:16:28:685337>>>  Enemy Tank adjusted targeting angle one unit CCW...
<<<13:16:28:701544>>>  Enemy Tank is checking targeting info...
<<<13:16:28:701544>>>  Enemy Tank Launch angle not within tolerances, adjusting firing solution...
<<<13:16:28:701544>>>  Enemy Tank adjusted targeting angle one unit CCW...
<<<13:16:28:718983>>>  Enemy Tank is checking targeting info...
<<<13:16:28:718983>>>  Enemy Tank Launch angle not within tolerances, adjusting firing solution...
<<<13:16:28:718983>>>  Enemy Tank adjusted targeting angle one unit CCW...
<<<13:16:28:735097>>>  Enemy Tank is checking targeting info...
<<<13:16:28:735097>>>  Enemy Tank Launch angle not within tolerances, adjusting firing solution...
<<<13:16:28:735097>>>  Enemy Tank adjusted targeting angle one unit CCW...
<<<13:16:28:751133>>>  Enemy Tank is checking targeting info...
<<<13:16:28:751133>>>  Enemy Tank Launch angle not within tolerances, adjusting firing solution...
<<<13:16:28:751133>>>  Enemy Tank adjusted targeting angle one unit CCW...
<<<13:16:28:767025>>>  Enemy Tank is checking targeting info...
<<<13:16:28:767025>>>  Enemy Tank Launch angle not within tolerances, adjusting firing solution...
<<<13:16:28:767025>>>  Enemy Tank adjusted targeting angle one unit CCW...
<<<13:16:28:784614>>>  Enemy Tank is checking targeting info...
<<<13:16:28:784614>>>  Enemy Tank Launch angle not within tolerances, adjusting firing solution...
<<<13:16:28:784614>>>  Enemy Tank adjusted targeting angle one unit CCW...
<<<13:16:28:800052>>>  Enemy Tank is checking targeting info...
<<<13:16:28:800052>>>  Enemy Tank Launch angle not within tolerances, adjusting firing solution...
<<<13:16:28:800052>>>  Enemy Tank adjusted targeting angle one unit CCW...
<<<13:16:28:816150>>>  Enemy Tank is checking targeting info...
<<<13:16:28:816150>>>  Enemy Tank Launch angle not within tolerances, adjusting firing solution...
<<<13:16:28:816150>>>  Enemy Tank adjusted targeting angle one unit CCW...
<<<13:16:28:833145>>>  Enemy Tank is checking targeting info...
<<<13:16:28:833145>>>  Enemy Tank Launch angle not within tolerances, adjusting firing solution...
<<<13:16:28:833145>>>  Enemy Tank adjusted targeting angle one unit CCW...
<<<13:16:28:847850>>>  Enemy Tank is checking targeting info...
<<<13:16:28:847850>>>  Enemy Tank Launch angle not within tolerances, adjusting firing solution...
<<<13:16:28:847850>>>  Enemy Tank adjusted targeting angle one unit CCW...
<<<13:16:28:863940>>>  Enemy Tank is checking targeting info...
<<<13:16:28:863940>>>  Enemy Tank Launch angle not within tolerances, adjusting firing solution...
<<<13:16:28:863940>>>  Enemy Tank adjusted targeting angle one unit CCW...
<<<13:16:28:880763>>>  Enemy Tank is checking targeting info...
<<<13:16:28:880763>>>  Enemy Tank Launch angle not within tolerances, adjusting firing solution...
<<<13:16:28:880763>>>  Enemy Tank adjusted targeting angle one unit CCW...
<<<13:16:28:896255>>>  Enemy Tank is checking targeting info...
<<<13:16:28:896255>>>  Enemy Tank Launch angle not within tolerances, adjusting firing solution...
<<<13:16:28:896255>>>  Enemy Tank adjusted targeting angle one unit CCW...
<<<13:16:28:913815>>>  Enemy Tank is checking targeting info...
<<<13:16:28:913815>>>  Enemy Tank Launch angle not within tolerances, adjusting firing solution...
<<<13:16:28:913815>>>  Enemy Tank adjusted targeting angle one unit CCW...
<<<13:16:28:930008>>>  Enemy Tank is checking targeting info...
<<<13:16:28:930008>>>  Enemy Tank Launch angle not within tolerances, adjusting firing solution...
<<<13:16:28:930008>>>  Enemy Tank adjusted targeting angle one unit CCW...
<<<13:16:28:945419>>>  Enemy Tank is checking targeting info...
<<<13:16:28:945419>>>  Enemy Tank Launch angle not within tolerances, adjusting firing solution...
<<<13:16:28:945419>>>  Enemy Tank adjusted targeting angle one unit CCW...
<<<13:16:28:961726>>>  Enemy Tank is checking targeting info...
<<<13:16:28:961726>>>  Enemy Tank Launch angle not within tolerances, adjusting firing solution...
<<<13:16:28:961726>>>  Enemy Tank adjusted targeting angle one unit CCW...
<<<13:16:28:977696>>>  Enemy Tank is checking targeting info...
<<<13:16:28:977696>>>  Enemy Tank Launch angle not within tolerances, adjusting firing solution...
<<<13:16:28:977696>>>  Enemy Tank adjusted targeting angle one unit CCW...
<<<13:16:28:993846>>>  Enemy Tank is checking targeting info...
<<<13:16:28:993846>>>  Enemy Tank Launch angle not within tolerances, adjusting firing solution...
<<<13:16:28:993846>>>  Enemy Tank adjusted targeting angle one unit CCW...
<<<13:16:29:011403>>>  Enemy Tank is checking targeting info...
<<<13:16:29:011403>>>  Enemy Tank Launch angle not within tolerances, adjusting firing solution...
<<<13:16:29:011403>>>  Enemy Tank adjusted targeting angle one unit CCW...
<<<13:16:29:027785>>>  Enemy Tank is checking targeting info...
<<<13:16:29:027785>>>  Enemy Tank Launch angle not within tolerances, adjusting firing solution...
<<<13:16:29:027785>>>  Enemy Tank adjusted targeting angle one unit CCW...
<<<13:16:29:043859>>>  Enemy Tank is checking targeting info...
<<<13:16:29:043859>>>  Enemy Tank Launch angle not within tolerances, adjusting firing solution...
<<<13:16:29:043859>>>  Enemy Tank adjusted targeting angle one unit CCW...
<<<13:16:29:060708>>>  Enemy Tank is checking targeting info...
<<<13:16:29:060708>>>  Enemy Tank Launch angle not within tolerances, adjusting firing solution...
<<<13:16:29:060708>>>  Enemy Tank adjusted targeting angle one unit CCW...
<<<13:16:29:076340>>>  Enemy Tank is checking targeting info...
<<<13:16:29:076340>>>  Enemy Tank Launch angle not within tolerances, adjusting firing solution...
<<<13:16:29:076340>>>  Enemy Tank adjusted targeting angle one unit CCW...
<<<13:16:29:092471>>>  Enemy Tank is checking targeting info...
<<<13:16:29:093470>>>  Enemy Tank Launch angle not within tolerances, adjusting firing solution...
<<<13:16:29:093470>>>  Enemy Tank adjusted targeting angle one unit CCW...
<<<13:16:29:109967>>>  Enemy Tank is checking targeting info...
<<<13:16:29:109967>>>  Enemy Tank Launch angle not within tolerances, adjusting firing solution...
<<<13:16:29:109967>>>  Enemy Tank adjusted targeting angle one unit CCW...
<<<13:16:29:126274>>>  Enemy Tank is checking targeting info...
<<<13:16:29:126274>>>  Enemy Tank Launch angle not within tolerances, adjusting firing solution...
<<<13:16:29:126274>>>  Enemy Tank adjusted targeting angle one unit CCW...
<<<13:16:29:142358>>>  Enemy Tank is checking targeting info...
<<<13:16:29:142358>>>  Enemy Tank Launch angle not within tolerances, adjusting firing solution...
<<<13:16:29:142358>>>  Enemy Tank adjusted targeting angle one unit CCW...
<<<13:16:29:158383>>>  Enemy Tank is checking targeting info...
<<<13:16:29:158383>>>  Enemy Tank Launch angle not within tolerances, adjusting firing solution...
<<<13:16:29:158383>>>  Enemy Tank adjusted targeting angle one unit CCW...
<<<13:16:29:174956>>>  Enemy Tank is checking targeting info...
<<<13:16:29:174956>>>  Enemy Tank Launch angle not within tolerances, adjusting firing solution...
<<<13:16:29:174956>>>  Enemy Tank adjusted targeting angle one unit CCW...
<<<13:16:29:191199>>>  Enemy Tank is checking targeting info...
<<<13:16:29:191199>>>  Enemy Tank Launch angle not within tolerances, adjusting firing solution...
<<<13:16:29:191199>>>  Enemy Tank adjusted targeting angle one unit CCW...
<<<13:16:29:207141>>>  Enemy Tank is checking targeting info...
<<<13:16:29:207141>>>  Enemy Tank Launch angle not within tolerances, adjusting firing solution...
<<<13:16:29:207141>>>  Enemy Tank adjusted targeting angle one unit CCW...
<<<13:16:29:223904>>>  Enemy Tank is checking targeting info...
<<<13:16:29:223904>>>  Enemy Tank Launch angle not within tolerances, adjusting firing solution...
<<<13:16:29:223904>>>  Enemy Tank adjusted targeting angle one unit CCW...
<<<13:16:29:240833>>>  Enemy Tank is checking targeting info...
<<<13:16:29:240833>>>  Enemy Tank Launch angle not within tolerances, adjusting firing solution...
<<<13:16:29:240833>>>  Enemy Tank adjusted targeting angle one unit CCW...
<<<13:16:29:256726>>>  Enemy Tank is checking targeting info...
<<<13:16:29:256726>>>  Enemy Tank Launch angle not within tolerances, adjusting firing solution...
<<<13:16:29:257729>>>  Enemy Tank adjusted targeting angle one unit CCW...
<<<13:16:29:273749>>>  Enemy Tank is checking targeting info...
<<<13:16:29:273749>>>  Enemy Tank Launch angle not within tolerances, adjusting firing solution...
<<<13:16:29:273749>>>  Enemy Tank adjusted targeting angle one unit CCW...
<<<13:16:29:290472>>>  Enemy Tank is checking targeting info...
<<<13:16:29:290472>>>  Enemy Tank Launch angle not within tolerances, adjusting firing solution...
<<<13:16:29:290472>>>  Enemy Tank adjusted targeting angle one unit CCW...
<<<13:16:29:304774>>>  Enemy Tank is checking targeting info...
<<<13:16:29:304774>>>  Enemy Tank Launch angle not within tolerances, adjusting firing solution...
<<<13:16:29:304774>>>  Enemy Tank adjusted targeting angle one unit CCW...
<<<13:16:29:320818>>>  Enemy Tank is checking targeting info...
<<<13:16:29:320818>>>  Enemy Tank Launch angle not within tolerances, adjusting firing solution...
<<<13:16:29:320818>>>  Enemy Tank adjusted targeting angle one unit CCW...
<<<13:16:29:336884>>>  Enemy Tank is checking targeting info...
<<<13:16:29:336884>>>  Enemy Tank Launch angle not within tolerances, adjusting firing solution...
<<<13:16:29:336884>>>  Enemy Tank adjusted targeting angle one unit CCW...
<<<13:16:29:354679>>>  Enemy Tank is checking targeting info...
<<<13:16:29:354679>>>  Enemy Tank Launch angle not within tolerances, adjusting firing solution...
<<<13:16:29:354679>>>  Enemy Tank adjusted targeting angle one unit CCW...
<<<13:16:29:370233>>>  Enemy Tank is checking targeting info...
<<<13:16:29:370233>>>  Enemy Tank Launch angle not within tolerances, adjusting firing solution...
<<<13:16:29:370233>>>  Enemy Tank adjusted targeting angle one unit CCW...
<<<13:16:29:387125>>>  Enemy Tank is checking targeting info...
<<<13:16:29:387125>>>  Enemy Tank Launch angle not within tolerances, adjusting firing solution...
<<<13:16:29:387125>>>  Enemy Tank adjusted targeting angle one unit CCW...
<<<13:16:29:403892>>>  Enemy Tank is checking targeting info...
<<<13:16:29:403892>>>  Enemy Tank Launch angle not within tolerances, adjusting firing solution...
<<<13:16:29:403892>>>  Enemy Tank adjusted targeting angle one unit CCW...
<<<13:16:29:419604>>>  Enemy Tank is checking targeting info...
<<<13:16:29:419604>>>  Enemy Tank Launch angle not within tolerances, adjusting firing solution...
<<<13:16:29:419604>>>  Enemy Tank adjusted targeting angle one unit CCW...
<<<13:16:29:436500>>>  Enemy Tank is checking targeting info...
<<<13:16:29:436500>>>  Enemy Tank Launch angle not within tolerances, adjusting firing solution...
<<<13:16:29:436500>>>  Enemy Tank adjusted targeting angle one unit CCW...
<<<13:16:29:453853>>>  Enemy Tank is checking targeting info...
<<<13:16:29:453853>>>  Enemy Tank Launch angle not within tolerances, adjusting firing solution...
<<<13:16:29:453853>>>  Enemy Tank adjusted targeting angle one unit CCW...
<<<13:16:29:469833>>>  Enemy Tank is checking targeting info...
<<<13:16:29:469833>>>  Enemy Tank Launch angle not within tolerances, adjusting firing solution...
<<<13:16:29:469833>>>  Enemy Tank adjusted targeting angle one unit CCW...
<<<13:16:29:486769>>>  Enemy Tank is checking targeting info...
<<<13:16:29:487765>>>  Enemy Tank Launch angle not within tolerances, adjusting firing solution...
<<<13:16:29:487765>>>  Enemy Tank adjusted targeting angle one unit CCW...
<<<13:16:29:502900>>>  Enemy Tank is checking targeting info...
<<<13:16:29:502900>>>  Enemy Tank Launch angle not within tolerances, adjusting firing solution...
<<<13:16:29:502900>>>  Enemy Tank adjusted targeting angle one unit CCW...
<<<13:16:29:520821>>>  Enemy Tank is checking targeting info...
<<<13:16:29:520821>>>  Enemy Tank Launch angle not within tolerances, adjusting firing solution...
<<<13:16:29:520821>>>  Enemy Tank adjusted targeting angle one unit CCW...
<<<13:16:29:537153>>>  Enemy Tank is checking targeting info...
<<<13:16:29:537153>>>  Enemy Tank Launch angle not within tolerances, adjusting firing solution...
<<<13:16:29:537153>>>  Enemy Tank adjusted targeting angle one unit CCW...
<<<13:16:29:553652>>>  Enemy Tank is checking targeting info...
<<<13:16:29:554649>>>  Enemy Tank Launch angle not within tolerances, adjusting firing solution...
<<<13:16:29:554649>>>  Enemy Tank adjusted targeting angle one unit CCW...
<<<13:16:29:570000>>>  Enemy Tank is checking targeting info...
<<<13:16:29:570000>>>  Enemy Tank Launch angle not within tolerances, adjusting firing solution...
<<<13:16:29:570000>>>  Enemy Tank adjusted targeting angle one unit CCW...
<<<13:16:29:586068>>>  Enemy Tank is checking targeting info...
<<<13:16:29:586068>>>  Enemy Tank Launch angle not within tolerances, adjusting firing solution...
<<<13:16:29:586068>>>  Enemy Tank adjusted targeting angle one unit CCW...
<<<13:16:29:601983>>>  Enemy Tank is checking targeting info...
<<<13:16:29:601983>>>  Enemy Tank Launch angle not within tolerances, adjusting firing solution...
<<<13:16:29:602977>>>  Enemy Tank adjusted targeting angle one unit CCW...
<<<13:16:29:618399>>>  Enemy Tank is checking targeting info...
<<<13:16:29:618399>>>  Enemy Tank Launch angle not within tolerances, adjusting firing solution...
<<<13:16:29:618399>>>  Enemy Tank adjusted targeting angle one unit CCW...
<<<13:16:29:634473>>>  Enemy Tank is checking targeting info...
<<<13:16:29:634473>>>  Enemy Tank Launch angle not within tolerances, adjusting firing solution...
<<<13:16:29:635470>>>  Enemy Tank adjusted targeting angle one unit CCW...
<<<13:16:29:651898>>>  Enemy Tank is checking targeting info...
<<<13:16:29:651898>>>  Enemy Tank Launch angle not within tolerances, adjusting firing solution...
<<<13:16:29:651898>>>  Enemy Tank adjusted targeting angle one unit CCW...
<<<13:16:29:667322>>>  Enemy Tank is checking targeting info...
<<<13:16:29:667322>>>  Enemy Tank Launch angle not within tolerances, adjusting firing solution...
<<<13:16:29:667322>>>  Enemy Tank adjusted targeting angle one unit CCW...
<<<13:16:29:684793>>>  Enemy Tank is checking targeting info...
<<<13:16:29:684793>>>  Enemy Tank Launch angle not within tolerances, adjusting firing solution...
<<<13:16:29:684793>>>  Enemy Tank adjusted targeting angle one unit CCW...
<<<13:16:29:700031>>>  Enemy Tank is checking targeting info...
<<<13:16:29:700031>>>  Enemy Tank Launch angle not within tolerances, adjusting firing solution...
<<<13:16:29:700031>>>  Enemy Tank adjusted targeting angle one unit CCW...
<<<13:16:29:716243>>>  Enemy Tank is checking targeting info...
<<<13:16:29:716243>>>  Enemy Tank Launch angle not within tolerances, adjusting firing solution...
<<<13:16:29:716243>>>  Enemy Tank adjusted targeting angle one unit CCW...
<<<13:16:29:732313>>>  Enemy Tank is checking targeting info...
<<<13:16:29:732313>>>  Enemy Tank Launch angle not within tolerances, adjusting firing solution...
<<<13:16:29:732313>>>  Enemy Tank adjusted targeting angle one unit CCW...
<<<13:16:29:749380>>>  Enemy Tank is checking targeting info...
<<<13:16:29:749380>>>  Enemy Tank Launch angle not within tolerances, adjusting firing solution...
<<<13:16:29:749380>>>  Enemy Tank adjusted targeting angle one unit CCW...
<<<13:16:29:763738>>>  Enemy Tank is checking targeting info...
<<<13:16:29:763738>>>  Enemy Tank Launch angle not within tolerances, adjusting firing solution...
<<<13:16:29:763738>>>  Enemy Tank adjusted targeting angle one unit CCW...
<<<13:16:29:780878>>>  Enemy Tank is checking targeting info...
<<<13:16:29:780878>>>  Enemy Tank Launch angle not within tolerances, adjusting firing solution...
<<<13:16:29:780878>>>  Enemy Tank adjusted targeting angle one unit CCW...
<<<13:16:29:797498>>>  Enemy Tank is checking targeting info...
<<<13:16:29:797498>>>  Enemy Tank Launch angle not within tolerances, adjusting firing solution...
<<<13:16:29:797498>>>  Enemy Tank adjusted targeting angle one unit CCW...
<<<13:16:29:813882>>>  Enemy Tank is checking targeting info...
<<<13:16:29:813882>>>  Enemy Tank Launch angle not within tolerances, adjusting firing solution...
<<<13:16:29:813882>>>  Enemy Tank adjusted targeting angle one unit CCW...
<<<13:16:29:830096>>>  Enemy Tank is checking targeting info...
<<<13:16:29:830096>>>  Enemy Tank Launch angle not within tolerances, adjusting firing solution...
<<<13:16:29:830096>>>  Enemy Tank adjusted targeting angle one unit CCW...
<<<13:16:29:846065>>>  Enemy Tank is checking targeting info...
<<<13:16:29:846065>>>  Enemy Tank Launch angle not within tolerances, adjusting firing solution...
<<<13:16:29:846065>>>  Enemy Tank adjusted targeting angle one unit CCW...
<<<13:16:29:862944>>>  Enemy Tank is checking targeting info...
<<<13:16:29:862944>>>  Enemy Tank Launch angle not within tolerances, adjusting firing solution...
<<<13:16:29:862944>>>  Enemy Tank adjusted targeting angle one unit CCW...
<<<13:16:29:878521>>>  Enemy Tank is checking targeting info...
<<<13:16:29:878521>>>  Enemy Tank Launch angle not within tolerances, adjusting firing solution...
<<<13:16:29:878521>>>  Enemy Tank adjusted targeting angle one unit CCW...
<<<13:16:29:895804>>>  Enemy Tank is checking targeting info...
<<<13:16:29:895804>>>  Enemy Tank Launch angle not within tolerances, adjusting firing solution...
<<<13:16:29:895804>>>  Enemy Tank adjusted targeting angle one unit CCW...
<<<13:16:29:911864>>>  Enemy Tank is checking targeting info...
<<<13:16:29:911864>>>  Enemy Tank Launch angle not within tolerances, adjusting firing solution...
<<<13:16:29:911864>>>  Enemy Tank adjusted targeting angle one unit CCW...
<<<13:16:29:928744>>>  Enemy Tank is checking targeting info...
<<<13:16:29:928744>>>  Enemy Tank Launch angle not within tolerances, adjusting firing solution...
<<<13:16:29:928744>>>  Enemy Tank adjusted targeting angle one unit CCW...
<<<13:16:29:944461>>>  Enemy Tank is checking targeting info...
<<<13:16:29:944461>>>  Enemy Tank Launch angle not within tolerances, adjusting firing solution...
<<<13:16:29:944461>>>  Enemy Tank adjusted targeting angle one unit CCW...
<<<13:16:29:960531>>>  Enemy Tank is checking targeting info...
<<<13:16:29:960531>>>  Enemy Tank Launch angle not within tolerances, adjusting firing solution...
<<<13:16:29:960531>>>  Enemy Tank adjusted targeting angle one unit CCW...
<<<13:16:29:978073>>>  Enemy Tank is checking targeting info...
<<<13:16:29:978073>>>  Enemy Tank Launch angle not within tolerances, adjusting firing solution...
<<<13:16:29:979070>>>  Enemy Tank adjusted targeting angle one unit CCW...
<<<13:16:29:994134>>>  Enemy Tank is checking targeting info...
<<<13:16:29:994134>>>  Enemy Tank Launch angle not within tolerances, adjusting firing solution...
<<<13:16:29:994134>>>  Enemy Tank adjusted targeting angle one unit CCW...
<<<13:16:30:010227>>>  Enemy Tank is checking targeting info...
<<<13:16:30:010227>>>  Enemy Tank Launch angle not within tolerances, adjusting firing solution...
<<<13:16:30:010227>>>  Enemy Tank adjusted targeting angle one unit CCW...
<<<13:16:30:026148>>>  Enemy Tank is checking targeting info...
<<<13:16:30:026148>>>  Enemy Tank Launch angle not within tolerances, adjusting firing solution...
<<<13:16:30:027145>>>  Enemy Tank adjusted targeting angle one unit CCW...
<<<13:16:30:042472>>>  Enemy Tank is checking targeting info...
<<<13:16:30:042472>>>  Enemy Tank firing solution within tolerances, not adjusting firing solution...
<<<13:16:30:042472>>>  Enemy Tank attempting to fire cannonball...
<<<13:16:30:058524>>>  Enemy Tank chose to shoot...
<<<13:16:30:076543>>>  Enemy Tank is checking targeting info...
<<<13:16:30:076543>>>  Enemy Tank Launch angle not within tolerances, adjusting firing solution...
<<<13:16:30:076543>>>  Enemy Tank adjusted targeting angle one unit CW...
<<<13:16:30:093919>>>  Enemy Tank is checking targeting info...
<<<13:16:30:093919>>>  Enemy Tank Launch angle not within tolerances, adjusting firing solution...
<<<13:16:30:093919>>>  Enemy Tank adjusted targeting angle one unit CW...
<<<13:16:30:110839>>>  Enemy Tank is checking targeting info...
<<<13:16:30:110839>>>  Enemy Tank Launch angle not within tolerances, adjusting firing solution...
<<<13:16:30:110839>>>  Enemy Tank adjusted targeting angle one unit CW...
<<<13:16:30:127346>>>  Enemy Tank is checking targeting info...
<<<13:16:30:127346>>>  Enemy Tank Launch angle not within tolerances, adjusting firing solution...
<<<13:16:30:127346>>>  Enemy Tank adjusted targeting angle one unit CW...
<<<13:16:30:143271>>>  Enemy Tank is checking targeting info...
<<<13:16:30:143271>>>  Enemy Tank Launch angle not within tolerances, adjusting firing solution...
<<<13:16:30:143271>>>  Enemy Tank adjusted targeting angle one unit CW...
<<<13:16:30:158584>>>  Enemy Tank is checking targeting info...
<<<13:16:30:158584>>>  Enemy Tank Launch angle not within tolerances, adjusting firing solution...
<<<13:16:30:158584>>>  Enemy Tank adjusted targeting angle one unit CW...
<<<13:16:30:175815>>>  Enemy Tank is checking targeting info...
<<<13:16:30:175815>>>  Enemy Tank Launch angle not within tolerances, adjusting firing solution...
<<<13:16:30:175815>>>  Enemy Tank adjusted targeting angle one unit CW...
<<<13:16:30:192670>>>  Enemy Tank is checking targeting info...
<<<13:16:30:192670>>>  Enemy Tank Launch angle not within tolerances, adjusting firing solution...
<<<13:16:30:192670>>>  Enemy Tank adjusted targeting angle one unit CW...
<<<13:16:30:208125>>>  Enemy Tank is checking targeting info...
<<<13:16:30:208125>>>  Enemy Tank Launch angle not within tolerances, adjusting firing solution...
<<<13:16:30:208125>>>  Enemy Tank adjusted targeting angle one unit CW...
<<<13:16:30:225194>>>  Enemy Tank is checking targeting info...
<<<13:16:30:225194>>>  Enemy Tank firing solution within tolerances, not adjusting firing solution...
<<<13:16:30:225194>>>  Enemy Tank attempting to fire cannonball...
<<<13:16:30:242868>>>  Enemy Tank chose to shoot...
<<<13:16:30:258342>>>  Enemy Tank is checking targeting info...
<<<13:16:30:258342>>>  Enemy Tank Launch angle not within tolerances, adjusting firing solution...
<<<13:16:30:258342>>>  Enemy Tank adjusted targeting angle one unit CCW...
<<<13:16:30:274290>>>  Enemy Tank is checking targeting info...
<<<13:16:30:274290>>>  Enemy Tank Launch angle not within tolerances, adjusting firing solution...
<<<13:16:30:274290>>>  Enemy Tank adjusted targeting angle one unit CCW...
<<<13:16:30:290268>>>  Enemy Tank is checking targeting info...
<<<13:16:30:291265>>>  Enemy Tank Launch angle not within tolerances, adjusting firing solution...
<<<13:16:30:291265>>>  Enemy Tank adjusted targeting angle one unit CCW...
<<<13:16:30:306655>>>  Enemy Tank is checking targeting info...
<<<13:16:30:306655>>>  Enemy Tank Launch angle not within tolerances, adjusting firing solution...
<<<13:16:30:306655>>>  Enemy Tank adjusted targeting angle one unit CCW...
<<<13:16:30:323954>>>  Enemy Tank is checking targeting info...
<<<13:16:30:323954>>>  Enemy Tank Launch angle not within tolerances, adjusting firing solution...
<<<13:16:30:323954>>>  Enemy Tank adjusted targeting angle one unit CCW...
<<<13:16:30:340178>>>  Enemy Tank is checking targeting info...
<<<13:16:30:340178>>>  Enemy Tank Launch angle not within tolerances, adjusting firing solution...
<<<13:16:30:340178>>>  Enemy Tank adjusted targeting angle one unit CCW...
<<<13:16:30:356841>>>  Enemy Tank is checking targeting info...
<<<13:16:30:356841>>>  Enemy Tank Launch angle not within tolerances, adjusting firing solution...
<<<13:16:30:356841>>>  Enemy Tank adjusted targeting angle one unit CCW...
<<<13:16:30:373626>>>  Enemy Tank is checking targeting info...
<<<13:16:30:374623>>>  Enemy Tank Launch angle not within tolerances, adjusting firing solution...
<<<13:16:30:374623>>>  Enemy Tank adjusted targeting angle one unit CCW...
<<<13:16:30:390975>>>  Enemy Tank is checking targeting info...
<<<13:16:30:390975>>>  Enemy Tank Launch angle not within tolerances, adjusting firing solution...
<<<13:16:30:390975>>>  Enemy Tank adjusted targeting angle one unit CCW...
<<<13:16:30:406858>>>  Enemy Tank is checking targeting info...
<<<13:16:30:406858>>>  Enemy Tank Launch angle not within tolerances, adjusting firing solution...
<<<13:16:30:406858>>>  Enemy Tank adjusted targeting angle one unit CCW...
<<<13:16:30:422708>>>  Enemy Tank is checking targeting info...
<<<13:16:30:422708>>>  Enemy Tank Launch angle not within tolerances, adjusting firing solution...
<<<13:16:30:422708>>>  Enemy Tank adjusted targeting angle one unit CCW...
<<<13:16:30:439844>>>  Enemy Tank is checking targeting info...
<<<13:16:30:439844>>>  Enemy Tank Launch angle not within tolerances, adjusting firing solution...
<<<13:16:30:439844>>>  Enemy Tank adjusted targeting angle one unit CCW...
<<<13:16:30:456807>>>  Enemy Tank is checking targeting info...
<<<13:16:30:456807>>>  Enemy Tank Launch angle not within tolerances, adjusting firing solution...
<<<13:16:30:456807>>>  Enemy Tank adjusted targeting angle one unit CCW...
<<<13:16:30:473019>>>  Enemy Tank is checking targeting info...
<<<13:16:30:473019>>>  Enemy Tank Launch angle not within tolerances, adjusting firing solution...
<<<13:16:30:473019>>>  Enemy Tank adjusted targeting angle one unit CCW...
<<<13:16:30:488399>>>  Enemy Tank is checking targeting info...
<<<13:16:30:488399>>>  Enemy Tank Launch angle not within tolerances, adjusting firing solution...
<<<13:16:30:488399>>>  Enemy Tank adjusted targeting angle one unit CCW...
<<<13:16:30:505291>>>  Enemy Tank is checking targeting info...
<<<13:16:30:505291>>>  Enemy Tank Launch angle not within tolerances, adjusting firing solution...
<<<13:16:30:505291>>>  Enemy Tank adjusted targeting angle one unit CCW...
<<<13:16:30:521696>>>  Enemy Tank is checking targeting info...
<<<13:16:30:521696>>>  Enemy Tank Launch angle not within tolerances, adjusting firing solution...
<<<13:16:30:521696>>>  Enemy Tank adjusted targeting angle one unit CCW...
<<<13:16:30:537165>>>  Enemy Tank is checking targeting info...
<<<13:16:30:537165>>>  Enemy Tank Launch angle not within tolerances, adjusting firing solution...
<<<13:16:30:537165>>>  Enemy Tank adjusted targeting angle one unit CCW...
<<<13:16:30:554596>>>  Enemy Tank is checking targeting info...
<<<13:16:30:554596>>>  Enemy Tank Launch angle not within tolerances, adjusting firing solution...
<<<13:16:30:554596>>>  Enemy Tank adjusted targeting angle one unit CCW...
<<<13:16:30:570177>>>  Enemy Tank is checking targeting info...
<<<13:16:30:570177>>>  Enemy Tank Launch angle not within tolerances, adjusting firing solution...
<<<13:16:30:570177>>>  Enemy Tank adjusted targeting angle one unit CCW...
<<<13:16:30:586229>>>  Enemy Tank is checking targeting info...
<<<13:16:30:586229>>>  Enemy Tank Launch angle not within tolerances, adjusting firing solution...
<<<13:16:30:586229>>>  Enemy Tank adjusted targeting angle one unit CCW...
<<<13:16:30:603984>>>  Enemy Tank is checking targeting info...
<<<13:16:30:603984>>>  Enemy Tank firing solution within tolerances, not adjusting firing solution...
<<<13:16:30:603984>>>  Enemy Tank attempting to fire cannonball...
<<<13:16:30:619386>>>  Enemy Tank chose to shoot...
<<<13:16:30:635962>>>
* INFORMATION FOR Player Tank's CANNONBALLS:
* Cannonballs in memory for Player Tank:  0.
* Total cannonballs fired or chambered for Player Tank:  0.
<<<13:16:30:635962>>>
* INFORMATION FOR Enemy Tank's CANNONBALLS:
* Cannonballs in memory for Enemy Tank:  6.
* Total cannonballs fired or chambered for Enemy Tank:  6.
<<<13:16:30:635962>>>
* CURRENT VALUES FOR CELESTIAL BODY:  Enemy Tank's Cannonball #1
* This is not the homeworld.
* The celestial boyd's density is 5515 kg/m^3.
* The celestial body's mass is 1000 kg.
* The Earth's mass is 5.972e+24 kg.
* The celestial body's radius is 0.001 km.
* The celestial body's coordinates are (-11552.453899821148, -8762.515788433178).
* The celestial body's velocity is (-6.354428976657151, 0.07042061267255312).
* The celestial body's speed is 6.354819169895334 km/s.
* The celestial body's acceleration is (0.0015456846178313996, 0.0011531189728521327).
* The celestial body's screen x and y coordinates are (611, 550).
* The celestial body's screen radius is 2.
* The celestial is using a body circle.
<<<13:16:30:635962>>>
* ADDITIONAL INFORMATION FOR Enemy Tank's Cannonball #1:
* This cannonball is active.
* This ball is armed.
<<<13:16:30:635962>>>
* CURRENT VALUES FOR CELESTIAL BODY:  Enemy Tank's Cannonball #2
* This is not the homeworld.
* The celestial boyd's density is 5515 kg/m^3.
* The celestial body's mass is 1000 kg.
* The Earth's mass is 5.972e+24 kg.
* The celestial body's radius is 0.001 km.
* The celestial body's coordinates are (-7687.360344650936, -12757.019068539956).
* The celestial body's velocity is (-5.284220017581881, -3.5036279581112204).
* The celestial body's speed is 6.340220032701677 km/s.
* The celestial body's acceleration is (0.000987354883285193, 0.0015625320348002724).
* The celestial body's screen x and y coordinates are (663, 605).
* The celestial body's screen radius is 2.
* The celestial is using a body circle.
<<<13:16:30:635962>>>
* ADDITIONAL INFORMATION FOR Enemy Tank's Cannonball #2:
* This cannonball is active.
* This ball is armed.
<<<13:16:30:635962>>>
* CURRENT VALUES FOR CELESTIAL BODY:  Enemy Tank's Cannonball #3
* This is not the homeworld.
* The celestial boyd's density is 5515 kg/m^3.
* The celestial body's mass is 1000 kg.
* The Earth's mass is 5.972e+24 kg.
* The celestial body's radius is 0.001 km.
* The celestial body's coordinates are (2796.621618048054, -8347.118261125244).
* The celestial body's velocity is (7.476311900277769, -4.533758709790418).
* The celestial body's speed is 8.74358094082942 km/s.
* The celestial body's acceleration is (-0.0018251453247754793, 0.004480983445277592).
* The celestial body's screen x and y coordinates are (805, 545).
* The celestial body's screen radius is 2.
* The celestial is using a body circle.
<<<13:16:30:636950>>>
* ADDITIONAL INFORMATION FOR Enemy Tank's Cannonball #3:
* This cannonball is active.
<<<13:16:30:636950>>>
* CURRENT VALUES FOR CELESTIAL BODY:  Enemy Tank's Cannonball #4
* This is not the homeworld.
* The celestial boyd's density is 5515 kg/m^3.
* The celestial body's mass is 1000 kg.
* The Earth's mass is 5.972e+24 kg.
* The celestial body's radius is 0.001 km.
* The celestial body's coordinates are (1672.0853717298367, -8125.234033057552).
* The celestial body's velocity is (6.544210946104609, -6.309981094365842).
* The celestial body's speed is 9.090795252252123 km/s.
* The celestial body's acceleration is (-0.0011609069162888252, 0.00526825529862954).
* The celestial body's screen x and y coordinates are (790, 542).
* The celestial body's screen radius is 2.
* The celestial is using a body circle.
<<<13:16:30:636950>>>
* ADDITIONAL INFORMATION FOR Enemy Tank's Cannonball #4:
* This cannonball is active.
<<<13:16:30:636950>>>
* CURRENT VALUES FOR CELESTIAL BODY:  Enemy Tank's Cannonball #5
* This is not the homeworld.
* The celestial boyd's density is 5515 kg/m^3.
* The celestial body's mass is 1000 kg.
* The Earth's mass is 5.972e+24 kg.
* The celestial body's radius is 0.001 km.
* The celestial body's coordinates are (183.95639609714135, -6470.080406342576).
* The celestial body's velocity is (9.165880337940221, -4.978958892125908).
* The celestial body's speed is 10.430886540410588 km/s.
* The celestial body's acceleration is (-7.939571976864517e-05, 0.009477829685742394).
* The celestial body's screen x and y coordinates are (770, 519).
* The celestial body's screen radius is 2.
* The celestial is using a body circle.
<<<13:16:30:636950>>>
* ADDITIONAL INFORMATION FOR Enemy Tank's Cannonball #5:
* This cannonball is active.
<<<13:16:30:636950>>>
* CURRENT VALUES FOR CELESTIAL BODY:  Enemy Tank's Cannonball #6
* This is not the homeworld.
* The celestial boyd's density is 5515 kg/m^3.
* The celestial body's mass is 1000 kg.
* The Earth's mass is 5.972e+24 kg.
* The celestial body's radius is 0.001 km.
* The celestial body's coordinates are (0.3151666816237739, -6370.274808611255).
* The celestial body's velocity is (9.166145231091985, -5.170512175628185).
* The celestial body's speed is 10.523897308306921 km/s.
* The celestial body's acceleration is (0, 0).
* The celestial body's screen x and y coordinates are (768, 518).
* The celestial body's screen radius is 2.
* The celestial is using a body circle.
<<<13:16:30:636950>>>
* ADDITIONAL INFORMATION FOR Enemy Tank's Cannonball #6:
* This cannonball is chambered.
<<<13:16:30:636950>>>  Quit through pygame and writing log file...
