<<<17:20:46:924553>>>  Pix\Homeworlds\Ocean\1.png loaded as pixie for Earth...
<<<17:20:46:924553>>>  Image at Pix\Homeworlds\Ocean\1.png chosen as homeworld pix for Earth's...
<<<17:20:46:925549>>>  Pix\Moons\13.png loaded as pixie for Moon #2...
<<<17:20:47:000605>>>  Pix\Snails\Green_Snail\Spells\Spellready_Icon\spellready.png returned as pixie for Snail #1 Green Player...
<<<17:20:47:000605>>>  Pix\Magic\Scroll\scroll.png returned as pixie for Snail #1 Green Player...
<<<17:20:47:000605>>>  Snail #1 Green Player successfully created!
<<<17:20:47:071666>>>  Pix\Snails\Red_Snail\Spells\Spellready_Icon\spellready.png returned as pixie for Snail #2 Red Player...
<<<17:20:47:071666>>>  Pix\Magic\Scroll\scroll.png returned as pixie for Snail #2 Red Player...
<<<17:20:47:071666>>>  Snail #2 Red Player successfully created!
<<<17:20:47:270032>>>  Snail #1 Green Player chambered cannonball...
<<<17:20:47:270971>>>
* CURRENT VALUES FOR CELESTIAL BODY:  Snail #1 Green Player's Cannonball #1
* This is not the homeworld.
* The celestial boyd's density is 5515 kg/m^3.
* The celestial body's mass is 1000 kg.
* The Earth's mass is 5.972e+24 kg.
* The celestial body's radius is 0.001 km.
* The celestial body's coordinates are (3.9011123786838936e-13, 6371.0).
* The celestial body's velocity is (0.0016090092245119169, 5.593079842151917).
* The celestial body's speed is 5.5930800735906505 km/s.
* The celestial body's acceleration is (0, 0).
* The celestial body's screen x and y coordinates are (768, 345).
* The celestial body's screen radius is 2.
* The celestial is using a body circle.
<<<17:20:47:270971>>>
* ADDITIONAL INFORMATION FOR Snail #1 Green Player's Cannonball #1:
* This cannonball is chambered.
<<<17:21:38:654477>>>  Snail #2 Red Player has been hit by Snail #1 Green Player's Cannonball #1!
<<<17:21:38:654477>>>  Snail #2 Red Player is dying!
<<<17:21:38:671096>>>  Snail #2 Red Player has been hit by Snail #1 Green Player's Cannonball #1!
<<<17:21:38:687309>>>  Snail #2 Red Player has been hit by Snail #1 Green Player's Cannonball #1!
<<<17:21:38:704006>>>  Snail #2 Red Player has been hit by Snail #1 Green Player's Cannonball #1!
<<<17:21:38:720921>>>  Snail #2 Red Player has been hit by Snail #1 Green Player's Cannonball #1!
<<<17:21:38:737694>>>  Snail #2 Red Player has been hit by Snail #1 Green Player's Cannonball #1!
<<<17:21:38:754128>>>  Snail #2 Red Player has been hit by Snail #1 Green Player's Cannonball #1!
<<<17:21:38:770581>>>  Snail #2 Red Player has been hit by Snail #1 Green Player's Cannonball #1!
<<<17:21:38:787594>>>  Snail #2 Red Player has been hit by Snail #1 Green Player's Cannonball #1!
<<<17:21:38:803753>>>  Snail #2 Red Player has been hit by Snail #1 Green Player's Cannonball #1!
<<<17:21:38:819799>>>  Snail #2 Red Player has been hit by Snail #1 Green Player's Cannonball #1!
<<<17:21:38:836281>>>  Snail #2 Red Player has been hit by Snail #1 Green Player's Cannonball #1!
<<<17:21:38:852513>>>  Snail #2 Red Player has been hit by Snail #1 Green Player's Cannonball #1!
<<<17:21:38:868866>>>  Snail #2 Red Player has been hit by Snail #1 Green Player's Cannonball #1!
<<<17:21:38:884967>>>  Snail #2 Red Player has been hit by Snail #1 Green Player's Cannonball #1!
<<<17:21:38:902066>>>  Snail #2 Red Player has been hit by Snail #1 Green Player's Cannonball #1!
<<<17:21:38:918012>>>  Snail #2 Red Player has been hit by Snail #1 Green Player's Cannonball #1!
<<<17:21:38:934067>>>  Snail #2 Red Player has been hit by Snail #1 Green Player's Cannonball #1!
<<<17:21:38:950577>>>  Snail #2 Red Player has been hit by Snail #1 Green Player's Cannonball #1!
<<<17:21:38:967360>>>  Snail #2 Red Player has been hit by Snail #1 Green Player's Cannonball #1!
<<<17:21:38:984267>>>  Snail #2 Red Player has been hit by Snail #1 Green Player's Cannonball #1!
<<<17:21:39:000327>>>  Snail #2 Red Player has been hit by Snail #1 Green Player's Cannonball #1!
<<<17:21:39:017244>>>  Snail #2 Red Player has been hit by Snail #1 Green Player's Cannonball #1!
<<<17:21:39:034148>>>  Snail #2 Red Player has been hit by Snail #1 Green Player's Cannonball #1!
<<<17:21:39:051022>>>  Snail #2 Red Player has been hit by Snail #1 Green Player's Cannonball #1!
<<<17:21:39:067098>>>  Snail #2 Red Player has been hit by Snail #1 Green Player's Cannonball #1!
<<<17:21:39:084011>>>  Snail #2 Red Player has been hit by Snail #1 Green Player's Cannonball #1!
<<<17:21:39:101079>>>  Snail #2 Red Player has been hit by Snail #1 Green Player's Cannonball #1!
<<<17:21:39:117873>>>  Snail #2 Red Player has been hit by Snail #1 Green Player's Cannonball #1!
<<<17:21:39:134203>>>  Snail #2 Red Player has been hit by Snail #1 Green Player's Cannonball #1!
<<<17:21:39:150912>>>  Snail #2 Red Player has been hit by Snail #1 Green Player's Cannonball #1!
<<<17:21:39:168101>>>  Snail #2 Red Player has been hit by Snail #1 Green Player's Cannonball #1!
<<<17:21:39:184337>>>  Snail #2 Red Player has been hit by Snail #1 Green Player's Cannonball #1!
<<<17:21:39:200943>>>  Snail #2 Red Player has been hit by Snail #1 Green Player's Cannonball #1!
<<<17:21:39:218224>>>  Snail #1 Green Player's Cannonball #1 explosion timer has expired, marked for removal...
<<<17:21:39:910919>>>  Snail #2 Red Player had died :(
<<<17:21:39:910919>>>  Snail #2 Red Player being destroyed...
<<<17:21:39:910919>>>  Tank successfully destroyed!
<<<17:21:39:910919>>>  Successfully removed spellready icon from Snail #1 Green Player's effect list!
<<<17:21:40:744430>>>  Game over, exiting...
<<<17:21:40:744430>>>  Exiting game outside of main loop and writing log file...
