<<<15:07:04:751604>>>  Pix\Homeworlds\Terran\10.png loaded as pixie for Earth...
<<<15:07:04:751604>>>  Image at Pix\Homeworlds\Terran\10.png chosen as homeworld pix for Earth's...
<<<15:07:04:752660>>>  Pix\Moons\2.png loaded as pixie for Moon #2...
<<<15:07:04:792437>>>  Pix\Snails\Green_Snail\Spells\Spellready_Icon\spellready.png returned as pixie for Tank #1 Green Player Tank...
<<<15:07:04:792437>>>  Tank #1 Green Player Tank successfully created!
<<<15:07:04:834605>>>  Pix\Snails\Red_Snail\Spells\Spellready_Icon\spellready.png returned as pixie for Tank #2 Red AI Tank...
<<<15:07:04:834605>>>  Tank #2 Red AI Tank successfully created!
<<<15:07:04:877852>>>  Pix\Snails\Yellow_Snail\Spells\Spellready_Icon\spellready.png returned as pixie for Tank #3 Yellow AI Tank...
<<<15:07:04:877852>>>  Tank #3 Yellow AI Tank successfully created!
<<<15:07:04:884479>>>  Tank #2 Red AI Tank chose to move to 4.7821, cururently at 3.6652.
<<<15:07:04:884479>>>  Tank #2 Red AI Tank moved one unit CCW...
<<<15:07:04:884479>>>  Tank #2 Red AI Tank chose to move...
<<<15:07:04:884479>>>  Tank #3 Yellow AI Tank chose to shoot...
<<<15:07:04:895546>>>  Tank #2 Red AI Tank moved one unit CCW...
<<<15:07:04:895546>>>  Tank #3 Yellow AI Tank is checking targeting info...
<<<15:07:04:895546>>>  Tank #3 Yellow AI Tank Launch angle not within tolerances, adjusting firing solution...
<<<15:07:04:895546>>>  Tank #3 Yellow AI Tank Launch speed not within tolerances, adjusting firing solution...
<<<15:07:04:895546>>>  Tank #3 Yellow AI Tank adjusted targeting angle one unit CW...
<<<15:07:04:912269>>>  Tank #2 Red AI Tank moved one unit CCW...
<<<15:07:04:912269>>>  Tank #3 Yellow AI Tank is checking targeting info...
<<<15:07:04:912269>>>  Tank #3 Yellow AI Tank Launch angle not within tolerances, adjusting firing solution...
<<<15:07:04:912269>>>  Tank #3 Yellow AI Tank Launch speed not within tolerances, adjusting firing solution...
<<<15:07:04:912269>>>  Tank #3 Yellow AI Tank adjusted targeting angle one unit CW...
<<<15:07:04:927921>>>  Tank #2 Red AI Tank moved one unit CCW...
<<<15:07:04:927921>>>  Tank #3 Yellow AI Tank is checking targeting info...
<<<15:07:04:927921>>>  Tank #3 Yellow AI Tank Launch angle not within tolerances, adjusting firing solution...
<<<15:07:04:927921>>>  Tank #3 Yellow AI Tank Launch speed not within tolerances, adjusting firing solution...
<<<15:07:04:927921>>>  Tank #3 Yellow AI Tank adjusted targeting angle one unit CW...
<<<15:07:04:944906>>>  Tank #2 Red AI Tank moved one unit CCW...
<<<15:07:04:944906>>>  Tank #3 Yellow AI Tank is checking targeting info...
<<<15:07:04:944906>>>  Tank #3 Yellow AI Tank Launch angle not within tolerances, adjusting firing solution...
<<<15:07:04:944906>>>  Tank #3 Yellow AI Tank Launch speed not within tolerances, adjusting firing solution...
<<<15:07:04:944906>>>  Tank #3 Yellow AI Tank adjusted targeting angle one unit CW...
<<<15:07:04:961769>>>  Tank #2 Red AI Tank moved one unit CCW...
<<<15:07:04:961769>>>  Tank #3 Yellow AI Tank is checking targeting info...
<<<15:07:04:961769>>>  Tank #3 Yellow AI Tank Launch angle not within tolerances, adjusting firing solution...
<<<15:07:04:961769>>>  Tank #3 Yellow AI Tank Launch speed not within tolerances, adjusting firing solution...
<<<15:07:04:961769>>>  Tank #3 Yellow AI Tank adjusted targeting angle one unit CW...
<<<15:07:04:978250>>>  Tank #2 Red AI Tank moved one unit CCW...
<<<15:07:04:978250>>>  Tank #3 Yellow AI Tank is checking targeting info...
<<<15:07:04:978250>>>  Tank #3 Yellow AI Tank Launch angle not within tolerances, adjusting firing solution...
<<<15:07:04:978250>>>  Tank #3 Yellow AI Tank Launch speed not within tolerances, adjusting firing solution...
<<<15:07:04:978250>>>  Tank #3 Yellow AI Tank adjusted targeting angle one unit CW...
<<<15:07:04:994128>>>  Tank #2 Red AI Tank moved one unit CCW...
<<<15:07:04:994128>>>  Tank #3 Yellow AI Tank is checking targeting info...
<<<15:07:04:994128>>>  Tank #3 Yellow AI Tank Launch angle not within tolerances, adjusting firing solution...
<<<15:07:04:994128>>>  Tank #3 Yellow AI Tank Launch speed not within tolerances, adjusting firing solution...
<<<15:07:04:994128>>>  Tank #3 Yellow AI Tank adjusted targeting angle one unit CW...
<<<15:07:05:011298>>>  Tank #2 Red AI Tank moved one unit CCW...
<<<15:07:05:011298>>>  Tank #3 Yellow AI Tank is checking targeting info...
<<<15:07:05:011298>>>  Tank #3 Yellow AI Tank Launch angle not within tolerances, adjusting firing solution...
<<<15:07:05:011298>>>  Tank #3 Yellow AI Tank Launch speed not within tolerances, adjusting firing solution...
<<<15:07:05:011298>>>  Tank #3 Yellow AI Tank adjusted targeting angle one unit CW...
<<<15:07:05:027048>>>  Tank #2 Red AI Tank moved one unit CCW...
<<<15:07:05:027048>>>  Tank #3 Yellow AI Tank is checking targeting info...
<<<15:07:05:027048>>>  Tank #3 Yellow AI Tank Launch angle not within tolerances, adjusting firing solution...
<<<15:07:05:027048>>>  Tank #3 Yellow AI Tank Launch speed not within tolerances, adjusting firing solution...
<<<15:07:05:027048>>>  Tank #3 Yellow AI Tank adjusted targeting angle one unit CW...
<<<15:07:05:043506>>>  Tank #2 Red AI Tank moved one unit CCW...
<<<15:07:05:043506>>>  Tank #3 Yellow AI Tank is checking targeting info...
<<<15:07:05:043506>>>  Tank #3 Yellow AI Tank Launch angle not within tolerances, adjusting firing solution...
<<<15:07:05:043506>>>  Tank #3 Yellow AI Tank Launch speed not within tolerances, adjusting firing solution...
<<<15:07:05:043506>>>  Tank #3 Yellow AI Tank adjusted targeting angle one unit CW...
<<<15:07:05:060791>>>  Tank #2 Red AI Tank moved one unit CCW...
<<<15:07:05:060791>>>  Tank #3 Yellow AI Tank is checking targeting info...
<<<15:07:05:060791>>>  Tank #3 Yellow AI Tank Launch angle not within tolerances, adjusting firing solution...
<<<15:07:05:060791>>>  Tank #3 Yellow AI Tank Launch speed not within tolerances, adjusting firing solution...
<<<15:07:05:060791>>>  Tank #3 Yellow AI Tank adjusted targeting angle one unit CW...
<<<15:07:05:077126>>>  Tank #2 Red AI Tank moved one unit CCW...
<<<15:07:05:077126>>>  Tank #3 Yellow AI Tank is checking targeting info...
<<<15:07:05:077126>>>  Tank #3 Yellow AI Tank Launch angle not within tolerances, adjusting firing solution...
<<<15:07:05:077126>>>  Tank #3 Yellow AI Tank Launch speed not within tolerances, adjusting firing solution...
<<<15:07:05:077126>>>  Tank #3 Yellow AI Tank adjusted targeting angle one unit CW...
<<<15:07:05:093630>>>  Tank #2 Red AI Tank moved one unit CCW...
<<<15:07:05:093630>>>  Tank #3 Yellow AI Tank is checking targeting info...
<<<15:07:05:093630>>>  Tank #3 Yellow AI Tank Launch angle not within tolerances, adjusting firing solution...
<<<15:07:05:093630>>>  Tank #3 Yellow AI Tank Launch speed not within tolerances, adjusting firing solution...
<<<15:07:05:093630>>>  Tank #3 Yellow AI Tank adjusted targeting angle one unit CW...
<<<15:07:05:110722>>>  Tank #2 Red AI Tank moved one unit CCW...
<<<15:07:05:110722>>>  Tank #3 Yellow AI Tank is checking targeting info...
<<<15:07:05:110722>>>  Tank #3 Yellow AI Tank Launch angle not within tolerances, adjusting firing solution...
<<<15:07:05:110722>>>  Tank #3 Yellow AI Tank Launch speed not within tolerances, adjusting firing solution...
<<<15:07:05:110722>>>  Tank #3 Yellow AI Tank adjusted targeting angle one unit CW...
<<<15:07:05:127314>>>  Tank #2 Red AI Tank moved one unit CCW...
<<<15:07:05:127314>>>  Tank #3 Yellow AI Tank is checking targeting info...
<<<15:07:05:127314>>>  Tank #3 Yellow AI Tank Launch angle not within tolerances, adjusting firing solution...
<<<15:07:05:127314>>>  Tank #3 Yellow AI Tank Launch speed not within tolerances, adjusting firing solution...
<<<15:07:05:127314>>>  Tank #3 Yellow AI Tank adjusted targeting angle one unit CW...
<<<15:07:05:142826>>>  Tank #2 Red AI Tank moved one unit CCW...
<<<15:07:05:142826>>>  Tank #3 Yellow AI Tank is checking targeting info...
<<<15:07:05:142826>>>  Tank #3 Yellow AI Tank Launch angle not within tolerances, adjusting firing solution...
<<<15:07:05:142826>>>  Tank #3 Yellow AI Tank Launch speed not within tolerances, adjusting firing solution...
<<<15:07:05:142826>>>  Tank #3 Yellow AI Tank adjusted targeting angle one unit CW...
<<<15:07:05:159523>>>  Tank #2 Red AI Tank moved one unit CCW...
<<<15:07:05:159523>>>  Tank #3 Yellow AI Tank is checking targeting info...
<<<15:07:05:159523>>>  Tank #3 Yellow AI Tank Launch angle not within tolerances, adjusting firing solution...
<<<15:07:05:159523>>>  Tank #3 Yellow AI Tank Launch speed not within tolerances, adjusting firing solution...
<<<15:07:05:159523>>>  Tank #3 Yellow AI Tank adjusted targeting angle one unit CW...
<<<15:07:05:176027>>>  Tank #2 Red AI Tank moved one unit CCW...
<<<15:07:05:176027>>>  Tank #3 Yellow AI Tank is checking targeting info...
<<<15:07:05:176027>>>  Tank #3 Yellow AI Tank Launch angle not within tolerances, adjusting firing solution...
<<<15:07:05:176027>>>  Tank #3 Yellow AI Tank Launch speed not within tolerances, adjusting firing solution...
<<<15:07:05:176027>>>  Tank #3 Yellow AI Tank adjusted targeting angle one unit CW...
<<<15:07:05:192387>>>  Tank #2 Red AI Tank moved one unit CCW...
<<<15:07:05:192387>>>  Tank #3 Yellow AI Tank is checking targeting info...
<<<15:07:05:192387>>>  Tank #3 Yellow AI Tank Launch angle not within tolerances, adjusting firing solution...
<<<15:07:05:192387>>>  Tank #3 Yellow AI Tank Launch speed not within tolerances, adjusting firing solution...
<<<15:07:05:192387>>>  Tank #3 Yellow AI Tank adjusted targeting angle one unit CW...
<<<15:07:05:208225>>>  Tank #2 Red AI Tank moved one unit CCW...
<<<15:07:05:208225>>>  Tank #3 Yellow AI Tank is checking targeting info...
<<<15:07:05:208225>>>  Tank #3 Yellow AI Tank Launch angle not within tolerances, adjusting firing solution...
<<<15:07:05:208225>>>  Tank #3 Yellow AI Tank Launch speed not within tolerances, adjusting firing solution...
<<<15:07:05:208225>>>  Tank #3 Yellow AI Tank adjusted targeting angle one unit CW...
<<<15:07:05:223723>>>  Tank #2 Red AI Tank moved one unit CCW...
<<<15:07:05:223723>>>  Tank #3 Yellow AI Tank is checking targeting info...
<<<15:07:05:223723>>>  Tank #3 Yellow AI Tank Launch angle not within tolerances, adjusting firing solution...
<<<15:07:05:223723>>>  Tank #3 Yellow AI Tank Launch speed not within tolerances, adjusting firing solution...
<<<15:07:05:223723>>>  Tank #3 Yellow AI Tank adjusted targeting angle one unit CW...
<<<15:07:05:240772>>>  Tank #2 Red AI Tank moved one unit CCW...
<<<15:07:05:240772>>>  Tank #3 Yellow AI Tank is checking targeting info...
<<<15:07:05:240772>>>  Tank #3 Yellow AI Tank Launch angle not within tolerances, adjusting firing solution...
<<<15:07:05:240772>>>  Tank #3 Yellow AI Tank Launch speed not within tolerances, adjusting firing solution...
<<<15:07:05:240772>>>  Tank #3 Yellow AI Tank adjusted targeting angle one unit CW...
<<<15:07:05:257225>>>  Tank #2 Red AI Tank moved one unit CCW...
<<<15:07:05:257225>>>  Tank #3 Yellow AI Tank is checking targeting info...
<<<15:07:05:257225>>>  Tank #3 Yellow AI Tank Launch angle not within tolerances, adjusting firing solution...
<<<15:07:05:257225>>>  Tank #3 Yellow AI Tank Launch speed not within tolerances, adjusting firing solution...
<<<15:07:05:257225>>>  Tank #3 Yellow AI Tank adjusted targeting angle one unit CW...
<<<15:07:05:273158>>>  Tank #2 Red AI Tank moved one unit CCW...
<<<15:07:05:273158>>>  Tank #3 Yellow AI Tank is checking targeting info...
<<<15:07:05:273158>>>  Tank #3 Yellow AI Tank Launch angle not within tolerances, adjusting firing solution...
<<<15:07:05:273158>>>  Tank #3 Yellow AI Tank Launch speed not within tolerances, adjusting firing solution...
<<<15:07:05:273158>>>  Tank #3 Yellow AI Tank adjusted targeting angle one unit CW...
<<<15:07:05:289324>>>  Tank #2 Red AI Tank moved one unit CCW...
<<<15:07:05:289324>>>  Tank #3 Yellow AI Tank is checking targeting info...
<<<15:07:05:289324>>>  Tank #3 Yellow AI Tank Launch angle not within tolerances, adjusting firing solution...
<<<15:07:05:289324>>>  Tank #3 Yellow AI Tank Launch speed not within tolerances, adjusting firing solution...
<<<15:07:05:289324>>>  Tank #3 Yellow AI Tank adjusted targeting angle one unit CW...
<<<15:07:05:305992>>>  Tank #2 Red AI Tank moved one unit CCW...
<<<15:07:05:305992>>>  Tank #3 Yellow AI Tank is checking targeting info...
<<<15:07:05:305992>>>  Tank #3 Yellow AI Tank Launch angle not within tolerances, adjusting firing solution...
<<<15:07:05:305992>>>  Tank #3 Yellow AI Tank Launch speed not within tolerances, adjusting firing solution...
<<<15:07:05:305992>>>  Tank #3 Yellow AI Tank adjusted targeting angle one unit CW...
<<<15:07:05:322203>>>  Tank #2 Red AI Tank moved one unit CCW...
<<<15:07:05:322203>>>  Tank #3 Yellow AI Tank is checking targeting info...
<<<15:07:05:322203>>>  Tank #3 Yellow AI Tank Launch angle not within tolerances, adjusting firing solution...
<<<15:07:05:322203>>>  Tank #3 Yellow AI Tank Launch speed not within tolerances, adjusting firing solution...
<<<15:07:05:322203>>>  Tank #3 Yellow AI Tank adjusted targeting angle one unit CW...
<<<15:07:05:338526>>>  Tank #2 Red AI Tank moved one unit CCW...
<<<15:07:05:338526>>>  Tank #3 Yellow AI Tank is checking targeting info...
<<<15:07:05:338526>>>  Tank #3 Yellow AI Tank Launch angle not within tolerances, adjusting firing solution...
<<<15:07:05:338526>>>  Tank #3 Yellow AI Tank Launch speed not within tolerances, adjusting firing solution...
<<<15:07:05:338526>>>  Tank #3 Yellow AI Tank adjusted targeting angle one unit CW...
<<<15:07:05:356183>>>  Tank #2 Red AI Tank moved one unit CCW...
<<<15:07:05:356183>>>  Tank #3 Yellow AI Tank is checking targeting info...
<<<15:07:05:356183>>>  Tank #3 Yellow AI Tank Launch angle not within tolerances, adjusting firing solution...
<<<15:07:05:356183>>>  Tank #3 Yellow AI Tank Launch speed not within tolerances, adjusting firing solution...
<<<15:07:05:356183>>>  Tank #3 Yellow AI Tank adjusted targeting angle one unit CW...
<<<15:07:05:372618>>>  Tank #2 Red AI Tank moved one unit CCW...
<<<15:07:05:372618>>>  Tank #3 Yellow AI Tank is checking targeting info...
<<<15:07:05:372618>>>  Tank #3 Yellow AI Tank Launch angle not within tolerances, adjusting firing solution...
<<<15:07:05:372618>>>  Tank #3 Yellow AI Tank Launch speed not within tolerances, adjusting firing solution...
<<<15:07:05:372618>>>  Tank #3 Yellow AI Tank adjusted targeting angle one unit CW...
<<<15:07:05:390231>>>  Tank #2 Red AI Tank moved one unit CCW...
<<<15:07:05:390231>>>  Tank #3 Yellow AI Tank is checking targeting info...
<<<15:07:05:390231>>>  Tank #3 Yellow AI Tank Launch angle not within tolerances, adjusting firing solution...
<<<15:07:05:390231>>>  Tank #3 Yellow AI Tank Launch speed not within tolerances, adjusting firing solution...
<<<15:07:05:390231>>>  Tank #3 Yellow AI Tank adjusted targeting angle one unit CW...
<<<15:07:05:406456>>>  Tank #2 Red AI Tank moved one unit CCW...
<<<15:07:05:406456>>>  Tank #3 Yellow AI Tank is checking targeting info...
<<<15:07:05:406456>>>  Tank #3 Yellow AI Tank Launch angle not within tolerances, adjusting firing solution...
<<<15:07:05:406456>>>  Tank #3 Yellow AI Tank Launch speed not within tolerances, adjusting firing solution...
<<<15:07:05:406456>>>  Tank #3 Yellow AI Tank adjusted targeting angle one unit CW...
<<<15:07:05:422309>>>  Tank #2 Red AI Tank moved one unit CCW...
<<<15:07:05:422309>>>  Tank #3 Yellow AI Tank is checking targeting info...
<<<15:07:05:422309>>>  Tank #3 Yellow AI Tank Launch angle not within tolerances, adjusting firing solution...
<<<15:07:05:422309>>>  Tank #3 Yellow AI Tank Launch speed not within tolerances, adjusting firing solution...
<<<15:07:05:422309>>>  Tank #3 Yellow AI Tank adjusted targeting angle one unit CW...
<<<15:07:05:438574>>>  Tank #2 Red AI Tank moved one unit CCW...
<<<15:07:05:438574>>>  Tank #3 Yellow AI Tank is checking targeting info...
<<<15:07:05:438574>>>  Tank #3 Yellow AI Tank Launch angle not within tolerances, adjusting firing solution...
<<<15:07:05:438574>>>  Tank #3 Yellow AI Tank Launch speed not within tolerances, adjusting firing solution...
<<<15:07:05:438574>>>  Tank #3 Yellow AI Tank adjusted targeting angle one unit CW...
<<<15:07:05:455851>>>  Tank #2 Red AI Tank moved one unit CCW...
<<<15:07:05:455851>>>  Tank #3 Yellow AI Tank is checking targeting info...
<<<15:07:05:455851>>>  Tank #3 Yellow AI Tank Launch angle not within tolerances, adjusting firing solution...
<<<15:07:05:455851>>>  Tank #3 Yellow AI Tank Launch speed not within tolerances, adjusting firing solution...
<<<15:07:05:455851>>>  Tank #3 Yellow AI Tank adjusted targeting angle one unit CW...
<<<15:07:05:472059>>>  Tank #2 Red AI Tank moved one unit CCW...
<<<15:07:05:472059>>>  Tank #3 Yellow AI Tank is checking targeting info...
<<<15:07:05:472059>>>  Tank #3 Yellow AI Tank Launch angle not within tolerances, adjusting firing solution...
<<<15:07:05:472059>>>  Tank #3 Yellow AI Tank Launch speed not within tolerances, adjusting firing solution...
<<<15:07:05:472059>>>  Tank #3 Yellow AI Tank adjusted targeting angle one unit CW...
<<<15:07:05:488689>>>  Tank #2 Red AI Tank moved one unit CCW...
<<<15:07:05:488689>>>  Tank #3 Yellow AI Tank is checking targeting info...
<<<15:07:05:488689>>>  Tank #3 Yellow AI Tank Launch angle not within tolerances, adjusting firing solution...
<<<15:07:05:488689>>>  Tank #3 Yellow AI Tank Launch speed not within tolerances, adjusting firing solution...
<<<15:07:05:488689>>>  Tank #3 Yellow AI Tank adjusted targeting angle one unit CW...
<<<15:07:05:505845>>>  Tank #2 Red AI Tank moved one unit CCW...
<<<15:07:05:505845>>>  Tank #3 Yellow AI Tank is checking targeting info...
<<<15:07:05:505845>>>  Tank #3 Yellow AI Tank Launch angle not within tolerances, adjusting firing solution...
<<<15:07:05:505845>>>  Tank #3 Yellow AI Tank Launch speed not within tolerances, adjusting firing solution...
<<<15:07:05:505845>>>  Tank #3 Yellow AI Tank adjusted targeting angle one unit CW...
<<<15:07:05:523318>>>  Tank #2 Red AI Tank moved one unit CCW...
<<<15:07:05:523318>>>  Tank #3 Yellow AI Tank is checking targeting info...
<<<15:07:05:523318>>>  Tank #3 Yellow AI Tank Launch angle not within tolerances, adjusting firing solution...
<<<15:07:05:523318>>>  Tank #3 Yellow AI Tank Launch speed not within tolerances, adjusting firing solution...
<<<15:07:05:523318>>>  Tank #3 Yellow AI Tank adjusted targeting angle one unit CW...
<<<15:07:05:539780>>>  Tank #2 Red AI Tank moved one unit CCW...
<<<15:07:05:539780>>>  Tank #3 Yellow AI Tank is checking targeting info...
<<<15:07:05:539780>>>  Tank #3 Yellow AI Tank Launch angle not within tolerances, adjusting firing solution...
<<<15:07:05:539780>>>  Tank #3 Yellow AI Tank Launch speed not within tolerances, adjusting firing solution...
<<<15:07:05:539780>>>  Tank #3 Yellow AI Tank adjusted targeting angle one unit CW...
<<<15:07:05:556874>>>  Tank #2 Red AI Tank moved one unit CCW...
<<<15:07:05:556874>>>  Tank #3 Yellow AI Tank is checking targeting info...
<<<15:07:05:556874>>>  Tank #3 Yellow AI Tank Launch angle not within tolerances, adjusting firing solution...
<<<15:07:05:556874>>>  Tank #3 Yellow AI Tank Launch speed not within tolerances, adjusting firing solution...
<<<15:07:05:556874>>>  Tank #3 Yellow AI Tank adjusted targeting angle one unit CW...
<<<15:07:05:573651>>>  Tank #2 Red AI Tank moved one unit CCW...
<<<15:07:05:573651>>>  Tank #3 Yellow AI Tank is checking targeting info...
<<<15:07:05:573651>>>  Tank #3 Yellow AI Tank Launch angle not within tolerances, adjusting firing solution...
<<<15:07:05:573651>>>  Tank #3 Yellow AI Tank Launch speed not within tolerances, adjusting firing solution...
<<<15:07:05:573651>>>  Tank #3 Yellow AI Tank adjusted targeting angle one unit CW...
<<<15:07:05:590563>>>  Tank #2 Red AI Tank moved one unit CCW...
<<<15:07:05:590563>>>  Tank #3 Yellow AI Tank is checking targeting info...
<<<15:07:05:590563>>>  Tank #3 Yellow AI Tank Launch angle not within tolerances, adjusting firing solution...
<<<15:07:05:590563>>>  Tank #3 Yellow AI Tank Launch speed not within tolerances, adjusting firing solution...
<<<15:07:05:590563>>>  Tank #3 Yellow AI Tank adjusted targeting angle one unit CW...
<<<15:07:05:607251>>>  Tank #2 Red AI Tank moved one unit CCW...
<<<15:07:05:607251>>>  Tank #3 Yellow AI Tank is checking targeting info...
<<<15:07:05:607251>>>  Tank #3 Yellow AI Tank Launch angle not within tolerances, adjusting firing solution...
<<<15:07:05:607251>>>  Tank #3 Yellow AI Tank Launch speed not within tolerances, adjusting firing solution...
<<<15:07:05:607251>>>  Tank #3 Yellow AI Tank adjusted targeting angle one unit CW...
<<<15:07:05:622782>>>  Tank #2 Red AI Tank moved one unit CCW...
<<<15:07:05:622782>>>  Tank #3 Yellow AI Tank is checking targeting info...
<<<15:07:05:622782>>>  Tank #3 Yellow AI Tank Launch angle not within tolerances, adjusting firing solution...
<<<15:07:05:622782>>>  Tank #3 Yellow AI Tank Launch speed not within tolerances, adjusting firing solution...
<<<15:07:05:622782>>>  Tank #3 Yellow AI Tank adjusted targeting angle one unit CW...
<<<15:07:05:639170>>>  Tank #2 Red AI Tank moved one unit CCW...
<<<15:07:05:639170>>>  Tank #3 Yellow AI Tank is checking targeting info...
<<<15:07:05:639170>>>  Tank #3 Yellow AI Tank increased launch speed one unit...
<<<15:07:05:654898>>>  Tank #2 Red AI Tank moved one unit CCW...
<<<15:07:05:654898>>>  Tank #3 Yellow AI Tank is checking targeting info...
<<<15:07:05:654898>>>  Tank #3 Yellow AI Tank increased launch speed one unit...
<<<15:07:05:671626>>>  Tank #2 Red AI Tank moved one unit CCW...
<<<15:07:05:671626>>>  Tank #3 Yellow AI Tank is checking targeting info...
<<<15:07:05:671626>>>  Tank #3 Yellow AI Tank increased launch speed one unit...
<<<15:07:05:687673>>>  Tank #2 Red AI Tank moved one unit CCW...
<<<15:07:05:687673>>>  Tank #3 Yellow AI Tank is checking targeting info...
<<<15:07:05:687673>>>  Tank #3 Yellow AI Tank increased launch speed one unit...
<<<15:07:05:704171>>>  Tank #2 Red AI Tank moved one unit CCW...
<<<15:07:05:704171>>>  Tank #3 Yellow AI Tank is checking targeting info...
<<<15:07:05:704171>>>  Tank #3 Yellow AI Tank increased launch speed one unit...
<<<15:07:05:720423>>>  Tank #2 Red AI Tank moved one unit CCW...
<<<15:07:05:720423>>>  Tank #3 Yellow AI Tank is checking targeting info...
<<<15:07:05:720423>>>  Tank #3 Yellow AI Tank increased launch speed one unit...
<<<15:07:05:737386>>>  Tank #2 Red AI Tank moved one unit CCW...
<<<15:07:05:737386>>>  Tank #3 Yellow AI Tank is checking targeting info...
<<<15:07:05:737386>>>  Tank #3 Yellow AI Tank increased launch speed one unit...
<<<15:07:05:752693>>>  Tank #2 Red AI Tank moved one unit CCW...
<<<15:07:05:752693>>>  Tank #3 Yellow AI Tank is checking targeting info...
<<<15:07:05:752693>>>  Tank #3 Yellow AI Tank increased launch speed one unit...
<<<15:07:05:769773>>>  Tank #2 Red AI Tank moved one unit CCW...
<<<15:07:05:769773>>>  Tank #3 Yellow AI Tank is checking targeting info...
<<<15:07:05:769773>>>  Tank #3 Yellow AI Tank increased launch speed one unit...
<<<15:07:05:785662>>>  Tank #2 Red AI Tank moved one unit CCW...
<<<15:07:05:785662>>>  Tank #3 Yellow AI Tank is checking targeting info...
<<<15:07:05:785662>>>  Tank #3 Yellow AI Tank increased launch speed one unit...
<<<15:07:05:802154>>>  Tank #2 Red AI Tank moved one unit CCW...
<<<15:07:05:802154>>>  Tank #3 Yellow AI Tank is checking targeting info...
<<<15:07:05:802154>>>  Tank #3 Yellow AI Tank increased launch speed one unit...
<<<15:07:05:817794>>>  Tank #2 Red AI Tank moved one unit CCW...
<<<15:07:05:817794>>>  Tank #3 Yellow AI Tank is checking targeting info...
<<<15:07:05:817794>>>  Tank #3 Yellow AI Tank increased launch speed one unit...
<<<15:07:05:833873>>>  Tank #2 Red AI Tank moved one unit CCW...
<<<15:07:05:833873>>>  Tank #3 Yellow AI Tank is checking targeting info...
<<<15:07:05:833873>>>  Tank #3 Yellow AI Tank increased launch speed one unit...
<<<15:07:05:850644>>>  Tank #2 Red AI Tank moved one unit CCW...
<<<15:07:05:850644>>>  Tank #3 Yellow AI Tank is checking targeting info...
<<<15:07:05:850644>>>  Tank #3 Yellow AI Tank increased launch speed one unit...
<<<15:07:05:867686>>>  Tank #2 Red AI Tank moved one unit CCW...
<<<15:07:05:867686>>>  Tank #3 Yellow AI Tank is checking targeting info...
<<<15:07:05:867686>>>  Tank #3 Yellow AI Tank increased launch speed one unit...
<<<15:07:05:885407>>>  Successfully removed spellready icon from Tank #1 Green Player Tank's effect list!
<<<15:07:05:886404>>>  Tank #2 Red AI Tank moved one unit CCW...
<<<15:07:05:886404>>>  Tank #3 Yellow AI Tank is checking targeting info...
<<<15:07:05:886404>>>  Tank #3 Yellow AI Tank increased launch speed one unit...
<<<15:07:05:902019>>>  Tank #2 Red AI Tank moved one unit CCW...
<<<15:07:05:902019>>>  Tank #3 Yellow AI Tank is checking targeting info...
<<<15:07:05:902019>>>  Tank #3 Yellow AI Tank increased launch speed one unit...
<<<15:07:05:917740>>>  Tank #3 Yellow AI Tank is checking targeting info...
<<<15:07:05:917740>>>  Tank #3 Yellow AI Tank increased launch speed one unit...
<<<15:07:05:933774>>>  Successfully removed spellready icon from Tank #2 Red AI Tank's effect list!
<<<15:07:08:942786>>>  Successfully removed spellbook from Tank #2 Red AI Tank's effect list!
<<<15:07:08:942786>>>  Tank #2 Red AI Tank chose to move to 5.4944, cururently at 4.7647.
<<<15:07:08:942786>>>  Tank #2 Red AI Tank moved one unit CCW...
<<<15:07:08:942786>>>  Tank #2 Red AI Tank chose to move...
<<<15:07:08:942786>>>  Tank #2 Red AI Tank chose to shoot...
<<<15:07:08:942786>>>  Tank #2 Red AI Tank is checking targeting info...
<<<15:07:08:942786>>>  Tank #2 Red AI Tank Launch angle not within tolerances, adjusting firing solution...
<<<15:07:08:942786>>>  Tank #2 Red AI Tank Launch speed not within tolerances, adjusting firing solution...
<<<15:07:08:943795>>>  Tank #2 Red AI Tank adjusted targeting angle one unit CCW...
<<<15:07:08:943795>>>  Tank #3 Yellow AI Tank is checking targeting info...
<<<15:07:08:943795>>>  Tank #3 Yellow AI Tank increased launch speed one unit...
<<<15:07:08:959194>>>  Tank #2 Red AI Tank is checking targeting info...
<<<15:07:08:959194>>>  Tank #2 Red AI Tank Launch angle not within tolerances, adjusting firing solution...
<<<15:07:08:959194>>>  Tank #2 Red AI Tank Launch speed not within tolerances, adjusting firing solution...
<<<15:07:08:959194>>>  Tank #2 Red AI Tank adjusted targeting angle one unit CCW...
<<<15:07:08:959194>>>  Tank #3 Yellow AI Tank is checking targeting info...
<<<15:07:08:960226>>>  Tank #3 Yellow AI Tank increased launch speed one unit...
<<<15:07:08:975058>>>  Tank #2 Red AI Tank is checking targeting info...
<<<15:07:08:975058>>>  Tank #2 Red AI Tank Launch angle not within tolerances, adjusting firing solution...
<<<15:07:08:975058>>>  Tank #2 Red AI Tank Launch speed not within tolerances, adjusting firing solution...
<<<15:07:08:975058>>>  Tank #2 Red AI Tank adjusted targeting angle one unit CCW...
<<<15:07:08:975058>>>  Tank #3 Yellow AI Tank is checking targeting info...
<<<15:07:08:975058>>>  Tank #3 Yellow AI Tank increased launch speed one unit...
<<<15:07:08:991543>>>  Tank #2 Red AI Tank is checking targeting info...
<<<15:07:08:991543>>>  Tank #2 Red AI Tank Launch angle not within tolerances, adjusting firing solution...
<<<15:07:08:991543>>>  Tank #2 Red AI Tank Launch speed not within tolerances, adjusting firing solution...
<<<15:07:08:991543>>>  Tank #2 Red AI Tank adjusted targeting angle one unit CCW...
<<<15:07:08:991543>>>  Tank #3 Yellow AI Tank is checking targeting info...
<<<15:07:08:991543>>>  Tank #3 Yellow AI Tank increased launch speed one unit...
<<<15:07:09:008537>>>  Tank #2 Red AI Tank is checking targeting info...
<<<15:07:09:008537>>>  Tank #2 Red AI Tank Launch angle not within tolerances, adjusting firing solution...
<<<15:07:09:008537>>>  Tank #2 Red AI Tank Launch speed not within tolerances, adjusting firing solution...
<<<15:07:09:008537>>>  Tank #2 Red AI Tank adjusted targeting angle one unit CCW...
<<<15:07:09:008537>>>  Tank #3 Yellow AI Tank is checking targeting info...
<<<15:07:09:008537>>>  Tank #3 Yellow AI Tank increased launch speed one unit...
<<<15:07:09:025132>>>  Tank #2 Red AI Tank is checking targeting info...
<<<15:07:09:025132>>>  Tank #2 Red AI Tank Launch angle not within tolerances, adjusting firing solution...
<<<15:07:09:025132>>>  Tank #2 Red AI Tank Launch speed not within tolerances, adjusting firing solution...
<<<15:07:09:025132>>>  Tank #2 Red AI Tank adjusted targeting angle one unit CCW...
<<<15:07:09:025132>>>  Tank #3 Yellow AI Tank is checking targeting info...
<<<15:07:09:025132>>>  Tank #3 Yellow AI Tank increased launch speed one unit...
<<<15:07:09:041430>>>  Tank #2 Red AI Tank is checking targeting info...
<<<15:07:09:041430>>>  Tank #2 Red AI Tank Launch angle not within tolerances, adjusting firing solution...
<<<15:07:09:041430>>>  Tank #2 Red AI Tank Launch speed not within tolerances, adjusting firing solution...
<<<15:07:09:041430>>>  Tank #2 Red AI Tank adjusted targeting angle one unit CCW...
<<<15:07:09:041430>>>  Tank #3 Yellow AI Tank is checking targeting info...
<<<15:07:09:041430>>>  Tank #3 Yellow AI Tank increased launch speed one unit...
<<<15:07:09:057015>>>  Tank #2 Red AI Tank is checking targeting info...
<<<15:07:09:057015>>>  Tank #2 Red AI Tank Launch angle not within tolerances, adjusting firing solution...
<<<15:07:09:057015>>>  Tank #2 Red AI Tank Launch speed not within tolerances, adjusting firing solution...
<<<15:07:09:057015>>>  Tank #2 Red AI Tank adjusted targeting angle one unit CCW...
<<<15:07:09:057015>>>  Tank #3 Yellow AI Tank is checking targeting info...
<<<15:07:09:057015>>>  Tank #3 Yellow AI Tank increased launch speed one unit...
<<<15:07:09:073472>>>  Tank #2 Red AI Tank is checking targeting info...
<<<15:07:09:073472>>>  Tank #2 Red AI Tank Launch angle not within tolerances, adjusting firing solution...
<<<15:07:09:073472>>>  Tank #2 Red AI Tank Launch speed not within tolerances, adjusting firing solution...
<<<15:07:09:073472>>>  Tank #2 Red AI Tank adjusted targeting angle one unit CCW...
<<<15:07:09:073472>>>  Tank #3 Yellow AI Tank is checking targeting info...
<<<15:07:09:073472>>>  Tank #3 Yellow AI Tank increased launch speed one unit...
<<<15:07:09:088763>>>  Tank #2 Red AI Tank is checking targeting info...
<<<15:07:09:088763>>>  Tank #2 Red AI Tank Launch angle not within tolerances, adjusting firing solution...
<<<15:07:09:088763>>>  Tank #2 Red AI Tank Launch speed not within tolerances, adjusting firing solution...
<<<15:07:09:088763>>>  Tank #2 Red AI Tank adjusted targeting angle one unit CCW...
<<<15:07:09:088763>>>  Tank #3 Yellow AI Tank is checking targeting info...
<<<15:07:09:088763>>>  Tank #3 Yellow AI Tank increased launch speed one unit...
<<<15:07:09:105473>>>  Tank #2 Red AI Tank is checking targeting info...
<<<15:07:09:105473>>>  Tank #2 Red AI Tank Launch angle not within tolerances, adjusting firing solution...
<<<15:07:09:105473>>>  Tank #2 Red AI Tank Launch speed not within tolerances, adjusting firing solution...
<<<15:07:09:105473>>>  Tank #2 Red AI Tank adjusted targeting angle one unit CCW...
<<<15:07:09:105473>>>  Tank #3 Yellow AI Tank is checking targeting info...
<<<15:07:09:105473>>>  Tank #3 Yellow AI Tank increased launch speed one unit...
<<<15:07:09:121615>>>  Tank #2 Red AI Tank is checking targeting info...
<<<15:07:09:121615>>>  Tank #2 Red AI Tank Launch angle not within tolerances, adjusting firing solution...
<<<15:07:09:121615>>>  Tank #2 Red AI Tank Launch speed not within tolerances, adjusting firing solution...
<<<15:07:09:121615>>>  Tank #2 Red AI Tank adjusted targeting angle one unit CCW...
<<<15:07:09:121615>>>  Tank #3 Yellow AI Tank is checking targeting info...
<<<15:07:09:121615>>>  Tank #3 Yellow AI Tank increased launch speed one unit...
<<<15:07:09:138067>>>  Tank #2 Red AI Tank is checking targeting info...
<<<15:07:09:138067>>>  Tank #2 Red AI Tank Launch angle not within tolerances, adjusting firing solution...
<<<15:07:09:138067>>>  Tank #2 Red AI Tank Launch speed not within tolerances, adjusting firing solution...
<<<15:07:09:138067>>>  Tank #2 Red AI Tank adjusted targeting angle one unit CCW...
<<<15:07:09:138067>>>  Tank #3 Yellow AI Tank is checking targeting info...
<<<15:07:09:138067>>>  Tank #3 Yellow AI Tank increased launch speed one unit...
<<<15:07:09:154022>>>  Tank #2 Red AI Tank is checking targeting info...
<<<15:07:09:154022>>>  Tank #2 Red AI Tank Launch angle not within tolerances, adjusting firing solution...
<<<15:07:09:154022>>>  Tank #2 Red AI Tank Launch speed not within tolerances, adjusting firing solution...
<<<15:07:09:154022>>>  Tank #2 Red AI Tank adjusted targeting angle one unit CCW...
<<<15:07:09:154022>>>  Tank #3 Yellow AI Tank is checking targeting info...
<<<15:07:09:154022>>>  Tank #3 Yellow AI Tank increased launch speed one unit...
<<<15:07:09:170345>>>  Tank #2 Red AI Tank is checking targeting info...
<<<15:07:09:170345>>>  Tank #2 Red AI Tank Launch angle not within tolerances, adjusting firing solution...
<<<15:07:09:170345>>>  Tank #2 Red AI Tank Launch speed not within tolerances, adjusting firing solution...
<<<15:07:09:170345>>>  Tank #2 Red AI Tank adjusted targeting angle one unit CCW...
<<<15:07:09:170345>>>  Tank #3 Yellow AI Tank is checking targeting info...
<<<15:07:09:170345>>>  Tank #3 Yellow AI Tank increased launch speed one unit...
<<<15:07:09:186082>>>  Tank #2 Red AI Tank is checking targeting info...
<<<15:07:09:186082>>>  Tank #2 Red AI Tank Launch angle not within tolerances, adjusting firing solution...
<<<15:07:09:186082>>>  Tank #2 Red AI Tank Launch speed not within tolerances, adjusting firing solution...
<<<15:07:09:186082>>>  Tank #2 Red AI Tank adjusted targeting angle one unit CCW...
<<<15:07:09:186082>>>  Tank #3 Yellow AI Tank is checking targeting info...
<<<15:07:09:186082>>>  Tank #3 Yellow AI Tank increased launch speed one unit...
<<<15:07:09:202936>>>  Tank #2 Red AI Tank is checking targeting info...
<<<15:07:09:202936>>>  Tank #2 Red AI Tank Launch angle not within tolerances, adjusting firing solution...
<<<15:07:09:202936>>>  Tank #2 Red AI Tank Launch speed not within tolerances, adjusting firing solution...
<<<15:07:09:202936>>>  Tank #2 Red AI Tank adjusted targeting angle one unit CCW...
<<<15:07:09:202936>>>  Tank #3 Yellow AI Tank is checking targeting info...
<<<15:07:09:202936>>>  Tank #3 Yellow AI Tank increased launch speed one unit...
<<<15:07:09:219455>>>  Tank #2 Red AI Tank is checking targeting info...
<<<15:07:09:219455>>>  Tank #2 Red AI Tank Launch angle not within tolerances, adjusting firing solution...
<<<15:07:09:219455>>>  Tank #2 Red AI Tank Launch speed not within tolerances, adjusting firing solution...
<<<15:07:09:219455>>>  Tank #2 Red AI Tank adjusted targeting angle one unit CCW...
<<<15:07:09:219455>>>  Tank #3 Yellow AI Tank is checking targeting info...
<<<15:07:09:219455>>>  Tank #3 Yellow AI Tank increased launch speed one unit...
<<<15:07:09:235226>>>  Tank #2 Red AI Tank is checking targeting info...
<<<15:07:09:235226>>>  Tank #2 Red AI Tank Launch angle not within tolerances, adjusting firing solution...
<<<15:07:09:235226>>>  Tank #2 Red AI Tank Launch speed not within tolerances, adjusting firing solution...
<<<15:07:09:235226>>>  Tank #2 Red AI Tank adjusted targeting angle one unit CCW...
<<<15:07:09:235226>>>  Tank #3 Yellow AI Tank is checking targeting info...
<<<15:07:09:235226>>>  Tank #3 Yellow AI Tank increased launch speed one unit...
<<<15:07:09:251179>>>  Tank #2 Red AI Tank is checking targeting info...
<<<15:07:09:251179>>>  Tank #2 Red AI Tank Launch angle not within tolerances, adjusting firing solution...
<<<15:07:09:251179>>>  Tank #2 Red AI Tank Launch speed not within tolerances, adjusting firing solution...
<<<15:07:09:251179>>>  Tank #2 Red AI Tank adjusted targeting angle one unit CCW...
<<<15:07:09:251179>>>  Tank #3 Yellow AI Tank is checking targeting info...
<<<15:07:09:251179>>>  Tank #3 Yellow AI Tank increased launch speed one unit...
<<<15:07:09:267370>>>  Tank #2 Red AI Tank is checking targeting info...
<<<15:07:09:267370>>>  Tank #2 Red AI Tank Launch angle not within tolerances, adjusting firing solution...
<<<15:07:09:267370>>>  Tank #2 Red AI Tank Launch speed not within tolerances, adjusting firing solution...
<<<15:07:09:267370>>>  Tank #2 Red AI Tank adjusted targeting angle one unit CCW...
<<<15:07:09:267370>>>  Tank #3 Yellow AI Tank is checking targeting info...
<<<15:07:09:267370>>>  Tank #3 Yellow AI Tank firing solution within tolerances, not adjusting firing solution...
<<<15:07:09:267370>>>  Tank #3 Yellow AI Tank attempting to fire cannonball...
<<<15:07:09:283582>>>  Tank #2 Red AI Tank is checking targeting info...
<<<15:07:09:283582>>>  Tank #2 Red AI Tank Launch angle not within tolerances, adjusting firing solution...
<<<15:07:09:283582>>>  Tank #2 Red AI Tank Launch speed not within tolerances, adjusting firing solution...
<<<15:07:09:283582>>>  Tank #2 Red AI Tank adjusted targeting angle one unit CCW...
<<<15:07:09:283582>>>  Tank #3 Yellow AI Tank chose to move to 0.6443, cururently at 5.7596.
<<<15:07:09:283582>>>  Tank #3 Yellow AI Tank moved one unit CCW...
<<<15:07:09:283582>>>  Tank #3 Yellow AI Tank chose to move...
<<<15:07:09:300540>>>  Deleting effect pixie thawing...
<<<15:07:09:300540>>>  Deleting effect pixie thawing...
<<<15:07:09:300540>>>  Tank #2 Red AI Tank is checking targeting info...
<<<15:07:09:300540>>>  Tank #2 Red AI Tank Launch angle not within tolerances, adjusting firing solution...
<<<15:07:09:300540>>>  Tank #2 Red AI Tank Launch speed not within tolerances, adjusting firing solution...
<<<15:07:09:300540>>>  Tank #2 Red AI Tank adjusted targeting angle one unit CCW...
<<<15:07:09:300540>>>  Tank #3 Yellow AI Tank moved one unit CCW...
<<<15:07:09:317265>>>  Tank #2 Red AI Tank is checking targeting info...
<<<15:07:09:317265>>>  Tank #2 Red AI Tank Launch angle not within tolerances, adjusting firing solution...
<<<15:07:09:317265>>>  Tank #2 Red AI Tank Launch speed not within tolerances, adjusting firing solution...
<<<15:07:09:317265>>>  Tank #2 Red AI Tank adjusted targeting angle one unit CCW...
<<<15:07:09:318275>>>  Tank #3 Yellow AI Tank moved one unit CCW...
<<<15:07:09:333178>>>  Tank #2 Red AI Tank is checking targeting info...
<<<15:07:09:333178>>>  Tank #2 Red AI Tank Launch angle not within tolerances, adjusting firing solution...
<<<15:07:09:333178>>>  Tank #2 Red AI Tank Launch speed not within tolerances, adjusting firing solution...
<<<15:07:09:333178>>>  Tank #2 Red AI Tank adjusted targeting angle one unit CCW...
<<<15:07:09:333178>>>  Tank #3 Yellow AI Tank moved one unit CCW...
<<<15:07:09:349656>>>  Tank #2 Red AI Tank is checking targeting info...
<<<15:07:09:349656>>>  Tank #2 Red AI Tank Launch angle not within tolerances, adjusting firing solution...
<<<15:07:09:349656>>>  Tank #2 Red AI Tank Launch speed not within tolerances, adjusting firing solution...
<<<15:07:09:350554>>>  Tank #2 Red AI Tank adjusted targeting angle one unit CCW...
<<<15:07:09:350554>>>  Tank #3 Yellow AI Tank moved one unit CCW...
<<<15:07:09:366652>>>  Tank #2 Red AI Tank is checking targeting info...
<<<15:07:09:366652>>>  Tank #2 Red AI Tank Launch angle not within tolerances, adjusting firing solution...
<<<15:07:09:366652>>>  Tank #2 Red AI Tank Launch speed not within tolerances, adjusting firing solution...
<<<15:07:09:366652>>>  Tank #2 Red AI Tank adjusted targeting angle one unit CCW...
<<<15:07:09:366652>>>  Tank #3 Yellow AI Tank moved one unit CCW...
<<<15:07:09:383366>>>  Tank #2 Red AI Tank is checking targeting info...
<<<15:07:09:383366>>>  Tank #2 Red AI Tank Launch angle not within tolerances, adjusting firing solution...
<<<15:07:09:383366>>>  Tank #2 Red AI Tank Launch speed not within tolerances, adjusting firing solution...
<<<15:07:09:383366>>>  Tank #2 Red AI Tank adjusted targeting angle one unit CCW...
<<<15:07:09:383366>>>  Tank #3 Yellow AI Tank moved one unit CCW...
<<<15:07:09:398913>>>  Tank #2 Red AI Tank is checking targeting info...
<<<15:07:09:398913>>>  Tank #2 Red AI Tank Launch angle not within tolerances, adjusting firing solution...
<<<15:07:09:398913>>>  Tank #2 Red AI Tank Launch speed not within tolerances, adjusting firing solution...
<<<15:07:09:398913>>>  Tank #2 Red AI Tank adjusted targeting angle one unit CCW...
<<<15:07:09:398913>>>  Tank #3 Yellow AI Tank moved one unit CCW...
<<<15:07:09:415013>>>  Tank #2 Red AI Tank is checking targeting info...
<<<15:07:09:415013>>>  Tank #2 Red AI Tank Launch angle not within tolerances, adjusting firing solution...
<<<15:07:09:415013>>>  Tank #2 Red AI Tank Launch speed not within tolerances, adjusting firing solution...
<<<15:07:09:415013>>>  Tank #2 Red AI Tank adjusted targeting angle one unit CCW...
<<<15:07:09:415013>>>  Tank #3 Yellow AI Tank moved one unit CCW...
<<<15:07:09:431266>>>  Tank #2 Red AI Tank is checking targeting info...
<<<15:07:09:431266>>>  Tank #2 Red AI Tank Launch angle not within tolerances, adjusting firing solution...
<<<15:07:09:431266>>>  Tank #2 Red AI Tank Launch speed not within tolerances, adjusting firing solution...
<<<15:07:09:431266>>>  Tank #2 Red AI Tank adjusted targeting angle one unit CCW...
<<<15:07:09:431266>>>  Tank #3 Yellow AI Tank moved one unit CCW...
<<<15:07:09:447218>>>  Tank #2 Red AI Tank is checking targeting info...
<<<15:07:09:447218>>>  Tank #2 Red AI Tank Launch angle not within tolerances, adjusting firing solution...
<<<15:07:09:447218>>>  Tank #2 Red AI Tank Launch speed not within tolerances, adjusting firing solution...
<<<15:07:09:447218>>>  Tank #2 Red AI Tank adjusted targeting angle one unit CCW...
<<<15:07:09:447218>>>  Tank #3 Yellow AI Tank moved one unit CCW...
<<<15:07:09:463514>>>  Tank #2 Red AI Tank is checking targeting info...
<<<15:07:09:463514>>>  Tank #2 Red AI Tank Launch angle not within tolerances, adjusting firing solution...
<<<15:07:09:463514>>>  Tank #2 Red AI Tank Launch speed not within tolerances, adjusting firing solution...
<<<15:07:09:463514>>>  Tank #2 Red AI Tank adjusted targeting angle one unit CCW...
<<<15:07:09:463514>>>  Tank #3 Yellow AI Tank moved one unit CCW...
<<<15:07:09:479477>>>  Tank #2 Red AI Tank is checking targeting info...
<<<15:07:09:479477>>>  Tank #2 Red AI Tank Launch angle not within tolerances, adjusting firing solution...
<<<15:07:09:479477>>>  Tank #2 Red AI Tank Launch speed not within tolerances, adjusting firing solution...
<<<15:07:09:479477>>>  Tank #2 Red AI Tank adjusted targeting angle one unit CCW...
<<<15:07:09:479477>>>  Tank #3 Yellow AI Tank moved one unit CCW...
<<<15:07:09:495923>>>  Tank #2 Red AI Tank is checking targeting info...
<<<15:07:09:495923>>>  Tank #2 Red AI Tank Launch angle not within tolerances, adjusting firing solution...
<<<15:07:09:495923>>>  Tank #2 Red AI Tank Launch speed not within tolerances, adjusting firing solution...
<<<15:07:09:495923>>>  Tank #2 Red AI Tank adjusted targeting angle one unit CCW...
<<<15:07:09:495923>>>  Tank #3 Yellow AI Tank moved one unit CCW...
<<<15:07:09:513193>>>  Tank #2 Red AI Tank is checking targeting info...
<<<15:07:09:513193>>>  Tank #2 Red AI Tank Launch angle not within tolerances, adjusting firing solution...
<<<15:07:09:513193>>>  Tank #2 Red AI Tank Launch speed not within tolerances, adjusting firing solution...
<<<15:07:09:513193>>>  Tank #2 Red AI Tank adjusted targeting angle one unit CCW...
<<<15:07:09:513193>>>  Tank #3 Yellow AI Tank moved one unit CCW...
<<<15:07:09:530594>>>  Tank #2 Red AI Tank is checking targeting info...
<<<15:07:09:530594>>>  Tank #2 Red AI Tank Launch angle not within tolerances, adjusting firing solution...
<<<15:07:09:530594>>>  Tank #2 Red AI Tank Launch speed not within tolerances, adjusting firing solution...
<<<15:07:09:530594>>>  Tank #2 Red AI Tank adjusted targeting angle one unit CCW...
<<<15:07:09:530594>>>  Tank #3 Yellow AI Tank moved one unit CCW...
<<<15:07:09:547049>>>  Tank #2 Red AI Tank is checking targeting info...
<<<15:07:09:547049>>>  Tank #2 Red AI Tank Launch angle not within tolerances, adjusting firing solution...
<<<15:07:09:547049>>>  Tank #2 Red AI Tank Launch speed not within tolerances, adjusting firing solution...
<<<15:07:09:547049>>>  Tank #2 Red AI Tank adjusted targeting angle one unit CCW...
<<<15:07:09:547049>>>  Tank #3 Yellow AI Tank moved one unit CCW...
<<<15:07:09:563244>>>  Tank #2 Red AI Tank is checking targeting info...
<<<15:07:09:563244>>>  Tank #2 Red AI Tank Launch angle not within tolerances, adjusting firing solution...
<<<15:07:09:563244>>>  Tank #2 Red AI Tank Launch speed not within tolerances, adjusting firing solution...
<<<15:07:09:563244>>>  Tank #2 Red AI Tank adjusted targeting angle one unit CCW...
<<<15:07:09:564253>>>  Tank #3 Yellow AI Tank moved one unit CCW...
<<<15:07:09:579062>>>  Tank #2 Red AI Tank is checking targeting info...
<<<15:07:09:579062>>>  Tank #2 Red AI Tank Launch angle not within tolerances, adjusting firing solution...
<<<15:07:09:579062>>>  Tank #2 Red AI Tank Launch speed not within tolerances, adjusting firing solution...
<<<15:07:09:579062>>>  Tank #2 Red AI Tank adjusted targeting angle one unit CCW...
<<<15:07:09:579062>>>  Tank #3 Yellow AI Tank moved one unit CCW...
<<<15:07:09:595675>>>  Tank #2 Red AI Tank is checking targeting info...
<<<15:07:09:595675>>>  Tank #2 Red AI Tank Launch angle not within tolerances, adjusting firing solution...
<<<15:07:09:595675>>>  Tank #2 Red AI Tank Launch speed not within tolerances, adjusting firing solution...
<<<15:07:09:595675>>>  Tank #2 Red AI Tank adjusted targeting angle one unit CCW...
<<<15:07:09:596684>>>  Tank #3 Yellow AI Tank moved one unit CCW...
<<<15:07:09:612999>>>  Tank #2 Red AI Tank is checking targeting info...
<<<15:07:09:612999>>>  Tank #2 Red AI Tank Launch angle not within tolerances, adjusting firing solution...
<<<15:07:09:612999>>>  Tank #2 Red AI Tank Launch speed not within tolerances, adjusting firing solution...
<<<15:07:09:612999>>>  Tank #2 Red AI Tank adjusted targeting angle one unit CCW...
<<<15:07:09:613885>>>  Tank #3 Yellow AI Tank moved one unit CCW...
<<<15:07:09:629057>>>  Tank #2 Red AI Tank is checking targeting info...
<<<15:07:09:629057>>>  Tank #2 Red AI Tank Launch angle not within tolerances, adjusting firing solution...
<<<15:07:09:629057>>>  Tank #2 Red AI Tank Launch speed not within tolerances, adjusting firing solution...
<<<15:07:09:629057>>>  Tank #2 Red AI Tank adjusted targeting angle one unit CCW...
<<<15:07:09:629057>>>  Tank #3 Yellow AI Tank moved one unit CCW...
<<<15:07:09:645590>>>  Tank #2 Red AI Tank is checking targeting info...
<<<15:07:09:645590>>>  Tank #2 Red AI Tank Launch angle not within tolerances, adjusting firing solution...
<<<15:07:09:645590>>>  Tank #2 Red AI Tank Launch speed not within tolerances, adjusting firing solution...
<<<15:07:09:645590>>>  Tank #2 Red AI Tank adjusted targeting angle one unit CCW...
<<<15:07:09:645590>>>  Tank #3 Yellow AI Tank moved one unit CCW...
<<<15:07:09:662910>>>  Tank #2 Red AI Tank is checking targeting info...
<<<15:07:09:662910>>>  Tank #2 Red AI Tank Launch angle not within tolerances, adjusting firing solution...
<<<15:07:09:662910>>>  Tank #2 Red AI Tank Launch speed not within tolerances, adjusting firing solution...
<<<15:07:09:662910>>>  Tank #2 Red AI Tank adjusted targeting angle one unit CCW...
<<<15:07:09:662910>>>  Tank #3 Yellow AI Tank moved one unit CCW...
<<<15:07:09:678723>>>  Tank #2 Red AI Tank is checking targeting info...
<<<15:07:09:678723>>>  Tank #2 Red AI Tank increased launch speed one unit...
<<<15:07:09:678723>>>  Tank #3 Yellow AI Tank moved one unit CCW...
<<<15:07:09:694754>>>  Tank #2 Red AI Tank is checking targeting info...
<<<15:07:09:694754>>>  Tank #2 Red AI Tank increased launch speed one unit...
<<<15:07:09:694754>>>  Tank #3 Yellow AI Tank moved one unit CCW...
<<<15:07:09:710736>>>  Tank #2 Red AI Tank is checking targeting info...
<<<15:07:09:710736>>>  Tank #2 Red AI Tank increased launch speed one unit...
<<<15:07:09:710736>>>  Tank #3 Yellow AI Tank moved one unit CCW...
<<<15:07:09:727059>>>  Tank #2 Red AI Tank is checking targeting info...
<<<15:07:09:727059>>>  Tank #2 Red AI Tank increased launch speed one unit...
<<<15:07:09:727059>>>  Tank #3 Yellow AI Tank moved one unit CCW...
<<<15:07:09:743612>>>  Tank #2 Red AI Tank is checking targeting info...
<<<15:07:09:743612>>>  Tank #2 Red AI Tank increased launch speed one unit...
<<<15:07:09:743612>>>  Tank #3 Yellow AI Tank moved one unit CCW...
<<<15:07:09:760553>>>  Tank #2 Red AI Tank is checking targeting info...
<<<15:07:09:760553>>>  Tank #2 Red AI Tank increased launch speed one unit...
<<<15:07:09:761483>>>  Tank #3 Yellow AI Tank moved one unit CCW...
<<<15:07:09:777241>>>  Tank #2 Red AI Tank is checking targeting info...
<<<15:07:09:777241>>>  Tank #2 Red AI Tank increased launch speed one unit...
<<<15:07:09:778242>>>  Tank #3 Yellow AI Tank moved one unit CCW...
<<<15:07:09:792921>>>  Tank #2 Red AI Tank is checking targeting info...
<<<15:07:09:792921>>>  Tank #2 Red AI Tank increased launch speed one unit...
<<<15:07:09:792921>>>  Tank #3 Yellow AI Tank moved one unit CCW...
<<<15:07:09:808723>>>  Tank #2 Red AI Tank is checking targeting info...
<<<15:07:09:808723>>>  Tank #2 Red AI Tank increased launch speed one unit...
<<<15:07:09:808723>>>  Tank #3 Yellow AI Tank moved one unit CCW...
<<<15:07:09:825144>>>  Tank #2 Red AI Tank is checking targeting info...
<<<15:07:09:825144>>>  Tank #2 Red AI Tank increased launch speed one unit...
<<<15:07:09:825144>>>  Tank #3 Yellow AI Tank moved one unit CCW...
<<<15:07:09:840604>>>  Tank #2 Red AI Tank is checking targeting info...
<<<15:07:09:841541>>>  Tank #2 Red AI Tank increased launch speed one unit...
<<<15:07:09:841541>>>  Tank #3 Yellow AI Tank moved one unit CCW...
<<<15:07:09:857622>>>  Tank #2 Red AI Tank is checking targeting info...
<<<15:07:09:857622>>>  Tank #2 Red AI Tank increased launch speed one unit...
<<<15:07:09:857622>>>  Tank #3 Yellow AI Tank moved one unit CCW...
<<<15:07:09:874353>>>  Tank #2 Red AI Tank is checking targeting info...
<<<15:07:09:874353>>>  Tank #2 Red AI Tank increased launch speed one unit...
<<<15:07:09:874353>>>  Tank #3 Yellow AI Tank moved one unit CCW...
<<<15:07:09:890586>>>  Tank #2 Red AI Tank is checking targeting info...
<<<15:07:09:890586>>>  Tank #2 Red AI Tank increased launch speed one unit...
<<<15:07:09:890586>>>  Tank #3 Yellow AI Tank moved one unit CCW...
<<<15:07:09:906788>>>  Tank #2 Red AI Tank is checking targeting info...
<<<15:07:09:906788>>>  Tank #2 Red AI Tank increased launch speed one unit...
<<<15:07:09:906788>>>  Tank #3 Yellow AI Tank moved one unit CCW...
<<<15:07:09:923230>>>  Tank #2 Red AI Tank is checking targeting info...
<<<15:07:09:923230>>>  Tank #2 Red AI Tank firing solution within tolerances, not adjusting firing solution...
<<<15:07:09:923230>>>  Tank #2 Red AI Tank attempting to fire cannonball...
<<<15:07:09:923230>>>  Tank #3 Yellow AI Tank moved one unit CCW...
<<<15:07:09:939354>>>  Tank #2 Red AI Tank chose to shoot...
<<<15:07:09:939354>>>  Tank #3 Yellow AI Tank moved one unit CCW...
<<<15:07:09:955373>>>  Tank #2 Red AI Tank is checking targeting info...
<<<15:07:09:955373>>>  Tank #2 Red AI Tank increased launch speed one unit...
<<<15:07:09:955373>>>  Tank #3 Yellow AI Tank moved one unit CCW...
<<<15:07:09:970936>>>  Tank #2 Red AI Tank is checking targeting info...
<<<15:07:09:970936>>>  Tank #2 Red AI Tank increased launch speed one unit...
<<<15:07:09:970936>>>  Tank #3 Yellow AI Tank moved one unit CCW...
<<<15:07:09:987443>>>  Tank #2 Red AI Tank is checking targeting info...
<<<15:07:09:987443>>>  Tank #2 Red AI Tank increased launch speed one unit...
<<<15:07:09:987443>>>  Tank #3 Yellow AI Tank moved one unit CCW...
<<<15:07:10:002794>>>  Tank #2 Red AI Tank is checking targeting info...
<<<15:07:10:002794>>>  Tank #2 Red AI Tank increased launch speed one unit...
<<<15:07:10:002794>>>  Tank #3 Yellow AI Tank moved one unit CCW...
<<<15:07:10:020474>>>  Tank #2 Red AI Tank is checking targeting info...
<<<15:07:10:020474>>>  Tank #2 Red AI Tank increased launch speed one unit...
<<<15:07:10:020474>>>  Tank #3 Yellow AI Tank moved one unit CCW...
<<<15:07:10:038938>>>  Tank #2 Red AI Tank is checking targeting info...
<<<15:07:10:038938>>>  Tank #2 Red AI Tank increased launch speed one unit...
<<<15:07:10:038938>>>  Tank #3 Yellow AI Tank moved one unit CCW...
<<<15:07:10:054465>>>  Tank #2 Red AI Tank is checking targeting info...
<<<15:07:10:054465>>>  Tank #2 Red AI Tank increased launch speed one unit...
<<<15:07:10:054465>>>  Tank #3 Yellow AI Tank moved one unit CCW...
<<<15:07:10:070817>>>  Tank #2 Red AI Tank is checking targeting info...
<<<15:07:10:070817>>>  Tank #2 Red AI Tank increased launch speed one unit...
<<<15:07:10:070817>>>  Tank #3 Yellow AI Tank moved one unit CCW...
<<<15:07:10:088281>>>  Tank #2 Red AI Tank is checking targeting info...
<<<15:07:10:088281>>>  Tank #2 Red AI Tank increased launch speed one unit...
<<<15:07:10:088281>>>  Tank #3 Yellow AI Tank moved one unit CCW...
<<<15:07:10:104509>>>  Tank #2 Red AI Tank is checking targeting info...
<<<15:07:10:104509>>>  Tank #2 Red AI Tank increased launch speed one unit...
<<<15:07:10:104509>>>  Tank #3 Yellow AI Tank moved one unit CCW...
<<<15:07:10:120502>>>  Tank #2 Red AI Tank is checking targeting info...
<<<15:07:10:120502>>>  Tank #2 Red AI Tank increased launch speed one unit...
<<<15:07:10:121582>>>  Tank #3 Yellow AI Tank moved one unit CCW...
<<<15:07:10:137115>>>  Tank #2 Red AI Tank is checking targeting info...
<<<15:07:10:137115>>>  Tank #2 Red AI Tank increased launch speed one unit...
<<<15:07:10:138116>>>  Tank #3 Yellow AI Tank moved one unit CCW...
<<<15:07:10:153394>>>  Tank #2 Red AI Tank is checking targeting info...
<<<15:07:10:153394>>>  Tank #2 Red AI Tank increased launch speed one unit...
<<<15:07:10:153394>>>  Tank #3 Yellow AI Tank moved one unit CCW...
<<<15:07:10:169818>>>  Tank #2 Red AI Tank is checking targeting info...
<<<15:07:10:169818>>>  Tank #2 Red AI Tank increased launch speed one unit...
<<<15:07:10:169818>>>  Tank #3 Yellow AI Tank moved one unit CCW...
<<<15:07:10:187415>>>  Tank #2 Red AI Tank is checking targeting info...
<<<15:07:10:187415>>>  Tank #2 Red AI Tank increased launch speed one unit...
<<<15:07:10:187415>>>  Tank #3 Yellow AI Tank moved one unit CCW...
<<<15:07:10:203568>>>  Tank #2 Red AI Tank is checking targeting info...
<<<15:07:10:203568>>>  Tank #2 Red AI Tank increased launch speed one unit...
<<<15:07:10:203568>>>  Tank #3 Yellow AI Tank moved one unit CCW...
<<<15:07:10:220834>>>  Tank #2 Red AI Tank is checking targeting info...
<<<15:07:10:220834>>>  Tank #2 Red AI Tank firing solution within tolerances, not adjusting firing solution...
<<<15:07:10:220834>>>  Tank #2 Red AI Tank attempting to fire cannonball...
<<<15:07:10:220834>>>  Tank #3 Yellow AI Tank moved one unit CCW...
<<<15:07:10:238036>>>  Tank #2 Red AI Tank chose to shoot...
<<<15:07:10:238036>>>  Tank #3 Yellow AI Tank moved one unit CCW...
<<<15:07:10:254401>>>  Tank #2 Red AI Tank is checking targeting info...
<<<15:07:10:254401>>>  Tank #2 Red AI Tank increased launch speed one unit...
<<<15:07:10:254401>>>  Tank #3 Yellow AI Tank moved one unit CCW...
<<<15:07:10:270602>>>  Tank #2 Red AI Tank is checking targeting info...
<<<15:07:10:270602>>>  Tank #2 Red AI Tank increased launch speed one unit...
<<<15:07:10:270602>>>  Tank #3 Yellow AI Tank moved one unit CCW...
<<<15:07:10:287442>>>  Tank #2 Red AI Tank is checking targeting info...
<<<15:07:10:287442>>>  Tank #2 Red AI Tank increased launch speed one unit...
<<<15:07:10:288451>>>  Tank #3 Yellow AI Tank moved one unit CCW...
<<<15:07:10:302736>>>  Tank #2 Red AI Tank is checking targeting info...
<<<15:07:10:302736>>>  Tank #2 Red AI Tank increased launch speed one unit...
<<<15:07:10:303792>>>  Tank #3 Yellow AI Tank moved one unit CCW...
<<<15:07:10:319439>>>  Tank #2 Red AI Tank is checking targeting info...
<<<15:07:10:320464>>>  Tank #2 Red AI Tank increased launch speed one unit...
<<<15:07:10:320464>>>  Tank #3 Yellow AI Tank moved one unit CCW...
<<<15:07:10:337243>>>  Tank #2 Red AI Tank is checking targeting info...
<<<15:07:10:337243>>>  Tank #2 Red AI Tank increased launch speed one unit...
<<<15:07:10:337243>>>  Tank #3 Yellow AI Tank moved one unit CCW...
<<<15:07:10:351960>>>  Tank #2 Red AI Tank is checking targeting info...
<<<15:07:10:351960>>>  Tank #2 Red AI Tank firing solution within tolerances, not adjusting firing solution...
<<<15:07:10:351960>>>  Tank #2 Red AI Tank attempting to fire cannonball...
<<<15:07:10:352958>>>  Tank #3 Yellow AI Tank moved one unit CCW...
<<<15:07:10:367803>>>  Tank #2 Red AI Tank chose to shoot...
<<<15:07:10:383927>>>  Tank #2 Red AI Tank is checking targeting info...
<<<15:07:10:383927>>>  Tank #2 Red AI Tank increased launch speed one unit...
<<<15:07:10:383927>>>
* *** Tank #3 Yellow AI Tank USING CLEAR SKIES FUNCTION ***
* Moon #2 at (-408.6100071673557, 10260.597380424477), angle 1.6105985131585743 rads.
* Tank #3 Yellow AI Tank at (5154.2472711628125, 3744.7798423553154), angle 0.6283185307179526.
* Angle Between is 0.9822799824406214 rads.
* The skies are NOT clear, Tank #3 Yellow AI Tank shouldn't use Gravity...
<<<15:07:10:401554>>>  Tank #2 Red AI Tank is checking targeting info...
<<<15:07:10:401554>>>  Tank #2 Red AI Tank increased launch speed one unit...
<<<15:07:10:401554>>>  Tank #3 Yellow AI Tank chose to move to 0.1998, cururently at 0.6283.
<<<15:07:10:401554>>>  Tank #3 Yellow AI Tank moved one unit CW...
<<<15:07:10:401554>>>  Tank #3 Yellow AI Tank chose to move...
<<<15:07:10:418417>>>  Tank #2 Red AI Tank is checking targeting info...
<<<15:07:10:418417>>>  Tank #2 Red AI Tank increased launch speed one unit...
<<<15:07:10:418417>>>  Tank #3 Yellow AI Tank moved one unit CW...
<<<15:07:10:433339>>>  Tank #2 Red AI Tank is checking targeting info...
<<<15:07:10:433339>>>  Tank #2 Red AI Tank increased launch speed one unit...
<<<15:07:10:434348>>>  Tank #3 Yellow AI Tank moved one unit CW...
<<<15:07:10:449151>>>  Tank #2 Red AI Tank is checking targeting info...
<<<15:07:10:449151>>>  Tank #2 Red AI Tank increased launch speed one unit...
<<<15:07:10:449151>>>  Tank #3 Yellow AI Tank moved one unit CW...
<<<15:07:10:465247>>>  Tank #2 Red AI Tank is checking targeting info...
<<<15:07:10:465247>>>  Tank #2 Red AI Tank increased launch speed one unit...
<<<15:07:10:465247>>>  Tank #3 Yellow AI Tank moved one unit CW...
<<<15:07:10:482400>>>  Tank #2 Red AI Tank is checking targeting info...
<<<15:07:10:482400>>>  Tank #2 Red AI Tank increased launch speed one unit...
<<<15:07:10:482400>>>  Tank #3 Yellow AI Tank moved one unit CW...
<<<15:07:10:498123>>>  Tank #2 Red AI Tank is checking targeting info...
<<<15:07:10:498123>>>  Tank #2 Red AI Tank firing solution within tolerances, not adjusting firing solution...
<<<15:07:10:498123>>>  Tank #2 Red AI Tank attempting to fire cannonball...
<<<15:07:10:498123>>>  Tank #3 Yellow AI Tank moved one unit CW...
<<<15:07:10:513934>>>  Tank #2 Red AI Tank chose to shoot...
<<<15:07:10:513934>>>  Tank #3 Yellow AI Tank moved one unit CW...
<<<15:07:10:530572>>>  Tank #2 Red AI Tank is checking targeting info...
<<<15:07:10:530572>>>  Tank #2 Red AI Tank lowered launch speed one unit...
<<<15:07:10:530572>>>  Tank #3 Yellow AI Tank moved one unit CW...
<<<15:07:10:546822>>>  Tank #2 Red AI Tank is checking targeting info...
<<<15:07:10:546822>>>  Tank #2 Red AI Tank lowered launch speed one unit...
<<<15:07:10:546822>>>  Tank #3 Yellow AI Tank moved one unit CW...
<<<15:07:10:562963>>>  Tank #2 Red AI Tank is checking targeting info...
<<<15:07:10:562963>>>  Tank #2 Red AI Tank lowered launch speed one unit...
<<<15:07:10:562963>>>  Tank #3 Yellow AI Tank moved one unit CW...
<<<15:07:10:579700>>>  Tank #2 Red AI Tank is checking targeting info...
<<<15:07:10:579700>>>  Tank #2 Red AI Tank lowered launch speed one unit...
<<<15:07:10:579700>>>  Tank #3 Yellow AI Tank moved one unit CW...
<<<15:07:10:597628>>>  Tank #2 Red AI Tank is checking targeting info...
<<<15:07:10:597628>>>  Tank #2 Red AI Tank lowered launch speed one unit...
<<<15:07:10:597628>>>  Tank #3 Yellow AI Tank moved one unit CW...
<<<15:07:10:612870>>>  Tank #2 Red AI Tank is checking targeting info...
<<<15:07:10:612870>>>  Tank #2 Red AI Tank lowered launch speed one unit...
<<<15:07:10:612870>>>  Tank #3 Yellow AI Tank moved one unit CW...
<<<15:07:10:630436>>>  Tank #2 Red AI Tank is checking targeting info...
<<<15:07:10:630436>>>  Tank #2 Red AI Tank firing solution within tolerances, not adjusting firing solution...
<<<15:07:10:630436>>>  Tank #2 Red AI Tank attempting to fire cannonball...
<<<15:07:10:630436>>>  Tank #3 Yellow AI Tank moved one unit CW...
<<<15:07:10:647255>>>  Tank #2 Red AI Tank chose to shoot...
<<<15:07:10:647255>>>  Tank #3 Yellow AI Tank moved one unit CW...
<<<15:07:10:663942>>>  Tank #2 Red AI Tank is checking targeting info...
<<<15:07:10:663942>>>  Tank #2 Red AI Tank increased launch speed one unit...
<<<15:07:10:663942>>>  Tank #3 Yellow AI Tank moved one unit CW...
<<<15:07:10:680618>>>  Tank #2 Red AI Tank is checking targeting info...
<<<15:07:10:680618>>>  Tank #2 Red AI Tank increased launch speed one unit...
<<<15:07:10:680618>>>  Tank #3 Yellow AI Tank moved one unit CW...
<<<15:07:10:696610>>>  Tank #2 Red AI Tank is checking targeting info...
<<<15:07:10:696610>>>  Tank #2 Red AI Tank increased launch speed one unit...
<<<15:07:10:697620>>>  Tank #3 Yellow AI Tank moved one unit CW...
<<<15:07:10:714199>>>  Tank #2 Red AI Tank is checking targeting info...
<<<15:07:10:714199>>>  Tank #2 Red AI Tank increased launch speed one unit...
<<<15:07:10:714199>>>  Tank #3 Yellow AI Tank moved one unit CW...
<<<15:07:10:729047>>>  Tank #2 Red AI Tank is checking targeting info...
<<<15:07:10:729047>>>  Tank #2 Red AI Tank increased launch speed one unit...
<<<15:07:10:729047>>>  Tank #3 Yellow AI Tank moved one unit CW...
<<<15:07:10:745681>>>  Tank #2 Red AI Tank is checking targeting info...
<<<15:07:10:745681>>>  Tank #2 Red AI Tank increased launch speed one unit...
<<<15:07:10:745681>>>  Tank #3 Yellow AI Tank moved one unit CW...
<<<15:07:10:762628>>>  Tank #2 Red AI Tank is checking targeting info...
<<<15:07:10:762628>>>  Tank #2 Red AI Tank firing solution within tolerances, not adjusting firing solution...
<<<15:07:10:762628>>>  Tank #2 Red AI Tank attempting to fire cannonball...
<<<15:07:10:762628>>>  Tank #3 Yellow AI Tank moved one unit CW...
<<<15:07:10:779087>>>  Tank #2 Red AI Tank chose to move to 4.2319, cururently at 4.7822.
<<<15:07:10:779087>>>  Tank #2 Red AI Tank moved one unit CW...
<<<15:07:10:779087>>>  Tank #2 Red AI Tank chose to move...
<<<15:07:10:779087>>>  Tank #3 Yellow AI Tank moved one unit CW...
<<<15:07:10:795374>>>  Tank #2 Red AI Tank moved one unit CW...
<<<15:07:10:811570>>>  Tank #2 Red AI Tank moved one unit CW...
<<<15:07:10:812549>>>
* *** Tank #3 Yellow AI Tank USING CLEAR SKIES FUNCTION ***
* Moon #2 at (-2011.426696517804, 9746.597215029858), angle 1.774311425214436 rads.
* Tank #3 Yellow AI Tank at (6231.778364275085, 1324.6053821999042), angle 0.20943951023931304.
* Angle Between is 1.5648719149751233 rads.
* The skies are NOT clear, Tank #3 Yellow AI Tank shouldn't use Gravity...
<<<15:07:10:829349>>>  Tank #2 Red AI Tank moved one unit CW...
<<<15:07:10:829349>>>
* *** Tank #3 Yellow AI Tank USING CLEAR SKIES FUNCTION ***
* Moon #2 at (-2072.263444854772, 9721.500664119854), angle 1.7808159102403185 rads.
* Tank #3 Yellow AI Tank at (6231.778364275085, 1324.6053821999042), angle 0.20943951023931304.
* Angle Between is 1.5713764000010055 rads.
<<<15:07:10:829349>>>  Tank #3 Yellow AI Tank saw no celestials or cannonballs above their heads and is casting Gravity...
<<<15:07:10:829349>>>  Successfully removed spellready icon from Tank #3 Yellow AI Tank's effect list!
<<<15:07:10:844561>>>  Tank #2 Red AI Tank moved one unit CW...
<<<15:07:10:862307>>>  Tank #2 Red AI Tank moved one unit CW...
<<<15:07:10:878200>>>  Tank #2 Red AI Tank moved one unit CW...
<<<15:07:10:894949>>>  Tank #2 Red AI Tank moved one unit CW...
<<<15:07:10:912500>>>  Tank #2 Red AI Tank moved one unit CW...
<<<15:07:10:927880>>>  Tank #2 Red AI Tank moved one unit CW...
<<<15:07:10:943001>>>  Tank #2 Red AI Tank moved one unit CW...
<<<15:07:10:959298>>>  Tank #2 Red AI Tank moved one unit CW...
<<<15:07:10:976899>>>  Tank #2 Red AI Tank moved one unit CW...
<<<15:07:10:993047>>>  Tank #2 Red AI Tank moved one unit CW...
<<<15:07:11:009709>>>  Tank #2 Red AI Tank moved one unit CW...
<<<15:07:11:027091>>>  Tank #2 Red AI Tank moved one unit CW...
<<<15:07:11:042844>>>  Tank #2 Red AI Tank moved one unit CW...
<<<15:07:11:059687>>>  Tank #2 Red AI Tank moved one unit CW...
<<<15:07:11:077322>>>  Tank #2 Red AI Tank moved one unit CW...
<<<15:07:11:093649>>>  Tank #2 Red AI Tank moved one unit CW...
<<<15:07:11:108782>>>  Tank #2 Red AI Tank moved one unit CW...
<<<15:07:11:126061>>>  Tank #2 Red AI Tank moved one unit CW...
<<<15:07:11:140750>>>  Tank #2 Red AI Tank moved one unit CW...
<<<15:07:11:158372>>>  Tank #2 Red AI Tank moved one unit CW...
<<<15:07:11:173170>>>  Tank #2 Red AI Tank moved one unit CW...
<<<15:07:11:191452>>>  Tank #2 Red AI Tank moved one unit CW...
<<<15:07:11:208385>>>  Tank #2 Red AI Tank moved one unit CW...
<<<15:07:11:224511>>>  Tank #2 Red AI Tank moved one unit CW...
<<<15:07:11:239849>>>  Tank #2 Red AI Tank moved one unit CW...
<<<15:07:11:256681>>>  Tank #2 Red AI Tank moved one unit CW...
<<<15:07:11:272722>>>  Tank #2 Red AI Tank moved one unit CW...
<<<15:07:11:307674>>>  Tank #2 Red AI Tank chose to shoot...
<<<15:07:11:322756>>>  Tank #2 Red AI Tank is checking targeting info...
<<<15:07:11:323836>>>  Tank #2 Red AI Tank Launch angle not within tolerances, adjusting firing solution...
<<<15:07:11:323836>>>  Tank #2 Red AI Tank Launch speed not within tolerances, adjusting firing solution...
<<<15:07:11:323836>>>  Tank #2 Red AI Tank adjusted targeting angle one unit CW...
<<<15:07:11:339017>>>  Tank #2 Red AI Tank is checking targeting info...
<<<15:07:11:339017>>>  Tank #2 Red AI Tank Launch angle not within tolerances, adjusting firing solution...
<<<15:07:11:340094>>>  Tank #2 Red AI Tank Launch speed not within tolerances, adjusting firing solution...
<<<15:07:11:340094>>>  Tank #2 Red AI Tank adjusted targeting angle one unit CW...
<<<15:07:11:356305>>>  Tank #2 Red AI Tank is checking targeting info...
<<<15:07:11:356305>>>  Tank #2 Red AI Tank Launch angle not within tolerances, adjusting firing solution...
<<<15:07:11:356305>>>  Tank #2 Red AI Tank Launch speed not within tolerances, adjusting firing solution...
<<<15:07:11:356305>>>  Tank #2 Red AI Tank adjusted targeting angle one unit CW...
<<<15:07:11:372244>>>  Tank #2 Red AI Tank is checking targeting info...
<<<15:07:11:373254>>>  Tank #2 Red AI Tank Launch angle not within tolerances, adjusting firing solution...
<<<15:07:11:373254>>>  Tank #2 Red AI Tank Launch speed not within tolerances, adjusting firing solution...
<<<15:07:11:373254>>>  Tank #2 Red AI Tank adjusted targeting angle one unit CW...
<<<15:07:11:388471>>>  Tank #2 Red AI Tank is checking targeting info...
<<<15:07:11:388471>>>  Tank #2 Red AI Tank Launch angle not within tolerances, adjusting firing solution...
<<<15:07:11:388471>>>  Tank #2 Red AI Tank Launch speed not within tolerances, adjusting firing solution...
<<<15:07:11:388471>>>  Tank #2 Red AI Tank adjusted targeting angle one unit CW...
<<<15:07:11:406081>>>  Tank #2 Red AI Tank is checking targeting info...
<<<15:07:11:406081>>>  Tank #2 Red AI Tank Launch angle not within tolerances, adjusting firing solution...
<<<15:07:11:406081>>>  Tank #2 Red AI Tank Launch speed not within tolerances, adjusting firing solution...
<<<15:07:11:406081>>>  Tank #2 Red AI Tank adjusted targeting angle one unit CW...
<<<15:07:11:422423>>>  Tank #2 Red AI Tank is checking targeting info...
<<<15:07:11:422423>>>  Tank #2 Red AI Tank Launch angle not within tolerances, adjusting firing solution...
<<<15:07:11:422423>>>  Tank #2 Red AI Tank Launch speed not within tolerances, adjusting firing solution...
<<<15:07:11:422423>>>  Tank #2 Red AI Tank adjusted targeting angle one unit CW...
<<<15:07:11:438569>>>  Tank #2 Red AI Tank is checking targeting info...
<<<15:07:11:438569>>>  Tank #2 Red AI Tank Launch angle not within tolerances, adjusting firing solution...
<<<15:07:11:438569>>>  Tank #2 Red AI Tank Launch speed not within tolerances, adjusting firing solution...
<<<15:07:11:438569>>>  Tank #2 Red AI Tank adjusted targeting angle one unit CW...
<<<15:07:11:456696>>>  Tank #2 Red AI Tank is checking targeting info...
<<<15:07:11:456696>>>  Tank #2 Red AI Tank Launch angle not within tolerances, adjusting firing solution...
<<<15:07:11:456696>>>  Tank #2 Red AI Tank Launch speed not within tolerances, adjusting firing solution...
<<<15:07:11:456696>>>  Tank #2 Red AI Tank adjusted targeting angle one unit CW...
<<<15:07:11:472657>>>  Tank #2 Red AI Tank is checking targeting info...
<<<15:07:11:472657>>>  Tank #2 Red AI Tank Launch angle not within tolerances, adjusting firing solution...
<<<15:07:11:472657>>>  Tank #2 Red AI Tank Launch speed not within tolerances, adjusting firing solution...
<<<15:07:11:472657>>>  Tank #2 Red AI Tank adjusted targeting angle one unit CW...
<<<15:07:11:491484>>>  Tank #2 Red AI Tank is checking targeting info...
<<<15:07:11:491484>>>  Tank #2 Red AI Tank Launch angle not within tolerances, adjusting firing solution...
<<<15:07:11:491602>>>  Tank #2 Red AI Tank Launch speed not within tolerances, adjusting firing solution...
<<<15:07:11:491602>>>  Tank #2 Red AI Tank adjusted targeting angle one unit CW...
<<<15:07:11:508879>>>  Tank #2 Red AI Tank is checking targeting info...
<<<15:07:11:508879>>>  Tank #2 Red AI Tank Launch angle not within tolerances, adjusting firing solution...
<<<15:07:11:508879>>>  Tank #2 Red AI Tank Launch speed not within tolerances, adjusting firing solution...
<<<15:07:11:508879>>>  Tank #2 Red AI Tank adjusted targeting angle one unit CW...
<<<15:07:11:524759>>>  Tank #2 Red AI Tank is checking targeting info...
<<<15:07:11:524759>>>  Tank #2 Red AI Tank Launch angle not within tolerances, adjusting firing solution...
<<<15:07:11:524759>>>  Tank #2 Red AI Tank Launch speed not within tolerances, adjusting firing solution...
<<<15:07:11:524759>>>  Tank #2 Red AI Tank adjusted targeting angle one unit CW...
<<<15:07:11:541449>>>  Tank #2 Red AI Tank is checking targeting info...
<<<15:07:11:541449>>>  Tank #2 Red AI Tank Launch angle not within tolerances, adjusting firing solution...
<<<15:07:11:541449>>>  Tank #2 Red AI Tank Launch speed not within tolerances, adjusting firing solution...
<<<15:07:11:541449>>>  Tank #2 Red AI Tank adjusted targeting angle one unit CW...
<<<15:07:11:558269>>>  Tank #2 Red AI Tank is checking targeting info...
<<<15:07:11:558269>>>  Tank #2 Red AI Tank Launch angle not within tolerances, adjusting firing solution...
<<<15:07:11:558269>>>  Tank #2 Red AI Tank Launch speed not within tolerances, adjusting firing solution...
<<<15:07:11:558269>>>  Tank #2 Red AI Tank adjusted targeting angle one unit CW...
<<<15:07:11:573113>>>  Tank #2 Red AI Tank is checking targeting info...
<<<15:07:11:574205>>>  Tank #2 Red AI Tank Launch angle not within tolerances, adjusting firing solution...
<<<15:07:11:574205>>>  Tank #2 Red AI Tank Launch speed not within tolerances, adjusting firing solution...
<<<15:07:11:574205>>>  Tank #2 Red AI Tank adjusted targeting angle one unit CW...
<<<15:07:11:588930>>>  Tank #2 Red AI Tank is checking targeting info...
<<<15:07:11:588930>>>  Tank #2 Red AI Tank Launch angle not within tolerances, adjusting firing solution...
<<<15:07:11:588930>>>  Tank #2 Red AI Tank Launch speed not within tolerances, adjusting firing solution...
<<<15:07:11:588930>>>  Tank #2 Red AI Tank adjusted targeting angle one unit CW...
<<<15:07:11:605078>>>  Tank #2 Red AI Tank is checking targeting info...
<<<15:07:11:605078>>>  Tank #2 Red AI Tank Launch angle not within tolerances, adjusting firing solution...
<<<15:07:11:605078>>>  Tank #2 Red AI Tank Launch speed not within tolerances, adjusting firing solution...
<<<15:07:11:605078>>>  Tank #2 Red AI Tank adjusted targeting angle one unit CW...
<<<15:07:11:622717>>>  Tank #2 Red AI Tank is checking targeting info...
<<<15:07:11:622717>>>  Tank #2 Red AI Tank Launch angle not within tolerances, adjusting firing solution...
<<<15:07:11:622717>>>  Tank #2 Red AI Tank Launch speed not within tolerances, adjusting firing solution...
<<<15:07:11:622717>>>  Tank #2 Red AI Tank adjusted targeting angle one unit CW...
<<<15:07:11:637819>>>  Tank #2 Red AI Tank is checking targeting info...
<<<15:07:11:637819>>>  Tank #2 Red AI Tank Launch angle not within tolerances, adjusting firing solution...
<<<15:07:11:637819>>>  Tank #2 Red AI Tank Launch speed not within tolerances, adjusting firing solution...
<<<15:07:11:637819>>>  Tank #2 Red AI Tank adjusted targeting angle one unit CW...
<<<15:07:11:654667>>>  Tank #2 Red AI Tank is checking targeting info...
<<<15:07:11:654667>>>  Tank #2 Red AI Tank Launch angle not within tolerances, adjusting firing solution...
<<<15:07:11:654667>>>  Tank #2 Red AI Tank Launch speed not within tolerances, adjusting firing solution...
<<<15:07:11:654667>>>  Tank #2 Red AI Tank adjusted targeting angle one unit CW...
<<<15:07:11:672621>>>  Tank #2 Red AI Tank is checking targeting info...
<<<15:07:11:672621>>>  Tank #2 Red AI Tank Launch angle not within tolerances, adjusting firing solution...
<<<15:07:11:672621>>>  Tank #2 Red AI Tank Launch speed not within tolerances, adjusting firing solution...
<<<15:07:11:672621>>>  Tank #2 Red AI Tank adjusted targeting angle one unit CW...
<<<15:07:11:689290>>>  Tank #2 Red AI Tank is checking targeting info...
<<<15:07:11:689290>>>  Tank #2 Red AI Tank Launch angle not within tolerances, adjusting firing solution...
<<<15:07:11:689290>>>  Tank #2 Red AI Tank Launch speed not within tolerances, adjusting firing solution...
<<<15:07:11:689290>>>  Tank #2 Red AI Tank adjusted targeting angle one unit CW...
<<<15:07:11:704987>>>  Tank #2 Red AI Tank is checking targeting info...
<<<15:07:11:704987>>>  Tank #2 Red AI Tank Launch angle not within tolerances, adjusting firing solution...
<<<15:07:11:704987>>>  Tank #2 Red AI Tank Launch speed not within tolerances, adjusting firing solution...
<<<15:07:11:704987>>>  Tank #2 Red AI Tank adjusted targeting angle one unit CW...
<<<15:07:11:721459>>>  Tank #2 Red AI Tank is checking targeting info...
<<<15:07:11:721459>>>  Tank #2 Red AI Tank Launch angle not within tolerances, adjusting firing solution...
<<<15:07:11:721459>>>  Tank #2 Red AI Tank Launch speed not within tolerances, adjusting firing solution...
<<<15:07:11:721459>>>  Tank #2 Red AI Tank adjusted targeting angle one unit CW...
<<<15:07:11:737461>>>  Tank #2 Red AI Tank is checking targeting info...
<<<15:07:11:738378>>>  Tank #2 Red AI Tank Launch angle not within tolerances, adjusting firing solution...
<<<15:07:11:738378>>>  Tank #2 Red AI Tank Launch speed not within tolerances, adjusting firing solution...
<<<15:07:11:738378>>>  Tank #2 Red AI Tank adjusted targeting angle one unit CW...
<<<15:07:11:756280>>>  Tank #2 Red AI Tank is checking targeting info...
<<<15:07:11:756280>>>  Tank #2 Red AI Tank Launch angle not within tolerances, adjusting firing solution...
<<<15:07:11:756280>>>  Tank #2 Red AI Tank Launch speed not within tolerances, adjusting firing solution...
<<<15:07:11:756280>>>  Tank #2 Red AI Tank adjusted targeting angle one unit CW...
<<<15:07:11:772998>>>  Tank #2 Red AI Tank is checking targeting info...
<<<15:07:11:772998>>>  Tank #2 Red AI Tank Launch angle not within tolerances, adjusting firing solution...
<<<15:07:11:772998>>>  Tank #2 Red AI Tank Launch speed not within tolerances, adjusting firing solution...
<<<15:07:11:772998>>>  Tank #2 Red AI Tank adjusted targeting angle one unit CW...
<<<15:07:11:788592>>>  Tank #2 Red AI Tank is checking targeting info...
<<<15:07:11:788592>>>  Tank #2 Red AI Tank Launch angle not within tolerances, adjusting firing solution...
<<<15:07:11:788592>>>  Tank #2 Red AI Tank Launch speed not within tolerances, adjusting firing solution...
<<<15:07:11:788592>>>  Tank #2 Red AI Tank adjusted targeting angle one unit CW...
<<<15:07:11:805937>>>  Tank #2 Red AI Tank is checking targeting info...
<<<15:07:11:805937>>>  Tank #2 Red AI Tank Launch angle not within tolerances, adjusting firing solution...
<<<15:07:11:805937>>>  Tank #2 Red AI Tank Launch speed not within tolerances, adjusting firing solution...
<<<15:07:11:805937>>>  Tank #2 Red AI Tank adjusted targeting angle one unit CW...
<<<15:07:11:822394>>>  Tank #2 Red AI Tank is checking targeting info...
<<<15:07:11:822394>>>  Tank #2 Red AI Tank Launch angle not within tolerances, adjusting firing solution...
<<<15:07:11:822394>>>  Tank #2 Red AI Tank Launch speed not within tolerances, adjusting firing solution...
<<<15:07:11:822394>>>  Tank #2 Red AI Tank adjusted targeting angle one unit CW...
<<<15:07:11:837634>>>  Tank #2 Red AI Tank is checking targeting info...
<<<15:07:11:837634>>>  Tank #2 Red AI Tank Launch angle not within tolerances, adjusting firing solution...
<<<15:07:11:837634>>>  Tank #2 Red AI Tank Launch speed not within tolerances, adjusting firing solution...
<<<15:07:11:837634>>>  Tank #2 Red AI Tank adjusted targeting angle one unit CW...
<<<15:07:11:854871>>>  Tank #2 Red AI Tank is checking targeting info...
<<<15:07:11:854871>>>  Tank #2 Red AI Tank Launch angle not within tolerances, adjusting firing solution...
<<<15:07:11:854871>>>  Tank #2 Red AI Tank Launch speed not within tolerances, adjusting firing solution...
<<<15:07:11:854871>>>  Tank #2 Red AI Tank adjusted targeting angle one unit CW...
<<<15:07:11:870869>>>  Tank #2 Red AI Tank is checking targeting info...
<<<15:07:11:870869>>>  Tank #2 Red AI Tank Launch angle not within tolerances, adjusting firing solution...
<<<15:07:11:870869>>>  Tank #2 Red AI Tank Launch speed not within tolerances, adjusting firing solution...
<<<15:07:11:870869>>>  Tank #2 Red AI Tank adjusted targeting angle one unit CW...
<<<15:07:11:887644>>>  Tank #2 Red AI Tank is checking targeting info...
<<<15:07:11:887644>>>  Tank #2 Red AI Tank Launch angle not within tolerances, adjusting firing solution...
<<<15:07:11:887644>>>  Tank #2 Red AI Tank Launch speed not within tolerances, adjusting firing solution...
<<<15:07:11:887644>>>  Tank #2 Red AI Tank adjusted targeting angle one unit CW...
<<<15:07:11:904078>>>  Tank #2 Red AI Tank is checking targeting info...
<<<15:07:11:904078>>>  Tank #2 Red AI Tank Launch angle not within tolerances, adjusting firing solution...
<<<15:07:11:904078>>>  Tank #2 Red AI Tank Launch speed not within tolerances, adjusting firing solution...
<<<15:07:11:904078>>>  Tank #2 Red AI Tank adjusted targeting angle one unit CW...
<<<15:07:11:921423>>>  Tank #2 Red AI Tank is checking targeting info...
<<<15:07:11:922431>>>  Tank #2 Red AI Tank Launch angle not within tolerances, adjusting firing solution...
<<<15:07:11:922431>>>  Tank #2 Red AI Tank Launch speed not within tolerances, adjusting firing solution...
<<<15:07:11:922431>>>  Tank #2 Red AI Tank adjusted targeting angle one unit CW...
<<<15:07:11:937319>>>  Tank #2 Red AI Tank is checking targeting info...
<<<15:07:11:937319>>>  Tank #2 Red AI Tank Launch angle not within tolerances, adjusting firing solution...
<<<15:07:11:938420>>>  Tank #2 Red AI Tank Launch speed not within tolerances, adjusting firing solution...
<<<15:07:11:938420>>>  Tank #2 Red AI Tank adjusted targeting angle one unit CW...
<<<15:07:11:954975>>>  Tank #2 Red AI Tank is checking targeting info...
<<<15:07:11:954975>>>  Tank #2 Red AI Tank Launch angle not within tolerances, adjusting firing solution...
<<<15:07:11:954975>>>  Tank #2 Red AI Tank Launch speed not within tolerances, adjusting firing solution...
<<<15:07:11:954975>>>  Tank #2 Red AI Tank adjusted targeting angle one unit CW...
<<<15:07:11:970237>>>  Tank #2 Red AI Tank is checking targeting info...
<<<15:07:11:970237>>>  Tank #2 Red AI Tank Launch angle not within tolerances, adjusting firing solution...
<<<15:07:11:970237>>>  Tank #2 Red AI Tank Launch speed not within tolerances, adjusting firing solution...
<<<15:07:11:970237>>>  Tank #2 Red AI Tank adjusted targeting angle one unit CW...
<<<15:07:11:986972>>>  Tank #2 Red AI Tank is checking targeting info...
<<<15:07:11:986972>>>  Tank #2 Red AI Tank Launch angle not within tolerances, adjusting firing solution...
<<<15:07:11:986972>>>  Tank #2 Red AI Tank Launch speed not within tolerances, adjusting firing solution...
<<<15:07:11:986972>>>  Tank #2 Red AI Tank adjusted targeting angle one unit CW...
<<<15:07:12:001831>>>  Tank #2 Red AI Tank is checking targeting info...
<<<15:07:12:002834>>>  Tank #2 Red AI Tank Launch angle not within tolerances, adjusting firing solution...
<<<15:07:12:002915>>>  Tank #2 Red AI Tank Launch speed not within tolerances, adjusting firing solution...
<<<15:07:12:002915>>>  Tank #2 Red AI Tank adjusted targeting angle one unit CW...
<<<15:07:12:019151>>>  Tank #2 Red AI Tank is checking targeting info...
<<<15:07:12:019151>>>  Tank #2 Red AI Tank Launch angle not within tolerances, adjusting firing solution...
<<<15:07:12:019647>>>  Tank #2 Red AI Tank Launch speed not within tolerances, adjusting firing solution...
<<<15:07:12:019647>>>  Tank #2 Red AI Tank adjusted targeting angle one unit CW...
<<<15:07:12:034255>>>  Tank #2 Red AI Tank is checking targeting info...
<<<15:07:12:034255>>>  Tank #2 Red AI Tank Launch angle not within tolerances, adjusting firing solution...
<<<15:07:12:034255>>>  Tank #2 Red AI Tank Launch speed not within tolerances, adjusting firing solution...
<<<15:07:12:034255>>>  Tank #2 Red AI Tank adjusted targeting angle one unit CW...
<<<15:07:12:052437>>>  Tank #2 Red AI Tank is checking targeting info...
<<<15:07:12:052437>>>  Tank #2 Red AI Tank Launch angle not within tolerances, adjusting firing solution...
<<<15:07:12:052437>>>  Tank #2 Red AI Tank Launch speed not within tolerances, adjusting firing solution...
<<<15:07:12:052437>>>  Tank #2 Red AI Tank adjusted targeting angle one unit CW...
<<<15:07:12:068479>>>  Tank #2 Red AI Tank is checking targeting info...
<<<15:07:12:068479>>>  Tank #2 Red AI Tank increased launch speed one unit...
<<<15:07:12:084291>>>  Tank #2 Red AI Tank is checking targeting info...
<<<15:07:12:084291>>>  Tank #2 Red AI Tank increased launch speed one unit...
<<<15:07:12:099777>>>  Tank #2 Red AI Tank is checking targeting info...
<<<15:07:12:099777>>>  Tank #2 Red AI Tank increased launch speed one unit...
<<<15:07:12:115665>>>  Tank #2 Red AI Tank is checking targeting info...
<<<15:07:12:115665>>>  Tank #2 Red AI Tank increased launch speed one unit...
<<<15:07:12:132757>>>  Tank #2 Red AI Tank is checking targeting info...
<<<15:07:12:132757>>>  Tank #2 Red AI Tank increased launch speed one unit...
<<<15:07:12:149311>>>  Tank #2 Red AI Tank is checking targeting info...
<<<15:07:12:149311>>>  Tank #2 Red AI Tank increased launch speed one unit...
<<<15:07:12:164813>>>  Tank #2 Red AI Tank is checking targeting info...
<<<15:07:12:164813>>>  Tank #2 Red AI Tank increased launch speed one unit...
<<<15:07:12:181598>>>  Tank #2 Red AI Tank is checking targeting info...
<<<15:07:12:181598>>>  Tank #2 Red AI Tank increased launch speed one unit...
<<<15:07:12:198500>>>  Tank #2 Red AI Tank is checking targeting info...
<<<15:07:12:199501>>>  Tank #2 Red AI Tank increased launch speed one unit...
<<<15:07:12:213946>>>  Tank #2 Red AI Tank is checking targeting info...
<<<15:07:12:214950>>>  Tank #2 Red AI Tank increased launch speed one unit...
<<<15:07:12:230508>>>  Tank #2 Red AI Tank is checking targeting info...
<<<15:07:12:231408>>>  Tank #2 Red AI Tank increased launch speed one unit...
<<<15:07:12:246142>>>  Tank #2 Red AI Tank is checking targeting info...
<<<15:07:12:246142>>>  Tank #2 Red AI Tank increased launch speed one unit...
<<<15:07:12:263233>>>  Tank #2 Red AI Tank is checking targeting info...
<<<15:07:12:264158>>>  Tank #2 Red AI Tank increased launch speed one unit...
<<<15:07:12:280542>>>  Tank #2 Red AI Tank is checking targeting info...
<<<15:07:12:280542>>>  Tank #2 Red AI Tank increased launch speed one unit...
<<<15:07:12:296978>>>  Tank #2 Red AI Tank is checking targeting info...
<<<15:07:12:296978>>>  Tank #2 Red AI Tank increased launch speed one unit...
<<<15:07:12:312801>>>  Tank #2 Red AI Tank is checking targeting info...
<<<15:07:12:312801>>>  Tank #2 Red AI Tank increased launch speed one unit...
<<<15:07:12:328756>>>  Tank #2 Red AI Tank is checking targeting info...
<<<15:07:12:328756>>>  Tank #2 Red AI Tank increased launch speed one unit...
<<<15:07:12:345110>>>  Tank #2 Red AI Tank is checking targeting info...
<<<15:07:12:345110>>>  Tank #2 Red AI Tank increased launch speed one unit...
<<<15:07:12:361962>>>  Tank #2 Red AI Tank is checking targeting info...
<<<15:07:12:361962>>>  Tank #2 Red AI Tank increased launch speed one unit...
<<<15:07:12:377787>>>  Tank #2 Red AI Tank is checking targeting info...
<<<15:07:12:377787>>>  Tank #2 Red AI Tank increased launch speed one unit...
<<<15:07:12:395553>>>  Tank #2 Red AI Tank is checking targeting info...
<<<15:07:12:395553>>>  Tank #2 Red AI Tank increased launch speed one unit...
<<<15:07:12:410783>>>  Tank #2 Red AI Tank is checking targeting info...
<<<15:07:12:410783>>>  Tank #2 Red AI Tank increased launch speed one unit...
<<<15:07:12:428898>>>  Tank #2 Red AI Tank is checking targeting info...
<<<15:07:12:428898>>>  Tank #2 Red AI Tank increased launch speed one unit...
<<<15:07:12:443870>>>  Tank #2 Red AI Tank is checking targeting info...
<<<15:07:12:443870>>>  Tank #2 Red AI Tank increased launch speed one unit...
<<<15:07:12:460639>>>  Tank #2 Red AI Tank is checking targeting info...
<<<15:07:12:460639>>>  Tank #2 Red AI Tank increased launch speed one unit...
<<<15:07:12:477073>>>  Tank #2 Red AI Tank is checking targeting info...
<<<15:07:12:477073>>>  Tank #2 Red AI Tank increased launch speed one unit...
<<<15:07:12:494081>>>  Tank #2 Red AI Tank is checking targeting info...
<<<15:07:12:494081>>>  Tank #2 Red AI Tank increased launch speed one unit...
<<<15:07:12:508912>>>  Tank #2 Red AI Tank is checking targeting info...
<<<15:07:12:508912>>>  Tank #2 Red AI Tank increased launch speed one unit...
<<<15:07:12:525651>>>  Tank #2 Red AI Tank is checking targeting info...
<<<15:07:12:526660>>>  Tank #2 Red AI Tank increased launch speed one unit...
<<<15:07:12:542758>>>  Tank #2 Red AI Tank is checking targeting info...
<<<15:07:12:543766>>>  Tank #2 Red AI Tank increased launch speed one unit...
<<<15:07:12:558719>>>  Tank #2 Red AI Tank is checking targeting info...
<<<15:07:12:558719>>>  Tank #2 Red AI Tank increased launch speed one unit...
<<<15:07:12:575455>>>  Tank #2 Red AI Tank is checking targeting info...
<<<15:07:12:575455>>>  Tank #2 Red AI Tank increased launch speed one unit...
<<<15:07:12:590625>>>  Tank #2 Red AI Tank is checking targeting info...
<<<15:07:12:590625>>>  Tank #2 Red AI Tank increased launch speed one unit...
<<<15:07:12:607339>>>  Tank #2 Red AI Tank is checking targeting info...
<<<15:07:12:608414>>>  Tank #2 Red AI Tank increased launch speed one unit...
<<<15:07:12:623344>>>  Tank #2 Red AI Tank is checking targeting info...
<<<15:07:12:623344>>>  Tank #2 Red AI Tank increased launch speed one unit...
<<<15:07:12:641056>>>  Tank #2 Red AI Tank is checking targeting info...
<<<15:07:12:641056>>>  Tank #2 Red AI Tank increased launch speed one unit...
<<<15:07:12:654992>>>  Tank #2 Red AI Tank is checking targeting info...
<<<15:07:12:655928>>>  Tank #2 Red AI Tank increased launch speed one unit...
<<<15:07:12:672044>>>  Tank #2 Red AI Tank is checking targeting info...
<<<15:07:12:672080>>>  Tank #2 Red AI Tank increased launch speed one unit...
<<<15:07:12:687712>>>  Tank #2 Red AI Tank is checking targeting info...
<<<15:07:12:687712>>>  Tank #2 Red AI Tank increased launch speed one unit...
<<<15:07:12:703765>>>  Tank #2 Red AI Tank is checking targeting info...
<<<15:07:12:704788>>>  Tank #2 Red AI Tank increased launch speed one unit...
<<<15:07:12:719744>>>  Tank #2 Red AI Tank is checking targeting info...
<<<15:07:12:719744>>>  Tank #2 Red AI Tank increased launch speed one unit...
<<<15:07:12:737056>>>  Tank #2 Red AI Tank is checking targeting info...
<<<15:07:12:737056>>>  Tank #2 Red AI Tank increased launch speed one unit...
<<<15:07:12:753624>>>  Tank #2 Red AI Tank is checking targeting info...
<<<15:07:12:753624>>>  Tank #2 Red AI Tank increased launch speed one unit...
<<<15:07:12:769759>>>  Tank #2 Red AI Tank is checking targeting info...
<<<15:07:12:769759>>>  Tank #2 Red AI Tank firing solution within tolerances, not adjusting firing solution...
<<<15:07:12:769759>>>  Tank #2 Red AI Tank attempting to fire cannonball...
<<<15:07:12:784708>>>  Tank #2 Red AI Tank chose to move to 3.0831, cururently at 4.2412.
<<<15:07:12:785718>>>  Tank #2 Red AI Tank moved one unit CW...
<<<15:07:12:785718>>>  Tank #2 Red AI Tank chose to move...
<<<15:07:12:801887>>>  Tank #2 Red AI Tank moved one unit CW...
<<<15:07:12:817946>>>  Tank #2 Red AI Tank moved one unit CW...
<<<15:07:12:834541>>>  Tank #2 Red AI Tank moved one unit CW...
<<<15:07:12:850257>>>  Tank #2 Red AI Tank moved one unit CW...
<<<15:07:12:866610>>>  Tank #2 Red AI Tank moved one unit CW...
<<<15:07:12:883097>>>  Tank #2 Red AI Tank moved one unit CW...
<<<15:07:12:898795>>>  Tank #2 Red AI Tank moved one unit CW...
<<<15:07:12:915537>>>  Tank #2 Red AI Tank moved one unit CW...
<<<15:07:12:930539>>>  Tank #2 Red AI Tank moved one unit CW...
<<<15:07:12:948056>>>  Tank #2 Red AI Tank moved one unit CW...
<<<15:07:12:963317>>>  Tank #2 Red AI Tank moved one unit CW...
<<<15:07:12:979008>>>  Tank #2 Red AI Tank moved one unit CW...
<<<15:07:12:995162>>>  Tank #2 Red AI Tank moved one unit CW...
<<<15:07:13:010590>>>  Tank #2 Red AI Tank moved one unit CW...
<<<15:07:13:027521>>>  Tank #2 Red AI Tank moved one unit CW...
<<<15:07:13:046416>>>  Tank #2 Red AI Tank moved one unit CW...
<<<15:07:13:061465>>>  Tank #2 Red AI Tank moved one unit CW...
<<<15:07:13:077879>>>  Tank #2 Red AI Tank moved one unit CW...
<<<15:07:13:094456>>>  Tank #2 Red AI Tank moved one unit CW...
<<<15:07:13:111531>>>  Tank #2 Red AI Tank moved one unit CW...
<<<15:07:13:128426>>>
* INFORMATION FOR Tank #1 Green Player Tank's CANNONBALLS:
* Cannonballs in memory for Tank #1 Green Player Tank:  0.
* Total cannonballs fired or chambered for Tank #1 Green Player Tank:  0.
<<<15:07:13:129352>>>
* INFORMATION FOR Tank #2 Red AI Tank's CANNONBALLS:
* Cannonballs in memory for Tank #2 Red AI Tank:  7.
* Total cannonballs fired or chambered for Tank #2 Red AI Tank:  7.
<<<15:07:13:129352>>>
* CURRENT VALUES FOR CELESTIAL BODY:  Tank #2 Red AI Tank's Cannonball #1
* This is not the homeworld.
* The celestial boyd's density is 5515 kg/m^3.
* The celestial body's mass is 1000 kg.
* The Earth's mass is 5.972e+24 kg.
* The celestial body's radius is 375.7320565342903 km.
* The celestial body's coordinates are (4632.504388661431, -4373.733426837143).
* The celestial body's velocity is (-30.04072416763609, 35.74506542491245).
* The celestial body's speed is 46.692127931239824 km/s.
* The celestial body's acceleration is (-0.05594872780598978, 0.05282412982767221).
* The celestial body's screen x and y coordinates are (865, 511).
* The celestial body's screen radius is 5.
* The celestial is using a body circle.
<<<15:07:13:129352>>>
* ADDITIONAL INFORMATION FOR Tank #2 Red AI Tank's Cannonball #1:
* This cannonball is active.
* This cannonball is exploding!
<<<15:07:13:129352>>>
* CURRENT VALUES FOR CELESTIAL BODY:  Tank #2 Red AI Tank's Cannonball #2
* This is not the homeworld.
* The celestial boyd's density is 5515 kg/m^3.
* The celestial body's mass is 1000 kg.
* The Earth's mass is 5.972e+24 kg.
* The celestial body's radius is 100.15836201310157 km.
* The celestial body's coordinates are (5182.290530804211, -3705.8745060156866).
* The celestial body's velocity is (-18.139603127609487, 21.277532829361643).
* The celestial body's speed is 27.96030409226163 km/s.
* The celestial body's acceleration is (-0.0625846131480004, 0.044769358735972174).
* The celestial body's screen x and y coordinates are (873, 502).
* The celestial body's screen radius is 1.
* The celestial is using a body circle.
<<<15:07:13:129352>>>
* ADDITIONAL INFORMATION FOR Tank #2 Red AI Tank's Cannonball #2:
* This cannonball is active.
* This cannonball is exploding!
<<<15:07:13:129352>>>
* CURRENT VALUES FOR CELESTIAL BODY:  Tank #2 Red AI Tank's Cannonball #3
* This is not the homeworld.
* The celestial boyd's density is 5515 kg/m^3.
* The celestial body's mass is 1000 kg.
* The Earth's mass is 5.972e+24 kg.
* The celestial body's radius is 14.752476346492767 km.
* The celestial body's coordinates are (5333.090357692024, -3485.3677333521587).
* The celestial body's velocity is (-12.493486953710432, 16.936206375830302).
* The celestial body's speed is 21.045719343069454 km/s.
* The celestial body's acceleration is (-0.06920048659737801, 0.045246149126781765).
* The celestial body's screen x and y coordinates are (875, 499).
* The celestial body's screen radius is 1.
* The celestial is using a body circle.
<<<15:07:13:129352>>>
* ADDITIONAL INFORMATION FOR Tank #2 Red AI Tank's Cannonball #3:
* This cannonball is active.
* This cannonball is exploding!
<<<15:07:13:129352>>>
* CURRENT VALUES FOR CELESTIAL BODY:  Tank #2 Red AI Tank's Cannonball #4
* This is not the homeworld.
* The celestial boyd's density is 5515 kg/m^3.
* The celestial body's mass is 1000 kg.
* The Earth's mass is 5.972e+24 kg.
* The celestial body's radius is 0.001 km.
* The celestial body's coordinates are (6340.09434728811, -4694.811543608865).
* The celestial body's velocity is (-7.553241782429349, 13.30748697741521).
* The celestial body's speed is 15.301655827978614 km/s.
* The celestial body's acceleration is (-0.038788328247094314, 0.029184243563565266).
* The celestial body's screen x and y coordinates are (889, 516).
* The celestial body's screen radius is 10.
* The celestial is using a pix found at False.
<<<15:07:13:129352>>>
* ADDITIONAL INFORMATION FOR Tank #2 Red AI Tank's Cannonball #4:
* This cannonball is active.
* This ball is armed.
<<<15:07:13:129352>>>
* CURRENT VALUES FOR CELESTIAL BODY:  Tank #2 Red AI Tank's Cannonball #5
* This is not the homeworld.
* The celestial boyd's density is 5515 kg/m^3.
* The celestial body's mass is 1000 kg.
* The Earth's mass is 5.972e+24 kg.
* The celestial body's radius is 113.70015416145324 km.
* The celestial body's coordinates are (5082.458890789837, -3841.6471237519127).
* The celestial body's velocity is (-17.611660857998547, 22.530434885099798).
* The celestial body's speed is 28.59704695049613 km/s.
* The celestial body's acceleration is (-0.06137928101165889, 0.04640675620129678).
* The celestial body's screen x and y coordinates are (871, 504).
* The celestial body's screen radius is 1.
* The celestial is using a body circle.
<<<15:07:13:129352>>>
* ADDITIONAL INFORMATION FOR Tank #2 Red AI Tank's Cannonball #5:
* This cannonball is active.
* This cannonball is exploding!
<<<15:07:13:129352>>>
* CURRENT VALUES FOR CELESTIAL BODY:  Tank #2 Red AI Tank's Cannonball #6
* This is not the homeworld.
* The celestial boyd's density is 5515 kg/m^3.
* The celestial body's mass is 1000 kg.
* The Earth's mass is 5.972e+24 kg.
* The celestial body's radius is 85.9373525261879 km.
* The celestial body's coordinates are (5188.646179546453, -3696.970627889543).
* The celestial body's velocity is (-15.74898486625499, 20.849040473574767).
* The celestial body's speed is 26.12877748740433 km/s.
* The celestial body's acceleration is (-0.06266135598734035, 0.044661980225655366).
* The celestial body's screen x and y coordinates are (873, 502).
* The celestial body's screen radius is 1.
* The celestial is using a body circle.
<<<15:07:13:129352>>>
* ADDITIONAL INFORMATION FOR Tank #2 Red AI Tank's Cannonball #6:
* This cannonball is active.
* This cannonball is exploding!
<<<15:07:13:129352>>>
* CURRENT VALUES FOR CELESTIAL BODY:  Tank #2 Red AI Tank's Cannonball #7
* This is not the homeworld.
* The celestial boyd's density is 5515 kg/m^3.
* The celestial body's mass is 1000 kg.
* The Earth's mass is 5.972e+24 kg.
* The celestial body's radius is 0.001 km.
* The celestial body's coordinates are (-4184.624331231524, -5013.83097370927).
* The celestial body's velocity is (-2.01992130241067, 8.994565668005176).
* The celestial body's speed is 9.218584144215955 km/s.
* The celestial body's acceleration is (0.045543992200715866, 0.05590906492207627).
* The celestial body's screen x and y coordinates are (740, 520).
* The celestial body's screen radius is 2.
* The celestial is using a body circle.
<<<15:07:13:129352>>>
* ADDITIONAL INFORMATION FOR Tank #2 Red AI Tank's Cannonball #7:
* This cannonball is active.
<<<15:07:13:129938>>>
* INFORMATION FOR Tank #3 Yellow AI Tank's CANNONBALLS:
* Cannonballs in memory for Tank #3 Yellow AI Tank:  1.
* Total cannonballs fired or chambered for Tank #3 Yellow AI Tank:  1.
<<<15:07:13:129938>>>
* CURRENT VALUES FOR CELESTIAL BODY:  Tank #3 Yellow AI Tank's Cannonball #1
* This is not the homeworld.
* The celestial boyd's density is 5515 kg/m^3.
* The celestial body's mass is 1000 kg.
* The Earth's mass is 5.972e+24 kg.
* The celestial body's radius is 0.001 km.
* The celestial body's coordinates are (2356.345433615451, -12749.462459245027).
* The celestial body's velocity is (-4.545635075211557, 6.130965498196309).
* The celestial body's speed is 7.632269398879149 km/s.
* The celestial body's acceleration is (-0.003401734084169776, 0.018109823380455893).
* The celestial body's screen x and y coordinates are (833, 630).
* The celestial body's screen radius is 10.
* The celestial is using a pix found at False.
<<<15:07:13:129938>>>
* ADDITIONAL INFORMATION FOR Tank #3 Yellow AI Tank's Cannonball #1:
* This cannonball is active.
* This ball is armed.
<<<15:07:13:129938>>>  Quit through pygame and writing log file...
