<<<10:16:37:186078>>>  Pix\Homeworlds\Terran\3.png loaded as pixie for Earth...
<<<10:16:37:186078>>>  Image at Pix\Homeworlds\Terran\3.png chosen as homeworld pix for Earth's...
<<<10:16:37:206187>>>  Pix\Moons\6.png loaded as pixie for Moon #2...
<<<10:16:37:293979>>>  Pix\Snails\Green_Snail\Spells\Spellready_Icon\spellready.png returned as pixie for Snail #1 Green Player...
<<<10:16:37:293979>>>  Pix\Magic\Scroll\scroll.png returned as pixie for Snail #1 Green Player...
<<<10:16:37:293979>>>  Snail #1 Green Player successfully created!
<<<10:16:37:374772>>>  Pix\Snails\Red_Snail\Spells\Spellready_Icon\spellready.png returned as pixie for Snail #2 Red Player...
<<<10:16:37:375777>>>  Pix\Magic\Scroll\scroll.png returned as pixie for Snail #2 Red Player...
<<<10:16:37:375777>>>  Snail #2 Red Player successfully created!
<<<10:16:37:628999>>>  Snail #1 Green Player chambered cannonball...
<<<10:16:37:628999>>>
* CURRENT VALUES FOR CELESTIAL BODY:  Snail #1 Green Player's Cannonball #1
* This is not the homeworld.
* The celestial boyd's density is 5515 kg/m^3.
* The celestial body's mass is 1000 kg.
* The Earth's mass is 5.972e+24 kg.
* The celestial body's radius is 0.001 km.
* The celestial body's coordinates are (3.9011123786838936e-13, 6371.0).
* The celestial body's velocity is (-0.0012129945398444255, 5.5919792252830405).
* The celestial body's speed is 5.5919793568425185 km/s.
* The celestial body's acceleration is (0, 0).
* The celestial body's screen x and y coordinates are (768, 345).
* The celestial body's screen radius is 2.
* The celestial is using a body circle.
<<<10:16:37:628999>>>
* ADDITIONAL INFORMATION FOR Snail #1 Green Player's Cannonball #1:
* This cannonball is chambered.
<<<10:17:11:645338>>>
* INFORMATION FOR Snail #1 Green Player's CANNONBALLS:
* Cannonballs in memory for Snail #1 Green Player:  1.
* Total cannonballs fired or chambered for Snail #1 Green Player:  1.
<<<10:17:11:645338>>>
* CURRENT VALUES FOR CELESTIAL BODY:  Snail #1 Green Player's Cannonball #1
* This is not the homeworld.
* The celestial boyd's density is 5515 kg/m^3.
* The celestial body's mass is 1000 kg.
* The Earth's mass is 5.972e+24 kg.
* The celestial body's radius is 0.001 km.
* The celestial body's coordinates are (-774.6701383121642, 7626.994322313499).
* The celestial body's velocity is (-0.0012129945398444255, 5.5919792252830405).
* The celestial body's speed is 5.5919793568425185 km/s.
* The celestial body's acceleration is (0, 0).
* The celestial body's screen x and y coordinates are (757, 328).
* The celestial body's screen radius is 2.
* The celestial is using a body circle.
<<<10:17:11:645338>>>
* ADDITIONAL INFORMATION FOR Snail #1 Green Player's Cannonball #1:
* This cannonball is chambered.
<<<10:17:11:645338>>>
* INFORMATION FOR Snail #2 Red Player's CANNONBALLS:
* Cannonballs in memory for Snail #2 Red Player:  0.
* Total cannonballs fired or chambered for Snail #2 Red Player:  0.
<<<10:17:11:645338>>>  Quit through pygame and writing log file...
