<<<15:43:18:378091>>>
* Screen coordinates (1077, 75) choosen in zone #2.
* Screen dimensions are 1600 wide by 900 high.
* Minimum (x, y) are (266, 0).
* Maximum (x, y) are (1333, 150).
* Mid (x, y) are (799, 75).
<<<15:43:18:378091>>>  Image at Pix\Faraway_Objects\Comets\4.png choosen for background...
<<<15:43:18:384016>>>
* Screen coordinates (1526, 118) choosen in zone #3.
* Screen dimensions are 1600 wide by 900 high.
* Minimum (x, y) are (1333, 0).
* Maximum (x, y) are (1600, 150).
* Mid (x, y) are (1466, 75).
<<<15:43:18:384016>>>  Image at Pix\Faraway_Objects\Nebulae\6.png choosen for background...
<<<15:43:18:390227>>>  Pix\Homeworlds\Tech\4.png loaded as pixie for Earth and scaled to body circle...
<<<15:43:18:391226>>>  Image at Pix\Homeworlds\Tech\4.png chosen as homeworld pix for Earth's...
<<<15:43:18:391829>>>  Pix\Moons\4.png loaded as pixie for Moon #2 and scaled to body circle...
<<<15:43:18:423159>>>  Tank #1 Green Player Tank successfully created!
<<<15:43:18:453417>>>  Tank #2 Red AI Tank successfully created!
<<<15:43:18:485963>>>  Tank #3 Yellow AI Tank successfully created!
<<<15:43:18:491097>>>
* *** Tank #2 Red AI Tank USING CLEAR SKIES FUNCTION ***
* Moon #2 at (-11211.66373867493, 6054.203139703187), angle 2.646465969751197 rads.
* Tank #2 Red AI Tank at (-5517.44784751066, -3185.499999999998), angle 3.665191429188092.
* Angle Between is 1.0187254594368946 rads.
* The skies are NOT clear, Tank #2 Red AI Tank shouldn't use Gravity...
<<<15:43:18:491097>>>  Tank #3 Yellow AI Tank chose to move to 5.161, cururently at 5.7596.
<<<15:43:18:491097>>>  Tank #3 Yellow AI Tank moved one unit CW...
<<<15:43:18:491097>>>  Tank #3 Yellow AI Tank chose to move...
<<<15:43:18:619891>>>
* *** Tank #2 Red AI Tank USING CLEAR SKIES FUNCTION ***
* Moon #2 at (-11395.367384723353, 5694.355304015254), angle 2.6781787379546915 rads.
* Tank #2 Red AI Tank at (-5517.44784751066, -3185.499999999998), angle 3.665191429188092.
* Angle Between is 0.9870126912334003 rads.
* The skies are NOT clear, Tank #2 Red AI Tank shouldn't use Gravity...
<<<15:43:18:619891>>>  Tank #3 Yellow AI Tank moved one unit CW...
<<<15:43:18:752386>>>  Tank #2 Red AI Tank chose to shoot...
<<<15:43:18:752386>>>  Tank #3 Yellow AI Tank moved one unit CW...
<<<15:43:21:794398>>>  Tank #2 Red AI Tank is checking targeting info...
<<<15:43:21:794398>>>  Tank #2 Red AI Tank Launch angle not within tolerances, adjusting firing solution...
<<<15:43:21:794398>>>  Tank #2 Red AI Tank Launch speed not within tolerances, adjusting firing solution...
<<<15:43:21:794398>>>  Tank #2 Red AI Tank adjusted targeting angle one unit CCW...
<<<15:43:21:794398>>>  Tank #3 Yellow AI Tank moved one unit CW...
<<<15:43:21:906247>>>  Deleting effect pixie Tank #3 Yellow AI Tank thawing...
<<<15:43:21:922442>>>  Tank #2 Red AI Tank is checking targeting info...
<<<15:43:21:922442>>>  Tank #2 Red AI Tank Launch angle not within tolerances, adjusting firing solution...
<<<15:43:21:922442>>>  Tank #2 Red AI Tank Launch speed not within tolerances, adjusting firing solution...
<<<15:43:21:922442>>>  Tank #2 Red AI Tank adjusted targeting angle one unit CCW...
<<<15:43:21:922442>>>  Tank #3 Yellow AI Tank moved one unit CW...
<<<15:43:22:056021>>>  Tank #2 Red AI Tank is checking targeting info...
<<<15:43:22:056021>>>  Tank #2 Red AI Tank Launch angle not within tolerances, adjusting firing solution...
<<<15:43:22:056021>>>  Tank #2 Red AI Tank Launch speed not within tolerances, adjusting firing solution...
<<<15:43:22:056021>>>  Tank #2 Red AI Tank adjusted targeting angle one unit CCW...
<<<15:43:22:056021>>>  Tank #3 Yellow AI Tank moved one unit CW...
<<<15:43:22:186720>>>  Tank #2 Red AI Tank is checking targeting info...
<<<15:43:22:186720>>>  Tank #2 Red AI Tank Launch angle not within tolerances, adjusting firing solution...
<<<15:43:22:186720>>>  Tank #2 Red AI Tank Launch speed not within tolerances, adjusting firing solution...
<<<15:43:22:186720>>>  Tank #2 Red AI Tank adjusted targeting angle one unit CCW...
<<<15:43:22:186720>>>  Tank #3 Yellow AI Tank moved one unit CW...
<<<15:43:22:319417>>>  Tank #2 Red AI Tank is checking targeting info...
<<<15:43:22:319417>>>  Tank #2 Red AI Tank Launch angle not within tolerances, adjusting firing solution...
<<<15:43:22:319417>>>  Tank #2 Red AI Tank Launch speed not within tolerances, adjusting firing solution...
<<<15:43:22:319417>>>  Tank #2 Red AI Tank adjusted targeting angle one unit CCW...
<<<15:43:22:319417>>>  Tank #3 Yellow AI Tank moved one unit CW...
<<<15:43:22:451860>>>  Tank #2 Red AI Tank is checking targeting info...
<<<15:43:22:451860>>>  Tank #2 Red AI Tank Launch angle not within tolerances, adjusting firing solution...
<<<15:43:22:451860>>>  Tank #2 Red AI Tank Launch speed not within tolerances, adjusting firing solution...
<<<15:43:22:451860>>>  Tank #2 Red AI Tank adjusted targeting angle one unit CCW...
<<<15:43:22:451860>>>  Tank #3 Yellow AI Tank moved one unit CW...
<<<15:43:22:586764>>>  Tank #2 Red AI Tank is checking targeting info...
<<<15:43:22:586764>>>  Tank #2 Red AI Tank Launch angle not within tolerances, adjusting firing solution...
<<<15:43:22:586764>>>  Tank #2 Red AI Tank Launch speed not within tolerances, adjusting firing solution...
<<<15:43:22:586764>>>  Tank #2 Red AI Tank adjusted targeting angle one unit CCW...
<<<15:43:22:586764>>>  Tank #3 Yellow AI Tank moved one unit CW...
<<<15:43:22:718941>>>  Tank #2 Red AI Tank is checking targeting info...
<<<15:43:22:718941>>>  Tank #2 Red AI Tank Launch angle not within tolerances, adjusting firing solution...
<<<15:43:22:718941>>>  Tank #2 Red AI Tank Launch speed not within tolerances, adjusting firing solution...
<<<15:43:22:718941>>>  Tank #2 Red AI Tank adjusted targeting angle one unit CCW...
<<<15:43:22:718941>>>  Tank #3 Yellow AI Tank moved one unit CW...
<<<15:43:22:852929>>>  Tank #2 Red AI Tank is checking targeting info...
<<<15:43:22:852929>>>  Tank #2 Red AI Tank Launch angle not within tolerances, adjusting firing solution...
<<<15:43:22:852929>>>  Tank #2 Red AI Tank Launch speed not within tolerances, adjusting firing solution...
<<<15:43:22:852929>>>  Tank #2 Red AI Tank adjusted targeting angle one unit CCW...
<<<15:43:22:852929>>>  Tank #3 Yellow AI Tank moved one unit CW...
<<<15:43:22:981965>>>  Tank #2 Red AI Tank is checking targeting info...
<<<15:43:22:981965>>>  Tank #2 Red AI Tank Launch angle not within tolerances, adjusting firing solution...
<<<15:43:22:981965>>>  Tank #2 Red AI Tank Launch speed not within tolerances, adjusting firing solution...
<<<15:43:22:981965>>>  Tank #2 Red AI Tank adjusted targeting angle one unit CCW...
<<<15:43:22:981965>>>  Tank #3 Yellow AI Tank moved one unit CW...
<<<15:43:23:112301>>>  Tank #2 Red AI Tank is checking targeting info...
<<<15:43:23:112301>>>  Tank #2 Red AI Tank Launch angle not within tolerances, adjusting firing solution...
<<<15:43:23:112301>>>  Tank #2 Red AI Tank Launch speed not within tolerances, adjusting firing solution...
<<<15:43:23:112301>>>  Tank #2 Red AI Tank adjusted targeting angle one unit CCW...
<<<15:43:23:112301>>>  Tank #3 Yellow AI Tank moved one unit CW...
<<<15:43:23:245133>>>  Tank #2 Red AI Tank is checking targeting info...
<<<15:43:23:245133>>>  Tank #2 Red AI Tank Launch angle not within tolerances, adjusting firing solution...
<<<15:43:23:245133>>>  Tank #2 Red AI Tank Launch speed not within tolerances, adjusting firing solution...
<<<15:43:23:245133>>>  Tank #2 Red AI Tank adjusted targeting angle one unit CCW...
<<<15:43:23:245133>>>  Tank #3 Yellow AI Tank moved one unit CW...
<<<15:43:23:375063>>>  Tank #2 Red AI Tank is checking targeting info...
<<<15:43:23:375063>>>  Tank #2 Red AI Tank Launch angle not within tolerances, adjusting firing solution...
<<<15:43:23:375063>>>  Tank #2 Red AI Tank Launch speed not within tolerances, adjusting firing solution...
<<<15:43:23:375063>>>  Tank #2 Red AI Tank adjusted targeting angle one unit CCW...
<<<15:43:23:375063>>>  Tank #3 Yellow AI Tank moved one unit CW...
<<<15:43:23:507570>>>  Tank #2 Red AI Tank is checking targeting info...
<<<15:43:23:507570>>>  Tank #2 Red AI Tank Launch angle not within tolerances, adjusting firing solution...
<<<15:43:23:507570>>>  Tank #2 Red AI Tank Launch speed not within tolerances, adjusting firing solution...
<<<15:43:23:507570>>>  Tank #2 Red AI Tank adjusted targeting angle one unit CCW...
<<<15:43:23:507570>>>  Tank #3 Yellow AI Tank moved one unit CW...
<<<15:43:23:638498>>>  Tank #2 Red AI Tank is checking targeting info...
<<<15:43:23:638498>>>  Tank #2 Red AI Tank Launch angle not within tolerances, adjusting firing solution...
<<<15:43:23:638498>>>  Tank #2 Red AI Tank Launch speed not within tolerances, adjusting firing solution...
<<<15:43:23:638498>>>  Tank #2 Red AI Tank adjusted targeting angle one unit CCW...
<<<15:43:23:638498>>>  Tank #3 Yellow AI Tank moved one unit CW...
<<<15:43:23:772475>>>  Tank #2 Red AI Tank is checking targeting info...
<<<15:43:23:772475>>>  Tank #2 Red AI Tank Launch angle not within tolerances, adjusting firing solution...
<<<15:43:23:772475>>>  Tank #2 Red AI Tank Launch speed not within tolerances, adjusting firing solution...
<<<15:43:23:772475>>>  Tank #2 Red AI Tank adjusted targeting angle one unit CCW...
<<<15:43:23:772475>>>  Tank #3 Yellow AI Tank moved one unit CW...
<<<15:43:23:904131>>>  Tank #2 Red AI Tank is checking targeting info...
<<<15:43:23:904131>>>  Tank #2 Red AI Tank Launch angle not within tolerances, adjusting firing solution...
<<<15:43:23:904131>>>  Tank #2 Red AI Tank Launch speed not within tolerances, adjusting firing solution...
<<<15:43:23:904131>>>  Tank #2 Red AI Tank adjusted targeting angle one unit CCW...
<<<15:43:23:904131>>>  Tank #3 Yellow AI Tank moved one unit CW...
<<<15:43:24:035810>>>  Tank #2 Red AI Tank is checking targeting info...
<<<15:43:24:035810>>>  Tank #2 Red AI Tank Launch angle not within tolerances, adjusting firing solution...
<<<15:43:24:035810>>>  Tank #2 Red AI Tank Launch speed not within tolerances, adjusting firing solution...
<<<15:43:24:035810>>>  Tank #2 Red AI Tank adjusted targeting angle one unit CCW...
<<<15:43:24:035810>>>  Tank #3 Yellow AI Tank moved one unit CW...
<<<15:43:24:165649>>>  Tank #2 Red AI Tank is checking targeting info...
<<<15:43:24:165649>>>  Tank #2 Red AI Tank Launch angle not within tolerances, adjusting firing solution...
<<<15:43:24:165649>>>  Tank #2 Red AI Tank Launch speed not within tolerances, adjusting firing solution...
<<<15:43:24:165649>>>  Tank #2 Red AI Tank adjusted targeting angle one unit CCW...
<<<15:43:24:165649>>>  Tank #3 Yellow AI Tank moved one unit CW...
<<<15:43:24:293585>>>  Tank #2 Red AI Tank is checking targeting info...
<<<15:43:24:293585>>>  Tank #2 Red AI Tank Launch angle not within tolerances, adjusting firing solution...
<<<15:43:24:293585>>>  Tank #2 Red AI Tank Launch speed not within tolerances, adjusting firing solution...
<<<15:43:24:293585>>>  Tank #2 Red AI Tank adjusted targeting angle one unit CCW...
<<<15:43:24:293585>>>  Tank #3 Yellow AI Tank moved one unit CW...
<<<15:43:24:426011>>>  Tank #2 Red AI Tank is checking targeting info...
<<<15:43:24:426011>>>  Tank #2 Red AI Tank Launch angle not within tolerances, adjusting firing solution...
<<<15:43:24:426011>>>  Tank #2 Red AI Tank Launch speed not within tolerances, adjusting firing solution...
<<<15:43:24:426011>>>  Tank #2 Red AI Tank adjusted targeting angle one unit CCW...
<<<15:43:24:426011>>>  Tank #3 Yellow AI Tank moved one unit CW...
<<<15:43:24:555560>>>  Tank #2 Red AI Tank is checking targeting info...
<<<15:43:24:555560>>>  Tank #2 Red AI Tank Launch angle not within tolerances, adjusting firing solution...
<<<15:43:24:555560>>>  Tank #2 Red AI Tank Launch speed not within tolerances, adjusting firing solution...
<<<15:43:24:555560>>>  Tank #2 Red AI Tank adjusted targeting angle one unit CCW...
<<<15:43:24:555560>>>  Tank #3 Yellow AI Tank moved one unit CW...
<<<15:43:24:688184>>>  Tank #2 Red AI Tank is checking targeting info...
<<<15:43:24:688184>>>  Tank #2 Red AI Tank Launch angle not within tolerances, adjusting firing solution...
<<<15:43:24:688184>>>  Tank #2 Red AI Tank Launch speed not within tolerances, adjusting firing solution...
<<<15:43:24:688184>>>  Tank #2 Red AI Tank adjusted targeting angle one unit CCW...
<<<15:43:24:688184>>>  Tank #3 Yellow AI Tank moved one unit CW...
<<<15:43:24:821428>>>  Tank #2 Red AI Tank is checking targeting info...
<<<15:43:24:821428>>>  Tank #2 Red AI Tank Launch angle not within tolerances, adjusting firing solution...
<<<15:43:24:821428>>>  Tank #2 Red AI Tank Launch speed not within tolerances, adjusting firing solution...
<<<15:43:24:821428>>>  Tank #2 Red AI Tank adjusted targeting angle one unit CCW...
<<<15:43:24:821428>>>  Tank #3 Yellow AI Tank moved one unit CW...
<<<15:43:24:837982>>>  Deleting effect pixie Tank #2 Red AI Tank thawing...
<<<15:43:24:952825>>>  Tank #2 Red AI Tank is checking targeting info...
<<<15:43:24:952825>>>  Tank #2 Red AI Tank Launch angle not within tolerances, adjusting firing solution...
<<<15:43:24:952825>>>  Tank #2 Red AI Tank Launch speed not within tolerances, adjusting firing solution...
<<<15:43:24:952825>>>  Tank #2 Red AI Tank adjusted targeting angle one unit CCW...
<<<15:43:24:952825>>>  Tank #3 Yellow AI Tank moved one unit CW...
<<<15:43:25:083165>>>  Tank #2 Red AI Tank is checking targeting info...
<<<15:43:25:083165>>>  Tank #2 Red AI Tank Launch angle not within tolerances, adjusting firing solution...
<<<15:43:25:083165>>>  Tank #2 Red AI Tank Launch speed not within tolerances, adjusting firing solution...
<<<15:43:25:083165>>>  Tank #2 Red AI Tank adjusted targeting angle one unit CCW...
<<<15:43:25:083165>>>  Tank #3 Yellow AI Tank moved one unit CW...
<<<15:43:25:213377>>>  Tank #2 Red AI Tank is checking targeting info...
<<<15:43:25:213377>>>  Tank #2 Red AI Tank Launch angle not within tolerances, adjusting firing solution...
<<<15:43:25:213377>>>  Tank #2 Red AI Tank Launch speed not within tolerances, adjusting firing solution...
<<<15:43:25:213377>>>  Tank #2 Red AI Tank adjusted targeting angle one unit CCW...
<<<15:43:25:213377>>>  Tank #3 Yellow AI Tank moved one unit CW...
<<<15:43:25:296572>>>
* INFORMATION FOR Tank #1 Green Player Tank's CANNONBALLS:
* Cannonballs in memory for Tank #1 Green Player Tank:  0.
* Total cannonballs fired or chambered for Tank #1 Green Player Tank:  0.
<<<15:43:25:296572>>>
* INFORMATION FOR Tank #2 Red AI Tank's CANNONBALLS:
* Cannonballs in memory for Tank #2 Red AI Tank:  1.
* Total cannonballs fired or chambered for Tank #2 Red AI Tank:  1.
<<<15:43:25:296572>>>
* CURRENT VALUES FOR CELESTIAL BODY:  Tank #2 Red AI Tank's Cannonball #1
* This is not the homeworld.
* The celestial boyd's density is 5515 kg/m^3.
* The celestial body's mass is 1000 kg.
* The Earth's mass is 5.972e+24 kg.
* The celestial body's radius is 0.001 km.
* The celestial body's coordinates are (-5258.682668724941, -3149.4062816444466).
* The celestial body's velocity is (-4.848902972430755, -2.794563616021399).
* The celestial body's speed is 5.596556605631575 km/s.
* The celestial body's acceleration is (0, 0).
* The celestial body's screen x and y coordinates are (725, 494).
* The celestial body's screen radius is 2.
* The celestial is using a body circle.
<<<15:43:25:296572>>>
* ADDITIONAL INFORMATION FOR Tank #2 Red AI Tank's Cannonball #1:
* This cannonball is chambered.
<<<15:43:25:296572>>>
* INFORMATION FOR Tank #3 Yellow AI Tank's CANNONBALLS:
* Cannonballs in memory for Tank #3 Yellow AI Tank:  0.
* Total cannonballs fired or chambered for Tank #3 Yellow AI Tank:  0.
<<<15:43:25:296572>>>  Quit through pygame and writing log file...
