<<<12:15:53:633014>>>  Pix\Homeworlds\Terran\2.png loaded as pixie for Earth...
<<<12:15:53:633014>>>  Image at Pix\Homeworlds\Terran\2.png chosen as homeworld pix for Earth's...
<<<12:15:53:652647>>>  Pix\Moons\15.png loaded as pixie for Moon #2...
<<<12:15:53:725518>>>  Pix\Snails\Green_Snail\Spells\Spellready_Icon\spellready.png returned as pixie for Snail #1 Green Player...
<<<12:15:53:725518>>>  Pix\Magic\Scroll\scroll.png returned as pixie for Snail #1 Green Player...
<<<12:15:53:725518>>>  Snail #1 Green Player successfully created!
<<<12:15:53:800373>>>  Pix\Snails\Red_Snail\Spells\Spellready_Icon\spellready.png returned as pixie for Snail #2 Red Player...
<<<12:15:53:800373>>>  Pix\Magic\Scroll\scroll.png returned as pixie for Snail #2 Red Player...
<<<12:15:53:800373>>>  Snail #2 Red Player successfully created!
<<<12:15:54:022093>>>  Snail #1 Green Player chambered cannonball...
<<<12:15:54:022093>>>
* CURRENT VALUES FOR CELESTIAL BODY:  Snail #1 Green Player's Cannonball #1
* This is not the homeworld.
* The celestial boyd's density is 5515 kg/m^3.
* The celestial body's mass is 1000 kg.
* The Earth's mass is 5.972e+24 kg.
* The celestial body's radius is 0.001 km.
* The celestial body's coordinates are (3.9011123786838936e-13, 6371.0).
* The celestial body's velocity is (-0.0016580070495019498, 5.594623120587794).
* The celestial body's speed is 5.594623366268983 km/s.
* The celestial body's acceleration is (0, 0).
* The celestial body's screen x and y coordinates are (768, 345).
* The celestial body's screen radius is 2.
* The celestial is using a body circle.
<<<12:15:54:022093>>>
* ADDITIONAL INFORMATION FOR Snail #1 Green Player's Cannonball #1:
* This cannonball is chambered.
<<<12:16:09:988383>>>  Snail #1 Green Player's Cannonball #1 explosion timer has expired, marked for removal...
<<<12:16:19:600822>>>  Snail #1 Green Player chambered cannonball...
<<<12:16:19:600822>>>
* CURRENT VALUES FOR CELESTIAL BODY:  Snail #1 Green Player's Cannonball #2
* This is not the homeworld.
* The celestial boyd's density is 5515 kg/m^3.
* The celestial body's mass is 1000 kg.
* The Earth's mass is 5.972e+24 kg.
* The celestial body's radius is 0.001 km.
* The celestial body's coordinates are (3.9011123786838936e-13, 6371.0).
* The celestial body's velocity is (-1.929823219376991, 7.411899269297827).
* The celestial body's speed is 7.659012236330755 km/s.
* The celestial body's acceleration is (0, 0).
* The celestial body's screen x and y coordinates are (768, 345).
* The celestial body's screen radius is 2.
* The celestial is using a body circle.
<<<12:16:19:600822>>>
* ADDITIONAL INFORMATION FOR Snail #1 Green Player's Cannonball #2:
* This cannonball is chambered.
<<<12:16:42:035481>>>  Snail #1 Green Player chambered cannonball...
<<<12:16:42:035481>>>
* CURRENT VALUES FOR CELESTIAL BODY:  Snail #1 Green Player's Cannonball #3
* This is not the homeworld.
* The celestial boyd's density is 5515 kg/m^3.
* The celestial body's mass is 1000 kg.
* The Earth's mass is 5.972e+24 kg.
* The celestial body's radius is 0.001 km.
* The celestial body's coordinates are (3.9011123786838936e-13, 6371.0).
* The celestial body's velocity is (-8.306260856096667, 2.1528965579641097).
* The celestial body's speed is 8.580730330153573 km/s.
* The celestial body's acceleration is (0, 0).
* The celestial body's screen x and y coordinates are (768, 345).
* The celestial body's screen radius is 2.
* The celestial is using a body circle.
<<<12:16:42:035481>>>
* ADDITIONAL INFORMATION FOR Snail #1 Green Player's Cannonball #3:
* This cannonball is chambered.
<<<12:16:43:149467>>>  Snail #1 Green Player's Cannonball #2 explosion timer has expired, marked for removal...
<<<12:17:01:907611>>>
* INFORMATION FOR Snail #1 Green Player's CANNONBALLS:
* Cannonballs in memory for Snail #1 Green Player:  1.
* Total cannonballs fired or chambered for Snail #1 Green Player:  3.
<<<12:17:01:907611>>>
* CURRENT VALUES FOR CELESTIAL BODY:  Snail #1 Green Player's Cannonball #3
* This is not the homeworld.
* The celestial boyd's density is 5515 kg/m^3.
* The celestial body's mass is 1000 kg.
* The Earth's mass is 5.972e+24 kg.
* The celestial body's radius is 0.001 km.
* The celestial body's coordinates are (-49.52575941101847, 6665.266333215463).
* The celestial body's velocity is (-8.306260856096667, 2.1528965579641097).
* The celestial body's speed is 8.580730330153573 km/s.
* The celestial body's acceleration is (0, 0).
* The celestial body's screen x and y coordinates are (767, 341).
* The celestial body's screen radius is 2.
* The celestial is using a body circle.
<<<12:17:01:907611>>>
* ADDITIONAL INFORMATION FOR Snail #1 Green Player's Cannonball #3:
* This cannonball is chambered.
<<<12:17:01:907611>>>
* INFORMATION FOR Snail #2 Red Player's CANNONBALLS:
* Cannonballs in memory for Snail #2 Red Player:  0.
* Total cannonballs fired or chambered for Snail #2 Red Player:  0.
<<<12:17:01:907611>>>  Quit through pygame and writing log file...
