<<<17:23:10:588951>>>  Pix\Homeworlds\Lava\7.png loaded as pixie for Earth...
<<<17:23:10:588951>>>  Image at Pix\Homeworlds\Lava\7.png chosen as homeworld pix for Earth's...
<<<17:23:10:588951>>>  Pix\Moons\13.png loaded as pixie for Moon #2...
<<<17:23:10:664748>>>  Pix\Snails\Green_Snail\Spells\Spellready_Icon\spellready.png returned as pixie for Snail #1 Green Player...
<<<17:23:10:665746>>>  Pix\Magic\Scroll\scroll.png returned as pixie for Snail #1 Green Player...
<<<17:23:10:665746>>>  Snail #1 Green Player successfully created!
<<<17:23:10:738579>>>  Pix\Snails\Red_Snail\Spells\Spellready_Icon\spellready.png returned as pixie for Snail #2 Red Player...
<<<17:23:10:738579>>>  Pix\Magic\Scroll\scroll.png returned as pixie for Snail #2 Red Player...
<<<17:23:10:738579>>>  Snail #2 Red Player successfully created!
<<<17:23:10:792065>>>  Snail #1 Green Player chambered cannonball...
<<<17:23:10:792065>>>
* CURRENT VALUES FOR CELESTIAL BODY:  Snail #1 Green Player's Cannonball #1
* This is not the homeworld.
* The celestial boyd's density is 5515 kg/m^3.
* The celestial body's mass is 1000 kg.
* The Earth's mass is 5.972e+24 kg.
* The celestial body's radius is 0.001 km.
* The celestial body's coordinates are (3.9011123786838936e-13, 6371.0).
* The celestial body's velocity is (-1.5275082960894026e-05, 5.594282077887364).
* The celestial body's speed is 5.594282077908218 km/s.
* The celestial body's acceleration is (0, 0).
* The celestial body's screen x and y coordinates are (768, 345).
* The celestial body's screen radius is 2.
* The celestial is using a body circle.
<<<17:23:10:792065>>>
* ADDITIONAL INFORMATION FOR Snail #1 Green Player's Cannonball #1:
* This cannonball is chambered.
<<<17:23:31:542115>>>
* INFORMATION FOR Snail #1 Green Player's CANNONBALLS:
* Cannonballs in memory for Snail #1 Green Player:  1.
* Total cannonballs fired or chambered for Snail #1 Green Player:  1.
<<<17:23:31:542115>>>
* CURRENT VALUES FOR CELESTIAL BODY:  Snail #1 Green Player's Cannonball #1
* This is not the homeworld.
* The celestial boyd's density is 5515 kg/m^3.
* The celestial body's mass is 1000 kg.
* The Earth's mass is 5.972e+24 kg.
* The celestial body's radius is 0.001 km.
* The celestial body's coordinates are (567.6916468923125, 5899.103126046763).
* The celestial body's velocity is (-1.5275082960894026e-05, 5.594282077887364).
* The celestial body's speed is 5.594282077908218 km/s.
* The celestial body's acceleration is (0, 0).
* The celestial body's screen x and y coordinates are (775, 351).
* The celestial body's screen radius is 2.
* The celestial is using a body circle.
<<<17:23:31:542115>>>
* ADDITIONAL INFORMATION FOR Snail #1 Green Player's Cannonball #1:
* This cannonball is chambered.
<<<17:23:31:542115>>>
* INFORMATION FOR Snail #2 Red Player's CANNONBALLS:
* Cannonballs in memory for Snail #2 Red Player:  0.
* Total cannonballs fired or chambered for Snail #2 Red Player:  0.
<<<17:23:31:542115>>>  Quit through pygame and writing log file...
