<<<16:51:31:938502>>>  Pix\Homeworlds\Forest\1.png loaded as pixie for Earth...
<<<16:51:31:938502>>>  Image at Pix\Homeworlds\Forest\1.png chosen as homeworld pix for Earth's...
<<<16:51:31:957834>>>  Pix\Moons\4.png loaded as pixie for Moon #2...
<<<16:51:32:037620>>>  Pix\Snails\Green_Snail\Spells\Spellready_Icon\spellready.png returned as pixie for Snail #1 Green Player...
<<<16:51:32:037620>>>  Pix\Magic\Scroll\scroll.png returned as pixie for Snail #1 Green Player...
<<<16:51:32:037620>>>  Snail #1 Green Player successfully created!
<<<16:51:32:110459>>>  Pix\Snails\Red_Snail\Spells\Spellready_Icon\spellready.png returned as pixie for Snail #2 Red Player...
<<<16:51:32:110459>>>  Pix\Magic\Scroll\scroll.png returned as pixie for Snail #2 Red Player...
<<<16:51:32:110459>>>  Snail #2 Red Player successfully created!
<<<16:51:42:143845>>>  Snail #1 Green Player chambered cannonball...
<<<16:51:42:143845>>>
* CURRENT VALUES FOR CELESTIAL BODY:  Snail #1 Green Player's Cannonball #1
* This is not the homeworld.
* The celestial boyd's density is 5515 kg/m^3.
* The celestial body's mass is 1000 kg.
* The Earth's mass is 5.972e+24 kg.
* The celestial body's radius is 0.001 km.
* The celestial body's coordinates are (-5088.106834511283, 3834.1635125017265).
* The celestial body's velocity is (-4.409793290466194, 3.3997269808070962).
* The celestial body's speed is 5.568161313096846 km/s.
* The celestial body's acceleration is (0, 0).
* The celestial body's screen x and y coordinates are (698, 380).
* The celestial body's screen radius is 2.
* The celestial is using a body circle.
<<<16:51:42:143845>>>
* ADDITIONAL INFORMATION FOR Snail #1 Green Player's Cannonball #1:
* This cannonball is chambered.
<<<16:52:06:327958>>>  Snail #2 Red Player has been hit by Snail #1 Green Player's Cannonball #1!
<<<16:52:06:327958>>>  Snail #2 Red Player is dying!
<<<16:52:06:345409>>>  Snail #2 Red Player has been hit by Snail #1 Green Player's Cannonball #1!
<<<16:52:06:361781>>>  Snail #2 Red Player has been hit by Snail #1 Green Player's Cannonball #1!
<<<16:52:06:377849>>>  Snail #2 Red Player has been hit by Snail #1 Green Player's Cannonball #1!
<<<16:52:06:395076>>>  Snail #2 Red Player has been hit by Snail #1 Green Player's Cannonball #1!
<<<16:52:06:411984>>>  Snail #2 Red Player has been hit by Snail #1 Green Player's Cannonball #1!
<<<16:52:06:428076>>>  Snail #2 Red Player has been hit by Snail #1 Green Player's Cannonball #1!
<<<16:52:06:445307>>>  Snail #2 Red Player has been hit by Snail #1 Green Player's Cannonball #1!
<<<16:52:06:462038>>>  Snail #2 Red Player has been hit by Snail #1 Green Player's Cannonball #1!
<<<16:52:06:478999>>>  Snail #2 Red Player has been hit by Snail #1 Green Player's Cannonball #1!
<<<16:52:06:496061>>>  Snail #2 Red Player has been hit by Snail #1 Green Player's Cannonball #1!
<<<16:52:06:512701>>>  Snail #2 Red Player has been hit by Snail #1 Green Player's Cannonball #1!
<<<16:52:06:528824>>>  Snail #2 Red Player has been hit by Snail #1 Green Player's Cannonball #1!
<<<16:52:06:545778>>>  Snail #2 Red Player has been hit by Snail #1 Green Player's Cannonball #1!
<<<16:52:06:561978>>>  Snail #2 Red Player has been hit by Snail #1 Green Player's Cannonball #1!
<<<16:52:06:579026>>>  Snail #2 Red Player has been hit by Snail #1 Green Player's Cannonball #1!
<<<16:52:06:596160>>>  Snail #2 Red Player has been hit by Snail #1 Green Player's Cannonball #1!
<<<16:52:06:612435>>>  Snail #2 Red Player has been hit by Snail #1 Green Player's Cannonball #1!
<<<16:52:06:628813>>>  Snail #2 Red Player has been hit by Snail #1 Green Player's Cannonball #1!
<<<16:52:06:644773>>>  Snail #2 Red Player has been hit by Snail #1 Green Player's Cannonball #1!
<<<16:52:06:662125>>>  Snail #2 Red Player has been hit by Snail #1 Green Player's Cannonball #1!
<<<16:52:06:678247>>>  Snail #2 Red Player has been hit by Snail #1 Green Player's Cannonball #1!
<<<16:52:06:695204>>>  Snail #2 Red Player has been hit by Snail #1 Green Player's Cannonball #1!
<<<16:52:06:711442>>>  Snail #2 Red Player has been hit by Snail #1 Green Player's Cannonball #1!
<<<16:52:06:727400>>>  Snail #2 Red Player has been hit by Snail #1 Green Player's Cannonball #1!
<<<16:52:06:743356>>>  Snail #2 Red Player has been hit by Snail #1 Green Player's Cannonball #1!
<<<16:52:06:759315>>>  Snail #2 Red Player has been hit by Snail #1 Green Player's Cannonball #1!
<<<16:52:06:775976>>>  Snail #2 Red Player has been hit by Snail #1 Green Player's Cannonball #1!
<<<16:52:06:792120>>>  Snail #2 Red Player has been hit by Snail #1 Green Player's Cannonball #1!
<<<16:52:06:809583>>>  Snail #2 Red Player has been hit by Snail #1 Green Player's Cannonball #1!
<<<16:52:06:825565>>>  Snail #2 Red Player has been hit by Snail #1 Green Player's Cannonball #1!
<<<16:52:06:842007>>>  Snail #2 Red Player has been hit by Snail #1 Green Player's Cannonball #1!
<<<16:52:06:859529>>>  Snail #2 Red Player has been hit by Snail #1 Green Player's Cannonball #1!
<<<16:52:06:875804>>>  Snail #2 Red Player has been hit by Snail #1 Green Player's Cannonball #1!
<<<16:52:06:892977>>>  Snail #2 Red Player has been hit by Snail #1 Green Player's Cannonball #1!
<<<16:52:06:910372>>>  Snail #2 Red Player has been hit by Snail #1 Green Player's Cannonball #1!
<<<16:52:06:927087>>>  Snail #2 Red Player has been hit by Snail #1 Green Player's Cannonball #1!
<<<16:52:06:944365>>>  Snail #2 Red Player has been hit by Snail #1 Green Player's Cannonball #1!
<<<16:52:06:960564>>>  Snail #2 Red Player has been hit by Snail #1 Green Player's Cannonball #1!
<<<16:52:06:976399>>>  Snail #2 Red Player has been hit by Snail #1 Green Player's Cannonball #1!
<<<16:52:06:992867>>>  Snail #2 Red Player has been hit by Snail #1 Green Player's Cannonball #1!
<<<16:52:07:010235>>>  Snail #2 Red Player has been hit by Snail #1 Green Player's Cannonball #1!
<<<16:52:07:027361>>>  Snail #2 Red Player has been hit by Snail #1 Green Player's Cannonball #1!
<<<16:52:07:043864>>>  Snail #2 Red Player has been hit by Snail #1 Green Player's Cannonball #1!
<<<16:52:07:061324>>>  Snail #2 Red Player has been hit by Snail #1 Green Player's Cannonball #1!
<<<16:52:07:077373>>>  Snail #2 Red Player has been hit by Snail #1 Green Player's Cannonball #1!
<<<16:52:07:093887>>>  Snail #2 Red Player has been hit by Snail #1 Green Player's Cannonball #1!
<<<16:52:07:111296>>>  Snail #2 Red Player has been hit by Snail #1 Green Player's Cannonball #1!
<<<16:52:07:127581>>>  Snail #2 Red Player has been hit by Snail #1 Green Player's Cannonball #1!
<<<16:52:07:144201>>>  Snail #2 Red Player has been hit by Snail #1 Green Player's Cannonball #1!
<<<16:52:07:161317>>>  Snail #2 Red Player has been hit by Snail #1 Green Player's Cannonball #1!
<<<16:52:07:176952>>>  Snail #2 Red Player has been hit by Snail #1 Green Player's Cannonball #1!
<<<16:52:07:194512>>>  Snail #2 Red Player has been hit by Snail #1 Green Player's Cannonball #1!
<<<16:52:07:211016>>>  Snail #2 Red Player has been hit by Snail #1 Green Player's Cannonball #1!
<<<16:52:07:228036>>>  Snail #2 Red Player has been hit by Snail #1 Green Player's Cannonball #1!
<<<16:52:07:244535>>>  Snail #2 Red Player has been hit by Snail #1 Green Player's Cannonball #1!
<<<16:52:07:260744>>>  Snail #2 Red Player has been hit by Snail #1 Green Player's Cannonball #1!
<<<16:52:07:276513>>>  Snail #2 Red Player has been hit by Snail #1 Green Player's Cannonball #1!
<<<16:52:07:293025>>>  Snail #2 Red Player has been hit by Snail #1 Green Player's Cannonball #1!
<<<16:52:07:310185>>>  Snail #2 Red Player has been hit by Snail #1 Green Player's Cannonball #1!
<<<16:52:07:326417>>>  Snail #2 Red Player has been hit by Snail #1 Green Player's Cannonball #1!
<<<16:52:07:342469>>>  Snail #2 Red Player has been hit by Snail #1 Green Player's Cannonball #1!
<<<16:52:07:358793>>>  Snail #2 Red Player has been hit by Snail #1 Green Player's Cannonball #1!
<<<16:52:07:374780>>>  Snail #2 Red Player has been hit by Snail #1 Green Player's Cannonball #1!
<<<16:52:07:390845>>>  Snail #2 Red Player has been hit by Snail #1 Green Player's Cannonball #1!
<<<16:52:07:407899>>>  Snail #2 Red Player has been hit by Snail #1 Green Player's Cannonball #1!
<<<16:52:07:425086>>>  Snail #2 Red Player has been hit by Snail #1 Green Player's Cannonball #1!
<<<16:52:07:442151>>>  Snail #2 Red Player has been hit by Snail #1 Green Player's Cannonball #1!
<<<16:52:07:459672>>>  Snail #2 Red Player has been hit by Snail #1 Green Player's Cannonball #1!
<<<16:52:07:475964>>>  Snail #2 Red Player has been hit by Snail #1 Green Player's Cannonball #1!
<<<16:52:07:493405>>>  Snail #2 Red Player has been hit by Snail #1 Green Player's Cannonball #1!
<<<16:52:07:510518>>>  Snail #2 Red Player has been hit by Snail #1 Green Player's Cannonball #1!
<<<16:52:07:526532>>>  Snail #2 Red Player has been hit by Snail #1 Green Player's Cannonball #1!
<<<16:52:07:526532>>>  Snail #2 Red Player had died :(
<<<16:52:07:526532>>>  Snail #2 Red Player being destroyed...
<<<16:52:07:526532>>>  Tank successfully destroyed!
<<<16:52:08:025643>>>  Snail #1 Green Player's Cannonball #1 explosion timer has expired, marked for removal...
<<<16:52:08:025643>>>  Successfully removed spellready icon from Snail #1 Green Player's effect list!
<<<16:52:09:561858>>>  Game over, exiting...
<<<16:52:09:561858>>>  Exiting game outside of main loop and writing log file...
