<<<15:04:16:194146>>>
* Screen coordinates (1164, 2) choosen in zone #2.
* Screen dimensions are 1600 wide by 900 high.
* Minimum (x, y) are (266, 0).
* Maximum (x, y) are (1333, 150).
* Mid (x, y) are (799, 75).
<<<15:04:16:194146>>>  Image at Pix\Faraway_Objects\Black_Holes\8.png choosen for background...
<<<15:04:16:194146>>>
* Screen coordinates (1531, 21) choosen in zone #3.
* Screen dimensions are 1600 wide by 900 high.
* Minimum (x, y) are (1333, 0).
* Maximum (x, y) are (1600, 150).
* Mid (x, y) are (1466, 75).
<<<15:04:16:194146>>>  Image at Pix\Faraway_Objects\Black_Holes\7.png choosen for background...
<<<15:04:16:198399>>>  Pix\Homeworlds\Ice\1.png loaded as pixie for Earth...
<<<15:04:16:198399>>>  Image at Pix\Homeworlds\Ice\1.png chosen as homeworld pix for Earth's...
<<<15:04:16:198399>>>  Pix\Moons\15.png loaded as pixie for Moon #2...
<<<15:04:16:239658>>>  Pix\Snails\Green_Snail\Spells\Spellready_Icon\spellready.png returned as pixie for Tank #1 Green Player Tank...
<<<15:04:16:239658>>>  Tank #1 Green Player Tank successfully created!
<<<15:04:16:281487>>>  Pix\Snails\Red_Snail\Spells\Spellready_Icon\spellready.png returned as pixie for Tank #2 Red AI Tank...
<<<15:04:16:281487>>>  Tank #2 Red AI Tank successfully created!
<<<15:04:16:325112>>>  Pix\Snails\Yellow_Snail\Spells\Spellready_Icon\spellready.png returned as pixie for Tank #3 Yellow AI Tank...
<<<15:04:16:325112>>>  Tank #3 Yellow AI Tank successfully created!
<<<15:04:16:330290>>>  Tank #2 Red AI Tank chose to move to 3.0218, cururently at 3.6652.
<<<15:04:16:330290>>>  Tank #2 Red AI Tank moved one unit CW...
<<<15:04:16:330290>>>  Tank #2 Red AI Tank chose to move...
<<<15:04:16:330290>>>
* *** Tank #3 Yellow AI Tank USING CLEAR SKIES FUNCTION ***
* Moon #2 at (1719.9407018543568, -12625.23597514181), angle -1.4353994382610142 rads.
* Tank #3 Yellow AI Tank at (5517.447847510657, -3185.5000000000027), angle 5.759586531581287.
* Angle Between is 0.9118006626627153 rads.
* The skies are NOT clear, Tank #3 Yellow AI Tank shouldn't use Gravity...
<<<15:04:16:342197>>>  Tank #2 Red AI Tank moved one unit CW...
<<<15:04:16:342197>>>  Tank #3 Yellow AI Tank chose to shoot...
<<<15:04:16:358034>>>  Tank #2 Red AI Tank moved one unit CW...
<<<15:04:16:358034>>>  Tank #3 Yellow AI Tank is checking targeting info...
<<<15:04:16:358034>>>  Tank #3 Yellow AI Tank Launch angle not within tolerances, adjusting firing solution...
<<<15:04:16:358034>>>  Tank #3 Yellow AI Tank Launch speed not within tolerances, adjusting firing solution...
<<<15:04:16:358034>>>  Tank #3 Yellow AI Tank adjusted targeting angle one unit CCW...
<<<15:04:16:373926>>>  Tank #2 Red AI Tank moved one unit CW...
<<<15:04:16:373926>>>  Tank #3 Yellow AI Tank is checking targeting info...
<<<15:04:16:373926>>>  Tank #3 Yellow AI Tank Launch angle not within tolerances, adjusting firing solution...
<<<15:04:16:373926>>>  Tank #3 Yellow AI Tank Launch speed not within tolerances, adjusting firing solution...
<<<15:04:16:373926>>>  Tank #3 Yellow AI Tank adjusted targeting angle one unit CCW...
<<<15:04:16:390488>>>  Tank #2 Red AI Tank moved one unit CW...
<<<15:04:16:390488>>>  Tank #3 Yellow AI Tank is checking targeting info...
<<<15:04:16:390488>>>  Tank #3 Yellow AI Tank Launch angle not within tolerances, adjusting firing solution...
<<<15:04:16:390488>>>  Tank #3 Yellow AI Tank Launch speed not within tolerances, adjusting firing solution...
<<<15:04:16:390488>>>  Tank #3 Yellow AI Tank adjusted targeting angle one unit CCW...
<<<15:04:16:406187>>>  Tank #2 Red AI Tank moved one unit CW...
<<<15:04:16:406187>>>  Tank #3 Yellow AI Tank is checking targeting info...
<<<15:04:16:406187>>>  Tank #3 Yellow AI Tank Launch angle not within tolerances, adjusting firing solution...
<<<15:04:16:406187>>>  Tank #3 Yellow AI Tank Launch speed not within tolerances, adjusting firing solution...
<<<15:04:16:406187>>>  Tank #3 Yellow AI Tank adjusted targeting angle one unit CCW...
<<<15:04:16:422717>>>  Tank #2 Red AI Tank moved one unit CW...
<<<15:04:16:422717>>>  Tank #3 Yellow AI Tank is checking targeting info...
<<<15:04:16:422717>>>  Tank #3 Yellow AI Tank Launch angle not within tolerances, adjusting firing solution...
<<<15:04:16:422717>>>  Tank #3 Yellow AI Tank Launch speed not within tolerances, adjusting firing solution...
<<<15:04:16:422717>>>  Tank #3 Yellow AI Tank adjusted targeting angle one unit CCW...
<<<15:04:16:440494>>>  Tank #2 Red AI Tank moved one unit CW...
<<<15:04:16:440494>>>  Tank #3 Yellow AI Tank is checking targeting info...
<<<15:04:16:440494>>>  Tank #3 Yellow AI Tank Launch angle not within tolerances, adjusting firing solution...
<<<15:04:16:440494>>>  Tank #3 Yellow AI Tank Launch speed not within tolerances, adjusting firing solution...
<<<15:04:16:440494>>>  Tank #3 Yellow AI Tank adjusted targeting angle one unit CCW...
<<<15:04:16:456453>>>  Tank #2 Red AI Tank moved one unit CW...
<<<15:04:16:456453>>>  Tank #3 Yellow AI Tank is checking targeting info...
<<<15:04:16:456453>>>  Tank #3 Yellow AI Tank Launch angle not within tolerances, adjusting firing solution...
<<<15:04:16:456453>>>  Tank #3 Yellow AI Tank Launch speed not within tolerances, adjusting firing solution...
<<<15:04:16:456453>>>  Tank #3 Yellow AI Tank adjusted targeting angle one unit CCW...
<<<15:04:16:472674>>>  Tank #2 Red AI Tank moved one unit CW...
<<<15:04:16:472674>>>  Tank #3 Yellow AI Tank is checking targeting info...
<<<15:04:16:472674>>>  Tank #3 Yellow AI Tank Launch angle not within tolerances, adjusting firing solution...
<<<15:04:16:472674>>>  Tank #3 Yellow AI Tank Launch speed not within tolerances, adjusting firing solution...
<<<15:04:16:472674>>>  Tank #3 Yellow AI Tank adjusted targeting angle one unit CCW...
<<<15:04:16:489086>>>  Tank #2 Red AI Tank moved one unit CW...
<<<15:04:16:489086>>>  Tank #3 Yellow AI Tank is checking targeting info...
<<<15:04:16:489086>>>  Tank #3 Yellow AI Tank Launch angle not within tolerances, adjusting firing solution...
<<<15:04:16:489086>>>  Tank #3 Yellow AI Tank Launch speed not within tolerances, adjusting firing solution...
<<<15:04:16:489086>>>  Tank #3 Yellow AI Tank adjusted targeting angle one unit CCW...
<<<15:04:16:504958>>>  Tank #2 Red AI Tank moved one unit CW...
<<<15:04:16:504958>>>  Tank #3 Yellow AI Tank is checking targeting info...
<<<15:04:16:504958>>>  Tank #3 Yellow AI Tank Launch angle not within tolerances, adjusting firing solution...
<<<15:04:16:504958>>>  Tank #3 Yellow AI Tank Launch speed not within tolerances, adjusting firing solution...
<<<15:04:16:504958>>>  Tank #3 Yellow AI Tank adjusted targeting angle one unit CCW...
<<<15:04:16:520828>>>  Tank #2 Red AI Tank moved one unit CW...
<<<15:04:16:520828>>>  Tank #3 Yellow AI Tank is checking targeting info...
<<<15:04:16:520828>>>  Tank #3 Yellow AI Tank Launch angle not within tolerances, adjusting firing solution...
<<<15:04:16:520828>>>  Tank #3 Yellow AI Tank Launch speed not within tolerances, adjusting firing solution...
<<<15:04:16:520828>>>  Tank #3 Yellow AI Tank adjusted targeting angle one unit CCW...
<<<15:04:16:537985>>>  Tank #2 Red AI Tank moved one unit CW...
<<<15:04:16:537985>>>  Tank #3 Yellow AI Tank is checking targeting info...
<<<15:04:16:537985>>>  Tank #3 Yellow AI Tank Launch angle not within tolerances, adjusting firing solution...
<<<15:04:16:537985>>>  Tank #3 Yellow AI Tank Launch speed not within tolerances, adjusting firing solution...
<<<15:04:16:537985>>>  Tank #3 Yellow AI Tank adjusted targeting angle one unit CCW...
<<<15:04:16:555043>>>  Tank #2 Red AI Tank moved one unit CW...
<<<15:04:16:555043>>>  Tank #3 Yellow AI Tank is checking targeting info...
<<<15:04:16:555043>>>  Tank #3 Yellow AI Tank Launch angle not within tolerances, adjusting firing solution...
<<<15:04:16:555043>>>  Tank #3 Yellow AI Tank Launch speed not within tolerances, adjusting firing solution...
<<<15:04:16:555043>>>  Tank #3 Yellow AI Tank adjusted targeting angle one unit CCW...
<<<15:04:16:571638>>>  Tank #2 Red AI Tank moved one unit CW...
<<<15:04:16:571638>>>  Tank #3 Yellow AI Tank is checking targeting info...
<<<15:04:16:571638>>>  Tank #3 Yellow AI Tank Launch angle not within tolerances, adjusting firing solution...
<<<15:04:16:571638>>>  Tank #3 Yellow AI Tank Launch speed not within tolerances, adjusting firing solution...
<<<15:04:16:571638>>>  Tank #3 Yellow AI Tank adjusted targeting angle one unit CCW...
<<<15:04:16:588383>>>  Tank #2 Red AI Tank moved one unit CW...
<<<15:04:16:588383>>>  Tank #3 Yellow AI Tank is checking targeting info...
<<<15:04:16:588383>>>  Tank #3 Yellow AI Tank Launch angle not within tolerances, adjusting firing solution...
<<<15:04:16:588383>>>  Tank #3 Yellow AI Tank Launch speed not within tolerances, adjusting firing solution...
<<<15:04:16:588383>>>  Tank #3 Yellow AI Tank adjusted targeting angle one unit CCW...
<<<15:04:16:604922>>>  Tank #2 Red AI Tank moved one unit CW...
<<<15:04:16:604922>>>  Tank #3 Yellow AI Tank is checking targeting info...
<<<15:04:16:604922>>>  Tank #3 Yellow AI Tank Launch angle not within tolerances, adjusting firing solution...
<<<15:04:16:604922>>>  Tank #3 Yellow AI Tank Launch speed not within tolerances, adjusting firing solution...
<<<15:04:16:604922>>>  Tank #3 Yellow AI Tank adjusted targeting angle one unit CCW...
<<<15:04:16:620942>>>  Tank #2 Red AI Tank moved one unit CW...
<<<15:04:16:620942>>>  Tank #3 Yellow AI Tank is checking targeting info...
<<<15:04:16:620942>>>  Tank #3 Yellow AI Tank Launch angle not within tolerances, adjusting firing solution...
<<<15:04:16:620942>>>  Tank #3 Yellow AI Tank Launch speed not within tolerances, adjusting firing solution...
<<<15:04:16:620942>>>  Tank #3 Yellow AI Tank adjusted targeting angle one unit CCW...
<<<15:04:16:637520>>>  Successfully removed spellready icon from Tank #1 Green Player Tank's effect list!
<<<15:04:16:638524>>>  Tank #2 Red AI Tank moved one unit CW...
<<<15:04:16:638524>>>  Tank #3 Yellow AI Tank is checking targeting info...
<<<15:04:16:638524>>>  Tank #3 Yellow AI Tank Launch angle not within tolerances, adjusting firing solution...
<<<15:04:16:638524>>>  Tank #3 Yellow AI Tank Launch speed not within tolerances, adjusting firing solution...
<<<15:04:16:638524>>>  Tank #3 Yellow AI Tank adjusted targeting angle one unit CCW...
<<<15:04:16:653876>>>  Tank #2 Red AI Tank moved one unit CW...
<<<15:04:16:653876>>>  Tank #3 Yellow AI Tank is checking targeting info...
<<<15:04:16:653876>>>  Tank #3 Yellow AI Tank Launch angle not within tolerances, adjusting firing solution...
<<<15:04:16:653876>>>  Tank #3 Yellow AI Tank Launch speed not within tolerances, adjusting firing solution...
<<<15:04:16:653876>>>  Tank #3 Yellow AI Tank adjusted targeting angle one unit CCW...
<<<15:04:16:670720>>>  Tank #2 Red AI Tank moved one unit CW...
<<<15:04:16:670720>>>  Tank #3 Yellow AI Tank is checking targeting info...
<<<15:04:16:670720>>>  Tank #3 Yellow AI Tank Launch angle not within tolerances, adjusting firing solution...
<<<15:04:16:670720>>>  Tank #3 Yellow AI Tank Launch speed not within tolerances, adjusting firing solution...
<<<15:04:16:670720>>>  Tank #3 Yellow AI Tank adjusted targeting angle one unit CCW...
<<<15:04:16:687426>>>  Tank #2 Red AI Tank moved one unit CW...
<<<15:04:16:687426>>>  Tank #3 Yellow AI Tank is checking targeting info...
<<<15:04:16:687426>>>  Tank #3 Yellow AI Tank Launch angle not within tolerances, adjusting firing solution...
<<<15:04:16:687426>>>  Tank #3 Yellow AI Tank Launch speed not within tolerances, adjusting firing solution...
<<<15:04:16:687426>>>  Tank #3 Yellow AI Tank adjusted targeting angle one unit CCW...
<<<15:04:16:703373>>>  Tank #2 Red AI Tank moved one unit CW...
<<<15:04:16:703373>>>  Tank #3 Yellow AI Tank is checking targeting info...
<<<15:04:16:703373>>>  Tank #3 Yellow AI Tank Launch angle not within tolerances, adjusting firing solution...
<<<15:04:16:703373>>>  Tank #3 Yellow AI Tank Launch speed not within tolerances, adjusting firing solution...
<<<15:04:16:703373>>>  Tank #3 Yellow AI Tank adjusted targeting angle one unit CCW...
<<<15:04:16:719975>>>  Tank #2 Red AI Tank moved one unit CW...
<<<15:04:16:719975>>>  Tank #3 Yellow AI Tank is checking targeting info...
<<<15:04:16:719975>>>  Tank #3 Yellow AI Tank Launch angle not within tolerances, adjusting firing solution...
<<<15:04:16:719975>>>  Tank #3 Yellow AI Tank Launch speed not within tolerances, adjusting firing solution...
<<<15:04:16:719975>>>  Tank #3 Yellow AI Tank adjusted targeting angle one unit CCW...
<<<15:04:16:736733>>>  Tank #2 Red AI Tank moved one unit CW...
<<<15:04:16:736733>>>  Tank #3 Yellow AI Tank is checking targeting info...
<<<15:04:16:736733>>>  Tank #3 Yellow AI Tank Launch angle not within tolerances, adjusting firing solution...
<<<15:04:16:736733>>>  Tank #3 Yellow AI Tank Launch speed not within tolerances, adjusting firing solution...
<<<15:04:16:736733>>>  Tank #3 Yellow AI Tank adjusted targeting angle one unit CCW...
<<<15:04:16:754419>>>  Tank #2 Red AI Tank moved one unit CW...
<<<15:04:16:754419>>>  Tank #3 Yellow AI Tank is checking targeting info...
<<<15:04:16:754419>>>  Tank #3 Yellow AI Tank Launch angle not within tolerances, adjusting firing solution...
<<<15:04:16:754419>>>  Tank #3 Yellow AI Tank Launch speed not within tolerances, adjusting firing solution...
<<<15:04:16:754419>>>  Tank #3 Yellow AI Tank adjusted targeting angle one unit CCW...
<<<15:04:16:770056>>>  Tank #2 Red AI Tank moved one unit CW...
<<<15:04:16:770056>>>  Tank #3 Yellow AI Tank is checking targeting info...
<<<15:04:16:770056>>>  Tank #3 Yellow AI Tank Launch angle not within tolerances, adjusting firing solution...
<<<15:04:16:770056>>>  Tank #3 Yellow AI Tank Launch speed not within tolerances, adjusting firing solution...
<<<15:04:16:770056>>>  Tank #3 Yellow AI Tank adjusted targeting angle one unit CCW...
<<<15:04:16:786128>>>  Tank #2 Red AI Tank moved one unit CW...
<<<15:04:16:786128>>>  Tank #3 Yellow AI Tank is checking targeting info...
<<<15:04:16:786128>>>  Tank #3 Yellow AI Tank Launch angle not within tolerances, adjusting firing solution...
<<<15:04:16:786128>>>  Tank #3 Yellow AI Tank Launch speed not within tolerances, adjusting firing solution...
<<<15:04:16:786128>>>  Tank #3 Yellow AI Tank adjusted targeting angle one unit CCW...
<<<15:04:16:803347>>>  Tank #2 Red AI Tank moved one unit CW...
<<<15:04:16:803347>>>  Tank #3 Yellow AI Tank is checking targeting info...
<<<15:04:16:803347>>>  Tank #3 Yellow AI Tank Launch angle not within tolerances, adjusting firing solution...
<<<15:04:16:803347>>>  Tank #3 Yellow AI Tank Launch speed not within tolerances, adjusting firing solution...
<<<15:04:16:803347>>>  Tank #3 Yellow AI Tank adjusted targeting angle one unit CCW...
<<<15:04:16:819947>>>  Tank #2 Red AI Tank moved one unit CW...
<<<15:04:16:819947>>>  Tank #3 Yellow AI Tank is checking targeting info...
<<<15:04:16:819947>>>  Tank #3 Yellow AI Tank Launch angle not within tolerances, adjusting firing solution...
<<<15:04:16:819947>>>  Tank #3 Yellow AI Tank Launch speed not within tolerances, adjusting firing solution...
<<<15:04:16:819947>>>  Tank #3 Yellow AI Tank adjusted targeting angle one unit CCW...
<<<15:04:16:835977>>>  Tank #2 Red AI Tank moved one unit CW...
<<<15:04:16:835977>>>  Tank #3 Yellow AI Tank is checking targeting info...
<<<15:04:16:835977>>>  Tank #3 Yellow AI Tank Launch angle not within tolerances, adjusting firing solution...
<<<15:04:16:835977>>>  Tank #3 Yellow AI Tank Launch speed not within tolerances, adjusting firing solution...
<<<15:04:16:835977>>>  Tank #3 Yellow AI Tank adjusted targeting angle one unit CCW...
<<<15:04:16:851916>>>  Tank #2 Red AI Tank moved one unit CW...
<<<15:04:16:851916>>>  Tank #3 Yellow AI Tank is checking targeting info...
<<<15:04:16:851916>>>  Tank #3 Yellow AI Tank Launch angle not within tolerances, adjusting firing solution...
<<<15:04:16:851916>>>  Tank #3 Yellow AI Tank Launch speed not within tolerances, adjusting firing solution...
<<<15:04:16:851916>>>  Tank #3 Yellow AI Tank adjusted targeting angle one unit CCW...
<<<15:04:16:869230>>>  Tank #2 Red AI Tank moved one unit CW...
<<<15:04:16:869230>>>  Tank #3 Yellow AI Tank is checking targeting info...
<<<15:04:16:869230>>>  Tank #3 Yellow AI Tank Launch angle not within tolerances, adjusting firing solution...
<<<15:04:16:869230>>>  Tank #3 Yellow AI Tank Launch speed not within tolerances, adjusting firing solution...
<<<15:04:16:869230>>>  Tank #3 Yellow AI Tank adjusted targeting angle one unit CCW...
<<<15:04:16:884013>>>  Tank #2 Red AI Tank moved one unit CW...
<<<15:04:16:884013>>>  Tank #3 Yellow AI Tank is checking targeting info...
<<<15:04:16:884013>>>  Tank #3 Yellow AI Tank Launch angle not within tolerances, adjusting firing solution...
<<<15:04:16:884013>>>  Tank #3 Yellow AI Tank Launch speed not within tolerances, adjusting firing solution...
<<<15:04:16:884013>>>  Tank #3 Yellow AI Tank adjusted targeting angle one unit CCW...
<<<15:04:16:900827>>>  Tank #2 Red AI Tank moved one unit CW...
<<<15:04:16:900827>>>  Tank #3 Yellow AI Tank is checking targeting info...
<<<15:04:16:900827>>>  Tank #3 Yellow AI Tank Launch angle not within tolerances, adjusting firing solution...
<<<15:04:16:900827>>>  Tank #3 Yellow AI Tank Launch speed not within tolerances, adjusting firing solution...
<<<15:04:16:900827>>>  Tank #3 Yellow AI Tank adjusted targeting angle one unit CCW...
<<<15:04:16:917674>>>  Tank #3 Yellow AI Tank is checking targeting info...
<<<15:04:16:917674>>>  Tank #3 Yellow AI Tank Launch angle not within tolerances, adjusting firing solution...
<<<15:04:16:917674>>>  Tank #3 Yellow AI Tank Launch speed not within tolerances, adjusting firing solution...
<<<15:04:16:917674>>>  Tank #3 Yellow AI Tank adjusted targeting angle one unit CCW...
<<<15:04:16:934752>>>  Tank #2 Red AI Tank chose to shoot...
<<<15:04:16:934752>>>  Tank #3 Yellow AI Tank is checking targeting info...
<<<15:04:16:934752>>>  Tank #3 Yellow AI Tank Launch angle not within tolerances, adjusting firing solution...
<<<15:04:16:934752>>>  Tank #3 Yellow AI Tank Launch speed not within tolerances, adjusting firing solution...
<<<15:04:16:934752>>>  Tank #3 Yellow AI Tank adjusted targeting angle one unit CCW...
<<<15:04:16:950752>>>  Tank #2 Red AI Tank is checking targeting info...
<<<15:04:16:950752>>>  Tank #2 Red AI Tank Launch angle not within tolerances, adjusting firing solution...
<<<15:04:16:950752>>>  Tank #2 Red AI Tank Launch speed not within tolerances, adjusting firing solution...
<<<15:04:16:950752>>>  Tank #2 Red AI Tank adjusted targeting angle one unit CCW...
<<<15:04:16:950752>>>  Tank #3 Yellow AI Tank is checking targeting info...
<<<15:04:16:950752>>>  Tank #3 Yellow AI Tank Launch angle not within tolerances, adjusting firing solution...
<<<15:04:16:950752>>>  Tank #3 Yellow AI Tank Launch speed not within tolerances, adjusting firing solution...
<<<15:04:16:950752>>>  Tank #3 Yellow AI Tank adjusted targeting angle one unit CCW...
<<<15:04:16:967637>>>  Tank #2 Red AI Tank is checking targeting info...
<<<15:04:16:967637>>>  Tank #2 Red AI Tank Launch angle not within tolerances, adjusting firing solution...
<<<15:04:16:967637>>>  Tank #2 Red AI Tank Launch speed not within tolerances, adjusting firing solution...
<<<15:04:16:967637>>>  Tank #2 Red AI Tank adjusted targeting angle one unit CCW...
<<<15:04:16:967637>>>  Tank #3 Yellow AI Tank is checking targeting info...
<<<15:04:16:967637>>>  Tank #3 Yellow AI Tank Launch angle not within tolerances, adjusting firing solution...
<<<15:04:16:967637>>>  Tank #3 Yellow AI Tank Launch speed not within tolerances, adjusting firing solution...
<<<15:04:16:967637>>>  Tank #3 Yellow AI Tank adjusted targeting angle one unit CCW...
<<<15:04:16:984442>>>  Tank #2 Red AI Tank is checking targeting info...
<<<15:04:16:984442>>>  Tank #2 Red AI Tank Launch angle not within tolerances, adjusting firing solution...
<<<15:04:16:984442>>>  Tank #2 Red AI Tank Launch speed not within tolerances, adjusting firing solution...
<<<15:04:16:984442>>>  Tank #2 Red AI Tank adjusted targeting angle one unit CCW...
<<<15:04:16:984442>>>  Tank #3 Yellow AI Tank is checking targeting info...
<<<15:04:16:984442>>>  Tank #3 Yellow AI Tank Launch angle not within tolerances, adjusting firing solution...
<<<15:04:16:984442>>>  Tank #3 Yellow AI Tank Launch speed not within tolerances, adjusting firing solution...
<<<15:04:16:984442>>>  Tank #3 Yellow AI Tank adjusted targeting angle one unit CCW...
<<<15:04:17:000853>>>  Tank #2 Red AI Tank is checking targeting info...
<<<15:04:17:000853>>>  Tank #2 Red AI Tank Launch angle not within tolerances, adjusting firing solution...
<<<15:04:17:000853>>>  Tank #2 Red AI Tank Launch speed not within tolerances, adjusting firing solution...
<<<15:04:17:000853>>>  Tank #2 Red AI Tank adjusted targeting angle one unit CCW...
<<<15:04:17:000853>>>  Tank #3 Yellow AI Tank is checking targeting info...
<<<15:04:17:000853>>>  Tank #3 Yellow AI Tank Launch angle not within tolerances, adjusting firing solution...
<<<15:04:17:000853>>>  Tank #3 Yellow AI Tank Launch speed not within tolerances, adjusting firing solution...
<<<15:04:17:000853>>>  Tank #3 Yellow AI Tank adjusted targeting angle one unit CCW...
<<<15:04:17:016988>>>  Tank #2 Red AI Tank is checking targeting info...
<<<15:04:17:016988>>>  Tank #2 Red AI Tank Launch angle not within tolerances, adjusting firing solution...
<<<15:04:17:016988>>>  Tank #2 Red AI Tank Launch speed not within tolerances, adjusting firing solution...
<<<15:04:17:016988>>>  Tank #2 Red AI Tank adjusted targeting angle one unit CCW...
<<<15:04:17:016988>>>  Tank #3 Yellow AI Tank is checking targeting info...
<<<15:04:17:016988>>>  Tank #3 Yellow AI Tank Launch angle not within tolerances, adjusting firing solution...
<<<15:04:17:016988>>>  Tank #3 Yellow AI Tank Launch speed not within tolerances, adjusting firing solution...
<<<15:04:17:016988>>>  Tank #3 Yellow AI Tank adjusted targeting angle one unit CCW...
<<<15:04:17:032719>>>  Tank #2 Red AI Tank is checking targeting info...
<<<15:04:17:032719>>>  Tank #2 Red AI Tank Launch angle not within tolerances, adjusting firing solution...
<<<15:04:17:032719>>>  Tank #2 Red AI Tank Launch speed not within tolerances, adjusting firing solution...
<<<15:04:17:032719>>>  Tank #2 Red AI Tank adjusted targeting angle one unit CCW...
<<<15:04:17:032719>>>  Tank #3 Yellow AI Tank is checking targeting info...
<<<15:04:17:032719>>>  Tank #3 Yellow AI Tank Launch angle not within tolerances, adjusting firing solution...
<<<15:04:17:032719>>>  Tank #3 Yellow AI Tank Launch speed not within tolerances, adjusting firing solution...
<<<15:04:17:032719>>>  Tank #3 Yellow AI Tank adjusted targeting angle one unit CCW...
<<<15:04:17:048943>>>  Tank #2 Red AI Tank is checking targeting info...
<<<15:04:17:048943>>>  Tank #2 Red AI Tank Launch angle not within tolerances, adjusting firing solution...
<<<15:04:17:048943>>>  Tank #2 Red AI Tank Launch speed not within tolerances, adjusting firing solution...
<<<15:04:17:048943>>>  Tank #2 Red AI Tank adjusted targeting angle one unit CCW...
<<<15:04:17:048943>>>  Tank #3 Yellow AI Tank is checking targeting info...
<<<15:04:17:048943>>>  Tank #3 Yellow AI Tank Launch angle not within tolerances, adjusting firing solution...
<<<15:04:17:048943>>>  Tank #3 Yellow AI Tank Launch speed not within tolerances, adjusting firing solution...
<<<15:04:17:048943>>>  Tank #3 Yellow AI Tank adjusted targeting angle one unit CCW...
<<<15:04:17:065374>>>  Tank #2 Red AI Tank is checking targeting info...
<<<15:04:17:065566>>>  Tank #2 Red AI Tank Launch angle not within tolerances, adjusting firing solution...
<<<15:04:17:065566>>>  Tank #2 Red AI Tank Launch speed not within tolerances, adjusting firing solution...
<<<15:04:17:065566>>>  Tank #2 Red AI Tank adjusted targeting angle one unit CCW...
<<<15:04:17:065566>>>  Tank #3 Yellow AI Tank is checking targeting info...
<<<15:04:17:065566>>>  Tank #3 Yellow AI Tank Launch angle not within tolerances, adjusting firing solution...
<<<15:04:17:065566>>>  Tank #3 Yellow AI Tank Launch speed not within tolerances, adjusting firing solution...
<<<15:04:17:065566>>>  Tank #3 Yellow AI Tank adjusted targeting angle one unit CCW...
<<<15:04:17:080988>>>  Tank #2 Red AI Tank is checking targeting info...
<<<15:04:17:080988>>>  Tank #2 Red AI Tank Launch angle not within tolerances, adjusting firing solution...
<<<15:04:17:080988>>>  Tank #2 Red AI Tank Launch speed not within tolerances, adjusting firing solution...
<<<15:04:17:080988>>>  Tank #2 Red AI Tank adjusted targeting angle one unit CCW...
<<<15:04:17:080988>>>  Tank #3 Yellow AI Tank is checking targeting info...
<<<15:04:17:080988>>>  Tank #3 Yellow AI Tank Launch angle not within tolerances, adjusting firing solution...
<<<15:04:17:080988>>>  Tank #3 Yellow AI Tank Launch speed not within tolerances, adjusting firing solution...
<<<15:04:17:080988>>>  Tank #3 Yellow AI Tank adjusted targeting angle one unit CCW...
<<<15:04:17:097525>>>  Tank #2 Red AI Tank is checking targeting info...
<<<15:04:17:097525>>>  Tank #2 Red AI Tank Launch angle not within tolerances, adjusting firing solution...
<<<15:04:17:097525>>>  Tank #2 Red AI Tank Launch speed not within tolerances, adjusting firing solution...
<<<15:04:17:097525>>>  Tank #2 Red AI Tank adjusted targeting angle one unit CCW...
<<<15:04:17:097525>>>  Tank #3 Yellow AI Tank is checking targeting info...
<<<15:04:17:097525>>>  Tank #3 Yellow AI Tank increased launch speed one unit...
<<<15:04:17:113509>>>  Tank #2 Red AI Tank is checking targeting info...
<<<15:04:17:113589>>>  Tank #2 Red AI Tank Launch angle not within tolerances, adjusting firing solution...
<<<15:04:17:113589>>>  Tank #2 Red AI Tank Launch speed not within tolerances, adjusting firing solution...
<<<15:04:17:113589>>>  Tank #2 Red AI Tank adjusted targeting angle one unit CCW...
<<<15:04:17:113589>>>  Tank #3 Yellow AI Tank is checking targeting info...
<<<15:04:17:113589>>>  Tank #3 Yellow AI Tank increased launch speed one unit...
<<<15:04:17:129443>>>  Tank #2 Red AI Tank is checking targeting info...
<<<15:04:17:129443>>>  Tank #2 Red AI Tank Launch angle not within tolerances, adjusting firing solution...
<<<15:04:17:129443>>>  Tank #2 Red AI Tank Launch speed not within tolerances, adjusting firing solution...
<<<15:04:17:129443>>>  Tank #2 Red AI Tank adjusted targeting angle one unit CCW...
<<<15:04:17:129443>>>  Tank #3 Yellow AI Tank is checking targeting info...
<<<15:04:17:129443>>>  Tank #3 Yellow AI Tank increased launch speed one unit...
<<<15:04:17:145641>>>  Tank #2 Red AI Tank is checking targeting info...
<<<15:04:17:145641>>>  Tank #2 Red AI Tank Launch angle not within tolerances, adjusting firing solution...
<<<15:04:17:145641>>>  Tank #2 Red AI Tank Launch speed not within tolerances, adjusting firing solution...
<<<15:04:17:145641>>>  Tank #2 Red AI Tank adjusted targeting angle one unit CCW...
<<<15:04:17:145641>>>  Tank #3 Yellow AI Tank is checking targeting info...
<<<15:04:17:145641>>>  Tank #3 Yellow AI Tank increased launch speed one unit...
<<<15:04:17:162316>>>  Tank #2 Red AI Tank is checking targeting info...
<<<15:04:17:162316>>>  Tank #2 Red AI Tank Launch angle not within tolerances, adjusting firing solution...
<<<15:04:17:162316>>>  Tank #2 Red AI Tank Launch speed not within tolerances, adjusting firing solution...
<<<15:04:17:162316>>>  Tank #2 Red AI Tank adjusted targeting angle one unit CCW...
<<<15:04:17:162316>>>  Tank #3 Yellow AI Tank is checking targeting info...
<<<15:04:17:162316>>>  Tank #3 Yellow AI Tank increased launch speed one unit...
<<<15:04:17:178830>>>  Tank #2 Red AI Tank is checking targeting info...
<<<15:04:17:178830>>>  Tank #2 Red AI Tank Launch angle not within tolerances, adjusting firing solution...
<<<15:04:17:178830>>>  Tank #2 Red AI Tank Launch speed not within tolerances, adjusting firing solution...
<<<15:04:17:178830>>>  Tank #2 Red AI Tank adjusted targeting angle one unit CCW...
<<<15:04:17:178830>>>  Tank #3 Yellow AI Tank is checking targeting info...
<<<15:04:17:178830>>>  Tank #3 Yellow AI Tank increased launch speed one unit...
<<<15:04:17:195391>>>  Tank #2 Red AI Tank is checking targeting info...
<<<15:04:17:195391>>>  Tank #2 Red AI Tank Launch angle not within tolerances, adjusting firing solution...
<<<15:04:17:195391>>>  Tank #2 Red AI Tank Launch speed not within tolerances, adjusting firing solution...
<<<15:04:17:195391>>>  Tank #2 Red AI Tank adjusted targeting angle one unit CCW...
<<<15:04:17:195391>>>  Tank #3 Yellow AI Tank is checking targeting info...
<<<15:04:17:195391>>>  Tank #3 Yellow AI Tank increased launch speed one unit...
<<<15:04:17:211644>>>  Tank #2 Red AI Tank is checking targeting info...
<<<15:04:17:211644>>>  Tank #2 Red AI Tank Launch angle not within tolerances, adjusting firing solution...
<<<15:04:17:211644>>>  Tank #2 Red AI Tank Launch speed not within tolerances, adjusting firing solution...
<<<15:04:17:211644>>>  Tank #2 Red AI Tank adjusted targeting angle one unit CCW...
<<<15:04:17:211644>>>  Tank #3 Yellow AI Tank is checking targeting info...
<<<15:04:17:211644>>>  Tank #3 Yellow AI Tank increased launch speed one unit...
<<<15:04:17:227806>>>  Tank #2 Red AI Tank is checking targeting info...
<<<15:04:17:227806>>>  Tank #2 Red AI Tank Launch angle not within tolerances, adjusting firing solution...
<<<15:04:17:227806>>>  Tank #2 Red AI Tank Launch speed not within tolerances, adjusting firing solution...
<<<15:04:17:227806>>>  Tank #2 Red AI Tank adjusted targeting angle one unit CCW...
<<<15:04:17:227806>>>  Tank #3 Yellow AI Tank is checking targeting info...
<<<15:04:17:227806>>>  Tank #3 Yellow AI Tank increased launch speed one unit...
<<<15:04:17:243911>>>  Tank #2 Red AI Tank is checking targeting info...
<<<15:04:17:243911>>>  Tank #2 Red AI Tank Launch angle not within tolerances, adjusting firing solution...
<<<15:04:17:243911>>>  Tank #2 Red AI Tank Launch speed not within tolerances, adjusting firing solution...
<<<15:04:17:243911>>>  Tank #2 Red AI Tank adjusted targeting angle one unit CCW...
<<<15:04:17:243911>>>  Tank #3 Yellow AI Tank is checking targeting info...
<<<15:04:17:243911>>>  Tank #3 Yellow AI Tank increased launch speed one unit...
<<<15:04:17:260609>>>  Tank #2 Red AI Tank is checking targeting info...
<<<15:04:17:260609>>>  Tank #2 Red AI Tank Launch angle not within tolerances, adjusting firing solution...
<<<15:04:17:260609>>>  Tank #2 Red AI Tank Launch speed not within tolerances, adjusting firing solution...
<<<15:04:17:260609>>>  Tank #2 Red AI Tank adjusted targeting angle one unit CCW...
<<<15:04:17:260609>>>  Tank #3 Yellow AI Tank is checking targeting info...
<<<15:04:17:260609>>>  Tank #3 Yellow AI Tank increased launch speed one unit...
<<<15:04:17:277040>>>  Tank #2 Red AI Tank is checking targeting info...
<<<15:04:17:277040>>>  Tank #2 Red AI Tank Launch angle not within tolerances, adjusting firing solution...
<<<15:04:17:277040>>>  Tank #2 Red AI Tank Launch speed not within tolerances, adjusting firing solution...
<<<15:04:17:277040>>>  Tank #2 Red AI Tank adjusted targeting angle one unit CCW...
<<<15:04:17:277040>>>  Tank #3 Yellow AI Tank is checking targeting info...
<<<15:04:17:277040>>>  Tank #3 Yellow AI Tank increased launch speed one unit...
<<<15:04:17:293671>>>  Tank #2 Red AI Tank is checking targeting info...
<<<15:04:17:293671>>>  Tank #2 Red AI Tank Launch angle not within tolerances, adjusting firing solution...
<<<15:04:17:293671>>>  Tank #2 Red AI Tank Launch speed not within tolerances, adjusting firing solution...
<<<15:04:17:293671>>>  Tank #2 Red AI Tank adjusted targeting angle one unit CCW...
<<<15:04:17:293671>>>  Tank #3 Yellow AI Tank is checking targeting info...
<<<15:04:17:293671>>>  Tank #3 Yellow AI Tank increased launch speed one unit...
<<<15:04:17:310490>>>  Tank #2 Red AI Tank is checking targeting info...
<<<15:04:17:310490>>>  Tank #2 Red AI Tank Launch angle not within tolerances, adjusting firing solution...
<<<15:04:17:310490>>>  Tank #2 Red AI Tank Launch speed not within tolerances, adjusting firing solution...
<<<15:04:17:310490>>>  Tank #2 Red AI Tank adjusted targeting angle one unit CCW...
<<<15:04:17:310490>>>  Tank #3 Yellow AI Tank is checking targeting info...
<<<15:04:17:310490>>>  Tank #3 Yellow AI Tank increased launch speed one unit...
<<<15:04:17:326232>>>  Tank #2 Red AI Tank is checking targeting info...
<<<15:04:17:326232>>>  Tank #2 Red AI Tank Launch angle not within tolerances, adjusting firing solution...
<<<15:04:17:326232>>>  Tank #2 Red AI Tank Launch speed not within tolerances, adjusting firing solution...
<<<15:04:17:326232>>>  Tank #2 Red AI Tank adjusted targeting angle one unit CCW...
<<<15:04:17:326232>>>  Tank #3 Yellow AI Tank is checking targeting info...
<<<15:04:17:326232>>>  Tank #3 Yellow AI Tank increased launch speed one unit...
<<<15:04:17:341985>>>  Tank #2 Red AI Tank is checking targeting info...
<<<15:04:17:341985>>>  Tank #2 Red AI Tank Launch angle not within tolerances, adjusting firing solution...
<<<15:04:17:341985>>>  Tank #2 Red AI Tank Launch speed not within tolerances, adjusting firing solution...
<<<15:04:17:341985>>>  Tank #2 Red AI Tank adjusted targeting angle one unit CCW...
<<<15:04:17:341985>>>  Tank #3 Yellow AI Tank is checking targeting info...
<<<15:04:17:341985>>>  Tank #3 Yellow AI Tank increased launch speed one unit...
<<<15:04:17:357841>>>  Tank #2 Red AI Tank is checking targeting info...
<<<15:04:17:357841>>>  Tank #2 Red AI Tank Launch angle not within tolerances, adjusting firing solution...
<<<15:04:17:357841>>>  Tank #2 Red AI Tank Launch speed not within tolerances, adjusting firing solution...
<<<15:04:17:357841>>>  Tank #2 Red AI Tank adjusted targeting angle one unit CCW...
<<<15:04:17:357841>>>  Tank #3 Yellow AI Tank is checking targeting info...
<<<15:04:17:357841>>>  Tank #3 Yellow AI Tank increased launch speed one unit...
<<<15:04:17:374730>>>  Tank #2 Red AI Tank is checking targeting info...
<<<15:04:17:374730>>>  Tank #2 Red AI Tank Launch angle not within tolerances, adjusting firing solution...
<<<15:04:17:374730>>>  Tank #2 Red AI Tank Launch speed not within tolerances, adjusting firing solution...
<<<15:04:17:374730>>>  Tank #2 Red AI Tank adjusted targeting angle one unit CCW...
<<<15:04:17:374730>>>  Tank #3 Yellow AI Tank is checking targeting info...
<<<15:04:17:374730>>>  Tank #3 Yellow AI Tank increased launch speed one unit...
<<<15:04:17:391627>>>  Tank #2 Red AI Tank is checking targeting info...
<<<15:04:17:391627>>>  Tank #2 Red AI Tank Launch angle not within tolerances, adjusting firing solution...
<<<15:04:17:391627>>>  Tank #2 Red AI Tank Launch speed not within tolerances, adjusting firing solution...
<<<15:04:17:391627>>>  Tank #2 Red AI Tank adjusted targeting angle one unit CCW...
<<<15:04:17:391627>>>  Tank #3 Yellow AI Tank is checking targeting info...
<<<15:04:17:391627>>>  Tank #3 Yellow AI Tank increased launch speed one unit...
<<<15:04:17:408642>>>  Tank #2 Red AI Tank is checking targeting info...
<<<15:04:17:408642>>>  Tank #2 Red AI Tank Launch angle not within tolerances, adjusting firing solution...
<<<15:04:17:408642>>>  Tank #2 Red AI Tank Launch speed not within tolerances, adjusting firing solution...
<<<15:04:17:408642>>>  Tank #2 Red AI Tank adjusted targeting angle one unit CCW...
<<<15:04:17:408642>>>  Tank #3 Yellow AI Tank is checking targeting info...
<<<15:04:17:408642>>>  Tank #3 Yellow AI Tank increased launch speed one unit...
<<<15:04:17:426230>>>  Tank #2 Red AI Tank is checking targeting info...
<<<15:04:17:426230>>>  Tank #2 Red AI Tank Launch angle not within tolerances, adjusting firing solution...
<<<15:04:17:426230>>>  Tank #2 Red AI Tank Launch speed not within tolerances, adjusting firing solution...
<<<15:04:17:426230>>>  Tank #2 Red AI Tank adjusted targeting angle one unit CCW...
<<<15:04:17:426230>>>  Tank #3 Yellow AI Tank is checking targeting info...
<<<15:04:17:426230>>>  Tank #3 Yellow AI Tank increased launch speed one unit...
<<<15:04:17:442116>>>  Tank #2 Red AI Tank is checking targeting info...
<<<15:04:17:442116>>>  Tank #2 Red AI Tank Launch angle not within tolerances, adjusting firing solution...
<<<15:04:17:442116>>>  Tank #2 Red AI Tank Launch speed not within tolerances, adjusting firing solution...
<<<15:04:17:442116>>>  Tank #2 Red AI Tank adjusted targeting angle one unit CCW...
<<<15:04:17:442116>>>  Tank #3 Yellow AI Tank is checking targeting info...
<<<15:04:17:442116>>>  Tank #3 Yellow AI Tank increased launch speed one unit...
<<<15:04:17:458948>>>  Tank #2 Red AI Tank is checking targeting info...
<<<15:04:17:458948>>>  Tank #2 Red AI Tank Launch angle not within tolerances, adjusting firing solution...
<<<15:04:17:458948>>>  Tank #2 Red AI Tank Launch speed not within tolerances, adjusting firing solution...
<<<15:04:17:458948>>>  Tank #2 Red AI Tank adjusted targeting angle one unit CCW...
<<<15:04:17:458948>>>  Tank #3 Yellow AI Tank is checking targeting info...
<<<15:04:17:458948>>>  Tank #3 Yellow AI Tank increased launch speed one unit...
<<<15:04:17:474886>>>  Tank #2 Red AI Tank is checking targeting info...
<<<15:04:17:474886>>>  Tank #2 Red AI Tank Launch angle not within tolerances, adjusting firing solution...
<<<15:04:17:474886>>>  Tank #2 Red AI Tank Launch speed not within tolerances, adjusting firing solution...
<<<15:04:17:474886>>>  Tank #2 Red AI Tank adjusted targeting angle one unit CCW...
<<<15:04:17:474886>>>  Tank #3 Yellow AI Tank is checking targeting info...
<<<15:04:17:474886>>>  Tank #3 Yellow AI Tank increased launch speed one unit...
<<<15:04:17:491443>>>  Tank #2 Red AI Tank is checking targeting info...
<<<15:04:17:491443>>>  Tank #2 Red AI Tank Launch angle not within tolerances, adjusting firing solution...
<<<15:04:17:491443>>>  Tank #2 Red AI Tank Launch speed not within tolerances, adjusting firing solution...
<<<15:04:17:491443>>>  Tank #2 Red AI Tank adjusted targeting angle one unit CCW...
<<<15:04:17:491443>>>  Tank #3 Yellow AI Tank is checking targeting info...
<<<15:04:17:491443>>>  Tank #3 Yellow AI Tank increased launch speed one unit...
<<<15:04:17:507311>>>  Tank #2 Red AI Tank is checking targeting info...
<<<15:04:17:507311>>>  Tank #2 Red AI Tank Launch angle not within tolerances, adjusting firing solution...
<<<15:04:17:507311>>>  Tank #2 Red AI Tank Launch speed not within tolerances, adjusting firing solution...
<<<15:04:17:507311>>>  Tank #2 Red AI Tank adjusted targeting angle one unit CCW...
<<<15:04:17:507311>>>  Tank #3 Yellow AI Tank is checking targeting info...
<<<15:04:17:507311>>>  Tank #3 Yellow AI Tank increased launch speed one unit...
<<<15:04:17:522963>>>  Tank #2 Red AI Tank is checking targeting info...
<<<15:04:17:522963>>>  Tank #2 Red AI Tank Launch angle not within tolerances, adjusting firing solution...
<<<15:04:17:522963>>>  Tank #2 Red AI Tank Launch speed not within tolerances, adjusting firing solution...
<<<15:04:17:522963>>>  Tank #2 Red AI Tank adjusted targeting angle one unit CCW...
<<<15:04:17:522963>>>  Tank #3 Yellow AI Tank is checking targeting info...
<<<15:04:17:522963>>>  Tank #3 Yellow AI Tank increased launch speed one unit...
<<<15:04:17:539838>>>  Tank #2 Red AI Tank is checking targeting info...
<<<15:04:17:539838>>>  Tank #2 Red AI Tank Launch angle not within tolerances, adjusting firing solution...
<<<15:04:17:539838>>>  Tank #2 Red AI Tank Launch speed not within tolerances, adjusting firing solution...
<<<15:04:17:539838>>>  Tank #2 Red AI Tank adjusted targeting angle one unit CCW...
<<<15:04:17:539838>>>  Tank #3 Yellow AI Tank is checking targeting info...
<<<15:04:17:539838>>>  Tank #3 Yellow AI Tank increased launch speed one unit...
<<<15:04:17:556275>>>  Tank #2 Red AI Tank is checking targeting info...
<<<15:04:17:556275>>>  Tank #2 Red AI Tank Launch angle not within tolerances, adjusting firing solution...
<<<15:04:17:556275>>>  Tank #2 Red AI Tank Launch speed not within tolerances, adjusting firing solution...
<<<15:04:17:556275>>>  Tank #2 Red AI Tank adjusted targeting angle one unit CCW...
<<<15:04:17:556275>>>  Tank #3 Yellow AI Tank is checking targeting info...
<<<15:04:17:556275>>>  Tank #3 Yellow AI Tank increased launch speed one unit...
<<<15:04:17:572088>>>  Tank #2 Red AI Tank is checking targeting info...
<<<15:04:17:572088>>>  Tank #2 Red AI Tank Launch angle not within tolerances, adjusting firing solution...
<<<15:04:17:572088>>>  Tank #2 Red AI Tank Launch speed not within tolerances, adjusting firing solution...
<<<15:04:17:572088>>>  Tank #2 Red AI Tank adjusted targeting angle one unit CCW...
<<<15:04:17:572088>>>  Tank #3 Yellow AI Tank is checking targeting info...
<<<15:04:17:572088>>>  Tank #3 Yellow AI Tank increased launch speed one unit...
<<<15:04:17:588842>>>  Tank #2 Red AI Tank is checking targeting info...
<<<15:04:17:588842>>>  Tank #2 Red AI Tank Launch angle not within tolerances, adjusting firing solution...
<<<15:04:17:588842>>>  Tank #2 Red AI Tank Launch speed not within tolerances, adjusting firing solution...
<<<15:04:17:588842>>>  Tank #2 Red AI Tank adjusted targeting angle one unit CCW...
<<<15:04:17:588842>>>  Tank #3 Yellow AI Tank is checking targeting info...
<<<15:04:17:588842>>>  Tank #3 Yellow AI Tank increased launch speed one unit...
<<<15:04:17:605686>>>  Tank #2 Red AI Tank is checking targeting info...
<<<15:04:17:605686>>>  Tank #2 Red AI Tank Launch angle not within tolerances, adjusting firing solution...
<<<15:04:17:605686>>>  Tank #2 Red AI Tank Launch speed not within tolerances, adjusting firing solution...
<<<15:04:17:605686>>>  Tank #2 Red AI Tank adjusted targeting angle one unit CCW...
<<<15:04:17:605686>>>  Tank #3 Yellow AI Tank is checking targeting info...
<<<15:04:17:605686>>>  Tank #3 Yellow AI Tank increased launch speed one unit...
<<<15:04:17:622652>>>  Tank #2 Red AI Tank is checking targeting info...
<<<15:04:17:622652>>>  Tank #2 Red AI Tank Launch angle not within tolerances, adjusting firing solution...
<<<15:04:17:622652>>>  Tank #2 Red AI Tank Launch speed not within tolerances, adjusting firing solution...
<<<15:04:17:622652>>>  Tank #2 Red AI Tank adjusted targeting angle one unit CCW...
<<<15:04:17:622652>>>  Tank #3 Yellow AI Tank is checking targeting info...
<<<15:04:17:622652>>>  Tank #3 Yellow AI Tank increased launch speed one unit...
<<<15:04:17:638715>>>  Tank #2 Red AI Tank is checking targeting info...
<<<15:04:17:638715>>>  Tank #2 Red AI Tank Launch angle not within tolerances, adjusting firing solution...
<<<15:04:17:638715>>>  Tank #2 Red AI Tank Launch speed not within tolerances, adjusting firing solution...
<<<15:04:17:638715>>>  Tank #2 Red AI Tank adjusted targeting angle one unit CCW...
<<<15:04:17:638715>>>  Tank #3 Yellow AI Tank is checking targeting info...
<<<15:04:17:638715>>>  Tank #3 Yellow AI Tank increased launch speed one unit...
<<<15:04:17:655368>>>  Tank #2 Red AI Tank is checking targeting info...
<<<15:04:17:655368>>>  Tank #2 Red AI Tank Launch angle not within tolerances, adjusting firing solution...
<<<15:04:17:655368>>>  Tank #2 Red AI Tank Launch speed not within tolerances, adjusting firing solution...
<<<15:04:17:655368>>>  Tank #2 Red AI Tank adjusted targeting angle one unit CCW...
<<<15:04:17:655368>>>  Tank #3 Yellow AI Tank is checking targeting info...
<<<15:04:17:655368>>>  Tank #3 Yellow AI Tank increased launch speed one unit...
<<<15:04:17:670852>>>  Tank #2 Red AI Tank is checking targeting info...
<<<15:04:17:670852>>>  Tank #2 Red AI Tank Launch angle not within tolerances, adjusting firing solution...
<<<15:04:17:670852>>>  Tank #2 Red AI Tank Launch speed not within tolerances, adjusting firing solution...
<<<15:04:17:670852>>>  Tank #2 Red AI Tank adjusted targeting angle one unit CCW...
<<<15:04:17:670852>>>  Tank #3 Yellow AI Tank is checking targeting info...
<<<15:04:17:670852>>>  Tank #3 Yellow AI Tank increased launch speed one unit...
<<<15:04:17:687347>>>  Tank #2 Red AI Tank is checking targeting info...
<<<15:04:17:687347>>>  Tank #2 Red AI Tank increased launch speed one unit...
<<<15:04:17:687347>>>  Tank #3 Yellow AI Tank is checking targeting info...
<<<15:04:17:687347>>>  Tank #3 Yellow AI Tank increased launch speed one unit...
<<<15:04:17:703778>>>  Tank #2 Red AI Tank is checking targeting info...
<<<15:04:17:703778>>>  Tank #2 Red AI Tank increased launch speed one unit...
<<<15:04:17:703778>>>  Tank #3 Yellow AI Tank is checking targeting info...
<<<15:04:17:703778>>>  Tank #3 Yellow AI Tank increased launch speed one unit...
<<<15:04:17:719991>>>  Tank #2 Red AI Tank is checking targeting info...
<<<15:04:17:719991>>>  Tank #2 Red AI Tank increased launch speed one unit...
<<<15:04:17:719991>>>  Tank #3 Yellow AI Tank is checking targeting info...
<<<15:04:17:719991>>>  Tank #3 Yellow AI Tank firing solution within tolerances, not adjusting firing solution...
<<<15:04:17:719991>>>  Tank #3 Yellow AI Tank attempting to fire cannonball...
<<<15:04:17:737092>>>  Tank #2 Red AI Tank is checking targeting info...
<<<15:04:17:737092>>>  Tank #2 Red AI Tank increased launch speed one unit...
<<<15:04:17:737092>>>  Successfully removed spellready icon from Tank #3 Yellow AI Tank's effect list!
<<<15:04:18:046397>>>  Successfully removed spellbook from Tank #1 Green Player Tank's effect list!
<<<15:04:18:046397>>>  Successfully removed spellready icon from Tank #1 Green Player Tank's effect list!
<<<15:04:18:046397>>>  Deleting effect pixie portal-closing...
<<<15:04:20:745084>>>  Successfully removed spellbook from Tank #3 Yellow AI Tank's effect list!
<<<15:04:20:745084>>>  Tank #3 Yellow AI Tank chose to shoot...
<<<15:04:20:745084>>>  Tank #3 Yellow AI Tank chose to shoot...
<<<15:04:20:745084>>>  Tank #2 Red AI Tank is checking targeting info...
<<<15:04:20:745084>>>  Tank #2 Red AI Tank increased launch speed one unit...
<<<15:04:20:745084>>>  Tank #3 Yellow AI Tank is checking targeting info...
<<<15:04:20:745084>>>  Tank #3 Yellow AI Tank firing solution within tolerances, not adjusting firing solution...
<<<15:04:20:745084>>>  Tank #3 Yellow AI Tank attempting to fire cannonball...
<<<15:04:20:761136>>>  Tank #2 Red AI Tank is checking targeting info...
<<<15:04:20:761136>>>  Tank #2 Red AI Tank increased launch speed one unit...
<<<15:04:20:761136>>>  Tank #3 Yellow AI Tank chose to shoot...
<<<15:04:20:777566>>>  Tank #2 Red AI Tank is checking targeting info...
<<<15:04:20:777566>>>  Tank #2 Red AI Tank increased launch speed one unit...
<<<15:04:20:777566>>>  Tank #3 Yellow AI Tank is checking targeting info...
<<<15:04:20:777566>>>  Tank #3 Yellow AI Tank Launch angle not within tolerances, adjusting firing solution...
<<<15:04:20:777566>>>  Tank #3 Yellow AI Tank Launch speed not within tolerances, adjusting firing solution...
<<<15:04:20:777566>>>  Tank #3 Yellow AI Tank adjusted targeting angle one unit CW...
<<<15:04:20:794233>>>  Tank #2 Red AI Tank is checking targeting info...
<<<15:04:20:794233>>>  Tank #2 Red AI Tank increased launch speed one unit...
<<<15:04:20:794233>>>  Tank #3 Yellow AI Tank is checking targeting info...
<<<15:04:20:794233>>>  Tank #3 Yellow AI Tank Launch angle not within tolerances, adjusting firing solution...
<<<15:04:20:794233>>>  Tank #3 Yellow AI Tank Launch speed not within tolerances, adjusting firing solution...
<<<15:04:20:794233>>>  Tank #3 Yellow AI Tank adjusted targeting angle one unit CW...
<<<15:04:20:811335>>>  Tank #2 Red AI Tank is checking targeting info...
<<<15:04:20:811335>>>  Tank #2 Red AI Tank increased launch speed one unit...
<<<15:04:20:811335>>>  Tank #3 Yellow AI Tank is checking targeting info...
<<<15:04:20:811335>>>  Tank #3 Yellow AI Tank Launch angle not within tolerances, adjusting firing solution...
<<<15:04:20:811335>>>  Tank #3 Yellow AI Tank Launch speed not within tolerances, adjusting firing solution...
<<<15:04:20:811335>>>  Tank #3 Yellow AI Tank adjusted targeting angle one unit CW...
<<<15:04:20:827429>>>  Tank #2 Red AI Tank is checking targeting info...
<<<15:04:20:827429>>>  Tank #2 Red AI Tank increased launch speed one unit...
<<<15:04:20:827429>>>  Tank #3 Yellow AI Tank is checking targeting info...
<<<15:04:20:827429>>>  Tank #3 Yellow AI Tank Launch angle not within tolerances, adjusting firing solution...
<<<15:04:20:827429>>>  Tank #3 Yellow AI Tank Launch speed not within tolerances, adjusting firing solution...
<<<15:04:20:827429>>>  Tank #3 Yellow AI Tank adjusted targeting angle one unit CW...
<<<15:04:20:843412>>>  Tank #2 Red AI Tank is checking targeting info...
<<<15:04:20:843412>>>  Tank #2 Red AI Tank increased launch speed one unit...
<<<15:04:20:843412>>>  Tank #3 Yellow AI Tank is checking targeting info...
<<<15:04:20:843412>>>  Tank #3 Yellow AI Tank Launch angle not within tolerances, adjusting firing solution...
<<<15:04:20:843412>>>  Tank #3 Yellow AI Tank Launch speed not within tolerances, adjusting firing solution...
<<<15:04:20:843412>>>  Tank #3 Yellow AI Tank adjusted targeting angle one unit CW...
<<<15:04:20:860018>>>  Tank #2 Red AI Tank is checking targeting info...
<<<15:04:20:860018>>>  Tank #2 Red AI Tank increased launch speed one unit...
<<<15:04:20:860018>>>  Tank #3 Yellow AI Tank is checking targeting info...
<<<15:04:20:860018>>>  Tank #3 Yellow AI Tank Launch angle not within tolerances, adjusting firing solution...
<<<15:04:20:860018>>>  Tank #3 Yellow AI Tank Launch speed not within tolerances, adjusting firing solution...
<<<15:04:20:860018>>>  Tank #3 Yellow AI Tank adjusted targeting angle one unit CW...
<<<15:04:20:876035>>>  Tank #2 Red AI Tank is checking targeting info...
<<<15:04:20:876035>>>  Tank #2 Red AI Tank increased launch speed one unit...
<<<15:04:20:876035>>>  Tank #3 Yellow AI Tank is checking targeting info...
<<<15:04:20:876035>>>  Tank #3 Yellow AI Tank Launch angle not within tolerances, adjusting firing solution...
<<<15:04:20:876035>>>  Tank #3 Yellow AI Tank Launch speed not within tolerances, adjusting firing solution...
<<<15:04:20:876035>>>  Tank #3 Yellow AI Tank adjusted targeting angle one unit CW...
<<<15:04:20:892041>>>  Tank #2 Red AI Tank is checking targeting info...
<<<15:04:20:892041>>>  Tank #2 Red AI Tank increased launch speed one unit...
<<<15:04:20:892041>>>  Tank #3 Yellow AI Tank is checking targeting info...
<<<15:04:20:892041>>>  Tank #3 Yellow AI Tank Launch angle not within tolerances, adjusting firing solution...
<<<15:04:20:892041>>>  Tank #3 Yellow AI Tank Launch speed not within tolerances, adjusting firing solution...
<<<15:04:20:892041>>>  Tank #3 Yellow AI Tank adjusted targeting angle one unit CW...
<<<15:04:20:908726>>>  Tank #2 Red AI Tank is checking targeting info...
<<<15:04:20:908726>>>  Tank #2 Red AI Tank increased launch speed one unit...
<<<15:04:20:908726>>>  Tank #3 Yellow AI Tank is checking targeting info...
<<<15:04:20:908726>>>  Tank #3 Yellow AI Tank Launch angle not within tolerances, adjusting firing solution...
<<<15:04:20:908726>>>  Tank #3 Yellow AI Tank Launch speed not within tolerances, adjusting firing solution...
<<<15:04:20:908726>>>  Tank #3 Yellow AI Tank adjusted targeting angle one unit CW...
<<<15:04:20:925710>>>  Tank #2 Red AI Tank is checking targeting info...
<<<15:04:20:925710>>>  Tank #2 Red AI Tank increased launch speed one unit...
<<<15:04:20:925710>>>  Tank #3 Yellow AI Tank is checking targeting info...
<<<15:04:20:925710>>>  Tank #3 Yellow AI Tank Launch angle not within tolerances, adjusting firing solution...
<<<15:04:20:925710>>>  Tank #3 Yellow AI Tank Launch speed not within tolerances, adjusting firing solution...
<<<15:04:20:925710>>>  Tank #3 Yellow AI Tank adjusted targeting angle one unit CW...
<<<15:04:20:943410>>>  Tank #2 Red AI Tank is checking targeting info...
<<<15:04:20:943410>>>  Tank #2 Red AI Tank increased launch speed one unit...
<<<15:04:20:943410>>>  Tank #3 Yellow AI Tank is checking targeting info...
<<<15:04:20:943410>>>  Tank #3 Yellow AI Tank Launch angle not within tolerances, adjusting firing solution...
<<<15:04:20:943410>>>  Tank #3 Yellow AI Tank Launch speed not within tolerances, adjusting firing solution...
<<<15:04:20:943410>>>  Tank #3 Yellow AI Tank adjusted targeting angle one unit CW...
<<<15:04:20:958857>>>  Tank #2 Red AI Tank is checking targeting info...
<<<15:04:20:958857>>>  Tank #2 Red AI Tank increased launch speed one unit...
<<<15:04:20:958857>>>  Tank #3 Yellow AI Tank is checking targeting info...
<<<15:04:20:958857>>>  Tank #3 Yellow AI Tank Launch angle not within tolerances, adjusting firing solution...
<<<15:04:20:958857>>>  Tank #3 Yellow AI Tank Launch speed not within tolerances, adjusting firing solution...
<<<15:04:20:958857>>>  Tank #3 Yellow AI Tank adjusted targeting angle one unit CW...
<<<15:04:20:975820>>>  Tank #2 Red AI Tank is checking targeting info...
<<<15:04:20:975820>>>  Tank #2 Red AI Tank increased launch speed one unit...
<<<15:04:20:975820>>>  Tank #3 Yellow AI Tank is checking targeting info...
<<<15:04:20:975820>>>  Tank #3 Yellow AI Tank Launch angle not within tolerances, adjusting firing solution...
<<<15:04:20:975820>>>  Tank #3 Yellow AI Tank Launch speed not within tolerances, adjusting firing solution...
<<<15:04:20:975820>>>  Tank #3 Yellow AI Tank adjusted targeting angle one unit CW...
<<<15:04:20:992316>>>  Tank #2 Red AI Tank is checking targeting info...
<<<15:04:20:992316>>>  Tank #2 Red AI Tank increased launch speed one unit...
<<<15:04:20:992316>>>  Tank #3 Yellow AI Tank is checking targeting info...
<<<15:04:20:992316>>>  Tank #3 Yellow AI Tank Launch angle not within tolerances, adjusting firing solution...
<<<15:04:20:992316>>>  Tank #3 Yellow AI Tank Launch speed not within tolerances, adjusting firing solution...
<<<15:04:20:992316>>>  Tank #3 Yellow AI Tank adjusted targeting angle one unit CW...
<<<15:04:21:008611>>>  Tank #2 Red AI Tank is checking targeting info...
<<<15:04:21:008611>>>  Tank #2 Red AI Tank increased launch speed one unit...
<<<15:04:21:008611>>>  Tank #3 Yellow AI Tank is checking targeting info...
<<<15:04:21:008611>>>  Tank #3 Yellow AI Tank Launch angle not within tolerances, adjusting firing solution...
<<<15:04:21:008611>>>  Tank #3 Yellow AI Tank Launch speed not within tolerances, adjusting firing solution...
<<<15:04:21:008611>>>  Tank #3 Yellow AI Tank adjusted targeting angle one unit CW...
<<<15:04:21:025287>>>  Tank #2 Red AI Tank is checking targeting info...
<<<15:04:21:025287>>>  Tank #2 Red AI Tank increased launch speed one unit...
<<<15:04:21:025287>>>  Tank #3 Yellow AI Tank is checking targeting info...
<<<15:04:21:025287>>>  Tank #3 Yellow AI Tank Launch angle not within tolerances, adjusting firing solution...
<<<15:04:21:025287>>>  Tank #3 Yellow AI Tank Launch speed not within tolerances, adjusting firing solution...
<<<15:04:21:025287>>>  Tank #3 Yellow AI Tank adjusted targeting angle one unit CW...
<<<15:04:21:041341>>>  Tank #2 Red AI Tank is checking targeting info...
<<<15:04:21:041341>>>  Tank #2 Red AI Tank increased launch speed one unit...
<<<15:04:21:041341>>>  Tank #3 Yellow AI Tank is checking targeting info...
<<<15:04:21:041341>>>  Tank #3 Yellow AI Tank Launch angle not within tolerances, adjusting firing solution...
<<<15:04:21:041341>>>  Tank #3 Yellow AI Tank Launch speed not within tolerances, adjusting firing solution...
<<<15:04:21:041341>>>  Tank #3 Yellow AI Tank adjusted targeting angle one unit CW...
<<<15:04:21:057161>>>  Tank #2 Red AI Tank is checking targeting info...
<<<15:04:21:057161>>>  Tank #2 Red AI Tank increased launch speed one unit...
<<<15:04:21:057161>>>  Tank #3 Yellow AI Tank is checking targeting info...
<<<15:04:21:057161>>>  Tank #3 Yellow AI Tank Launch angle not within tolerances, adjusting firing solution...
<<<15:04:21:057161>>>  Tank #3 Yellow AI Tank Launch speed not within tolerances, adjusting firing solution...
<<<15:04:21:057161>>>  Tank #3 Yellow AI Tank adjusted targeting angle one unit CW...
<<<15:04:21:073932>>>  Tank #2 Red AI Tank is checking targeting info...
<<<15:04:21:073932>>>  Tank #2 Red AI Tank increased launch speed one unit...
<<<15:04:21:073932>>>  Tank #3 Yellow AI Tank is checking targeting info...
<<<15:04:21:073932>>>  Tank #3 Yellow AI Tank Launch angle not within tolerances, adjusting firing solution...
<<<15:04:21:073932>>>  Tank #3 Yellow AI Tank Launch speed not within tolerances, adjusting firing solution...
<<<15:04:21:073932>>>  Tank #3 Yellow AI Tank adjusted targeting angle one unit CW...
<<<15:04:21:089755>>>  Tank #2 Red AI Tank is checking targeting info...
<<<15:04:21:089755>>>  Tank #2 Red AI Tank increased launch speed one unit...
<<<15:04:21:089755>>>  Tank #3 Yellow AI Tank is checking targeting info...
<<<15:04:21:089755>>>  Tank #3 Yellow AI Tank Launch angle not within tolerances, adjusting firing solution...
<<<15:04:21:089755>>>  Tank #3 Yellow AI Tank Launch speed not within tolerances, adjusting firing solution...
<<<15:04:21:089755>>>  Tank #3 Yellow AI Tank adjusted targeting angle one unit CW...
<<<15:04:21:106233>>>  Deleting effect pixie thawing...
<<<15:04:21:106233>>>  Deleting effect pixie thawing...
<<<15:04:21:106233>>>  Tank #2 Red AI Tank is checking targeting info...
<<<15:04:21:106233>>>  Tank #2 Red AI Tank increased launch speed one unit...
<<<15:04:21:106233>>>  Tank #3 Yellow AI Tank is checking targeting info...
<<<15:04:21:106233>>>  Tank #3 Yellow AI Tank Launch angle not within tolerances, adjusting firing solution...
<<<15:04:21:106233>>>  Tank #3 Yellow AI Tank Launch speed not within tolerances, adjusting firing solution...
<<<15:04:21:106233>>>  Tank #3 Yellow AI Tank adjusted targeting angle one unit CW...
<<<15:04:21:122376>>>  Tank #2 Red AI Tank is checking targeting info...
<<<15:04:21:122376>>>  Tank #2 Red AI Tank increased launch speed one unit...
<<<15:04:21:122376>>>  Tank #3 Yellow AI Tank is checking targeting info...
<<<15:04:21:122376>>>  Tank #3 Yellow AI Tank Launch angle not within tolerances, adjusting firing solution...
<<<15:04:21:122376>>>  Tank #3 Yellow AI Tank Launch speed not within tolerances, adjusting firing solution...
<<<15:04:21:122376>>>  Tank #3 Yellow AI Tank adjusted targeting angle one unit CW...
<<<15:04:21:138710>>>  Tank #2 Red AI Tank is checking targeting info...
<<<15:04:21:138710>>>  Tank #2 Red AI Tank increased launch speed one unit...
<<<15:04:21:138710>>>  Tank #3 Yellow AI Tank is checking targeting info...
<<<15:04:21:138710>>>  Tank #3 Yellow AI Tank Launch angle not within tolerances, adjusting firing solution...
<<<15:04:21:138710>>>  Tank #3 Yellow AI Tank Launch speed not within tolerances, adjusting firing solution...
<<<15:04:21:138710>>>  Tank #3 Yellow AI Tank adjusted targeting angle one unit CW...
<<<15:04:21:155263>>>  Tank #2 Red AI Tank is checking targeting info...
<<<15:04:21:155263>>>  Tank #2 Red AI Tank increased launch speed one unit...
<<<15:04:21:155263>>>  Tank #3 Yellow AI Tank is checking targeting info...
<<<15:04:21:155263>>>  Tank #3 Yellow AI Tank Launch angle not within tolerances, adjusting firing solution...
<<<15:04:21:155263>>>  Tank #3 Yellow AI Tank Launch speed not within tolerances, adjusting firing solution...
<<<15:04:21:155263>>>  Tank #3 Yellow AI Tank adjusted targeting angle one unit CW...
<<<15:04:21:171352>>>  Tank #2 Red AI Tank is checking targeting info...
<<<15:04:21:171352>>>  Tank #2 Red AI Tank increased launch speed one unit...
<<<15:04:21:171352>>>  Tank #3 Yellow AI Tank is checking targeting info...
<<<15:04:21:171352>>>  Tank #3 Yellow AI Tank Launch angle not within tolerances, adjusting firing solution...
<<<15:04:21:171352>>>  Tank #3 Yellow AI Tank Launch speed not within tolerances, adjusting firing solution...
<<<15:04:21:171352>>>  Tank #3 Yellow AI Tank adjusted targeting angle one unit CW...
<<<15:04:21:188043>>>  Tank #2 Red AI Tank is checking targeting info...
<<<15:04:21:188043>>>  Tank #2 Red AI Tank increased launch speed one unit...
<<<15:04:21:188043>>>  Tank #3 Yellow AI Tank is checking targeting info...
<<<15:04:21:188043>>>  Tank #3 Yellow AI Tank Launch angle not within tolerances, adjusting firing solution...
<<<15:04:21:188043>>>  Tank #3 Yellow AI Tank Launch speed not within tolerances, adjusting firing solution...
<<<15:04:21:188043>>>  Tank #3 Yellow AI Tank adjusted targeting angle one unit CW...
<<<15:04:21:203986>>>  Tank #2 Red AI Tank is checking targeting info...
<<<15:04:21:203986>>>  Tank #2 Red AI Tank increased launch speed one unit...
<<<15:04:21:203986>>>  Tank #3 Yellow AI Tank is checking targeting info...
<<<15:04:21:203986>>>  Tank #3 Yellow AI Tank Launch angle not within tolerances, adjusting firing solution...
<<<15:04:21:203986>>>  Tank #3 Yellow AI Tank Launch speed not within tolerances, adjusting firing solution...
<<<15:04:21:203986>>>  Tank #3 Yellow AI Tank adjusted targeting angle one unit CW...
<<<15:04:21:220407>>>  Tank #2 Red AI Tank is checking targeting info...
<<<15:04:21:220407>>>  Tank #2 Red AI Tank increased launch speed one unit...
<<<15:04:21:220407>>>  Tank #3 Yellow AI Tank is checking targeting info...
<<<15:04:21:220407>>>  Tank #3 Yellow AI Tank Launch angle not within tolerances, adjusting firing solution...
<<<15:04:21:220407>>>  Tank #3 Yellow AI Tank Launch speed not within tolerances, adjusting firing solution...
<<<15:04:21:220407>>>  Tank #3 Yellow AI Tank adjusted targeting angle one unit CW...
<<<15:04:21:236636>>>  Tank #2 Red AI Tank is checking targeting info...
<<<15:04:21:236636>>>  Tank #2 Red AI Tank increased launch speed one unit...
<<<15:04:21:236636>>>  Tank #3 Yellow AI Tank is checking targeting info...
<<<15:04:21:236636>>>  Tank #3 Yellow AI Tank Launch angle not within tolerances, adjusting firing solution...
<<<15:04:21:236636>>>  Tank #3 Yellow AI Tank Launch speed not within tolerances, adjusting firing solution...
<<<15:04:21:236636>>>  Tank #3 Yellow AI Tank adjusted targeting angle one unit CW...
<<<15:04:21:253457>>>  Tank #2 Red AI Tank is checking targeting info...
<<<15:04:21:253457>>>  Tank #2 Red AI Tank increased launch speed one unit...
<<<15:04:21:253457>>>  Tank #3 Yellow AI Tank is checking targeting info...
<<<15:04:21:253457>>>  Tank #3 Yellow AI Tank Launch angle not within tolerances, adjusting firing solution...
<<<15:04:21:253457>>>  Tank #3 Yellow AI Tank Launch speed not within tolerances, adjusting firing solution...
<<<15:04:21:253457>>>  Tank #3 Yellow AI Tank adjusted targeting angle one unit CW...
<<<15:04:21:268759>>>  Tank #2 Red AI Tank is checking targeting info...
<<<15:04:21:269756>>>  Tank #2 Red AI Tank increased launch speed one unit...
<<<15:04:21:269756>>>  Tank #3 Yellow AI Tank is checking targeting info...
<<<15:04:21:269756>>>  Tank #3 Yellow AI Tank Launch angle not within tolerances, adjusting firing solution...
<<<15:04:21:269756>>>  Tank #3 Yellow AI Tank Launch speed not within tolerances, adjusting firing solution...
<<<15:04:21:269756>>>  Tank #3 Yellow AI Tank adjusted targeting angle one unit CW...
<<<15:04:21:284811>>>  Tank #2 Red AI Tank is checking targeting info...
<<<15:04:21:284811>>>  Tank #2 Red AI Tank increased launch speed one unit...
<<<15:04:21:284811>>>  Tank #3 Yellow AI Tank is checking targeting info...
<<<15:04:21:284811>>>  Tank #3 Yellow AI Tank Launch angle not within tolerances, adjusting firing solution...
<<<15:04:21:284811>>>  Tank #3 Yellow AI Tank Launch speed not within tolerances, adjusting firing solution...
<<<15:04:21:284811>>>  Tank #3 Yellow AI Tank adjusted targeting angle one unit CW...
<<<15:04:21:301228>>>  Tank #2 Red AI Tank is checking targeting info...
<<<15:04:21:301228>>>  Tank #2 Red AI Tank increased launch speed one unit...
<<<15:04:21:301228>>>  Tank #3 Yellow AI Tank is checking targeting info...
<<<15:04:21:301228>>>  Tank #3 Yellow AI Tank Launch angle not within tolerances, adjusting firing solution...
<<<15:04:21:301228>>>  Tank #3 Yellow AI Tank Launch speed not within tolerances, adjusting firing solution...
<<<15:04:21:301228>>>  Tank #3 Yellow AI Tank adjusted targeting angle one unit CW...
<<<15:04:21:317365>>>  Tank #2 Red AI Tank is checking targeting info...
<<<15:04:21:317365>>>  Tank #2 Red AI Tank increased launch speed one unit...
<<<15:04:21:317365>>>  Tank #3 Yellow AI Tank is checking targeting info...
<<<15:04:21:317365>>>  Tank #3 Yellow AI Tank Launch angle not within tolerances, adjusting firing solution...
<<<15:04:21:317365>>>  Tank #3 Yellow AI Tank Launch speed not within tolerances, adjusting firing solution...
<<<15:04:21:317365>>>  Tank #3 Yellow AI Tank adjusted targeting angle one unit CW...
<<<15:04:21:333200>>>  Tank #2 Red AI Tank is checking targeting info...
<<<15:04:21:333200>>>  Tank #2 Red AI Tank increased launch speed one unit...
<<<15:04:21:333200>>>  Tank #3 Yellow AI Tank is checking targeting info...
<<<15:04:21:333200>>>  Tank #3 Yellow AI Tank Launch angle not within tolerances, adjusting firing solution...
<<<15:04:21:333200>>>  Tank #3 Yellow AI Tank Launch speed not within tolerances, adjusting firing solution...
<<<15:04:21:333200>>>  Tank #3 Yellow AI Tank adjusted targeting angle one unit CW...
<<<15:04:21:348801>>>  Tank #2 Red AI Tank is checking targeting info...
<<<15:04:21:348801>>>  Tank #2 Red AI Tank increased launch speed one unit...
<<<15:04:21:348801>>>  Tank #3 Yellow AI Tank is checking targeting info...
<<<15:04:21:348801>>>  Tank #3 Yellow AI Tank Launch angle not within tolerances, adjusting firing solution...
<<<15:04:21:348801>>>  Tank #3 Yellow AI Tank Launch speed not within tolerances, adjusting firing solution...
<<<15:04:21:348801>>>  Tank #3 Yellow AI Tank adjusted targeting angle one unit CW...
<<<15:04:21:364942>>>  Tank #2 Red AI Tank is checking targeting info...
<<<15:04:21:364942>>>  Tank #2 Red AI Tank increased launch speed one unit...
<<<15:04:21:364942>>>  Tank #3 Yellow AI Tank is checking targeting info...
<<<15:04:21:364942>>>  Tank #3 Yellow AI Tank Launch angle not within tolerances, adjusting firing solution...
<<<15:04:21:364942>>>  Tank #3 Yellow AI Tank Launch speed not within tolerances, adjusting firing solution...
<<<15:04:21:364942>>>  Tank #3 Yellow AI Tank adjusted targeting angle one unit CW...
<<<15:04:21:380958>>>  Tank #2 Red AI Tank is checking targeting info...
<<<15:04:21:380958>>>  Tank #2 Red AI Tank firing solution within tolerances, not adjusting firing solution...
<<<15:04:21:380958>>>  Tank #2 Red AI Tank attempting to fire cannonball...
<<<15:04:21:380958>>>  Tank #3 Yellow AI Tank is checking targeting info...
<<<15:04:21:380958>>>  Tank #3 Yellow AI Tank Launch angle not within tolerances, adjusting firing solution...
<<<15:04:21:380958>>>  Tank #3 Yellow AI Tank Launch speed not within tolerances, adjusting firing solution...
<<<15:04:21:380958>>>  Tank #3 Yellow AI Tank adjusted targeting angle one unit CW...
<<<15:04:21:397191>>>
* *** Tank #2 Red AI Tank USING CLEAR SKIES FUNCTION ***
* Moon #2 at (10577.738950235418, -400.0350388791265), angle -0.03780056288446629 rads.
* Tank #2 Red AI Tank at (-6336.098995391274, 665.9508394781769), angle 3.0368728984701403.
* Angle Between is 3.0746734613546067 rads.
<<<15:04:21:397191>>>  Tank #2 Red AI Tank saw no celestials or cannonballs above their heads and is casting Gravity...
<<<15:04:21:397191>>>  Successfully removed spellready icon from Tank #2 Red AI Tank's effect list!
<<<15:04:21:397191>>>  Tank #3 Yellow AI Tank is checking targeting info...
<<<15:04:21:397191>>>  Tank #3 Yellow AI Tank Launch angle not within tolerances, adjusting firing solution...
<<<15:04:21:397191>>>  Tank #3 Yellow AI Tank Launch speed not within tolerances, adjusting firing solution...
<<<15:04:21:397191>>>  Tank #3 Yellow AI Tank adjusted targeting angle one unit CW...
<<<15:04:21:413020>>>  Tank #3 Yellow AI Tank is checking targeting info...
<<<15:04:21:413020>>>  Tank #3 Yellow AI Tank Launch angle not within tolerances, adjusting firing solution...
<<<15:04:21:413020>>>  Tank #3 Yellow AI Tank Launch speed not within tolerances, adjusting firing solution...
<<<15:04:21:413020>>>  Tank #3 Yellow AI Tank adjusted targeting angle one unit CW...
<<<15:04:21:429448>>>  Tank #3 Yellow AI Tank is checking targeting info...
<<<15:04:21:429448>>>  Tank #3 Yellow AI Tank Launch angle not within tolerances, adjusting firing solution...
<<<15:04:21:429448>>>  Tank #3 Yellow AI Tank Launch speed not within tolerances, adjusting firing solution...
<<<15:04:21:429448>>>  Tank #3 Yellow AI Tank adjusted targeting angle one unit CW...
<<<15:04:21:445213>>>  Tank #3 Yellow AI Tank is checking targeting info...
<<<15:04:21:445213>>>  Tank #3 Yellow AI Tank Launch angle not within tolerances, adjusting firing solution...
<<<15:04:21:445213>>>  Tank #3 Yellow AI Tank Launch speed not within tolerances, adjusting firing solution...
<<<15:04:21:445213>>>  Tank #3 Yellow AI Tank adjusted targeting angle one unit CW...
<<<15:04:21:461325>>>  Tank #3 Yellow AI Tank is checking targeting info...
<<<15:04:21:461325>>>  Tank #3 Yellow AI Tank Launch angle not within tolerances, adjusting firing solution...
<<<15:04:21:461325>>>  Tank #3 Yellow AI Tank Launch speed not within tolerances, adjusting firing solution...
<<<15:04:21:461325>>>  Tank #3 Yellow AI Tank adjusted targeting angle one unit CW...
<<<15:04:21:477237>>>  Tank #3 Yellow AI Tank is checking targeting info...
<<<15:04:21:477237>>>  Tank #3 Yellow AI Tank Launch angle not within tolerances, adjusting firing solution...
<<<15:04:21:477237>>>  Tank #3 Yellow AI Tank Launch speed not within tolerances, adjusting firing solution...
<<<15:04:21:477237>>>  Tank #3 Yellow AI Tank adjusted targeting angle one unit CW...
<<<15:04:21:492986>>>  Tank #3 Yellow AI Tank is checking targeting info...
<<<15:04:21:492986>>>  Tank #3 Yellow AI Tank Launch angle not within tolerances, adjusting firing solution...
<<<15:04:21:492986>>>  Tank #3 Yellow AI Tank Launch speed not within tolerances, adjusting firing solution...
<<<15:04:21:492986>>>  Tank #3 Yellow AI Tank adjusted targeting angle one unit CW...
<<<15:04:21:509817>>>  Tank #3 Yellow AI Tank is checking targeting info...
<<<15:04:21:509817>>>  Tank #3 Yellow AI Tank Launch angle not within tolerances, adjusting firing solution...
<<<15:04:21:509817>>>  Tank #3 Yellow AI Tank Launch speed not within tolerances, adjusting firing solution...
<<<15:04:21:509817>>>  Tank #3 Yellow AI Tank adjusted targeting angle one unit CW...
<<<15:04:21:526779>>>  Tank #3 Yellow AI Tank is checking targeting info...
<<<15:04:21:526779>>>  Tank #3 Yellow AI Tank Launch angle not within tolerances, adjusting firing solution...
<<<15:04:21:526779>>>  Tank #3 Yellow AI Tank Launch speed not within tolerances, adjusting firing solution...
<<<15:04:21:526779>>>  Tank #3 Yellow AI Tank adjusted targeting angle one unit CW...
<<<15:04:21:544020>>>  Tank #3 Yellow AI Tank is checking targeting info...
<<<15:04:21:544020>>>  Tank #3 Yellow AI Tank Launch angle not within tolerances, adjusting firing solution...
<<<15:04:21:544020>>>  Tank #3 Yellow AI Tank Launch speed not within tolerances, adjusting firing solution...
<<<15:04:21:544020>>>  Tank #3 Yellow AI Tank adjusted targeting angle one unit CW...
<<<15:04:21:561497>>>  Tank #3 Yellow AI Tank is checking targeting info...
<<<15:04:21:561497>>>  Tank #3 Yellow AI Tank Launch angle not within tolerances, adjusting firing solution...
<<<15:04:21:561497>>>  Tank #3 Yellow AI Tank Launch speed not within tolerances, adjusting firing solution...
<<<15:04:21:561497>>>  Tank #3 Yellow AI Tank adjusted targeting angle one unit CW...
<<<15:04:21:577174>>>  Tank #3 Yellow AI Tank is checking targeting info...
<<<15:04:21:577174>>>  Tank #3 Yellow AI Tank Launch angle not within tolerances, adjusting firing solution...
<<<15:04:21:577174>>>  Tank #3 Yellow AI Tank Launch speed not within tolerances, adjusting firing solution...
<<<15:04:21:577174>>>  Tank #3 Yellow AI Tank adjusted targeting angle one unit CW...
<<<15:04:21:592708>>>  Tank #3 Yellow AI Tank is checking targeting info...
<<<15:04:21:592708>>>  Tank #3 Yellow AI Tank Launch angle not within tolerances, adjusting firing solution...
<<<15:04:21:592708>>>  Tank #3 Yellow AI Tank Launch speed not within tolerances, adjusting firing solution...
<<<15:04:21:592708>>>  Tank #3 Yellow AI Tank adjusted targeting angle one unit CW...
<<<15:04:21:610029>>>
* INFORMATION FOR Tank #1 Green Player Tank's CANNONBALLS:
* Cannonballs in memory for Tank #1 Green Player Tank:  0.
* Total cannonballs fired or chambered for Tank #1 Green Player Tank:  0.
<<<15:04:21:610029>>>
* INFORMATION FOR Tank #2 Red AI Tank's CANNONBALLS:
* Cannonballs in memory for Tank #2 Red AI Tank:  1.
* Total cannonballs fired or chambered for Tank #2 Red AI Tank:  1.
<<<15:04:21:610029>>>
* CURRENT VALUES FOR CELESTIAL BODY:  Tank #2 Red AI Tank's Cannonball #1
* This is not the homeworld.
* The celestial boyd's density is 5515 kg/m^3.
* The celestial body's mass is 1000 kg.
* The Earth's mass is 5.972e+24 kg.
* The celestial body's radius is 0.001 km.
* The celestial body's coordinates are (-7359.854389589167, -256.8443657058076).
* The celestial body's velocity is (-6.508225142766367, -6.664829684805697).
* The celestial body's speed is 9.315414603569907 km/s.
* The celestial body's acceleration is (0.011890517770007207, 0.00031013010740720416).
* The celestial body's screen x and y coordinates are (696, 453).
* The celestial body's screen radius is 2.
* The celestial is using a body circle.
<<<15:04:21:610029>>>
* ADDITIONAL INFORMATION FOR Tank #2 Red AI Tank's Cannonball #1:
* This cannonball is active.
<<<15:04:21:610029>>>
* INFORMATION FOR Tank #3 Yellow AI Tank's CANNONBALLS:
* Cannonballs in memory for Tank #3 Yellow AI Tank:  3.
* Total cannonballs fired or chambered for Tank #3 Yellow AI Tank:  3.
<<<15:04:21:610029>>>
* CURRENT VALUES FOR CELESTIAL BODY:  Tank #3 Yellow AI Tank's Cannonball #1
* This is not the homeworld.
* The celestial boyd's density is 5515 kg/m^3.
* The celestial body's mass is 1000 kg.
* The Earth's mass is 5.972e+24 kg.
* The celestial body's radius is 0.001 km.
* The celestial body's coordinates are (16599.668632757668, 5125.741290702847).
* The celestial body's velocity is (2.1349626181778425, 3.1665931512359764).
* The celestial body's speed is 3.819080722696416 km/s.
* The celestial body's acceleration is (-0.0021370624423033466, -0.0006861341451228967).
* The celestial body's screen x and y coordinates are (1034, 377).
* The celestial body's screen radius is 10.
* The celestial is using a pix found at False.
<<<15:04:21:610029>>>
* ADDITIONAL INFORMATION FOR Tank #3 Yellow AI Tank's Cannonball #1:
* This cannonball is active.
* This ball is armed.
<<<15:04:21:610029>>>
* CURRENT VALUES FOR CELESTIAL BODY:  Tank #3 Yellow AI Tank's Cannonball #2
* This is not the homeworld.
* The celestial boyd's density is 5515 kg/m^3.
* The celestial body's mass is 1000 kg.
* The Earth's mass is 5.972e+24 kg.
* The celestial body's radius is 0.001 km.
* The celestial body's coordinates are (9632.059780202455, -1412.022078523077).
* The celestial body's velocity is (6.420988532556546, 3.812872017123816).
* The celestial body's speed is 7.467736387566751 km/s.
* The celestial body's acceleration is (-0.006390173166415854, 0.002122557602934276).
* The celestial body's screen x and y coordinates are (936, 469).
* The celestial body's screen radius is 2.
* The celestial is using a body circle.
<<<15:04:21:610029>>>
* ADDITIONAL INFORMATION FOR Tank #3 Yellow AI Tank's Cannonball #2:
* This cannonball is active.
<<<15:04:21:610029>>>
* CURRENT VALUES FOR CELESTIAL BODY:  Tank #3 Yellow AI Tank's Cannonball #3
* This is not the homeworld.
* The celestial boyd's density is 5515 kg/m^3.
* The celestial body's mass is 1000 kg.
* The Earth's mass is 5.972e+24 kg.
* The celestial body's radius is 0.001 km.
* The celestial body's coordinates are (5482.552125103156, -3151.4301098451306).
* The celestial body's velocity is (9.565773217855297, 2.484287971334091).
* The celestial body's speed is 9.883101941189969 km/s.
* The celestial body's acceleration is (0, 0).
* The celestial body's screen x and y coordinates are (877, 494).
* The celestial body's screen radius is 2.
* The celestial is using a body circle.
<<<15:04:21:610029>>>
* ADDITIONAL INFORMATION FOR Tank #3 Yellow AI Tank's Cannonball #3:
* This cannonball is chambered.
<<<15:04:21:610029>>>  Quit through pygame and writing log file...
