<<<11:22:24:632219>>>  Pix\Homeworlds\Tech\4.png loaded as pixie for Earth...
<<<11:22:24:632219>>>  Image at Pix\Homeworlds\Tech\4.png chosen as homeworld pix for Earth's...
<<<11:22:24:641290>>>  Pix\Moons\16.png loaded as pixie for Moon #2...
<<<11:22:24:716156>>>  Pix\Snails\Green_Snail\Spells\Spellready_Icon\spellready.png returned as pixie for Snail #1 Green Player...
<<<11:22:24:717152>>>  Pix\Magic\Scroll\scroll.png returned as pixie for Snail #1 Green Player...
<<<11:22:24:717152>>>  Snail #1 Green Player successfully created!
<<<11:22:24:788961>>>  Pix\Snails\Red_Snail\Spells\Spellready_Icon\spellready.png returned as pixie for Snail #2 Red Player...
<<<11:22:24:788961>>>  Pix\Magic\Scroll\scroll.png returned as pixie for Snail #2 Red Player...
<<<11:22:24:788961>>>  Snail #2 Red Player successfully created!
<<<11:22:24:922009>>>  Snail #1 Green Player chambered cannonball...
<<<11:22:24:922009>>>
* CURRENT VALUES FOR CELESTIAL BODY:  Snail #1 Green Player's Cannonball #1
* This is not the homeworld.
* The celestial boyd's density is 5515 kg/m^3.
* The celestial body's mass is 1000 kg.
* The Earth's mass is 5.972e+24 kg.
* The celestial body's radius is 0.001 km.
* The celestial body's coordinates are (3.9011123786838936e-13, 6371.0).
* The celestial body's velocity is (0.0001784401309299471, 5.592553872907528).
* The celestial body's speed is 5.592553875754249 km/s.
* The celestial body's acceleration is (0, 0).
* The celestial body's screen x and y coordinates are (768, 345).
* The celestial body's screen radius is 2.
* The celestial is using a body circle.
<<<11:22:24:922009>>>
* ADDITIONAL INFORMATION FOR Snail #1 Green Player's Cannonball #1:
* This cannonball is chambered.
<<<11:22:29:947603>>>
* INFORMATION FOR Snail #1 Green Player's CANNONBALLS:
* Cannonballs in memory for Snail #1 Green Player:  1.
* Total cannonballs fired or chambered for Snail #1 Green Player:  1.
<<<11:22:29:947603>>>
* CURRENT VALUES FOR CELESTIAL BODY:  Snail #1 Green Player's Cannonball #1
* This is not the homeworld.
* The celestial boyd's density is 5515 kg/m^3.
* The celestial body's mass is 1000 kg.
* The Earth's mass is 5.972e+24 kg.
* The celestial body's radius is 0.001 km.
* The celestial body's coordinates are (-24.83280324869779, 6428.970801029794).
* The celestial body's velocity is (0.0001784401309299471, 5.592553872907528).
* The celestial body's speed is 5.592553875754249 km/s.
* The celestial body's acceleration is (0, 0).
* The celestial body's screen x and y coordinates are (767, 344).
* The celestial body's screen radius is 2.
* The celestial is using a body circle.
<<<11:22:29:947603>>>
* ADDITIONAL INFORMATION FOR Snail #1 Green Player's Cannonball #1:
* This cannonball is chambered.
<<<11:22:29:947603>>>
* INFORMATION FOR Snail #2 Red Player's CANNONBALLS:
* Cannonballs in memory for Snail #2 Red Player:  0.
* Total cannonballs fired or chambered for Snail #2 Red Player:  0.
<<<11:22:29:947603>>>  Quit through pygame and writing log file...
