<<<17:09:13:313914>>>  Pix\Homeworlds\Tundra\6.png loaded as pixie for Earth...
<<<17:09:13:313914>>>  Image at Pix\Homeworlds\Tundra\6.png chosen as homeworld pix for Earth's...
<<<17:09:13:314911>>>  Pix\Moons\9.png loaded as pixie for Moon #2...
<<<17:09:13:388713>>>  Pix\Snails\Green_Snail\Spells\Spellready_Icon\spellready.png returned as pixie for Snail #1 Green Player...
<<<17:09:13:389711>>>  Pix\Magic\Scroll\scroll.png returned as pixie for Snail #1 Green Player...
<<<17:09:13:389711>>>  Snail #1 Green Player successfully created!
<<<17:09:13:461519>>>  Pix\Snails\Red_Snail\Spells\Spellready_Icon\spellready.png returned as pixie for Snail #2 Red Player...
<<<17:09:13:461519>>>  Pix\Magic\Scroll\scroll.png returned as pixie for Snail #2 Red Player...
<<<17:09:13:461519>>>  Snail #2 Red Player successfully created!
<<<17:09:13:711428>>>  Snail #1 Green Player chambered cannonball...
<<<17:09:13:711428>>>
* CURRENT VALUES FOR CELESTIAL BODY:  Snail #1 Green Player's Cannonball #1
* This is not the homeworld.
* The celestial boyd's density is 5515 kg/m^3.
* The celestial body's mass is 1000 kg.
* The Earth's mass is 5.972e+24 kg.
* The celestial body's radius is 0.001 km.
* The celestial body's coordinates are (3.9011123786838936e-13, 6371.0).
* The celestial body's velocity is (0.0014638118244028717, 5.595312085273152).
* The celestial body's speed is 5.595312276749962 km/s.
* The celestial body's acceleration is (0, 0).
* The celestial body's screen x and y coordinates are (768, 345).
* The celestial body's screen radius is 2.
* The celestial is using a body circle.
<<<17:09:13:711428>>>
* ADDITIONAL INFORMATION FOR Snail #1 Green Player's Cannonball #1:
* This cannonball is chambered.
<<<17:09:49:663870>>>  Snail #1 Green Player's Cannonball #1 explosion timer has expired, marked for removal...
<<<17:09:50:928247>>>  Snail #1 Green Player chambered cannonball...
<<<17:09:50:928247>>>
* CURRENT VALUES FOR CELESTIAL BODY:  Snail #1 Green Player's Cannonball #2
* This is not the homeworld.
* The celestial boyd's density is 5515 kg/m^3.
* The celestial body's mass is 1000 kg.
* The Earth's mass is 5.972e+24 kg.
* The celestial body's radius is 0.001 km.
* The celestial body's coordinates are (3.9011123786838936e-13, 6371.0).
* The celestial body's velocity is (-8.054235911251242, 5.030428013402297).
* The celestial body's speed is 9.496100363418222 km/s.
* The celestial body's acceleration is (0, 0).
* The celestial body's screen x and y coordinates are (768, 345).
* The celestial body's screen radius is 2.
* The celestial is using a body circle.
<<<17:09:50:928247>>>
* ADDITIONAL INFORMATION FOR Snail #1 Green Player's Cannonball #2:
* This cannonball is chambered.
<<<17:10:08:141841>>>  Snail #2 Red Player has been hit by Snail #1 Green Player's Cannonball #2!
<<<17:10:08:141841>>>  Snail #2 Red Player is dying!
<<<17:10:08:158227>>>  Snail #2 Red Player has been hit by Snail #1 Green Player's Cannonball #2!
<<<17:10:08:175406>>>  Snail #2 Red Player has been hit by Snail #1 Green Player's Cannonball #2!
<<<17:10:08:191934>>>  Snail #2 Red Player has been hit by Snail #1 Green Player's Cannonball #2!
<<<17:10:08:208254>>>  Snail #2 Red Player has been hit by Snail #1 Green Player's Cannonball #2!
<<<17:10:08:224860>>>  Snail #2 Red Player has been hit by Snail #1 Green Player's Cannonball #2!
<<<17:10:08:241335>>>  Snail #2 Red Player has been hit by Snail #1 Green Player's Cannonball #2!
<<<17:10:08:258638>>>  Snail #2 Red Player has been hit by Snail #1 Green Player's Cannonball #2!
<<<17:10:08:275148>>>  Snail #2 Red Player has been hit by Snail #1 Green Player's Cannonball #2!
<<<17:10:08:292468>>>  Snail #2 Red Player has been hit by Snail #1 Green Player's Cannonball #2!
<<<17:10:08:309766>>>  Snail #2 Red Player has been hit by Snail #1 Green Player's Cannonball #2!
<<<17:10:08:326202>>>  Snail #2 Red Player has been hit by Snail #1 Green Player's Cannonball #2!
<<<17:10:08:342336>>>  Snail #2 Red Player has been hit by Snail #1 Green Player's Cannonball #2!
<<<17:10:08:359714>>>  Snail #2 Red Player has been hit by Snail #1 Green Player's Cannonball #2!
<<<17:10:08:375672>>>  Snail #2 Red Player has been hit by Snail #1 Green Player's Cannonball #2!
<<<17:10:08:391627>>>  Snail #2 Red Player has been hit by Snail #1 Green Player's Cannonball #2!
<<<17:10:08:407585>>>  Snail #2 Red Player has been hit by Snail #1 Green Player's Cannonball #2!
<<<17:10:08:423543>>>  Snail #2 Red Player has been hit by Snail #1 Green Player's Cannonball #2!
<<<17:10:08:440498>>>  Snail #2 Red Player has been hit by Snail #1 Green Player's Cannonball #2!
<<<17:10:08:456456>>>  Snail #2 Red Player has been hit by Snail #1 Green Player's Cannonball #2!
<<<17:10:08:473410>>>  Snail #2 Red Player has been hit by Snail #1 Green Player's Cannonball #2!
<<<17:10:08:490364>>>  Snail #2 Red Player has been hit by Snail #1 Green Player's Cannonball #2!
<<<17:10:08:515296>>>  Snail #2 Red Player has been hit by Snail #1 Green Player's Cannonball #2!
<<<17:10:08:532251>>>  Snail #2 Red Player has been hit by Snail #1 Green Player's Cannonball #2!
<<<17:10:08:549208>>>  Snail #2 Red Player has been hit by Snail #1 Green Player's Cannonball #2!
<<<17:10:08:566174>>>  Snail #2 Red Player has been hit by Snail #1 Green Player's Cannonball #2!
<<<17:10:08:583116>>>  Snail #2 Red Player has been hit by Snail #1 Green Player's Cannonball #2!
<<<17:10:08:600070>>>  Snail #2 Red Player has been hit by Snail #1 Green Player's Cannonball #2!
<<<17:10:08:616027>>>  Snail #2 Red Player has been hit by Snail #1 Green Player's Cannonball #2!
<<<17:10:08:632982>>>  Snail #2 Red Player has been hit by Snail #1 Green Player's Cannonball #2!
<<<17:10:08:648939>>>  Snail #2 Red Player has been hit by Snail #1 Green Player's Cannonball #2!
<<<17:10:08:664896>>>  Snail #2 Red Player has been hit by Snail #1 Green Player's Cannonball #2!
<<<17:10:08:680855>>>  Snail #2 Red Player has been hit by Snail #1 Green Player's Cannonball #2!
<<<17:10:08:697809>>>  Snail #2 Red Player has been hit by Snail #1 Green Player's Cannonball #2!
<<<17:10:08:713766>>>  Snail #2 Red Player has been hit by Snail #1 Green Player's Cannonball #2!
<<<17:10:08:730721>>>  Snail #2 Red Player has been hit by Snail #1 Green Player's Cannonball #2!
<<<17:10:08:747675>>>  Snail #2 Red Player has been hit by Snail #1 Green Player's Cannonball #2!
<<<17:10:08:764630>>>  Snail #2 Red Player has been hit by Snail #1 Green Player's Cannonball #2!
<<<17:10:08:780588>>>  Snail #2 Red Player has been hit by Snail #1 Green Player's Cannonball #2!
<<<17:10:08:796545>>>  Snail #2 Red Player has been hit by Snail #1 Green Player's Cannonball #2!
<<<17:10:08:812503>>>  Snail #2 Red Player has been hit by Snail #1 Green Player's Cannonball #2!
<<<17:10:08:829457>>>  Snail #2 Red Player has been hit by Snail #1 Green Player's Cannonball #2!
<<<17:10:08:845922>>>  Snail #2 Red Player has been hit by Snail #1 Green Player's Cannonball #2!
<<<17:10:08:861880>>>  Snail #2 Red Player has been hit by Snail #1 Green Player's Cannonball #2!
<<<17:10:08:877874>>>  Snail #2 Red Player has been hit by Snail #1 Green Player's Cannonball #2!
<<<17:10:08:894791>>>  Snail #2 Red Player has been hit by Snail #1 Green Player's Cannonball #2!
<<<17:10:08:910749>>>  Snail #2 Red Player has been hit by Snail #1 Green Player's Cannonball #2!
<<<17:10:08:926705>>>  Snail #2 Red Player has been hit by Snail #1 Green Player's Cannonball #2!
<<<17:10:08:942732>>>  Snail #2 Red Player has been hit by Snail #1 Green Player's Cannonball #2!
<<<17:10:08:958686>>>  Snail #2 Red Player has been hit by Snail #1 Green Player's Cannonball #2!
<<<17:10:08:974617>>>  Snail #2 Red Player has been hit by Snail #1 Green Player's Cannonball #2!
<<<17:10:08:990601>>>  Snail #2 Red Player has been hit by Snail #1 Green Player's Cannonball #2!
<<<17:10:09:006529>>>  Snail #2 Red Player has been hit by Snail #1 Green Player's Cannonball #2!
<<<17:10:09:022486>>>  Snail #2 Red Player has been hit by Snail #1 Green Player's Cannonball #2!
<<<17:10:09:039472>>>  Snail #2 Red Player has been hit by Snail #1 Green Player's Cannonball #2!
<<<17:10:09:055995>>>  Snail #2 Red Player has been hit by Snail #1 Green Player's Cannonball #2!
<<<17:10:09:071958>>>  Snail #2 Red Player has been hit by Snail #1 Green Player's Cannonball #2!
<<<17:10:09:088882>>>  Snail #2 Red Player has been hit by Snail #1 Green Player's Cannonball #2!
<<<17:10:09:104871>>>  Snail #2 Red Player has been hit by Snail #1 Green Player's Cannonball #2!
<<<17:10:09:120793>>>  Snail #2 Red Player has been hit by Snail #1 Green Player's Cannonball #2!
<<<17:10:09:136783>>>  Snail #2 Red Player has been hit by Snail #1 Green Player's Cannonball #2!
<<<17:10:09:152744>>>  Snail #2 Red Player has been hit by Snail #1 Green Player's Cannonball #2!
<<<17:10:09:168700>>>  Snail #2 Red Player has been hit by Snail #1 Green Player's Cannonball #2!
<<<17:10:09:184657>>>  Snail #2 Red Player has been hit by Snail #1 Green Player's Cannonball #2!
<<<17:10:09:200615>>>  Snail #2 Red Player has been hit by Snail #1 Green Player's Cannonball #2!
<<<17:10:09:216573>>>  Snail #2 Red Player has been hit by Snail #1 Green Player's Cannonball #2!
<<<17:10:09:232529>>>  Snail #2 Red Player has been hit by Snail #1 Green Player's Cannonball #2!
<<<17:10:09:249126>>>  Snail #2 Red Player has been hit by Snail #1 Green Player's Cannonball #2!
<<<17:10:09:266085>>>  Snail #2 Red Player has been hit by Snail #1 Green Player's Cannonball #2!
<<<17:10:09:283075>>>  Snail #2 Red Player has been hit by Snail #1 Green Player's Cannonball #2!
<<<17:10:09:299000>>>  Snail #2 Red Player has been hit by Snail #1 Green Player's Cannonball #2!
<<<17:10:09:314987>>>  Snail #2 Red Player has been hit by Snail #1 Green Player's Cannonball #2!
<<<17:10:09:330980>>>  Snail #2 Red Player has been hit by Snail #1 Green Player's Cannonball #2!
<<<17:10:09:346937>>>  Snail #2 Red Player has been hit by Snail #1 Green Player's Cannonball #2!
<<<17:10:09:362894>>>  Snail #2 Red Player has been hit by Snail #1 Green Player's Cannonball #2!
<<<17:10:09:378851>>>  Snail #2 Red Player has been hit by Snail #1 Green Player's Cannonball #2!
<<<17:10:09:394809>>>  Snail #2 Red Player has been hit by Snail #1 Green Player's Cannonball #2!
<<<17:10:09:394809>>>  Snail #2 Red Player had died :(
<<<17:10:09:394809>>>  Snail #2 Red Player being destroyed...
<<<17:10:09:394809>>>  Tank successfully destroyed!
<<<17:10:09:411764>>>
* INFORMATION FOR Snail #1 Green Player's CANNONBALLS:
* Cannonballs in memory for Snail #1 Green Player:  1.
* Total cannonballs fired or chambered for Snail #1 Green Player:  2.
<<<17:10:09:411764>>>
* CURRENT VALUES FOR CELESTIAL BODY:  Snail #1 Green Player's Cannonball #2
* This is not the homeworld.
* The celestial boyd's density is 5515 kg/m^3.
* The celestial body's mass is 1000 kg.
* The Earth's mass is 5.972e+24 kg.
* The celestial body's radius is 688.1590898692607 km.
* The celestial body's coordinates are (132.38484768794302, -6369.62442001902).
* The celestial body's velocity is (7.575895111064079, 14.579989730934136).
* The celestial body's speed is 16.43077257124538 km/s.
* The celestial body's acceleration is (-0.0001939248546420752, 0.009823974337697855).
* The celestial body's screen x and y coordinates are (769, 518).
* The celestial body's screen radius is 9.
* The celestial is using a body circle.
<<<17:10:09:411764>>>
* ADDITIONAL INFORMATION FOR Snail #1 Green Player's Cannonball #2:
* This cannonball is active.
* This cannonball is exploding!
<<<17:10:09:411764>>>  Quit through pygame and writing log file...
