<<<16:12:23:161373>>>
* Screen coordinates (1434, 851) choosen in zone #5.
* Screen dimensions are 1600 wide by 900 high.
* Minimum (x, y) are (1333, 750).
* Maximum (x, y) are (1600, 900).
* Mid (x, y) are (1466, 825).
<<<16:12:23:161373>>>  Image at Pix\Faraway_Objects\Comets\5.png choosen for background...
<<<16:12:23:165558>>>  Pix\Homeworlds\Forest\9.png loaded as pixie for Earth and scaled to body circle...
<<<16:12:23:165558>>>  Image at Pix\Homeworlds\Forest\9.png chosen as homeworld pix for Earth's...
<<<16:12:23:165558>>>  Pix\Moons\7.png loaded as pixie for Moon #2 and scaled to body circle...
<<<16:12:23:199567>>>  Tank #1 Green Player Tank successfully created!
<<<16:12:23:236201>>>  Tank #2 Red AI Tank successfully created!
<<<16:12:23:240956>>>
* *** Tank #2 Red AI Tank USING CLEAR SKIES FUNCTION ***
* Moon #2 at (4403.52485941801, 11956.744885561364), angle 1.2179231542334894 rads.
* Tank #2 Red AI Tank at (-1.170333713605168e-12, -6371.0), angle 4.71238898038469.
* Angle Between is 2.7887194810283855 rads.
<<<16:12:23:240956>>>  Tank #2 Red AI Tank saw no celestials or cannonballs above their heads and is casting Gravity...
<<<16:12:29:893744>>>  Tank #2 Red AI Tank chose to move to 4.1671, cururently at 4.7124.
<<<16:12:29:893744>>>  Tank #2 Red AI Tank moved one unit CW...
<<<16:12:29:893744>>>  Tank #2 Red AI Tank chose to move...
<<<16:12:29:893744>>>  Deleting effect pixie gravity...
<<<16:12:29:894741>>>  Tank #2 Red AI Tank moved one unit CW...
<<<16:12:31:225506>>>  Tank #2 Red AI Tank moved one unit CW...
<<<16:12:31:356480>>>  Tank #2 Red AI Tank moved one unit CW...
<<<16:12:31:487175>>>  Tank #2 Red AI Tank moved one unit CW...
<<<16:12:31:584880>>>  Deleting effect pixie Tank #2 Red AI Tank thawing...
<<<16:12:31:616691>>>  Tank #2 Red AI Tank moved one unit CW...
<<<16:12:31:746193>>>  Tank #2 Red AI Tank moved one unit CW...
<<<16:12:31:876299>>>  Tank #2 Red AI Tank moved one unit CW...
<<<16:12:32:012475>>>  Tank #2 Red AI Tank moved one unit CW...
<<<16:12:32:145613>>>  Tank #2 Red AI Tank moved one unit CW...
<<<16:12:32:278503>>>  Tank #2 Red AI Tank moved one unit CW...
<<<16:12:32:412521>>>  Tank #2 Red AI Tank moved one unit CW...
<<<16:12:32:544930>>>  Tank #2 Red AI Tank moved one unit CW...
<<<16:12:32:679766>>>  Tank #2 Red AI Tank moved one unit CW...
<<<16:12:32:812615>>>  Tank #2 Red AI Tank moved one unit CW...
<<<16:12:32:945604>>>  Tank #2 Red AI Tank moved one unit CW...
<<<16:12:33:077695>>>  Tank #2 Red AI Tank moved one unit CW...
<<<16:12:33:211495>>>  Tank #2 Red AI Tank moved one unit CW...
<<<16:12:33:345270>>>  Tank #2 Red AI Tank moved one unit CW...
<<<16:12:33:477014>>>  Tank #2 Red AI Tank moved one unit CW...
<<<16:12:33:610631>>>  Tank #2 Red AI Tank moved one unit CW...
<<<16:12:33:744675>>>  Tank #2 Red AI Tank moved one unit CW...
<<<16:12:33:878654>>>  Tank #2 Red AI Tank moved one unit CW...
<<<16:12:34:009234>>>  Tank #2 Red AI Tank moved one unit CW...
<<<16:12:34:143092>>>  Tank #2 Red AI Tank moved one unit CW...
<<<16:12:34:279141>>>  Tank #2 Red AI Tank moved one unit CW...
<<<16:12:34:408471>>>  Tank #2 Red AI Tank moved one unit CW...
<<<16:12:34:539081>>>  Tank #2 Red AI Tank moved one unit CW...
<<<16:12:34:671033>>>  Tank #2 Red AI Tank moved one unit CW...
<<<16:12:34:802097>>>  Tank #2 Red AI Tank moved one unit CW...
<<<16:12:34:935728>>>  Tank #2 Red AI Tank moved one unit CW...
<<<16:12:35:197030>>>  Tank #2 Red AI Tank chose to shoot...
<<<16:12:35:328703>>>  Tank #2 Red AI Tank is checking targeting info...
<<<16:12:35:328703>>>  Tank #2 Red AI Tank Launch angle not within tolerances, adjusting firing solution...
<<<16:12:35:328703>>>  Tank #2 Red AI Tank Launch speed not within tolerances, adjusting firing solution...
<<<16:12:35:328703>>>  Tank #2 Red AI Tank adjusted targeting angle one unit CW...
<<<16:12:35:461026>>>  Tank #2 Red AI Tank is checking targeting info...
<<<16:12:35:461026>>>  Tank #2 Red AI Tank Launch angle not within tolerances, adjusting firing solution...
<<<16:12:35:461026>>>  Tank #2 Red AI Tank Launch speed not within tolerances, adjusting firing solution...
<<<16:12:35:461026>>>  Tank #2 Red AI Tank adjusted targeting angle one unit CW...
<<<16:12:35:592902>>>  Tank #2 Red AI Tank is checking targeting info...
<<<16:12:35:592902>>>  Tank #2 Red AI Tank Launch angle not within tolerances, adjusting firing solution...
<<<16:12:35:592902>>>  Tank #2 Red AI Tank Launch speed not within tolerances, adjusting firing solution...
<<<16:12:35:592902>>>  Tank #2 Red AI Tank adjusted targeting angle one unit CW...
<<<16:12:35:725201>>>  Tank #2 Red AI Tank is checking targeting info...
<<<16:12:35:725201>>>  Tank #2 Red AI Tank Launch angle not within tolerances, adjusting firing solution...
<<<16:12:35:725201>>>  Tank #2 Red AI Tank Launch speed not within tolerances, adjusting firing solution...
<<<16:12:35:725201>>>  Tank #2 Red AI Tank adjusted targeting angle one unit CW...
<<<16:12:35:855870>>>  Tank #2 Red AI Tank is checking targeting info...
<<<16:12:35:855870>>>  Tank #2 Red AI Tank Launch angle not within tolerances, adjusting firing solution...
<<<16:12:35:855870>>>  Tank #2 Red AI Tank Launch speed not within tolerances, adjusting firing solution...
<<<16:12:35:855870>>>  Tank #2 Red AI Tank adjusted targeting angle one unit CW...
<<<16:12:35:988310>>>  Tank #2 Red AI Tank is checking targeting info...
<<<16:12:35:988310>>>  Tank #2 Red AI Tank Launch angle not within tolerances, adjusting firing solution...
<<<16:12:35:988310>>>  Tank #2 Red AI Tank Launch speed not within tolerances, adjusting firing solution...
<<<16:12:35:988310>>>  Tank #2 Red AI Tank adjusted targeting angle one unit CW...
<<<16:12:36:120794>>>  Tank #2 Red AI Tank is checking targeting info...
<<<16:12:36:120794>>>  Tank #2 Red AI Tank Launch angle not within tolerances, adjusting firing solution...
<<<16:12:36:120794>>>  Tank #2 Red AI Tank Launch speed not within tolerances, adjusting firing solution...
<<<16:12:36:120794>>>  Tank #2 Red AI Tank adjusted targeting angle one unit CW...
<<<16:12:36:250723>>>  Tank #2 Red AI Tank is checking targeting info...
<<<16:12:36:250723>>>  Tank #2 Red AI Tank Launch angle not within tolerances, adjusting firing solution...
<<<16:12:36:250723>>>  Tank #2 Red AI Tank Launch speed not within tolerances, adjusting firing solution...
<<<16:12:36:250723>>>  Tank #2 Red AI Tank adjusted targeting angle one unit CW...
<<<16:12:36:380037>>>  Tank #2 Red AI Tank is checking targeting info...
<<<16:12:36:380037>>>  Tank #2 Red AI Tank Launch angle not within tolerances, adjusting firing solution...
<<<16:12:36:380037>>>  Tank #2 Red AI Tank Launch speed not within tolerances, adjusting firing solution...
<<<16:12:36:380037>>>  Tank #2 Red AI Tank adjusted targeting angle one unit CW...
<<<16:12:36:513486>>>  Tank #2 Red AI Tank is checking targeting info...
<<<16:12:36:513486>>>  Tank #2 Red AI Tank Launch angle not within tolerances, adjusting firing solution...
<<<16:12:36:513486>>>  Tank #2 Red AI Tank Launch speed not within tolerances, adjusting firing solution...
<<<16:12:36:513486>>>  Tank #2 Red AI Tank adjusted targeting angle one unit CW...
<<<16:12:36:645765>>>  Tank #2 Red AI Tank is checking targeting info...
<<<16:12:36:645765>>>  Tank #2 Red AI Tank Launch angle not within tolerances, adjusting firing solution...
<<<16:12:36:645765>>>  Tank #2 Red AI Tank Launch speed not within tolerances, adjusting firing solution...
<<<16:12:36:645765>>>  Tank #2 Red AI Tank adjusted targeting angle one unit CW...
<<<16:12:36:778206>>>  Tank #2 Red AI Tank is checking targeting info...
<<<16:12:36:778206>>>  Tank #2 Red AI Tank Launch angle not within tolerances, adjusting firing solution...
<<<16:12:36:778206>>>  Tank #2 Red AI Tank Launch speed not within tolerances, adjusting firing solution...
<<<16:12:36:778206>>>  Tank #2 Red AI Tank adjusted targeting angle one unit CW...
<<<16:12:36:910339>>>  Tank #2 Red AI Tank is checking targeting info...
<<<16:12:36:910339>>>  Tank #2 Red AI Tank Launch angle not within tolerances, adjusting firing solution...
<<<16:12:36:910339>>>  Tank #2 Red AI Tank Launch speed not within tolerances, adjusting firing solution...
<<<16:12:36:910339>>>  Tank #2 Red AI Tank adjusted targeting angle one unit CW...
<<<16:12:37:041765>>>  Tank #2 Red AI Tank is checking targeting info...
<<<16:12:37:041765>>>  Tank #2 Red AI Tank Launch angle not within tolerances, adjusting firing solution...
<<<16:12:37:041765>>>  Tank #2 Red AI Tank Launch speed not within tolerances, adjusting firing solution...
<<<16:12:37:041765>>>  Tank #2 Red AI Tank adjusted targeting angle one unit CW...
<<<16:12:37:172247>>>  Tank #2 Red AI Tank is checking targeting info...
<<<16:12:37:172247>>>  Tank #2 Red AI Tank Launch angle not within tolerances, adjusting firing solution...
<<<16:12:37:172247>>>  Tank #2 Red AI Tank Launch speed not within tolerances, adjusting firing solution...
<<<16:12:37:172247>>>  Tank #2 Red AI Tank adjusted targeting angle one unit CW...
<<<16:12:37:304563>>>  Tank #2 Red AI Tank is checking targeting info...
<<<16:12:37:304563>>>  Tank #2 Red AI Tank Launch angle not within tolerances, adjusting firing solution...
<<<16:12:37:304563>>>  Tank #2 Red AI Tank Launch speed not within tolerances, adjusting firing solution...
<<<16:12:37:304563>>>  Tank #2 Red AI Tank adjusted targeting angle one unit CW...
<<<16:12:37:435157>>>  Tank #2 Red AI Tank is checking targeting info...
<<<16:12:37:435157>>>  Tank #2 Red AI Tank Launch angle not within tolerances, adjusting firing solution...
<<<16:12:37:435157>>>  Tank #2 Red AI Tank Launch speed not within tolerances, adjusting firing solution...
<<<16:12:37:435157>>>  Tank #2 Red AI Tank adjusted targeting angle one unit CW...
<<<16:12:37:568242>>>  Tank #2 Red AI Tank is checking targeting info...
<<<16:12:37:568242>>>  Tank #2 Red AI Tank Launch angle not within tolerances, adjusting firing solution...
<<<16:12:37:568242>>>  Tank #2 Red AI Tank Launch speed not within tolerances, adjusting firing solution...
<<<16:12:37:568242>>>  Tank #2 Red AI Tank adjusted targeting angle one unit CW...
<<<16:12:37:698919>>>  Tank #2 Red AI Tank is checking targeting info...
<<<16:12:37:698919>>>  Tank #2 Red AI Tank Launch angle not within tolerances, adjusting firing solution...
<<<16:12:37:698919>>>  Tank #2 Red AI Tank Launch speed not within tolerances, adjusting firing solution...
<<<16:12:37:698919>>>  Tank #2 Red AI Tank adjusted targeting angle one unit CW...
<<<16:12:37:828747>>>  Tank #2 Red AI Tank is checking targeting info...
<<<16:12:37:828747>>>  Tank #2 Red AI Tank Launch angle not within tolerances, adjusting firing solution...
<<<16:12:37:828747>>>  Tank #2 Red AI Tank Launch speed not within tolerances, adjusting firing solution...
<<<16:12:37:828747>>>  Tank #2 Red AI Tank adjusted targeting angle one unit CW...
<<<16:12:37:960327>>>  Tank #2 Red AI Tank is checking targeting info...
<<<16:12:37:960327>>>  Tank #2 Red AI Tank Launch angle not within tolerances, adjusting firing solution...
<<<16:12:37:960327>>>  Tank #2 Red AI Tank Launch speed not within tolerances, adjusting firing solution...
<<<16:12:37:960327>>>  Tank #2 Red AI Tank adjusted targeting angle one unit CW...
<<<16:12:38:092424>>>  Tank #2 Red AI Tank is checking targeting info...
<<<16:12:38:092424>>>  Tank #2 Red AI Tank Launch angle not within tolerances, adjusting firing solution...
<<<16:12:38:092424>>>  Tank #2 Red AI Tank Launch speed not within tolerances, adjusting firing solution...
<<<16:12:38:092424>>>  Tank #2 Red AI Tank adjusted targeting angle one unit CW...
<<<16:12:38:225500>>>  Tank #2 Red AI Tank is checking targeting info...
<<<16:12:38:225500>>>  Tank #2 Red AI Tank Launch angle not within tolerances, adjusting firing solution...
<<<16:12:38:225500>>>  Tank #2 Red AI Tank Launch speed not within tolerances, adjusting firing solution...
<<<16:12:38:225500>>>  Tank #2 Red AI Tank adjusted targeting angle one unit CW...
<<<16:12:38:359695>>>  Tank #2 Red AI Tank is checking targeting info...
<<<16:12:38:359695>>>  Tank #2 Red AI Tank Launch angle not within tolerances, adjusting firing solution...
<<<16:12:38:359695>>>  Tank #2 Red AI Tank Launch speed not within tolerances, adjusting firing solution...
<<<16:12:38:359695>>>  Tank #2 Red AI Tank adjusted targeting angle one unit CW...
<<<16:12:38:495433>>>  Tank #2 Red AI Tank is checking targeting info...
<<<16:12:38:495433>>>  Tank #2 Red AI Tank Launch angle not within tolerances, adjusting firing solution...
<<<16:12:38:495433>>>  Tank #2 Red AI Tank Launch speed not within tolerances, adjusting firing solution...
<<<16:12:38:495433>>>  Tank #2 Red AI Tank adjusted targeting angle one unit CW...
<<<16:12:38:627612>>>  Tank #2 Red AI Tank is checking targeting info...
<<<16:12:38:627612>>>  Tank #2 Red AI Tank Launch angle not within tolerances, adjusting firing solution...
<<<16:12:38:627612>>>  Tank #2 Red AI Tank Launch speed not within tolerances, adjusting firing solution...
<<<16:12:38:627612>>>  Tank #2 Red AI Tank adjusted targeting angle one unit CW...
<<<16:12:38:761611>>>  Tank #2 Red AI Tank is checking targeting info...
<<<16:12:38:761611>>>  Tank #2 Red AI Tank Launch angle not within tolerances, adjusting firing solution...
<<<16:12:38:761611>>>  Tank #2 Red AI Tank Launch speed not within tolerances, adjusting firing solution...
<<<16:12:38:761611>>>  Tank #2 Red AI Tank adjusted targeting angle one unit CW...
<<<16:12:38:893487>>>  Tank #2 Red AI Tank is checking targeting info...
<<<16:12:38:893487>>>  Tank #2 Red AI Tank Launch angle not within tolerances, adjusting firing solution...
<<<16:12:38:893487>>>  Tank #2 Red AI Tank Launch speed not within tolerances, adjusting firing solution...
<<<16:12:38:893487>>>  Tank #2 Red AI Tank adjusted targeting angle one unit CW...
<<<16:12:39:027070>>>  Tank #2 Red AI Tank is checking targeting info...
<<<16:12:39:027070>>>  Tank #2 Red AI Tank Launch angle not within tolerances, adjusting firing solution...
<<<16:12:39:027070>>>  Tank #2 Red AI Tank Launch speed not within tolerances, adjusting firing solution...
<<<16:12:39:027070>>>  Tank #2 Red AI Tank adjusted targeting angle one unit CW...
<<<16:12:39:161319>>>  Tank #2 Red AI Tank is checking targeting info...
<<<16:12:39:161319>>>  Tank #2 Red AI Tank Launch angle not within tolerances, adjusting firing solution...
<<<16:12:39:161319>>>  Tank #2 Red AI Tank Launch speed not within tolerances, adjusting firing solution...
<<<16:12:39:161319>>>  Tank #2 Red AI Tank adjusted targeting angle one unit CW...
<<<16:12:39:294545>>>  Tank #2 Red AI Tank is checking targeting info...
<<<16:12:39:294545>>>  Tank #2 Red AI Tank Launch angle not within tolerances, adjusting firing solution...
<<<16:12:39:294545>>>  Tank #2 Red AI Tank Launch speed not within tolerances, adjusting firing solution...
<<<16:12:39:294545>>>  Tank #2 Red AI Tank adjusted targeting angle one unit CW...
<<<16:12:39:426450>>>  Tank #2 Red AI Tank is checking targeting info...
<<<16:12:39:426450>>>  Tank #2 Red AI Tank Launch angle not within tolerances, adjusting firing solution...
<<<16:12:39:426450>>>  Tank #2 Red AI Tank Launch speed not within tolerances, adjusting firing solution...
<<<16:12:39:426450>>>  Tank #2 Red AI Tank adjusted targeting angle one unit CW...
<<<16:12:39:557830>>>  Tank #2 Red AI Tank is checking targeting info...
<<<16:12:39:557830>>>  Tank #2 Red AI Tank Launch angle not within tolerances, adjusting firing solution...
<<<16:12:39:557830>>>  Tank #2 Red AI Tank Launch speed not within tolerances, adjusting firing solution...
<<<16:12:39:557830>>>  Tank #2 Red AI Tank adjusted targeting angle one unit CW...
<<<16:12:39:688606>>>  Tank #2 Red AI Tank is checking targeting info...
<<<16:12:39:688606>>>  Tank #2 Red AI Tank Launch angle not within tolerances, adjusting firing solution...
<<<16:12:39:688606>>>  Tank #2 Red AI Tank Launch speed not within tolerances, adjusting firing solution...
<<<16:12:39:688606>>>  Tank #2 Red AI Tank adjusted targeting angle one unit CW...
<<<16:12:39:819990>>>  Tank #2 Red AI Tank is checking targeting info...
<<<16:12:39:819990>>>  Tank #2 Red AI Tank Launch angle not within tolerances, adjusting firing solution...
<<<16:12:39:819990>>>  Tank #2 Red AI Tank Launch speed not within tolerances, adjusting firing solution...
<<<16:12:39:819990>>>  Tank #2 Red AI Tank adjusted targeting angle one unit CW...
<<<16:12:39:951272>>>  Tank #2 Red AI Tank is checking targeting info...
<<<16:12:39:951272>>>  Tank #2 Red AI Tank Launch angle not within tolerances, adjusting firing solution...
<<<16:12:39:951272>>>  Tank #2 Red AI Tank Launch speed not within tolerances, adjusting firing solution...
<<<16:12:39:951272>>>  Tank #2 Red AI Tank adjusted targeting angle one unit CW...
<<<16:12:40:083423>>>  Tank #2 Red AI Tank is checking targeting info...
<<<16:12:40:083423>>>  Tank #2 Red AI Tank Launch angle not within tolerances, adjusting firing solution...
<<<16:12:40:083423>>>  Tank #2 Red AI Tank Launch speed not within tolerances, adjusting firing solution...
<<<16:12:40:083423>>>  Tank #2 Red AI Tank adjusted targeting angle one unit CW...
<<<16:12:40:216335>>>  Tank #2 Red AI Tank is checking targeting info...
<<<16:12:40:216335>>>  Tank #2 Red AI Tank Launch angle not within tolerances, adjusting firing solution...
<<<16:12:40:216335>>>  Tank #2 Red AI Tank Launch speed not within tolerances, adjusting firing solution...
<<<16:12:40:216335>>>  Tank #2 Red AI Tank adjusted targeting angle one unit CW...
<<<16:12:40:345615>>>  Tank #2 Red AI Tank is checking targeting info...
<<<16:12:40:345615>>>  Tank #2 Red AI Tank Launch angle not within tolerances, adjusting firing solution...
<<<16:12:40:345615>>>  Tank #2 Red AI Tank Launch speed not within tolerances, adjusting firing solution...
<<<16:12:40:345615>>>  Tank #2 Red AI Tank adjusted targeting angle one unit CW...
<<<16:12:40:479790>>>  Tank #2 Red AI Tank is checking targeting info...
<<<16:12:40:479790>>>  Tank #2 Red AI Tank Launch angle not within tolerances, adjusting firing solution...
<<<16:12:40:479790>>>  Tank #2 Red AI Tank Launch speed not within tolerances, adjusting firing solution...
<<<16:12:40:479790>>>  Tank #2 Red AI Tank adjusted targeting angle one unit CW...
<<<16:12:40:611167>>>  Tank #2 Red AI Tank is checking targeting info...
<<<16:12:40:611167>>>  Tank #2 Red AI Tank Launch angle not within tolerances, adjusting firing solution...
<<<16:12:40:611167>>>  Tank #2 Red AI Tank Launch speed not within tolerances, adjusting firing solution...
<<<16:12:40:611167>>>  Tank #2 Red AI Tank adjusted targeting angle one unit CW...
<<<16:12:40:744717>>>  Tank #2 Red AI Tank is checking targeting info...
<<<16:12:40:745715>>>  Tank #2 Red AI Tank Launch angle not within tolerances, adjusting firing solution...
<<<16:12:40:745715>>>  Tank #2 Red AI Tank Launch speed not within tolerances, adjusting firing solution...
<<<16:12:40:745715>>>  Tank #2 Red AI Tank adjusted targeting angle one unit CW...
<<<16:12:40:877686>>>  Tank #2 Red AI Tank is checking targeting info...
<<<16:12:40:877686>>>  Tank #2 Red AI Tank Launch angle not within tolerances, adjusting firing solution...
<<<16:12:40:877686>>>  Tank #2 Red AI Tank Launch speed not within tolerances, adjusting firing solution...
<<<16:12:40:877686>>>  Tank #2 Red AI Tank adjusted targeting angle one unit CW...
<<<16:12:41:011771>>>  Tank #2 Red AI Tank is checking targeting info...
<<<16:12:41:011771>>>  Tank #2 Red AI Tank Launch angle not within tolerances, adjusting firing solution...
<<<16:12:41:011771>>>  Tank #2 Red AI Tank Launch speed not within tolerances, adjusting firing solution...
<<<16:12:41:011771>>>  Tank #2 Red AI Tank adjusted targeting angle one unit CW...
<<<16:12:41:144801>>>  Tank #2 Red AI Tank is checking targeting info...
<<<16:12:41:144801>>>  Tank #2 Red AI Tank Launch angle not within tolerances, adjusting firing solution...
<<<16:12:41:144801>>>  Tank #2 Red AI Tank Launch speed not within tolerances, adjusting firing solution...
<<<16:12:41:144801>>>  Tank #2 Red AI Tank adjusted targeting angle one unit CW...
<<<16:12:41:275390>>>  Tank #2 Red AI Tank is checking targeting info...
<<<16:12:41:275390>>>  Tank #2 Red AI Tank increased launch speed one unit...
<<<16:12:41:406664>>>  Tank #2 Red AI Tank is checking targeting info...
<<<16:12:41:406664>>>  Tank #2 Red AI Tank increased launch speed one unit...
<<<16:12:41:541089>>>  Tank #2 Red AI Tank is checking targeting info...
<<<16:12:41:541089>>>  Tank #2 Red AI Tank increased launch speed one unit...
<<<16:12:41:672851>>>  Tank #2 Red AI Tank is checking targeting info...
<<<16:12:41:672851>>>  Tank #2 Red AI Tank increased launch speed one unit...
<<<16:12:41:801023>>>  Tank #2 Red AI Tank is checking targeting info...
<<<16:12:41:801023>>>  Tank #2 Red AI Tank increased launch speed one unit...
<<<16:12:41:931373>>>  Tank #2 Red AI Tank is checking targeting info...
<<<16:12:41:931373>>>  Tank #2 Red AI Tank increased launch speed one unit...
<<<16:12:42:061221>>>  Tank #2 Red AI Tank is checking targeting info...
<<<16:12:42:061221>>>  Tank #2 Red AI Tank increased launch speed one unit...
<<<16:12:42:193184>>>  Tank #2 Red AI Tank is checking targeting info...
<<<16:12:42:193184>>>  Tank #2 Red AI Tank increased launch speed one unit...
<<<16:12:42:325657>>>  Tank #2 Red AI Tank is checking targeting info...
<<<16:12:42:325657>>>  Tank #2 Red AI Tank increased launch speed one unit...
<<<16:12:42:456299>>>  Tank #2 Red AI Tank is checking targeting info...
<<<16:12:42:456299>>>  Tank #2 Red AI Tank increased launch speed one unit...
<<<16:12:42:586378>>>  Tank #2 Red AI Tank is checking targeting info...
<<<16:12:42:586378>>>  Tank #2 Red AI Tank increased launch speed one unit...
<<<16:12:42:717667>>>  Tank #2 Red AI Tank is checking targeting info...
<<<16:12:42:717667>>>  Tank #2 Red AI Tank increased launch speed one unit...
<<<16:12:42:849641>>>  Tank #2 Red AI Tank is checking targeting info...
<<<16:12:42:849641>>>  Tank #2 Red AI Tank increased launch speed one unit...
<<<16:12:42:979061>>>  Tank #2 Red AI Tank is checking targeting info...
<<<16:12:42:979061>>>  Tank #2 Red AI Tank increased launch speed one unit...
<<<16:12:43:110192>>>  Tank #2 Red AI Tank is checking targeting info...
<<<16:12:43:110192>>>  Tank #2 Red AI Tank increased launch speed one unit...
<<<16:12:43:242922>>>  Tank #2 Red AI Tank is checking targeting info...
<<<16:12:43:242922>>>  Tank #2 Red AI Tank increased launch speed one unit...
<<<16:12:43:377060>>>  Tank #2 Red AI Tank is checking targeting info...
<<<16:12:43:377060>>>  Tank #2 Red AI Tank increased launch speed one unit...
<<<16:12:43:508952>>>  Tank #2 Red AI Tank is checking targeting info...
<<<16:12:43:508952>>>  Tank #2 Red AI Tank increased launch speed one unit...
<<<16:12:43:643977>>>  Tank #2 Red AI Tank is checking targeting info...
<<<16:12:43:643977>>>  Tank #2 Red AI Tank increased launch speed one unit...
<<<16:12:43:775041>>>  Tank #2 Red AI Tank is checking targeting info...
<<<16:12:43:775041>>>  Tank #2 Red AI Tank increased launch speed one unit...
<<<16:12:43:908535>>>  Tank #2 Red AI Tank is checking targeting info...
<<<16:12:43:908535>>>  Tank #2 Red AI Tank increased launch speed one unit...
<<<16:12:44:041498>>>  Tank #2 Red AI Tank is checking targeting info...
<<<16:12:44:041498>>>  Tank #2 Red AI Tank increased launch speed one unit...
<<<16:12:44:176842>>>  Tank #2 Red AI Tank is checking targeting info...
<<<16:12:44:176842>>>  Tank #2 Red AI Tank increased launch speed one unit...
<<<16:12:44:308730>>>  Tank #2 Red AI Tank is checking targeting info...
<<<16:12:44:308730>>>  Tank #2 Red AI Tank increased launch speed one unit...
<<<16:12:44:442914>>>  Tank #2 Red AI Tank is checking targeting info...
<<<16:12:44:442914>>>  Tank #2 Red AI Tank increased launch speed one unit...
<<<16:12:44:577871>>>  Tank #2 Red AI Tank is checking targeting info...
<<<16:12:44:577871>>>  Tank #2 Red AI Tank increased launch speed one unit...
<<<16:12:44:707503>>>  Tank #2 Red AI Tank is checking targeting info...
<<<16:12:44:707503>>>  Tank #2 Red AI Tank increased launch speed one unit...
<<<16:12:44:840556>>>  Tank #2 Red AI Tank is checking targeting info...
<<<16:12:44:840556>>>  Tank #2 Red AI Tank increased launch speed one unit...
<<<16:12:44:976018>>>  Tank #2 Red AI Tank is checking targeting info...
<<<16:12:44:976018>>>  Tank #2 Red AI Tank increased launch speed one unit...
<<<16:12:45:106883>>>  Tank #2 Red AI Tank is checking targeting info...
<<<16:12:45:107381>>>  Tank #2 Red AI Tank increased launch speed one unit...
<<<16:12:45:241671>>>  Tank #2 Red AI Tank is checking targeting info...
<<<16:12:45:241671>>>  Tank #2 Red AI Tank increased launch speed one unit...
<<<16:12:45:373336>>>  Tank #2 Red AI Tank is checking targeting info...
<<<16:12:45:373336>>>  Tank #2 Red AI Tank increased launch speed one unit...
<<<16:12:45:509473>>>  Tank #2 Red AI Tank is checking targeting info...
<<<16:12:45:509473>>>  Tank #2 Red AI Tank increased launch speed one unit...
<<<16:12:45:639239>>>  Tank #2 Red AI Tank is checking targeting info...
<<<16:12:45:639239>>>  Tank #2 Red AI Tank increased launch speed one unit...
<<<16:12:45:771877>>>  Tank #2 Red AI Tank is checking targeting info...
<<<16:12:45:771877>>>  Tank #2 Red AI Tank increased launch speed one unit...
<<<16:12:45:902901>>>  Tank #2 Red AI Tank is checking targeting info...
<<<16:12:45:902901>>>  Tank #2 Red AI Tank increased launch speed one unit...
<<<16:12:46:033322>>>  Tank #2 Red AI Tank is checking targeting info...
<<<16:12:46:033322>>>  Tank #2 Red AI Tank increased launch speed one unit...
<<<16:12:46:166538>>>  Tank #2 Red AI Tank is checking targeting info...
<<<16:12:46:166538>>>  Tank #2 Red AI Tank increased launch speed one unit...
<<<16:12:46:297026>>>  Tank #2 Red AI Tank is checking targeting info...
<<<16:12:46:297026>>>  Tank #2 Red AI Tank increased launch speed one unit...
<<<16:12:46:427351>>>  Tank #2 Red AI Tank is checking targeting info...
<<<16:12:46:427351>>>  Tank #2 Red AI Tank increased launch speed one unit...
<<<16:12:46:560548>>>  Tank #2 Red AI Tank is checking targeting info...
<<<16:12:46:560548>>>  Tank #2 Red AI Tank increased launch speed one unit...
<<<16:12:46:694106>>>  Tank #2 Red AI Tank is checking targeting info...
<<<16:12:46:694106>>>  Tank #2 Red AI Tank increased launch speed one unit...
<<<16:12:46:827420>>>  Tank #2 Red AI Tank is checking targeting info...
<<<16:12:46:827420>>>  Tank #2 Red AI Tank increased launch speed one unit...
<<<16:12:46:961275>>>  Tank #2 Red AI Tank is checking targeting info...
<<<16:12:46:961275>>>  Tank #2 Red AI Tank firing solution within tolerances, not adjusting firing solution...
<<<16:12:46:961275>>>  Tank #2 Red AI Tank attempting to fire cannonball...
<<<16:12:47:093886>>>
* *** Tank #2 Red AI Tank USING CLEAR SKIES FUNCTION ***
* Moon #2 at (-60789.95896619072, -56785.7742340982), angle -2.390237550329756 rads.
* Tank #2 Red AI Tank at (-3281.3075752519226, -5461.012872773177), angle 4.171336912266454.
* Angle Between is 0.27838915541662335 rads.
* The skies are NOT clear, Tank #2 Red AI Tank shouldn't use Gravity...
<<<16:12:47:228277>>>  Tank #2 Red AI Tank chose to shoot...
<<<16:12:47:360082>>>  Tank #2 Red AI Tank is checking targeting info...
<<<16:12:47:360988>>>  Tank #2 Red AI Tank Launch angle not within tolerances, adjusting firing solution...
<<<16:12:47:360988>>>  Tank #2 Red AI Tank adjusted targeting angle one unit CCW...
<<<16:12:47:491587>>>  Tank #2 Red AI Tank is checking targeting info...
<<<16:12:47:491587>>>  Tank #2 Red AI Tank Launch angle not within tolerances, adjusting firing solution...
<<<16:12:47:491587>>>  Tank #2 Red AI Tank adjusted targeting angle one unit CCW...
<<<16:12:47:622155>>>  Tank #2 Red AI Tank is checking targeting info...
<<<16:12:47:622155>>>  Tank #2 Red AI Tank Launch angle not within tolerances, adjusting firing solution...
<<<16:12:47:622155>>>  Tank #2 Red AI Tank adjusted targeting angle one unit CCW...
<<<16:12:47:755012>>>  Tank #2 Red AI Tank is checking targeting info...
<<<16:12:47:755012>>>  Tank #2 Red AI Tank Launch angle not within tolerances, adjusting firing solution...
<<<16:12:47:755012>>>  Tank #2 Red AI Tank adjusted targeting angle one unit CCW...
<<<16:12:47:884570>>>  Tank #2 Red AI Tank is checking targeting info...
<<<16:12:47:884570>>>  Tank #2 Red AI Tank Launch angle not within tolerances, adjusting firing solution...
<<<16:12:47:884570>>>  Tank #2 Red AI Tank adjusted targeting angle one unit CCW...
<<<16:12:48:016744>>>  Tank #2 Red AI Tank is checking targeting info...
<<<16:12:48:016744>>>  Tank #2 Red AI Tank Launch angle not within tolerances, adjusting firing solution...
<<<16:12:48:016744>>>  Tank #2 Red AI Tank adjusted targeting angle one unit CCW...
<<<16:12:48:147360>>>  Tank #2 Red AI Tank is checking targeting info...
<<<16:12:48:147360>>>  Tank #2 Red AI Tank Launch angle not within tolerances, adjusting firing solution...
<<<16:12:48:147360>>>  Tank #2 Red AI Tank adjusted targeting angle one unit CCW...
<<<16:12:48:278037>>>  Tank #2 Red AI Tank is checking targeting info...
<<<16:12:48:278037>>>  Tank #2 Red AI Tank Launch angle not within tolerances, adjusting firing solution...
<<<16:12:48:278037>>>  Tank #2 Red AI Tank adjusted targeting angle one unit CCW...
<<<16:12:48:412325>>>  Tank #2 Red AI Tank is checking targeting info...
<<<16:12:48:412325>>>  Tank #2 Red AI Tank Launch angle not within tolerances, adjusting firing solution...
<<<16:12:48:412325>>>  Tank #2 Red AI Tank adjusted targeting angle one unit CCW...
<<<16:12:48:542938>>>  Tank #2 Red AI Tank is checking targeting info...
<<<16:12:48:542938>>>  Tank #2 Red AI Tank Launch angle not within tolerances, adjusting firing solution...
<<<16:12:48:542938>>>  Tank #2 Red AI Tank adjusted targeting angle one unit CCW...
<<<16:12:48:676252>>>  Tank #2 Red AI Tank is checking targeting info...
<<<16:12:48:676252>>>  Tank #2 Red AI Tank Launch angle not within tolerances, adjusting firing solution...
<<<16:12:48:676252>>>  Tank #2 Red AI Tank adjusted targeting angle one unit CCW...
<<<16:12:48:806968>>>  Tank #2 Red AI Tank is checking targeting info...
<<<16:12:48:806968>>>  Tank #2 Red AI Tank Launch angle not within tolerances, adjusting firing solution...
<<<16:12:48:806968>>>  Tank #2 Red AI Tank adjusted targeting angle one unit CCW...
<<<16:12:48:941140>>>  Tank #2 Red AI Tank is checking targeting info...
<<<16:12:48:941140>>>  Tank #2 Red AI Tank Launch angle not within tolerances, adjusting firing solution...
<<<16:12:48:941140>>>  Tank #2 Red AI Tank adjusted targeting angle one unit CCW...
<<<16:12:49:038606>>>  Moon #2 is being removed for being too far down off-screen...
<<<16:12:49:038606>>>  
Moon #2 being destroyed...
<<<16:12:49:038606>>>  Successfully destroyed celestial!
<<<16:12:49:070145>>>  Tank #2 Red AI Tank is checking targeting info...
<<<16:12:49:070145>>>  Tank #2 Red AI Tank Launch angle not within tolerances, adjusting firing solution...
<<<16:12:49:070145>>>  Tank #2 Red AI Tank adjusted targeting angle one unit CCW...
<<<16:12:49:202914>>>  Tank #2 Red AI Tank is checking targeting info...
<<<16:12:49:202914>>>  Tank #2 Red AI Tank Launch angle not within tolerances, adjusting firing solution...
<<<16:12:49:202914>>>  Tank #2 Red AI Tank adjusted targeting angle one unit CCW...
<<<16:12:49:333985>>>  Tank #2 Red AI Tank is checking targeting info...
<<<16:12:49:333985>>>  Tank #2 Red AI Tank Launch angle not within tolerances, adjusting firing solution...
<<<16:12:49:333985>>>  Tank #2 Red AI Tank adjusted targeting angle one unit CCW...
<<<16:12:49:462281>>>  Tank #2 Red AI Tank is checking targeting info...
<<<16:12:49:462281>>>  Tank #2 Red AI Tank Launch angle not within tolerances, adjusting firing solution...
<<<16:12:49:462281>>>  Tank #2 Red AI Tank adjusted targeting angle one unit CCW...
<<<16:12:49:592720>>>  Tank #2 Red AI Tank is checking targeting info...
<<<16:12:49:592720>>>  Tank #2 Red AI Tank Launch angle not within tolerances, adjusting firing solution...
<<<16:12:49:592720>>>  Tank #2 Red AI Tank adjusted targeting angle one unit CCW...
<<<16:12:49:725469>>>  Tank #2 Red AI Tank is checking targeting info...
<<<16:12:49:725469>>>  Tank #2 Red AI Tank Launch angle not within tolerances, adjusting firing solution...
<<<16:12:49:725469>>>  Tank #2 Red AI Tank adjusted targeting angle one unit CCW...
<<<16:12:49:861456>>>  Tank #2 Red AI Tank is checking targeting info...
<<<16:12:49:861456>>>  Tank #2 Red AI Tank Launch angle not within tolerances, adjusting firing solution...
<<<16:12:49:861456>>>  Tank #2 Red AI Tank adjusted targeting angle one unit CCW...
<<<16:12:49:991760>>>  Tank #2 Red AI Tank is checking targeting info...
<<<16:12:49:991760>>>  Tank #2 Red AI Tank Launch angle not within tolerances, adjusting firing solution...
<<<16:12:49:991760>>>  Tank #2 Red AI Tank adjusted targeting angle one unit CCW...
<<<16:12:50:126992>>>  Tank #2 Red AI Tank is checking targeting info...
<<<16:12:50:126992>>>  Tank #2 Red AI Tank Launch angle not within tolerances, adjusting firing solution...
<<<16:12:50:126992>>>  Tank #2 Red AI Tank adjusted targeting angle one unit CCW...
<<<16:12:50:258927>>>  Tank #2 Red AI Tank is checking targeting info...
<<<16:12:50:258927>>>  Tank #2 Red AI Tank Launch angle not within tolerances, adjusting firing solution...
<<<16:12:50:258927>>>  Tank #2 Red AI Tank adjusted targeting angle one unit CCW...
<<<16:12:50:393472>>>  Tank #2 Red AI Tank is checking targeting info...
<<<16:12:50:393472>>>  Tank #2 Red AI Tank Launch angle not within tolerances, adjusting firing solution...
<<<16:12:50:393472>>>  Tank #2 Red AI Tank adjusted targeting angle one unit CCW...
<<<16:12:50:525167>>>  Tank #2 Red AI Tank is checking targeting info...
<<<16:12:50:525167>>>  Tank #2 Red AI Tank Launch angle not within tolerances, adjusting firing solution...
<<<16:12:50:525167>>>  Tank #2 Red AI Tank adjusted targeting angle one unit CCW...
<<<16:12:50:657373>>>  Tank #2 Red AI Tank is checking targeting info...
<<<16:12:50:657373>>>  Tank #2 Red AI Tank Launch angle not within tolerances, adjusting firing solution...
<<<16:12:50:657373>>>  Tank #2 Red AI Tank adjusted targeting angle one unit CCW...
<<<16:12:50:787394>>>  Tank #2 Red AI Tank is checking targeting info...
<<<16:12:50:787394>>>  Tank #2 Red AI Tank Launch angle not within tolerances, adjusting firing solution...
<<<16:12:50:787394>>>  Tank #2 Red AI Tank adjusted targeting angle one unit CCW...
<<<16:12:50:915883>>>  Tank #2 Red AI Tank is checking targeting info...
<<<16:12:50:915883>>>  Tank #2 Red AI Tank Launch angle not within tolerances, adjusting firing solution...
<<<16:12:50:915883>>>  Tank #2 Red AI Tank adjusted targeting angle one unit CCW...
<<<16:12:51:049653>>>  Tank #2 Red AI Tank is checking targeting info...
<<<16:12:51:049653>>>  Tank #2 Red AI Tank Launch angle not within tolerances, adjusting firing solution...
<<<16:12:51:049653>>>  Tank #2 Red AI Tank adjusted targeting angle one unit CCW...
<<<16:12:51:183609>>>  Tank #2 Red AI Tank is checking targeting info...
<<<16:12:51:183609>>>  Tank #2 Red AI Tank Launch angle not within tolerances, adjusting firing solution...
<<<16:12:51:183609>>>  Tank #2 Red AI Tank adjusted targeting angle one unit CCW...
<<<16:12:51:316580>>>  Tank #2 Red AI Tank is checking targeting info...
<<<16:12:51:316580>>>  Tank #2 Red AI Tank Launch angle not within tolerances, adjusting firing solution...
<<<16:12:51:316580>>>  Tank #2 Red AI Tank adjusted targeting angle one unit CCW...
<<<16:12:51:449598>>>  Tank #2 Red AI Tank is checking targeting info...
<<<16:12:51:449598>>>  Tank #2 Red AI Tank Launch angle not within tolerances, adjusting firing solution...
<<<16:12:51:449598>>>  Tank #2 Red AI Tank adjusted targeting angle one unit CCW...
<<<16:12:51:583025>>>  Tank #2 Red AI Tank is checking targeting info...
<<<16:12:51:583025>>>  Tank #2 Red AI Tank Launch angle not within tolerances, adjusting firing solution...
<<<16:12:51:583025>>>  Tank #2 Red AI Tank adjusted targeting angle one unit CCW...
<<<16:12:51:714881>>>  Tank #2 Red AI Tank is checking targeting info...
<<<16:12:51:714881>>>  Tank #2 Red AI Tank Launch angle not within tolerances, adjusting firing solution...
<<<16:12:51:714881>>>  Tank #2 Red AI Tank adjusted targeting angle one unit CCW...
<<<16:12:51:846964>>>  Tank #2 Red AI Tank is checking targeting info...
<<<16:12:51:846964>>>  Tank #2 Red AI Tank Launch angle not within tolerances, adjusting firing solution...
<<<16:12:51:846964>>>  Tank #2 Red AI Tank adjusted targeting angle one unit CCW...
<<<16:12:51:978209>>>  Tank #2 Red AI Tank is checking targeting info...
<<<16:12:51:978209>>>  Tank #2 Red AI Tank Launch angle not within tolerances, adjusting firing solution...
<<<16:12:51:978209>>>  Tank #2 Red AI Tank adjusted targeting angle one unit CCW...
<<<16:12:52:113663>>>  Tank #2 Red AI Tank is checking targeting info...
<<<16:12:52:113663>>>  Tank #2 Red AI Tank Launch angle not within tolerances, adjusting firing solution...
<<<16:12:52:113663>>>  Tank #2 Red AI Tank adjusted targeting angle one unit CCW...
<<<16:12:52:244574>>>  Tank #2 Red AI Tank is checking targeting info...
<<<16:12:52:244574>>>  Tank #2 Red AI Tank Launch angle not within tolerances, adjusting firing solution...
<<<16:12:52:244574>>>  Tank #2 Red AI Tank adjusted targeting angle one unit CCW...
<<<16:12:52:374822>>>  Tank #2 Red AI Tank is checking targeting info...
<<<16:12:52:374822>>>  Tank #2 Red AI Tank Launch angle not within tolerances, adjusting firing solution...
<<<16:12:52:374822>>>  Tank #2 Red AI Tank adjusted targeting angle one unit CCW...
<<<16:12:52:505707>>>  Tank #2 Red AI Tank is checking targeting info...
<<<16:12:52:505707>>>  Tank #2 Red AI Tank Launch angle not within tolerances, adjusting firing solution...
<<<16:12:52:505707>>>  Tank #2 Red AI Tank adjusted targeting angle one unit CCW...
<<<16:12:52:636918>>>  Tank #2 Red AI Tank is checking targeting info...
<<<16:12:52:636918>>>  Tank #2 Red AI Tank Launch angle not within tolerances, adjusting firing solution...
<<<16:12:52:636918>>>  Tank #2 Red AI Tank adjusted targeting angle one unit CCW...
<<<16:12:52:770998>>>  Tank #2 Red AI Tank is checking targeting info...
<<<16:12:52:770998>>>  Tank #2 Red AI Tank Launch angle not within tolerances, adjusting firing solution...
<<<16:12:52:770998>>>  Tank #2 Red AI Tank adjusted targeting angle one unit CCW...
<<<16:12:52:901695>>>  Tank #2 Red AI Tank is checking targeting info...
<<<16:12:52:901695>>>  Tank #2 Red AI Tank Launch angle not within tolerances, adjusting firing solution...
<<<16:12:52:901695>>>  Tank #2 Red AI Tank adjusted targeting angle one unit CCW...
<<<16:12:53:032686>>>  Tank #2 Red AI Tank is checking targeting info...
<<<16:12:53:032686>>>  Tank #2 Red AI Tank Launch angle not within tolerances, adjusting firing solution...
<<<16:12:53:032686>>>  Tank #2 Red AI Tank adjusted targeting angle one unit CCW...
<<<16:12:53:163479>>>  Tank #2 Red AI Tank is checking targeting info...
<<<16:12:53:163479>>>  Tank #2 Red AI Tank Launch angle not within tolerances, adjusting firing solution...
<<<16:12:53:163479>>>  Tank #2 Red AI Tank adjusted targeting angle one unit CCW...
<<<16:12:53:294208>>>  Tank #2 Red AI Tank is checking targeting info...
<<<16:12:53:294208>>>  Tank #2 Red AI Tank Launch angle not within tolerances, adjusting firing solution...
<<<16:12:53:294208>>>  Tank #2 Red AI Tank adjusted targeting angle one unit CCW...
<<<16:12:53:427020>>>  Tank #2 Red AI Tank is checking targeting info...
<<<16:12:53:427020>>>  Tank #2 Red AI Tank Launch angle not within tolerances, adjusting firing solution...
<<<16:12:53:427020>>>  Tank #2 Red AI Tank adjusted targeting angle one unit CCW...
<<<16:12:53:558265>>>  Tank #2 Red AI Tank is checking targeting info...
<<<16:12:53:558265>>>  Tank #2 Red AI Tank Launch angle not within tolerances, adjusting firing solution...
<<<16:12:53:558265>>>  Tank #2 Red AI Tank adjusted targeting angle one unit CCW...
<<<16:12:53:691372>>>  Tank #2 Red AI Tank is checking targeting info...
<<<16:12:53:691372>>>  Tank #2 Red AI Tank Launch angle not within tolerances, adjusting firing solution...
<<<16:12:53:691372>>>  Tank #2 Red AI Tank adjusted targeting angle one unit CCW...
<<<16:12:53:823311>>>  Tank #2 Red AI Tank is checking targeting info...
<<<16:12:53:823311>>>  Tank #2 Red AI Tank Launch angle not within tolerances, adjusting firing solution...
<<<16:12:53:823311>>>  Tank #2 Red AI Tank adjusted targeting angle one unit CCW...
<<<16:12:53:890191>>>  Tank #2 Red AI Tank's Cannonball #1 explosion timer has expired, marked for removal...
<<<16:12:53:958289>>>  Tank #2 Red AI Tank is checking targeting info...
<<<16:12:53:958289>>>  Tank #2 Red AI Tank Launch angle not within tolerances, adjusting firing solution...
<<<16:12:53:958289>>>  Tank #2 Red AI Tank adjusted targeting angle one unit CCW...
<<<16:12:54:090090>>>  Tank #2 Red AI Tank is checking targeting info...
<<<16:12:54:090090>>>  Tank #2 Red AI Tank Launch angle not within tolerances, adjusting firing solution...
<<<16:12:54:090090>>>  Tank #2 Red AI Tank adjusted targeting angle one unit CCW...
<<<16:12:54:224662>>>  Tank #2 Red AI Tank is checking targeting info...
<<<16:12:54:224662>>>  Tank #2 Red AI Tank Launch angle not within tolerances, adjusting firing solution...
<<<16:12:54:224662>>>  Tank #2 Red AI Tank adjusted targeting angle one unit CCW...
<<<16:12:54:356311>>>  Tank #2 Red AI Tank is checking targeting info...
<<<16:12:54:356311>>>  Tank #2 Red AI Tank Launch angle not within tolerances, adjusting firing solution...
<<<16:12:54:356311>>>  Tank #2 Red AI Tank adjusted targeting angle one unit CCW...
<<<16:12:54:487485>>>  Tank #2 Red AI Tank is checking targeting info...
<<<16:12:54:487485>>>  Tank #2 Red AI Tank Launch angle not within tolerances, adjusting firing solution...
<<<16:12:54:487485>>>  Tank #2 Red AI Tank adjusted targeting angle one unit CCW...
<<<16:12:54:617853>>>  Tank #2 Red AI Tank is checking targeting info...
<<<16:12:54:617853>>>  Tank #2 Red AI Tank Launch angle not within tolerances, adjusting firing solution...
<<<16:12:54:617853>>>  Tank #2 Red AI Tank adjusted targeting angle one unit CCW...
<<<16:12:54:748047>>>  Tank #2 Red AI Tank is checking targeting info...
<<<16:12:54:748047>>>  Tank #2 Red AI Tank Launch angle not within tolerances, adjusting firing solution...
<<<16:12:54:748047>>>  Tank #2 Red AI Tank adjusted targeting angle one unit CCW...
<<<16:12:54:881413>>>  Tank #2 Red AI Tank is checking targeting info...
<<<16:12:54:881413>>>  Tank #2 Red AI Tank Launch angle not within tolerances, adjusting firing solution...
<<<16:12:54:881413>>>  Tank #2 Red AI Tank adjusted targeting angle one unit CCW...
<<<16:12:55:013192>>>  Tank #2 Red AI Tank is checking targeting info...
<<<16:12:55:013192>>>  Tank #2 Red AI Tank Launch angle not within tolerances, adjusting firing solution...
<<<16:12:55:013192>>>  Tank #2 Red AI Tank adjusted targeting angle one unit CCW...
<<<16:12:55:145963>>>  Tank #2 Red AI Tank is checking targeting info...
<<<16:12:55:145963>>>  Tank #2 Red AI Tank Launch angle not within tolerances, adjusting firing solution...
<<<16:12:55:145963>>>  Tank #2 Red AI Tank adjusted targeting angle one unit CCW...
<<<16:12:55:276268>>>  Tank #2 Red AI Tank is checking targeting info...
<<<16:12:55:276268>>>  Tank #2 Red AI Tank Launch angle not within tolerances, adjusting firing solution...
<<<16:12:55:276268>>>  Tank #2 Red AI Tank adjusted targeting angle one unit CCW...
<<<16:12:55:408417>>>  Tank #2 Red AI Tank is checking targeting info...
<<<16:12:55:408417>>>  Tank #2 Red AI Tank Launch angle not within tolerances, adjusting firing solution...
<<<16:12:55:408417>>>  Tank #2 Red AI Tank adjusted targeting angle one unit CCW...
<<<16:12:55:540970>>>  Tank #2 Red AI Tank is checking targeting info...
<<<16:12:55:540970>>>  Tank #2 Red AI Tank Launch angle not within tolerances, adjusting firing solution...
<<<16:12:55:540970>>>  Tank #2 Red AI Tank adjusted targeting angle one unit CCW...
<<<16:12:55:676523>>>  Tank #2 Red AI Tank is checking targeting info...
<<<16:12:55:676523>>>  Tank #2 Red AI Tank Launch angle not within tolerances, adjusting firing solution...
<<<16:12:55:676523>>>  Tank #2 Red AI Tank adjusted targeting angle one unit CCW...
<<<16:12:55:807908>>>  Tank #2 Red AI Tank is checking targeting info...
<<<16:12:55:807908>>>  Tank #2 Red AI Tank Launch angle not within tolerances, adjusting firing solution...
<<<16:12:55:807908>>>  Tank #2 Red AI Tank adjusted targeting angle one unit CCW...
<<<16:12:55:943302>>>  Tank #2 Red AI Tank is checking targeting info...
<<<16:12:55:943302>>>  Tank #2 Red AI Tank Launch angle not within tolerances, adjusting firing solution...
<<<16:12:55:943302>>>  Tank #2 Red AI Tank adjusted targeting angle one unit CCW...
<<<16:12:56:077242>>>  Tank #2 Red AI Tank is checking targeting info...
<<<16:12:56:077242>>>  Tank #2 Red AI Tank Launch angle not within tolerances, adjusting firing solution...
<<<16:12:56:077242>>>  Tank #2 Red AI Tank adjusted targeting angle one unit CCW...
<<<16:12:56:210045>>>  Tank #2 Red AI Tank is checking targeting info...
<<<16:12:56:210045>>>  Tank #2 Red AI Tank Launch angle not within tolerances, adjusting firing solution...
<<<16:12:56:210045>>>  Tank #2 Red AI Tank adjusted targeting angle one unit CCW...
<<<16:12:56:342739>>>  Tank #2 Red AI Tank is checking targeting info...
<<<16:12:56:342739>>>  Tank #2 Red AI Tank Launch angle not within tolerances, adjusting firing solution...
<<<16:12:56:342739>>>  Tank #2 Red AI Tank adjusted targeting angle one unit CCW...
<<<16:12:56:474087>>>  Tank #2 Red AI Tank is checking targeting info...
<<<16:12:56:474087>>>  Tank #2 Red AI Tank Launch angle not within tolerances, adjusting firing solution...
<<<16:12:56:474087>>>  Tank #2 Red AI Tank adjusted targeting angle one unit CCW...
<<<16:12:56:609417>>>  Tank #2 Red AI Tank is checking targeting info...
<<<16:12:56:609417>>>  Tank #2 Red AI Tank Launch angle not within tolerances, adjusting firing solution...
<<<16:12:56:609417>>>  Tank #2 Red AI Tank adjusted targeting angle one unit CCW...
<<<16:12:56:741911>>>  Tank #2 Red AI Tank is checking targeting info...
<<<16:12:56:741911>>>  Tank #2 Red AI Tank Launch angle not within tolerances, adjusting firing solution...
<<<16:12:56:741911>>>  Tank #2 Red AI Tank adjusted targeting angle one unit CCW...
<<<16:12:56:873058>>>  Tank #2 Red AI Tank is checking targeting info...
<<<16:12:56:873058>>>  Tank #2 Red AI Tank Launch angle not within tolerances, adjusting firing solution...
<<<16:12:56:873058>>>  Tank #2 Red AI Tank adjusted targeting angle one unit CCW...
<<<16:12:57:006871>>>  Tank #2 Red AI Tank is checking targeting info...
<<<16:12:57:006871>>>  Tank #2 Red AI Tank Launch angle not within tolerances, adjusting firing solution...
<<<16:12:57:006871>>>  Tank #2 Red AI Tank adjusted targeting angle one unit CCW...
<<<16:12:57:138617>>>  Tank #2 Red AI Tank is checking targeting info...
<<<16:12:57:138617>>>  Tank #2 Red AI Tank Launch angle not within tolerances, adjusting firing solution...
<<<16:12:57:138617>>>  Tank #2 Red AI Tank adjusted targeting angle one unit CCW...
<<<16:12:57:273850>>>  Tank #2 Red AI Tank is checking targeting info...
<<<16:12:57:273850>>>  Tank #2 Red AI Tank Launch angle not within tolerances, adjusting firing solution...
<<<16:12:57:273850>>>  Tank #2 Red AI Tank adjusted targeting angle one unit CCW...
<<<16:12:57:407589>>>  Tank #2 Red AI Tank is checking targeting info...
<<<16:12:57:407589>>>  Tank #2 Red AI Tank Launch angle not within tolerances, adjusting firing solution...
<<<16:12:57:407589>>>  Tank #2 Red AI Tank adjusted targeting angle one unit CCW...
<<<16:12:57:423704>>>  Deleting effect pixie gravity...
<<<16:12:57:541186>>>  Tank #2 Red AI Tank is checking targeting info...
<<<16:12:57:541186>>>  Tank #2 Red AI Tank Launch angle not within tolerances, adjusting firing solution...
<<<16:12:57:541186>>>  Tank #2 Red AI Tank adjusted targeting angle one unit CCW...
<<<16:12:57:673802>>>  Tank #2 Red AI Tank is checking targeting info...
<<<16:12:57:673802>>>  Tank #2 Red AI Tank Launch angle not within tolerances, adjusting firing solution...
<<<16:12:57:673802>>>  Tank #2 Red AI Tank adjusted targeting angle one unit CCW...
<<<16:12:57:806009>>>  Tank #2 Red AI Tank is checking targeting info...
<<<16:12:57:806009>>>  Tank #2 Red AI Tank Launch angle not within tolerances, adjusting firing solution...
<<<16:12:57:806009>>>  Tank #2 Red AI Tank adjusted targeting angle one unit CCW...
<<<16:12:57:939503>>>  Tank #2 Red AI Tank is checking targeting info...
<<<16:12:57:939503>>>  Tank #2 Red AI Tank Launch angle not within tolerances, adjusting firing solution...
<<<16:12:57:939503>>>  Tank #2 Red AI Tank adjusted targeting angle one unit CCW...
<<<16:12:58:070559>>>  Tank #2 Red AI Tank is checking targeting info...
<<<16:12:58:070559>>>  Tank #2 Red AI Tank Launch angle not within tolerances, adjusting firing solution...
<<<16:12:58:070559>>>  Tank #2 Red AI Tank adjusted targeting angle one unit CCW...
<<<16:12:58:202607>>>  Tank #2 Red AI Tank is checking targeting info...
<<<16:12:58:202607>>>  Tank #2 Red AI Tank Launch angle not within tolerances, adjusting firing solution...
<<<16:12:58:202607>>>  Tank #2 Red AI Tank adjusted targeting angle one unit CCW...
<<<16:12:58:333609>>>  Tank #2 Red AI Tank is checking targeting info...
<<<16:12:58:333609>>>  Tank #2 Red AI Tank Launch angle not within tolerances, adjusting firing solution...
<<<16:12:58:333609>>>  Tank #2 Red AI Tank adjusted targeting angle one unit CCW...
<<<16:12:58:465193>>>  Tank #2 Red AI Tank is checking targeting info...
<<<16:12:58:465193>>>  Tank #2 Red AI Tank Launch angle not within tolerances, adjusting firing solution...
<<<16:12:58:465193>>>  Tank #2 Red AI Tank adjusted targeting angle one unit CCW...
<<<16:12:58:596612>>>  Tank #2 Red AI Tank is checking targeting info...
<<<16:12:58:596612>>>  Tank #2 Red AI Tank Launch angle not within tolerances, adjusting firing solution...
<<<16:12:58:596612>>>  Tank #2 Red AI Tank adjusted targeting angle one unit CCW...
<<<16:12:58:726385>>>  Tank #2 Red AI Tank is checking targeting info...
<<<16:12:58:726385>>>  Tank #2 Red AI Tank Launch angle not within tolerances, adjusting firing solution...
<<<16:12:58:726385>>>  Tank #2 Red AI Tank adjusted targeting angle one unit CCW...
<<<16:12:58:859571>>>  Tank #2 Red AI Tank is checking targeting info...
<<<16:12:58:859571>>>  Tank #2 Red AI Tank Launch angle not within tolerances, adjusting firing solution...
<<<16:12:58:859571>>>  Tank #2 Red AI Tank adjusted targeting angle one unit CCW...
<<<16:12:58:991254>>>  Tank #2 Red AI Tank is checking targeting info...
<<<16:12:58:992048>>>  Tank #2 Red AI Tank Launch angle not within tolerances, adjusting firing solution...
<<<16:12:58:992048>>>  Tank #2 Red AI Tank adjusted targeting angle one unit CCW...
<<<16:12:59:124395>>>  Tank #2 Red AI Tank is checking targeting info...
<<<16:12:59:124395>>>  Tank #2 Red AI Tank Launch angle not within tolerances, adjusting firing solution...
<<<16:12:59:124395>>>  Tank #2 Red AI Tank adjusted targeting angle one unit CCW...
<<<16:12:59:258340>>>  Tank #2 Red AI Tank is checking targeting info...
<<<16:12:59:258340>>>  Tank #2 Red AI Tank firing solution within tolerances, not adjusting firing solution...
<<<16:12:59:258340>>>  Tank #2 Red AI Tank attempting to fire cannonball...
<<<16:12:59:524565>>>  Tank #2 Red AI Tank chose to shoot...
<<<16:12:59:656942>>>  Tank #2 Red AI Tank is checking targeting info...
<<<16:12:59:656942>>>  Tank #2 Red AI Tank lowered launch speed one unit...
<<<16:12:59:792452>>>  Tank #2 Red AI Tank is checking targeting info...
<<<16:12:59:792452>>>  Tank #2 Red AI Tank lowered launch speed one unit...
<<<16:12:59:924465>>>  Tank #2 Red AI Tank is checking targeting info...
<<<16:12:59:924465>>>  Tank #2 Red AI Tank firing solution within tolerances, not adjusting firing solution...
<<<16:12:59:924465>>>  Tank #2 Red AI Tank attempting to fire cannonball...
<<<16:13:00:059859>>>  Tank #2 Red AI Tank chose to move to 4.7211, cururently at 4.1713.
<<<16:13:00:059859>>>  Tank #2 Red AI Tank moved one unit CCW...
<<<16:13:00:059859>>>  Tank #2 Red AI Tank chose to move...
<<<16:13:00:191218>>>  Tank #2 Red AI Tank moved one unit CCW...
<<<16:13:00:326187>>>  Tank #2 Red AI Tank moved one unit CCW...
<<<16:13:00:459439>>>  Tank #2 Red AI Tank moved one unit CCW...
<<<16:13:00:592481>>>  Tank #2 Red AI Tank moved one unit CCW...
<<<16:13:00:724816>>>  Tank #2 Red AI Tank moved one unit CCW...
<<<16:13:00:855957>>>  Tank #2 Red AI Tank moved one unit CCW...
<<<16:13:00:986232>>>  Tank #2 Red AI Tank moved one unit CCW...
<<<16:13:01:115003>>>  Tank #2 Red AI Tank moved one unit CCW...
<<<16:13:01:245985>>>  Tank #2 Red AI Tank moved one unit CCW...
<<<16:13:01:376568>>>  Tank #2 Red AI Tank moved one unit CCW...
<<<16:13:01:506010>>>  Tank #2 Red AI Tank moved one unit CCW...
<<<16:13:01:641635>>>  Tank #2 Red AI Tank moved one unit CCW...
<<<16:13:01:772071>>>  Tank #2 Red AI Tank moved one unit CCW...
<<<16:13:01:903023>>>  Tank #2 Red AI Tank moved one unit CCW...
<<<16:13:02:032101>>>  Tank #2 Red AI Tank moved one unit CCW...
<<<16:13:02:164702>>>  Tank #2 Red AI Tank moved one unit CCW...
<<<16:13:02:294979>>>  Tank #2 Red AI Tank moved one unit CCW...
<<<16:13:02:425259>>>  Tank #2 Red AI Tank moved one unit CCW...
<<<16:13:02:557410>>>  Tank #2 Red AI Tank moved one unit CCW...
<<<16:13:02:691960>>>  Tank #2 Red AI Tank moved one unit CCW...
<<<16:13:02:824495>>>  Tank #2 Red AI Tank moved one unit CCW...
<<<16:13:02:956289>>>  Tank #2 Red AI Tank moved one unit CCW...
<<<16:13:03:086274>>>  Tank #2 Red AI Tank moved one unit CCW...
<<<16:13:03:215978>>>  Tank #2 Red AI Tank moved one unit CCW...
<<<16:13:03:346104>>>  Tank #2 Red AI Tank moved one unit CCW...
<<<16:13:03:477739>>>  Tank #2 Red AI Tank moved one unit CCW...
<<<16:13:03:610568>>>  Tank #2 Red AI Tank moved one unit CCW...
<<<16:13:03:741641>>>  Tank #2 Red AI Tank moved one unit CCW...
<<<16:13:03:874688>>>  Tank #2 Red AI Tank moved one unit CCW...
<<<16:13:04:006855>>>  Tank #2 Red AI Tank moved one unit CCW...
<<<16:13:04:273749>>>  Tank #2 Red AI Tank saw no celestials or cannonballs above their heads and is casting Gravity...
<<<16:13:10:492040>>>  Tank #1 Green Player Tank has been hit by Tank #2 Red AI Tank's Cannonball #3!
<<<16:13:10:508834>>>  Tank #1 Green Player Tank has been hit by Tank #2 Red AI Tank's Cannonball #3!
<<<16:13:10:525663>>>  Tank #1 Green Player Tank has been hit by Tank #2 Red AI Tank's Cannonball #3!
<<<16:13:10:542430>>>  Tank #1 Green Player Tank has been hit by Tank #2 Red AI Tank's Cannonball #3!
<<<16:13:10:558647>>>  Tank #1 Green Player Tank has been hit by Tank #2 Red AI Tank's Cannonball #3!
<<<16:13:10:574941>>>  Tank #1 Green Player Tank has been hit by Tank #2 Red AI Tank's Cannonball #3!
<<<16:13:10:591659>>>  Tank #1 Green Player Tank has been hit by Tank #2 Red AI Tank's Cannonball #3!
<<<16:13:10:608503>>>  Tank #1 Green Player Tank has been hit by Tank #2 Red AI Tank's Cannonball #3!
<<<16:13:10:624398>>>  Tank #1 Green Player Tank has been hit by Tank #2 Red AI Tank's Cannonball #3!
<<<16:13:10:640046>>>  Tank #1 Green Player Tank has been hit by Tank #2 Red AI Tank's Cannonball #3!
<<<16:13:10:656797>>>  Tank #1 Green Player Tank has been hit by Tank #2 Red AI Tank's Cannonball #3!
<<<16:13:10:673908>>>  Tank #1 Green Player Tank has been hit by Tank #2 Red AI Tank's Cannonball #3!
<<<16:13:10:691405>>>  Tank #1 Green Player Tank has been hit by Tank #2 Red AI Tank's Cannonball #3!
<<<16:13:10:707611>>>  Tank #1 Green Player Tank has been hit by Tank #2 Red AI Tank's Cannonball #3!
<<<16:13:10:724253>>>  Tank #1 Green Player Tank has been hit by Tank #2 Red AI Tank's Cannonball #3!
<<<16:13:10:741182>>>  Tank #1 Green Player Tank has been hit by Tank #2 Red AI Tank's Cannonball #3!
<<<16:13:10:758470>>>  Tank #1 Green Player Tank has been hit by Tank #2 Red AI Tank's Cannonball #3!
<<<16:13:10:773925>>>  Tank #1 Green Player Tank has been hit by Tank #2 Red AI Tank's Cannonball #3!
<<<16:13:10:790636>>>  Tank #1 Green Player Tank has been hit by Tank #2 Red AI Tank's Cannonball #3!
<<<16:13:10:808598>>>  Tank #1 Green Player Tank has been hit by Tank #2 Red AI Tank's Cannonball #3!
<<<16:13:10:826686>>>  Tank #1 Green Player Tank has been hit by Tank #2 Red AI Tank's Cannonball #2!
<<<16:13:10:826686>>>  Tank #1 Green Player Tank has been hit by Tank #2 Red AI Tank's Cannonball #3!
<<<16:13:10:843281>>>  Tank #1 Green Player Tank has been hit by Tank #2 Red AI Tank's Cannonball #2!
<<<16:13:10:843281>>>  Tank #1 Green Player Tank has been hit by Tank #2 Red AI Tank's Cannonball #3!
<<<16:13:10:858889>>>  Tank #1 Green Player Tank has been hit by Tank #2 Red AI Tank's Cannonball #2!
<<<16:13:10:858889>>>  Tank #1 Green Player Tank has been hit by Tank #2 Red AI Tank's Cannonball #3!
<<<16:13:10:875425>>>  Tank #1 Green Player Tank has been hit by Tank #2 Red AI Tank's Cannonball #2!
<<<16:13:10:875425>>>  Tank #1 Green Player Tank has been hit by Tank #2 Red AI Tank's Cannonball #3!
<<<16:13:10:892745>>>  Tank #1 Green Player Tank has been hit by Tank #2 Red AI Tank's Cannonball #2!
<<<16:13:10:892745>>>  Tank #1 Green Player Tank has been hit by Tank #2 Red AI Tank's Cannonball #3!
<<<16:13:10:909513>>>  Tank #1 Green Player Tank has been hit by Tank #2 Red AI Tank's Cannonball #2!
<<<16:13:10:909513>>>  Tank #1 Green Player Tank has been hit by Tank #2 Red AI Tank's Cannonball #3!
<<<16:13:10:925687>>>  Tank #1 Green Player Tank has been hit by Tank #2 Red AI Tank's Cannonball #2!
<<<16:13:10:925687>>>  Tank #1 Green Player Tank has been hit by Tank #2 Red AI Tank's Cannonball #3!
<<<16:13:10:942528>>>  Tank #1 Green Player Tank has been hit by Tank #2 Red AI Tank's Cannonball #2!
<<<16:13:10:942528>>>  Tank #1 Green Player Tank has been hit by Tank #2 Red AI Tank's Cannonball #3!
<<<16:13:10:958502>>>  Tank #1 Green Player Tank has been hit by Tank #2 Red AI Tank's Cannonball #2!
<<<16:13:10:958502>>>  Tank #1 Green Player Tank has been hit by Tank #2 Red AI Tank's Cannonball #3!
<<<16:13:10:974078>>>  Tank #1 Green Player Tank has been hit by Tank #2 Red AI Tank's Cannonball #2!
<<<16:13:10:974078>>>  Tank #1 Green Player Tank has been hit by Tank #2 Red AI Tank's Cannonball #3!
<<<16:13:10:989729>>>  Tank #1 Green Player Tank has been hit by Tank #2 Red AI Tank's Cannonball #2!
<<<16:13:10:989729>>>  Tank #1 Green Player Tank has been hit by Tank #2 Red AI Tank's Cannonball #3!
<<<16:13:11:006934>>>  Tank #1 Green Player Tank has been hit by Tank #2 Red AI Tank's Cannonball #2!
<<<16:13:11:006934>>>  Tank #1 Green Player Tank has been hit by Tank #2 Red AI Tank's Cannonball #3!
<<<16:13:11:023059>>>  Tank #1 Green Player Tank has been hit by Tank #2 Red AI Tank's Cannonball #2!
<<<16:13:11:023059>>>  Tank #1 Green Player Tank has been hit by Tank #2 Red AI Tank's Cannonball #3!
<<<16:13:11:039866>>>  Tank #1 Green Player Tank has been hit by Tank #2 Red AI Tank's Cannonball #2!
<<<16:13:11:039866>>>  Tank #1 Green Player Tank has been hit by Tank #2 Red AI Tank's Cannonball #3!
<<<16:13:11:057020>>>  Tank #1 Green Player Tank has been hit by Tank #2 Red AI Tank's Cannonball #2!
<<<16:13:11:057020>>>  Tank #1 Green Player Tank has been hit by Tank #2 Red AI Tank's Cannonball #3!
<<<16:13:11:074066>>>  Tank #1 Green Player Tank has been hit by Tank #2 Red AI Tank's Cannonball #2!
<<<16:13:11:074066>>>  Tank #1 Green Player Tank has been hit by Tank #2 Red AI Tank's Cannonball #3!
<<<16:13:11:090578>>>  Tank #1 Green Player Tank has been hit by Tank #2 Red AI Tank's Cannonball #2!
<<<16:13:11:090578>>>  Tank #1 Green Player Tank has been hit by Tank #2 Red AI Tank's Cannonball #3!
<<<16:13:11:106765>>>  Tank #1 Green Player Tank has been hit by Tank #2 Red AI Tank's Cannonball #2!
<<<16:13:11:106765>>>  Tank #1 Green Player Tank has been hit by Tank #2 Red AI Tank's Cannonball #3!
<<<16:13:11:123900>>>  Tank #1 Green Player Tank has been hit by Tank #2 Red AI Tank's Cannonball #2!
<<<16:13:11:123900>>>  Tank #1 Green Player Tank has been hit by Tank #2 Red AI Tank's Cannonball #3!
<<<16:13:11:140880>>>  Tank #1 Green Player Tank has been hit by Tank #2 Red AI Tank's Cannonball #2!
<<<16:13:11:140880>>>  Tank #1 Green Player Tank has been hit by Tank #2 Red AI Tank's Cannonball #3!
<<<16:13:11:156923>>>  Tank #1 Green Player Tank has been hit by Tank #2 Red AI Tank's Cannonball #2!
<<<16:13:11:156923>>>  Tank #1 Green Player Tank has been hit by Tank #2 Red AI Tank's Cannonball #3!
<<<16:13:11:174273>>>  Tank #1 Green Player Tank has been hit by Tank #2 Red AI Tank's Cannonball #2!
<<<16:13:11:174273>>>  Tank #1 Green Player Tank has been hit by Tank #2 Red AI Tank's Cannonball #3!
<<<16:13:11:190745>>>  Tank #1 Green Player Tank has been hit by Tank #2 Red AI Tank's Cannonball #2!
<<<16:13:11:190745>>>  Tank #1 Green Player Tank has been hit by Tank #2 Red AI Tank's Cannonball #3!
<<<16:13:11:208475>>>  Tank #1 Green Player Tank has been hit by Tank #2 Red AI Tank's Cannonball #2!
<<<16:13:11:208475>>>  Tank #1 Green Player Tank has been hit by Tank #2 Red AI Tank's Cannonball #3!
<<<16:13:11:224100>>>  Tank #1 Green Player Tank has been hit by Tank #2 Red AI Tank's Cannonball #2!
<<<16:13:11:224100>>>  Tank #2 Red AI Tank's Cannonball #3 explosion timer has expired, marked for removal...
<<<16:13:11:241144>>>  Tank #1 Green Player Tank has been hit by Tank #2 Red AI Tank's Cannonball #2!
<<<16:13:11:258321>>>  Tank #1 Green Player Tank has been hit by Tank #2 Red AI Tank's Cannonball #2!
<<<16:13:11:274520>>>  Tank #1 Green Player Tank has been hit by Tank #2 Red AI Tank's Cannonball #2!
<<<16:13:11:290846>>>  Tank #1 Green Player Tank has been hit by Tank #2 Red AI Tank's Cannonball #2!
<<<16:13:11:307619>>>  Tank #1 Green Player Tank has been hit by Tank #2 Red AI Tank's Cannonball #2!
<<<16:13:11:324653>>>  Tank #1 Green Player Tank has been hit by Tank #2 Red AI Tank's Cannonball #2!
<<<16:13:11:341941>>>  Tank #1 Green Player Tank has been hit by Tank #2 Red AI Tank's Cannonball #2!
<<<16:13:11:358030>>>  Tank #1 Green Player Tank has been hit by Tank #2 Red AI Tank's Cannonball #2!
<<<16:13:11:374017>>>  Tank #1 Green Player Tank has been hit by Tank #2 Red AI Tank's Cannonball #2!
<<<16:13:11:390333>>>  Tank #1 Green Player Tank has been hit by Tank #2 Red AI Tank's Cannonball #2!
<<<16:13:11:407035>>>  Tank #1 Green Player Tank has been hit by Tank #2 Red AI Tank's Cannonball #2!
<<<16:13:11:423392>>>  Tank #1 Green Player Tank has been hit by Tank #2 Red AI Tank's Cannonball #2!
<<<16:13:11:438831>>>  Tank #1 Green Player Tank has been hit by Tank #2 Red AI Tank's Cannonball #2!
<<<16:13:11:455262>>>  Tank #1 Green Player Tank has been hit by Tank #2 Red AI Tank's Cannonball #2!
<<<16:13:11:471383>>>  Tank #1 Green Player Tank has been hit by Tank #2 Red AI Tank's Cannonball #2!
<<<16:13:11:487473>>>  Tank #1 Green Player Tank has been hit by Tank #2 Red AI Tank's Cannonball #2!
<<<16:13:11:502602>>>  Tank #1 Green Player Tank has been hit by Tank #2 Red AI Tank's Cannonball #2!
<<<16:13:11:518885>>>  Tank #1 Green Player Tank has been hit by Tank #2 Red AI Tank's Cannonball #2!
<<<16:13:11:536508>>>  Tank #1 Green Player Tank has been hit by Tank #2 Red AI Tank's Cannonball #2!
<<<16:13:11:553441>>>  Tank #1 Green Player Tank has been hit by Tank #2 Red AI Tank's Cannonball #2!
<<<16:13:11:568878>>>  Tank #1 Green Player Tank has been hit by Tank #2 Red AI Tank's Cannonball #2!
<<<16:13:11:585248>>>  Tank #1 Green Player Tank has been hit by Tank #2 Red AI Tank's Cannonball #2!
<<<16:13:11:600821>>>  Tank #1 Green Player Tank has been hit by Tank #2 Red AI Tank's Cannonball #2!
<<<16:13:11:617211>>>  Tank #1 Green Player Tank has been hit by Tank #2 Red AI Tank's Cannonball #2!
<<<16:13:11:633593>>>  Tank #1 Green Player Tank has been hit by Tank #2 Red AI Tank's Cannonball #2!
<<<16:13:11:650551>>>  Tank #1 Green Player Tank has been hit by Tank #2 Red AI Tank's Cannonball #2!
<<<16:13:11:667661>>>  Tank #1 Green Player Tank has been hit by Tank #2 Red AI Tank's Cannonball #2!
<<<16:13:11:683850>>>  Tank #1 Green Player Tank has been hit by Tank #2 Red AI Tank's Cannonball #2!
<<<16:13:11:699803>>>  Tank #1 Green Player Tank has been hit by Tank #2 Red AI Tank's Cannonball #2!
<<<16:13:11:716659>>>  Tank #1 Green Player Tank has been hit by Tank #2 Red AI Tank's Cannonball #2!
<<<16:13:11:733014>>>  Tank #1 Green Player Tank has been hit by Tank #2 Red AI Tank's Cannonball #2!
<<<16:13:11:749040>>>  Tank #1 Green Player Tank has been hit by Tank #2 Red AI Tank's Cannonball #2!
<<<16:13:11:749040>>>  Tank #1 Green Player Tank being destroyed...
<<<16:13:11:749040>>>  Tank successfully destroyed!
<<<16:13:12:111415>>>  Tank #2 Red AI Tank's Cannonball #2 explosion timer has expired, marked for removal...
<<<16:13:12:112427>>>  Exiting game outside of main loop and writing log file...
