<<<11:20:49:612705>>>  Pix\Homeworlds\Tundra\7.png loaded as pixie for Earth...
<<<11:20:49:612705>>>  Image at Pix\Homeworlds\Tundra\7.png chosen as homeworld pix for Earth's...
<<<11:20:49:613706>>>  Pix\Moons\13.png loaded as pixie for Moon #2...
<<<11:20:49:685512>>>  Pix\Snails\Green_Snail\Spells\Spellready_Icon\spellready.png returned as pixie for Snail #1 Green Player...
<<<11:20:49:685512>>>  Pix\Magic\Scroll\scroll.png returned as pixie for Snail #1 Green Player...
<<<11:20:49:685512>>>  Snail #1 Green Player successfully created!
<<<11:20:49:756318>>>  Pix\Snails\Red_Snail\Spells\Spellready_Icon\spellready.png returned as pixie for Snail #2 Red Player...
<<<11:20:49:756318>>>  Pix\Magic\Scroll\scroll.png returned as pixie for Snail #2 Red Player...
<<<11:20:49:756318>>>  Snail #2 Red Player successfully created!
<<<11:20:49:991259>>>  Snail #1 Green Player chambered cannonball...
<<<11:20:49:991259>>>
* CURRENT VALUES FOR CELESTIAL BODY:  Snail #1 Green Player's Cannonball #1
* This is not the homeworld.
* The celestial boyd's density is 5515 kg/m^3.
* The celestial body's mass is 1000 kg.
* The Earth's mass is 5.972e+24 kg.
* The celestial body's radius is 0.001 km.
* The celestial body's coordinates are (3.9011123786838936e-13, 6371.0).
* The celestial body's velocity is (-0.0012122700051530452, 5.592143753999971).
* The celestial body's speed is 5.592143885398466 km/s.
* The celestial body's acceleration is (0, 0).
* The celestial body's screen x and y coordinates are (768, 345).
* The celestial body's screen radius is 2.
* The celestial is using a body circle.
<<<11:20:49:991259>>>
* ADDITIONAL INFORMATION FOR Snail #1 Green Player's Cannonball #1:
* This cannonball is chambered.
<<<11:21:09:307493>>>
* INFORMATION FOR Snail #1 Green Player's CANNONBALLS:
* Cannonballs in memory for Snail #1 Green Player:  1.
* Total cannonballs fired or chambered for Snail #1 Green Player:  1.
<<<11:21:09:307493>>>
* CURRENT VALUES FOR CELESTIAL BODY:  Snail #1 Green Player's Cannonball #1
* This is not the homeworld.
* The celestial boyd's density is 5515 kg/m^3.
* The celestial body's mass is 1000 kg.
* The Earth's mass is 5.972e+24 kg.
* The celestial body's radius is 0.001 km.
* The celestial body's coordinates are (-99.99535391113966, 7032.719229890162).
* The celestial body's velocity is (-0.0012122700051530452, 5.592143753999971).
* The celestial body's speed is 5.592143885398466 km/s.
* The celestial body's acceleration is (0, 0).
* The celestial body's screen x and y coordinates are (766, 336).
* The celestial body's screen radius is 2.
* The celestial is using a body circle.
<<<11:21:09:307493>>>
* ADDITIONAL INFORMATION FOR Snail #1 Green Player's Cannonball #1:
* This cannonball is chambered.
<<<11:21:09:307493>>>
* INFORMATION FOR Snail #2 Red Player's CANNONBALLS:
* Cannonballs in memory for Snail #2 Red Player:  0.
* Total cannonballs fired or chambered for Snail #2 Red Player:  0.
<<<11:21:09:307493>>>  Quit through pygame and writing log file...
