<<<13:22:37:307020>>>
* Screen coordinates (81, 393) choosen in zone #8.
* Screen dimensions are 1536 wide by 864 high.
* Minimum (x, y) are (0, 144).
* Maximum (x, y) are (256, 720).
* Mid (x, y) are (128, 432).
<<<13:22:37:307020>>>  Image at Pix\Faraway_Objects\Suns\10.png choosen for background...
<<<13:22:37:319030>>>  Pix\Homeworlds\Forest\13.png loaded as pixie for Earth and scaled to body circle...
<<<13:22:37:319030>>>  Image at Pix\Homeworlds\Forest\13.png chosen as homeworld pix for Earth's...
<<<13:22:37:320034>>>  Pix\Moons\3.png loaded as pixie for Moon #2 and scaled to body circle...
<<<13:22:37:345959>>>  Enemy Tank chose to shoot...
<<<13:22:37:346948>>>  Enemy Tank is checking targeting info...
<<<13:22:37:346948>>>  Enemy Tank Launch angle not within tolerances, adjusting firing solution...
<<<13:22:37:346948>>>  Enemy Tank Launch speed not within tolerances, adjusting firing solution...
<<<13:22:37:346948>>>  Enemy Tank adjusted targeting angle one unit CW...
<<<13:22:37:348941>>>  Enemy Tank is checking targeting info...
<<<13:22:37:349907>>>  Enemy Tank Launch angle not within tolerances, adjusting firing solution...
<<<13:22:37:349907>>>  Enemy Tank Launch speed not within tolerances, adjusting firing solution...
<<<13:22:37:349907>>>  Enemy Tank adjusted targeting angle one unit CW...
<<<13:22:37:364948>>>  Enemy Tank is checking targeting info...
<<<13:22:37:364948>>>  Enemy Tank Launch angle not within tolerances, adjusting firing solution...
<<<13:22:37:364948>>>  Enemy Tank Launch speed not within tolerances, adjusting firing solution...
<<<13:22:37:364948>>>  Enemy Tank adjusted targeting angle one unit CW...
<<<13:22:37:381569>>>  Enemy Tank is checking targeting info...
<<<13:22:37:381569>>>  Enemy Tank Launch angle not within tolerances, adjusting firing solution...
<<<13:22:37:381569>>>  Enemy Tank Launch speed not within tolerances, adjusting firing solution...
<<<13:22:37:381569>>>  Enemy Tank adjusted targeting angle one unit CW...
<<<13:22:37:396241>>>  Enemy Tank is checking targeting info...
<<<13:22:37:396241>>>  Enemy Tank Launch angle not within tolerances, adjusting firing solution...
<<<13:22:37:396241>>>  Enemy Tank Launch speed not within tolerances, adjusting firing solution...
<<<13:22:37:396241>>>  Enemy Tank adjusted targeting angle one unit CW...
<<<13:22:37:412518>>>  Enemy Tank is checking targeting info...
<<<13:22:37:412518>>>  Enemy Tank Launch angle not within tolerances, adjusting firing solution...
<<<13:22:37:412518>>>  Enemy Tank Launch speed not within tolerances, adjusting firing solution...
<<<13:22:37:412518>>>  Enemy Tank adjusted targeting angle one unit CW...
<<<13:22:37:429191>>>  Enemy Tank is checking targeting info...
<<<13:22:37:429191>>>  Enemy Tank Launch angle not within tolerances, adjusting firing solution...
<<<13:22:37:429191>>>  Enemy Tank Launch speed not within tolerances, adjusting firing solution...
<<<13:22:37:429191>>>  Enemy Tank adjusted targeting angle one unit CW...
<<<13:22:37:445026>>>  Enemy Tank is checking targeting info...
<<<13:22:37:445026>>>  Enemy Tank Launch angle not within tolerances, adjusting firing solution...
<<<13:22:37:445026>>>  Enemy Tank Launch speed not within tolerances, adjusting firing solution...
<<<13:22:37:445026>>>  Enemy Tank adjusted targeting angle one unit CW...
<<<13:22:37:461790>>>  Enemy Tank is checking targeting info...
<<<13:22:37:461790>>>  Enemy Tank Launch angle not within tolerances, adjusting firing solution...
<<<13:22:37:461790>>>  Enemy Tank Launch speed not within tolerances, adjusting firing solution...
<<<13:22:37:461790>>>  Enemy Tank adjusted targeting angle one unit CW...
<<<13:22:37:478685>>>  Enemy Tank is checking targeting info...
<<<13:22:37:478685>>>  Enemy Tank Launch angle not within tolerances, adjusting firing solution...
<<<13:22:37:478685>>>  Enemy Tank Launch speed not within tolerances, adjusting firing solution...
<<<13:22:37:478685>>>  Enemy Tank adjusted targeting angle one unit CW...
<<<13:22:37:495725>>>  Enemy Tank is checking targeting info...
<<<13:22:37:495725>>>  Enemy Tank Launch angle not within tolerances, adjusting firing solution...
<<<13:22:37:495725>>>  Enemy Tank Launch speed not within tolerances, adjusting firing solution...
<<<13:22:37:495725>>>  Enemy Tank adjusted targeting angle one unit CW...
<<<13:22:37:513952>>>  Enemy Tank is checking targeting info...
<<<13:22:37:513952>>>  Enemy Tank Launch angle not within tolerances, adjusting firing solution...
<<<13:22:37:513952>>>  Enemy Tank Launch speed not within tolerances, adjusting firing solution...
<<<13:22:37:513952>>>  Enemy Tank adjusted targeting angle one unit CW...
<<<13:22:37:530084>>>  Enemy Tank is checking targeting info...
<<<13:22:37:530084>>>  Enemy Tank Launch angle not within tolerances, adjusting firing solution...
<<<13:22:37:530084>>>  Enemy Tank Launch speed not within tolerances, adjusting firing solution...
<<<13:22:37:530084>>>  Enemy Tank adjusted targeting angle one unit CW...
<<<13:22:37:546809>>>  Enemy Tank is checking targeting info...
<<<13:22:37:546809>>>  Enemy Tank Launch angle not within tolerances, adjusting firing solution...
<<<13:22:37:546809>>>  Enemy Tank Launch speed not within tolerances, adjusting firing solution...
<<<13:22:37:546809>>>  Enemy Tank adjusted targeting angle one unit CW...
<<<13:22:37:562372>>>  Enemy Tank is checking targeting info...
<<<13:22:37:562372>>>  Enemy Tank Launch angle not within tolerances, adjusting firing solution...
<<<13:22:37:562372>>>  Enemy Tank Launch speed not within tolerances, adjusting firing solution...
<<<13:22:37:562372>>>  Enemy Tank adjusted targeting angle one unit CW...
<<<13:22:37:578360>>>  Enemy Tank is checking targeting info...
<<<13:22:37:578360>>>  Enemy Tank Launch angle not within tolerances, adjusting firing solution...
<<<13:22:37:578360>>>  Enemy Tank Launch speed not within tolerances, adjusting firing solution...
<<<13:22:37:578360>>>  Enemy Tank adjusted targeting angle one unit CW...
<<<13:22:37:596174>>>  Enemy Tank is checking targeting info...
<<<13:22:37:596174>>>  Enemy Tank Launch angle not within tolerances, adjusting firing solution...
<<<13:22:37:596174>>>  Enemy Tank Launch speed not within tolerances, adjusting firing solution...
<<<13:22:37:596174>>>  Enemy Tank adjusted targeting angle one unit CW...
<<<13:22:37:611521>>>  Enemy Tank is checking targeting info...
<<<13:22:37:611521>>>  Enemy Tank Launch angle not within tolerances, adjusting firing solution...
<<<13:22:37:611521>>>  Enemy Tank Launch speed not within tolerances, adjusting firing solution...
<<<13:22:37:611521>>>  Enemy Tank adjusted targeting angle one unit CW...
<<<13:22:37:627482>>>  Enemy Tank is checking targeting info...
<<<13:22:37:627482>>>  Enemy Tank Launch angle not within tolerances, adjusting firing solution...
<<<13:22:37:627482>>>  Enemy Tank Launch speed not within tolerances, adjusting firing solution...
<<<13:22:37:627482>>>  Enemy Tank adjusted targeting angle one unit CW...
<<<13:22:37:643252>>>  Enemy Tank is checking targeting info...
<<<13:22:37:643252>>>  Enemy Tank Launch angle not within tolerances, adjusting firing solution...
<<<13:22:37:643252>>>  Enemy Tank Launch speed not within tolerances, adjusting firing solution...
<<<13:22:37:643252>>>  Enemy Tank adjusted targeting angle one unit CW...
<<<13:22:37:659590>>>  Enemy Tank is checking targeting info...
<<<13:22:37:659590>>>  Enemy Tank Launch angle not within tolerances, adjusting firing solution...
<<<13:22:37:659590>>>  Enemy Tank Launch speed not within tolerances, adjusting firing solution...
<<<13:22:37:659590>>>  Enemy Tank adjusted targeting angle one unit CW...
<<<13:22:37:676536>>>  Enemy Tank is checking targeting info...
<<<13:22:37:676536>>>  Enemy Tank Launch angle not within tolerances, adjusting firing solution...
<<<13:22:37:676536>>>  Enemy Tank Launch speed not within tolerances, adjusting firing solution...
<<<13:22:37:676536>>>  Enemy Tank adjusted targeting angle one unit CW...
<<<13:22:37:692346>>>  Enemy Tank is checking targeting info...
<<<13:22:37:692346>>>  Enemy Tank Launch angle not within tolerances, adjusting firing solution...
<<<13:22:37:692346>>>  Enemy Tank Launch speed not within tolerances, adjusting firing solution...
<<<13:22:37:692346>>>  Enemy Tank adjusted targeting angle one unit CW...
<<<13:22:37:707717>>>  Enemy Tank is checking targeting info...
<<<13:22:37:707717>>>  Enemy Tank Launch angle not within tolerances, adjusting firing solution...
<<<13:22:37:707717>>>  Enemy Tank Launch speed not within tolerances, adjusting firing solution...
<<<13:22:37:707717>>>  Enemy Tank adjusted targeting angle one unit CW...
<<<13:22:37:724886>>>  Enemy Tank is checking targeting info...
<<<13:22:37:724886>>>  Enemy Tank Launch angle not within tolerances, adjusting firing solution...
<<<13:22:37:724886>>>  Enemy Tank Launch speed not within tolerances, adjusting firing solution...
<<<13:22:37:724886>>>  Enemy Tank adjusted targeting angle one unit CW...
<<<13:22:37:741694>>>  Enemy Tank is checking targeting info...
<<<13:22:37:741694>>>  Enemy Tank Launch angle not within tolerances, adjusting firing solution...
<<<13:22:37:741694>>>  Enemy Tank Launch speed not within tolerances, adjusting firing solution...
<<<13:22:37:741694>>>  Enemy Tank adjusted targeting angle one unit CW...
<<<13:22:37:758881>>>  Enemy Tank is checking targeting info...
<<<13:22:37:758881>>>  Enemy Tank increased launch speed one unit...
<<<13:22:37:776567>>>  Enemy Tank is checking targeting info...
<<<13:22:37:776567>>>  Enemy Tank increased launch speed one unit...
<<<13:22:37:792765>>>  Enemy Tank is checking targeting info...
<<<13:22:37:792765>>>  Enemy Tank increased launch speed one unit...
<<<13:22:37:809801>>>  Enemy Tank is checking targeting info...
<<<13:22:37:809801>>>  Enemy Tank increased launch speed one unit...
<<<13:22:37:826854>>>  Enemy Tank is checking targeting info...
<<<13:22:37:826854>>>  Enemy Tank increased launch speed one unit...
<<<13:22:37:844118>>>  Enemy Tank is checking targeting info...
<<<13:22:37:844118>>>  Enemy Tank increased launch speed one unit...
<<<13:22:37:861820>>>  Player Tank chambered cannonball...
<<<13:22:37:861820>>>
* CURRENT VALUES FOR CELESTIAL BODY:  Player Tank's Cannonball #1
* This is not the homeworld.
* The celestial boyd's density is 5515 kg/m^3.
* The celestial body's mass is 1000 kg.
* The Earth's mass is 5.972e+24 kg.
* The celestial body's radius is 0.001 km.
* The celestial body's coordinates are (3.9011123786838936e-13, 6371.0).
* The celestial body's velocity is (-0.009305949124701186, 5.591174120465297).
* The celestial body's speed is 5.591181864869895 km/s.
* The celestial body's acceleration is (0, 0).
* The celestial body's screen x and y coordinates are (768, 345).
* The celestial body's screen radius is 2.
* The celestial is using a body circle.
<<<13:22:37:861820>>>
* ADDITIONAL INFORMATION FOR Player Tank's Cannonball #1:
* This cannonball is chambered.
<<<13:22:37:861820>>>  Enemy Tank is checking targeting info...
<<<13:22:37:861820>>>  Enemy Tank increased launch speed one unit...
<<<13:22:37:877563>>>  Enemy Tank is checking targeting info...
<<<13:22:37:877563>>>  Enemy Tank increased launch speed one unit...
<<<13:22:37:894447>>>  Enemy Tank is checking targeting info...
<<<13:22:37:894447>>>  Enemy Tank increased launch speed one unit...
<<<13:22:37:909793>>>  Enemy Tank is checking targeting info...
<<<13:22:37:909793>>>  Enemy Tank increased launch speed one unit...
<<<13:22:37:926830>>>  Enemy Tank is checking targeting info...
<<<13:22:37:926830>>>  Enemy Tank increased launch speed one unit...
<<<13:22:37:944133>>>  Enemy Tank is checking targeting info...
<<<13:22:37:944133>>>  Enemy Tank increased launch speed one unit...
<<<13:22:37:960083>>>  Enemy Tank is checking targeting info...
<<<13:22:37:961081>>>  Enemy Tank increased launch speed one unit...
<<<13:22:37:977212>>>  Enemy Tank is checking targeting info...
<<<13:22:37:977212>>>  Enemy Tank increased launch speed one unit...
<<<13:22:37:992719>>>  Enemy Tank is checking targeting info...
<<<13:22:37:992719>>>  Enemy Tank increased launch speed one unit...
<<<13:22:38:009708>>>  Enemy Tank is checking targeting info...
<<<13:22:38:009708>>>  Enemy Tank increased launch speed one unit...
<<<13:22:38:027527>>>  Enemy Tank is checking targeting info...
<<<13:22:38:027527>>>  Enemy Tank increased launch speed one unit...
<<<13:22:38:042964>>>  Enemy Tank is checking targeting info...
<<<13:22:38:042964>>>  Enemy Tank increased launch speed one unit...
<<<13:22:38:059891>>>  Enemy Tank is checking targeting info...
<<<13:22:38:059891>>>  Enemy Tank increased launch speed one unit...
<<<13:22:38:076644>>>  Enemy Tank is checking targeting info...
<<<13:22:38:076644>>>  Enemy Tank increased launch speed one unit...
<<<13:22:38:092759>>>  Enemy Tank is checking targeting info...
<<<13:22:38:092759>>>  Enemy Tank increased launch speed one unit...
<<<13:22:38:109737>>>  Enemy Tank is checking targeting info...
<<<13:22:38:109737>>>  Enemy Tank increased launch speed one unit...
<<<13:22:38:127656>>>  Enemy Tank is checking targeting info...
<<<13:22:38:127656>>>  Enemy Tank increased launch speed one unit...
<<<13:22:38:143360>>>  Enemy Tank is checking targeting info...
<<<13:22:38:143360>>>  Enemy Tank increased launch speed one unit...
<<<13:22:38:157999>>>  Enemy Tank is checking targeting info...
<<<13:22:38:157999>>>  Enemy Tank increased launch speed one unit...
<<<13:22:38:173924>>>  Enemy Tank is checking targeting info...
<<<13:22:38:173924>>>  Enemy Tank increased launch speed one unit...
<<<13:22:38:190090>>>  Enemy Tank is checking targeting info...
<<<13:22:38:190090>>>  Enemy Tank increased launch speed one unit...
<<<13:22:38:207039>>>  Enemy Tank is checking targeting info...
<<<13:22:38:207039>>>  Enemy Tank increased launch speed one unit...
<<<13:22:38:223143>>>  Enemy Tank is checking targeting info...
<<<13:22:38:223143>>>  Enemy Tank increased launch speed one unit...
<<<13:22:38:239409>>>  Enemy Tank is checking targeting info...
<<<13:22:38:239409>>>  Enemy Tank increased launch speed one unit...
<<<13:22:38:256230>>>  Enemy Tank is checking targeting info...
<<<13:22:38:256230>>>  Enemy Tank increased launch speed one unit...
<<<13:22:38:272193>>>  Enemy Tank is checking targeting info...
<<<13:22:38:272193>>>  Enemy Tank increased launch speed one unit...
<<<13:22:38:288186>>>  Enemy Tank is checking targeting info...
<<<13:22:38:288186>>>  Enemy Tank increased launch speed one unit...
<<<13:22:38:303971>>>  Enemy Tank is checking targeting info...
<<<13:22:38:303971>>>  Enemy Tank increased launch speed one unit...
<<<13:22:38:320205>>>  Enemy Tank is checking targeting info...
<<<13:22:38:320205>>>  Enemy Tank increased launch speed one unit...
<<<13:22:38:336150>>>  Enemy Tank is checking targeting info...
<<<13:22:38:336150>>>  Enemy Tank increased launch speed one unit...
<<<13:22:38:352809>>>  Enemy Tank is checking targeting info...
<<<13:22:38:352809>>>  Enemy Tank increased launch speed one unit...
<<<13:22:38:368120>>>  Enemy Tank is checking targeting info...
<<<13:22:38:368120>>>  Enemy Tank increased launch speed one unit...
<<<13:22:38:384165>>>  Enemy Tank is checking targeting info...
<<<13:22:38:384165>>>  Enemy Tank increased launch speed one unit...
<<<13:22:38:400879>>>  Enemy Tank is checking targeting info...
<<<13:22:38:400879>>>  Enemy Tank increased launch speed one unit...
<<<13:22:38:416248>>>  Enemy Tank is checking targeting info...
<<<13:22:38:416248>>>  Enemy Tank increased launch speed one unit...
<<<13:22:38:432608>>>  Enemy Tank is checking targeting info...
<<<13:22:38:432608>>>  Enemy Tank increased launch speed one unit...
<<<13:22:38:449730>>>  Enemy Tank is checking targeting info...
<<<13:22:38:449730>>>  Enemy Tank increased launch speed one unit...
<<<13:22:38:466962>>>  Enemy Tank is checking targeting info...
<<<13:22:38:466962>>>  Enemy Tank increased launch speed one unit...
<<<13:22:38:483854>>>  Enemy Tank is checking targeting info...
<<<13:22:38:483854>>>  Enemy Tank firing solution within tolerances, not adjusting firing solution...
<<<13:22:38:483854>>>  Enemy Tank attempting to fire cannonball...
<<<13:22:38:499733>>>  Enemy Tank chose to shoot...
<<<13:22:38:516549>>>  Enemy Tank is checking targeting info...
<<<13:22:38:516549>>>  Enemy Tank Launch angle not within tolerances, adjusting firing solution...
<<<13:22:38:516549>>>  Enemy Tank adjusted targeting angle one unit CCW...
<<<13:22:38:534599>>>  Enemy Tank is checking targeting info...
<<<13:22:38:534599>>>  Enemy Tank Launch angle not within tolerances, adjusting firing solution...
<<<13:22:38:534599>>>  Enemy Tank adjusted targeting angle one unit CCW...
<<<13:22:38:550356>>>  Enemy Tank is checking targeting info...
<<<13:22:38:550356>>>  Enemy Tank Launch angle not within tolerances, adjusting firing solution...
<<<13:22:38:550356>>>  Enemy Tank adjusted targeting angle one unit CCW...
<<<13:22:38:567167>>>  Enemy Tank is checking targeting info...
<<<13:22:38:567167>>>  Enemy Tank Launch angle not within tolerances, adjusting firing solution...
<<<13:22:38:567167>>>  Enemy Tank adjusted targeting angle one unit CCW...
<<<13:22:38:583149>>>  Enemy Tank is checking targeting info...
<<<13:22:38:583149>>>  Enemy Tank Launch angle not within tolerances, adjusting firing solution...
<<<13:22:38:583149>>>  Enemy Tank adjusted targeting angle one unit CCW...
<<<13:22:38:598513>>>  Enemy Tank is checking targeting info...
<<<13:22:38:598513>>>  Enemy Tank Launch angle not within tolerances, adjusting firing solution...
<<<13:22:38:598513>>>  Enemy Tank adjusted targeting angle one unit CCW...
<<<13:22:38:614686>>>  Enemy Tank is checking targeting info...
<<<13:22:38:615683>>>  Enemy Tank Launch angle not within tolerances, adjusting firing solution...
<<<13:22:38:615683>>>  Enemy Tank adjusted targeting angle one unit CCW...
<<<13:22:38:630861>>>  Enemy Tank is checking targeting info...
<<<13:22:38:630861>>>  Enemy Tank Launch angle not within tolerances, adjusting firing solution...
<<<13:22:38:630861>>>  Enemy Tank adjusted targeting angle one unit CCW...
<<<13:22:38:647939>>>  Enemy Tank is checking targeting info...
<<<13:22:38:647939>>>  Enemy Tank Launch angle not within tolerances, adjusting firing solution...
<<<13:22:38:647939>>>  Enemy Tank adjusted targeting angle one unit CCW...
<<<13:22:38:664796>>>  Enemy Tank is checking targeting info...
<<<13:22:38:664796>>>  Enemy Tank Launch angle not within tolerances, adjusting firing solution...
<<<13:22:38:664796>>>  Enemy Tank adjusted targeting angle one unit CCW...
<<<13:22:38:681062>>>  Enemy Tank is checking targeting info...
<<<13:22:38:681062>>>  Enemy Tank Launch angle not within tolerances, adjusting firing solution...
<<<13:22:38:681062>>>  Enemy Tank adjusted targeting angle one unit CCW...
<<<13:22:38:697082>>>  Enemy Tank is checking targeting info...
<<<13:22:38:697082>>>  Enemy Tank Launch angle not within tolerances, adjusting firing solution...
<<<13:22:38:697082>>>  Enemy Tank adjusted targeting angle one unit CCW...
<<<13:22:38:714118>>>  Enemy Tank is checking targeting info...
<<<13:22:38:714118>>>  Enemy Tank Launch angle not within tolerances, adjusting firing solution...
<<<13:22:38:714118>>>  Enemy Tank adjusted targeting angle one unit CCW...
<<<13:22:38:730329>>>  Enemy Tank is checking targeting info...
<<<13:22:38:730329>>>  Enemy Tank Launch angle not within tolerances, adjusting firing solution...
<<<13:22:38:730329>>>  Enemy Tank adjusted targeting angle one unit CCW...
<<<13:22:38:746343>>>  Enemy Tank is checking targeting info...
<<<13:22:38:746343>>>  Enemy Tank Launch angle not within tolerances, adjusting firing solution...
<<<13:22:38:746343>>>  Enemy Tank adjusted targeting angle one unit CCW...
<<<13:22:38:762221>>>  Enemy Tank is checking targeting info...
<<<13:22:38:763218>>>  Enemy Tank Launch angle not within tolerances, adjusting firing solution...
<<<13:22:38:763218>>>  Enemy Tank adjusted targeting angle one unit CCW...
<<<13:22:38:778570>>>  Enemy Tank is checking targeting info...
<<<13:22:38:778570>>>  Enemy Tank Launch angle not within tolerances, adjusting firing solution...
<<<13:22:38:778570>>>  Enemy Tank adjusted targeting angle one unit CCW...
<<<13:22:38:794371>>>  Enemy Tank is checking targeting info...
<<<13:22:38:794371>>>  Enemy Tank Launch angle not within tolerances, adjusting firing solution...
<<<13:22:38:794371>>>  Enemy Tank adjusted targeting angle one unit CCW...
<<<13:22:38:811249>>>  Enemy Tank is checking targeting info...
<<<13:22:38:811249>>>  Enemy Tank Launch angle not within tolerances, adjusting firing solution...
<<<13:22:38:811249>>>  Enemy Tank adjusted targeting angle one unit CCW...
<<<13:22:38:826790>>>  Enemy Tank is checking targeting info...
<<<13:22:38:826790>>>  Enemy Tank Launch angle not within tolerances, adjusting firing solution...
<<<13:22:38:826790>>>  Enemy Tank adjusted targeting angle one unit CCW...
<<<13:22:38:844221>>>  Enemy Tank is checking targeting info...
<<<13:22:38:844221>>>  Enemy Tank Launch angle not within tolerances, adjusting firing solution...
<<<13:22:38:844221>>>  Enemy Tank adjusted targeting angle one unit CCW...
<<<13:22:38:860920>>>  Enemy Tank is checking targeting info...
<<<13:22:38:860920>>>  Enemy Tank Launch angle not within tolerances, adjusting firing solution...
<<<13:22:38:860920>>>  Enemy Tank adjusted targeting angle one unit CCW...
<<<13:22:38:877477>>>  Enemy Tank is checking targeting info...
<<<13:22:38:878474>>>  Enemy Tank Launch angle not within tolerances, adjusting firing solution...
<<<13:22:38:878474>>>  Enemy Tank adjusted targeting angle one unit CCW...
<<<13:22:38:894646>>>  Enemy Tank is checking targeting info...
<<<13:22:38:894646>>>  Enemy Tank Launch angle not within tolerances, adjusting firing solution...
<<<13:22:38:894646>>>  Enemy Tank adjusted targeting angle one unit CCW...
<<<13:22:38:910673>>>  Enemy Tank is checking targeting info...
<<<13:22:38:910673>>>  Enemy Tank Launch angle not within tolerances, adjusting firing solution...
<<<13:22:38:910673>>>  Enemy Tank adjusted targeting angle one unit CCW...
<<<13:22:38:927869>>>  Enemy Tank is checking targeting info...
<<<13:22:38:927869>>>  Enemy Tank Launch angle not within tolerances, adjusting firing solution...
<<<13:22:38:927869>>>  Enemy Tank adjusted targeting angle one unit CCW...
<<<13:22:38:944871>>>  Enemy Tank is checking targeting info...
<<<13:22:38:944871>>>  Enemy Tank Launch angle not within tolerances, adjusting firing solution...
<<<13:22:38:944871>>>  Enemy Tank adjusted targeting angle one unit CCW...
<<<13:22:38:961882>>>  Enemy Tank is checking targeting info...
<<<13:22:38:961882>>>  Enemy Tank Launch angle not within tolerances, adjusting firing solution...
<<<13:22:38:961882>>>  Enemy Tank adjusted targeting angle one unit CCW...
<<<13:22:38:977874>>>  Enemy Tank is checking targeting info...
<<<13:22:38:977874>>>  Enemy Tank Launch angle not within tolerances, adjusting firing solution...
<<<13:22:38:977874>>>  Enemy Tank adjusted targeting angle one unit CCW...
<<<13:22:38:995434>>>  Enemy Tank is checking targeting info...
<<<13:22:38:995434>>>  Enemy Tank Launch angle not within tolerances, adjusting firing solution...
<<<13:22:38:995434>>>  Enemy Tank adjusted targeting angle one unit CCW...
<<<13:22:39:012186>>>  Enemy Tank is checking targeting info...
<<<13:22:39:012186>>>  Enemy Tank Launch angle not within tolerances, adjusting firing solution...
<<<13:22:39:012186>>>  Enemy Tank adjusted targeting angle one unit CCW...
<<<13:22:39:027620>>>  Enemy Tank is checking targeting info...
<<<13:22:39:027620>>>  Enemy Tank Launch angle not within tolerances, adjusting firing solution...
<<<13:22:39:027620>>>  Enemy Tank adjusted targeting angle one unit CCW...
<<<13:22:39:044386>>>  Enemy Tank is checking targeting info...
<<<13:22:39:044386>>>  Enemy Tank Launch angle not within tolerances, adjusting firing solution...
<<<13:22:39:044386>>>  Enemy Tank adjusted targeting angle one unit CCW...
<<<13:22:39:061202>>>  Enemy Tank is checking targeting info...
<<<13:22:39:061202>>>  Enemy Tank Launch angle not within tolerances, adjusting firing solution...
<<<13:22:39:061202>>>  Enemy Tank adjusted targeting angle one unit CCW...
<<<13:22:39:077393>>>  Enemy Tank is checking targeting info...
<<<13:22:39:077393>>>  Enemy Tank Launch angle not within tolerances, adjusting firing solution...
<<<13:22:39:077393>>>  Enemy Tank adjusted targeting angle one unit CCW...
<<<13:22:39:093235>>>  Enemy Tank is checking targeting info...
<<<13:22:39:093235>>>  Enemy Tank Launch angle not within tolerances, adjusting firing solution...
<<<13:22:39:093235>>>  Enemy Tank adjusted targeting angle one unit CCW...
<<<13:22:39:109906>>>  Enemy Tank is checking targeting info...
<<<13:22:39:110903>>>  Enemy Tank Launch angle not within tolerances, adjusting firing solution...
<<<13:22:39:110903>>>  Enemy Tank adjusted targeting angle one unit CCW...
<<<13:22:39:126183>>>  Enemy Tank is checking targeting info...
<<<13:22:39:126183>>>  Enemy Tank Launch angle not within tolerances, adjusting firing solution...
<<<13:22:39:126183>>>  Enemy Tank adjusted targeting angle one unit CCW...
<<<13:22:39:142258>>>  Enemy Tank is checking targeting info...
<<<13:22:39:142258>>>  Enemy Tank Launch angle not within tolerances, adjusting firing solution...
<<<13:22:39:142258>>>  Enemy Tank adjusted targeting angle one unit CCW...
<<<13:22:39:158184>>>  Enemy Tank is checking targeting info...
<<<13:22:39:158184>>>  Enemy Tank Launch angle not within tolerances, adjusting firing solution...
<<<13:22:39:158184>>>  Enemy Tank adjusted targeting angle one unit CCW...
<<<13:22:39:174706>>>  Enemy Tank is checking targeting info...
<<<13:22:39:174706>>>  Enemy Tank Launch angle not within tolerances, adjusting firing solution...
<<<13:22:39:174706>>>  Enemy Tank adjusted targeting angle one unit CCW...
<<<13:22:39:192817>>>  Enemy Tank is checking targeting info...
<<<13:22:39:192817>>>  Enemy Tank Launch angle not within tolerances, adjusting firing solution...
<<<13:22:39:192817>>>  Enemy Tank adjusted targeting angle one unit CCW...
<<<13:22:39:208313>>>  Enemy Tank is checking targeting info...
<<<13:22:39:208313>>>  Enemy Tank Launch angle not within tolerances, adjusting firing solution...
<<<13:22:39:208313>>>  Enemy Tank adjusted targeting angle one unit CCW...
<<<13:22:39:224231>>>  Enemy Tank is checking targeting info...
<<<13:22:39:224231>>>  Enemy Tank Launch angle not within tolerances, adjusting firing solution...
<<<13:22:39:224231>>>  Enemy Tank adjusted targeting angle one unit CCW...
<<<13:22:39:240989>>>  Enemy Tank is checking targeting info...
<<<13:22:39:240989>>>  Enemy Tank Launch angle not within tolerances, adjusting firing solution...
<<<13:22:39:240989>>>  Enemy Tank adjusted targeting angle one unit CCW...
<<<13:22:39:256718>>>  Enemy Tank is checking targeting info...
<<<13:22:39:256718>>>  Enemy Tank Launch angle not within tolerances, adjusting firing solution...
<<<13:22:39:256718>>>  Enemy Tank adjusted targeting angle one unit CCW...
<<<13:22:39:273980>>>  Enemy Tank is checking targeting info...
<<<13:22:39:273980>>>  Enemy Tank Launch angle not within tolerances, adjusting firing solution...
<<<13:22:39:273980>>>  Enemy Tank adjusted targeting angle one unit CCW...
<<<13:22:39:290440>>>  Enemy Tank is checking targeting info...
<<<13:22:39:290440>>>  Enemy Tank Launch angle not within tolerances, adjusting firing solution...
<<<13:22:39:290440>>>  Enemy Tank adjusted targeting angle one unit CCW...
<<<13:22:39:306588>>>  Enemy Tank is checking targeting info...
<<<13:22:39:306588>>>  Enemy Tank Launch angle not within tolerances, adjusting firing solution...
<<<13:22:39:306588>>>  Enemy Tank adjusted targeting angle one unit CCW...
<<<13:22:39:322593>>>  Enemy Tank is checking targeting info...
<<<13:22:39:322593>>>  Enemy Tank Launch angle not within tolerances, adjusting firing solution...
<<<13:22:39:322593>>>  Enemy Tank adjusted targeting angle one unit CCW...
<<<13:22:39:339525>>>  Enemy Tank is checking targeting info...
<<<13:22:39:339525>>>  Enemy Tank Launch angle not within tolerances, adjusting firing solution...
<<<13:22:39:339525>>>  Enemy Tank adjusted targeting angle one unit CCW...
<<<13:22:39:354941>>>  Enemy Tank is checking targeting info...
<<<13:22:39:354941>>>  Enemy Tank Launch angle not within tolerances, adjusting firing solution...
<<<13:22:39:354941>>>  Enemy Tank adjusted targeting angle one unit CCW...
<<<13:22:39:371111>>>  Enemy Tank is checking targeting info...
<<<13:22:39:371111>>>  Enemy Tank Launch angle not within tolerances, adjusting firing solution...
<<<13:22:39:371111>>>  Enemy Tank adjusted targeting angle one unit CCW...
<<<13:22:39:387656>>>  Enemy Tank is checking targeting info...
<<<13:22:39:387656>>>  Enemy Tank Launch angle not within tolerances, adjusting firing solution...
<<<13:22:39:387656>>>  Enemy Tank adjusted targeting angle one unit CCW...
<<<13:22:39:404205>>>  Enemy Tank is checking targeting info...
<<<13:22:39:404205>>>  Enemy Tank Launch angle not within tolerances, adjusting firing solution...
<<<13:22:39:404205>>>  Enemy Tank adjusted targeting angle one unit CCW...
<<<13:22:39:420342>>>  Enemy Tank is checking targeting info...
<<<13:22:39:420342>>>  Enemy Tank Launch angle not within tolerances, adjusting firing solution...
<<<13:22:39:420342>>>  Enemy Tank adjusted targeting angle one unit CCW...
<<<13:22:39:436216>>>  Enemy Tank is checking targeting info...
<<<13:22:39:436216>>>  Enemy Tank Launch angle not within tolerances, adjusting firing solution...
<<<13:22:39:436216>>>  Enemy Tank adjusted targeting angle one unit CCW...
<<<13:22:39:452225>>>  Enemy Tank is checking targeting info...
<<<13:22:39:452225>>>  Enemy Tank firing solution within tolerances, not adjusting firing solution...
<<<13:22:39:452225>>>  Enemy Tank attempting to fire cannonball...
<<<13:22:39:468225>>>  Enemy Tank chose to shoot...
<<<13:22:39:485319>>>  Enemy Tank is checking targeting info...
<<<13:22:39:485319>>>  Enemy Tank Launch angle not within tolerances, adjusting firing solution...
<<<13:22:39:485319>>>  Enemy Tank adjusted targeting angle one unit CW...
<<<13:22:39:500769>>>  Enemy Tank is checking targeting info...
<<<13:22:39:500769>>>  Enemy Tank Launch angle not within tolerances, adjusting firing solution...
<<<13:22:39:500769>>>  Enemy Tank adjusted targeting angle one unit CW...
<<<13:22:39:518325>>>  Enemy Tank is checking targeting info...
<<<13:22:39:518325>>>  Enemy Tank Launch angle not within tolerances, adjusting firing solution...
<<<13:22:39:518325>>>  Enemy Tank adjusted targeting angle one unit CW...
<<<13:22:39:534626>>>  Enemy Tank is checking targeting info...
<<<13:22:39:534626>>>  Enemy Tank Launch angle not within tolerances, adjusting firing solution...
<<<13:22:39:534626>>>  Enemy Tank adjusted targeting angle one unit CW...
<<<13:22:39:550805>>>  Enemy Tank is checking targeting info...
<<<13:22:39:550805>>>  Enemy Tank Launch angle not within tolerances, adjusting firing solution...
<<<13:22:39:550805>>>  Enemy Tank adjusted targeting angle one unit CW...
<<<13:22:39:567681>>>  Enemy Tank is checking targeting info...
<<<13:22:39:567681>>>  Enemy Tank Launch angle not within tolerances, adjusting firing solution...
<<<13:22:39:567681>>>  Enemy Tank adjusted targeting angle one unit CW...
<<<13:22:39:584154>>>  Enemy Tank is checking targeting info...
<<<13:22:39:584154>>>  Enemy Tank Launch angle not within tolerances, adjusting firing solution...
<<<13:22:39:584154>>>  Enemy Tank adjusted targeting angle one unit CW...
<<<13:22:39:600443>>>  Enemy Tank is checking targeting info...
<<<13:22:39:600443>>>  Enemy Tank Launch angle not within tolerances, adjusting firing solution...
<<<13:22:39:600443>>>  Enemy Tank adjusted targeting angle one unit CW...
<<<13:22:39:616738>>>  Enemy Tank is checking targeting info...
<<<13:22:39:617734>>>  Enemy Tank Launch angle not within tolerances, adjusting firing solution...
<<<13:22:39:617734>>>  Enemy Tank adjusted targeting angle one unit CW...
<<<13:22:39:633094>>>  Enemy Tank is checking targeting info...
<<<13:22:39:633094>>>  Enemy Tank Launch angle not within tolerances, adjusting firing solution...
<<<13:22:39:633094>>>  Enemy Tank adjusted targeting angle one unit CW...
<<<13:22:39:650099>>>  Enemy Tank is checking targeting info...
<<<13:22:39:650099>>>  Enemy Tank Launch angle not within tolerances, adjusting firing solution...
<<<13:22:39:650099>>>  Enemy Tank adjusted targeting angle one unit CW...
<<<13:22:39:665492>>>  Enemy Tank is checking targeting info...
<<<13:22:39:665492>>>  Enemy Tank Launch angle not within tolerances, adjusting firing solution...
<<<13:22:39:665492>>>  Enemy Tank adjusted targeting angle one unit CW...
<<<13:22:39:681554>>>  Enemy Tank is checking targeting info...
<<<13:22:39:681554>>>  Enemy Tank Launch angle not within tolerances, adjusting firing solution...
<<<13:22:39:681554>>>  Enemy Tank adjusted targeting angle one unit CW...
<<<13:22:39:697602>>>  Enemy Tank is checking targeting info...
<<<13:22:39:697602>>>  Enemy Tank Launch angle not within tolerances, adjusting firing solution...
<<<13:22:39:697602>>>  Enemy Tank adjusted targeting angle one unit CW...
<<<13:22:39:714960>>>  Enemy Tank is checking targeting info...
<<<13:22:39:714960>>>  Enemy Tank Launch angle not within tolerances, adjusting firing solution...
<<<13:22:39:714960>>>  Enemy Tank adjusted targeting angle one unit CW...
<<<13:22:39:730345>>>  Enemy Tank is checking targeting info...
<<<13:22:39:730345>>>  Enemy Tank Launch angle not within tolerances, adjusting firing solution...
<<<13:22:39:730345>>>  Enemy Tank adjusted targeting angle one unit CW...
<<<13:22:39:746392>>>  Enemy Tank is checking targeting info...
<<<13:22:39:746392>>>  Enemy Tank Launch angle not within tolerances, adjusting firing solution...
<<<13:22:39:746392>>>  Enemy Tank adjusted targeting angle one unit CW...
<<<13:22:39:762242>>>  Enemy Tank is checking targeting info...
<<<13:22:39:763237>>>  Enemy Tank Launch angle not within tolerances, adjusting firing solution...
<<<13:22:39:763237>>>  Enemy Tank adjusted targeting angle one unit CW...
<<<13:22:39:778578>>>  Enemy Tank is checking targeting info...
<<<13:22:39:778578>>>  Enemy Tank Launch angle not within tolerances, adjusting firing solution...
<<<13:22:39:778578>>>  Enemy Tank adjusted targeting angle one unit CW...
<<<13:22:39:794562>>>  Enemy Tank is checking targeting info...
<<<13:22:39:794562>>>  Enemy Tank Launch angle not within tolerances, adjusting firing solution...
<<<13:22:39:794562>>>  Enemy Tank adjusted targeting angle one unit CW...
<<<13:22:39:812783>>>  Enemy Tank is checking targeting info...
<<<13:22:39:812783>>>  Enemy Tank Launch angle not within tolerances, adjusting firing solution...
<<<13:22:39:812783>>>  Enemy Tank adjusted targeting angle one unit CW...
<<<13:22:39:827213>>>  Enemy Tank is checking targeting info...
<<<13:22:39:827213>>>  Enemy Tank Launch angle not within tolerances, adjusting firing solution...
<<<13:22:39:827213>>>  Enemy Tank adjusted targeting angle one unit CW...
<<<13:22:39:843178>>>  Enemy Tank is checking targeting info...
<<<13:22:39:843178>>>  Enemy Tank Launch angle not within tolerances, adjusting firing solution...
<<<13:22:39:843178>>>  Enemy Tank adjusted targeting angle one unit CW...
<<<13:22:39:860812>>>  Enemy Tank is checking targeting info...
<<<13:22:39:860812>>>  Enemy Tank Launch angle not within tolerances, adjusting firing solution...
<<<13:22:39:860812>>>  Enemy Tank adjusted targeting angle one unit CW...
<<<13:22:39:876252>>>  Enemy Tank is checking targeting info...
<<<13:22:39:876252>>>  Enemy Tank Launch angle not within tolerances, adjusting firing solution...
<<<13:22:39:876252>>>  Enemy Tank adjusted targeting angle one unit CW...
<<<13:22:39:892598>>>  Enemy Tank is checking targeting info...
<<<13:22:39:892598>>>  Enemy Tank Launch angle not within tolerances, adjusting firing solution...
<<<13:22:39:892598>>>  Enemy Tank adjusted targeting angle one unit CW...
<<<13:22:39:908434>>>  Enemy Tank is checking targeting info...
<<<13:22:39:908434>>>  Enemy Tank Launch angle not within tolerances, adjusting firing solution...
<<<13:22:39:908434>>>  Enemy Tank adjusted targeting angle one unit CW...
<<<13:22:39:925427>>>  Enemy Tank is checking targeting info...
<<<13:22:39:925427>>>  Enemy Tank Launch angle not within tolerances, adjusting firing solution...
<<<13:22:39:925427>>>  Enemy Tank adjusted targeting angle one unit CW...
<<<13:22:39:942206>>>  Enemy Tank is checking targeting info...
<<<13:22:39:942206>>>  Enemy Tank Launch angle not within tolerances, adjusting firing solution...
<<<13:22:39:942206>>>  Enemy Tank adjusted targeting angle one unit CW...
<<<13:22:39:957048>>>  Enemy Tank is checking targeting info...
<<<13:22:39:957048>>>  Enemy Tank Launch angle not within tolerances, adjusting firing solution...
<<<13:22:39:957048>>>  Enemy Tank adjusted targeting angle one unit CW...
<<<13:22:39:972832>>>  Enemy Tank is checking targeting info...
<<<13:22:39:972832>>>  Enemy Tank Launch angle not within tolerances, adjusting firing solution...
<<<13:22:39:972832>>>  Enemy Tank adjusted targeting angle one unit CW...
<<<13:22:39:989714>>>  Enemy Tank is checking targeting info...
<<<13:22:39:989714>>>  Enemy Tank Launch angle not within tolerances, adjusting firing solution...
<<<13:22:39:989714>>>  Enemy Tank adjusted targeting angle one unit CW...
<<<13:22:40:006769>>>  Enemy Tank is checking targeting info...
<<<13:22:40:006769>>>  Enemy Tank Launch angle not within tolerances, adjusting firing solution...
<<<13:22:40:006769>>>  Enemy Tank adjusted targeting angle one unit CW...
<<<13:22:40:024555>>>  Enemy Tank is checking targeting info...
<<<13:22:40:024555>>>  Enemy Tank Launch angle not within tolerances, adjusting firing solution...
<<<13:22:40:024555>>>  Enemy Tank adjusted targeting angle one unit CW...
<<<13:22:40:040492>>>  Enemy Tank is checking targeting info...
<<<13:22:40:040492>>>  Enemy Tank Launch angle not within tolerances, adjusting firing solution...
<<<13:22:40:040492>>>  Enemy Tank adjusted targeting angle one unit CW...
<<<13:22:40:056793>>>  Enemy Tank is checking targeting info...
<<<13:22:40:056793>>>  Enemy Tank Launch angle not within tolerances, adjusting firing solution...
<<<13:22:40:056793>>>  Enemy Tank adjusted targeting angle one unit CW...
<<<13:22:40:074066>>>  Enemy Tank is checking targeting info...
<<<13:22:40:074066>>>  Enemy Tank Launch angle not within tolerances, adjusting firing solution...
<<<13:22:40:074066>>>  Enemy Tank adjusted targeting angle one unit CW...
<<<13:22:40:090165>>>  Enemy Tank is checking targeting info...
<<<13:22:40:090165>>>  Enemy Tank Launch angle not within tolerances, adjusting firing solution...
<<<13:22:40:090165>>>  Enemy Tank adjusted targeting angle one unit CW...
<<<13:22:40:106174>>>  Enemy Tank is checking targeting info...
<<<13:22:40:106174>>>  Enemy Tank Launch angle not within tolerances, adjusting firing solution...
<<<13:22:40:106174>>>  Enemy Tank adjusted targeting angle one unit CW...
<<<13:22:40:122972>>>  Enemy Tank is checking targeting info...
<<<13:22:40:122972>>>  Enemy Tank Launch angle not within tolerances, adjusting firing solution...
<<<13:22:40:122972>>>  Enemy Tank adjusted targeting angle one unit CW...
<<<13:22:40:138656>>>  Enemy Tank is checking targeting info...
<<<13:22:40:138656>>>  Enemy Tank Launch angle not within tolerances, adjusting firing solution...
<<<13:22:40:138656>>>  Enemy Tank adjusted targeting angle one unit CW...
<<<13:22:40:154702>>>  Player Tank chambered cannonball...
<<<13:22:40:154702>>>
* CURRENT VALUES FOR CELESTIAL BODY:  Player Tank's Cannonball #2
* This is not the homeworld.
* The celestial boyd's density is 5515 kg/m^3.
* The celestial body's mass is 1000 kg.
* The Earth's mass is 5.972e+24 kg.
* The celestial body's radius is 0.001 km.
* The celestial body's coordinates are (-665.9508394782208, 6336.098995391269).
* The celestial body's velocity is (-0.6294365685968432, 5.535011204408357).
* The celestial body's speed is 5.570685723213347 km/s.
* The celestial body's acceleration is (0, 0).
* The celestial body's screen x and y coordinates are (758, 346).
* The celestial body's screen radius is 2.
* The celestial is using a body circle.
<<<13:22:40:154702>>>
* ADDITIONAL INFORMATION FOR Player Tank's Cannonball #2:
* This cannonball is chambered.
<<<13:22:40:154702>>>  Enemy Tank is checking targeting info...
<<<13:22:40:154702>>>  Enemy Tank Launch angle not within tolerances, adjusting firing solution...
<<<13:22:40:154702>>>  Enemy Tank adjusted targeting angle one unit CW...
<<<13:22:40:173252>>>  Enemy Tank is checking targeting info...
<<<13:22:40:173252>>>  Enemy Tank Launch angle not within tolerances, adjusting firing solution...
<<<13:22:40:173252>>>  Enemy Tank adjusted targeting angle one unit CW...
<<<13:22:40:188563>>>  Enemy Tank is checking targeting info...
<<<13:22:40:188563>>>  Enemy Tank Launch angle not within tolerances, adjusting firing solution...
<<<13:22:40:188563>>>  Enemy Tank adjusted targeting angle one unit CW...
<<<13:22:40:205165>>>  Enemy Tank is checking targeting info...
<<<13:22:40:205165>>>  Enemy Tank Launch angle not within tolerances, adjusting firing solution...
<<<13:22:40:205165>>>  Enemy Tank adjusted targeting angle one unit CW...
<<<13:22:40:221850>>>  Enemy Tank is checking targeting info...
<<<13:22:40:222818>>>  Enemy Tank Launch angle not within tolerances, adjusting firing solution...
<<<13:22:40:222818>>>  Enemy Tank adjusted targeting angle one unit CW...
<<<13:22:40:238171>>>  Enemy Tank is checking targeting info...
<<<13:22:40:238171>>>  Enemy Tank Launch angle not within tolerances, adjusting firing solution...
<<<13:22:40:238171>>>  Enemy Tank adjusted targeting angle one unit CW...
<<<13:22:40:255890>>>  Enemy Tank is checking targeting info...
<<<13:22:40:255890>>>  Enemy Tank Launch angle not within tolerances, adjusting firing solution...
<<<13:22:40:255890>>>  Enemy Tank adjusted targeting angle one unit CW...
<<<13:22:40:271259>>>  Enemy Tank is checking targeting info...
<<<13:22:40:271259>>>  Enemy Tank Launch angle not within tolerances, adjusting firing solution...
<<<13:22:40:271259>>>  Enemy Tank adjusted targeting angle one unit CW...
<<<13:22:40:287329>>>  Enemy Tank is checking targeting info...
<<<13:22:40:287329>>>  Enemy Tank Launch angle not within tolerances, adjusting firing solution...
<<<13:22:40:287329>>>  Enemy Tank adjusted targeting angle one unit CW...
<<<13:22:40:303976>>>  Enemy Tank is checking targeting info...
<<<13:22:40:303976>>>  Enemy Tank Launch angle not within tolerances, adjusting firing solution...
<<<13:22:40:303976>>>  Enemy Tank adjusted targeting angle one unit CW...
<<<13:22:40:321195>>>  Enemy Tank is checking targeting info...
<<<13:22:40:321195>>>  Enemy Tank Launch angle not within tolerances, adjusting firing solution...
<<<13:22:40:321195>>>  Enemy Tank adjusted targeting angle one unit CW...
<<<13:22:40:338056>>>  Enemy Tank is checking targeting info...
<<<13:22:40:338056>>>  Enemy Tank Launch angle not within tolerances, adjusting firing solution...
<<<13:22:40:338056>>>  Enemy Tank adjusted targeting angle one unit CW...
<<<13:22:40:353990>>>  Enemy Tank is checking targeting info...
<<<13:22:40:353990>>>  Enemy Tank Launch angle not within tolerances, adjusting firing solution...
<<<13:22:40:353990>>>  Enemy Tank adjusted targeting angle one unit CW...
<<<13:22:40:370019>>>  Enemy Tank is checking targeting info...
<<<13:22:40:370019>>>  Enemy Tank Launch angle not within tolerances, adjusting firing solution...
<<<13:22:40:370019>>>  Enemy Tank adjusted targeting angle one unit CW...
<<<13:22:40:386848>>>  Enemy Tank is checking targeting info...
<<<13:22:40:386848>>>  Enemy Tank Launch angle not within tolerances, adjusting firing solution...
<<<13:22:40:386848>>>  Enemy Tank adjusted targeting angle one unit CW...
<<<13:22:40:402496>>>  Enemy Tank is checking targeting info...
<<<13:22:40:402496>>>  Enemy Tank Launch angle not within tolerances, adjusting firing solution...
<<<13:22:40:402496>>>  Enemy Tank adjusted targeting angle one unit CW...
<<<13:22:40:418730>>>  Enemy Tank is checking targeting info...
<<<13:22:40:418730>>>  Enemy Tank Launch angle not within tolerances, adjusting firing solution...
<<<13:22:40:418730>>>  Enemy Tank adjusted targeting angle one unit CW...
<<<13:22:40:435612>>>  Enemy Tank is checking targeting info...
<<<13:22:40:435612>>>  Enemy Tank Launch angle not within tolerances, adjusting firing solution...
<<<13:22:40:435612>>>  Enemy Tank adjusted targeting angle one unit CW...
<<<13:22:40:451889>>>  Enemy Tank is checking targeting info...
<<<13:22:40:451889>>>  Enemy Tank Launch angle not within tolerances, adjusting firing solution...
<<<13:22:40:451889>>>  Enemy Tank adjusted targeting angle one unit CW...
<<<13:22:40:468851>>>  Enemy Tank is checking targeting info...
<<<13:22:40:468851>>>  Enemy Tank firing solution within tolerances, not adjusting firing solution...
<<<13:22:40:468851>>>  Enemy Tank attempting to fire cannonball...
<<<13:22:40:485927>>>  Enemy Tank chose to move to 5.5209, cururently at 4.7124.
<<<13:22:40:485927>>>  Enemy Tank moved one unit CCW...
<<<13:22:40:485927>>>  Enemy Tank chose to move...
<<<13:22:40:502027>>>  Enemy Tank moved one unit CCW...
<<<13:22:40:519030>>>  Enemy Tank moved one unit CCW...
<<<13:22:40:535232>>>  Enemy Tank moved one unit CCW...
<<<13:22:40:552803>>>  Enemy Tank moved one unit CCW...
<<<13:22:40:568039>>>  Enemy Tank moved one unit CCW...
<<<13:22:40:584016>>>  Enemy Tank moved one unit CCW...
<<<13:22:40:600338>>>  Enemy Tank moved one unit CCW...
<<<13:22:40:617210>>>  Enemy Tank moved one unit CCW...
<<<13:22:40:632577>>>  Enemy Tank moved one unit CCW...
<<<13:22:40:650233>>>  Enemy Tank moved one unit CCW...
<<<13:22:40:665585>>>  Enemy Tank moved one unit CCW...
<<<13:22:40:681612>>>  Enemy Tank moved one unit CCW...
<<<13:22:40:697699>>>  Enemy Tank moved one unit CCW...
<<<13:22:40:714932>>>  Enemy Tank moved one unit CCW...
<<<13:22:40:731953>>>  Enemy Tank moved one unit CCW...
<<<13:22:40:747784>>>  Enemy Tank moved one unit CCW...
<<<13:22:40:764713>>>  Enemy Tank moved one unit CCW...
<<<13:22:40:781629>>>  Enemy Tank moved one unit CCW...
<<<13:22:40:797515>>>  Enemy Tank moved one unit CCW...
<<<13:22:40:814206>>>  Enemy Tank moved one unit CCW...
<<<13:22:40:831112>>>  Enemy Tank moved one unit CCW...
<<<13:22:40:846898>>>  Enemy Tank moved one unit CCW...
<<<13:22:40:864143>>>  Enemy Tank moved one unit CCW...
<<<13:22:40:881195>>>  Enemy Tank moved one unit CCW...
<<<13:22:40:896913>>>  Enemy Tank moved one unit CCW...
<<<13:22:40:912925>>>  Enemy Tank moved one unit CCW...
<<<13:22:40:929409>>>  Enemy Tank moved one unit CCW...
<<<13:22:40:945456>>>  Enemy Tank moved one unit CCW...
<<<13:22:40:961479>>>  Enemy Tank moved one unit CCW...
<<<13:22:40:978268>>>  Enemy Tank moved one unit CCW...
<<<13:22:40:994134>>>  Enemy Tank moved one unit CCW...
<<<13:22:41:011322>>>  Enemy Tank moved one unit CCW...
<<<13:22:41:026718>>>  Enemy Tank moved one unit CCW...
<<<13:22:41:044161>>>  Enemy Tank moved one unit CCW...
<<<13:22:41:060026>>>  Enemy Tank moved one unit CCW...
<<<13:22:41:076307>>>  Enemy Tank moved one unit CCW...
<<<13:22:41:093780>>>  Enemy Tank moved one unit CCW...
<<<13:22:41:110899>>>  Enemy Tank moved one unit CCW...
<<<13:22:41:126564>>>  Enemy Tank moved one unit CCW...
<<<13:22:41:142481>>>  Enemy Tank moved one unit CCW...
<<<13:22:41:158419>>>  Enemy Tank moved one unit CCW...
<<<13:22:41:174381>>>  Enemy Tank moved one unit CCW...
<<<13:22:41:190566>>>  Enemy Tank moved one unit CCW...
<<<13:22:41:207094>>>  Enemy Tank moved one unit CCW...
<<<13:22:41:223149>>>  Enemy Tank moved one unit CCW...
<<<13:22:41:256387>>>  Enemy Tank chose to shoot...
<<<13:22:41:271909>>>  Enemy Tank is checking targeting info...
<<<13:22:41:271909>>>  Enemy Tank Launch angle not within tolerances, adjusting firing solution...
<<<13:22:41:271909>>>  Enemy Tank Launch speed not within tolerances, adjusting firing solution...
<<<13:22:41:271909>>>  Enemy Tank adjusted targeting angle one unit CW...
<<<13:22:41:289112>>>  Enemy Tank is checking targeting info...
<<<13:22:41:289112>>>  Enemy Tank Launch angle not within tolerances, adjusting firing solution...
<<<13:22:41:289112>>>  Enemy Tank Launch speed not within tolerances, adjusting firing solution...
<<<13:22:41:289112>>>  Enemy Tank adjusted targeting angle one unit CW...
<<<13:22:41:305412>>>  Enemy Tank is checking targeting info...
<<<13:22:41:305412>>>  Enemy Tank Launch angle not within tolerances, adjusting firing solution...
<<<13:22:41:305412>>>  Enemy Tank Launch speed not within tolerances, adjusting firing solution...
<<<13:22:41:305412>>>  Enemy Tank adjusted targeting angle one unit CW...
<<<13:22:41:321746>>>  Enemy Tank is checking targeting info...
<<<13:22:41:321746>>>  Enemy Tank Launch angle not within tolerances, adjusting firing solution...
<<<13:22:41:321746>>>  Enemy Tank Launch speed not within tolerances, adjusting firing solution...
<<<13:22:41:321746>>>  Enemy Tank adjusted targeting angle one unit CW...
<<<13:22:41:338791>>>  Enemy Tank is checking targeting info...
<<<13:22:41:338791>>>  Enemy Tank Launch angle not within tolerances, adjusting firing solution...
<<<13:22:41:338791>>>  Enemy Tank Launch speed not within tolerances, adjusting firing solution...
<<<13:22:41:338791>>>  Enemy Tank adjusted targeting angle one unit CW...
<<<13:22:41:354225>>>  Enemy Tank is checking targeting info...
<<<13:22:41:354225>>>  Enemy Tank Launch angle not within tolerances, adjusting firing solution...
<<<13:22:41:354225>>>  Enemy Tank Launch speed not within tolerances, adjusting firing solution...
<<<13:22:41:354225>>>  Enemy Tank adjusted targeting angle one unit CW...
<<<13:22:41:370296>>>  Enemy Tank is checking targeting info...
<<<13:22:41:370296>>>  Enemy Tank Launch angle not within tolerances, adjusting firing solution...
<<<13:22:41:370296>>>  Enemy Tank Launch speed not within tolerances, adjusting firing solution...
<<<13:22:41:370296>>>  Enemy Tank adjusted targeting angle one unit CW...
<<<13:22:41:387049>>>  Enemy Tank is checking targeting info...
<<<13:22:41:387049>>>  Enemy Tank Launch angle not within tolerances, adjusting firing solution...
<<<13:22:41:387049>>>  Enemy Tank Launch speed not within tolerances, adjusting firing solution...
<<<13:22:41:387049>>>  Enemy Tank adjusted targeting angle one unit CW...
<<<13:22:41:402496>>>  Enemy Tank is checking targeting info...
<<<13:22:41:402496>>>  Enemy Tank Launch angle not within tolerances, adjusting firing solution...
<<<13:22:41:402496>>>  Enemy Tank Launch speed not within tolerances, adjusting firing solution...
<<<13:22:41:402496>>>  Enemy Tank adjusted targeting angle one unit CW...
<<<13:22:41:418592>>>  Enemy Tank is checking targeting info...
<<<13:22:41:418592>>>  Enemy Tank Launch angle not within tolerances, adjusting firing solution...
<<<13:22:41:418592>>>  Enemy Tank Launch speed not within tolerances, adjusting firing solution...
<<<13:22:41:418592>>>  Enemy Tank adjusted targeting angle one unit CW...
<<<13:22:41:435430>>>  Enemy Tank is checking targeting info...
<<<13:22:41:435430>>>  Enemy Tank Launch angle not within tolerances, adjusting firing solution...
<<<13:22:41:435430>>>  Enemy Tank Launch speed not within tolerances, adjusting firing solution...
<<<13:22:41:435430>>>  Enemy Tank adjusted targeting angle one unit CW...
<<<13:22:41:450742>>>  Enemy Tank is checking targeting info...
<<<13:22:41:450742>>>  Enemy Tank Launch angle not within tolerances, adjusting firing solution...
<<<13:22:41:450742>>>  Enemy Tank Launch speed not within tolerances, adjusting firing solution...
<<<13:22:41:450742>>>  Enemy Tank adjusted targeting angle one unit CW...
<<<13:22:41:469205>>>  Enemy Tank is checking targeting info...
<<<13:22:41:469205>>>  Enemy Tank Launch angle not within tolerances, adjusting firing solution...
<<<13:22:41:469205>>>  Enemy Tank Launch speed not within tolerances, adjusting firing solution...
<<<13:22:41:469205>>>  Enemy Tank adjusted targeting angle one unit CW...
<<<13:22:41:484451>>>  Enemy Tank is checking targeting info...
<<<13:22:41:484451>>>  Enemy Tank Launch angle not within tolerances, adjusting firing solution...
<<<13:22:41:484451>>>  Enemy Tank Launch speed not within tolerances, adjusting firing solution...
<<<13:22:41:484451>>>  Enemy Tank adjusted targeting angle one unit CW...
<<<13:22:41:500711>>>  Enemy Tank is checking targeting info...
<<<13:22:41:500711>>>  Enemy Tank Launch angle not within tolerances, adjusting firing solution...
<<<13:22:41:500711>>>  Enemy Tank Launch speed not within tolerances, adjusting firing solution...
<<<13:22:41:500711>>>  Enemy Tank adjusted targeting angle one unit CW...
<<<13:22:41:518499>>>  Enemy Tank is checking targeting info...
<<<13:22:41:518499>>>  Enemy Tank Launch angle not within tolerances, adjusting firing solution...
<<<13:22:41:518499>>>  Enemy Tank Launch speed not within tolerances, adjusting firing solution...
<<<13:22:41:518499>>>  Enemy Tank adjusted targeting angle one unit CW...
<<<13:22:41:534498>>>  Enemy Tank is checking targeting info...
<<<13:22:41:534498>>>  Enemy Tank Launch angle not within tolerances, adjusting firing solution...
<<<13:22:41:534498>>>  Enemy Tank Launch speed not within tolerances, adjusting firing solution...
<<<13:22:41:534498>>>  Enemy Tank adjusted targeting angle one unit CW...
<<<13:22:41:550541>>>  Enemy Tank is checking targeting info...
<<<13:22:41:550541>>>  Enemy Tank Launch angle not within tolerances, adjusting firing solution...
<<<13:22:41:550541>>>  Enemy Tank Launch speed not within tolerances, adjusting firing solution...
<<<13:22:41:550541>>>  Enemy Tank adjusted targeting angle one unit CW...
<<<13:22:41:567355>>>  Enemy Tank is checking targeting info...
<<<13:22:41:567355>>>  Enemy Tank Launch angle not within tolerances, adjusting firing solution...
<<<13:22:41:567355>>>  Enemy Tank Launch speed not within tolerances, adjusting firing solution...
<<<13:22:41:567355>>>  Enemy Tank adjusted targeting angle one unit CW...
<<<13:22:41:582355>>>  Enemy Tank is checking targeting info...
<<<13:22:41:582355>>>  Enemy Tank Launch angle not within tolerances, adjusting firing solution...
<<<13:22:41:582355>>>  Enemy Tank Launch speed not within tolerances, adjusting firing solution...
<<<13:22:41:582355>>>  Enemy Tank adjusted targeting angle one unit CW...
<<<13:22:41:598293>>>  Enemy Tank is checking targeting info...
<<<13:22:41:598293>>>  Enemy Tank Launch angle not within tolerances, adjusting firing solution...
<<<13:22:41:598293>>>  Enemy Tank Launch speed not within tolerances, adjusting firing solution...
<<<13:22:41:598293>>>  Enemy Tank adjusted targeting angle one unit CW...
<<<13:22:41:614173>>>  Enemy Tank is checking targeting info...
<<<13:22:41:614173>>>  Enemy Tank Launch angle not within tolerances, adjusting firing solution...
<<<13:22:41:614173>>>  Enemy Tank Launch speed not within tolerances, adjusting firing solution...
<<<13:22:41:614173>>>  Enemy Tank adjusted targeting angle one unit CW...
<<<13:22:41:630015>>>  Enemy Tank is checking targeting info...
<<<13:22:41:630015>>>  Enemy Tank Launch angle not within tolerances, adjusting firing solution...
<<<13:22:41:630015>>>  Enemy Tank Launch speed not within tolerances, adjusting firing solution...
<<<13:22:41:630015>>>  Enemy Tank adjusted targeting angle one unit CW...
<<<13:22:41:646275>>>  Enemy Tank is checking targeting info...
<<<13:22:41:646275>>>  Enemy Tank Launch angle not within tolerances, adjusting firing solution...
<<<13:22:41:646275>>>  Enemy Tank Launch speed not within tolerances, adjusting firing solution...
<<<13:22:41:646275>>>  Enemy Tank adjusted targeting angle one unit CW...
<<<13:22:41:662025>>>  Enemy Tank is checking targeting info...
<<<13:22:41:662025>>>  Enemy Tank Launch angle not within tolerances, adjusting firing solution...
<<<13:22:41:662025>>>  Enemy Tank Launch speed not within tolerances, adjusting firing solution...
<<<13:22:41:662025>>>  Enemy Tank adjusted targeting angle one unit CW...
<<<13:22:41:677897>>>  Enemy Tank is checking targeting info...
<<<13:22:41:678894>>>  Enemy Tank Launch angle not within tolerances, adjusting firing solution...
<<<13:22:41:678894>>>  Enemy Tank Launch speed not within tolerances, adjusting firing solution...
<<<13:22:41:678894>>>  Enemy Tank adjusted targeting angle one unit CW...
<<<13:22:41:694201>>>  Enemy Tank is checking targeting info...
<<<13:22:41:694201>>>  Enemy Tank Launch angle not within tolerances, adjusting firing solution...
<<<13:22:41:694201>>>  Enemy Tank Launch speed not within tolerances, adjusting firing solution...
<<<13:22:41:694201>>>  Enemy Tank adjusted targeting angle one unit CW...
<<<13:22:41:710523>>>  Enemy Tank is checking targeting info...
<<<13:22:41:710523>>>  Enemy Tank Launch angle not within tolerances, adjusting firing solution...
<<<13:22:41:710523>>>  Enemy Tank Launch speed not within tolerances, adjusting firing solution...
<<<13:22:41:710523>>>  Enemy Tank adjusted targeting angle one unit CW...
<<<13:22:41:727321>>>  Enemy Tank is checking targeting info...
<<<13:22:41:727321>>>  Enemy Tank Launch angle not within tolerances, adjusting firing solution...
<<<13:22:41:727321>>>  Enemy Tank Launch speed not within tolerances, adjusting firing solution...
<<<13:22:41:727321>>>  Enemy Tank adjusted targeting angle one unit CW...
<<<13:22:41:743836>>>  Enemy Tank is checking targeting info...
<<<13:22:41:743836>>>  Enemy Tank Launch angle not within tolerances, adjusting firing solution...
<<<13:22:41:743836>>>  Enemy Tank Launch speed not within tolerances, adjusting firing solution...
<<<13:22:41:743836>>>  Enemy Tank adjusted targeting angle one unit CW...
<<<13:22:41:760036>>>  Enemy Tank is checking targeting info...
<<<13:22:41:760036>>>  Enemy Tank increased launch speed one unit...
<<<13:22:41:776487>>>  Enemy Tank is checking targeting info...
<<<13:22:41:776487>>>  Enemy Tank increased launch speed one unit...
<<<13:22:41:792559>>>  Enemy Tank is checking targeting info...
<<<13:22:41:792559>>>  Enemy Tank increased launch speed one unit...
<<<13:22:41:808579>>>  Enemy Tank is checking targeting info...
<<<13:22:41:808579>>>  Enemy Tank increased launch speed one unit...
<<<13:22:41:825112>>>  Enemy Tank is checking targeting info...
<<<13:22:41:825112>>>  Enemy Tank increased launch speed one unit...
<<<13:22:41:841323>>>  Enemy Tank is checking targeting info...
<<<13:22:41:841323>>>  Enemy Tank increased launch speed one unit...
<<<13:22:41:857367>>>  Enemy Tank is checking targeting info...
<<<13:22:41:857367>>>  Enemy Tank increased launch speed one unit...
<<<13:22:41:873548>>>  Enemy Tank is checking targeting info...
<<<13:22:41:873548>>>  Enemy Tank increased launch speed one unit...
<<<13:22:41:890264>>>  Enemy Tank is checking targeting info...
<<<13:22:41:890264>>>  Enemy Tank increased launch speed one unit...
<<<13:22:41:906297>>>  Enemy Tank is checking targeting info...
<<<13:22:41:906297>>>  Enemy Tank increased launch speed one unit...
<<<13:22:41:923969>>>  Enemy Tank is checking targeting info...
<<<13:22:41:923969>>>  Enemy Tank increased launch speed one unit...
<<<13:22:41:939472>>>  Enemy Tank is checking targeting info...
<<<13:22:41:939472>>>  Enemy Tank increased launch speed one unit...
<<<13:22:41:956287>>>  Enemy Tank is checking targeting info...
<<<13:22:41:956287>>>  Enemy Tank increased launch speed one unit...
<<<13:22:41:971967>>>  Enemy Tank is checking targeting info...
<<<13:22:41:971967>>>  Enemy Tank increased launch speed one unit...
<<<13:22:41:989002>>>  Enemy Tank is checking targeting info...
<<<13:22:41:989002>>>  Enemy Tank increased launch speed one unit...
<<<13:22:42:005450>>>  Enemy Tank is checking targeting info...
<<<13:22:42:005450>>>  Enemy Tank increased launch speed one unit...
<<<13:22:42:023107>>>  Enemy Tank is checking targeting info...
<<<13:22:42:023107>>>  Enemy Tank increased launch speed one unit...
<<<13:22:42:038497>>>  Enemy Tank is checking targeting info...
<<<13:22:42:038497>>>  Enemy Tank increased launch speed one unit...
<<<13:22:42:055961>>>  Enemy Tank is checking targeting info...
<<<13:22:42:055961>>>  Enemy Tank increased launch speed one unit...
<<<13:22:42:071362>>>  Enemy Tank is checking targeting info...
<<<13:22:42:071362>>>  Enemy Tank increased launch speed one unit...
<<<13:22:42:088659>>>  Enemy Tank is checking targeting info...
<<<13:22:42:088659>>>  Enemy Tank increased launch speed one unit...
<<<13:22:42:104007>>>  Enemy Tank is checking targeting info...
<<<13:22:42:104007>>>  Enemy Tank increased launch speed one unit...
<<<13:22:42:120967>>>  Enemy Tank is checking targeting info...
<<<13:22:42:120967>>>  Enemy Tank increased launch speed one unit...
<<<13:22:42:137571>>>  Enemy Tank is checking targeting info...
<<<13:22:42:137571>>>  Enemy Tank increased launch speed one unit...
<<<13:22:42:154145>>>  Enemy Tank is checking targeting info...
<<<13:22:42:154145>>>  Enemy Tank increased launch speed one unit...
<<<13:22:42:170434>>>  Enemy Tank is checking targeting info...
<<<13:22:42:170434>>>  Enemy Tank increased launch speed one unit...
<<<13:22:42:186280>>>  Enemy Tank is checking targeting info...
<<<13:22:42:186280>>>  Enemy Tank increased launch speed one unit...
<<<13:22:42:202691>>>  Enemy Tank is checking targeting info...
<<<13:22:42:202691>>>  Enemy Tank increased launch speed one unit...
<<<13:22:42:219943>>>
* INFORMATION FOR Player Tank's CANNONBALLS:
* Cannonballs in memory for Player Tank:  0.
* Total cannonballs fired or chambered for Player Tank:  2.
<<<13:22:42:219943>>>
* INFORMATION FOR Enemy Tank's CANNONBALLS:
* Cannonballs in memory for Enemy Tank:  3.
* Total cannonballs fired or chambered for Enemy Tank:  4.
<<<13:22:42:219943>>>
* CURRENT VALUES FOR CELESTIAL BODY:  Enemy Tank's Cannonball #1
* This is not the homeworld.
* The celestial boyd's density is 5515 kg/m^3.
* The celestial body's mass is 1000 kg.
* The Earth's mass is 5.972e+24 kg.
* The celestial body's radius is 0.001 km.
* The celestial body's coordinates are (-8970.666237713362, -18259.186584503153).
* The celestial body's velocity is (-3.3586129417445933, -3.322811728821865).
* The celestial body's speed is 4.724548515747343 km/s.
* The celestial body's acceleration is (0.00045425782642922883, 0.0008933366718365591).
* The celestial body's screen x and y coordinates are (646, 679).
* The celestial body's screen radius is 2.
* The celestial is using a body circle.
<<<13:22:42:219943>>>
* ADDITIONAL INFORMATION FOR Enemy Tank's Cannonball #1:
* This cannonball is active.
* This ball is armed.
<<<13:22:42:219943>>>
* CURRENT VALUES FOR CELESTIAL BODY:  Enemy Tank's Cannonball #2
* This is not the homeworld.
* The celestial boyd's density is 5515 kg/m^3.
* The celestial body's mass is 1000 kg.
* The Earth's mass is 5.972e+24 kg.
* The celestial body's radius is 0.001 km.
* The celestial body's coordinates are (7982.512104657917, -15438.477823592211).
* The celestial body's velocity is (3.9963178012565663, -3.6464665973163752).
* The celestial body's speed is 5.409923716096576 km/s.
* The celestial body's acceleration is (-0.000655802370746522, 0.0012067856635808597).
* The celestial body's screen x and y coordinates are (876, 641).
* The celestial body's screen radius is 2.
* The celestial is using a body circle.
<<<13:22:42:219943>>>
* ADDITIONAL INFORMATION FOR Enemy Tank's Cannonball #2:
* This cannonball is active.
* This ball is armed.
<<<13:22:42:219943>>>
* CURRENT VALUES FOR CELESTIAL BODY:  Enemy Tank's Cannonball #4
* This is not the homeworld.
* The celestial boyd's density is 5515 kg/m^3.
* The celestial body's mass is 1000 kg.
* The Earth's mass is 5.972e+24 kg.
* The celestial body's radius is 0.001 km.
* The celestial body's coordinates are (4617.643275879024, -4390.062819640549).
* The celestial body's velocity is (3.9677093484700063, -3.934708896716206).
* The celestial body's speed is 5.587902251814534 km/s.
* The celestial body's acceleration is (0, 0).
* The celestial body's screen x and y coordinates are (830, 491).
* The celestial body's screen radius is 2.
* The celestial is using a body circle.
<<<13:22:42:219943>>>
* ADDITIONAL INFORMATION FOR Enemy Tank's Cannonball #4:
* This cannonball is chambered.
<<<13:22:42:219943>>>  Quit through pygame and writing log file...
