<<<12:15:20:776253>>>  Pix\Homeworlds\Forest\1.png loaded as pixie for Earth...
<<<12:15:20:776253>>>  Image at Pix\Homeworlds\Forest\1.png chosen as homeworld pix for Earth's...
<<<12:15:20:789219>>>  Pix\Moons\7.png loaded as pixie for Moon #2...
<<<12:15:20:868007>>>  Pix\Snails\Green_Snail\Spells\Spellready_Icon\spellready.png returned as pixie for Snail #1 Green Player...
<<<12:15:20:868007>>>  Pix\Magic\Scroll\scroll.png returned as pixie for Snail #1 Green Player...
<<<12:15:20:868007>>>  Snail #1 Green Player successfully created!
<<<12:15:20:943805>>>  Pix\Snails\Red_Snail\Spells\Spellready_Icon\spellready.png returned as pixie for Snail #2 Red Player...
<<<12:15:20:943805>>>  Pix\Magic\Scroll\scroll.png returned as pixie for Snail #2 Red Player...
<<<12:15:20:943805>>>  Snail #2 Red Player successfully created!
<<<12:15:21:274532>>>  Snail #1 Green Player chambered cannonball...
<<<12:15:21:274532>>>
* CURRENT VALUES FOR CELESTIAL BODY:  Snail #1 Green Player's Cannonball #1
* This is not the homeworld.
* The celestial boyd's density is 5515 kg/m^3.
* The celestial body's mass is 1000 kg.
* The Earth's mass is 5.972e+24 kg.
* The celestial body's radius is 0.001 km.
* The celestial body's coordinates are (3.9011123786838936e-13, 6371.0).
* The celestial body's velocity is (0.0025513694096675303, 5.594930847459561).
* The celestial body's speed is 5.594931429190211 km/s.
* The celestial body's acceleration is (0, 0).
* The celestial body's screen x and y coordinates are (768, 345).
* The celestial body's screen radius is 2.
* The celestial is using a body circle.
<<<12:15:21:274532>>>
* ADDITIONAL INFORMATION FOR Snail #1 Green Player's Cannonball #1:
* This cannonball is chambered.
<<<12:15:31:042539>>>
* INFORMATION FOR Snail #1 Green Player's CANNONBALLS:
* Cannonballs in memory for Snail #1 Green Player:  1.
* Total cannonballs fired or chambered for Snail #1 Green Player:  1.
<<<12:15:31:042539>>>
* CURRENT VALUES FOR CELESTIAL BODY:  Snail #1 Green Player's Cannonball #1
* This is not the homeworld.
* The celestial boyd's density is 5515 kg/m^3.
* The celestial body's mass is 1000 kg.
* The Earth's mass is 5.972e+24 kg.
* The celestial body's radius is 0.001 km.
* The celestial body's coordinates are (-138.51570144942465, 6196.300779052469).
* The celestial body's velocity is (0.0025513694096675303, 5.594930847459561).
* The celestial body's speed is 5.594931429190211 km/s.
* The celestial body's acceleration is (0, 0).
* The celestial body's screen x and y coordinates are (766, 347).
* The celestial body's screen radius is 2.
* The celestial is using a body circle.
<<<12:15:31:042539>>>
* ADDITIONAL INFORMATION FOR Snail #1 Green Player's Cannonball #1:
* This cannonball is chambered.
<<<12:15:31:042539>>>
* INFORMATION FOR Snail #2 Red Player's CANNONBALLS:
* Cannonballs in memory for Snail #2 Red Player:  0.
* Total cannonballs fired or chambered for Snail #2 Red Player:  0.
<<<12:15:31:042539>>>  Quit through pygame and writing log file...
