<<<15:16:06:663629>>>
* Screen coordinates (1023, 57) choosen in zone #2.
* Screen dimensions are 1600 wide by 900 high.
* Minimum (x, y) are (266, 0).
* Maximum (x, y) are (1333, 150).
* Mid (x, y) are (799, 75).
<<<15:16:06:663629>>>  Image at Pix\Faraway_Objects\Gas_Giants\13.png choosen for background...
<<<15:16:06:666618>>>  Pix\Homeworlds\Ocean\7.png loaded as pixie for Earth...
<<<15:16:06:666618>>>  Image at Pix\Homeworlds\Ocean\7.png chosen as homeworld pix for Earth's...
<<<15:16:06:666618>>>  Pix\Moons\1.png loaded as pixie for Moon #2...
<<<15:16:06:708739>>>  Pix\Snails\Green_Snail\Spells\Spellready_Icon\spellready.png returned as pixie for Tank #1 Green Player Tank...
<<<15:16:06:709736>>>  Tank #1 Green Player Tank successfully created!
<<<15:16:06:753536>>>  Pix\Snails\Red_Snail\Spells\Spellready_Icon\spellready.png returned as pixie for Tank #2 Red AI Tank...
<<<15:16:06:754534>>>  Tank #2 Red AI Tank successfully created!
<<<15:16:06:798840>>>  Pix\Snails\Yellow_Snail\Spells\Spellready_Icon\spellready.png returned as pixie for Tank #3 Yellow AI Tank...
<<<15:16:06:798840>>>  Tank #3 Yellow AI Tank successfully created!
<<<15:16:06:803391>>>  Tank #2 Red AI Tank chose to move to 4.6318, cururently at 3.6652.
<<<15:16:06:803391>>>  Tank #2 Red AI Tank moved one unit CCW...
<<<15:16:06:803391>>>  Tank #2 Red AI Tank chose to move...
<<<15:16:06:803391>>>
* *** Tank #3 Yellow AI Tank USING CLEAR SKIES FUNCTION ***
* Moon #2 at (8270.755943490787, -9692.748607547916), angle -0.8643935263176228 rads.
* Tank #3 Yellow AI Tank at (5517.447847510657, -3185.5000000000027), angle 5.759586531581287.
* Angle Between is 0.34079475071932386 rads.
* The skies are NOT clear, Tank #3 Yellow AI Tank shouldn't use Gravity...
<<<15:16:06:816146>>>  Tank #2 Red AI Tank moved one unit CCW...
<<<15:16:06:816146>>>
* *** Tank #3 Yellow AI Tank USING CLEAR SKIES FUNCTION ***
* Moon #2 at (8308.978725534267, -9659.742913579876), angle -0.8604301229011398 rads.
* Tank #3 Yellow AI Tank at (5517.447847510657, -3185.5000000000027), angle 5.759586531581287.
* Angle Between is 0.3368313473028408 rads.
* The skies are NOT clear, Tank #3 Yellow AI Tank shouldn't use Gravity...
<<<15:16:06:832760>>>  Tank #2 Red AI Tank moved one unit CCW...
<<<15:16:06:832760>>>
* *** Tank #3 Yellow AI Tank USING CLEAR SKIES FUNCTION ***
* Moon #2 at (8347.03939645616, -9626.548754602974), angle -0.8564665818928568 rads.
* Tank #3 Yellow AI Tank at (5517.447847510657, -3185.5000000000027), angle 5.759586531581287.
* Angle Between is 0.3328678062945576 rads.
* The skies are NOT clear, Tank #3 Yellow AI Tank shouldn't use Gravity...
<<<15:16:06:848399>>>  Tank #2 Red AI Tank moved one unit CCW...
<<<15:16:06:848399>>>
* *** Tank #3 Yellow AI Tank USING CLEAR SKIES FUNCTION ***
* Moon #2 at (8384.937204193548, -9593.166767308283), angle -0.8525028731508665 rads.
* Tank #3 Yellow AI Tank at (5517.447847510657, -3185.5000000000027), angle 5.759586531581287.
* Angle Between is 0.32890409755256744 rads.
* The skies are NOT clear, Tank #3 Yellow AI Tank shouldn't use Gravity...
<<<15:16:06:864411>>>  Tank #2 Red AI Tank moved one unit CCW...
<<<15:16:06:864411>>>
* *** Tank #3 Yellow AI Tank USING CLEAR SKIES FUNCTION ***
* Moon #2 at (8422.67139790816, -9559.597589991961), angle -0.8485389665288279 rads.
* Tank #3 Yellow AI Tank at (5517.447847510657, -3185.5000000000027), angle 5.759586531581287.
* Angle Between is 0.32494019093052895 rads.
* The skies are NOT clear, Tank #3 Yellow AI Tank shouldn't use Gravity...
<<<15:16:06:881344>>>  Tank #2 Red AI Tank moved one unit CCW...
<<<15:16:06:881344>>>
* *** Tank #3 Yellow AI Tank USING CLEAR SKIES FUNCTION ***
* Moon #2 at (8460.241227975952, -9525.841862565376), angle -0.8445748318751799 rads.
* Tank #3 Yellow AI Tank at (5517.447847510657, -3185.5000000000027), angle 5.759586531581287.
* Angle Between is 0.32097605627688086 rads.
* The skies are NOT clear, Tank #3 Yellow AI Tank shouldn't use Gravity...
<<<15:16:06:897733>>>  Tank #2 Red AI Tank moved one unit CCW...
<<<15:16:06:897733>>>
* *** Tank #3 Yellow AI Tank USING CLEAR SKIES FUNCTION ***
* Moon #2 at (8497.6459459768, -9491.900226565345), angle -0.8406104390323534 rads.
* Tank #3 Yellow AI Tank at (5517.447847510657, -3185.5000000000027), angle 5.759586531581287.
* Angle Between is 0.3170116634340543 rads.
* The skies are NOT clear, Tank #3 Yellow AI Tank shouldn't use Gravity...
<<<15:16:06:913102>>>  Tank #2 Red AI Tank moved one unit CCW...
<<<15:16:06:913102>>>  Tank #3 Yellow AI Tank chose to shoot...
<<<15:16:06:929971>>>  Tank #2 Red AI Tank moved one unit CCW...
<<<15:16:06:929971>>>  Tank #3 Yellow AI Tank is checking targeting info...
<<<15:16:06:929971>>>  Tank #3 Yellow AI Tank Launch angle not within tolerances, adjusting firing solution...
<<<15:16:06:929971>>>  Tank #3 Yellow AI Tank Launch speed not within tolerances, adjusting firing solution...
<<<15:16:06:929971>>>  Tank #3 Yellow AI Tank adjusted targeting angle one unit CW...
<<<15:16:06:946565>>>  Tank #2 Red AI Tank moved one unit CCW...
<<<15:16:06:946565>>>  Tank #3 Yellow AI Tank is checking targeting info...
<<<15:16:06:946565>>>  Tank #3 Yellow AI Tank Launch angle not within tolerances, adjusting firing solution...
<<<15:16:06:946565>>>  Tank #3 Yellow AI Tank Launch speed not within tolerances, adjusting firing solution...
<<<15:16:06:946565>>>  Tank #3 Yellow AI Tank adjusted targeting angle one unit CW...
<<<15:16:06:962657>>>  Tank #2 Red AI Tank moved one unit CCW...
<<<15:16:06:962657>>>  Tank #3 Yellow AI Tank is checking targeting info...
<<<15:16:06:962657>>>  Tank #3 Yellow AI Tank Launch angle not within tolerances, adjusting firing solution...
<<<15:16:06:962657>>>  Tank #3 Yellow AI Tank Launch speed not within tolerances, adjusting firing solution...
<<<15:16:06:962657>>>  Tank #3 Yellow AI Tank adjusted targeting angle one unit CW...
<<<15:16:06:978393>>>  Tank #2 Red AI Tank moved one unit CCW...
<<<15:16:06:978393>>>  Tank #3 Yellow AI Tank is checking targeting info...
<<<15:16:06:978393>>>  Tank #3 Yellow AI Tank Launch angle not within tolerances, adjusting firing solution...
<<<15:16:06:978393>>>  Tank #3 Yellow AI Tank Launch speed not within tolerances, adjusting firing solution...
<<<15:16:06:978393>>>  Tank #3 Yellow AI Tank adjusted targeting angle one unit CW...
<<<15:16:06:994880>>>  Tank #2 Red AI Tank moved one unit CCW...
<<<15:16:06:994880>>>  Tank #3 Yellow AI Tank is checking targeting info...
<<<15:16:06:994880>>>  Tank #3 Yellow AI Tank Launch angle not within tolerances, adjusting firing solution...
<<<15:16:06:994880>>>  Tank #3 Yellow AI Tank Launch speed not within tolerances, adjusting firing solution...
<<<15:16:06:994880>>>  Tank #3 Yellow AI Tank adjusted targeting angle one unit CW...
<<<15:16:07:010829>>>  Tank #2 Red AI Tank moved one unit CCW...
<<<15:16:07:010829>>>  Tank #3 Yellow AI Tank is checking targeting info...
<<<15:16:07:010829>>>  Tank #3 Yellow AI Tank Launch angle not within tolerances, adjusting firing solution...
<<<15:16:07:010829>>>  Tank #3 Yellow AI Tank Launch speed not within tolerances, adjusting firing solution...
<<<15:16:07:010829>>>  Tank #3 Yellow AI Tank adjusted targeting angle one unit CW...
<<<15:16:07:027111>>>  Tank #2 Red AI Tank moved one unit CCW...
<<<15:16:07:027111>>>  Tank #3 Yellow AI Tank is checking targeting info...
<<<15:16:07:027111>>>  Tank #3 Yellow AI Tank Launch angle not within tolerances, adjusting firing solution...
<<<15:16:07:027111>>>  Tank #3 Yellow AI Tank Launch speed not within tolerances, adjusting firing solution...
<<<15:16:07:027111>>>  Tank #3 Yellow AI Tank adjusted targeting angle one unit CW...
<<<15:16:07:043435>>>  Tank #2 Red AI Tank moved one unit CCW...
<<<15:16:07:043435>>>  Tank #3 Yellow AI Tank is checking targeting info...
<<<15:16:07:043435>>>  Tank #3 Yellow AI Tank Launch angle not within tolerances, adjusting firing solution...
<<<15:16:07:043435>>>  Tank #3 Yellow AI Tank Launch speed not within tolerances, adjusting firing solution...
<<<15:16:07:043435>>>  Tank #3 Yellow AI Tank adjusted targeting angle one unit CW...
<<<15:16:07:060606>>>  Tank #2 Red AI Tank moved one unit CCW...
<<<15:16:07:060606>>>  Tank #3 Yellow AI Tank is checking targeting info...
<<<15:16:07:060606>>>  Tank #3 Yellow AI Tank Launch angle not within tolerances, adjusting firing solution...
<<<15:16:07:060606>>>  Tank #3 Yellow AI Tank Launch speed not within tolerances, adjusting firing solution...
<<<15:16:07:060606>>>  Tank #3 Yellow AI Tank adjusted targeting angle one unit CW...
<<<15:16:07:076383>>>  Tank #2 Red AI Tank moved one unit CCW...
<<<15:16:07:076383>>>  Tank #3 Yellow AI Tank is checking targeting info...
<<<15:16:07:076383>>>  Tank #3 Yellow AI Tank Launch angle not within tolerances, adjusting firing solution...
<<<15:16:07:076383>>>  Tank #3 Yellow AI Tank Launch speed not within tolerances, adjusting firing solution...
<<<15:16:07:076383>>>  Tank #3 Yellow AI Tank adjusted targeting angle one unit CW...
<<<15:16:07:093385>>>  Tank #2 Red AI Tank moved one unit CCW...
<<<15:16:07:093385>>>  Tank #3 Yellow AI Tank is checking targeting info...
<<<15:16:07:093385>>>  Tank #3 Yellow AI Tank Launch angle not within tolerances, adjusting firing solution...
<<<15:16:07:093385>>>  Tank #3 Yellow AI Tank Launch speed not within tolerances, adjusting firing solution...
<<<15:16:07:093385>>>  Tank #3 Yellow AI Tank adjusted targeting angle one unit CW...
<<<15:16:07:109951>>>  Tank #2 Red AI Tank moved one unit CCW...
<<<15:16:07:109951>>>  Tank #3 Yellow AI Tank is checking targeting info...
<<<15:16:07:109951>>>  Tank #3 Yellow AI Tank Launch angle not within tolerances, adjusting firing solution...
<<<15:16:07:109951>>>  Tank #3 Yellow AI Tank Launch speed not within tolerances, adjusting firing solution...
<<<15:16:07:109951>>>  Tank #3 Yellow AI Tank adjusted targeting angle one unit CW...
<<<15:16:07:126592>>>  Tank #2 Red AI Tank moved one unit CCW...
<<<15:16:07:126592>>>  Tank #3 Yellow AI Tank is checking targeting info...
<<<15:16:07:126592>>>  Tank #3 Yellow AI Tank Launch angle not within tolerances, adjusting firing solution...
<<<15:16:07:126592>>>  Tank #3 Yellow AI Tank Launch speed not within tolerances, adjusting firing solution...
<<<15:16:07:126592>>>  Tank #3 Yellow AI Tank adjusted targeting angle one unit CW...
<<<15:16:07:143335>>>  Successfully removed spellready icon from Tank #1 Green Player Tank's effect list!
<<<15:16:07:143335>>>  Tank #2 Red AI Tank moved one unit CCW...
<<<15:16:07:143335>>>  Tank #3 Yellow AI Tank is checking targeting info...
<<<15:16:07:143335>>>  Tank #3 Yellow AI Tank Launch angle not within tolerances, adjusting firing solution...
<<<15:16:07:143335>>>  Tank #3 Yellow AI Tank Launch speed not within tolerances, adjusting firing solution...
<<<15:16:07:143335>>>  Tank #3 Yellow AI Tank adjusted targeting angle one unit CW...
<<<15:16:07:158435>>>  Tank #2 Red AI Tank moved one unit CCW...
<<<15:16:07:158435>>>  Tank #3 Yellow AI Tank is checking targeting info...
<<<15:16:07:158435>>>  Tank #3 Yellow AI Tank Launch angle not within tolerances, adjusting firing solution...
<<<15:16:07:158435>>>  Tank #3 Yellow AI Tank Launch speed not within tolerances, adjusting firing solution...
<<<15:16:07:158435>>>  Tank #3 Yellow AI Tank adjusted targeting angle one unit CW...
<<<15:16:07:174923>>>  Tank #2 Red AI Tank moved one unit CCW...
<<<15:16:07:174923>>>  Tank #3 Yellow AI Tank is checking targeting info...
<<<15:16:07:174923>>>  Tank #3 Yellow AI Tank Launch angle not within tolerances, adjusting firing solution...
<<<15:16:07:174923>>>  Tank #3 Yellow AI Tank Launch speed not within tolerances, adjusting firing solution...
<<<15:16:07:174923>>>  Tank #3 Yellow AI Tank adjusted targeting angle one unit CW...
<<<15:16:07:190593>>>  Tank #2 Red AI Tank moved one unit CCW...
<<<15:16:07:190593>>>  Tank #3 Yellow AI Tank is checking targeting info...
<<<15:16:07:190593>>>  Tank #3 Yellow AI Tank Launch angle not within tolerances, adjusting firing solution...
<<<15:16:07:190593>>>  Tank #3 Yellow AI Tank Launch speed not within tolerances, adjusting firing solution...
<<<15:16:07:190593>>>  Tank #3 Yellow AI Tank adjusted targeting angle one unit CW...
<<<15:16:07:206733>>>  Tank #2 Red AI Tank moved one unit CCW...
<<<15:16:07:206733>>>  Tank #3 Yellow AI Tank is checking targeting info...
<<<15:16:07:206733>>>  Tank #3 Yellow AI Tank Launch angle not within tolerances, adjusting firing solution...
<<<15:16:07:206733>>>  Tank #3 Yellow AI Tank Launch speed not within tolerances, adjusting firing solution...
<<<15:16:07:206733>>>  Tank #3 Yellow AI Tank adjusted targeting angle one unit CW...
<<<15:16:07:222732>>>  Tank #2 Red AI Tank moved one unit CCW...
<<<15:16:07:222732>>>  Tank #3 Yellow AI Tank is checking targeting info...
<<<15:16:07:222732>>>  Tank #3 Yellow AI Tank Launch angle not within tolerances, adjusting firing solution...
<<<15:16:07:222732>>>  Tank #3 Yellow AI Tank Launch speed not within tolerances, adjusting firing solution...
<<<15:16:07:222732>>>  Tank #3 Yellow AI Tank adjusted targeting angle one unit CW...
<<<15:16:07:238866>>>  Tank #2 Red AI Tank moved one unit CCW...
<<<15:16:07:238866>>>  Tank #3 Yellow AI Tank is checking targeting info...
<<<15:16:07:238866>>>  Tank #3 Yellow AI Tank Launch angle not within tolerances, adjusting firing solution...
<<<15:16:07:238866>>>  Tank #3 Yellow AI Tank Launch speed not within tolerances, adjusting firing solution...
<<<15:16:07:238866>>>  Tank #3 Yellow AI Tank adjusted targeting angle one unit CW...
<<<15:16:07:255648>>>  Tank #2 Red AI Tank moved one unit CCW...
<<<15:16:07:255648>>>  Tank #3 Yellow AI Tank is checking targeting info...
<<<15:16:07:255648>>>  Tank #3 Yellow AI Tank Launch angle not within tolerances, adjusting firing solution...
<<<15:16:07:255648>>>  Tank #3 Yellow AI Tank Launch speed not within tolerances, adjusting firing solution...
<<<15:16:07:255648>>>  Tank #3 Yellow AI Tank adjusted targeting angle one unit CW...
<<<15:16:07:271974>>>  Tank #2 Red AI Tank moved one unit CCW...
<<<15:16:07:271974>>>  Tank #3 Yellow AI Tank is checking targeting info...
<<<15:16:07:271974>>>  Tank #3 Yellow AI Tank Launch angle not within tolerances, adjusting firing solution...
<<<15:16:07:271974>>>  Tank #3 Yellow AI Tank Launch speed not within tolerances, adjusting firing solution...
<<<15:16:07:271974>>>  Tank #3 Yellow AI Tank adjusted targeting angle one unit CW...
<<<15:16:07:288762>>>  Tank #2 Red AI Tank moved one unit CCW...
<<<15:16:07:288762>>>  Tank #3 Yellow AI Tank is checking targeting info...
<<<15:16:07:288762>>>  Tank #3 Yellow AI Tank Launch angle not within tolerances, adjusting firing solution...
<<<15:16:07:288762>>>  Tank #3 Yellow AI Tank Launch speed not within tolerances, adjusting firing solution...
<<<15:16:07:288762>>>  Tank #3 Yellow AI Tank adjusted targeting angle one unit CW...
<<<15:16:07:305524>>>  Tank #2 Red AI Tank moved one unit CCW...
<<<15:16:07:305524>>>  Tank #3 Yellow AI Tank is checking targeting info...
<<<15:16:07:305524>>>  Tank #3 Yellow AI Tank Launch angle not within tolerances, adjusting firing solution...
<<<15:16:07:305524>>>  Tank #3 Yellow AI Tank Launch speed not within tolerances, adjusting firing solution...
<<<15:16:07:305524>>>  Tank #3 Yellow AI Tank adjusted targeting angle one unit CW...
<<<15:16:07:322629>>>  Tank #2 Red AI Tank moved one unit CCW...
<<<15:16:07:322685>>>  Tank #3 Yellow AI Tank is checking targeting info...
<<<15:16:07:322685>>>  Tank #3 Yellow AI Tank Launch angle not within tolerances, adjusting firing solution...
<<<15:16:07:322685>>>  Tank #3 Yellow AI Tank Launch speed not within tolerances, adjusting firing solution...
<<<15:16:07:322685>>>  Tank #3 Yellow AI Tank adjusted targeting angle one unit CW...
<<<15:16:07:338377>>>  Tank #2 Red AI Tank moved one unit CCW...
<<<15:16:07:338377>>>  Tank #3 Yellow AI Tank is checking targeting info...
<<<15:16:07:338377>>>  Tank #3 Yellow AI Tank Launch angle not within tolerances, adjusting firing solution...
<<<15:16:07:338377>>>  Tank #3 Yellow AI Tank Launch speed not within tolerances, adjusting firing solution...
<<<15:16:07:338377>>>  Tank #3 Yellow AI Tank adjusted targeting angle one unit CW...
<<<15:16:07:354466>>>  Tank #2 Red AI Tank moved one unit CCW...
<<<15:16:07:354466>>>  Tank #3 Yellow AI Tank is checking targeting info...
<<<15:16:07:354466>>>  Tank #3 Yellow AI Tank Launch angle not within tolerances, adjusting firing solution...
<<<15:16:07:354466>>>  Tank #3 Yellow AI Tank Launch speed not within tolerances, adjusting firing solution...
<<<15:16:07:354466>>>  Tank #3 Yellow AI Tank adjusted targeting angle one unit CW...
<<<15:16:07:370374>>>  Tank #2 Red AI Tank moved one unit CCW...
<<<15:16:07:370374>>>  Tank #3 Yellow AI Tank is checking targeting info...
<<<15:16:07:370374>>>  Tank #3 Yellow AI Tank Launch angle not within tolerances, adjusting firing solution...
<<<15:16:07:370374>>>  Tank #3 Yellow AI Tank Launch speed not within tolerances, adjusting firing solution...
<<<15:16:07:370374>>>  Tank #3 Yellow AI Tank adjusted targeting angle one unit CW...
<<<15:16:07:386225>>>  Tank #2 Red AI Tank moved one unit CCW...
<<<15:16:07:386225>>>  Tank #3 Yellow AI Tank is checking targeting info...
<<<15:16:07:386225>>>  Tank #3 Yellow AI Tank Launch angle not within tolerances, adjusting firing solution...
<<<15:16:07:386225>>>  Tank #3 Yellow AI Tank Launch speed not within tolerances, adjusting firing solution...
<<<15:16:07:386225>>>  Tank #3 Yellow AI Tank adjusted targeting angle one unit CW...
<<<15:16:07:402725>>>  Tank #2 Red AI Tank moved one unit CCW...
<<<15:16:07:402725>>>  Tank #3 Yellow AI Tank is checking targeting info...
<<<15:16:07:402725>>>  Tank #3 Yellow AI Tank Launch angle not within tolerances, adjusting firing solution...
<<<15:16:07:402725>>>  Tank #3 Yellow AI Tank Launch speed not within tolerances, adjusting firing solution...
<<<15:16:07:402725>>>  Tank #3 Yellow AI Tank adjusted targeting angle one unit CW...
<<<15:16:07:419006>>>  Tank #2 Red AI Tank moved one unit CCW...
<<<15:16:07:419006>>>  Tank #3 Yellow AI Tank is checking targeting info...
<<<15:16:07:419006>>>  Tank #3 Yellow AI Tank Launch angle not within tolerances, adjusting firing solution...
<<<15:16:07:419006>>>  Tank #3 Yellow AI Tank Launch speed not within tolerances, adjusting firing solution...
<<<15:16:07:419006>>>  Tank #3 Yellow AI Tank adjusted targeting angle one unit CW...
<<<15:16:07:435901>>>  Tank #2 Red AI Tank moved one unit CCW...
<<<15:16:07:435901>>>  Tank #3 Yellow AI Tank is checking targeting info...
<<<15:16:07:435901>>>  Tank #3 Yellow AI Tank Launch angle not within tolerances, adjusting firing solution...
<<<15:16:07:435901>>>  Tank #3 Yellow AI Tank Launch speed not within tolerances, adjusting firing solution...
<<<15:16:07:435901>>>  Tank #3 Yellow AI Tank adjusted targeting angle one unit CW...
<<<15:16:07:451976>>>  Tank #2 Red AI Tank moved one unit CCW...
<<<15:16:07:451976>>>  Tank #3 Yellow AI Tank is checking targeting info...
<<<15:16:07:451976>>>  Tank #3 Yellow AI Tank Launch angle not within tolerances, adjusting firing solution...
<<<15:16:07:451976>>>  Tank #3 Yellow AI Tank Launch speed not within tolerances, adjusting firing solution...
<<<15:16:07:451976>>>  Tank #3 Yellow AI Tank adjusted targeting angle one unit CW...
<<<15:16:07:468227>>>  Tank #2 Red AI Tank moved one unit CCW...
<<<15:16:07:468227>>>  Tank #3 Yellow AI Tank is checking targeting info...
<<<15:16:07:468227>>>  Tank #3 Yellow AI Tank Launch angle not within tolerances, adjusting firing solution...
<<<15:16:07:468227>>>  Tank #3 Yellow AI Tank Launch speed not within tolerances, adjusting firing solution...
<<<15:16:07:468227>>>  Tank #3 Yellow AI Tank adjusted targeting angle one unit CW...
<<<15:16:07:484562>>>  Tank #2 Red AI Tank moved one unit CCW...
<<<15:16:07:484562>>>  Tank #3 Yellow AI Tank is checking targeting info...
<<<15:16:07:484562>>>  Tank #3 Yellow AI Tank Launch angle not within tolerances, adjusting firing solution...
<<<15:16:07:484562>>>  Tank #3 Yellow AI Tank Launch speed not within tolerances, adjusting firing solution...
<<<15:16:07:484562>>>  Tank #3 Yellow AI Tank adjusted targeting angle one unit CW...
<<<15:16:07:500943>>>  Tank #2 Red AI Tank moved one unit CCW...
<<<15:16:07:501952>>>  Tank #3 Yellow AI Tank is checking targeting info...
<<<15:16:07:501952>>>  Tank #3 Yellow AI Tank Launch angle not within tolerances, adjusting firing solution...
<<<15:16:07:501952>>>  Tank #3 Yellow AI Tank Launch speed not within tolerances, adjusting firing solution...
<<<15:16:07:501952>>>  Tank #3 Yellow AI Tank adjusted targeting angle one unit CW...
<<<15:16:07:517922>>>  Tank #2 Red AI Tank moved one unit CCW...
<<<15:16:07:517922>>>  Tank #3 Yellow AI Tank is checking targeting info...
<<<15:16:07:517922>>>  Tank #3 Yellow AI Tank Launch angle not within tolerances, adjusting firing solution...
<<<15:16:07:517922>>>  Tank #3 Yellow AI Tank Launch speed not within tolerances, adjusting firing solution...
<<<15:16:07:517922>>>  Tank #3 Yellow AI Tank adjusted targeting angle one unit CW...
<<<15:16:07:533206>>>  Tank #2 Red AI Tank moved one unit CCW...
<<<15:16:07:533206>>>  Tank #3 Yellow AI Tank is checking targeting info...
<<<15:16:07:533206>>>  Tank #3 Yellow AI Tank Launch angle not within tolerances, adjusting firing solution...
<<<15:16:07:533206>>>  Tank #3 Yellow AI Tank Launch speed not within tolerances, adjusting firing solution...
<<<15:16:07:533206>>>  Tank #3 Yellow AI Tank adjusted targeting angle one unit CW...
<<<15:16:07:549258>>>  Tank #2 Red AI Tank moved one unit CCW...
<<<15:16:07:549258>>>  Tank #3 Yellow AI Tank is checking targeting info...
<<<15:16:07:549258>>>  Tank #3 Yellow AI Tank Launch angle not within tolerances, adjusting firing solution...
<<<15:16:07:549258>>>  Tank #3 Yellow AI Tank Launch speed not within tolerances, adjusting firing solution...
<<<15:16:07:549258>>>  Tank #3 Yellow AI Tank adjusted targeting angle one unit CW...
<<<15:16:07:565893>>>  Tank #2 Red AI Tank moved one unit CCW...
<<<15:16:07:565893>>>  Tank #3 Yellow AI Tank is checking targeting info...
<<<15:16:07:565893>>>  Tank #3 Yellow AI Tank Launch angle not within tolerances, adjusting firing solution...
<<<15:16:07:565893>>>  Tank #3 Yellow AI Tank Launch speed not within tolerances, adjusting firing solution...
<<<15:16:07:565893>>>  Tank #3 Yellow AI Tank adjusted targeting angle one unit CW...
<<<15:16:07:581165>>>  Tank #2 Red AI Tank moved one unit CCW...
<<<15:16:07:581165>>>  Tank #3 Yellow AI Tank is checking targeting info...
<<<15:16:07:581165>>>  Tank #3 Yellow AI Tank Launch angle not within tolerances, adjusting firing solution...
<<<15:16:07:581165>>>  Tank #3 Yellow AI Tank Launch speed not within tolerances, adjusting firing solution...
<<<15:16:07:581165>>>  Tank #3 Yellow AI Tank adjusted targeting angle one unit CW...
<<<15:16:07:597560>>>  Tank #2 Red AI Tank moved one unit CCW...
<<<15:16:07:597560>>>  Tank #3 Yellow AI Tank is checking targeting info...
<<<15:16:07:597560>>>  Tank #3 Yellow AI Tank Launch angle not within tolerances, adjusting firing solution...
<<<15:16:07:597560>>>  Tank #3 Yellow AI Tank Launch speed not within tolerances, adjusting firing solution...
<<<15:16:07:597560>>>  Tank #3 Yellow AI Tank adjusted targeting angle one unit CW...
<<<15:16:07:613431>>>  Tank #2 Red AI Tank moved one unit CCW...
<<<15:16:07:613431>>>  Tank #3 Yellow AI Tank is checking targeting info...
<<<15:16:07:613431>>>  Tank #3 Yellow AI Tank Launch angle not within tolerances, adjusting firing solution...
<<<15:16:07:613431>>>  Tank #3 Yellow AI Tank Launch speed not within tolerances, adjusting firing solution...
<<<15:16:07:613431>>>  Tank #3 Yellow AI Tank adjusted targeting angle one unit CW...
<<<15:16:07:629208>>>  Tank #2 Red AI Tank moved one unit CCW...
<<<15:16:07:629208>>>  Tank #3 Yellow AI Tank is checking targeting info...
<<<15:16:07:629208>>>  Tank #3 Yellow AI Tank Launch angle not within tolerances, adjusting firing solution...
<<<15:16:07:629208>>>  Tank #3 Yellow AI Tank Launch speed not within tolerances, adjusting firing solution...
<<<15:16:07:629208>>>  Tank #3 Yellow AI Tank adjusted targeting angle one unit CW...
<<<15:16:07:645777>>>  Tank #2 Red AI Tank moved one unit CCW...
<<<15:16:07:645777>>>  Tank #3 Yellow AI Tank is checking targeting info...
<<<15:16:07:645777>>>  Tank #3 Yellow AI Tank Launch angle not within tolerances, adjusting firing solution...
<<<15:16:07:645777>>>  Tank #3 Yellow AI Tank Launch speed not within tolerances, adjusting firing solution...
<<<15:16:07:645777>>>  Tank #3 Yellow AI Tank adjusted targeting angle one unit CW...
<<<15:16:07:661446>>>  Tank #2 Red AI Tank moved one unit CCW...
<<<15:16:07:661446>>>  Tank #3 Yellow AI Tank is checking targeting info...
<<<15:16:07:661446>>>  Tank #3 Yellow AI Tank increased launch speed one unit...
<<<15:16:07:677650>>>  Tank #2 Red AI Tank moved one unit CCW...
<<<15:16:07:677650>>>  Tank #3 Yellow AI Tank is checking targeting info...
<<<15:16:07:677650>>>  Tank #3 Yellow AI Tank increased launch speed one unit...
<<<15:16:07:693478>>>  Tank #3 Yellow AI Tank is checking targeting info...
<<<15:16:07:693478>>>  Tank #3 Yellow AI Tank increased launch speed one unit...
<<<15:16:07:709913>>>  Successfully removed spellready icon from Tank #2 Red AI Tank's effect list!
<<<15:16:08:016211>>>  Successfully removed spellbook from Tank #1 Green Player Tank's effect list!
<<<15:16:08:016211>>>  Successfully removed spellready icon from Tank #1 Green Player Tank's effect list!
<<<15:16:08:016211>>>  Deleting effect pixie portal-closing...
<<<15:16:10:238893>>>
* INFORMATION FOR Tank #1 Green Player Tank's CANNONBALLS:
* Cannonballs in memory for Tank #1 Green Player Tank:  0.
* Total cannonballs fired or chambered for Tank #1 Green Player Tank:  0.
<<<15:16:10:238893>>>
* INFORMATION FOR Tank #2 Red AI Tank's CANNONBALLS:
* Cannonballs in memory for Tank #2 Red AI Tank:  0.
* Total cannonballs fired or chambered for Tank #2 Red AI Tank:  0.
<<<15:16:10:238893>>>
* INFORMATION FOR Tank #3 Yellow AI Tank's CANNONBALLS:
* Cannonballs in memory for Tank #3 Yellow AI Tank:  1.
* Total cannonballs fired or chambered for Tank #3 Yellow AI Tank:  1.
<<<15:16:10:238893>>>
* CURRENT VALUES FOR CELESTIAL BODY:  Tank #3 Yellow AI Tank's Cannonball #1
* This is not the homeworld.
* The celestial boyd's density is 5515 kg/m^3.
* The celestial body's mass is 1000 kg.
* The Earth's mass is 5.972e+24 kg.
* The celestial body's radius is 0.001 km.
* The celestial body's coordinates are (5460.631458750901, -3148.3314212636037).
* The celestial body's velocity is (4.845910109549468, -2.798692286479744).
* The celestial body's speed is 5.5960274574232525 km/s.
* The celestial body's acceleration is (0, 0).
* The celestial body's screen x and y coordinates are (877, 494).
* The celestial body's screen radius is 2.
* The celestial is using a body circle.
<<<15:16:10:238893>>>
* ADDITIONAL INFORMATION FOR Tank #3 Yellow AI Tank's Cannonball #1:
* This cannonball is chambered.
<<<15:16:10:238893>>>  Quit through pygame and writing log file...
