<<<15:03:40:277605>>>
* Screen coordinates (1001, 83) choosen in zone #2.
* Screen dimensions are 1600 wide by 900 high.
* Minimum (x, y) are (266, 0).
* Maximum (x, y) are (1333, 150).
* Mid (x, y) are (799, 75).
<<<15:03:40:277605>>>  Image at Pix\Faraway_Objects\Black_Holes\3.png choosen for background...
<<<15:03:40:277605>>>
* Screen coordinates (141, 708) choosen in zone #8.
* Screen dimensions are 1600 wide by 900 high.
* Minimum (x, y) are (0, 150).
* Maximum (x, y) are (266, 750).
* Mid (x, y) are (133, 450).
<<<15:03:40:277605>>>  Image at Pix\Faraway_Objects\Quasars\1.png choosen for background...
<<<15:03:40:281576>>>  Pix\Homeworlds\Rocky\10.png loaded as pixie for Earth...
<<<15:03:40:281576>>>  Image at Pix\Homeworlds\Rocky\10.png chosen as homeworld pix for Earth's...
<<<15:03:40:282328>>>  Pix\Moons\13.png loaded as pixie for Moon #2...
<<<15:03:40:323769>>>  Pix\Snails\Green_Snail\Spells\Spellready_Icon\spellready.png returned as pixie for Tank #1 Green Player Tank...
<<<15:03:40:323769>>>  Tank #1 Green Player Tank successfully created!
<<<15:03:40:367149>>>  Pix\Snails\Red_Snail\Spells\Spellready_Icon\spellready.png returned as pixie for Tank #2 Red AI Tank...
<<<15:03:40:368147>>>  Tank #2 Red AI Tank successfully created!
<<<15:03:40:416148>>>  Pix\Snails\Yellow_Snail\Spells\Spellready_Icon\spellready.png returned as pixie for Tank #3 Yellow AI Tank...
<<<15:03:40:417198>>>  Tank #3 Yellow AI Tank successfully created!
<<<15:03:40:421086>>>
* *** Tank #2 Red AI Tank USING CLEAR SKIES FUNCTION ***
* Moon #2 at (5009.086473504718, 11715.964840629314), angle 1.1667731518372153 rads.
* Tank #2 Red AI Tank at (-5517.44784751066, -3185.499999999998), angle 3.665191429188092.
* Angle Between is 2.4984182773508765 rads.
<<<15:03:40:421086>>>  Tank #2 Red AI Tank saw no celestials or cannonballs above their heads and is casting Gravity...
<<<15:03:40:421086>>>  Successfully removed spellready icon from Tank #2 Red AI Tank's effect list!
<<<15:03:40:422083>>>  Tank #3 Yellow AI Tank chose to shoot...
<<<15:03:40:435508>>>  Tank #3 Yellow AI Tank is checking targeting info...
<<<15:03:40:435508>>>  Tank #3 Yellow AI Tank Launch angle not within tolerances, adjusting firing solution...
<<<15:03:40:435508>>>  Tank #3 Yellow AI Tank Launch speed not within tolerances, adjusting firing solution...
<<<15:03:40:435508>>>  Tank #3 Yellow AI Tank adjusted targeting angle one unit CCW...
<<<15:03:40:451562>>>  Tank #3 Yellow AI Tank is checking targeting info...
<<<15:03:40:451562>>>  Tank #3 Yellow AI Tank Launch angle not within tolerances, adjusting firing solution...
<<<15:03:40:451562>>>  Tank #3 Yellow AI Tank Launch speed not within tolerances, adjusting firing solution...
<<<15:03:40:451562>>>  Tank #3 Yellow AI Tank adjusted targeting angle one unit CCW...
<<<15:03:40:467996>>>  Tank #3 Yellow AI Tank is checking targeting info...
<<<15:03:40:467996>>>  Tank #3 Yellow AI Tank Launch angle not within tolerances, adjusting firing solution...
<<<15:03:40:467996>>>  Tank #3 Yellow AI Tank Launch speed not within tolerances, adjusting firing solution...
<<<15:03:40:467996>>>  Tank #3 Yellow AI Tank adjusted targeting angle one unit CCW...
<<<15:03:40:484506>>>  Tank #3 Yellow AI Tank is checking targeting info...
<<<15:03:40:484506>>>  Tank #3 Yellow AI Tank Launch angle not within tolerances, adjusting firing solution...
<<<15:03:40:484506>>>  Tank #3 Yellow AI Tank Launch speed not within tolerances, adjusting firing solution...
<<<15:03:40:484506>>>  Tank #3 Yellow AI Tank adjusted targeting angle one unit CCW...
<<<15:03:40:500452>>>  Tank #3 Yellow AI Tank is checking targeting info...
<<<15:03:40:500452>>>  Tank #3 Yellow AI Tank Launch angle not within tolerances, adjusting firing solution...
<<<15:03:40:500452>>>  Tank #3 Yellow AI Tank Launch speed not within tolerances, adjusting firing solution...
<<<15:03:40:500452>>>  Tank #3 Yellow AI Tank adjusted targeting angle one unit CCW...
<<<15:03:40:515758>>>  Tank #3 Yellow AI Tank is checking targeting info...
<<<15:03:40:515758>>>  Tank #3 Yellow AI Tank Launch angle not within tolerances, adjusting firing solution...
<<<15:03:40:515758>>>  Tank #3 Yellow AI Tank Launch speed not within tolerances, adjusting firing solution...
<<<15:03:40:515758>>>  Tank #3 Yellow AI Tank adjusted targeting angle one unit CCW...
<<<15:03:40:531772>>>  Tank #3 Yellow AI Tank is checking targeting info...
<<<15:03:40:531772>>>  Tank #3 Yellow AI Tank Launch angle not within tolerances, adjusting firing solution...
<<<15:03:40:531772>>>  Tank #3 Yellow AI Tank Launch speed not within tolerances, adjusting firing solution...
<<<15:03:40:531772>>>  Tank #3 Yellow AI Tank adjusted targeting angle one unit CCW...
<<<15:03:40:548008>>>  Tank #3 Yellow AI Tank is checking targeting info...
<<<15:03:40:548008>>>  Tank #3 Yellow AI Tank Launch angle not within tolerances, adjusting firing solution...
<<<15:03:40:548008>>>  Tank #3 Yellow AI Tank Launch speed not within tolerances, adjusting firing solution...
<<<15:03:40:548008>>>  Tank #3 Yellow AI Tank adjusted targeting angle one unit CCW...
<<<15:03:40:564086>>>  Tank #3 Yellow AI Tank is checking targeting info...
<<<15:03:40:564086>>>  Tank #3 Yellow AI Tank Launch angle not within tolerances, adjusting firing solution...
<<<15:03:40:564086>>>  Tank #3 Yellow AI Tank Launch speed not within tolerances, adjusting firing solution...
<<<15:03:40:564086>>>  Tank #3 Yellow AI Tank adjusted targeting angle one unit CCW...
<<<15:03:40:580428>>>  Tank #3 Yellow AI Tank is checking targeting info...
<<<15:03:40:580428>>>  Tank #3 Yellow AI Tank Launch angle not within tolerances, adjusting firing solution...
<<<15:03:40:580428>>>  Tank #3 Yellow AI Tank Launch speed not within tolerances, adjusting firing solution...
<<<15:03:40:580428>>>  Tank #3 Yellow AI Tank adjusted targeting angle one unit CCW...
<<<15:03:40:596809>>>  Tank #3 Yellow AI Tank is checking targeting info...
<<<15:03:40:596809>>>  Tank #3 Yellow AI Tank Launch angle not within tolerances, adjusting firing solution...
<<<15:03:40:596809>>>  Tank #3 Yellow AI Tank Launch speed not within tolerances, adjusting firing solution...
<<<15:03:40:596809>>>  Tank #3 Yellow AI Tank adjusted targeting angle one unit CCW...
<<<15:03:40:613189>>>  Tank #3 Yellow AI Tank is checking targeting info...
<<<15:03:40:613189>>>  Tank #3 Yellow AI Tank Launch angle not within tolerances, adjusting firing solution...
<<<15:03:40:613189>>>  Tank #3 Yellow AI Tank Launch speed not within tolerances, adjusting firing solution...
<<<15:03:40:613189>>>  Tank #3 Yellow AI Tank adjusted targeting angle one unit CCW...
<<<15:03:40:630240>>>  Tank #3 Yellow AI Tank is checking targeting info...
<<<15:03:40:630240>>>  Tank #3 Yellow AI Tank Launch angle not within tolerances, adjusting firing solution...
<<<15:03:40:630240>>>  Tank #3 Yellow AI Tank Launch speed not within tolerances, adjusting firing solution...
<<<15:03:40:630240>>>  Tank #3 Yellow AI Tank adjusted targeting angle one unit CCW...
<<<15:03:40:645773>>>  Tank #3 Yellow AI Tank is checking targeting info...
<<<15:03:40:645773>>>  Tank #3 Yellow AI Tank Launch angle not within tolerances, adjusting firing solution...
<<<15:03:40:645773>>>  Tank #3 Yellow AI Tank Launch speed not within tolerances, adjusting firing solution...
<<<15:03:40:645773>>>  Tank #3 Yellow AI Tank adjusted targeting angle one unit CCW...
<<<15:03:40:662268>>>  Tank #3 Yellow AI Tank is checking targeting info...
<<<15:03:40:662268>>>  Tank #3 Yellow AI Tank Launch angle not within tolerances, adjusting firing solution...
<<<15:03:40:662268>>>  Tank #3 Yellow AI Tank Launch speed not within tolerances, adjusting firing solution...
<<<15:03:40:662268>>>  Tank #3 Yellow AI Tank adjusted targeting angle one unit CCW...
<<<15:03:40:677912>>>  Tank #3 Yellow AI Tank is checking targeting info...
<<<15:03:40:677912>>>  Tank #3 Yellow AI Tank Launch angle not within tolerances, adjusting firing solution...
<<<15:03:40:677912>>>  Tank #3 Yellow AI Tank Launch speed not within tolerances, adjusting firing solution...
<<<15:03:40:677912>>>  Tank #3 Yellow AI Tank adjusted targeting angle one unit CCW...
<<<15:03:40:694086>>>  Tank #3 Yellow AI Tank is checking targeting info...
<<<15:03:40:694086>>>  Tank #3 Yellow AI Tank Launch angle not within tolerances, adjusting firing solution...
<<<15:03:40:694086>>>  Tank #3 Yellow AI Tank Launch speed not within tolerances, adjusting firing solution...
<<<15:03:40:694086>>>  Tank #3 Yellow AI Tank adjusted targeting angle one unit CCW...
<<<15:03:40:710404>>>  Tank #3 Yellow AI Tank is checking targeting info...
<<<15:03:40:710404>>>  Tank #3 Yellow AI Tank Launch angle not within tolerances, adjusting firing solution...
<<<15:03:40:710404>>>  Tank #3 Yellow AI Tank Launch speed not within tolerances, adjusting firing solution...
<<<15:03:40:710404>>>  Tank #3 Yellow AI Tank adjusted targeting angle one unit CCW...
<<<15:03:40:725920>>>  Tank #3 Yellow AI Tank is checking targeting info...
<<<15:03:40:725920>>>  Tank #3 Yellow AI Tank Launch angle not within tolerances, adjusting firing solution...
<<<15:03:40:725920>>>  Tank #3 Yellow AI Tank Launch speed not within tolerances, adjusting firing solution...
<<<15:03:40:725920>>>  Tank #3 Yellow AI Tank adjusted targeting angle one unit CCW...
<<<15:03:40:741808>>>  Tank #3 Yellow AI Tank is checking targeting info...
<<<15:03:40:741808>>>  Tank #3 Yellow AI Tank Launch angle not within tolerances, adjusting firing solution...
<<<15:03:40:741808>>>  Tank #3 Yellow AI Tank Launch speed not within tolerances, adjusting firing solution...
<<<15:03:40:741808>>>  Tank #3 Yellow AI Tank adjusted targeting angle one unit CCW...
<<<15:03:40:757900>>>  Tank #3 Yellow AI Tank is checking targeting info...
<<<15:03:40:757900>>>  Tank #3 Yellow AI Tank Launch angle not within tolerances, adjusting firing solution...
<<<15:03:40:757900>>>  Tank #3 Yellow AI Tank Launch speed not within tolerances, adjusting firing solution...
<<<15:03:40:757900>>>  Tank #3 Yellow AI Tank adjusted targeting angle one unit CCW...
<<<15:03:40:775253>>>  Tank #3 Yellow AI Tank is checking targeting info...
<<<15:03:40:775253>>>  Tank #3 Yellow AI Tank Launch angle not within tolerances, adjusting firing solution...
<<<15:03:40:775253>>>  Tank #3 Yellow AI Tank Launch speed not within tolerances, adjusting firing solution...
<<<15:03:40:775253>>>  Tank #3 Yellow AI Tank adjusted targeting angle one unit CCW...
<<<15:03:40:792033>>>  Tank #3 Yellow AI Tank is checking targeting info...
<<<15:03:40:792033>>>  Tank #3 Yellow AI Tank Launch angle not within tolerances, adjusting firing solution...
<<<15:03:40:792033>>>  Tank #3 Yellow AI Tank Launch speed not within tolerances, adjusting firing solution...
<<<15:03:40:792033>>>  Tank #3 Yellow AI Tank adjusted targeting angle one unit CCW...
<<<15:03:40:807802>>>  Tank #3 Yellow AI Tank is checking targeting info...
<<<15:03:40:807802>>>  Tank #3 Yellow AI Tank Launch angle not within tolerances, adjusting firing solution...
<<<15:03:40:807802>>>  Tank #3 Yellow AI Tank Launch speed not within tolerances, adjusting firing solution...
<<<15:03:40:807802>>>  Tank #3 Yellow AI Tank adjusted targeting angle one unit CCW...
<<<15:03:40:825355>>>  Tank #3 Yellow AI Tank is checking targeting info...
<<<15:03:40:825355>>>  Tank #3 Yellow AI Tank Launch angle not within tolerances, adjusting firing solution...
<<<15:03:40:825355>>>  Tank #3 Yellow AI Tank Launch speed not within tolerances, adjusting firing solution...
<<<15:03:40:825355>>>  Tank #3 Yellow AI Tank adjusted targeting angle one unit CCW...
<<<15:03:40:841159>>>  Tank #3 Yellow AI Tank is checking targeting info...
<<<15:03:40:841159>>>  Tank #3 Yellow AI Tank Launch angle not within tolerances, adjusting firing solution...
<<<15:03:40:841159>>>  Tank #3 Yellow AI Tank Launch speed not within tolerances, adjusting firing solution...
<<<15:03:40:841159>>>  Tank #3 Yellow AI Tank adjusted targeting angle one unit CCW...
<<<15:03:40:857501>>>  Tank #3 Yellow AI Tank is checking targeting info...
<<<15:03:40:857501>>>  Tank #3 Yellow AI Tank Launch angle not within tolerances, adjusting firing solution...
<<<15:03:40:857501>>>  Tank #3 Yellow AI Tank Launch speed not within tolerances, adjusting firing solution...
<<<15:03:40:857501>>>  Tank #3 Yellow AI Tank adjusted targeting angle one unit CCW...
<<<15:03:40:873736>>>  Tank #3 Yellow AI Tank is checking targeting info...
<<<15:03:40:873736>>>  Tank #3 Yellow AI Tank Launch angle not within tolerances, adjusting firing solution...
<<<15:03:40:873736>>>  Tank #3 Yellow AI Tank Launch speed not within tolerances, adjusting firing solution...
<<<15:03:40:873736>>>  Tank #3 Yellow AI Tank adjusted targeting angle one unit CCW...
<<<15:03:40:889830>>>  Tank #3 Yellow AI Tank is checking targeting info...
<<<15:03:40:889830>>>  Tank #3 Yellow AI Tank Launch angle not within tolerances, adjusting firing solution...
<<<15:03:40:889830>>>  Tank #3 Yellow AI Tank Launch speed not within tolerances, adjusting firing solution...
<<<15:03:40:889830>>>  Tank #3 Yellow AI Tank adjusted targeting angle one unit CCW...
<<<15:03:40:907044>>>  Tank #3 Yellow AI Tank is checking targeting info...
<<<15:03:40:907044>>>  Tank #3 Yellow AI Tank Launch angle not within tolerances, adjusting firing solution...
<<<15:03:40:907044>>>  Tank #3 Yellow AI Tank Launch speed not within tolerances, adjusting firing solution...
<<<15:03:40:907044>>>  Tank #3 Yellow AI Tank adjusted targeting angle one unit CCW...
<<<15:03:40:923186>>>  Tank #3 Yellow AI Tank is checking targeting info...
<<<15:03:40:923186>>>  Tank #3 Yellow AI Tank Launch angle not within tolerances, adjusting firing solution...
<<<15:03:40:923186>>>  Tank #3 Yellow AI Tank Launch speed not within tolerances, adjusting firing solution...
<<<15:03:40:923186>>>  Tank #3 Yellow AI Tank adjusted targeting angle one unit CCW...
<<<15:03:40:938979>>>  Tank #3 Yellow AI Tank is checking targeting info...
<<<15:03:40:938979>>>  Tank #3 Yellow AI Tank Launch angle not within tolerances, adjusting firing solution...
<<<15:03:40:938979>>>  Tank #3 Yellow AI Tank Launch speed not within tolerances, adjusting firing solution...
<<<15:03:40:938979>>>  Tank #3 Yellow AI Tank adjusted targeting angle one unit CCW...
<<<15:03:40:955203>>>  Tank #3 Yellow AI Tank is checking targeting info...
<<<15:03:40:955203>>>  Tank #3 Yellow AI Tank Launch angle not within tolerances, adjusting firing solution...
<<<15:03:40:955203>>>  Tank #3 Yellow AI Tank Launch speed not within tolerances, adjusting firing solution...
<<<15:03:40:955203>>>  Tank #3 Yellow AI Tank adjusted targeting angle one unit CCW...
<<<15:03:40:971654>>>  Tank #3 Yellow AI Tank is checking targeting info...
<<<15:03:40:971654>>>  Tank #3 Yellow AI Tank Launch angle not within tolerances, adjusting firing solution...
<<<15:03:40:971654>>>  Tank #3 Yellow AI Tank Launch speed not within tolerances, adjusting firing solution...
<<<15:03:40:971654>>>  Tank #3 Yellow AI Tank adjusted targeting angle one unit CCW...
<<<15:03:40:987844>>>  Tank #3 Yellow AI Tank is checking targeting info...
<<<15:03:40:987844>>>  Tank #3 Yellow AI Tank Launch angle not within tolerances, adjusting firing solution...
<<<15:03:40:987844>>>  Tank #3 Yellow AI Tank Launch speed not within tolerances, adjusting firing solution...
<<<15:03:40:987844>>>  Tank #3 Yellow AI Tank adjusted targeting angle one unit CCW...
<<<15:03:41:004102>>>  Tank #3 Yellow AI Tank is checking targeting info...
<<<15:03:41:004102>>>  Tank #3 Yellow AI Tank Launch angle not within tolerances, adjusting firing solution...
<<<15:03:41:004102>>>  Tank #3 Yellow AI Tank Launch speed not within tolerances, adjusting firing solution...
<<<15:03:41:004102>>>  Tank #3 Yellow AI Tank adjusted targeting angle one unit CCW...
<<<15:03:41:020212>>>  Tank #3 Yellow AI Tank is checking targeting info...
<<<15:03:41:020212>>>  Tank #3 Yellow AI Tank Launch angle not within tolerances, adjusting firing solution...
<<<15:03:41:020212>>>  Tank #3 Yellow AI Tank Launch speed not within tolerances, adjusting firing solution...
<<<15:03:41:020212>>>  Tank #3 Yellow AI Tank adjusted targeting angle one unit CCW...
<<<15:03:41:036399>>>  Tank #3 Yellow AI Tank is checking targeting info...
<<<15:03:41:036399>>>  Tank #3 Yellow AI Tank Launch angle not within tolerances, adjusting firing solution...
<<<15:03:41:036399>>>  Tank #3 Yellow AI Tank Launch speed not within tolerances, adjusting firing solution...
<<<15:03:41:036399>>>  Tank #3 Yellow AI Tank adjusted targeting angle one unit CCW...
<<<15:03:41:053205>>>  Tank #3 Yellow AI Tank is checking targeting info...
<<<15:03:41:053205>>>  Tank #3 Yellow AI Tank Launch angle not within tolerances, adjusting firing solution...
<<<15:03:41:053205>>>  Tank #3 Yellow AI Tank Launch speed not within tolerances, adjusting firing solution...
<<<15:03:41:053205>>>  Tank #3 Yellow AI Tank adjusted targeting angle one unit CCW...
<<<15:03:41:069739>>>  Tank #3 Yellow AI Tank is checking targeting info...
<<<15:03:41:069739>>>  Tank #3 Yellow AI Tank Launch angle not within tolerances, adjusting firing solution...
<<<15:03:41:069739>>>  Tank #3 Yellow AI Tank Launch speed not within tolerances, adjusting firing solution...
<<<15:03:41:069739>>>  Tank #3 Yellow AI Tank adjusted targeting angle one unit CCW...
<<<15:03:41:087482>>>  Tank #3 Yellow AI Tank is checking targeting info...
<<<15:03:41:087482>>>  Tank #3 Yellow AI Tank Launch angle not within tolerances, adjusting firing solution...
<<<15:03:41:087482>>>  Tank #3 Yellow AI Tank Launch speed not within tolerances, adjusting firing solution...
<<<15:03:41:087482>>>  Tank #3 Yellow AI Tank adjusted targeting angle one unit CCW...
<<<15:03:41:103100>>>  Tank #3 Yellow AI Tank is checking targeting info...
<<<15:03:41:103100>>>  Tank #3 Yellow AI Tank Launch angle not within tolerances, adjusting firing solution...
<<<15:03:41:103100>>>  Tank #3 Yellow AI Tank Launch speed not within tolerances, adjusting firing solution...
<<<15:03:41:103100>>>  Tank #3 Yellow AI Tank adjusted targeting angle one unit CCW...
<<<15:03:41:119939>>>  Tank #3 Yellow AI Tank is checking targeting info...
<<<15:03:41:119939>>>  Tank #3 Yellow AI Tank Launch angle not within tolerances, adjusting firing solution...
<<<15:03:41:119939>>>  Tank #3 Yellow AI Tank Launch speed not within tolerances, adjusting firing solution...
<<<15:03:41:119939>>>  Tank #3 Yellow AI Tank adjusted targeting angle one unit CCW...
<<<15:03:41:136273>>>  Tank #3 Yellow AI Tank is checking targeting info...
<<<15:03:41:136273>>>  Tank #3 Yellow AI Tank Launch angle not within tolerances, adjusting firing solution...
<<<15:03:41:136273>>>  Tank #3 Yellow AI Tank Launch speed not within tolerances, adjusting firing solution...
<<<15:03:41:136273>>>  Tank #3 Yellow AI Tank adjusted targeting angle one unit CCW...
<<<15:03:41:151836>>>  Tank #3 Yellow AI Tank is checking targeting info...
<<<15:03:41:151836>>>  Tank #3 Yellow AI Tank Launch angle not within tolerances, adjusting firing solution...
<<<15:03:41:151836>>>  Tank #3 Yellow AI Tank Launch speed not within tolerances, adjusting firing solution...
<<<15:03:41:151836>>>  Tank #3 Yellow AI Tank adjusted targeting angle one unit CCW...
<<<15:03:41:167755>>>  Tank #3 Yellow AI Tank is checking targeting info...
<<<15:03:41:167755>>>  Tank #3 Yellow AI Tank increased launch speed one unit...
<<<15:03:41:185292>>>  Tank #3 Yellow AI Tank is checking targeting info...
<<<15:03:41:185292>>>  Tank #3 Yellow AI Tank increased launch speed one unit...
<<<15:03:41:201345>>>  Tank #3 Yellow AI Tank is checking targeting info...
<<<15:03:41:201345>>>  Tank #3 Yellow AI Tank increased launch speed one unit...
<<<15:03:41:216965>>>  Tank #3 Yellow AI Tank is checking targeting info...
<<<15:03:41:216965>>>  Tank #3 Yellow AI Tank increased launch speed one unit...
<<<15:03:41:234082>>>  Tank #3 Yellow AI Tank is checking targeting info...
<<<15:03:41:234082>>>  Tank #3 Yellow AI Tank increased launch speed one unit...
<<<15:03:41:249972>>>  Tank #3 Yellow AI Tank is checking targeting info...
<<<15:03:41:249972>>>  Tank #3 Yellow AI Tank increased launch speed one unit...
<<<15:03:41:265872>>>  Tank #3 Yellow AI Tank is checking targeting info...
<<<15:03:41:265872>>>  Tank #3 Yellow AI Tank increased launch speed one unit...
<<<15:03:41:282530>>>  Tank #3 Yellow AI Tank is checking targeting info...
<<<15:03:41:282530>>>  Tank #3 Yellow AI Tank increased launch speed one unit...
<<<15:03:41:299172>>>  Tank #3 Yellow AI Tank is checking targeting info...
<<<15:03:41:299172>>>  Tank #3 Yellow AI Tank increased launch speed one unit...
<<<15:03:41:316183>>>  Tank #3 Yellow AI Tank is checking targeting info...
<<<15:03:41:316183>>>  Tank #3 Yellow AI Tank increased launch speed one unit...
<<<15:03:41:332069>>>  Tank #3 Yellow AI Tank is checking targeting info...
<<<15:03:41:332069>>>  Tank #3 Yellow AI Tank increased launch speed one unit...
<<<15:03:41:348558>>>  Tank #3 Yellow AI Tank is checking targeting info...
<<<15:03:41:348558>>>  Tank #3 Yellow AI Tank increased launch speed one unit...
<<<15:03:41:364145>>>  Tank #3 Yellow AI Tank is checking targeting info...
<<<15:03:41:364145>>>  Tank #3 Yellow AI Tank increased launch speed one unit...
<<<15:03:41:380476>>>  Tank #3 Yellow AI Tank is checking targeting info...
<<<15:03:41:380476>>>  Tank #3 Yellow AI Tank increased launch speed one unit...
<<<15:03:41:396023>>>  Tank #3 Yellow AI Tank is checking targeting info...
<<<15:03:41:396023>>>  Tank #3 Yellow AI Tank increased launch speed one unit...
<<<15:03:41:412099>>>  Tank #3 Yellow AI Tank is checking targeting info...
<<<15:03:41:412099>>>  Tank #3 Yellow AI Tank increased launch speed one unit...
<<<15:03:41:428208>>>  Tank #3 Yellow AI Tank is checking targeting info...
<<<15:03:41:428208>>>  Tank #3 Yellow AI Tank increased launch speed one unit...
<<<15:03:41:443914>>>  Tank #3 Yellow AI Tank is checking targeting info...
<<<15:03:41:443914>>>  Tank #3 Yellow AI Tank increased launch speed one unit...
<<<15:03:41:460162>>>  Tank #3 Yellow AI Tank is checking targeting info...
<<<15:03:41:460162>>>  Tank #3 Yellow AI Tank increased launch speed one unit...
<<<15:03:41:477355>>>  Tank #3 Yellow AI Tank is checking targeting info...
<<<15:03:41:477355>>>  Tank #3 Yellow AI Tank increased launch speed one unit...
<<<15:03:41:493534>>>  Tank #3 Yellow AI Tank is checking targeting info...
<<<15:03:41:493534>>>  Tank #3 Yellow AI Tank increased launch speed one unit...
<<<15:03:41:510654>>>  Tank #3 Yellow AI Tank is checking targeting info...
<<<15:03:41:510654>>>  Tank #3 Yellow AI Tank increased launch speed one unit...
<<<15:03:41:527523>>>  Tank #3 Yellow AI Tank is checking targeting info...
<<<15:03:41:527523>>>  Tank #3 Yellow AI Tank increased launch speed one unit...
<<<15:03:41:542926>>>  Tank #3 Yellow AI Tank is checking targeting info...
<<<15:03:41:542926>>>  Tank #3 Yellow AI Tank increased launch speed one unit...
<<<15:03:41:559716>>>  Tank #3 Yellow AI Tank is checking targeting info...
<<<15:03:41:559716>>>  Tank #3 Yellow AI Tank increased launch speed one unit...
<<<15:03:41:577237>>>  Tank #3 Yellow AI Tank is checking targeting info...
<<<15:03:41:577237>>>  Tank #3 Yellow AI Tank increased launch speed one unit...
<<<15:03:41:593498>>>  Tank #3 Yellow AI Tank is checking targeting info...
<<<15:03:41:593498>>>  Tank #3 Yellow AI Tank increased launch speed one unit...
<<<15:03:41:608915>>>  Tank #3 Yellow AI Tank is checking targeting info...
<<<15:03:41:608915>>>  Tank #3 Yellow AI Tank increased launch speed one unit...
<<<15:03:41:625370>>>  Tank #3 Yellow AI Tank is checking targeting info...
<<<15:03:41:625370>>>  Tank #3 Yellow AI Tank increased launch speed one unit...
<<<15:03:41:640851>>>  Tank #3 Yellow AI Tank is checking targeting info...
<<<15:03:41:640851>>>  Tank #3 Yellow AI Tank increased launch speed one unit...
<<<15:03:41:657466>>>  Tank #3 Yellow AI Tank is checking targeting info...
<<<15:03:41:657466>>>  Tank #3 Yellow AI Tank increased launch speed one unit...
<<<15:03:41:672761>>>  Tank #3 Yellow AI Tank is checking targeting info...
<<<15:03:41:672761>>>  Tank #3 Yellow AI Tank increased launch speed one unit...
<<<15:03:41:689544>>>  Tank #3 Yellow AI Tank is checking targeting info...
<<<15:03:41:689544>>>  Tank #3 Yellow AI Tank increased launch speed one unit...
<<<15:03:41:705242>>>  Tank #3 Yellow AI Tank is checking targeting info...
<<<15:03:41:705242>>>  Tank #3 Yellow AI Tank increased launch speed one unit...
<<<15:03:41:724124>>>  Successfully removed spellready icon from Tank #1 Green Player Tank's effect list!
<<<15:03:41:724124>>>  Tank #3 Yellow AI Tank is checking targeting info...
<<<15:03:41:724124>>>  Tank #3 Yellow AI Tank increased launch speed one unit...
<<<15:03:41:737361>>>  Tank #3 Yellow AI Tank is checking targeting info...
<<<15:03:41:737361>>>  Tank #3 Yellow AI Tank increased launch speed one unit...
<<<15:03:41:753178>>>  Tank #3 Yellow AI Tank is checking targeting info...
<<<15:03:41:753178>>>  Tank #3 Yellow AI Tank increased launch speed one unit...
<<<15:03:41:769821>>>  Tank #3 Yellow AI Tank is checking targeting info...
<<<15:03:41:769821>>>  Tank #3 Yellow AI Tank increased launch speed one unit...
<<<15:03:41:786610>>>  Tank #3 Yellow AI Tank is checking targeting info...
<<<15:03:41:786610>>>  Tank #3 Yellow AI Tank firing solution within tolerances, not adjusting firing solution...
<<<15:03:41:786610>>>  Tank #3 Yellow AI Tank attempting to fire cannonball...
<<<15:03:41:803604>>>  Successfully removed spellready icon from Tank #3 Yellow AI Tank's effect list!
<<<15:03:42:567308>>>  Successfully removed spellbook from Tank #2 Red AI Tank's effect list!
<<<15:03:42:567308>>>  Tank #2 Red AI Tank chose to move to 4.7498, cururently at 3.6652.
<<<15:03:42:567308>>>  Tank #2 Red AI Tank moved one unit CCW...
<<<15:03:42:567308>>>  Tank #2 Red AI Tank chose to move...
<<<15:03:42:567308>>>  Deleting effect pixie gravity-rising...
<<<15:03:44:120761>>>
* INFORMATION FOR Tank #1 Green Player Tank's CANNONBALLS:
* Cannonballs in memory for Tank #1 Green Player Tank:  0.
* Total cannonballs fired or chambered for Tank #1 Green Player Tank:  0.
<<<15:03:44:120761>>>
* INFORMATION FOR Tank #2 Red AI Tank's CANNONBALLS:
* Cannonballs in memory for Tank #2 Red AI Tank:  0.
* Total cannonballs fired or chambered for Tank #2 Red AI Tank:  0.
<<<15:03:44:121697>>>
* INFORMATION FOR Tank #3 Yellow AI Tank's CANNONBALLS:
* Cannonballs in memory for Tank #3 Yellow AI Tank:  1.
* Total cannonballs fired or chambered for Tank #3 Yellow AI Tank:  1.
<<<15:03:44:121697>>>
* CURRENT VALUES FOR CELESTIAL BODY:  Tank #3 Yellow AI Tank's Cannonball #1
* This is not the homeworld.
* The celestial boyd's density is 5515 kg/m^3.
* The celestial body's mass is 1000 kg.
* The Earth's mass is 5.972e+24 kg.
* The celestial body's radius is 0.001 km.
* The celestial body's coordinates are (13268.179977587735, 2276.4363069725996).
* The celestial body's velocity is (3.1310347618269314, 3.8961610259740667).
* The celestial body's speed is 4.998344667996388 km/s.
* The celestial body's acceleration is (-0.002189930516962496, -0.0003667341490541477).
* The celestial body's screen x and y coordinates are (987, 417).
* The celestial body's screen radius is 10.
* The celestial is using a pix found at False.
<<<15:03:44:121836>>>
* ADDITIONAL INFORMATION FOR Tank #3 Yellow AI Tank's Cannonball #1:
* This cannonball is active.
* This ball is armed.
<<<15:03:44:121836>>>  Quit through pygame and writing log file...
