<<<10:55:07:431569>>>  Pix\Homeworlds\Desert\2.png loaded as pixie for Earth...
<<<10:55:07:431569>>>  Image at Pix\Homeworlds\Desert\2.png chosen as homeworld pix for Earth's...
<<<10:55:07:431569>>>  Pix\Moons\1.png loaded as pixie for Moon #2...
<<<10:55:07:509451>>>  Pix\Snails\Green_Snail\Spells\Spellready_Icon\spellready.png returned as pixie for Snail #1 Green Player...
<<<10:55:07:509451>>>  Pix\Magic\Scroll\scroll.png returned as pixie for Snail #1 Green Player...
<<<10:55:07:509451>>>  Snail #1 Green Player successfully created!
<<<10:55:07:586430>>>  Pix\Snails\Red_Snail\Spells\Spellready_Icon\spellready.png returned as pixie for Snail #2 Red Player...
<<<10:55:07:586430>>>  Pix\Magic\Scroll\scroll.png returned as pixie for Snail #2 Red Player...
<<<10:55:07:586430>>>  Snail #2 Red Player successfully created!
<<<10:55:07:771718>>>  Snail #1 Green Player chambered cannonball...
<<<10:55:07:771718>>>
* CURRENT VALUES FOR CELESTIAL BODY:  Snail #1 Green Player's Cannonball #1
* This is not the homeworld.
* The celestial boyd's density is 5515 kg/m^3.
* The celestial body's mass is 1000 kg.
* The Earth's mass is 5.972e+24 kg.
* The celestial body's radius is 0.001 km.
* The celestial body's coordinates are (3.9011123786838936e-13, 6371.0).
* The celestial body's velocity is (-0.0016011301427393272, 5.593601675369766).
* The celestial body's speed is 5.593601904526026 km/s.
* The celestial body's acceleration is (0, 0).
* The celestial body's screen x and y coordinates are (768, 345).
* The celestial body's screen radius is 2.
* The celestial is using a body circle.
<<<10:55:07:771718>>>
* ADDITIONAL INFORMATION FOR Snail #1 Green Player's Cannonball #1:
* This cannonball is chambered.
<<<10:55:23:525135>>>
* INFORMATION FOR Snail #1 Green Player's CANNONBALLS:
* Cannonballs in memory for Snail #1 Green Player:  1.
* Total cannonballs fired or chambered for Snail #1 Green Player:  1.
<<<10:55:23:525135>>>
* CURRENT VALUES FOR CELESTIAL BODY:  Snail #1 Green Player's Cannonball #1
* This is not the homeworld.
* The celestial boyd's density is 5515 kg/m^3.
* The celestial body's mass is 1000 kg.
* The Earth's mass is 5.972e+24 kg.
* The celestial body's radius is 0.001 km.
* The celestial body's coordinates are (344.2779554678653, 6711.953422780984).
* The celestial body's velocity is (-0.0016011301427393272, 5.593601675369766).
* The celestial body's speed is 5.593601904526026 km/s.
* The celestial body's acceleration is (0, 0).
* The celestial body's screen x and y coordinates are (772, 340).
* The celestial body's screen radius is 2.
* The celestial is using a body circle.
<<<10:55:23:525135>>>
* ADDITIONAL INFORMATION FOR Snail #1 Green Player's Cannonball #1:
* This cannonball is chambered.
<<<10:55:23:525135>>>
* INFORMATION FOR Snail #2 Red Player's CANNONBALLS:
* Cannonballs in memory for Snail #2 Red Player:  0.
* Total cannonballs fired or chambered for Snail #2 Red Player:  0.
<<<10:55:23:525135>>>  Quit through pygame and writing log file...
