<<<10:25:16:876113>>>  Pix\Homeworlds\Rocky\9.png loaded as pixie for Earth...
<<<10:25:16:876113>>>  Image at Pix\Homeworlds\Rocky\9.png chosen as homeworld pix for Earth's...
<<<10:25:16:889486>>>  Pix\Moons\10.png loaded as pixie for Moon #2...
<<<10:25:16:969304>>>  Pix\Snails\Green_Snail\Spells\Spellready_Icon\spellready.png returned as pixie for Snail #1 Green Player...
<<<10:25:16:970303>>>  Pix\Magic\Scroll\scroll.png returned as pixie for Snail #1 Green Player...
<<<10:25:16:970303>>>  Snail #1 Green Player successfully created!
<<<10:25:17:041719>>>  Pix\Snails\Red_Snail\Spells\Spellready_Icon\spellready.png returned as pixie for Snail #2 Red Player...
<<<10:25:17:041719>>>  Pix\Magic\Scroll\scroll.png returned as pixie for Snail #2 Red Player...
<<<10:25:17:041719>>>  Snail #2 Red Player successfully created!
<<<10:25:17:344267>>>  Snail #1 Green Player chambered cannonball...
<<<10:25:17:344267>>>
* CURRENT VALUES FOR CELESTIAL BODY:  Snail #1 Green Player's Cannonball #1
* This is not the homeworld.
* The celestial boyd's density is 5515 kg/m^3.
* The celestial body's mass is 1000 kg.
* The Earth's mass is 5.972e+24 kg.
* The celestial body's radius is 0.001 km.
* The celestial body's coordinates are (3.9011123786838936e-13, 6371.0).
* The celestial body's velocity is (-0.0024842630669738887, 5.593193069201834).
* The celestial body's speed is 5.593193620904824 km/s.
* The celestial body's acceleration is (0, 0).
* The celestial body's screen x and y coordinates are (768, 345).
* The celestial body's screen radius is 2.
* The celestial is using a body circle.
<<<10:25:17:344267>>>
* ADDITIONAL INFORMATION FOR Snail #1 Green Player's Cannonball #1:
* This cannonball is chambered.
<<<10:25:35:814633>>>
* INFORMATION FOR Snail #1 Green Player's CANNONBALLS:
* Cannonballs in memory for Snail #1 Green Player:  1.
* Total cannonballs fired or chambered for Snail #1 Green Player:  1.
<<<10:25:35:814633>>>
* CURRENT VALUES FOR CELESTIAL BODY:  Snail #1 Green Player's Cannonball #1
* This is not the homeworld.
* The celestial boyd's density is 5515 kg/m^3.
* The celestial body's mass is 1000 kg.
* The Earth's mass is 5.972e+24 kg.
* The celestial body's radius is 427.97194592952724 km.
* The celestial body's coordinates are (-3193.8027958706602, 5512.645889324722).
* The celestial body's velocity is (3.275874513118256, -11.193375384101323).
* The celestial body's speed is 11.662890135601176 km/s.
* The celestial body's acceleration is (0.004925627299213861, -0.008501056596159547).
* The celestial body's screen x and y coordinates are (724, 357).
* The celestial body's screen radius is 5.
* The celestial is using a body circle.
<<<10:25:35:814633>>>
* ADDITIONAL INFORMATION FOR Snail #1 Green Player's Cannonball #1:
* This cannonball is active.
* This cannonball is exploding!
<<<10:25:35:814633>>>
* INFORMATION FOR Snail #2 Red Player's CANNONBALLS:
* Cannonballs in memory for Snail #2 Red Player:  0.
* Total cannonballs fired or chambered for Snail #2 Red Player:  0.
<<<10:25:35:814633>>>  Quit through pygame and writing log file...
