<<<20:42:29:068819>>>
* Screen coordinates (1334, 762) choosen in zone #5.
* Screen dimensions are 1536 wide by 864 high.
* Minimum (x, y) are (1280, 720).
* Maximum (x, y) are (1536, 864).
* Mid (x, y) are (1408, 792).
<<<20:42:29:068819>>>  Image at Pix\Faraway_Objects\Nebulae\2.png choosen for background...
<<<20:42:29:084698>>>
* Screen coordinates (154, 774) choosen in zone #7.
* Screen dimensions are 1536 wide by 864 high.
* Minimum (x, y) are (0, 720).
* Maximum (x, y) are (256, 864).
* Mid (x, y) are (128, 792).
<<<20:42:29:084698>>>  Image at Pix\Faraway_Objects\Black_Holes\3.png choosen for background...
<<<20:42:29:104264>>>  Pix\Homeworlds\Ocean\4.png loaded as pixie for Earth and scaled to body circle...
<<<20:42:29:104264>>>  Image at Pix\Homeworlds\Ocean\4.png chosen as homeworld pix for Earth's...
<<<20:42:29:115850>>>  Pix\Moons\5.png loaded as pixie for Moon #2 and scaled to body circle...
<<<20:42:29:155775>>>  Tank #1 Green Player Tank successfully created!
<<<20:42:29:194698>>>  Tank #2 Red AI Tank successfully created!
<<<20:42:29:235589>>>  Tank #3 Yellow AI Tank successfully created!
<<<20:42:29:237559>>>  Tank #2 Red AI Tank chose to shoot...
<<<20:42:29:237559>>>
* *** Tank #3 Yellow AI Tank USING CLEAR SKIES FUNCTION ***
* Moon #2 at (-7395.213387152475, -10376.203467761752), angle -2.1900009800191413 rads.
* Tank #3 Yellow AI Tank at (5517.447847510657, -3185.5000000000027), angle 5.759586531581287.
* Angle Between is 1.6664022044208426 rads.
<<<20:42:29:237559>>>  Tank #3 Yellow AI Tank saw no celestials or cannonballs above their heads and is casting Gravity...
<<<20:42:29:367544>>>  Tank #2 Red AI Tank is checking targeting info...
<<<20:42:29:367544>>>  Tank #2 Red AI Tank Launch angle not within tolerances, adjusting firing solution...
<<<20:42:29:367544>>>  Tank #2 Red AI Tank Launch speed not within tolerances, adjusting firing solution...
<<<20:42:29:367544>>>  Tank #2 Red AI Tank adjusted targeting angle one unit CW...
<<<20:42:29:503044>>>  Tank #2 Red AI Tank is checking targeting info...
<<<20:42:29:503044>>>  Tank #2 Red AI Tank Launch angle not within tolerances, adjusting firing solution...
<<<20:42:29:503044>>>  Tank #2 Red AI Tank Launch speed not within tolerances, adjusting firing solution...
<<<20:42:29:503044>>>  Tank #2 Red AI Tank adjusted targeting angle one unit CW...
<<<20:42:29:636904>>>  Tank #2 Red AI Tank is checking targeting info...
<<<20:42:29:636904>>>  Tank #2 Red AI Tank Launch angle not within tolerances, adjusting firing solution...
<<<20:42:29:636904>>>  Tank #2 Red AI Tank Launch speed not within tolerances, adjusting firing solution...
<<<20:42:29:636904>>>  Tank #2 Red AI Tank adjusted targeting angle one unit CW...
<<<20:42:29:769866>>>  Tank #2 Red AI Tank is checking targeting info...
<<<20:42:29:769866>>>  Tank #2 Red AI Tank Launch angle not within tolerances, adjusting firing solution...
<<<20:42:29:769866>>>  Tank #2 Red AI Tank Launch speed not within tolerances, adjusting firing solution...
<<<20:42:29:769866>>>  Tank #2 Red AI Tank adjusted targeting angle one unit CW...
<<<20:42:29:901263>>>  Tank #2 Red AI Tank is checking targeting info...
<<<20:42:29:901263>>>  Tank #2 Red AI Tank Launch angle not within tolerances, adjusting firing solution...
<<<20:42:29:901263>>>  Tank #2 Red AI Tank Launch speed not within tolerances, adjusting firing solution...
<<<20:42:29:901263>>>  Tank #2 Red AI Tank adjusted targeting angle one unit CW...
<<<20:42:30:032750>>>  Tank #2 Red AI Tank is checking targeting info...
<<<20:42:30:032750>>>  Tank #2 Red AI Tank Launch angle not within tolerances, adjusting firing solution...
<<<20:42:30:032750>>>  Tank #2 Red AI Tank Launch speed not within tolerances, adjusting firing solution...
<<<20:42:30:032750>>>  Tank #2 Red AI Tank adjusted targeting angle one unit CW...
<<<20:42:30:161848>>>  Tank #2 Red AI Tank is checking targeting info...
<<<20:42:30:161848>>>  Tank #2 Red AI Tank Launch angle not within tolerances, adjusting firing solution...
<<<20:42:30:161848>>>  Tank #2 Red AI Tank Launch speed not within tolerances, adjusting firing solution...
<<<20:42:30:161848>>>  Tank #2 Red AI Tank adjusted targeting angle one unit CW...
<<<20:42:30:291985>>>  Tank #2 Red AI Tank is checking targeting info...
<<<20:42:30:291985>>>  Tank #2 Red AI Tank Launch angle not within tolerances, adjusting firing solution...
<<<20:42:30:291985>>>  Tank #2 Red AI Tank Launch speed not within tolerances, adjusting firing solution...
<<<20:42:30:291985>>>  Tank #2 Red AI Tank adjusted targeting angle one unit CW...
<<<20:42:30:421352>>>  Tank #2 Red AI Tank is checking targeting info...
<<<20:42:30:421352>>>  Tank #2 Red AI Tank Launch angle not within tolerances, adjusting firing solution...
<<<20:42:30:421352>>>  Tank #2 Red AI Tank Launch speed not within tolerances, adjusting firing solution...
<<<20:42:30:421352>>>  Tank #2 Red AI Tank adjusted targeting angle one unit CW...
<<<20:42:30:550915>>>  Tank #2 Red AI Tank is checking targeting info...
<<<20:42:30:550915>>>  Tank #2 Red AI Tank Launch angle not within tolerances, adjusting firing solution...
<<<20:42:30:550915>>>  Tank #2 Red AI Tank Launch speed not within tolerances, adjusting firing solution...
<<<20:42:30:550915>>>  Tank #2 Red AI Tank adjusted targeting angle one unit CW...
<<<20:42:30:682904>>>  Tank #2 Red AI Tank is checking targeting info...
<<<20:42:30:682904>>>  Tank #2 Red AI Tank Launch angle not within tolerances, adjusting firing solution...
<<<20:42:30:682904>>>  Tank #2 Red AI Tank Launch speed not within tolerances, adjusting firing solution...
<<<20:42:30:682904>>>  Tank #2 Red AI Tank adjusted targeting angle one unit CW...
<<<20:42:30:814653>>>  Tank #2 Red AI Tank is checking targeting info...
<<<20:42:30:814653>>>  Tank #2 Red AI Tank Launch angle not within tolerances, adjusting firing solution...
<<<20:42:30:814653>>>  Tank #2 Red AI Tank Launch speed not within tolerances, adjusting firing solution...
<<<20:42:30:814653>>>  Tank #2 Red AI Tank adjusted targeting angle one unit CW...
<<<20:42:30:945036>>>  Tank #2 Red AI Tank is checking targeting info...
<<<20:42:30:945036>>>  Tank #2 Red AI Tank Launch angle not within tolerances, adjusting firing solution...
<<<20:42:30:945036>>>  Tank #2 Red AI Tank Launch speed not within tolerances, adjusting firing solution...
<<<20:42:30:945036>>>  Tank #2 Red AI Tank adjusted targeting angle one unit CW...
<<<20:42:31:076380>>>  Tank #2 Red AI Tank is checking targeting info...
<<<20:42:31:076380>>>  Tank #2 Red AI Tank Launch angle not within tolerances, adjusting firing solution...
<<<20:42:31:076380>>>  Tank #2 Red AI Tank Launch speed not within tolerances, adjusting firing solution...
<<<20:42:31:076380>>>  Tank #2 Red AI Tank adjusted targeting angle one unit CW...
<<<20:42:31:210910>>>  Tank #2 Red AI Tank is checking targeting info...
<<<20:42:31:210910>>>  Tank #2 Red AI Tank Launch angle not within tolerances, adjusting firing solution...
<<<20:42:31:210910>>>  Tank #2 Red AI Tank Launch speed not within tolerances, adjusting firing solution...
<<<20:42:31:210910>>>  Tank #2 Red AI Tank adjusted targeting angle one unit CW...
<<<20:42:31:342929>>>  Tank #2 Red AI Tank is checking targeting info...
<<<20:42:31:342929>>>  Tank #2 Red AI Tank Launch angle not within tolerances, adjusting firing solution...
<<<20:42:31:342929>>>  Tank #2 Red AI Tank Launch speed not within tolerances, adjusting firing solution...
<<<20:42:31:342929>>>  Tank #2 Red AI Tank adjusted targeting angle one unit CW...
<<<20:42:31:473099>>>  Tank #2 Red AI Tank is checking targeting info...
<<<20:42:31:473099>>>  Tank #2 Red AI Tank Launch angle not within tolerances, adjusting firing solution...
<<<20:42:31:473099>>>  Tank #2 Red AI Tank Launch speed not within tolerances, adjusting firing solution...
<<<20:42:31:473099>>>  Tank #2 Red AI Tank adjusted targeting angle one unit CW...
<<<20:42:31:606682>>>  Tank #2 Red AI Tank is checking targeting info...
<<<20:42:31:606682>>>  Tank #2 Red AI Tank Launch angle not within tolerances, adjusting firing solution...
<<<20:42:31:606682>>>  Tank #2 Red AI Tank Launch speed not within tolerances, adjusting firing solution...
<<<20:42:31:606682>>>  Tank #2 Red AI Tank adjusted targeting angle one unit CW...
<<<20:42:31:737214>>>  Tank #2 Red AI Tank is checking targeting info...
<<<20:42:31:737214>>>  Tank #2 Red AI Tank Launch angle not within tolerances, adjusting firing solution...
<<<20:42:31:737214>>>  Tank #2 Red AI Tank Launch speed not within tolerances, adjusting firing solution...
<<<20:42:31:737214>>>  Tank #2 Red AI Tank adjusted targeting angle one unit CW...
<<<20:42:31:870136>>>  Tank #2 Red AI Tank is checking targeting info...
<<<20:42:31:870136>>>  Tank #2 Red AI Tank Launch angle not within tolerances, adjusting firing solution...
<<<20:42:31:870136>>>  Tank #2 Red AI Tank Launch speed not within tolerances, adjusting firing solution...
<<<20:42:31:870136>>>  Tank #2 Red AI Tank adjusted targeting angle one unit CW...
<<<20:42:32:003662>>>  Tank #2 Red AI Tank is checking targeting info...
<<<20:42:32:003662>>>  Tank #2 Red AI Tank Launch angle not within tolerances, adjusting firing solution...
<<<20:42:32:003662>>>  Tank #2 Red AI Tank Launch speed not within tolerances, adjusting firing solution...
<<<20:42:32:003662>>>  Tank #2 Red AI Tank adjusted targeting angle one unit CW...
<<<20:42:32:135645>>>  Tank #2 Red AI Tank is checking targeting info...
<<<20:42:32:135645>>>  Tank #2 Red AI Tank Launch angle not within tolerances, adjusting firing solution...
<<<20:42:32:135645>>>  Tank #2 Red AI Tank Launch speed not within tolerances, adjusting firing solution...
<<<20:42:32:135645>>>  Tank #2 Red AI Tank adjusted targeting angle one unit CW...
<<<20:42:32:267610>>>  Tank #2 Red AI Tank is checking targeting info...
<<<20:42:32:267610>>>  Tank #2 Red AI Tank Launch angle not within tolerances, adjusting firing solution...
<<<20:42:32:267610>>>  Tank #2 Red AI Tank Launch speed not within tolerances, adjusting firing solution...
<<<20:42:32:267610>>>  Tank #2 Red AI Tank adjusted targeting angle one unit CW...
<<<20:42:32:398084>>>  Tank #2 Red AI Tank is checking targeting info...
<<<20:42:32:398084>>>  Tank #2 Red AI Tank Launch angle not within tolerances, adjusting firing solution...
<<<20:42:32:398084>>>  Tank #2 Red AI Tank Launch speed not within tolerances, adjusting firing solution...
<<<20:42:32:398084>>>  Tank #2 Red AI Tank adjusted targeting angle one unit CW...
<<<20:42:32:531590>>>  Tank #2 Red AI Tank is checking targeting info...
<<<20:42:32:531590>>>  Tank #2 Red AI Tank Launch angle not within tolerances, adjusting firing solution...
<<<20:42:32:531590>>>  Tank #2 Red AI Tank Launch speed not within tolerances, adjusting firing solution...
<<<20:42:32:531590>>>  Tank #2 Red AI Tank adjusted targeting angle one unit CW...
<<<20:42:32:662040>>>  Tank #2 Red AI Tank is checking targeting info...
<<<20:42:32:662040>>>  Tank #2 Red AI Tank Launch angle not within tolerances, adjusting firing solution...
<<<20:42:32:662040>>>  Tank #2 Red AI Tank Launch speed not within tolerances, adjusting firing solution...
<<<20:42:32:662040>>>  Tank #2 Red AI Tank adjusted targeting angle one unit CW...
<<<20:42:32:795516>>>  Tank #2 Red AI Tank is checking targeting info...
<<<20:42:32:795516>>>  Tank #2 Red AI Tank Launch angle not within tolerances, adjusting firing solution...
<<<20:42:32:795516>>>  Tank #2 Red AI Tank Launch speed not within tolerances, adjusting firing solution...
<<<20:42:32:795516>>>  Tank #2 Red AI Tank adjusted targeting angle one unit CW...
<<<20:42:32:927955>>>  Tank #2 Red AI Tank is checking targeting info...
<<<20:42:32:927955>>>  Tank #2 Red AI Tank Launch angle not within tolerances, adjusting firing solution...
<<<20:42:32:927955>>>  Tank #2 Red AI Tank Launch speed not within tolerances, adjusting firing solution...
<<<20:42:32:927955>>>  Tank #2 Red AI Tank adjusted targeting angle one unit CW...
<<<20:42:33:060098>>>  Tank #2 Red AI Tank is checking targeting info...
<<<20:42:33:060098>>>  Tank #2 Red AI Tank Launch angle not within tolerances, adjusting firing solution...
<<<20:42:33:060098>>>  Tank #2 Red AI Tank Launch speed not within tolerances, adjusting firing solution...
<<<20:42:33:060098>>>  Tank #2 Red AI Tank adjusted targeting angle one unit CW...
<<<20:42:33:192060>>>  Tank #2 Red AI Tank is checking targeting info...
<<<20:42:33:192060>>>  Tank #2 Red AI Tank Launch angle not within tolerances, adjusting firing solution...
<<<20:42:33:192060>>>  Tank #2 Red AI Tank Launch speed not within tolerances, adjusting firing solution...
<<<20:42:33:192060>>>  Tank #2 Red AI Tank adjusted targeting angle one unit CW...
<<<20:42:33:323229>>>  Tank #2 Red AI Tank is checking targeting info...
<<<20:42:33:323229>>>  Tank #2 Red AI Tank Launch angle not within tolerances, adjusting firing solution...
<<<20:42:33:323229>>>  Tank #2 Red AI Tank Launch speed not within tolerances, adjusting firing solution...
<<<20:42:33:323229>>>  Tank #2 Red AI Tank adjusted targeting angle one unit CW...
<<<20:42:33:457023>>>  Tank #2 Red AI Tank is checking targeting info...
<<<20:42:33:457023>>>  Tank #2 Red AI Tank Launch angle not within tolerances, adjusting firing solution...
<<<20:42:33:457023>>>  Tank #2 Red AI Tank Launch speed not within tolerances, adjusting firing solution...
<<<20:42:33:457023>>>  Tank #2 Red AI Tank adjusted targeting angle one unit CW...
<<<20:42:33:591470>>>  Tank #2 Red AI Tank is checking targeting info...
<<<20:42:33:591470>>>  Tank #2 Red AI Tank Launch angle not within tolerances, adjusting firing solution...
<<<20:42:33:591470>>>  Tank #2 Red AI Tank Launch speed not within tolerances, adjusting firing solution...
<<<20:42:33:591470>>>  Tank #2 Red AI Tank adjusted targeting angle one unit CW...
<<<20:42:33:724720>>>  Tank #2 Red AI Tank is checking targeting info...
<<<20:42:33:724720>>>  Tank #2 Red AI Tank Launch angle not within tolerances, adjusting firing solution...
<<<20:42:33:724720>>>  Tank #2 Red AI Tank Launch speed not within tolerances, adjusting firing solution...
<<<20:42:33:724720>>>  Tank #2 Red AI Tank adjusted targeting angle one unit CW...
<<<20:42:33:855686>>>  Tank #2 Red AI Tank is checking targeting info...
<<<20:42:33:855686>>>  Tank #2 Red AI Tank Launch angle not within tolerances, adjusting firing solution...
<<<20:42:33:855686>>>  Tank #2 Red AI Tank Launch speed not within tolerances, adjusting firing solution...
<<<20:42:33:855686>>>  Tank #2 Red AI Tank adjusted targeting angle one unit CW...
<<<20:42:33:922100>>>  Tank #3 Yellow AI Tank has been smushed by Moon #2!
<<<20:42:33:987583>>>  Tank #2 Red AI Tank is checking targeting info...
<<<20:42:33:987583>>>  Tank #2 Red AI Tank Launch angle not within tolerances, adjusting firing solution...
<<<20:42:33:987583>>>  Tank #2 Red AI Tank Launch speed not within tolerances, adjusting firing solution...
<<<20:42:33:987583>>>  Tank #2 Red AI Tank adjusted targeting angle one unit CW...
<<<20:42:34:115633>>>  Tank #2 Red AI Tank is checking targeting info...
<<<20:42:34:115633>>>  Tank #2 Red AI Tank Launch angle not within tolerances, adjusting firing solution...
<<<20:42:34:115633>>>  Tank #2 Red AI Tank Launch speed not within tolerances, adjusting firing solution...
<<<20:42:34:115633>>>  Tank #2 Red AI Tank adjusted targeting angle one unit CW...
<<<20:42:34:246148>>>  Tank #2 Red AI Tank is checking targeting info...
<<<20:42:34:246148>>>  Tank #2 Red AI Tank Launch angle not within tolerances, adjusting firing solution...
<<<20:42:34:246148>>>  Tank #2 Red AI Tank Launch speed not within tolerances, adjusting firing solution...
<<<20:42:34:246148>>>  Tank #2 Red AI Tank adjusted targeting angle one unit CW...
<<<20:42:34:378537>>>  Tank #2 Red AI Tank is checking targeting info...
<<<20:42:34:378537>>>  Tank #2 Red AI Tank Launch angle not within tolerances, adjusting firing solution...
<<<20:42:34:378537>>>  Tank #2 Red AI Tank Launch speed not within tolerances, adjusting firing solution...
<<<20:42:34:378537>>>  Tank #2 Red AI Tank adjusted targeting angle one unit CW...
<<<20:42:34:513206>>>  Tank #2 Red AI Tank is checking targeting info...
<<<20:42:34:513206>>>  Tank #2 Red AI Tank Launch angle not within tolerances, adjusting firing solution...
<<<20:42:34:513206>>>  Tank #2 Red AI Tank Launch speed not within tolerances, adjusting firing solution...
<<<20:42:34:513206>>>  Tank #2 Red AI Tank adjusted targeting angle one unit CW...
<<<20:42:34:644962>>>  Tank #2 Red AI Tank is checking targeting info...
<<<20:42:34:644962>>>  Tank #2 Red AI Tank Launch angle not within tolerances, adjusting firing solution...
<<<20:42:34:644962>>>  Tank #2 Red AI Tank Launch speed not within tolerances, adjusting firing solution...
<<<20:42:34:644962>>>  Tank #2 Red AI Tank adjusted targeting angle one unit CW...
<<<20:42:34:777603>>>  Tank #2 Red AI Tank is checking targeting info...
<<<20:42:34:777603>>>  Tank #2 Red AI Tank Launch angle not within tolerances, adjusting firing solution...
<<<20:42:34:777603>>>  Tank #2 Red AI Tank Launch speed not within tolerances, adjusting firing solution...
<<<20:42:34:777603>>>  Tank #2 Red AI Tank adjusted targeting angle one unit CW...
<<<20:42:34:911216>>>  Tank #2 Red AI Tank is checking targeting info...
<<<20:42:34:911216>>>  Tank #2 Red AI Tank Launch angle not within tolerances, adjusting firing solution...
<<<20:42:34:911216>>>  Tank #2 Red AI Tank Launch speed not within tolerances, adjusting firing solution...
<<<20:42:34:911216>>>  Tank #2 Red AI Tank adjusted targeting angle one unit CW...
<<<20:42:35:042955>>>  Tank #2 Red AI Tank is checking targeting info...
<<<20:42:35:042955>>>  Tank #2 Red AI Tank Launch angle not within tolerances, adjusting firing solution...
<<<20:42:35:042955>>>  Tank #2 Red AI Tank Launch speed not within tolerances, adjusting firing solution...
<<<20:42:35:042955>>>  Tank #2 Red AI Tank adjusted targeting angle one unit CW...
<<<20:42:35:173081>>>  Tank #3 Yellow AI Tank being destroyed...
<<<20:42:35:173081>>>  Tank successfully destroyed!
<<<20:42:35:173081>>>  Tank #2 Red AI Tank is checking targeting info...
<<<20:42:35:173081>>>  Tank #2 Red AI Tank Launch angle not within tolerances, adjusting firing solution...
<<<20:42:35:173081>>>  Tank #2 Red AI Tank Launch speed not within tolerances, adjusting firing solution...
<<<20:42:35:173081>>>  Tank #2 Red AI Tank adjusted targeting angle one unit CW...
<<<20:42:35:305308>>>  Tank #2 Red AI Tank is checking targeting info...
<<<20:42:35:305308>>>  Tank #2 Red AI Tank increased launch speed one unit...
<<<20:42:35:440178>>>  Tank #2 Red AI Tank is checking targeting info...
<<<20:42:35:440178>>>  Tank #2 Red AI Tank increased launch speed one unit...
<<<20:42:35:573056>>>  Tank #2 Red AI Tank is checking targeting info...
<<<20:42:35:573056>>>  Tank #2 Red AI Tank increased launch speed one unit...
<<<20:42:35:708924>>>  Tank #2 Red AI Tank is checking targeting info...
<<<20:42:35:708924>>>  Tank #2 Red AI Tank increased launch speed one unit...
<<<20:42:35:838133>>>  Tank #2 Red AI Tank is checking targeting info...
<<<20:42:35:838133>>>  Tank #2 Red AI Tank increased launch speed one unit...
<<<20:42:35:969391>>>  Tank #2 Red AI Tank is checking targeting info...
<<<20:42:35:969391>>>  Tank #2 Red AI Tank increased launch speed one unit...
<<<20:42:36:099767>>>  Tank #2 Red AI Tank is checking targeting info...
<<<20:42:36:099767>>>  Tank #2 Red AI Tank increased launch speed one unit...
<<<20:42:36:229086>>>  Tank #2 Red AI Tank is checking targeting info...
<<<20:42:36:229086>>>  Tank #2 Red AI Tank increased launch speed one unit...
<<<20:42:36:359901>>>  Tank #2 Red AI Tank is checking targeting info...
<<<20:42:36:359901>>>  Tank #2 Red AI Tank increased launch speed one unit...
<<<20:42:36:493224>>>  Tank #2 Red AI Tank is checking targeting info...
<<<20:42:36:493224>>>  Tank #2 Red AI Tank increased launch speed one unit...
<<<20:42:36:625172>>>  Tank #2 Red AI Tank is checking targeting info...
<<<20:42:36:625172>>>  Tank #2 Red AI Tank increased launch speed one unit...
<<<20:42:36:758237>>>  Tank #2 Red AI Tank is checking targeting info...
<<<20:42:36:758237>>>  Tank #2 Red AI Tank increased launch speed one unit...
<<<20:42:36:889257>>>  Tank #2 Red AI Tank is checking targeting info...
<<<20:42:36:889257>>>  Tank #2 Red AI Tank increased launch speed one unit...
<<<20:42:37:022053>>>  Tank #2 Red AI Tank is checking targeting info...
<<<20:42:37:022053>>>  Tank #2 Red AI Tank increased launch speed one unit...
<<<20:42:37:154285>>>  Tank #2 Red AI Tank is checking targeting info...
<<<20:42:37:154285>>>  Tank #2 Red AI Tank increased launch speed one unit...
<<<20:42:37:284437>>>  Tank #2 Red AI Tank is checking targeting info...
<<<20:42:37:284437>>>  Tank #2 Red AI Tank increased launch speed one unit...
<<<20:42:37:415445>>>  Tank #2 Red AI Tank is checking targeting info...
<<<20:42:37:415445>>>  Tank #2 Red AI Tank increased launch speed one unit...
<<<20:42:37:545277>>>  Tank #2 Red AI Tank is checking targeting info...
<<<20:42:37:545277>>>  Tank #2 Red AI Tank increased launch speed one unit...
<<<20:42:37:676125>>>  Tank #2 Red AI Tank is checking targeting info...
<<<20:42:37:676125>>>  Tank #2 Red AI Tank increased launch speed one unit...
<<<20:42:37:811427>>>  Tank #2 Red AI Tank is checking targeting info...
<<<20:42:37:811427>>>  Tank #2 Red AI Tank increased launch speed one unit...
<<<20:42:37:944292>>>  Tank #2 Red AI Tank is checking targeting info...
<<<20:42:37:944292>>>  Tank #2 Red AI Tank increased launch speed one unit...
<<<20:42:38:074180>>>  Tank #2 Red AI Tank is checking targeting info...
<<<20:42:38:074180>>>  Tank #2 Red AI Tank increased launch speed one unit...
<<<20:42:38:206142>>>  Tank #2 Red AI Tank is checking targeting info...
<<<20:42:38:206142>>>  Tank #2 Red AI Tank increased launch speed one unit...
<<<20:42:38:338911>>>  Tank #2 Red AI Tank is checking targeting info...
<<<20:42:38:338911>>>  Tank #2 Red AI Tank increased launch speed one unit...
<<<20:42:38:471309>>>  Tank #2 Red AI Tank is checking targeting info...
<<<20:42:38:471309>>>  Tank #2 Red AI Tank increased launch speed one unit...
<<<20:42:38:599837>>>  Tank #2 Red AI Tank is checking targeting info...
<<<20:42:38:599837>>>  Tank #2 Red AI Tank increased launch speed one unit...
<<<20:42:38:733659>>>  Tank #2 Red AI Tank is checking targeting info...
<<<20:42:38:733659>>>  Tank #2 Red AI Tank increased launch speed one unit...
<<<20:42:38:864835>>>  Tank #2 Red AI Tank is checking targeting info...
<<<20:42:38:864835>>>  Tank #2 Red AI Tank increased launch speed one unit...
<<<20:42:38:995268>>>  Tank #2 Red AI Tank is checking targeting info...
<<<20:42:38:995268>>>  Tank #2 Red AI Tank increased launch speed one unit...
<<<20:42:39:131214>>>  Tank #2 Red AI Tank is checking targeting info...
<<<20:42:39:131214>>>  Tank #2 Red AI Tank increased launch speed one unit...
<<<20:42:39:261213>>>  Tank #2 Red AI Tank is checking targeting info...
<<<20:42:39:261213>>>  Tank #2 Red AI Tank increased launch speed one unit...
<<<20:42:39:392859>>>  Tank #2 Red AI Tank is checking targeting info...
<<<20:42:39:392859>>>  Tank #2 Red AI Tank increased launch speed one unit...
<<<20:42:39:526891>>>  Tank #2 Red AI Tank is checking targeting info...
<<<20:42:39:526891>>>  Tank #2 Red AI Tank increased launch speed one unit...
<<<20:42:42:606140>>>  Tank #2 Red AI Tank is checking targeting info...
<<<20:42:42:606140>>>  Tank #2 Red AI Tank increased launch speed one unit...
<<<20:42:42:738699>>>  Tank #2 Red AI Tank is checking targeting info...
<<<20:42:42:738699>>>  Tank #2 Red AI Tank increased launch speed one unit...
<<<20:42:42:872288>>>  Tank #2 Red AI Tank is checking targeting info...
<<<20:42:42:872288>>>  Tank #2 Red AI Tank increased launch speed one unit...
<<<20:42:42:954895>>>  Deleting effect pixie Tank #2 Red AI Tank thawing...
<<<20:42:43:003695>>>  Tank #2 Red AI Tank is checking targeting info...
<<<20:42:43:003695>>>  Tank #2 Red AI Tank increased launch speed one unit...
<<<20:42:43:134190>>>  Tank #2 Red AI Tank is checking targeting info...
<<<20:42:43:134190>>>  Tank #2 Red AI Tank increased launch speed one unit...
<<<20:42:43:271178>>>  Tank #2 Red AI Tank is checking targeting info...
<<<20:42:43:271178>>>  Tank #2 Red AI Tank firing solution within tolerances, not adjusting firing solution...
<<<20:42:43:271178>>>  Tank #2 Red AI Tank attempting to fire cannonball...
<<<20:42:43:402937>>>  Tank #2 Red AI Tank chose to move to 4.7813, cururently at 3.6652.
<<<20:42:43:402937>>>  Tank #2 Red AI Tank moved one unit CCW...
<<<20:42:43:402937>>>  Tank #2 Red AI Tank chose to move...
<<<20:42:43:534432>>>  Tank #2 Red AI Tank moved one unit CCW...
<<<20:42:43:665130>>>  Tank #2 Red AI Tank moved one unit CCW...
<<<20:42:43:796039>>>  Tank #2 Red AI Tank moved one unit CCW...
<<<20:42:43:925356>>>  Tank #2 Red AI Tank moved one unit CCW...
<<<20:42:44:055594>>>  Tank #2 Red AI Tank moved one unit CCW...
<<<20:42:44:186417>>>  Tank #2 Red AI Tank moved one unit CCW...
<<<20:42:44:315994>>>  Tank #2 Red AI Tank moved one unit CCW...
<<<20:42:44:449166>>>  Tank #2 Red AI Tank moved one unit CCW...
<<<20:42:44:578914>>>  Tank #2 Red AI Tank moved one unit CCW...
<<<20:42:44:710513>>>  Tank #2 Red AI Tank moved one unit CCW...
<<<20:42:44:841288>>>  Tank #2 Red AI Tank moved one unit CCW...
<<<20:42:44:975866>>>  Tank #2 Red AI Tank moved one unit CCW...
<<<20:42:45:106582>>>  Tank #2 Red AI Tank moved one unit CCW...
<<<20:42:45:238266>>>  Tank #2 Red AI Tank moved one unit CCW...
<<<20:42:45:369102>>>  Tank #2 Red AI Tank moved one unit CCW...
<<<20:42:45:503814>>>  Tank #2 Red AI Tank moved one unit CCW...
<<<20:42:45:637592>>>  Tank #2 Red AI Tank moved one unit CCW...
<<<20:42:45:767666>>>  Tank #2 Red AI Tank moved one unit CCW...
<<<20:42:45:898298>>>  Tank #2 Red AI Tank moved one unit CCW...
<<<20:42:46:027589>>>  Tank #2 Red AI Tank moved one unit CCW...
<<<20:42:46:156588>>>  Tank #2 Red AI Tank moved one unit CCW...
<<<20:42:46:287791>>>  Tank #2 Red AI Tank moved one unit CCW...
<<<20:42:46:416003>>>  Tank #2 Red AI Tank moved one unit CCW...
<<<20:42:46:546676>>>  Tank #2 Red AI Tank moved one unit CCW...
<<<20:42:46:677247>>>  Tank #2 Red AI Tank moved one unit CCW...
<<<20:42:46:810142>>>  Tank #2 Red AI Tank moved one unit CCW...
<<<20:42:46:859906>>>  Moon #2 is being removed for being too far right off-screen...
<<<20:42:46:859906>>>  
Moon #2 being destroyed...
<<<20:42:46:859906>>>  Successfully destroyed celestial!
<<<20:42:46:941156>>>  Tank #2 Red AI Tank moved one unit CCW...
<<<20:42:47:074012>>>  Tank #2 Red AI Tank moved one unit CCW...
<<<20:42:47:206987>>>  Tank #2 Red AI Tank moved one unit CCW...
<<<20:42:47:334962>>>  Tank #2 Red AI Tank moved one unit CCW...
<<<20:42:47:466583>>>  Tank #2 Red AI Tank moved one unit CCW...
<<<20:42:47:595855>>>  Tank #2 Red AI Tank moved one unit CCW...
<<<20:42:47:726060>>>  Tank #2 Red AI Tank moved one unit CCW...
<<<20:42:47:858307>>>  Tank #2 Red AI Tank moved one unit CCW...
<<<20:42:47:991091>>>  Tank #2 Red AI Tank moved one unit CCW...
<<<20:42:48:124896>>>  Tank #2 Red AI Tank moved one unit CCW...
<<<20:42:48:257065>>>  Tank #2 Red AI Tank moved one unit CCW...
<<<20:42:48:391357>>>  Tank #2 Red AI Tank moved one unit CCW...
<<<20:42:48:524349>>>  Tank #2 Red AI Tank moved one unit CCW...
<<<20:42:48:656504>>>  Tank #2 Red AI Tank moved one unit CCW...
<<<20:42:48:785779>>>  Tank #2 Red AI Tank moved one unit CCW...
<<<20:42:48:916974>>>  Tank #2 Red AI Tank moved one unit CCW...
<<<20:42:49:050287>>>  Tank #2 Red AI Tank moved one unit CCW...
<<<20:42:49:182245>>>  Tank #2 Red AI Tank moved one unit CCW...
<<<20:42:49:313094>>>  Tank #2 Red AI Tank moved one unit CCW...
<<<20:42:49:444033>>>  Tank #2 Red AI Tank moved one unit CCW...
<<<20:42:49:578373>>>  Tank #2 Red AI Tank moved one unit CCW...
<<<20:42:49:707783>>>  Tank #2 Red AI Tank moved one unit CCW...
<<<20:42:49:838190>>>  Tank #2 Red AI Tank moved one unit CCW...
<<<20:42:49:971048>>>  Tank #2 Red AI Tank moved one unit CCW...
<<<20:42:50:101020>>>  Tank #2 Red AI Tank moved one unit CCW...
<<<20:42:50:233082>>>  Tank #2 Red AI Tank moved one unit CCW...
<<<20:42:50:364799>>>  Tank #2 Red AI Tank moved one unit CCW...
<<<20:42:50:493017>>>  Tank #2 Red AI Tank moved one unit CCW...
<<<20:42:50:623037>>>  Tank #2 Red AI Tank moved one unit CCW...
<<<20:42:50:752933>>>  Tank #2 Red AI Tank moved one unit CCW...
<<<20:42:50:882865>>>  Tank #2 Red AI Tank moved one unit CCW...
<<<20:42:51:013262>>>  Tank #2 Red AI Tank moved one unit CCW...
<<<20:42:51:144367>>>  Tank #2 Red AI Tank moved one unit CCW...
<<<20:42:51:277856>>>  Tank #2 Red AI Tank moved one unit CCW...
<<<20:42:51:409340>>>  Tank #2 Red AI Tank moved one unit CCW...
<<<20:42:51:540753>>>  Tank #2 Red AI Tank moved one unit CCW...
<<<20:42:51:801085>>>  Tank #2 Red AI Tank chose to move to 3.6643, cururently at 4.7647.
<<<20:42:51:801085>>>  Tank #2 Red AI Tank moved one unit CW...
<<<20:42:51:801085>>>  Tank #2 Red AI Tank chose to move...
<<<20:42:51:935261>>>  Tank #2 Red AI Tank moved one unit CW...
<<<20:42:52:064672>>>  Tank #2 Red AI Tank moved one unit CW...
<<<20:42:52:196796>>>  Tank #2 Red AI Tank moved one unit CW...
<<<20:42:52:326825>>>  Tank #2 Red AI Tank moved one unit CW...
<<<20:42:52:458035>>>  Tank #2 Red AI Tank moved one unit CW...
<<<20:42:52:590087>>>  Tank #2 Red AI Tank moved one unit CW...
<<<20:42:52:722041>>>  Tank #2 Red AI Tank moved one unit CW...
<<<20:42:52:856672>>>  Tank #2 Red AI Tank moved one unit CW...
<<<20:42:52:985664>>>  Tank #2 Red AI Tank moved one unit CW...
<<<20:42:53:114454>>>  Tank #2 Red AI Tank moved one unit CW...
<<<20:42:53:247145>>>  Tank #2 Red AI Tank moved one unit CW...
<<<20:42:53:381751>>>  Tank #2 Red AI Tank moved one unit CW...
<<<20:42:53:513119>>>  Tank #2 Red AI Tank moved one unit CW...
<<<20:42:53:644523>>>  Tank #2 Red AI Tank moved one unit CW...
<<<20:42:53:776497>>>  Tank #2 Red AI Tank moved one unit CW...
<<<20:42:53:910104>>>  Tank #2 Red AI Tank moved one unit CW...
<<<20:42:54:043079>>>  Tank #2 Red AI Tank moved one unit CW...
<<<20:42:54:170727>>>  Tank #2 Red AI Tank moved one unit CW...
<<<20:42:54:300139>>>  Tank #2 Red AI Tank moved one unit CW...
<<<20:42:54:434106>>>  Tank #2 Red AI Tank moved one unit CW...
<<<20:42:54:566277>>>  Tank #2 Red AI Tank moved one unit CW...
<<<20:42:54:696589>>>  Tank #2 Red AI Tank moved one unit CW...
<<<20:42:54:826139>>>  Tank #2 Red AI Tank moved one unit CW...
<<<20:42:54:957378>>>  Tank #2 Red AI Tank moved one unit CW...
<<<20:42:55:089941>>>  Tank #2 Red AI Tank moved one unit CW...
<<<20:42:55:220903>>>  Tank #2 Red AI Tank moved one unit CW...
<<<20:42:55:350435>>>  Tank #2 Red AI Tank moved one unit CW...
<<<20:42:55:479529>>>  Tank #2 Red AI Tank moved one unit CW...
<<<20:42:55:610690>>>  Tank #2 Red AI Tank moved one unit CW...
<<<20:42:55:745326>>>  Tank #2 Red AI Tank moved one unit CW...
<<<20:42:55:874733>>>  Tank #2 Red AI Tank moved one unit CW...
<<<20:42:56:006747>>>  Tank #2 Red AI Tank moved one unit CW...
<<<20:42:56:138522>>>  Tank #2 Red AI Tank moved one unit CW...
<<<20:42:56:268820>>>  Tank #2 Red AI Tank moved one unit CW...
<<<20:42:56:396238>>>  Tank #2 Red AI Tank moved one unit CW...
<<<20:42:56:525408>>>  Tank #2 Red AI Tank moved one unit CW...
<<<20:42:56:656731>>>  Tank #2 Red AI Tank moved one unit CW...
<<<20:42:56:787750>>>  Tank #2 Red AI Tank moved one unit CW...
<<<20:42:56:918149>>>  Tank #2 Red AI Tank moved one unit CW...
<<<20:42:57:053092>>>  Tank #2 Red AI Tank moved one unit CW...
<<<20:42:57:185133>>>  Tank #2 Red AI Tank moved one unit CW...
<<<20:42:57:314754>>>  Tank #2 Red AI Tank moved one unit CW...
<<<20:42:57:447022>>>  Tank #2 Red AI Tank moved one unit CW...
<<<20:42:57:580053>>>  Tank #2 Red AI Tank moved one unit CW...
<<<20:42:57:711301>>>  Tank #2 Red AI Tank moved one unit CW...
<<<20:42:57:840790>>>  Tank #2 Red AI Tank moved one unit CW...
<<<20:42:57:973035>>>  Tank #2 Red AI Tank moved one unit CW...
<<<20:42:58:101929>>>  Tank #2 Red AI Tank moved one unit CW...
<<<20:42:58:233921>>>  Tank #2 Red AI Tank moved one unit CW...
<<<20:42:58:366498>>>  Tank #2 Red AI Tank moved one unit CW...
<<<20:42:58:499864>>>  Tank #2 Red AI Tank moved one unit CW...
<<<20:42:58:631347>>>  Tank #2 Red AI Tank moved one unit CW...
<<<20:42:58:760719>>>  Tank #2 Red AI Tank moved one unit CW...
<<<20:42:58:890633>>>  Tank #2 Red AI Tank moved one unit CW...
<<<20:42:59:020751>>>  Tank #2 Red AI Tank moved one unit CW...
<<<20:42:59:150025>>>  Tank #2 Red AI Tank moved one unit CW...
<<<20:42:59:279270>>>  Tank #2 Red AI Tank moved one unit CW...
<<<20:42:59:408819>>>  Tank #2 Red AI Tank moved one unit CW...
<<<20:42:59:539727>>>  Tank #2 Red AI Tank moved one unit CW...
<<<20:42:59:669185>>>  Tank #2 Red AI Tank moved one unit CW...
<<<20:42:59:801077>>>  Tank #2 Red AI Tank moved one unit CW...
<<<20:42:59:930859>>>  Tank #2 Red AI Tank moved one unit CW...
<<<20:43:00:192977>>>  Tank #2 Red AI Tank saw no celestials or cannonballs above their heads and is casting Gravity...
<<<20:43:05:806616>>>  Tank #2 Red AI Tank's Cannonball #1 explosion timer has expired, marked for removal...
<<<20:43:09:206833>>>  Tank #2 Red AI Tank chose to move to 2.8161, cururently at 3.6652.
<<<20:43:09:206833>>>  Tank #2 Red AI Tank moved one unit CW...
<<<20:43:09:206833>>>  Tank #2 Red AI Tank chose to move...
<<<20:43:09:206833>>>  Deleting effect pixie gravity-lowering...
<<<20:43:09:206833>>>  Tank #2 Red AI Tank moved one unit CW...
<<<20:43:09:337565>>>  Tank #2 Red AI Tank moved one unit CW...
<<<20:43:09:468713>>>  Tank #2 Red AI Tank moved one unit CW...
<<<20:43:09:602035>>>  Tank #2 Red AI Tank moved one unit CW...
<<<20:43:09:730701>>>  Tank #2 Red AI Tank moved one unit CW...
<<<20:43:09:862841>>>  Tank #2 Red AI Tank moved one unit CW...
<<<20:43:09:990483>>>  Tank #2 Red AI Tank moved one unit CW...
<<<20:43:10:120380>>>  Tank #2 Red AI Tank moved one unit CW...
<<<20:43:10:253066>>>  Tank #2 Red AI Tank moved one unit CW...
<<<20:43:10:383057>>>  Tank #2 Red AI Tank moved one unit CW...
<<<20:43:10:512919>>>  Tank #2 Red AI Tank moved one unit CW...
<<<20:43:10:640339>>>  Tank #2 Red AI Tank moved one unit CW...
<<<20:43:10:770661>>>  Tank #2 Red AI Tank moved one unit CW...
<<<20:43:10:900450>>>  Tank #2 Red AI Tank moved one unit CW...
<<<20:43:11:031488>>>  Tank #2 Red AI Tank moved one unit CW...
<<<20:43:11:161736>>>  Tank #2 Red AI Tank moved one unit CW...
<<<20:43:11:290732>>>  Tank #2 Red AI Tank moved one unit CW...
<<<20:43:11:421172>>>  Tank #2 Red AI Tank moved one unit CW...
<<<20:43:11:551524>>>  Tank #2 Red AI Tank moved one unit CW...
<<<20:43:11:681880>>>  Tank #2 Red AI Tank moved one unit CW...
<<<20:43:11:812035>>>  Tank #2 Red AI Tank moved one unit CW...
<<<20:43:11:944161>>>  Tank #2 Red AI Tank moved one unit CW...
<<<20:43:12:073929>>>  Tank #2 Red AI Tank moved one unit CW...
<<<20:43:12:203914>>>  Tank #2 Red AI Tank moved one unit CW...
<<<20:43:12:335080>>>  Tank #2 Red AI Tank moved one unit CW...
<<<20:43:12:463899>>>  Tank #2 Red AI Tank moved one unit CW...
<<<20:43:12:594603>>>  Tank #2 Red AI Tank moved one unit CW...
<<<20:43:12:723700>>>  Tank #2 Red AI Tank moved one unit CW...
<<<20:43:12:853516>>>  Tank #2 Red AI Tank moved one unit CW...
<<<20:43:12:987988>>>  Tank #2 Red AI Tank moved one unit CW...
<<<20:43:13:116575>>>  Tank #2 Red AI Tank moved one unit CW...
<<<20:43:13:247621>>>  Tank #2 Red AI Tank moved one unit CW...
<<<20:43:13:380179>>>  Tank #2 Red AI Tank moved one unit CW...
<<<20:43:13:513219>>>  Tank #2 Red AI Tank moved one unit CW...
<<<20:43:13:644573>>>  Tank #2 Red AI Tank moved one unit CW...
<<<20:43:13:774978>>>  Tank #2 Red AI Tank moved one unit CW...
<<<20:43:13:903825>>>  Tank #2 Red AI Tank moved one unit CW...
<<<20:43:14:033907>>>  Tank #2 Red AI Tank moved one unit CW...
<<<20:43:14:162184>>>  Tank #2 Red AI Tank moved one unit CW...
<<<20:43:14:296135>>>  Tank #2 Red AI Tank moved one unit CW...
<<<20:43:14:430824>>>  Tank #2 Red AI Tank moved one unit CW...
<<<20:43:14:559210>>>  Tank #2 Red AI Tank moved one unit CW...
<<<20:43:14:690406>>>  Tank #2 Red AI Tank moved one unit CW...
<<<20:43:14:820834>>>  Tank #2 Red AI Tank moved one unit CW...
<<<20:43:14:954741>>>  Tank #2 Red AI Tank moved one unit CW...
<<<20:43:15:036331>>>  Tank #1 Green Player Tank chambered cannonball...
<<<20:43:15:036331>>>
* CURRENT VALUES FOR CELESTIAL BODY:  Tank #1 Green Player Tank's Cannonball #1
* This is not the homeworld.
* The celestial boyd's density is 5515 kg/m^3.
* The celestial body's mass is 1000 kg.
* The Earth's mass is 5.972e+24 kg.
* The celestial body's radius is 0.001 km.
* The celestial body's coordinates are (4425.668478194278, 4582.913867957541).
* The celestial body's velocity is (3.920293028443188, 3.8826160645750387).
* The celestial body's speed is 5.517554252905577 km/s.
* The celestial body's acceleration is (0, 0).
* The celestial body's screen x and y coordinates are (828, 369).
* The celestial body's screen radius is 2.
* The celestial is using a body circle.
<<<20:43:15:036331>>>
* ADDITIONAL INFORMATION FOR Tank #1 Green Player Tank's Cannonball #1:
* This cannonball is chambered.
<<<20:43:15:085989>>>  Tank #2 Red AI Tank moved one unit CW...
<<<20:43:15:219008>>>  Tank #2 Red AI Tank moved one unit CW...
<<<20:43:15:479049>>>  Tank #2 Red AI Tank chose to shoot...
<<<20:43:15:610561>>>  Tank #2 Red AI Tank is checking targeting info...
<<<20:43:15:610561>>>  Tank #2 Red AI Tank Launch angle not within tolerances, adjusting firing solution...
<<<20:43:15:610561>>>  Tank #2 Red AI Tank Launch speed not within tolerances, adjusting firing solution...
<<<20:43:15:610561>>>  Tank #2 Red AI Tank adjusted targeting angle one unit CW...
<<<20:43:15:740914>>>  Tank #2 Red AI Tank is checking targeting info...
<<<20:43:15:740914>>>  Tank #2 Red AI Tank Launch angle not within tolerances, adjusting firing solution...
<<<20:43:15:740914>>>  Tank #2 Red AI Tank Launch speed not within tolerances, adjusting firing solution...
<<<20:43:15:740914>>>  Tank #2 Red AI Tank adjusted targeting angle one unit CW...
<<<20:43:15:873342>>>  Tank #2 Red AI Tank is checking targeting info...
<<<20:43:15:873342>>>  Tank #2 Red AI Tank Launch angle not within tolerances, adjusting firing solution...
<<<20:43:15:873342>>>  Tank #2 Red AI Tank Launch speed not within tolerances, adjusting firing solution...
<<<20:43:15:873342>>>  Tank #2 Red AI Tank adjusted targeting angle one unit CW...
<<<20:43:16:005666>>>  Tank #2 Red AI Tank is checking targeting info...
<<<20:43:16:005666>>>  Tank #2 Red AI Tank Launch angle not within tolerances, adjusting firing solution...
<<<20:43:16:005666>>>  Tank #2 Red AI Tank Launch speed not within tolerances, adjusting firing solution...
<<<20:43:16:005666>>>  Tank #2 Red AI Tank adjusted targeting angle one unit CW...
<<<20:43:16:136292>>>  Tank #2 Red AI Tank is checking targeting info...
<<<20:43:16:136292>>>  Tank #2 Red AI Tank Launch angle not within tolerances, adjusting firing solution...
<<<20:43:16:136292>>>  Tank #2 Red AI Tank Launch speed not within tolerances, adjusting firing solution...
<<<20:43:16:136292>>>  Tank #2 Red AI Tank adjusted targeting angle one unit CW...
<<<20:43:16:269025>>>  Tank #2 Red AI Tank is checking targeting info...
<<<20:43:16:269025>>>  Tank #2 Red AI Tank Launch angle not within tolerances, adjusting firing solution...
<<<20:43:16:269025>>>  Tank #2 Red AI Tank Launch speed not within tolerances, adjusting firing solution...
<<<20:43:16:269025>>>  Tank #2 Red AI Tank adjusted targeting angle one unit CW...
<<<20:43:16:403123>>>  Tank #2 Red AI Tank is checking targeting info...
<<<20:43:16:403123>>>  Tank #2 Red AI Tank Launch angle not within tolerances, adjusting firing solution...
<<<20:43:16:403123>>>  Tank #2 Red AI Tank Launch speed not within tolerances, adjusting firing solution...
<<<20:43:16:403123>>>  Tank #2 Red AI Tank adjusted targeting angle one unit CW...
<<<20:43:16:534825>>>  Tank #2 Red AI Tank is checking targeting info...
<<<20:43:16:534825>>>  Tank #2 Red AI Tank Launch angle not within tolerances, adjusting firing solution...
<<<20:43:16:534825>>>  Tank #2 Red AI Tank Launch speed not within tolerances, adjusting firing solution...
<<<20:43:16:534825>>>  Tank #2 Red AI Tank adjusted targeting angle one unit CW...
<<<20:43:16:665299>>>  Tank #2 Red AI Tank is checking targeting info...
<<<20:43:16:665299>>>  Tank #2 Red AI Tank Launch angle not within tolerances, adjusting firing solution...
<<<20:43:16:665299>>>  Tank #2 Red AI Tank Launch speed not within tolerances, adjusting firing solution...
<<<20:43:16:665299>>>  Tank #2 Red AI Tank adjusted targeting angle one unit CW...
<<<20:43:16:798103>>>  Tank #2 Red AI Tank is checking targeting info...
<<<20:43:16:798103>>>  Tank #2 Red AI Tank Launch angle not within tolerances, adjusting firing solution...
<<<20:43:16:798103>>>  Tank #2 Red AI Tank Launch speed not within tolerances, adjusting firing solution...
<<<20:43:16:798103>>>  Tank #2 Red AI Tank adjusted targeting angle one unit CW...
<<<20:43:16:931547>>>  Tank #2 Red AI Tank is checking targeting info...
<<<20:43:16:931547>>>  Tank #2 Red AI Tank Launch angle not within tolerances, adjusting firing solution...
<<<20:43:16:931547>>>  Tank #2 Red AI Tank Launch speed not within tolerances, adjusting firing solution...
<<<20:43:16:931547>>>  Tank #2 Red AI Tank adjusted targeting angle one unit CW...
<<<20:43:17:063063>>>  Tank #2 Red AI Tank is checking targeting info...
<<<20:43:17:063063>>>  Tank #2 Red AI Tank Launch angle not within tolerances, adjusting firing solution...
<<<20:43:17:063063>>>  Tank #2 Red AI Tank Launch speed not within tolerances, adjusting firing solution...
<<<20:43:17:063063>>>  Tank #2 Red AI Tank adjusted targeting angle one unit CW...
<<<20:43:17:193558>>>  Tank #2 Red AI Tank is checking targeting info...
<<<20:43:17:193558>>>  Tank #2 Red AI Tank Launch angle not within tolerances, adjusting firing solution...
<<<20:43:17:193558>>>  Tank #2 Red AI Tank Launch speed not within tolerances, adjusting firing solution...
<<<20:43:17:193558>>>  Tank #2 Red AI Tank adjusted targeting angle one unit CW...
<<<20:43:17:325124>>>  Tank #2 Red AI Tank is checking targeting info...
<<<20:43:17:325124>>>  Tank #2 Red AI Tank Launch angle not within tolerances, adjusting firing solution...
<<<20:43:17:325124>>>  Tank #2 Red AI Tank Launch speed not within tolerances, adjusting firing solution...
<<<20:43:17:325124>>>  Tank #2 Red AI Tank adjusted targeting angle one unit CW...
<<<20:43:17:459675>>>  Tank #2 Red AI Tank is checking targeting info...
<<<20:43:17:459675>>>  Tank #2 Red AI Tank Launch angle not within tolerances, adjusting firing solution...
<<<20:43:17:459675>>>  Tank #2 Red AI Tank Launch speed not within tolerances, adjusting firing solution...
<<<20:43:17:459675>>>  Tank #2 Red AI Tank adjusted targeting angle one unit CW...
<<<20:43:17:591286>>>  Tank #2 Red AI Tank is checking targeting info...
<<<20:43:17:591286>>>  Tank #2 Red AI Tank Launch angle not within tolerances, adjusting firing solution...
<<<20:43:17:591286>>>  Tank #2 Red AI Tank Launch speed not within tolerances, adjusting firing solution...
<<<20:43:17:591286>>>  Tank #2 Red AI Tank adjusted targeting angle one unit CW...
<<<20:43:17:723556>>>  Tank #2 Red AI Tank is checking targeting info...
<<<20:43:17:723556>>>  Tank #2 Red AI Tank Launch angle not within tolerances, adjusting firing solution...
<<<20:43:17:723556>>>  Tank #2 Red AI Tank Launch speed not within tolerances, adjusting firing solution...
<<<20:43:17:723556>>>  Tank #2 Red AI Tank adjusted targeting angle one unit CW...
<<<20:43:17:854475>>>  Tank #2 Red AI Tank is checking targeting info...
<<<20:43:17:854475>>>  Tank #2 Red AI Tank Launch angle not within tolerances, adjusting firing solution...
<<<20:43:17:854475>>>  Tank #2 Red AI Tank Launch speed not within tolerances, adjusting firing solution...
<<<20:43:17:854475>>>  Tank #2 Red AI Tank adjusted targeting angle one unit CW...
<<<20:43:17:986421>>>  Tank #2 Red AI Tank is checking targeting info...
<<<20:43:17:986421>>>  Tank #2 Red AI Tank Launch angle not within tolerances, adjusting firing solution...
<<<20:43:17:986421>>>  Tank #2 Red AI Tank Launch speed not within tolerances, adjusting firing solution...
<<<20:43:17:986421>>>  Tank #2 Red AI Tank adjusted targeting angle one unit CW...
<<<20:43:18:118386>>>  Tank #2 Red AI Tank is checking targeting info...
<<<20:43:18:118386>>>  Tank #2 Red AI Tank Launch angle not within tolerances, adjusting firing solution...
<<<20:43:18:118386>>>  Tank #2 Red AI Tank Launch speed not within tolerances, adjusting firing solution...
<<<20:43:18:118386>>>  Tank #2 Red AI Tank adjusted targeting angle one unit CW...
<<<20:43:18:250294>>>  Tank #2 Red AI Tank is checking targeting info...
<<<20:43:18:250294>>>  Tank #2 Red AI Tank Launch angle not within tolerances, adjusting firing solution...
<<<20:43:18:250294>>>  Tank #2 Red AI Tank Launch speed not within tolerances, adjusting firing solution...
<<<20:43:18:250294>>>  Tank #2 Red AI Tank adjusted targeting angle one unit CW...
<<<20:43:18:382551>>>  Tank #2 Red AI Tank is checking targeting info...
<<<20:43:18:382551>>>  Tank #2 Red AI Tank Launch angle not within tolerances, adjusting firing solution...
<<<20:43:18:382551>>>  Tank #2 Red AI Tank Launch speed not within tolerances, adjusting firing solution...
<<<20:43:18:382551>>>  Tank #2 Red AI Tank adjusted targeting angle one unit CW...
<<<20:43:18:515316>>>  Tank #2 Red AI Tank is checking targeting info...
<<<20:43:18:515316>>>  Tank #2 Red AI Tank Launch angle not within tolerances, adjusting firing solution...
<<<20:43:18:515316>>>  Tank #2 Red AI Tank Launch speed not within tolerances, adjusting firing solution...
<<<20:43:18:515316>>>  Tank #2 Red AI Tank adjusted targeting angle one unit CW...
<<<20:43:18:646243>>>  Tank #2 Red AI Tank is checking targeting info...
<<<20:43:18:646243>>>  Tank #2 Red AI Tank Launch angle not within tolerances, adjusting firing solution...
<<<20:43:18:646243>>>  Tank #2 Red AI Tank Launch speed not within tolerances, adjusting firing solution...
<<<20:43:18:646243>>>  Tank #2 Red AI Tank adjusted targeting angle one unit CW...
<<<20:43:18:777954>>>  Tank #2 Red AI Tank is checking targeting info...
<<<20:43:18:777954>>>  Tank #2 Red AI Tank Launch angle not within tolerances, adjusting firing solution...
<<<20:43:18:777954>>>  Tank #2 Red AI Tank Launch speed not within tolerances, adjusting firing solution...
<<<20:43:18:777954>>>  Tank #2 Red AI Tank adjusted targeting angle one unit CW...
<<<20:43:18:909606>>>  Tank #2 Red AI Tank is checking targeting info...
<<<20:43:18:909606>>>  Tank #2 Red AI Tank Launch angle not within tolerances, adjusting firing solution...
<<<20:43:18:909606>>>  Tank #2 Red AI Tank Launch speed not within tolerances, adjusting firing solution...
<<<20:43:18:909606>>>  Tank #2 Red AI Tank adjusted targeting angle one unit CW...
<<<20:43:19:041997>>>  Tank #2 Red AI Tank is checking targeting info...
<<<20:43:19:041997>>>  Tank #2 Red AI Tank Launch angle not within tolerances, adjusting firing solution...
<<<20:43:19:041997>>>  Tank #2 Red AI Tank Launch speed not within tolerances, adjusting firing solution...
<<<20:43:19:041997>>>  Tank #2 Red AI Tank adjusted targeting angle one unit CW...
<<<20:43:19:174042>>>  Tank #2 Red AI Tank is checking targeting info...
<<<20:43:19:174042>>>  Tank #2 Red AI Tank Launch angle not within tolerances, adjusting firing solution...
<<<20:43:19:174042>>>  Tank #2 Red AI Tank Launch speed not within tolerances, adjusting firing solution...
<<<20:43:19:174042>>>  Tank #2 Red AI Tank adjusted targeting angle one unit CW...
<<<20:43:19:307346>>>  Tank #2 Red AI Tank is checking targeting info...
<<<20:43:19:307346>>>  Tank #2 Red AI Tank Launch angle not within tolerances, adjusting firing solution...
<<<20:43:19:307346>>>  Tank #2 Red AI Tank Launch speed not within tolerances, adjusting firing solution...
<<<20:43:19:307346>>>  Tank #2 Red AI Tank adjusted targeting angle one unit CW...
<<<20:43:19:438459>>>  Tank #2 Red AI Tank is checking targeting info...
<<<20:43:19:438459>>>  Tank #2 Red AI Tank Launch angle not within tolerances, adjusting firing solution...
<<<20:43:19:438459>>>  Tank #2 Red AI Tank Launch speed not within tolerances, adjusting firing solution...
<<<20:43:19:438459>>>  Tank #2 Red AI Tank adjusted targeting angle one unit CW...
<<<20:43:19:571421>>>  Tank #2 Red AI Tank is checking targeting info...
<<<20:43:19:571421>>>  Tank #2 Red AI Tank Launch angle not within tolerances, adjusting firing solution...
<<<20:43:19:571421>>>  Tank #2 Red AI Tank Launch speed not within tolerances, adjusting firing solution...
<<<20:43:19:571421>>>  Tank #2 Red AI Tank adjusted targeting angle one unit CW...
<<<20:43:19:704035>>>  Tank #2 Red AI Tank is checking targeting info...
<<<20:43:19:704035>>>  Tank #2 Red AI Tank Launch angle not within tolerances, adjusting firing solution...
<<<20:43:19:704035>>>  Tank #2 Red AI Tank Launch speed not within tolerances, adjusting firing solution...
<<<20:43:19:704035>>>  Tank #2 Red AI Tank adjusted targeting angle one unit CW...
<<<20:43:19:838319>>>  Tank #2 Red AI Tank is checking targeting info...
<<<20:43:19:838319>>>  Tank #2 Red AI Tank Launch angle not within tolerances, adjusting firing solution...
<<<20:43:19:838319>>>  Tank #2 Red AI Tank Launch speed not within tolerances, adjusting firing solution...
<<<20:43:19:838319>>>  Tank #2 Red AI Tank adjusted targeting angle one unit CW...
<<<20:43:19:855458>>>
* INFORMATION FOR Tank #1 Green Player Tank's CANNONBALLS:
* Cannonballs in memory for Tank #1 Green Player Tank:  1.
* Total cannonballs fired or chambered for Tank #1 Green Player Tank:  1.
<<<20:43:19:855458>>>
* CURRENT VALUES FOR CELESTIAL BODY:  Tank #1 Green Player Tank's Cannonball #1
* This is not the homeworld.
* The celestial boyd's density is 5515 kg/m^3.
* The celestial body's mass is 1000 kg.
* The Earth's mass is 5.972e+24 kg.
* The celestial body's radius is 0.001 km.
* The celestial body's coordinates are (4324.7816467035545, 4995.183815220113).
* The celestial body's velocity is (3.920293028443188, 3.8826160645750387).
* The celestial body's speed is 5.517554252905577 km/s.
* The celestial body's acceleration is (0, 0).
* The celestial body's screen x and y coordinates are (826, 364).
* The celestial body's screen radius is 2.
* The celestial is using a body circle.
<<<20:43:19:855458>>>
* ADDITIONAL INFORMATION FOR Tank #1 Green Player Tank's Cannonball #1:
* This cannonball is chambered.
<<<20:43:19:855458>>>
* INFORMATION FOR Tank #2 Red AI Tank's CANNONBALLS:
* Cannonballs in memory for Tank #2 Red AI Tank:  1.
* Total cannonballs fired or chambered for Tank #2 Red AI Tank:  2.
<<<20:43:19:855458>>>
* CURRENT VALUES FOR CELESTIAL BODY:  Tank #2 Red AI Tank's Cannonball #2
* This is not the homeworld.
* The celestial boyd's density is 5515 kg/m^3.
* The celestial body's mass is 1000 kg.
* The Earth's mass is 5.972e+24 kg.
* The celestial body's radius is 0.001 km.
* The celestial body's coordinates are (-6150.739319922749, 2342.8963671374463).
* The celestial body's velocity is (-5.285418658519959, 1.5873743549143484).
* The celestial body's speed is 5.518641838212611 km/s.
* The celestial body's acceleration is (0, 0).
* The celestial body's screen x and y coordinates are (684, 400).
* The celestial body's screen radius is 2.
* The celestial is using a body circle.
<<<20:43:19:855458>>>
* ADDITIONAL INFORMATION FOR Tank #2 Red AI Tank's Cannonball #2:
* This cannonball is chambered.
<<<20:43:19:855458>>>  Quit through pygame and writing log file...
