<<<12:20:11:507486>>>  Pix\Homeworlds\Tundra\7.png loaded as pixie for Earth...
<<<12:20:11:507486>>>  Image at Pix\Homeworlds\Tundra\7.png chosen as homeworld pix for Earth's...
<<<12:20:11:507486>>>  Pix\Moons\11.png loaded as pixie for Moon #2...
<<<12:20:11:603515>>>  Pix\Snails\Green_Snail\Spells\Spellready_Icon\spellready.png returned as pixie for Snail #1 Green Player...
<<<12:20:11:603515>>>  Pix\Magic\Scroll\scroll.png returned as pixie for Snail #1 Green Player...
<<<12:20:11:603515>>>  Snail #1 Green Player successfully created!
<<<12:20:11:673329>>>  Pix\Snails\Red_Snail\Spells\Spellready_Icon\spellready.png returned as pixie for Snail #2 Red Player...
<<<12:20:11:674328>>>  Pix\Magic\Scroll\scroll.png returned as pixie for Snail #2 Red Player...
<<<12:20:11:674328>>>  Snail #2 Red Player successfully created!
<<<12:20:11:923750>>>  Snail #1 Green Player chambered cannonball...
<<<12:20:11:924489>>>
* CURRENT VALUES FOR CELESTIAL BODY:  Snail #1 Green Player's Cannonball #1
* This is not the homeworld.
* The celestial boyd's density is 5515 kg/m^3.
* The celestial body's mass is 1000 kg.
* The Earth's mass is 5.972e+24 kg.
* The celestial body's radius is 0.001 km.
* The celestial body's coordinates are (3.9011123786838936e-13, 6371.0).
* The celestial body's velocity is (0.00020999343039608288, 5.591613284646417).
* The celestial body's speed is 5.591613288589577 km/s.
* The celestial body's acceleration is (0, 0).
* The celestial body's screen x and y coordinates are (768, 345).
* The celestial body's screen radius is 2.
* The celestial is using a body circle.
<<<12:20:11:924489>>>
* ADDITIONAL INFORMATION FOR Snail #1 Green Player's Cannonball #1:
* This cannonball is chambered.
<<<12:20:15:984977>>>
* INFORMATION FOR Snail #1 Green Player's CANNONBALLS:
* Cannonballs in memory for Snail #1 Green Player:  1.
* Total cannonballs fired or chambered for Snail #1 Green Player:  1.
<<<12:20:15:984977>>>
* CURRENT VALUES FOR CELESTIAL BODY:  Snail #1 Green Player's Cannonball #1
* This is not the homeworld.
* The celestial boyd's density is 5515 kg/m^3.
* The celestial body's mass is 1000 kg.
* The Earth's mass is 5.972e+24 kg.
* The celestial body's radius is 0.001 km.
* The celestial body's coordinates are (-13.441207690300185, 6413.756100690113).
* The celestial body's velocity is (0.00020999343039608288, 5.591613284646417).
* The celestial body's speed is 5.591613288589577 km/s.
* The celestial body's acceleration is (0, 0).
* The celestial body's screen x and y coordinates are (767, 345).
* The celestial body's screen radius is 2.
* The celestial is using a body circle.
<<<12:20:15:984977>>>
* ADDITIONAL INFORMATION FOR Snail #1 Green Player's Cannonball #1:
* This cannonball is chambered.
<<<12:20:15:984977>>>
* INFORMATION FOR Snail #2 Red Player's CANNONBALLS:
* Cannonballs in memory for Snail #2 Red Player:  0.
* Total cannonballs fired or chambered for Snail #2 Red Player:  0.
<<<12:20:15:984977>>>  Quit through pygame and writing log file...
