<<<15:18:25:395329>>>  Pix\Homeworlds\Ice\3.png loaded as pixie for Earth...
<<<15:18:25:395329>>>  Image at Pix\Homeworlds\Ice\3.png chosen as homeworld pix for Earth's...
<<<15:18:25:396334>>>  Pix\Moons\5.png loaded as pixie for Moon #2...
<<<15:18:25:437006>>>  Pix\Snails\Green_Snail\Spells\Spellready_Icon\spellready.png returned as pixie for Tank #1 Green Player Tank...
<<<15:18:25:437006>>>  Tank #1 Green Player Tank successfully created!
<<<15:18:25:480677>>>  Pix\Snails\Red_Snail\Spells\Spellready_Icon\spellready.png returned as pixie for Tank #2 Red AI Tank...
<<<15:18:25:480677>>>  Tank #2 Red AI Tank successfully created!
<<<15:18:25:523466>>>  Pix\Snails\Yellow_Snail\Spells\Spellready_Icon\spellready.png returned as pixie for Tank #3 Yellow AI Tank...
<<<15:18:25:524464>>>  Tank #3 Yellow AI Tank successfully created!
<<<15:18:25:527809>>>
* *** Tank #2 Red AI Tank USING CLEAR SKIES FUNCTION ***
* Moon #2 at (-2696.2483484724708, -12453.313787473184), angle -1.7840138940736112 rads.
* Tank #2 Red AI Tank at (-5517.44784751066, -3185.499999999998), angle 3.665191429188092.
* Angle Between is 0.8339799839178834 rads.
* The skies are NOT clear, Tank #2 Red AI Tank shouldn't use Gravity...
<<<15:18:25:527809>>>  Tank #3 Yellow AI Tank chose to shoot...
<<<15:18:25:541714>>>
* *** Tank #2 Red AI Tank USING CLEAR SKIES FUNCTION ***
* Moon #2 at (-2646.828882921969, -12463.709619626403), angle -1.7800504906571284 rads.
* Tank #2 Red AI Tank at (-5517.44784751066, -3185.499999999998), angle 3.665191429188092.
* Angle Between is 0.8379433873343665 rads.
* The skies are NOT clear, Tank #2 Red AI Tank shouldn't use Gravity...
<<<15:18:25:541714>>>  Tank #3 Yellow AI Tank is checking targeting info...
<<<15:18:25:541714>>>  Tank #3 Yellow AI Tank Launch angle not within tolerances, adjusting firing solution...
<<<15:18:25:541714>>>  Tank #3 Yellow AI Tank Launch speed not within tolerances, adjusting firing solution...
<<<15:18:25:541714>>>  Tank #3 Yellow AI Tank adjusted targeting angle one unit CW...
<<<15:18:25:557334>>>  Tank #2 Red AI Tank chose to shoot...
<<<15:18:25:557334>>>  Tank #3 Yellow AI Tank is checking targeting info...
<<<15:18:25:557334>>>  Tank #3 Yellow AI Tank Launch angle not within tolerances, adjusting firing solution...
<<<15:18:25:557334>>>  Tank #3 Yellow AI Tank Launch speed not within tolerances, adjusting firing solution...
<<<15:18:25:557334>>>  Tank #3 Yellow AI Tank adjusted targeting angle one unit CW...
<<<15:18:25:573635>>>  Tank #2 Red AI Tank is checking targeting info...
<<<15:18:25:573635>>>  Tank #2 Red AI Tank Launch angle not within tolerances, adjusting firing solution...
<<<15:18:25:573635>>>  Tank #2 Red AI Tank Launch speed not within tolerances, adjusting firing solution...
<<<15:18:25:573635>>>  Tank #2 Red AI Tank adjusted targeting angle one unit CCW...
<<<15:18:25:573635>>>  Tank #3 Yellow AI Tank is checking targeting info...
<<<15:18:25:573635>>>  Tank #3 Yellow AI Tank Launch angle not within tolerances, adjusting firing solution...
<<<15:18:25:573635>>>  Tank #3 Yellow AI Tank Launch speed not within tolerances, adjusting firing solution...
<<<15:18:25:573635>>>  Tank #3 Yellow AI Tank adjusted targeting angle one unit CW...
<<<15:18:25:589856>>>  Tank #2 Red AI Tank is checking targeting info...
<<<15:18:25:589856>>>  Tank #2 Red AI Tank Launch angle not within tolerances, adjusting firing solution...
<<<15:18:25:589856>>>  Tank #2 Red AI Tank Launch speed not within tolerances, adjusting firing solution...
<<<15:18:25:589856>>>  Tank #2 Red AI Tank adjusted targeting angle one unit CCW...
<<<15:18:25:589856>>>  Tank #3 Yellow AI Tank is checking targeting info...
<<<15:18:25:589856>>>  Tank #3 Yellow AI Tank Launch angle not within tolerances, adjusting firing solution...
<<<15:18:25:589856>>>  Tank #3 Yellow AI Tank Launch speed not within tolerances, adjusting firing solution...
<<<15:18:25:589856>>>  Tank #3 Yellow AI Tank adjusted targeting angle one unit CW...
<<<15:18:25:605876>>>  Tank #2 Red AI Tank is checking targeting info...
<<<15:18:25:605876>>>  Tank #2 Red AI Tank Launch angle not within tolerances, adjusting firing solution...
<<<15:18:25:605876>>>  Tank #2 Red AI Tank Launch speed not within tolerances, adjusting firing solution...
<<<15:18:25:605876>>>  Tank #2 Red AI Tank adjusted targeting angle one unit CCW...
<<<15:18:25:605876>>>  Tank #3 Yellow AI Tank is checking targeting info...
<<<15:18:25:605876>>>  Tank #3 Yellow AI Tank Launch angle not within tolerances, adjusting firing solution...
<<<15:18:25:605876>>>  Tank #3 Yellow AI Tank Launch speed not within tolerances, adjusting firing solution...
<<<15:18:25:605876>>>  Tank #3 Yellow AI Tank adjusted targeting angle one unit CW...
<<<15:18:25:621377>>>  Tank #2 Red AI Tank is checking targeting info...
<<<15:18:25:621377>>>  Tank #2 Red AI Tank Launch angle not within tolerances, adjusting firing solution...
<<<15:18:25:621377>>>  Tank #2 Red AI Tank Launch speed not within tolerances, adjusting firing solution...
<<<15:18:25:621377>>>  Tank #2 Red AI Tank adjusted targeting angle one unit CCW...
<<<15:18:25:621377>>>  Tank #3 Yellow AI Tank is checking targeting info...
<<<15:18:25:621377>>>  Tank #3 Yellow AI Tank Launch angle not within tolerances, adjusting firing solution...
<<<15:18:25:621377>>>  Tank #3 Yellow AI Tank Launch speed not within tolerances, adjusting firing solution...
<<<15:18:25:621377>>>  Tank #3 Yellow AI Tank adjusted targeting angle one unit CW...
<<<15:18:25:637338>>>  Tank #2 Red AI Tank is checking targeting info...
<<<15:18:25:637338>>>  Tank #2 Red AI Tank Launch angle not within tolerances, adjusting firing solution...
<<<15:18:25:637338>>>  Tank #2 Red AI Tank Launch speed not within tolerances, adjusting firing solution...
<<<15:18:25:637338>>>  Tank #2 Red AI Tank adjusted targeting angle one unit CCW...
<<<15:18:25:637338>>>  Tank #3 Yellow AI Tank is checking targeting info...
<<<15:18:25:637338>>>  Tank #3 Yellow AI Tank Launch angle not within tolerances, adjusting firing solution...
<<<15:18:25:637338>>>  Tank #3 Yellow AI Tank Launch speed not within tolerances, adjusting firing solution...
<<<15:18:25:637338>>>  Tank #3 Yellow AI Tank adjusted targeting angle one unit CW...
<<<15:18:25:653643>>>  Tank #2 Red AI Tank is checking targeting info...
<<<15:18:25:653643>>>  Tank #2 Red AI Tank Launch angle not within tolerances, adjusting firing solution...
<<<15:18:25:653643>>>  Tank #2 Red AI Tank Launch speed not within tolerances, adjusting firing solution...
<<<15:18:25:653643>>>  Tank #2 Red AI Tank adjusted targeting angle one unit CCW...
<<<15:18:25:653643>>>  Tank #3 Yellow AI Tank is checking targeting info...
<<<15:18:25:653643>>>  Tank #3 Yellow AI Tank Launch angle not within tolerances, adjusting firing solution...
<<<15:18:25:653643>>>  Tank #3 Yellow AI Tank Launch speed not within tolerances, adjusting firing solution...
<<<15:18:25:653643>>>  Tank #3 Yellow AI Tank adjusted targeting angle one unit CW...
<<<15:18:25:669880>>>  Tank #2 Red AI Tank is checking targeting info...
<<<15:18:25:669880>>>  Tank #2 Red AI Tank Launch angle not within tolerances, adjusting firing solution...
<<<15:18:25:669880>>>  Tank #2 Red AI Tank Launch speed not within tolerances, adjusting firing solution...
<<<15:18:25:669880>>>  Tank #2 Red AI Tank adjusted targeting angle one unit CCW...
<<<15:18:25:669880>>>  Tank #3 Yellow AI Tank is checking targeting info...
<<<15:18:25:669880>>>  Tank #3 Yellow AI Tank Launch angle not within tolerances, adjusting firing solution...
<<<15:18:25:669880>>>  Tank #3 Yellow AI Tank Launch speed not within tolerances, adjusting firing solution...
<<<15:18:25:669880>>>  Tank #3 Yellow AI Tank adjusted targeting angle one unit CW...
<<<15:18:25:685464>>>  Tank #2 Red AI Tank is checking targeting info...
<<<15:18:25:685464>>>  Tank #2 Red AI Tank Launch angle not within tolerances, adjusting firing solution...
<<<15:18:25:685464>>>  Tank #2 Red AI Tank Launch speed not within tolerances, adjusting firing solution...
<<<15:18:25:685464>>>  Tank #2 Red AI Tank adjusted targeting angle one unit CCW...
<<<15:18:25:685464>>>  Tank #3 Yellow AI Tank is checking targeting info...
<<<15:18:25:685464>>>  Tank #3 Yellow AI Tank Launch angle not within tolerances, adjusting firing solution...
<<<15:18:25:685464>>>  Tank #3 Yellow AI Tank Launch speed not within tolerances, adjusting firing solution...
<<<15:18:25:685464>>>  Tank #3 Yellow AI Tank adjusted targeting angle one unit CW...
<<<15:18:25:701995>>>  Tank #2 Red AI Tank is checking targeting info...
<<<15:18:25:701995>>>  Tank #2 Red AI Tank Launch angle not within tolerances, adjusting firing solution...
<<<15:18:25:701995>>>  Tank #2 Red AI Tank Launch speed not within tolerances, adjusting firing solution...
<<<15:18:25:701995>>>  Tank #2 Red AI Tank adjusted targeting angle one unit CCW...
<<<15:18:25:701995>>>  Tank #3 Yellow AI Tank is checking targeting info...
<<<15:18:25:701995>>>  Tank #3 Yellow AI Tank Launch angle not within tolerances, adjusting firing solution...
<<<15:18:25:701995>>>  Tank #3 Yellow AI Tank Launch speed not within tolerances, adjusting firing solution...
<<<15:18:25:701995>>>  Tank #3 Yellow AI Tank adjusted targeting angle one unit CW...
<<<15:18:25:718588>>>  Tank #2 Red AI Tank is checking targeting info...
<<<15:18:25:718588>>>  Tank #2 Red AI Tank Launch angle not within tolerances, adjusting firing solution...
<<<15:18:25:718588>>>  Tank #2 Red AI Tank Launch speed not within tolerances, adjusting firing solution...
<<<15:18:25:718588>>>  Tank #2 Red AI Tank adjusted targeting angle one unit CCW...
<<<15:18:25:718588>>>  Tank #3 Yellow AI Tank is checking targeting info...
<<<15:18:25:718588>>>  Tank #3 Yellow AI Tank Launch angle not within tolerances, adjusting firing solution...
<<<15:18:25:718588>>>  Tank #3 Yellow AI Tank Launch speed not within tolerances, adjusting firing solution...
<<<15:18:25:718588>>>  Tank #3 Yellow AI Tank adjusted targeting angle one unit CW...
<<<15:18:25:734424>>>  Tank #2 Red AI Tank is checking targeting info...
<<<15:18:25:734424>>>  Tank #2 Red AI Tank Launch angle not within tolerances, adjusting firing solution...
<<<15:18:25:734424>>>  Tank #2 Red AI Tank Launch speed not within tolerances, adjusting firing solution...
<<<15:18:25:734424>>>  Tank #2 Red AI Tank adjusted targeting angle one unit CCW...
<<<15:18:25:734424>>>  Tank #3 Yellow AI Tank is checking targeting info...
<<<15:18:25:734424>>>  Tank #3 Yellow AI Tank Launch angle not within tolerances, adjusting firing solution...
<<<15:18:25:734424>>>  Tank #3 Yellow AI Tank Launch speed not within tolerances, adjusting firing solution...
<<<15:18:25:734424>>>  Tank #3 Yellow AI Tank adjusted targeting angle one unit CW...
<<<15:18:25:751012>>>  Tank #2 Red AI Tank is checking targeting info...
<<<15:18:25:751012>>>  Tank #2 Red AI Tank Launch angle not within tolerances, adjusting firing solution...
<<<15:18:25:751012>>>  Tank #2 Red AI Tank Launch speed not within tolerances, adjusting firing solution...
<<<15:18:25:751012>>>  Tank #2 Red AI Tank adjusted targeting angle one unit CCW...
<<<15:18:25:751012>>>  Tank #3 Yellow AI Tank is checking targeting info...
<<<15:18:25:751012>>>  Tank #3 Yellow AI Tank Launch angle not within tolerances, adjusting firing solution...
<<<15:18:25:751012>>>  Tank #3 Yellow AI Tank Launch speed not within tolerances, adjusting firing solution...
<<<15:18:25:751012>>>  Tank #3 Yellow AI Tank adjusted targeting angle one unit CW...
<<<15:18:25:767084>>>  Tank #2 Red AI Tank is checking targeting info...
<<<15:18:25:767084>>>  Tank #2 Red AI Tank Launch angle not within tolerances, adjusting firing solution...
<<<15:18:25:767084>>>  Tank #2 Red AI Tank Launch speed not within tolerances, adjusting firing solution...
<<<15:18:25:767084>>>  Tank #2 Red AI Tank adjusted targeting angle one unit CCW...
<<<15:18:25:767084>>>  Tank #3 Yellow AI Tank is checking targeting info...
<<<15:18:25:767084>>>  Tank #3 Yellow AI Tank Launch angle not within tolerances, adjusting firing solution...
<<<15:18:25:767084>>>  Tank #3 Yellow AI Tank Launch speed not within tolerances, adjusting firing solution...
<<<15:18:25:767084>>>  Tank #3 Yellow AI Tank adjusted targeting angle one unit CW...
<<<15:18:25:783566>>>  Tank #2 Red AI Tank is checking targeting info...
<<<15:18:25:783566>>>  Tank #2 Red AI Tank Launch angle not within tolerances, adjusting firing solution...
<<<15:18:25:783566>>>  Tank #2 Red AI Tank Launch speed not within tolerances, adjusting firing solution...
<<<15:18:25:783566>>>  Tank #2 Red AI Tank adjusted targeting angle one unit CCW...
<<<15:18:25:783566>>>  Tank #3 Yellow AI Tank is checking targeting info...
<<<15:18:25:783566>>>  Tank #3 Yellow AI Tank Launch angle not within tolerances, adjusting firing solution...
<<<15:18:25:783566>>>  Tank #3 Yellow AI Tank Launch speed not within tolerances, adjusting firing solution...
<<<15:18:25:783566>>>  Tank #3 Yellow AI Tank adjusted targeting angle one unit CW...
<<<15:18:25:799130>>>  Tank #2 Red AI Tank is checking targeting info...
<<<15:18:25:799130>>>  Tank #2 Red AI Tank Launch angle not within tolerances, adjusting firing solution...
<<<15:18:25:799130>>>  Tank #2 Red AI Tank Launch speed not within tolerances, adjusting firing solution...
<<<15:18:25:799130>>>  Tank #2 Red AI Tank adjusted targeting angle one unit CCW...
<<<15:18:25:799130>>>  Tank #3 Yellow AI Tank is checking targeting info...
<<<15:18:25:799130>>>  Tank #3 Yellow AI Tank Launch angle not within tolerances, adjusting firing solution...
<<<15:18:25:799130>>>  Tank #3 Yellow AI Tank Launch speed not within tolerances, adjusting firing solution...
<<<15:18:25:799130>>>  Tank #3 Yellow AI Tank adjusted targeting angle one unit CW...
<<<15:18:25:815767>>>  Tank #2 Red AI Tank is checking targeting info...
<<<15:18:25:815767>>>  Tank #2 Red AI Tank Launch angle not within tolerances, adjusting firing solution...
<<<15:18:25:815767>>>  Tank #2 Red AI Tank Launch speed not within tolerances, adjusting firing solution...
<<<15:18:25:815767>>>  Tank #2 Red AI Tank adjusted targeting angle one unit CCW...
<<<15:18:25:815767>>>  Tank #3 Yellow AI Tank is checking targeting info...
<<<15:18:25:815767>>>  Tank #3 Yellow AI Tank Launch angle not within tolerances, adjusting firing solution...
<<<15:18:25:815767>>>  Tank #3 Yellow AI Tank Launch speed not within tolerances, adjusting firing solution...
<<<15:18:25:815767>>>  Tank #3 Yellow AI Tank adjusted targeting angle one unit CW...
<<<15:18:25:831100>>>  Tank #2 Red AI Tank is checking targeting info...
<<<15:18:25:831100>>>  Tank #2 Red AI Tank Launch angle not within tolerances, adjusting firing solution...
<<<15:18:25:831100>>>  Tank #2 Red AI Tank Launch speed not within tolerances, adjusting firing solution...
<<<15:18:25:831100>>>  Tank #2 Red AI Tank adjusted targeting angle one unit CCW...
<<<15:18:25:831100>>>  Tank #3 Yellow AI Tank is checking targeting info...
<<<15:18:25:831100>>>  Tank #3 Yellow AI Tank Launch angle not within tolerances, adjusting firing solution...
<<<15:18:25:831100>>>  Tank #3 Yellow AI Tank Launch speed not within tolerances, adjusting firing solution...
<<<15:18:25:831100>>>  Tank #3 Yellow AI Tank adjusted targeting angle one unit CW...
<<<15:18:25:849629>>>  Successfully removed spellready icon from Tank #1 Green Player Tank's effect list!
<<<15:18:25:850638>>>  Tank #2 Red AI Tank is checking targeting info...
<<<15:18:25:850638>>>  Tank #2 Red AI Tank Launch angle not within tolerances, adjusting firing solution...
<<<15:18:25:850638>>>  Tank #2 Red AI Tank Launch speed not within tolerances, adjusting firing solution...
<<<15:18:25:850638>>>  Tank #2 Red AI Tank adjusted targeting angle one unit CCW...
<<<15:18:25:850638>>>  Tank #3 Yellow AI Tank is checking targeting info...
<<<15:18:25:850638>>>  Tank #3 Yellow AI Tank Launch angle not within tolerances, adjusting firing solution...
<<<15:18:25:850638>>>  Tank #3 Yellow AI Tank Launch speed not within tolerances, adjusting firing solution...
<<<15:18:25:850638>>>  Tank #3 Yellow AI Tank adjusted targeting angle one unit CW...
<<<15:18:25:864828>>>  Tank #2 Red AI Tank is checking targeting info...
<<<15:18:25:864828>>>  Tank #2 Red AI Tank Launch angle not within tolerances, adjusting firing solution...
<<<15:18:25:864828>>>  Tank #2 Red AI Tank Launch speed not within tolerances, adjusting firing solution...
<<<15:18:25:864828>>>  Tank #2 Red AI Tank adjusted targeting angle one unit CCW...
<<<15:18:25:864828>>>  Tank #3 Yellow AI Tank is checking targeting info...
<<<15:18:25:864828>>>  Tank #3 Yellow AI Tank Launch angle not within tolerances, adjusting firing solution...
<<<15:18:25:864828>>>  Tank #3 Yellow AI Tank Launch speed not within tolerances, adjusting firing solution...
<<<15:18:25:864828>>>  Tank #3 Yellow AI Tank adjusted targeting angle one unit CW...
<<<15:18:25:880318>>>  Tank #2 Red AI Tank is checking targeting info...
<<<15:18:25:880318>>>  Tank #2 Red AI Tank Launch angle not within tolerances, adjusting firing solution...
<<<15:18:25:880318>>>  Tank #2 Red AI Tank Launch speed not within tolerances, adjusting firing solution...
<<<15:18:25:880318>>>  Tank #2 Red AI Tank adjusted targeting angle one unit CCW...
<<<15:18:25:880318>>>  Tank #3 Yellow AI Tank is checking targeting info...
<<<15:18:25:880318>>>  Tank #3 Yellow AI Tank Launch angle not within tolerances, adjusting firing solution...
<<<15:18:25:880318>>>  Tank #3 Yellow AI Tank Launch speed not within tolerances, adjusting firing solution...
<<<15:18:25:880318>>>  Tank #3 Yellow AI Tank adjusted targeting angle one unit CW...
<<<15:18:25:897015>>>  Tank #2 Red AI Tank is checking targeting info...
<<<15:18:25:897015>>>  Tank #2 Red AI Tank Launch angle not within tolerances, adjusting firing solution...
<<<15:18:25:897015>>>  Tank #2 Red AI Tank Launch speed not within tolerances, adjusting firing solution...
<<<15:18:25:897015>>>  Tank #2 Red AI Tank adjusted targeting angle one unit CCW...
<<<15:18:25:897015>>>  Tank #3 Yellow AI Tank is checking targeting info...
<<<15:18:25:897015>>>  Tank #3 Yellow AI Tank Launch angle not within tolerances, adjusting firing solution...
<<<15:18:25:897015>>>  Tank #3 Yellow AI Tank Launch speed not within tolerances, adjusting firing solution...
<<<15:18:25:897015>>>  Tank #3 Yellow AI Tank adjusted targeting angle one unit CW...
<<<15:18:25:913295>>>  Tank #2 Red AI Tank is checking targeting info...
<<<15:18:25:913295>>>  Tank #2 Red AI Tank Launch angle not within tolerances, adjusting firing solution...
<<<15:18:25:913295>>>  Tank #2 Red AI Tank Launch speed not within tolerances, adjusting firing solution...
<<<15:18:25:913295>>>  Tank #2 Red AI Tank adjusted targeting angle one unit CCW...
<<<15:18:25:913295>>>  Tank #3 Yellow AI Tank is checking targeting info...
<<<15:18:25:913295>>>  Tank #3 Yellow AI Tank Launch angle not within tolerances, adjusting firing solution...
<<<15:18:25:913295>>>  Tank #3 Yellow AI Tank Launch speed not within tolerances, adjusting firing solution...
<<<15:18:25:913295>>>  Tank #3 Yellow AI Tank adjusted targeting angle one unit CW...
<<<15:18:25:929409>>>  Tank #2 Red AI Tank is checking targeting info...
<<<15:18:25:929409>>>  Tank #2 Red AI Tank Launch angle not within tolerances, adjusting firing solution...
<<<15:18:25:929409>>>  Tank #2 Red AI Tank Launch speed not within tolerances, adjusting firing solution...
<<<15:18:25:929409>>>  Tank #2 Red AI Tank adjusted targeting angle one unit CCW...
<<<15:18:25:929409>>>  Tank #3 Yellow AI Tank is checking targeting info...
<<<15:18:25:929409>>>  Tank #3 Yellow AI Tank Launch angle not within tolerances, adjusting firing solution...
<<<15:18:25:929409>>>  Tank #3 Yellow AI Tank Launch speed not within tolerances, adjusting firing solution...
<<<15:18:25:929409>>>  Tank #3 Yellow AI Tank adjusted targeting angle one unit CW...
<<<15:18:25:946074>>>  Tank #2 Red AI Tank is checking targeting info...
<<<15:18:25:946074>>>  Tank #2 Red AI Tank Launch angle not within tolerances, adjusting firing solution...
<<<15:18:25:946074>>>  Tank #2 Red AI Tank Launch speed not within tolerances, adjusting firing solution...
<<<15:18:25:946074>>>  Tank #2 Red AI Tank adjusted targeting angle one unit CCW...
<<<15:18:25:946074>>>  Tank #3 Yellow AI Tank is checking targeting info...
<<<15:18:25:946074>>>  Tank #3 Yellow AI Tank Launch angle not within tolerances, adjusting firing solution...
<<<15:18:25:946074>>>  Tank #3 Yellow AI Tank Launch speed not within tolerances, adjusting firing solution...
<<<15:18:25:946074>>>  Tank #3 Yellow AI Tank adjusted targeting angle one unit CW...
<<<15:18:25:962919>>>  Tank #2 Red AI Tank is checking targeting info...
<<<15:18:25:962919>>>  Tank #2 Red AI Tank Launch angle not within tolerances, adjusting firing solution...
<<<15:18:25:962919>>>  Tank #2 Red AI Tank Launch speed not within tolerances, adjusting firing solution...
<<<15:18:25:962919>>>  Tank #2 Red AI Tank adjusted targeting angle one unit CCW...
<<<15:18:25:962919>>>  Tank #3 Yellow AI Tank is checking targeting info...
<<<15:18:25:962919>>>  Tank #3 Yellow AI Tank Launch angle not within tolerances, adjusting firing solution...
<<<15:18:25:962919>>>  Tank #3 Yellow AI Tank Launch speed not within tolerances, adjusting firing solution...
<<<15:18:25:962919>>>  Tank #3 Yellow AI Tank adjusted targeting angle one unit CW...
<<<15:18:25:980473>>>  Tank #2 Red AI Tank is checking targeting info...
<<<15:18:25:980473>>>  Tank #2 Red AI Tank Launch angle not within tolerances, adjusting firing solution...
<<<15:18:25:980473>>>  Tank #2 Red AI Tank Launch speed not within tolerances, adjusting firing solution...
<<<15:18:25:980473>>>  Tank #2 Red AI Tank adjusted targeting angle one unit CCW...
<<<15:18:25:980473>>>  Tank #3 Yellow AI Tank is checking targeting info...
<<<15:18:25:980473>>>  Tank #3 Yellow AI Tank Launch angle not within tolerances, adjusting firing solution...
<<<15:18:25:980473>>>  Tank #3 Yellow AI Tank Launch speed not within tolerances, adjusting firing solution...
<<<15:18:25:980473>>>  Tank #3 Yellow AI Tank adjusted targeting angle one unit CW...
<<<15:18:25:997100>>>  Tank #2 Red AI Tank is checking targeting info...
<<<15:18:25:997100>>>  Tank #2 Red AI Tank Launch angle not within tolerances, adjusting firing solution...
<<<15:18:25:997100>>>  Tank #2 Red AI Tank Launch speed not within tolerances, adjusting firing solution...
<<<15:18:25:997100>>>  Tank #2 Red AI Tank adjusted targeting angle one unit CCW...
<<<15:18:25:997100>>>  Tank #3 Yellow AI Tank is checking targeting info...
<<<15:18:25:997100>>>  Tank #3 Yellow AI Tank Launch angle not within tolerances, adjusting firing solution...
<<<15:18:25:997100>>>  Tank #3 Yellow AI Tank Launch speed not within tolerances, adjusting firing solution...
<<<15:18:25:997100>>>  Tank #3 Yellow AI Tank adjusted targeting angle one unit CW...
<<<15:18:26:013837>>>  Tank #2 Red AI Tank is checking targeting info...
<<<15:18:26:013837>>>  Tank #2 Red AI Tank Launch angle not within tolerances, adjusting firing solution...
<<<15:18:26:013837>>>  Tank #2 Red AI Tank Launch speed not within tolerances, adjusting firing solution...
<<<15:18:26:013837>>>  Tank #2 Red AI Tank adjusted targeting angle one unit CCW...
<<<15:18:26:013837>>>  Tank #3 Yellow AI Tank is checking targeting info...
<<<15:18:26:013837>>>  Tank #3 Yellow AI Tank Launch angle not within tolerances, adjusting firing solution...
<<<15:18:26:013837>>>  Tank #3 Yellow AI Tank Launch speed not within tolerances, adjusting firing solution...
<<<15:18:26:013837>>>  Tank #3 Yellow AI Tank adjusted targeting angle one unit CW...
<<<15:18:26:029290>>>  Tank #2 Red AI Tank is checking targeting info...
<<<15:18:26:029290>>>  Tank #2 Red AI Tank Launch angle not within tolerances, adjusting firing solution...
<<<15:18:26:029290>>>  Tank #2 Red AI Tank Launch speed not within tolerances, adjusting firing solution...
<<<15:18:26:029290>>>  Tank #2 Red AI Tank adjusted targeting angle one unit CCW...
<<<15:18:26:029290>>>  Tank #3 Yellow AI Tank is checking targeting info...
<<<15:18:26:029290>>>  Tank #3 Yellow AI Tank Launch angle not within tolerances, adjusting firing solution...
<<<15:18:26:029290>>>  Tank #3 Yellow AI Tank Launch speed not within tolerances, adjusting firing solution...
<<<15:18:26:029290>>>  Tank #3 Yellow AI Tank adjusted targeting angle one unit CW...
<<<15:18:26:045488>>>  Tank #2 Red AI Tank is checking targeting info...
<<<15:18:26:045488>>>  Tank #2 Red AI Tank Launch angle not within tolerances, adjusting firing solution...
<<<15:18:26:045488>>>  Tank #2 Red AI Tank Launch speed not within tolerances, adjusting firing solution...
<<<15:18:26:045488>>>  Tank #2 Red AI Tank adjusted targeting angle one unit CCW...
<<<15:18:26:045488>>>  Tank #3 Yellow AI Tank is checking targeting info...
<<<15:18:26:045488>>>  Tank #3 Yellow AI Tank Launch angle not within tolerances, adjusting firing solution...
<<<15:18:26:045488>>>  Tank #3 Yellow AI Tank Launch speed not within tolerances, adjusting firing solution...
<<<15:18:26:045488>>>  Tank #3 Yellow AI Tank adjusted targeting angle one unit CW...
<<<15:18:26:061631>>>  Tank #2 Red AI Tank is checking targeting info...
<<<15:18:26:061631>>>  Tank #2 Red AI Tank Launch angle not within tolerances, adjusting firing solution...
<<<15:18:26:061631>>>  Tank #2 Red AI Tank Launch speed not within tolerances, adjusting firing solution...
<<<15:18:26:061631>>>  Tank #2 Red AI Tank adjusted targeting angle one unit CCW...
<<<15:18:26:061631>>>  Tank #3 Yellow AI Tank is checking targeting info...
<<<15:18:26:061631>>>  Tank #3 Yellow AI Tank Launch angle not within tolerances, adjusting firing solution...
<<<15:18:26:061631>>>  Tank #3 Yellow AI Tank Launch speed not within tolerances, adjusting firing solution...
<<<15:18:26:061631>>>  Tank #3 Yellow AI Tank adjusted targeting angle one unit CW...
<<<15:18:26:078535>>>  Tank #2 Red AI Tank is checking targeting info...
<<<15:18:26:078535>>>  Tank #2 Red AI Tank Launch angle not within tolerances, adjusting firing solution...
<<<15:18:26:078535>>>  Tank #2 Red AI Tank Launch speed not within tolerances, adjusting firing solution...
<<<15:18:26:078535>>>  Tank #2 Red AI Tank adjusted targeting angle one unit CCW...
<<<15:18:26:078535>>>  Tank #3 Yellow AI Tank is checking targeting info...
<<<15:18:26:078535>>>  Tank #3 Yellow AI Tank Launch angle not within tolerances, adjusting firing solution...
<<<15:18:26:078535>>>  Tank #3 Yellow AI Tank Launch speed not within tolerances, adjusting firing solution...
<<<15:18:26:078535>>>  Tank #3 Yellow AI Tank adjusted targeting angle one unit CW...
<<<15:18:26:094960>>>  Tank #2 Red AI Tank is checking targeting info...
<<<15:18:26:094960>>>  Tank #2 Red AI Tank Launch angle not within tolerances, adjusting firing solution...
<<<15:18:26:094960>>>  Tank #2 Red AI Tank Launch speed not within tolerances, adjusting firing solution...
<<<15:18:26:094960>>>  Tank #2 Red AI Tank adjusted targeting angle one unit CCW...
<<<15:18:26:094960>>>  Tank #3 Yellow AI Tank is checking targeting info...
<<<15:18:26:094960>>>  Tank #3 Yellow AI Tank Launch angle not within tolerances, adjusting firing solution...
<<<15:18:26:094960>>>  Tank #3 Yellow AI Tank Launch speed not within tolerances, adjusting firing solution...
<<<15:18:26:094960>>>  Tank #3 Yellow AI Tank adjusted targeting angle one unit CW...
<<<15:18:26:112074>>>  Tank #2 Red AI Tank is checking targeting info...
<<<15:18:26:112074>>>  Tank #2 Red AI Tank Launch angle not within tolerances, adjusting firing solution...
<<<15:18:26:112074>>>  Tank #2 Red AI Tank Launch speed not within tolerances, adjusting firing solution...
<<<15:18:26:112074>>>  Tank #2 Red AI Tank adjusted targeting angle one unit CCW...
<<<15:18:26:112074>>>  Tank #3 Yellow AI Tank is checking targeting info...
<<<15:18:26:112074>>>  Tank #3 Yellow AI Tank Launch angle not within tolerances, adjusting firing solution...
<<<15:18:26:112074>>>  Tank #3 Yellow AI Tank Launch speed not within tolerances, adjusting firing solution...
<<<15:18:26:112074>>>  Tank #3 Yellow AI Tank adjusted targeting angle one unit CW...
<<<15:18:26:128813>>>  Tank #2 Red AI Tank is checking targeting info...
<<<15:18:26:128813>>>  Tank #2 Red AI Tank Launch angle not within tolerances, adjusting firing solution...
<<<15:18:26:128813>>>  Tank #2 Red AI Tank Launch speed not within tolerances, adjusting firing solution...
<<<15:18:26:128813>>>  Tank #2 Red AI Tank adjusted targeting angle one unit CCW...
<<<15:18:26:128813>>>  Tank #3 Yellow AI Tank is checking targeting info...
<<<15:18:26:128813>>>  Tank #3 Yellow AI Tank Launch angle not within tolerances, adjusting firing solution...
<<<15:18:26:128813>>>  Tank #3 Yellow AI Tank Launch speed not within tolerances, adjusting firing solution...
<<<15:18:26:128813>>>  Tank #3 Yellow AI Tank adjusted targeting angle one unit CW...
<<<15:18:26:144214>>>  Tank #2 Red AI Tank is checking targeting info...
<<<15:18:26:144214>>>  Tank #2 Red AI Tank Launch angle not within tolerances, adjusting firing solution...
<<<15:18:26:144214>>>  Tank #2 Red AI Tank Launch speed not within tolerances, adjusting firing solution...
<<<15:18:26:144214>>>  Tank #2 Red AI Tank adjusted targeting angle one unit CCW...
<<<15:18:26:144214>>>  Tank #3 Yellow AI Tank is checking targeting info...
<<<15:18:26:144214>>>  Tank #3 Yellow AI Tank Launch angle not within tolerances, adjusting firing solution...
<<<15:18:26:144214>>>  Tank #3 Yellow AI Tank Launch speed not within tolerances, adjusting firing solution...
<<<15:18:26:144214>>>  Tank #3 Yellow AI Tank adjusted targeting angle one unit CW...
<<<15:18:26:160920>>>  Tank #2 Red AI Tank is checking targeting info...
<<<15:18:26:160920>>>  Tank #2 Red AI Tank Launch angle not within tolerances, adjusting firing solution...
<<<15:18:26:160920>>>  Tank #2 Red AI Tank Launch speed not within tolerances, adjusting firing solution...
<<<15:18:26:160920>>>  Tank #2 Red AI Tank adjusted targeting angle one unit CCW...
<<<15:18:26:160920>>>  Tank #3 Yellow AI Tank is checking targeting info...
<<<15:18:26:160920>>>  Tank #3 Yellow AI Tank Launch angle not within tolerances, adjusting firing solution...
<<<15:18:26:160920>>>  Tank #3 Yellow AI Tank Launch speed not within tolerances, adjusting firing solution...
<<<15:18:26:160920>>>  Tank #3 Yellow AI Tank adjusted targeting angle one unit CW...
<<<15:18:26:177358>>>  Tank #2 Red AI Tank is checking targeting info...
<<<15:18:26:177358>>>  Tank #2 Red AI Tank Launch angle not within tolerances, adjusting firing solution...
<<<15:18:26:177358>>>  Tank #2 Red AI Tank Launch speed not within tolerances, adjusting firing solution...
<<<15:18:26:177358>>>  Tank #2 Red AI Tank adjusted targeting angle one unit CCW...
<<<15:18:26:177358>>>  Tank #3 Yellow AI Tank is checking targeting info...
<<<15:18:26:177358>>>  Tank #3 Yellow AI Tank Launch angle not within tolerances, adjusting firing solution...
<<<15:18:26:177358>>>  Tank #3 Yellow AI Tank Launch speed not within tolerances, adjusting firing solution...
<<<15:18:26:177358>>>  Tank #3 Yellow AI Tank adjusted targeting angle one unit CW...
<<<15:18:26:193086>>>  Tank #2 Red AI Tank is checking targeting info...
<<<15:18:26:193086>>>  Tank #2 Red AI Tank Launch angle not within tolerances, adjusting firing solution...
<<<15:18:26:193086>>>  Tank #2 Red AI Tank Launch speed not within tolerances, adjusting firing solution...
<<<15:18:26:193086>>>  Tank #2 Red AI Tank adjusted targeting angle one unit CCW...
<<<15:18:26:193086>>>  Tank #3 Yellow AI Tank is checking targeting info...
<<<15:18:26:193086>>>  Tank #3 Yellow AI Tank Launch angle not within tolerances, adjusting firing solution...
<<<15:18:26:193086>>>  Tank #3 Yellow AI Tank Launch speed not within tolerances, adjusting firing solution...
<<<15:18:26:193086>>>  Tank #3 Yellow AI Tank adjusted targeting angle one unit CW...
<<<15:18:26:209764>>>  Tank #2 Red AI Tank is checking targeting info...
<<<15:18:26:209764>>>  Tank #2 Red AI Tank Launch angle not within tolerances, adjusting firing solution...
<<<15:18:26:209764>>>  Tank #2 Red AI Tank Launch speed not within tolerances, adjusting firing solution...
<<<15:18:26:209764>>>  Tank #2 Red AI Tank adjusted targeting angle one unit CCW...
<<<15:18:26:209764>>>  Tank #3 Yellow AI Tank is checking targeting info...
<<<15:18:26:209764>>>  Tank #3 Yellow AI Tank Launch angle not within tolerances, adjusting firing solution...
<<<15:18:26:209764>>>  Tank #3 Yellow AI Tank Launch speed not within tolerances, adjusting firing solution...
<<<15:18:26:209764>>>  Tank #3 Yellow AI Tank adjusted targeting angle one unit CW...
<<<15:18:26:225272>>>  Tank #2 Red AI Tank is checking targeting info...
<<<15:18:26:225272>>>  Tank #2 Red AI Tank Launch angle not within tolerances, adjusting firing solution...
<<<15:18:26:225272>>>  Tank #2 Red AI Tank Launch speed not within tolerances, adjusting firing solution...
<<<15:18:26:225272>>>  Tank #2 Red AI Tank adjusted targeting angle one unit CCW...
<<<15:18:26:225272>>>  Tank #3 Yellow AI Tank is checking targeting info...
<<<15:18:26:225272>>>  Tank #3 Yellow AI Tank Launch angle not within tolerances, adjusting firing solution...
<<<15:18:26:225272>>>  Tank #3 Yellow AI Tank Launch speed not within tolerances, adjusting firing solution...
<<<15:18:26:225272>>>  Tank #3 Yellow AI Tank adjusted targeting angle one unit CW...
<<<15:18:26:241786>>>  Tank #2 Red AI Tank is checking targeting info...
<<<15:18:26:241786>>>  Tank #2 Red AI Tank Launch angle not within tolerances, adjusting firing solution...
<<<15:18:26:241786>>>  Tank #2 Red AI Tank Launch speed not within tolerances, adjusting firing solution...
<<<15:18:26:241786>>>  Tank #2 Red AI Tank adjusted targeting angle one unit CCW...
<<<15:18:26:241786>>>  Tank #3 Yellow AI Tank is checking targeting info...
<<<15:18:26:241786>>>  Tank #3 Yellow AI Tank Launch angle not within tolerances, adjusting firing solution...
<<<15:18:26:241786>>>  Tank #3 Yellow AI Tank Launch speed not within tolerances, adjusting firing solution...
<<<15:18:26:241786>>>  Tank #3 Yellow AI Tank adjusted targeting angle one unit CW...
<<<15:18:26:258579>>>  Tank #2 Red AI Tank is checking targeting info...
<<<15:18:26:258579>>>  Tank #2 Red AI Tank Launch angle not within tolerances, adjusting firing solution...
<<<15:18:26:258579>>>  Tank #2 Red AI Tank Launch speed not within tolerances, adjusting firing solution...
<<<15:18:26:258579>>>  Tank #2 Red AI Tank adjusted targeting angle one unit CCW...
<<<15:18:26:258579>>>  Tank #3 Yellow AI Tank is checking targeting info...
<<<15:18:26:258579>>>  Tank #3 Yellow AI Tank Launch angle not within tolerances, adjusting firing solution...
<<<15:18:26:258579>>>  Tank #3 Yellow AI Tank Launch speed not within tolerances, adjusting firing solution...
<<<15:18:26:258579>>>  Tank #3 Yellow AI Tank adjusted targeting angle one unit CW...
<<<15:18:26:274244>>>  Tank #2 Red AI Tank is checking targeting info...
<<<15:18:26:275324>>>  Tank #2 Red AI Tank Launch angle not within tolerances, adjusting firing solution...
<<<15:18:26:275324>>>  Tank #2 Red AI Tank Launch speed not within tolerances, adjusting firing solution...
<<<15:18:26:275324>>>  Tank #2 Red AI Tank adjusted targeting angle one unit CCW...
<<<15:18:26:275324>>>  Tank #3 Yellow AI Tank is checking targeting info...
<<<15:18:26:275324>>>  Tank #3 Yellow AI Tank increased launch speed one unit...
<<<15:18:26:291736>>>  Tank #2 Red AI Tank is checking targeting info...
<<<15:18:26:291736>>>  Tank #2 Red AI Tank Launch angle not within tolerances, adjusting firing solution...
<<<15:18:26:291736>>>  Tank #2 Red AI Tank Launch speed not within tolerances, adjusting firing solution...
<<<15:18:26:291736>>>  Tank #2 Red AI Tank adjusted targeting angle one unit CCW...
<<<15:18:26:291736>>>  Tank #3 Yellow AI Tank is checking targeting info...
<<<15:18:26:291736>>>  Tank #3 Yellow AI Tank increased launch speed one unit...
<<<15:18:26:308382>>>  Tank #2 Red AI Tank is checking targeting info...
<<<15:18:26:308382>>>  Tank #2 Red AI Tank increased launch speed one unit...
<<<15:18:26:308382>>>  Tank #3 Yellow AI Tank is checking targeting info...
<<<15:18:26:308382>>>  Tank #3 Yellow AI Tank increased launch speed one unit...
<<<15:18:26:324483>>>  Tank #2 Red AI Tank is checking targeting info...
<<<15:18:26:324483>>>  Tank #2 Red AI Tank increased launch speed one unit...
<<<15:18:26:324483>>>  Tank #3 Yellow AI Tank is checking targeting info...
<<<15:18:26:324483>>>  Tank #3 Yellow AI Tank increased launch speed one unit...
<<<15:18:26:340044>>>  Tank #2 Red AI Tank is checking targeting info...
<<<15:18:26:340044>>>  Tank #2 Red AI Tank increased launch speed one unit...
<<<15:18:26:340044>>>  Tank #3 Yellow AI Tank is checking targeting info...
<<<15:18:26:340044>>>  Tank #3 Yellow AI Tank increased launch speed one unit...
<<<15:18:26:356193>>>  Tank #2 Red AI Tank is checking targeting info...
<<<15:18:26:356193>>>  Tank #2 Red AI Tank increased launch speed one unit...
<<<15:18:26:356193>>>  Tank #3 Yellow AI Tank is checking targeting info...
<<<15:18:26:356193>>>  Tank #3 Yellow AI Tank increased launch speed one unit...
<<<15:18:26:373122>>>  Tank #2 Red AI Tank is checking targeting info...
<<<15:18:26:373122>>>  Tank #2 Red AI Tank increased launch speed one unit...
<<<15:18:26:373122>>>  Tank #3 Yellow AI Tank is checking targeting info...
<<<15:18:26:373122>>>  Tank #3 Yellow AI Tank increased launch speed one unit...
<<<15:18:26:390547>>>  Tank #2 Red AI Tank is checking targeting info...
<<<15:18:26:390547>>>  Tank #2 Red AI Tank increased launch speed one unit...
<<<15:18:26:390547>>>  Tank #3 Yellow AI Tank is checking targeting info...
<<<15:18:26:390547>>>  Tank #3 Yellow AI Tank increased launch speed one unit...
<<<15:18:26:406418>>>  Tank #2 Red AI Tank is checking targeting info...
<<<15:18:26:406418>>>  Tank #2 Red AI Tank increased launch speed one unit...
<<<15:18:26:406418>>>  Tank #3 Yellow AI Tank is checking targeting info...
<<<15:18:26:406418>>>  Tank #3 Yellow AI Tank increased launch speed one unit...
<<<15:18:26:422878>>>  Tank #2 Red AI Tank is checking targeting info...
<<<15:18:26:422878>>>  Tank #2 Red AI Tank increased launch speed one unit...
<<<15:18:26:422878>>>  Tank #3 Yellow AI Tank is checking targeting info...
<<<15:18:26:422878>>>  Tank #3 Yellow AI Tank increased launch speed one unit...
<<<15:18:26:439352>>>  Tank #2 Red AI Tank is checking targeting info...
<<<15:18:26:439352>>>  Tank #2 Red AI Tank increased launch speed one unit...
<<<15:18:26:439352>>>  Tank #3 Yellow AI Tank is checking targeting info...
<<<15:18:26:439352>>>  Tank #3 Yellow AI Tank increased launch speed one unit...
<<<15:18:26:455832>>>  Tank #2 Red AI Tank is checking targeting info...
<<<15:18:26:455832>>>  Tank #2 Red AI Tank increased launch speed one unit...
<<<15:18:26:455832>>>  Tank #3 Yellow AI Tank is checking targeting info...
<<<15:18:26:455832>>>  Tank #3 Yellow AI Tank increased launch speed one unit...
<<<15:18:26:471147>>>  Tank #2 Red AI Tank is checking targeting info...
<<<15:18:26:471147>>>  Tank #2 Red AI Tank increased launch speed one unit...
<<<15:18:26:471147>>>  Tank #3 Yellow AI Tank is checking targeting info...
<<<15:18:26:471147>>>  Tank #3 Yellow AI Tank increased launch speed one unit...
<<<15:18:26:487211>>>  Tank #2 Red AI Tank is checking targeting info...
<<<15:18:26:487211>>>  Tank #2 Red AI Tank increased launch speed one unit...
<<<15:18:26:487211>>>  Tank #3 Yellow AI Tank is checking targeting info...
<<<15:18:26:487211>>>  Tank #3 Yellow AI Tank increased launch speed one unit...
<<<15:18:26:503638>>>  Tank #2 Red AI Tank is checking targeting info...
<<<15:18:26:503638>>>  Tank #2 Red AI Tank increased launch speed one unit...
<<<15:18:26:503638>>>  Tank #3 Yellow AI Tank is checking targeting info...
<<<15:18:26:503638>>>  Tank #3 Yellow AI Tank increased launch speed one unit...
<<<15:18:26:520499>>>  Tank #2 Red AI Tank is checking targeting info...
<<<15:18:26:520499>>>  Tank #2 Red AI Tank increased launch speed one unit...
<<<15:18:26:520499>>>  Tank #3 Yellow AI Tank is checking targeting info...
<<<15:18:26:520499>>>  Tank #3 Yellow AI Tank increased launch speed one unit...
<<<15:18:26:536478>>>  Tank #2 Red AI Tank is checking targeting info...
<<<15:18:26:536478>>>  Tank #2 Red AI Tank increased launch speed one unit...
<<<15:18:26:536478>>>  Tank #3 Yellow AI Tank is checking targeting info...
<<<15:18:26:536478>>>  Tank #3 Yellow AI Tank increased launch speed one unit...
<<<15:18:26:553045>>>  Tank #2 Red AI Tank is checking targeting info...
<<<15:18:26:553045>>>  Tank #2 Red AI Tank increased launch speed one unit...
<<<15:18:26:553045>>>  Tank #3 Yellow AI Tank is checking targeting info...
<<<15:18:26:553045>>>  Tank #3 Yellow AI Tank increased launch speed one unit...
<<<15:18:26:569072>>>  Tank #2 Red AI Tank is checking targeting info...
<<<15:18:26:569072>>>  Tank #2 Red AI Tank increased launch speed one unit...
<<<15:18:26:569072>>>  Tank #3 Yellow AI Tank is checking targeting info...
<<<15:18:26:569072>>>  Tank #3 Yellow AI Tank increased launch speed one unit...
<<<15:18:26:585353>>>  Tank #2 Red AI Tank is checking targeting info...
<<<15:18:26:585353>>>  Tank #2 Red AI Tank increased launch speed one unit...
<<<15:18:26:585353>>>  Tank #3 Yellow AI Tank is checking targeting info...
<<<15:18:26:585353>>>  Tank #3 Yellow AI Tank increased launch speed one unit...
<<<15:18:26:601713>>>  Tank #2 Red AI Tank is checking targeting info...
<<<15:18:26:601713>>>  Tank #2 Red AI Tank increased launch speed one unit...
<<<15:18:26:601713>>>  Tank #3 Yellow AI Tank is checking targeting info...
<<<15:18:26:601713>>>  Tank #3 Yellow AI Tank increased launch speed one unit...
<<<15:18:26:618603>>>  Tank #2 Red AI Tank is checking targeting info...
<<<15:18:26:618603>>>  Tank #2 Red AI Tank increased launch speed one unit...
<<<15:18:26:618603>>>  Tank #3 Yellow AI Tank is checking targeting info...
<<<15:18:26:618603>>>  Tank #3 Yellow AI Tank increased launch speed one unit...
<<<15:18:26:635096>>>  Tank #2 Red AI Tank is checking targeting info...
<<<15:18:26:635096>>>  Tank #2 Red AI Tank increased launch speed one unit...
<<<15:18:26:635096>>>  Tank #3 Yellow AI Tank is checking targeting info...
<<<15:18:26:635096>>>  Tank #3 Yellow AI Tank increased launch speed one unit...
<<<15:18:26:651554>>>  Tank #2 Red AI Tank is checking targeting info...
<<<15:18:26:651554>>>  Tank #2 Red AI Tank increased launch speed one unit...
<<<15:18:26:651554>>>  Tank #3 Yellow AI Tank is checking targeting info...
<<<15:18:26:651554>>>  Tank #3 Yellow AI Tank increased launch speed one unit...
<<<15:18:26:668459>>>  Tank #2 Red AI Tank is checking targeting info...
<<<15:18:26:668459>>>  Tank #2 Red AI Tank increased launch speed one unit...
<<<15:18:26:668459>>>  Tank #3 Yellow AI Tank is checking targeting info...
<<<15:18:26:668459>>>  Tank #3 Yellow AI Tank increased launch speed one unit...
<<<15:18:26:684747>>>  Tank #2 Red AI Tank is checking targeting info...
<<<15:18:26:684747>>>  Tank #2 Red AI Tank increased launch speed one unit...
<<<15:18:26:684747>>>  Tank #3 Yellow AI Tank is checking targeting info...
<<<15:18:26:684747>>>  Tank #3 Yellow AI Tank increased launch speed one unit...
<<<15:18:26:700722>>>  Tank #2 Red AI Tank is checking targeting info...
<<<15:18:26:700722>>>  Tank #2 Red AI Tank increased launch speed one unit...
<<<15:18:26:700722>>>  Tank #3 Yellow AI Tank is checking targeting info...
<<<15:18:26:700722>>>  Tank #3 Yellow AI Tank increased launch speed one unit...
<<<15:18:26:716260>>>  Tank #2 Red AI Tank is checking targeting info...
<<<15:18:26:716260>>>  Tank #2 Red AI Tank increased launch speed one unit...
<<<15:18:26:716260>>>  Tank #3 Yellow AI Tank is checking targeting info...
<<<15:18:26:716260>>>  Tank #3 Yellow AI Tank increased launch speed one unit...
<<<15:18:26:732439>>>  Tank #2 Red AI Tank is checking targeting info...
<<<15:18:26:732439>>>  Tank #2 Red AI Tank increased launch speed one unit...
<<<15:18:26:732439>>>  Tank #3 Yellow AI Tank is checking targeting info...
<<<15:18:26:732439>>>  Tank #3 Yellow AI Tank increased launch speed one unit...
<<<15:18:26:748984>>>  Tank #2 Red AI Tank is checking targeting info...
<<<15:18:26:748984>>>  Tank #2 Red AI Tank increased launch speed one unit...
<<<15:18:26:748984>>>  Tank #3 Yellow AI Tank is checking targeting info...
<<<15:18:26:748984>>>  Tank #3 Yellow AI Tank increased launch speed one unit...
<<<15:18:26:765511>>>  Tank #2 Red AI Tank is checking targeting info...
<<<15:18:26:765511>>>  Tank #2 Red AI Tank increased launch speed one unit...
<<<15:18:26:765511>>>  Tank #3 Yellow AI Tank is checking targeting info...
<<<15:18:26:765511>>>  Tank #3 Yellow AI Tank increased launch speed one unit...
<<<15:18:26:781140>>>  Tank #2 Red AI Tank is checking targeting info...
<<<15:18:26:781140>>>  Tank #2 Red AI Tank increased launch speed one unit...
<<<15:18:26:781140>>>  Tank #3 Yellow AI Tank is checking targeting info...
<<<15:18:26:781140>>>  Tank #3 Yellow AI Tank increased launch speed one unit...
<<<15:18:26:797261>>>  Tank #2 Red AI Tank is checking targeting info...
<<<15:18:26:797261>>>  Tank #2 Red AI Tank increased launch speed one unit...
<<<15:18:26:797261>>>  Tank #3 Yellow AI Tank is checking targeting info...
<<<15:18:26:797261>>>  Tank #3 Yellow AI Tank increased launch speed one unit...
<<<15:18:26:813113>>>  Tank #2 Red AI Tank is checking targeting info...
<<<15:18:26:813113>>>  Tank #2 Red AI Tank increased launch speed one unit...
<<<15:18:26:813113>>>  Tank #3 Yellow AI Tank is checking targeting info...
<<<15:18:26:813113>>>  Tank #3 Yellow AI Tank increased launch speed one unit...
<<<15:18:26:829157>>>  Tank #2 Red AI Tank is checking targeting info...
<<<15:18:26:829157>>>  Tank #2 Red AI Tank increased launch speed one unit...
<<<15:18:26:829157>>>  Tank #3 Yellow AI Tank is checking targeting info...
<<<15:18:26:829157>>>  Tank #3 Yellow AI Tank increased launch speed one unit...
<<<15:18:26:845738>>>  Tank #2 Red AI Tank is checking targeting info...
<<<15:18:26:845738>>>  Tank #2 Red AI Tank increased launch speed one unit...
<<<15:18:26:845738>>>  Tank #3 Yellow AI Tank is checking targeting info...
<<<15:18:26:845738>>>  Tank #3 Yellow AI Tank increased launch speed one unit...
<<<15:18:26:861897>>>  Tank #2 Red AI Tank is checking targeting info...
<<<15:18:26:861897>>>  Tank #2 Red AI Tank increased launch speed one unit...
<<<15:18:26:861897>>>  Tank #3 Yellow AI Tank is checking targeting info...
<<<15:18:26:861897>>>  Tank #3 Yellow AI Tank increased launch speed one unit...
<<<15:18:26:878521>>>  Tank #2 Red AI Tank is checking targeting info...
<<<15:18:26:878521>>>  Tank #2 Red AI Tank increased launch speed one unit...
<<<15:18:26:878521>>>  Tank #3 Yellow AI Tank is checking targeting info...
<<<15:18:26:878521>>>  Tank #3 Yellow AI Tank increased launch speed one unit...
<<<15:18:26:894244>>>  Tank #2 Red AI Tank is checking targeting info...
<<<15:18:26:894244>>>  Tank #2 Red AI Tank increased launch speed one unit...
<<<15:18:26:894244>>>  Tank #3 Yellow AI Tank is checking targeting info...
<<<15:18:26:894244>>>  Tank #3 Yellow AI Tank firing solution within tolerances, not adjusting firing solution...
<<<15:18:26:894244>>>  Tank #3 Yellow AI Tank attempting to fire cannonball...
<<<15:18:26:910261>>>  Tank #2 Red AI Tank is checking targeting info...
<<<15:18:26:910261>>>  Tank #2 Red AI Tank increased launch speed one unit...
<<<15:18:26:910261>>>  Successfully removed spellready icon from Tank #3 Yellow AI Tank's effect list!
<<<15:18:27:218564>>>  Successfully removed spellbook from Tank #1 Green Player Tank's effect list!
<<<15:18:27:218564>>>  Successfully removed spellready icon from Tank #1 Green Player Tank's effect list!
<<<15:18:27:218564>>>  Deleting effect pixie portal-closing...
<<<15:18:27:906070>>>
* INFORMATION FOR Tank #1 Green Player Tank's CANNONBALLS:
* Cannonballs in memory for Tank #1 Green Player Tank:  0.
* Total cannonballs fired or chambered for Tank #1 Green Player Tank:  0.
<<<15:18:27:906070>>>
* INFORMATION FOR Tank #2 Red AI Tank's CANNONBALLS:
* Cannonballs in memory for Tank #2 Red AI Tank:  1.
* Total cannonballs fired or chambered for Tank #2 Red AI Tank:  1.
<<<15:18:27:906070>>>
* CURRENT VALUES FOR CELESTIAL BODY:  Tank #2 Red AI Tank's Cannonball #1
* This is not the homeworld.
* The celestial boyd's density is 5515 kg/m^3.
* The celestial body's mass is 1000 kg.
* The Earth's mass is 5.972e+24 kg.
* The celestial body's radius is 0.001 km.
* The celestial body's coordinates are (-5516.775370845005, -3152.5767253060467).
* The celestial body's velocity is (-4.844517837427798, -2.7977570890109567).
* The celestial body's speed is 5.59435410090094 km/s.
* The celestial body's acceleration is (0, 0).
* The celestial body's screen x and y coordinates are (722, 494).
* The celestial body's screen radius is 2.
* The celestial is using a body circle.
<<<15:18:27:906070>>>
* ADDITIONAL INFORMATION FOR Tank #2 Red AI Tank's Cannonball #1:
* This cannonball is chambered.
<<<15:18:27:906070>>>
* INFORMATION FOR Tank #3 Yellow AI Tank's CANNONBALLS:
* Cannonballs in memory for Tank #3 Yellow AI Tank:  1.
* Total cannonballs fired or chambered for Tank #3 Yellow AI Tank:  1.
<<<15:18:27:906070>>>
* CURRENT VALUES FOR CELESTIAL BODY:  Tank #3 Yellow AI Tank's Cannonball #1
* This is not the homeworld.
* The celestial boyd's density is 5515 kg/m^3.
* The celestial body's mass is 1000 kg.
* The Earth's mass is 5.972e+24 kg.
* The celestial body's radius is 0.001 km.
* The celestial body's coordinates are (6020.376403079887, -8247.215548718123).
* The celestial body's velocity is (-0.27997212812898997, -7.129417573160774).
* The celestial body's speed is 7.134912706194991 km/s.
* The celestial body's acceleration is (-0.0024640899207776837, 0.00274484198943792).
* The celestial body's screen x and y coordinates are (885, 566).
* The celestial body's screen radius is 10.
* The celestial is using a pix found at False.
<<<15:18:27:906070>>>
* ADDITIONAL INFORMATION FOR Tank #3 Yellow AI Tank's Cannonball #1:
* This cannonball is active.
* This ball is armed.
<<<15:18:27:906070>>>  Quit through pygame and writing log file...
