<<<15:19:50:030802>>>
* Screen coordinates (266, 65) choosen in zone #1.
* Screen dimensions are 1600 wide by 900 high.
* Minimum (x, y) are (0, 0).
* Maximum (x, y) are (266, 150).
* Mid (x, y) are (133, 75).
<<<15:19:50:030802>>>  Image at Pix\Faraway_Objects\Galaxies\4.png choosen for background...
<<<15:19:50:031953>>>
* Screen coordinates (1496, 610) choosen in zone #4.
* Screen dimensions are 1600 wide by 900 high.
* Minimum (x, y) are (1333, 150).
* Maximum (x, y) are (1600, 750).
* Mid (x, y) are (1466, 450).
<<<15:19:50:031953>>>  Image at Pix\Faraway_Objects\Galaxies\1.png choosen for background...
<<<15:19:50:031953>>>
* Screen coordinates (1388, 806) choosen in zone #5.
* Screen dimensions are 1600 wide by 900 high.
* Minimum (x, y) are (1333, 750).
* Maximum (x, y) are (1600, 900).
* Mid (x, y) are (1466, 825).
<<<15:19:50:031953>>>  Image at Pix\Faraway_Objects\Quasars\3.png choosen for background...
<<<15:19:50:034953>>>  Pix\Homeworlds\Terran\14.png loaded as pixie for Earth...
<<<15:19:50:034953>>>  Image at Pix\Homeworlds\Terran\14.png chosen as homeworld pix for Earth's...
<<<15:19:50:035950>>>  Pix\Moons\5.png loaded as pixie for Moon #2...
<<<15:19:50:078442>>>  Pix\Snails\Green_Snail\Spells\Spellready_Icon\spellready.png returned as pixie for Tank #1 Green Player Tank...
<<<15:19:50:078442>>>  Tank #1 Green Player Tank successfully created!
<<<15:19:50:123580>>>  Pix\Snails\Red_Snail\Spells\Spellready_Icon\spellready.png returned as pixie for Tank #2 Red AI Tank...
<<<15:19:50:123580>>>  Tank #2 Red AI Tank successfully created!
<<<15:19:50:169924>>>  Pix\Snails\Yellow_Snail\Spells\Spellready_Icon\spellready.png returned as pixie for Tank #3 Yellow AI Tank...
<<<15:19:50:169924>>>  Tank #3 Yellow AI Tank successfully created!
<<<15:19:50:175476>>>
* *** Tank #2 Red AI Tank USING CLEAR SKIES FUNCTION ***
* Moon #2 at (6279.286955406446, 11087.169827217975), angle 1.0554823832920153 rads.
* Tank #2 Red AI Tank at (-5517.44784751066, -3185.499999999998), angle 3.665191429188092.
* Angle Between is 2.6097090458960768 rads.
<<<15:19:50:175476>>>  Tank #2 Red AI Tank saw no celestials or cannonballs above their heads and is casting Gravity...
<<<15:19:50:175476>>>  Successfully removed spellready icon from Tank #2 Red AI Tank's effect list!
<<<15:19:50:175476>>>  Successfully removed spellready icon from Tank #3 Yellow AI Tank's effect list!
<<<15:19:50:188917>>>  Successfully removed spellbook from Tank #2 Red AI Tank's effect list!
<<<15:19:50:188917>>>  Tank #2 Red AI Tank chose to move to 4.8302, cururently at 3.6652.
<<<15:19:50:188917>>>  Tank #2 Red AI Tank moved one unit CCW...
<<<15:19:50:188917>>>  Tank #2 Red AI Tank chose to move...
<<<15:19:50:188917>>>  Deleting effect pixie gravity-rising...
<<<15:19:53:190222>>>  Successfully removed spellbook from Tank #3 Yellow AI Tank's effect list!
<<<15:19:53:190222>>>  Tank #3 Yellow AI Tank chose to shoot...
<<<15:19:53:190222>>>  Tank #3 Yellow AI Tank chose to shoot...
<<<15:19:53:190222>>>  Tank #2 Red AI Tank moved one unit CCW...
<<<15:19:53:190222>>>  Tank #3 Yellow AI Tank is checking targeting info...
<<<15:19:53:190222>>>  Tank #3 Yellow AI Tank Launch angle not within tolerances, adjusting firing solution...
<<<15:19:53:190222>>>  Tank #3 Yellow AI Tank Launch speed not within tolerances, adjusting firing solution...
<<<15:19:53:190222>>>  Tank #3 Yellow AI Tank adjusted targeting angle one unit CW...
<<<15:19:53:206903>>>  Tank #2 Red AI Tank moved one unit CCW...
<<<15:19:53:206903>>>  Tank #3 Yellow AI Tank is checking targeting info...
<<<15:19:53:206903>>>  Tank #3 Yellow AI Tank Launch angle not within tolerances, adjusting firing solution...
<<<15:19:53:206903>>>  Tank #3 Yellow AI Tank Launch speed not within tolerances, adjusting firing solution...
<<<15:19:53:206903>>>  Tank #3 Yellow AI Tank adjusted targeting angle one unit CW...
<<<15:19:53:222727>>>  Tank #2 Red AI Tank moved one unit CCW...
<<<15:19:53:222727>>>  Tank #3 Yellow AI Tank is checking targeting info...
<<<15:19:53:222727>>>  Tank #3 Yellow AI Tank Launch angle not within tolerances, adjusting firing solution...
<<<15:19:53:222727>>>  Tank #3 Yellow AI Tank Launch speed not within tolerances, adjusting firing solution...
<<<15:19:53:222727>>>  Tank #3 Yellow AI Tank adjusted targeting angle one unit CW...
<<<15:19:53:239249>>>  Tank #2 Red AI Tank moved one unit CCW...
<<<15:19:53:239249>>>  Tank #3 Yellow AI Tank is checking targeting info...
<<<15:19:53:239249>>>  Tank #3 Yellow AI Tank Launch angle not within tolerances, adjusting firing solution...
<<<15:19:53:239249>>>  Tank #3 Yellow AI Tank Launch speed not within tolerances, adjusting firing solution...
<<<15:19:53:239249>>>  Tank #3 Yellow AI Tank adjusted targeting angle one unit CW...
<<<15:19:53:256993>>>  Tank #2 Red AI Tank moved one unit CCW...
<<<15:19:53:256993>>>  Tank #3 Yellow AI Tank is checking targeting info...
<<<15:19:53:256993>>>  Tank #3 Yellow AI Tank Launch angle not within tolerances, adjusting firing solution...
<<<15:19:53:256993>>>  Tank #3 Yellow AI Tank Launch speed not within tolerances, adjusting firing solution...
<<<15:19:53:256993>>>  Tank #3 Yellow AI Tank adjusted targeting angle one unit CW...
<<<15:19:53:274047>>>  Tank #2 Red AI Tank moved one unit CCW...
<<<15:19:53:274047>>>  Tank #3 Yellow AI Tank is checking targeting info...
<<<15:19:53:274047>>>  Tank #3 Yellow AI Tank Launch angle not within tolerances, adjusting firing solution...
<<<15:19:53:274047>>>  Tank #3 Yellow AI Tank Launch speed not within tolerances, adjusting firing solution...
<<<15:19:53:274047>>>  Tank #3 Yellow AI Tank adjusted targeting angle one unit CW...
<<<15:19:53:290332>>>  Tank #2 Red AI Tank moved one unit CCW...
<<<15:19:53:290332>>>  Tank #3 Yellow AI Tank is checking targeting info...
<<<15:19:53:290332>>>  Tank #3 Yellow AI Tank Launch angle not within tolerances, adjusting firing solution...
<<<15:19:53:290332>>>  Tank #3 Yellow AI Tank Launch speed not within tolerances, adjusting firing solution...
<<<15:19:53:290332>>>  Tank #3 Yellow AI Tank adjusted targeting angle one unit CW...
<<<15:19:53:306775>>>  Tank #2 Red AI Tank moved one unit CCW...
<<<15:19:53:306775>>>  Tank #3 Yellow AI Tank is checking targeting info...
<<<15:19:53:306775>>>  Tank #3 Yellow AI Tank Launch angle not within tolerances, adjusting firing solution...
<<<15:19:53:306775>>>  Tank #3 Yellow AI Tank Launch speed not within tolerances, adjusting firing solution...
<<<15:19:53:306775>>>  Tank #3 Yellow AI Tank adjusted targeting angle one unit CW...
<<<15:19:53:322773>>>  Tank #2 Red AI Tank moved one unit CCW...
<<<15:19:53:322773>>>  Tank #3 Yellow AI Tank is checking targeting info...
<<<15:19:53:322773>>>  Tank #3 Yellow AI Tank Launch angle not within tolerances, adjusting firing solution...
<<<15:19:53:322773>>>  Tank #3 Yellow AI Tank Launch speed not within tolerances, adjusting firing solution...
<<<15:19:53:322773>>>  Tank #3 Yellow AI Tank adjusted targeting angle one unit CW...
<<<15:19:53:339487>>>  Tank #2 Red AI Tank moved one unit CCW...
<<<15:19:53:339487>>>  Tank #3 Yellow AI Tank is checking targeting info...
<<<15:19:53:339487>>>  Tank #3 Yellow AI Tank Launch angle not within tolerances, adjusting firing solution...
<<<15:19:53:339487>>>  Tank #3 Yellow AI Tank Launch speed not within tolerances, adjusting firing solution...
<<<15:19:53:339487>>>  Tank #3 Yellow AI Tank adjusted targeting angle one unit CW...
<<<15:19:53:356972>>>  Tank #2 Red AI Tank moved one unit CCW...
<<<15:19:53:356972>>>  Tank #3 Yellow AI Tank is checking targeting info...
<<<15:19:53:356972>>>  Tank #3 Yellow AI Tank Launch angle not within tolerances, adjusting firing solution...
<<<15:19:53:356972>>>  Tank #3 Yellow AI Tank Launch speed not within tolerances, adjusting firing solution...
<<<15:19:53:356972>>>  Tank #3 Yellow AI Tank adjusted targeting angle one unit CW...
<<<15:19:53:373002>>>  Tank #2 Red AI Tank moved one unit CCW...
<<<15:19:53:373002>>>  Tank #3 Yellow AI Tank is checking targeting info...
<<<15:19:53:373002>>>  Tank #3 Yellow AI Tank Launch angle not within tolerances, adjusting firing solution...
<<<15:19:53:373002>>>  Tank #3 Yellow AI Tank Launch speed not within tolerances, adjusting firing solution...
<<<15:19:53:373002>>>  Tank #3 Yellow AI Tank adjusted targeting angle one unit CW...
<<<15:19:53:389420>>>  Tank #2 Red AI Tank moved one unit CCW...
<<<15:19:53:389420>>>  Tank #3 Yellow AI Tank is checking targeting info...
<<<15:19:53:389420>>>  Tank #3 Yellow AI Tank Launch angle not within tolerances, adjusting firing solution...
<<<15:19:53:389420>>>  Tank #3 Yellow AI Tank Launch speed not within tolerances, adjusting firing solution...
<<<15:19:53:389420>>>  Tank #3 Yellow AI Tank adjusted targeting angle one unit CW...
<<<15:19:53:406965>>>  Tank #2 Red AI Tank moved one unit CCW...
<<<15:19:53:406965>>>  Tank #3 Yellow AI Tank is checking targeting info...
<<<15:19:53:406965>>>  Tank #3 Yellow AI Tank Launch angle not within tolerances, adjusting firing solution...
<<<15:19:53:406965>>>  Tank #3 Yellow AI Tank Launch speed not within tolerances, adjusting firing solution...
<<<15:19:53:406965>>>  Tank #3 Yellow AI Tank adjusted targeting angle one unit CW...
<<<15:19:53:423088>>>  Tank #2 Red AI Tank moved one unit CCW...
<<<15:19:53:423088>>>  Tank #3 Yellow AI Tank is checking targeting info...
<<<15:19:53:423088>>>  Tank #3 Yellow AI Tank Launch angle not within tolerances, adjusting firing solution...
<<<15:19:53:423088>>>  Tank #3 Yellow AI Tank Launch speed not within tolerances, adjusting firing solution...
<<<15:19:53:423088>>>  Tank #3 Yellow AI Tank adjusted targeting angle one unit CW...
<<<15:19:53:439273>>>  Tank #2 Red AI Tank moved one unit CCW...
<<<15:19:53:439273>>>  Tank #3 Yellow AI Tank is checking targeting info...
<<<15:19:53:439273>>>  Tank #3 Yellow AI Tank Launch angle not within tolerances, adjusting firing solution...
<<<15:19:53:439273>>>  Tank #3 Yellow AI Tank Launch speed not within tolerances, adjusting firing solution...
<<<15:19:53:439273>>>  Tank #3 Yellow AI Tank adjusted targeting angle one unit CW...
<<<15:19:53:455892>>>  Tank #2 Red AI Tank moved one unit CCW...
<<<15:19:53:455892>>>  Tank #3 Yellow AI Tank is checking targeting info...
<<<15:19:53:455892>>>  Tank #3 Yellow AI Tank Launch angle not within tolerances, adjusting firing solution...
<<<15:19:53:455892>>>  Tank #3 Yellow AI Tank Launch speed not within tolerances, adjusting firing solution...
<<<15:19:53:455892>>>  Tank #3 Yellow AI Tank adjusted targeting angle one unit CW...
<<<15:19:53:472247>>>  Tank #2 Red AI Tank moved one unit CCW...
<<<15:19:53:472247>>>  Tank #3 Yellow AI Tank is checking targeting info...
<<<15:19:53:472247>>>  Tank #3 Yellow AI Tank Launch angle not within tolerances, adjusting firing solution...
<<<15:19:53:472247>>>  Tank #3 Yellow AI Tank Launch speed not within tolerances, adjusting firing solution...
<<<15:19:53:472247>>>  Tank #3 Yellow AI Tank adjusted targeting angle one unit CW...
<<<15:19:53:488198>>>  Tank #2 Red AI Tank moved one unit CCW...
<<<15:19:53:488198>>>  Tank #3 Yellow AI Tank is checking targeting info...
<<<15:19:53:488198>>>  Tank #3 Yellow AI Tank Launch angle not within tolerances, adjusting firing solution...
<<<15:19:53:488198>>>  Tank #3 Yellow AI Tank Launch speed not within tolerances, adjusting firing solution...
<<<15:19:53:488198>>>  Tank #3 Yellow AI Tank adjusted targeting angle one unit CW...
<<<15:19:53:503830>>>  Tank #2 Red AI Tank moved one unit CCW...
<<<15:19:53:503830>>>  Tank #3 Yellow AI Tank is checking targeting info...
<<<15:19:53:503830>>>  Tank #3 Yellow AI Tank Launch angle not within tolerances, adjusting firing solution...
<<<15:19:53:503830>>>  Tank #3 Yellow AI Tank Launch speed not within tolerances, adjusting firing solution...
<<<15:19:53:503830>>>  Tank #3 Yellow AI Tank adjusted targeting angle one unit CW...
<<<15:19:53:519878>>>  Tank #2 Red AI Tank moved one unit CCW...
<<<15:19:53:519878>>>  Tank #3 Yellow AI Tank is checking targeting info...
<<<15:19:53:519878>>>  Tank #3 Yellow AI Tank Launch angle not within tolerances, adjusting firing solution...
<<<15:19:53:519878>>>  Tank #3 Yellow AI Tank Launch speed not within tolerances, adjusting firing solution...
<<<15:19:53:519878>>>  Tank #3 Yellow AI Tank adjusted targeting angle one unit CW...
<<<15:19:53:536785>>>  Deleting effect pixie thawing...
<<<15:19:53:536785>>>  Deleting effect pixie thawing...
<<<15:19:53:536785>>>  Tank #2 Red AI Tank moved one unit CCW...
<<<15:19:53:536785>>>  Tank #3 Yellow AI Tank is checking targeting info...
<<<15:19:53:536785>>>  Tank #3 Yellow AI Tank Launch angle not within tolerances, adjusting firing solution...
<<<15:19:53:536785>>>  Tank #3 Yellow AI Tank Launch speed not within tolerances, adjusting firing solution...
<<<15:19:53:536785>>>  Tank #3 Yellow AI Tank adjusted targeting angle one unit CW...
<<<15:19:53:553390>>>  Tank #2 Red AI Tank moved one unit CCW...
<<<15:19:53:553390>>>  Tank #3 Yellow AI Tank is checking targeting info...
<<<15:19:53:553390>>>  Tank #3 Yellow AI Tank Launch angle not within tolerances, adjusting firing solution...
<<<15:19:53:553390>>>  Tank #3 Yellow AI Tank Launch speed not within tolerances, adjusting firing solution...
<<<15:19:53:553390>>>  Tank #3 Yellow AI Tank adjusted targeting angle one unit CW...
<<<15:19:53:569849>>>  Tank #2 Red AI Tank moved one unit CCW...
<<<15:19:53:569849>>>  Tank #3 Yellow AI Tank is checking targeting info...
<<<15:19:53:569849>>>  Tank #3 Yellow AI Tank Launch angle not within tolerances, adjusting firing solution...
<<<15:19:53:569849>>>  Tank #3 Yellow AI Tank Launch speed not within tolerances, adjusting firing solution...
<<<15:19:53:569849>>>  Tank #3 Yellow AI Tank adjusted targeting angle one unit CW...
<<<15:19:53:586894>>>  Tank #2 Red AI Tank moved one unit CCW...
<<<15:19:53:586894>>>  Tank #3 Yellow AI Tank is checking targeting info...
<<<15:19:53:586894>>>  Tank #3 Yellow AI Tank Launch angle not within tolerances, adjusting firing solution...
<<<15:19:53:586894>>>  Tank #3 Yellow AI Tank Launch speed not within tolerances, adjusting firing solution...
<<<15:19:53:586894>>>  Tank #3 Yellow AI Tank adjusted targeting angle one unit CW...
<<<15:19:53:603237>>>  Tank #2 Red AI Tank moved one unit CCW...
<<<15:19:53:603237>>>  Tank #3 Yellow AI Tank is checking targeting info...
<<<15:19:53:603237>>>  Tank #3 Yellow AI Tank Launch angle not within tolerances, adjusting firing solution...
<<<15:19:53:603237>>>  Tank #3 Yellow AI Tank Launch speed not within tolerances, adjusting firing solution...
<<<15:19:53:603237>>>  Tank #3 Yellow AI Tank adjusted targeting angle one unit CW...
<<<15:19:53:619110>>>  Tank #2 Red AI Tank moved one unit CCW...
<<<15:19:53:619110>>>  Tank #3 Yellow AI Tank is checking targeting info...
<<<15:19:53:619110>>>  Tank #3 Yellow AI Tank Launch angle not within tolerances, adjusting firing solution...
<<<15:19:53:619110>>>  Tank #3 Yellow AI Tank Launch speed not within tolerances, adjusting firing solution...
<<<15:19:53:619110>>>  Tank #3 Yellow AI Tank adjusted targeting angle one unit CW...
<<<15:19:53:634501>>>  Tank #2 Red AI Tank moved one unit CCW...
<<<15:19:53:634501>>>  Tank #3 Yellow AI Tank is checking targeting info...
<<<15:19:53:634501>>>  Tank #3 Yellow AI Tank Launch angle not within tolerances, adjusting firing solution...
<<<15:19:53:634501>>>  Tank #3 Yellow AI Tank Launch speed not within tolerances, adjusting firing solution...
<<<15:19:53:634501>>>  Tank #3 Yellow AI Tank adjusted targeting angle one unit CW...
<<<15:19:53:651263>>>  Tank #2 Red AI Tank moved one unit CCW...
<<<15:19:53:651263>>>  Tank #3 Yellow AI Tank is checking targeting info...
<<<15:19:53:651263>>>  Tank #3 Yellow AI Tank Launch angle not within tolerances, adjusting firing solution...
<<<15:19:53:651263>>>  Tank #3 Yellow AI Tank Launch speed not within tolerances, adjusting firing solution...
<<<15:19:53:651263>>>  Tank #3 Yellow AI Tank adjusted targeting angle one unit CW...
<<<15:19:53:668400>>>  Tank #2 Red AI Tank moved one unit CCW...
<<<15:19:53:668400>>>  Tank #3 Yellow AI Tank is checking targeting info...
<<<15:19:53:668400>>>  Tank #3 Yellow AI Tank Launch angle not within tolerances, adjusting firing solution...
<<<15:19:53:668400>>>  Tank #3 Yellow AI Tank Launch speed not within tolerances, adjusting firing solution...
<<<15:19:53:668400>>>  Tank #3 Yellow AI Tank adjusted targeting angle one unit CW...
<<<15:19:53:685045>>>  Tank #2 Red AI Tank moved one unit CCW...
<<<15:19:53:685045>>>  Tank #3 Yellow AI Tank is checking targeting info...
<<<15:19:53:685045>>>  Tank #3 Yellow AI Tank Launch angle not within tolerances, adjusting firing solution...
<<<15:19:53:685045>>>  Tank #3 Yellow AI Tank Launch speed not within tolerances, adjusting firing solution...
<<<15:19:53:685045>>>  Tank #3 Yellow AI Tank adjusted targeting angle one unit CW...
<<<15:19:53:701477>>>  Tank #2 Red AI Tank moved one unit CCW...
<<<15:19:53:701477>>>  Tank #3 Yellow AI Tank is checking targeting info...
<<<15:19:53:701477>>>  Tank #3 Yellow AI Tank Launch angle not within tolerances, adjusting firing solution...
<<<15:19:53:701477>>>  Tank #3 Yellow AI Tank Launch speed not within tolerances, adjusting firing solution...
<<<15:19:53:701477>>>  Tank #3 Yellow AI Tank adjusted targeting angle one unit CW...
<<<15:19:53:717725>>>  Tank #2 Red AI Tank moved one unit CCW...
<<<15:19:53:717725>>>  Tank #3 Yellow AI Tank is checking targeting info...
<<<15:19:53:717725>>>  Tank #3 Yellow AI Tank Launch angle not within tolerances, adjusting firing solution...
<<<15:19:53:717725>>>  Tank #3 Yellow AI Tank Launch speed not within tolerances, adjusting firing solution...
<<<15:19:53:717725>>>  Tank #3 Yellow AI Tank adjusted targeting angle one unit CW...
<<<15:19:53:733649>>>  Tank #2 Red AI Tank moved one unit CCW...
<<<15:19:53:733649>>>  Tank #3 Yellow AI Tank is checking targeting info...
<<<15:19:53:733649>>>  Tank #3 Yellow AI Tank Launch angle not within tolerances, adjusting firing solution...
<<<15:19:53:733649>>>  Tank #3 Yellow AI Tank Launch speed not within tolerances, adjusting firing solution...
<<<15:19:53:733649>>>  Tank #3 Yellow AI Tank adjusted targeting angle one unit CW...
<<<15:19:53:750310>>>  Tank #2 Red AI Tank moved one unit CCW...
<<<15:19:53:750310>>>  Tank #3 Yellow AI Tank is checking targeting info...
<<<15:19:53:750310>>>  Tank #3 Yellow AI Tank Launch angle not within tolerances, adjusting firing solution...
<<<15:19:53:750310>>>  Tank #3 Yellow AI Tank Launch speed not within tolerances, adjusting firing solution...
<<<15:19:53:750310>>>  Tank #3 Yellow AI Tank adjusted targeting angle one unit CW...
<<<15:19:53:766228>>>  Tank #2 Red AI Tank moved one unit CCW...
<<<15:19:53:766228>>>  Tank #3 Yellow AI Tank is checking targeting info...
<<<15:19:53:766228>>>  Tank #3 Yellow AI Tank Launch angle not within tolerances, adjusting firing solution...
<<<15:19:53:766228>>>  Tank #3 Yellow AI Tank Launch speed not within tolerances, adjusting firing solution...
<<<15:19:53:766228>>>  Tank #3 Yellow AI Tank adjusted targeting angle one unit CW...
<<<15:19:53:782176>>>  Tank #2 Red AI Tank moved one unit CCW...
<<<15:19:53:782176>>>  Tank #3 Yellow AI Tank is checking targeting info...
<<<15:19:53:782176>>>  Tank #3 Yellow AI Tank Launch angle not within tolerances, adjusting firing solution...
<<<15:19:53:782176>>>  Tank #3 Yellow AI Tank Launch speed not within tolerances, adjusting firing solution...
<<<15:19:53:782176>>>  Tank #3 Yellow AI Tank adjusted targeting angle one unit CW...
<<<15:19:53:798005>>>  Tank #2 Red AI Tank moved one unit CCW...
<<<15:19:53:798005>>>  Tank #3 Yellow AI Tank is checking targeting info...
<<<15:19:53:798005>>>  Tank #3 Yellow AI Tank Launch angle not within tolerances, adjusting firing solution...
<<<15:19:53:798005>>>  Tank #3 Yellow AI Tank Launch speed not within tolerances, adjusting firing solution...
<<<15:19:53:798005>>>  Tank #3 Yellow AI Tank adjusted targeting angle one unit CW...
<<<15:19:53:814892>>>  Tank #2 Red AI Tank moved one unit CCW...
<<<15:19:53:814892>>>  Tank #3 Yellow AI Tank is checking targeting info...
<<<15:19:53:814892>>>  Tank #3 Yellow AI Tank Launch angle not within tolerances, adjusting firing solution...
<<<15:19:53:814892>>>  Tank #3 Yellow AI Tank Launch speed not within tolerances, adjusting firing solution...
<<<15:19:53:814892>>>  Tank #3 Yellow AI Tank adjusted targeting angle one unit CW...
<<<15:19:53:830546>>>  Tank #2 Red AI Tank moved one unit CCW...
<<<15:19:53:830546>>>  Tank #3 Yellow AI Tank is checking targeting info...
<<<15:19:53:830546>>>  Tank #3 Yellow AI Tank Launch angle not within tolerances, adjusting firing solution...
<<<15:19:53:830546>>>  Tank #3 Yellow AI Tank Launch speed not within tolerances, adjusting firing solution...
<<<15:19:53:830546>>>  Tank #3 Yellow AI Tank adjusted targeting angle one unit CW...
<<<15:19:53:846552>>>  Tank #2 Red AI Tank moved one unit CCW...
<<<15:19:53:846552>>>  Tank #3 Yellow AI Tank is checking targeting info...
<<<15:19:53:846552>>>  Tank #3 Yellow AI Tank Launch angle not within tolerances, adjusting firing solution...
<<<15:19:53:846552>>>  Tank #3 Yellow AI Tank Launch speed not within tolerances, adjusting firing solution...
<<<15:19:53:846552>>>  Tank #3 Yellow AI Tank adjusted targeting angle one unit CW...
<<<15:19:53:863309>>>  Tank #2 Red AI Tank moved one unit CCW...
<<<15:19:53:863309>>>  Tank #3 Yellow AI Tank is checking targeting info...
<<<15:19:53:863309>>>  Tank #3 Yellow AI Tank Launch angle not within tolerances, adjusting firing solution...
<<<15:19:53:863309>>>  Tank #3 Yellow AI Tank Launch speed not within tolerances, adjusting firing solution...
<<<15:19:53:863309>>>  Tank #3 Yellow AI Tank adjusted targeting angle one unit CW...
<<<15:19:53:879039>>>  Tank #2 Red AI Tank moved one unit CCW...
<<<15:19:53:879039>>>  Tank #3 Yellow AI Tank is checking targeting info...
<<<15:19:53:879039>>>  Tank #3 Yellow AI Tank Launch angle not within tolerances, adjusting firing solution...
<<<15:19:53:879039>>>  Tank #3 Yellow AI Tank Launch speed not within tolerances, adjusting firing solution...
<<<15:19:53:879039>>>  Tank #3 Yellow AI Tank adjusted targeting angle one unit CW...
<<<15:19:53:894765>>>  Successfully removed spellready icon from Tank #1 Green Player Tank's effect list!
<<<15:19:53:894765>>>  Tank #2 Red AI Tank moved one unit CCW...
<<<15:19:53:894765>>>  Tank #3 Yellow AI Tank is checking targeting info...
<<<15:19:53:894765>>>  Tank #3 Yellow AI Tank Launch angle not within tolerances, adjusting firing solution...
<<<15:19:53:894765>>>  Tank #3 Yellow AI Tank Launch speed not within tolerances, adjusting firing solution...
<<<15:19:53:894765>>>  Tank #3 Yellow AI Tank adjusted targeting angle one unit CW...
<<<15:19:53:911257>>>  Tank #2 Red AI Tank moved one unit CCW...
<<<15:19:53:911257>>>  Tank #3 Yellow AI Tank is checking targeting info...
<<<15:19:53:911257>>>  Tank #3 Yellow AI Tank Launch angle not within tolerances, adjusting firing solution...
<<<15:19:53:911257>>>  Tank #3 Yellow AI Tank Launch speed not within tolerances, adjusting firing solution...
<<<15:19:53:911257>>>  Tank #3 Yellow AI Tank adjusted targeting angle one unit CW...
<<<15:19:53:926638>>>  Tank #2 Red AI Tank moved one unit CCW...
<<<15:19:53:926638>>>  Tank #3 Yellow AI Tank is checking targeting info...
<<<15:19:53:926638>>>  Tank #3 Yellow AI Tank increased launch speed one unit...
<<<15:19:53:942482>>>  Tank #2 Red AI Tank moved one unit CCW...
<<<15:19:53:942482>>>  Tank #3 Yellow AI Tank is checking targeting info...
<<<15:19:53:942482>>>  Tank #3 Yellow AI Tank increased launch speed one unit...
<<<15:19:53:959405>>>  Tank #2 Red AI Tank moved one unit CCW...
<<<15:19:53:959405>>>  Tank #3 Yellow AI Tank is checking targeting info...
<<<15:19:53:959405>>>  Tank #3 Yellow AI Tank increased launch speed one unit...
<<<15:19:53:974902>>>  Tank #2 Red AI Tank moved one unit CCW...
<<<15:19:53:974902>>>  Tank #3 Yellow AI Tank is checking targeting info...
<<<15:19:53:974902>>>  Tank #3 Yellow AI Tank increased launch speed one unit...
<<<15:19:53:990704>>>  Tank #2 Red AI Tank moved one unit CCW...
<<<15:19:53:990704>>>  Tank #3 Yellow AI Tank is checking targeting info...
<<<15:19:53:990704>>>  Tank #3 Yellow AI Tank increased launch speed one unit...
<<<15:19:54:006562>>>  Tank #2 Red AI Tank moved one unit CCW...
<<<15:19:54:006562>>>  Tank #3 Yellow AI Tank is checking targeting info...
<<<15:19:54:006562>>>  Tank #3 Yellow AI Tank increased launch speed one unit...
<<<15:19:54:023442>>>  Tank #2 Red AI Tank moved one unit CCW...
<<<15:19:54:023442>>>  Tank #3 Yellow AI Tank is checking targeting info...
<<<15:19:54:023442>>>  Tank #3 Yellow AI Tank increased launch speed one unit...
<<<15:19:54:040174>>>  Tank #2 Red AI Tank moved one unit CCW...
<<<15:19:54:040174>>>  Tank #3 Yellow AI Tank is checking targeting info...
<<<15:19:54:040174>>>  Tank #3 Yellow AI Tank increased launch speed one unit...
<<<15:19:54:056378>>>  Tank #2 Red AI Tank moved one unit CCW...
<<<15:19:54:056378>>>  Tank #3 Yellow AI Tank is checking targeting info...
<<<15:19:54:056378>>>  Tank #3 Yellow AI Tank increased launch speed one unit...
<<<15:19:54:072654>>>  Tank #2 Red AI Tank moved one unit CCW...
<<<15:19:54:072654>>>  Tank #3 Yellow AI Tank is checking targeting info...
<<<15:19:54:072654>>>  Tank #3 Yellow AI Tank increased launch speed one unit...
<<<15:19:54:089535>>>  Tank #2 Red AI Tank moved one unit CCW...
<<<15:19:54:089535>>>  Tank #3 Yellow AI Tank is checking targeting info...
<<<15:19:54:089535>>>  Tank #3 Yellow AI Tank increased launch speed one unit...
<<<15:19:54:107176>>>  Tank #2 Red AI Tank moved one unit CCW...
<<<15:19:54:107176>>>  Tank #3 Yellow AI Tank is checking targeting info...
<<<15:19:54:107176>>>  Tank #3 Yellow AI Tank increased launch speed one unit...
<<<15:19:54:122937>>>  Tank #2 Red AI Tank moved one unit CCW...
<<<15:19:54:122937>>>  Tank #3 Yellow AI Tank is checking targeting info...
<<<15:19:54:122937>>>  Tank #3 Yellow AI Tank increased launch speed one unit...
<<<15:19:54:139091>>>  Tank #2 Red AI Tank moved one unit CCW...
<<<15:19:54:139091>>>  Tank #3 Yellow AI Tank is checking targeting info...
<<<15:19:54:139091>>>  Tank #3 Yellow AI Tank increased launch speed one unit...
<<<15:19:54:156161>>>  Tank #2 Red AI Tank moved one unit CCW...
<<<15:19:54:156161>>>  Tank #3 Yellow AI Tank is checking targeting info...
<<<15:19:54:156161>>>  Tank #3 Yellow AI Tank increased launch speed one unit...
<<<15:19:54:172795>>>  Tank #2 Red AI Tank moved one unit CCW...
<<<15:19:54:172795>>>  Tank #3 Yellow AI Tank is checking targeting info...
<<<15:19:54:172795>>>  Tank #3 Yellow AI Tank increased launch speed one unit...
<<<15:19:54:189396>>>  Tank #2 Red AI Tank moved one unit CCW...
<<<15:19:54:189396>>>  Tank #3 Yellow AI Tank is checking targeting info...
<<<15:19:54:189396>>>  Tank #3 Yellow AI Tank increased launch speed one unit...
<<<15:19:54:206915>>>  Tank #2 Red AI Tank moved one unit CCW...
<<<15:19:54:206915>>>  Tank #3 Yellow AI Tank is checking targeting info...
<<<15:19:54:207924>>>  Tank #3 Yellow AI Tank increased launch speed one unit...
<<<15:19:54:223413>>>  Tank #2 Red AI Tank moved one unit CCW...
<<<15:19:54:223413>>>  Tank #3 Yellow AI Tank is checking targeting info...
<<<15:19:54:223413>>>  Tank #3 Yellow AI Tank increased launch speed one unit...
<<<15:19:54:240181>>>  Tank #2 Red AI Tank moved one unit CCW...
<<<15:19:54:240181>>>  Tank #3 Yellow AI Tank is checking targeting info...
<<<15:19:54:240181>>>  Tank #3 Yellow AI Tank increased launch speed one unit...
<<<15:19:54:257074>>>  Tank #3 Yellow AI Tank is checking targeting info...
<<<15:19:54:257074>>>  Tank #3 Yellow AI Tank increased launch speed one unit...
<<<15:19:54:272698>>>  Tank #2 Red AI Tank chose to shoot...
<<<15:19:54:272698>>>  Tank #3 Yellow AI Tank is checking targeting info...
<<<15:19:54:272698>>>  Tank #3 Yellow AI Tank increased launch speed one unit...
<<<15:19:54:289416>>>  Tank #2 Red AI Tank is checking targeting info...
<<<15:19:54:289416>>>  Tank #2 Red AI Tank Launch angle not within tolerances, adjusting firing solution...
<<<15:19:54:289416>>>  Tank #2 Red AI Tank Launch speed not within tolerances, adjusting firing solution...
<<<15:19:54:289416>>>  Tank #2 Red AI Tank adjusted targeting angle one unit CCW...
<<<15:19:54:289416>>>  Tank #3 Yellow AI Tank is checking targeting info...
<<<15:19:54:289416>>>  Tank #3 Yellow AI Tank increased launch speed one unit...
<<<15:19:54:306878>>>  Tank #2 Red AI Tank is checking targeting info...
<<<15:19:54:306878>>>  Tank #2 Red AI Tank Launch angle not within tolerances, adjusting firing solution...
<<<15:19:54:306878>>>  Tank #2 Red AI Tank Launch speed not within tolerances, adjusting firing solution...
<<<15:19:54:306878>>>  Tank #2 Red AI Tank adjusted targeting angle one unit CCW...
<<<15:19:54:306878>>>  Tank #3 Yellow AI Tank is checking targeting info...
<<<15:19:54:306878>>>  Tank #3 Yellow AI Tank increased launch speed one unit...
<<<15:19:54:323590>>>  Tank #2 Red AI Tank is checking targeting info...
<<<15:19:54:323590>>>  Tank #2 Red AI Tank Launch angle not within tolerances, adjusting firing solution...
<<<15:19:54:323590>>>  Tank #2 Red AI Tank Launch speed not within tolerances, adjusting firing solution...
<<<15:19:54:323590>>>  Tank #2 Red AI Tank adjusted targeting angle one unit CCW...
<<<15:19:54:323590>>>  Tank #3 Yellow AI Tank is checking targeting info...
<<<15:19:54:323590>>>  Tank #3 Yellow AI Tank increased launch speed one unit...
<<<15:19:54:340420>>>  Tank #2 Red AI Tank is checking targeting info...
<<<15:19:54:340420>>>  Tank #2 Red AI Tank Launch angle not within tolerances, adjusting firing solution...
<<<15:19:54:340420>>>  Tank #2 Red AI Tank Launch speed not within tolerances, adjusting firing solution...
<<<15:19:54:340420>>>  Tank #2 Red AI Tank adjusted targeting angle one unit CCW...
<<<15:19:54:340420>>>  Tank #3 Yellow AI Tank is checking targeting info...
<<<15:19:54:340420>>>  Tank #3 Yellow AI Tank increased launch speed one unit...
<<<15:19:54:356918>>>  Tank #2 Red AI Tank is checking targeting info...
<<<15:19:54:356918>>>  Tank #2 Red AI Tank Launch angle not within tolerances, adjusting firing solution...
<<<15:19:54:356918>>>  Tank #2 Red AI Tank Launch speed not within tolerances, adjusting firing solution...
<<<15:19:54:356918>>>  Tank #2 Red AI Tank adjusted targeting angle one unit CCW...
<<<15:19:54:356918>>>  Tank #3 Yellow AI Tank is checking targeting info...
<<<15:19:54:356918>>>  Tank #3 Yellow AI Tank increased launch speed one unit...
<<<15:19:54:373339>>>  Tank #2 Red AI Tank is checking targeting info...
<<<15:19:54:373339>>>  Tank #2 Red AI Tank Launch angle not within tolerances, adjusting firing solution...
<<<15:19:54:373339>>>  Tank #2 Red AI Tank Launch speed not within tolerances, adjusting firing solution...
<<<15:19:54:373339>>>  Tank #2 Red AI Tank adjusted targeting angle one unit CCW...
<<<15:19:54:373339>>>  Tank #3 Yellow AI Tank is checking targeting info...
<<<15:19:54:373339>>>  Tank #3 Yellow AI Tank increased launch speed one unit...
<<<15:19:54:390076>>>  Tank #2 Red AI Tank is checking targeting info...
<<<15:19:54:390076>>>  Tank #2 Red AI Tank Launch angle not within tolerances, adjusting firing solution...
<<<15:19:54:390076>>>  Tank #2 Red AI Tank Launch speed not within tolerances, adjusting firing solution...
<<<15:19:54:390076>>>  Tank #2 Red AI Tank adjusted targeting angle one unit CCW...
<<<15:19:54:390076>>>  Tank #3 Yellow AI Tank is checking targeting info...
<<<15:19:54:390076>>>  Tank #3 Yellow AI Tank increased launch speed one unit...
<<<15:19:54:406915>>>  Tank #2 Red AI Tank is checking targeting info...
<<<15:19:54:406915>>>  Tank #2 Red AI Tank Launch angle not within tolerances, adjusting firing solution...
<<<15:19:54:406915>>>  Tank #2 Red AI Tank Launch speed not within tolerances, adjusting firing solution...
<<<15:19:54:406915>>>  Tank #2 Red AI Tank adjusted targeting angle one unit CCW...
<<<15:19:54:406915>>>  Tank #3 Yellow AI Tank is checking targeting info...
<<<15:19:54:406915>>>  Tank #3 Yellow AI Tank increased launch speed one unit...
<<<15:19:54:422611>>>  Tank #2 Red AI Tank is checking targeting info...
<<<15:19:54:422611>>>  Tank #2 Red AI Tank Launch angle not within tolerances, adjusting firing solution...
<<<15:19:54:422611>>>  Tank #2 Red AI Tank Launch speed not within tolerances, adjusting firing solution...
<<<15:19:54:422611>>>  Tank #2 Red AI Tank adjusted targeting angle one unit CCW...
<<<15:19:54:422611>>>  Tank #3 Yellow AI Tank is checking targeting info...
<<<15:19:54:422611>>>  Tank #3 Yellow AI Tank increased launch speed one unit...
<<<15:19:54:440319>>>  Tank #2 Red AI Tank is checking targeting info...
<<<15:19:54:440319>>>  Tank #2 Red AI Tank Launch angle not within tolerances, adjusting firing solution...
<<<15:19:54:440319>>>  Tank #2 Red AI Tank Launch speed not within tolerances, adjusting firing solution...
<<<15:19:54:440319>>>  Tank #2 Red AI Tank adjusted targeting angle one unit CCW...
<<<15:19:54:440319>>>  Tank #3 Yellow AI Tank is checking targeting info...
<<<15:19:54:440319>>>  Tank #3 Yellow AI Tank increased launch speed one unit...
<<<15:19:54:456870>>>  Tank #2 Red AI Tank is checking targeting info...
<<<15:19:54:456870>>>  Tank #2 Red AI Tank Launch angle not within tolerances, adjusting firing solution...
<<<15:19:54:456870>>>  Tank #2 Red AI Tank Launch speed not within tolerances, adjusting firing solution...
<<<15:19:54:456870>>>  Tank #2 Red AI Tank adjusted targeting angle one unit CCW...
<<<15:19:54:456870>>>  Tank #3 Yellow AI Tank is checking targeting info...
<<<15:19:54:456870>>>  Tank #3 Yellow AI Tank increased launch speed one unit...
<<<15:19:54:472776>>>  Tank #2 Red AI Tank is checking targeting info...
<<<15:19:54:472776>>>  Tank #2 Red AI Tank Launch angle not within tolerances, adjusting firing solution...
<<<15:19:54:472776>>>  Tank #2 Red AI Tank Launch speed not within tolerances, adjusting firing solution...
<<<15:19:54:472776>>>  Tank #2 Red AI Tank adjusted targeting angle one unit CCW...
<<<15:19:54:472776>>>  Tank #3 Yellow AI Tank is checking targeting info...
<<<15:19:54:472776>>>  Tank #3 Yellow AI Tank increased launch speed one unit...
<<<15:19:54:489543>>>  Tank #2 Red AI Tank is checking targeting info...
<<<15:19:54:489543>>>  Tank #2 Red AI Tank Launch angle not within tolerances, adjusting firing solution...
<<<15:19:54:489543>>>  Tank #2 Red AI Tank Launch speed not within tolerances, adjusting firing solution...
<<<15:19:54:489543>>>  Tank #2 Red AI Tank adjusted targeting angle one unit CCW...
<<<15:19:54:489543>>>  Tank #3 Yellow AI Tank is checking targeting info...
<<<15:19:54:489543>>>  Tank #3 Yellow AI Tank increased launch speed one unit...
<<<15:19:54:506327>>>  Tank #2 Red AI Tank is checking targeting info...
<<<15:19:54:506327>>>  Tank #2 Red AI Tank Launch angle not within tolerances, adjusting firing solution...
<<<15:19:54:506327>>>  Tank #2 Red AI Tank Launch speed not within tolerances, adjusting firing solution...
<<<15:19:54:506327>>>  Tank #2 Red AI Tank adjusted targeting angle one unit CCW...
<<<15:19:54:506327>>>  Tank #3 Yellow AI Tank is checking targeting info...
<<<15:19:54:506327>>>  Tank #3 Yellow AI Tank increased launch speed one unit...
<<<15:19:54:523174>>>  Tank #2 Red AI Tank is checking targeting info...
<<<15:19:54:523174>>>  Tank #2 Red AI Tank Launch angle not within tolerances, adjusting firing solution...
<<<15:19:54:523174>>>  Tank #2 Red AI Tank Launch speed not within tolerances, adjusting firing solution...
<<<15:19:54:523174>>>  Tank #2 Red AI Tank adjusted targeting angle one unit CCW...
<<<15:19:54:523174>>>  Tank #3 Yellow AI Tank is checking targeting info...
<<<15:19:54:523174>>>  Tank #3 Yellow AI Tank increased launch speed one unit...
<<<15:19:54:539315>>>  Tank #2 Red AI Tank is checking targeting info...
<<<15:19:54:539315>>>  Tank #2 Red AI Tank Launch angle not within tolerances, adjusting firing solution...
<<<15:19:54:539315>>>  Tank #2 Red AI Tank Launch speed not within tolerances, adjusting firing solution...
<<<15:19:54:539315>>>  Tank #2 Red AI Tank adjusted targeting angle one unit CCW...
<<<15:19:54:539315>>>  Tank #3 Yellow AI Tank is checking targeting info...
<<<15:19:54:539315>>>  Tank #3 Yellow AI Tank increased launch speed one unit...
<<<15:19:54:556777>>>  Tank #2 Red AI Tank is checking targeting info...
<<<15:19:54:556777>>>  Tank #2 Red AI Tank Launch angle not within tolerances, adjusting firing solution...
<<<15:19:54:556777>>>  Tank #2 Red AI Tank Launch speed not within tolerances, adjusting firing solution...
<<<15:19:54:556777>>>  Tank #2 Red AI Tank adjusted targeting angle one unit CCW...
<<<15:19:54:556777>>>  Tank #3 Yellow AI Tank is checking targeting info...
<<<15:19:54:556777>>>  Tank #3 Yellow AI Tank firing solution within tolerances, not adjusting firing solution...
<<<15:19:54:556777>>>  Tank #3 Yellow AI Tank attempting to fire cannonball...
<<<15:19:54:573155>>>  Tank #2 Red AI Tank is checking targeting info...
<<<15:19:54:573155>>>  Tank #2 Red AI Tank Launch angle not within tolerances, adjusting firing solution...
<<<15:19:54:573155>>>  Tank #2 Red AI Tank Launch speed not within tolerances, adjusting firing solution...
<<<15:19:54:573155>>>  Tank #2 Red AI Tank adjusted targeting angle one unit CCW...
<<<15:19:54:573155>>>  Tank #3 Yellow AI Tank chose to shoot...
<<<15:19:54:589674>>>  Tank #2 Red AI Tank is checking targeting info...
<<<15:19:54:589674>>>  Tank #2 Red AI Tank Launch angle not within tolerances, adjusting firing solution...
<<<15:19:54:589674>>>  Tank #2 Red AI Tank Launch speed not within tolerances, adjusting firing solution...
<<<15:19:54:589674>>>  Tank #2 Red AI Tank adjusted targeting angle one unit CCW...
<<<15:19:54:589674>>>  Tank #3 Yellow AI Tank is checking targeting info...
<<<15:19:54:589674>>>  Tank #3 Yellow AI Tank lowered launch speed one unit...
<<<15:19:54:606138>>>  Tank #2 Red AI Tank is checking targeting info...
<<<15:19:54:606138>>>  Tank #2 Red AI Tank Launch angle not within tolerances, adjusting firing solution...
<<<15:19:54:606138>>>  Tank #2 Red AI Tank Launch speed not within tolerances, adjusting firing solution...
<<<15:19:54:606138>>>  Tank #2 Red AI Tank adjusted targeting angle one unit CCW...
<<<15:19:54:606138>>>  Tank #3 Yellow AI Tank is checking targeting info...
<<<15:19:54:606138>>>  Tank #3 Yellow AI Tank lowered launch speed one unit...
<<<15:19:54:622611>>>  Tank #2 Red AI Tank is checking targeting info...
<<<15:19:54:622611>>>  Tank #2 Red AI Tank Launch angle not within tolerances, adjusting firing solution...
<<<15:19:54:622611>>>  Tank #2 Red AI Tank Launch speed not within tolerances, adjusting firing solution...
<<<15:19:54:622611>>>  Tank #2 Red AI Tank adjusted targeting angle one unit CCW...
<<<15:19:54:622611>>>  Tank #3 Yellow AI Tank is checking targeting info...
<<<15:19:54:622611>>>  Tank #3 Yellow AI Tank lowered launch speed one unit...
<<<15:19:54:641105>>>  Tank #2 Red AI Tank is checking targeting info...
<<<15:19:54:641105>>>  Tank #2 Red AI Tank Launch angle not within tolerances, adjusting firing solution...
<<<15:19:54:641105>>>  Tank #2 Red AI Tank Launch speed not within tolerances, adjusting firing solution...
<<<15:19:54:641105>>>  Tank #2 Red AI Tank adjusted targeting angle one unit CCW...
<<<15:19:54:641105>>>  Tank #3 Yellow AI Tank is checking targeting info...
<<<15:19:54:641105>>>  Tank #3 Yellow AI Tank lowered launch speed one unit...
<<<15:19:54:655952>>>  Tank #2 Red AI Tank is checking targeting info...
<<<15:19:54:655952>>>  Tank #2 Red AI Tank Launch angle not within tolerances, adjusting firing solution...
<<<15:19:54:655952>>>  Tank #2 Red AI Tank Launch speed not within tolerances, adjusting firing solution...
<<<15:19:54:655952>>>  Tank #2 Red AI Tank adjusted targeting angle one unit CCW...
<<<15:19:54:655952>>>  Tank #3 Yellow AI Tank is checking targeting info...
<<<15:19:54:655952>>>  Tank #3 Yellow AI Tank lowered launch speed one unit...
<<<15:19:54:672871>>>  Tank #2 Red AI Tank is checking targeting info...
<<<15:19:54:672871>>>  Tank #2 Red AI Tank Launch angle not within tolerances, adjusting firing solution...
<<<15:19:54:672871>>>  Tank #2 Red AI Tank Launch speed not within tolerances, adjusting firing solution...
<<<15:19:54:672871>>>  Tank #2 Red AI Tank adjusted targeting angle one unit CCW...
<<<15:19:54:672871>>>  Tank #3 Yellow AI Tank is checking targeting info...
<<<15:19:54:672871>>>  Tank #3 Yellow AI Tank lowered launch speed one unit...
<<<15:19:54:689317>>>  Tank #2 Red AI Tank is checking targeting info...
<<<15:19:54:689317>>>  Tank #2 Red AI Tank Launch angle not within tolerances, adjusting firing solution...
<<<15:19:54:689317>>>  Tank #2 Red AI Tank Launch speed not within tolerances, adjusting firing solution...
<<<15:19:54:689317>>>  Tank #2 Red AI Tank adjusted targeting angle one unit CCW...
<<<15:19:54:689317>>>  Tank #3 Yellow AI Tank is checking targeting info...
<<<15:19:54:689317>>>  Tank #3 Yellow AI Tank lowered launch speed one unit...
<<<15:19:54:705788>>>  Tank #2 Red AI Tank is checking targeting info...
<<<15:19:54:705788>>>  Tank #2 Red AI Tank Launch angle not within tolerances, adjusting firing solution...
<<<15:19:54:705788>>>  Tank #2 Red AI Tank Launch speed not within tolerances, adjusting firing solution...
<<<15:19:54:705788>>>  Tank #2 Red AI Tank adjusted targeting angle one unit CCW...
<<<15:19:54:705788>>>  Tank #3 Yellow AI Tank is checking targeting info...
<<<15:19:54:705788>>>  Tank #3 Yellow AI Tank lowered launch speed one unit...
<<<15:19:54:721540>>>  Tank #2 Red AI Tank is checking targeting info...
<<<15:19:54:721540>>>  Tank #2 Red AI Tank Launch angle not within tolerances, adjusting firing solution...
<<<15:19:54:721540>>>  Tank #2 Red AI Tank Launch speed not within tolerances, adjusting firing solution...
<<<15:19:54:721540>>>  Tank #2 Red AI Tank adjusted targeting angle one unit CCW...
<<<15:19:54:721540>>>  Tank #3 Yellow AI Tank is checking targeting info...
<<<15:19:54:721540>>>  Tank #3 Yellow AI Tank lowered launch speed one unit...
<<<15:19:54:738064>>>  Tank #2 Red AI Tank is checking targeting info...
<<<15:19:54:738064>>>  Tank #2 Red AI Tank Launch angle not within tolerances, adjusting firing solution...
<<<15:19:54:738064>>>  Tank #2 Red AI Tank Launch speed not within tolerances, adjusting firing solution...
<<<15:19:54:738064>>>  Tank #2 Red AI Tank adjusted targeting angle one unit CCW...
<<<15:19:54:738064>>>  Tank #3 Yellow AI Tank is checking targeting info...
<<<15:19:54:738064>>>  Tank #3 Yellow AI Tank lowered launch speed one unit...
<<<15:19:54:754298>>>  Tank #2 Red AI Tank is checking targeting info...
<<<15:19:54:754298>>>  Tank #2 Red AI Tank Launch angle not within tolerances, adjusting firing solution...
<<<15:19:54:754298>>>  Tank #2 Red AI Tank Launch speed not within tolerances, adjusting firing solution...
<<<15:19:54:754298>>>  Tank #2 Red AI Tank adjusted targeting angle one unit CCW...
<<<15:19:54:754298>>>  Tank #3 Yellow AI Tank is checking targeting info...
<<<15:19:54:754298>>>  Tank #3 Yellow AI Tank lowered launch speed one unit...
<<<15:19:54:770915>>>  Tank #2 Red AI Tank is checking targeting info...
<<<15:19:54:770915>>>  Tank #2 Red AI Tank Launch angle not within tolerances, adjusting firing solution...
<<<15:19:54:770915>>>  Tank #2 Red AI Tank Launch speed not within tolerances, adjusting firing solution...
<<<15:19:54:770915>>>  Tank #2 Red AI Tank adjusted targeting angle one unit CCW...
<<<15:19:54:770915>>>  Tank #3 Yellow AI Tank is checking targeting info...
<<<15:19:54:770915>>>  Tank #3 Yellow AI Tank lowered launch speed one unit...
<<<15:19:54:787165>>>  Tank #2 Red AI Tank is checking targeting info...
<<<15:19:54:787165>>>  Tank #2 Red AI Tank Launch angle not within tolerances, adjusting firing solution...
<<<15:19:54:787165>>>  Tank #2 Red AI Tank Launch speed not within tolerances, adjusting firing solution...
<<<15:19:54:787165>>>  Tank #2 Red AI Tank adjusted targeting angle one unit CCW...
<<<15:19:54:787165>>>  Tank #3 Yellow AI Tank is checking targeting info...
<<<15:19:54:787165>>>  Tank #3 Yellow AI Tank lowered launch speed one unit...
<<<15:19:54:803796>>>  Tank #2 Red AI Tank is checking targeting info...
<<<15:19:54:803796>>>  Tank #2 Red AI Tank Launch angle not within tolerances, adjusting firing solution...
<<<15:19:54:803796>>>  Tank #2 Red AI Tank Launch speed not within tolerances, adjusting firing solution...
<<<15:19:54:803796>>>  Tank #2 Red AI Tank adjusted targeting angle one unit CCW...
<<<15:19:54:803796>>>  Tank #3 Yellow AI Tank is checking targeting info...
<<<15:19:54:803796>>>  Tank #3 Yellow AI Tank lowered launch speed one unit...
<<<15:19:54:820130>>>  Tank #2 Red AI Tank is checking targeting info...
<<<15:19:54:820130>>>  Tank #2 Red AI Tank Launch angle not within tolerances, adjusting firing solution...
<<<15:19:54:820130>>>  Tank #2 Red AI Tank Launch speed not within tolerances, adjusting firing solution...
<<<15:19:54:820130>>>  Tank #2 Red AI Tank adjusted targeting angle one unit CCW...
<<<15:19:54:820130>>>  Tank #3 Yellow AI Tank is checking targeting info...
<<<15:19:54:820130>>>  Tank #3 Yellow AI Tank lowered launch speed one unit...
<<<15:19:54:835753>>>  Tank #2 Red AI Tank is checking targeting info...
<<<15:19:54:835753>>>  Tank #2 Red AI Tank Launch angle not within tolerances, adjusting firing solution...
<<<15:19:54:835753>>>  Tank #2 Red AI Tank Launch speed not within tolerances, adjusting firing solution...
<<<15:19:54:835753>>>  Tank #2 Red AI Tank adjusted targeting angle one unit CCW...
<<<15:19:54:835753>>>  Tank #3 Yellow AI Tank is checking targeting info...
<<<15:19:54:835753>>>  Tank #3 Yellow AI Tank lowered launch speed one unit...
<<<15:19:54:852449>>>  Tank #2 Red AI Tank is checking targeting info...
<<<15:19:54:852449>>>  Tank #2 Red AI Tank Launch angle not within tolerances, adjusting firing solution...
<<<15:19:54:852449>>>  Tank #2 Red AI Tank Launch speed not within tolerances, adjusting firing solution...
<<<15:19:54:852449>>>  Tank #2 Red AI Tank adjusted targeting angle one unit CCW...
<<<15:19:54:852449>>>  Tank #3 Yellow AI Tank is checking targeting info...
<<<15:19:54:852449>>>  Tank #3 Yellow AI Tank lowered launch speed one unit...
<<<15:19:54:870085>>>  Tank #2 Red AI Tank is checking targeting info...
<<<15:19:54:870085>>>  Tank #2 Red AI Tank Launch angle not within tolerances, adjusting firing solution...
<<<15:19:54:870085>>>  Tank #2 Red AI Tank Launch speed not within tolerances, adjusting firing solution...
<<<15:19:54:870085>>>  Tank #2 Red AI Tank adjusted targeting angle one unit CCW...
<<<15:19:54:870085>>>  Tank #3 Yellow AI Tank is checking targeting info...
<<<15:19:54:870085>>>  Tank #3 Yellow AI Tank lowered launch speed one unit...
<<<15:19:54:886007>>>  Tank #2 Red AI Tank is checking targeting info...
<<<15:19:54:886007>>>  Tank #2 Red AI Tank Launch angle not within tolerances, adjusting firing solution...
<<<15:19:54:886007>>>  Tank #2 Red AI Tank Launch speed not within tolerances, adjusting firing solution...
<<<15:19:54:886007>>>  Tank #2 Red AI Tank adjusted targeting angle one unit CCW...
<<<15:19:54:886007>>>  Tank #3 Yellow AI Tank is checking targeting info...
<<<15:19:54:886007>>>  Tank #3 Yellow AI Tank lowered launch speed one unit...
<<<15:19:54:902247>>>  Tank #2 Red AI Tank is checking targeting info...
<<<15:19:54:902247>>>  Tank #2 Red AI Tank Launch angle not within tolerances, adjusting firing solution...
<<<15:19:54:902247>>>  Tank #2 Red AI Tank Launch speed not within tolerances, adjusting firing solution...
<<<15:19:54:902247>>>  Tank #2 Red AI Tank adjusted targeting angle one unit CCW...
<<<15:19:54:902247>>>  Tank #3 Yellow AI Tank is checking targeting info...
<<<15:19:54:902247>>>  Tank #3 Yellow AI Tank lowered launch speed one unit...
<<<15:19:54:917943>>>  Tank #2 Red AI Tank is checking targeting info...
<<<15:19:54:917943>>>  Tank #2 Red AI Tank Launch angle not within tolerances, adjusting firing solution...
<<<15:19:54:917943>>>  Tank #2 Red AI Tank Launch speed not within tolerances, adjusting firing solution...
<<<15:19:54:917943>>>  Tank #2 Red AI Tank adjusted targeting angle one unit CCW...
<<<15:19:54:917943>>>  Tank #3 Yellow AI Tank is checking targeting info...
<<<15:19:54:917943>>>  Tank #3 Yellow AI Tank lowered launch speed one unit...
<<<15:19:54:933484>>>  Tank #2 Red AI Tank is checking targeting info...
<<<15:19:54:933484>>>  Tank #2 Red AI Tank Launch angle not within tolerances, adjusting firing solution...
<<<15:19:54:933484>>>  Tank #2 Red AI Tank Launch speed not within tolerances, adjusting firing solution...
<<<15:19:54:933484>>>  Tank #2 Red AI Tank adjusted targeting angle one unit CCW...
<<<15:19:54:933484>>>  Tank #3 Yellow AI Tank is checking targeting info...
<<<15:19:54:933484>>>  Tank #3 Yellow AI Tank lowered launch speed one unit...
<<<15:19:54:949680>>>  Tank #2 Red AI Tank is checking targeting info...
<<<15:19:54:949680>>>  Tank #2 Red AI Tank Launch angle not within tolerances, adjusting firing solution...
<<<15:19:54:949680>>>  Tank #2 Red AI Tank Launch speed not within tolerances, adjusting firing solution...
<<<15:19:54:949680>>>  Tank #2 Red AI Tank adjusted targeting angle one unit CCW...
<<<15:19:54:949680>>>  Tank #3 Yellow AI Tank is checking targeting info...
<<<15:19:54:949680>>>  Tank #3 Yellow AI Tank lowered launch speed one unit...
<<<15:19:54:966987>>>  Tank #2 Red AI Tank is checking targeting info...
<<<15:19:54:966987>>>  Tank #2 Red AI Tank Launch angle not within tolerances, adjusting firing solution...
<<<15:19:54:966987>>>  Tank #2 Red AI Tank Launch speed not within tolerances, adjusting firing solution...
<<<15:19:54:966987>>>  Tank #2 Red AI Tank adjusted targeting angle one unit CCW...
<<<15:19:54:966987>>>  Tank #3 Yellow AI Tank is checking targeting info...
<<<15:19:54:966987>>>  Tank #3 Yellow AI Tank firing solution within tolerances, not adjusting firing solution...
<<<15:19:54:966987>>>  Tank #3 Yellow AI Tank attempting to fire cannonball...
<<<15:19:54:983469>>>  Tank #2 Red AI Tank is checking targeting info...
<<<15:19:54:983469>>>  Tank #2 Red AI Tank Launch angle not within tolerances, adjusting firing solution...
<<<15:19:54:983469>>>  Tank #2 Red AI Tank Launch speed not within tolerances, adjusting firing solution...
<<<15:19:54:983469>>>  Tank #2 Red AI Tank adjusted targeting angle one unit CCW...
<<<15:19:54:983469>>>  Tank #3 Yellow AI Tank chose to move to 5.1944, cururently at 5.7596.
<<<15:19:54:983469>>>  Tank #3 Yellow AI Tank moved one unit CW...
<<<15:19:54:983469>>>  Tank #3 Yellow AI Tank chose to move...
<<<15:19:54:999599>>>  Tank #2 Red AI Tank is checking targeting info...
<<<15:19:54:999599>>>  Tank #2 Red AI Tank Launch angle not within tolerances, adjusting firing solution...
<<<15:19:54:999599>>>  Tank #2 Red AI Tank Launch speed not within tolerances, adjusting firing solution...
<<<15:19:54:999599>>>  Tank #2 Red AI Tank adjusted targeting angle one unit CCW...
<<<15:19:54:999599>>>  Tank #3 Yellow AI Tank moved one unit CW...
<<<15:19:55:016016>>>  Tank #2 Red AI Tank is checking targeting info...
<<<15:19:55:016016>>>  Tank #2 Red AI Tank Launch angle not within tolerances, adjusting firing solution...
<<<15:19:55:016016>>>  Tank #2 Red AI Tank Launch speed not within tolerances, adjusting firing solution...
<<<15:19:55:016016>>>  Tank #2 Red AI Tank adjusted targeting angle one unit CCW...
<<<15:19:55:016016>>>  Tank #3 Yellow AI Tank moved one unit CW...
<<<15:19:55:032008>>>  Tank #2 Red AI Tank is checking targeting info...
<<<15:19:55:032008>>>  Tank #2 Red AI Tank increased launch speed one unit...
<<<15:19:55:032008>>>  Tank #3 Yellow AI Tank moved one unit CW...
<<<15:19:55:047488>>>  Tank #2 Red AI Tank is checking targeting info...
<<<15:19:55:047488>>>  Tank #2 Red AI Tank increased launch speed one unit...
<<<15:19:55:047488>>>  Tank #3 Yellow AI Tank moved one unit CW...
<<<15:19:55:064833>>>  Tank #2 Red AI Tank is checking targeting info...
<<<15:19:55:064833>>>  Tank #2 Red AI Tank increased launch speed one unit...
<<<15:19:55:064833>>>  Tank #3 Yellow AI Tank moved one unit CW...
<<<15:19:55:082140>>>
* INFORMATION FOR Tank #1 Green Player Tank's CANNONBALLS:
* Cannonballs in memory for Tank #1 Green Player Tank:  0.
* Total cannonballs fired or chambered for Tank #1 Green Player Tank:  0.
<<<15:19:55:082140>>>
* INFORMATION FOR Tank #2 Red AI Tank's CANNONBALLS:
* Cannonballs in memory for Tank #2 Red AI Tank:  1.
* Total cannonballs fired or chambered for Tank #2 Red AI Tank:  1.
<<<15:19:55:082140>>>
* CURRENT VALUES FOR CELESTIAL BODY:  Tank #2 Red AI Tank's Cannonball #1
* This is not the homeworld.
* The celestial boyd's density is 5515 kg/m^3.
* The celestial body's mass is 1000 kg.
* The Earth's mass is 5.972e+24 kg.
* The celestial body's radius is 0.001 km.
* The celestial body's coordinates are (669.7993339714907, -6378.544317706827).
* The celestial body's velocity is (0.5829108109351423, -5.484382329335286).
* The celestial body's speed is 5.515272844368646 km/s.
* The celestial body's acceleration is (0, 0).
* The celestial body's screen x and y coordinates are (809, 540).
* The celestial body's screen radius is 2.
* The celestial is using a body circle.
<<<15:19:55:082140>>>
* ADDITIONAL INFORMATION FOR Tank #2 Red AI Tank's Cannonball #1:
* This cannonball is chambered.
<<<15:19:55:082140>>>
* INFORMATION FOR Tank #3 Yellow AI Tank's CANNONBALLS:
* Cannonballs in memory for Tank #3 Yellow AI Tank:  2.
* Total cannonballs fired or chambered for Tank #3 Yellow AI Tank:  2.
<<<15:19:55:083149>>>
* CURRENT VALUES FOR CELESTIAL BODY:  Tank #3 Yellow AI Tank's Cannonball #1
* This is not the homeworld.
* The celestial boyd's density is 5515 kg/m^3.
* The celestial body's mass is 1000 kg.
* The Earth's mass is 5.972e+24 kg.
* The celestial body's radius is 0.001 km.
* The celestial body's coordinates are (5984.066782605497, -5984.493884778573).
* The celestial body's velocity is (0.6547762743682524, -7.988711783910211).
* The celestial body's speed is 8.015500479437415 km/s.
* The celestial body's acceleration is (-0.004027687565554598, 0.003978140436617161).
* The celestial body's screen x and y coordinates are (884, 534).
* The celestial body's screen radius is 2.
* The celestial is using a body circle.
<<<15:19:55:083149>>>
* ADDITIONAL INFORMATION FOR Tank #3 Yellow AI Tank's Cannonball #1:
* This cannonball is active.
<<<15:19:55:083149>>>
* CURRENT VALUES FOR CELESTIAL BODY:  Tank #3 Yellow AI Tank's Cannonball #2
* This is not the homeworld.
* The celestial boyd's density is 5515 kg/m^3.
* The celestial body's mass is 1000 kg.
* The Earth's mass is 5.972e+24 kg.
* The celestial body's radius is 0.001 km.
* The celestial body's coordinates are (5626.358018567923, -3663.5496633309094).
* The celestial body's velocity is (1.307782562878941, -6.590091831415078).
* The celestial body's speed is 6.718601459995521 km/s.
* The celestial body's acceleration is (-0.007564092223491383, 0.004849985256347858).
* The celestial body's screen x and y coordinates are (879, 501).
* The celestial body's screen radius is 2.
* The celestial is using a body circle.
<<<15:19:55:083149>>>
* ADDITIONAL INFORMATION FOR Tank #3 Yellow AI Tank's Cannonball #2:
* This cannonball is active.
<<<15:19:55:083149>>>  Quit through pygame and writing log file...
