<<<17:22:59:057822>>>  Pix\Homeworlds\Forest\5.png loaded as pixie for Earth...
<<<17:22:59:057822>>>  Image at Pix\Homeworlds\Forest\5.png chosen as homeworld pix for Earth's...
<<<17:22:59:058819>>>  Pix\Moons\3.png loaded as pixie for Moon #2...
<<<17:22:59:132652>>>  Pix\Snails\Green_Snail\Spells\Spellready_Icon\spellready.png returned as pixie for Snail #1 Green Player...
<<<17:22:59:132652>>>  Pix\Magic\Scroll\scroll.png returned as pixie for Snail #1 Green Player...
<<<17:22:59:132652>>>  Snail #1 Green Player successfully created!
<<<17:22:59:203465>>>  Pix\Snails\Red_Snail\Spells\Spellready_Icon\spellready.png returned as pixie for Snail #2 Red Player...
<<<17:22:59:203465>>>  Pix\Magic\Scroll\scroll.png returned as pixie for Snail #2 Red Player...
<<<17:22:59:204460>>>  Snail #2 Red Player successfully created!
<<<17:22:59:288044>>>  Snail #1 Green Player chambered cannonball...
<<<17:22:59:288044>>>
* CURRENT VALUES FOR CELESTIAL BODY:  Snail #1 Green Player's Cannonball #1
* This is not the homeworld.
* The celestial boyd's density is 5515 kg/m^3.
* The celestial body's mass is 1000 kg.
* The Earth's mass is 5.972e+24 kg.
* The celestial body's radius is 0.001 km.
* The celestial body's coordinates are (3.9011123786838936e-13, 6371.0).
* The celestial body's velocity is (0.0007107359350827625, 5.594121961475853).
* The celestial body's speed is 5.594122006625527 km/s.
* The celestial body's acceleration is (0, 0).
* The celestial body's screen x and y coordinates are (768, 345).
* The celestial body's screen radius is 2.
* The celestial is using a body circle.
<<<17:22:59:288044>>>
* ADDITIONAL INFORMATION FOR Snail #1 Green Player's Cannonball #1:
* This cannonball is chambered.
<<<17:23:04:383385>>>
* INFORMATION FOR Snail #1 Green Player's CANNONBALLS:
* Cannonballs in memory for Snail #1 Green Player:  1.
* Total cannonballs fired or chambered for Snail #1 Green Player:  1.
<<<17:23:04:383385>>>
* CURRENT VALUES FOR CELESTIAL BODY:  Snail #1 Green Player's Cannonball #1
* This is not the homeworld.
* The celestial boyd's density is 5515 kg/m^3.
* The celestial body's mass is 1000 kg.
* The Earth's mass is 5.972e+24 kg.
* The celestial body's radius is 0.001 km.
* The celestial body's coordinates are (-46.836101913043315, 6327.560956801193).
* The celestial body's velocity is (0.0007107359350827625, 5.594121961475853).
* The celestial body's speed is 5.594122006625527 km/s.
* The celestial body's acceleration is (0, 0).
* The celestial body's screen x and y coordinates are (767, 346).
* The celestial body's screen radius is 2.
* The celestial is using a body circle.
<<<17:23:04:383385>>>
* ADDITIONAL INFORMATION FOR Snail #1 Green Player's Cannonball #1:
* This cannonball is chambered.
<<<17:23:04:383385>>>
* INFORMATION FOR Snail #2 Red Player's CANNONBALLS:
* Cannonballs in memory for Snail #2 Red Player:  0.
* Total cannonballs fired or chambered for Snail #2 Red Player:  0.
<<<17:23:04:383385>>>  Quit through pygame and writing log file...
