<<<15:21:11:177433>>>
* Screen coordinates (503, 8) choosen in zone #2.
* Screen dimensions are 1600 wide by 900 high.
* Minimum (x, y) are (266, 0).
* Maximum (x, y) are (1333, 150).
* Mid (x, y) are (799, 75).
<<<15:21:11:177433>>>  Image at Pix\Faraway_Objects\Galaxies\1.png choosen for background...
<<<15:21:11:178837>>>
* Screen coordinates (879, 794) choosen in zone #6.
* Screen dimensions are 1600 wide by 900 high.
* Minimum (x, y) are (266, 750).
* Maximum (x, y) are (1333, 900).
* Mid (x, y) are (799, 825).
<<<15:21:11:178837>>>  Image at Pix\Faraway_Objects\Asteroids\7.png choosen for background...
<<<15:21:11:181829>>>  Pix\Homeworlds\Desert\8.png loaded as pixie for Earth...
<<<15:21:11:181829>>>  Image at Pix\Homeworlds\Desert\8.png chosen as homeworld pix for Earth's...
<<<15:21:11:181829>>>  Pix\Moons\5.png loaded as pixie for Moon #2...
<<<15:21:11:227297>>>  Pix\Snails\Green_Snail\Spells\Spellready_Icon\spellready.png returned as pixie for Tank #1 Green Player Tank...
<<<15:21:11:227297>>>  Tank #1 Green Player Tank successfully created!
<<<15:21:11:272929>>>  Pix\Snails\Red_Snail\Spells\Spellready_Icon\spellready.png returned as pixie for Tank #2 Red AI Tank...
<<<15:21:11:272929>>>  Tank #2 Red AI Tank successfully created!
<<<15:21:11:319194>>>  Pix\Snails\Yellow_Snail\Spells\Spellready_Icon\spellready.png returned as pixie for Tank #3 Yellow AI Tank...
<<<15:21:11:319194>>>  Tank #3 Yellow AI Tank successfully created!
<<<15:21:11:322739>>>
* *** Tank #2 Red AI Tank USING CLEAR SKIES FUNCTION ***
* Moon #2 at (-2009.458386214537, 12582.402649731977), angle 1.7291628365094538 rads.
* Tank #2 Red AI Tank at (-5517.44784751066, -3185.499999999998), angle 3.665191429188092.
* Angle Between is 1.936028592678638 rads.
<<<15:21:11:322739>>>  Tank #2 Red AI Tank saw no celestials or cannonballs above their heads and is casting Gravity...
<<<15:21:11:322739>>>  Successfully removed spellready icon from Tank #2 Red AI Tank's effect list!
<<<15:21:11:322739>>>  Tank #3 Yellow AI Tank chose to move to 4.6523, cururently at 5.7596.
<<<15:21:11:322739>>>  Tank #3 Yellow AI Tank moved one unit CW...
<<<15:21:11:322739>>>  Tank #3 Yellow AI Tank chose to move...
<<<15:21:11:338366>>>  Tank #3 Yellow AI Tank moved one unit CW...
<<<15:21:11:354987>>>  Tank #3 Yellow AI Tank moved one unit CW...
<<<15:21:11:370876>>>  Tank #3 Yellow AI Tank moved one unit CW...
<<<15:21:11:386888>>>  Tank #3 Yellow AI Tank moved one unit CW...
<<<15:21:11:402524>>>  Tank #3 Yellow AI Tank moved one unit CW...
<<<15:21:11:419713>>>  Tank #3 Yellow AI Tank moved one unit CW...
<<<15:21:11:435659>>>  Tank #3 Yellow AI Tank moved one unit CW...
<<<15:21:11:452092>>>  Tank #3 Yellow AI Tank moved one unit CW...
<<<15:21:11:469309>>>  Tank #3 Yellow AI Tank moved one unit CW...
<<<15:21:11:486161>>>  Tank #3 Yellow AI Tank moved one unit CW...
<<<15:21:11:502733>>>  Tank #3 Yellow AI Tank moved one unit CW...
<<<15:21:11:518940>>>  Tank #3 Yellow AI Tank moved one unit CW...
<<<15:21:11:534491>>>  Tank #3 Yellow AI Tank moved one unit CW...
<<<15:21:11:551057>>>  Tank #3 Yellow AI Tank moved one unit CW...
<<<15:21:11:566510>>>  Tank #3 Yellow AI Tank moved one unit CW...
<<<15:21:11:584732>>>  Successfully removed spellready icon from Tank #1 Green Player Tank's effect list!
<<<15:21:11:584732>>>  Tank #3 Yellow AI Tank moved one unit CW...
<<<15:21:11:599899>>>  Tank #3 Yellow AI Tank moved one unit CW...
<<<15:21:11:615442>>>  Tank #3 Yellow AI Tank moved one unit CW...
<<<15:21:11:631473>>>  Tank #3 Yellow AI Tank moved one unit CW...
<<<15:21:11:648005>>>  Tank #3 Yellow AI Tank moved one unit CW...
<<<15:21:11:663849>>>  Tank #3 Yellow AI Tank moved one unit CW...
<<<15:21:11:679669>>>  Tank #3 Yellow AI Tank moved one unit CW...
<<<15:21:11:695872>>>  Tank #3 Yellow AI Tank moved one unit CW...
<<<15:21:11:711841>>>  Tank #3 Yellow AI Tank moved one unit CW...
<<<15:21:11:729191>>>  Tank #3 Yellow AI Tank moved one unit CW...
<<<15:21:11:745916>>>  Tank #3 Yellow AI Tank moved one unit CW...
<<<15:21:11:761800>>>  Tank #3 Yellow AI Tank moved one unit CW...
<<<15:21:11:778062>>>  Tank #3 Yellow AI Tank moved one unit CW...
<<<15:21:11:794481>>>  Tank #3 Yellow AI Tank moved one unit CW...
<<<15:21:11:811796>>>  Tank #3 Yellow AI Tank moved one unit CW...
<<<15:21:11:828028>>>  Tank #3 Yellow AI Tank moved one unit CW...
<<<15:21:11:843460>>>  Tank #3 Yellow AI Tank moved one unit CW...
<<<15:21:11:859914>>>  Tank #3 Yellow AI Tank moved one unit CW...
<<<15:21:11:875737>>>  Tank #3 Yellow AI Tank moved one unit CW...
<<<15:21:11:891725>>>  Tank #3 Yellow AI Tank moved one unit CW...
<<<15:21:11:908613>>>  Tank #3 Yellow AI Tank moved one unit CW...
<<<15:21:11:925227>>>  Tank #3 Yellow AI Tank moved one unit CW...
<<<15:21:11:941881>>>  Tank #3 Yellow AI Tank moved one unit CW...
<<<15:21:11:957975>>>  Tank #3 Yellow AI Tank moved one unit CW...
<<<15:21:11:974712>>>  Tank #3 Yellow AI Tank moved one unit CW...
<<<15:21:11:990541>>>  Tank #3 Yellow AI Tank moved one unit CW...
<<<15:21:12:007316>>>  Tank #3 Yellow AI Tank moved one unit CW...
<<<15:21:12:023243>>>  Tank #3 Yellow AI Tank moved one unit CW...
<<<15:21:12:039639>>>  Tank #3 Yellow AI Tank moved one unit CW...
<<<15:21:12:056171>>>  Tank #3 Yellow AI Tank moved one unit CW...
<<<15:21:12:072977>>>  Tank #3 Yellow AI Tank moved one unit CW...
<<<15:21:12:089046>>>  Tank #3 Yellow AI Tank moved one unit CW...
<<<15:21:12:104724>>>  Tank #3 Yellow AI Tank moved one unit CW...
<<<15:21:12:120681>>>  Tank #3 Yellow AI Tank moved one unit CW...
<<<15:21:12:136894>>>  Tank #3 Yellow AI Tank moved one unit CW...
<<<15:21:12:152234>>>  Tank #3 Yellow AI Tank moved one unit CW...
<<<15:21:12:168402>>>  Tank #3 Yellow AI Tank moved one unit CW...
<<<15:21:12:184712>>>  Tank #3 Yellow AI Tank moved one unit CW...
<<<15:21:12:201111>>>  Tank #3 Yellow AI Tank moved one unit CW...
<<<15:21:12:218465>>>  Tank #3 Yellow AI Tank moved one unit CW...
<<<15:21:12:235128>>>  Tank #3 Yellow AI Tank moved one unit CW...
<<<15:21:12:252013>>>  Tank #3 Yellow AI Tank moved one unit CW...
<<<15:21:12:268022>>>  Tank #3 Yellow AI Tank moved one unit CW...
<<<15:21:12:284646>>>  Tank #3 Yellow AI Tank moved one unit CW...
<<<15:21:12:300757>>>  Tank #3 Yellow AI Tank moved one unit CW...
<<<15:21:12:316522>>>  Tank #3 Yellow AI Tank moved one unit CW...
<<<15:21:12:332424>>>  Tank #3 Yellow AI Tank moved one unit CW...
<<<15:21:12:364588>>>  Successfully removed spellready icon from Tank #3 Yellow AI Tank's effect list!
<<<15:21:12:657528>>>  Successfully removed spellbook from Tank #1 Green Player Tank's effect list!
<<<15:21:12:657528>>>  Successfully removed spellready icon from Tank #1 Green Player Tank's effect list!
<<<15:21:12:657528>>>  Deleting effect pixie portal-closing...
<<<15:21:12:939563>>>  Successfully removed spellbook from Tank #2 Red AI Tank's effect list!
<<<15:21:12:939563>>>  Tank #2 Red AI Tank chose to shoot...
<<<15:21:12:939563>>>  Deleting effect pixie gravity-rising...
<<<15:21:15:370502>>>  Successfully removed spellbook from Tank #3 Yellow AI Tank's effect list!
<<<15:21:15:370502>>>  Tank #3 Yellow AI Tank chose to shoot...
<<<15:21:15:370502>>>  Tank #3 Yellow AI Tank chose to shoot...
<<<15:21:15:370502>>>  Tank #2 Red AI Tank is checking targeting info...
<<<15:21:15:370502>>>  Tank #2 Red AI Tank Launch angle not within tolerances, adjusting firing solution...
<<<15:21:15:371581>>>  Tank #2 Red AI Tank Launch speed not within tolerances, adjusting firing solution...
<<<15:21:15:371581>>>  Tank #2 Red AI Tank adjusted targeting angle one unit CCW...
<<<15:21:15:371581>>>  Tank #3 Yellow AI Tank is checking targeting info...
<<<15:21:15:371581>>>  Tank #3 Yellow AI Tank Launch angle not within tolerances, adjusting firing solution...
<<<15:21:15:371581>>>  Tank #3 Yellow AI Tank Launch speed not within tolerances, adjusting firing solution...
<<<15:21:15:371581>>>  Tank #3 Yellow AI Tank adjusted targeting angle one unit CW...
<<<15:21:15:386767>>>  Tank #2 Red AI Tank is checking targeting info...
<<<15:21:15:386767>>>  Tank #2 Red AI Tank Launch angle not within tolerances, adjusting firing solution...
<<<15:21:15:386767>>>  Tank #2 Red AI Tank Launch speed not within tolerances, adjusting firing solution...
<<<15:21:15:386767>>>  Tank #2 Red AI Tank adjusted targeting angle one unit CCW...
<<<15:21:15:386767>>>  Tank #3 Yellow AI Tank is checking targeting info...
<<<15:21:15:386767>>>  Tank #3 Yellow AI Tank Launch angle not within tolerances, adjusting firing solution...
<<<15:21:15:386767>>>  Tank #3 Yellow AI Tank Launch speed not within tolerances, adjusting firing solution...
<<<15:21:15:386767>>>  Tank #3 Yellow AI Tank adjusted targeting angle one unit CW...
<<<15:21:15:403246>>>  Tank #2 Red AI Tank is checking targeting info...
<<<15:21:15:403246>>>  Tank #2 Red AI Tank Launch angle not within tolerances, adjusting firing solution...
<<<15:21:15:403246>>>  Tank #2 Red AI Tank Launch speed not within tolerances, adjusting firing solution...
<<<15:21:15:403246>>>  Tank #2 Red AI Tank adjusted targeting angle one unit CCW...
<<<15:21:15:403246>>>  Tank #3 Yellow AI Tank is checking targeting info...
<<<15:21:15:403246>>>  Tank #3 Yellow AI Tank Launch angle not within tolerances, adjusting firing solution...
<<<15:21:15:403246>>>  Tank #3 Yellow AI Tank Launch speed not within tolerances, adjusting firing solution...
<<<15:21:15:403246>>>  Tank #3 Yellow AI Tank adjusted targeting angle one unit CW...
<<<15:21:15:420033>>>  Tank #2 Red AI Tank is checking targeting info...
<<<15:21:15:420033>>>  Tank #2 Red AI Tank Launch angle not within tolerances, adjusting firing solution...
<<<15:21:15:420033>>>  Tank #2 Red AI Tank Launch speed not within tolerances, adjusting firing solution...
<<<15:21:15:420033>>>  Tank #2 Red AI Tank adjusted targeting angle one unit CCW...
<<<15:21:15:420033>>>  Tank #3 Yellow AI Tank is checking targeting info...
<<<15:21:15:420033>>>  Tank #3 Yellow AI Tank Launch angle not within tolerances, adjusting firing solution...
<<<15:21:15:420925>>>  Tank #3 Yellow AI Tank Launch speed not within tolerances, adjusting firing solution...
<<<15:21:15:420925>>>  Tank #3 Yellow AI Tank adjusted targeting angle one unit CW...
<<<15:21:15:435297>>>  Tank #2 Red AI Tank is checking targeting info...
<<<15:21:15:435297>>>  Tank #2 Red AI Tank Launch angle not within tolerances, adjusting firing solution...
<<<15:21:15:435297>>>  Tank #2 Red AI Tank Launch speed not within tolerances, adjusting firing solution...
<<<15:21:15:435297>>>  Tank #2 Red AI Tank adjusted targeting angle one unit CCW...
<<<15:21:15:435297>>>  Tank #3 Yellow AI Tank is checking targeting info...
<<<15:21:15:435297>>>  Tank #3 Yellow AI Tank Launch angle not within tolerances, adjusting firing solution...
<<<15:21:15:435297>>>  Tank #3 Yellow AI Tank Launch speed not within tolerances, adjusting firing solution...
<<<15:21:15:435297>>>  Tank #3 Yellow AI Tank adjusted targeting angle one unit CW...
<<<15:21:15:451383>>>  Tank #2 Red AI Tank is checking targeting info...
<<<15:21:15:451383>>>  Tank #2 Red AI Tank Launch angle not within tolerances, adjusting firing solution...
<<<15:21:15:451383>>>  Tank #2 Red AI Tank Launch speed not within tolerances, adjusting firing solution...
<<<15:21:15:451383>>>  Tank #2 Red AI Tank adjusted targeting angle one unit CCW...
<<<15:21:15:451383>>>  Tank #3 Yellow AI Tank is checking targeting info...
<<<15:21:15:451383>>>  Tank #3 Yellow AI Tank Launch angle not within tolerances, adjusting firing solution...
<<<15:21:15:451383>>>  Tank #3 Yellow AI Tank Launch speed not within tolerances, adjusting firing solution...
<<<15:21:15:451383>>>  Tank #3 Yellow AI Tank adjusted targeting angle one unit CW...
<<<15:21:15:468720>>>  Tank #2 Red AI Tank is checking targeting info...
<<<15:21:15:468720>>>  Tank #2 Red AI Tank Launch angle not within tolerances, adjusting firing solution...
<<<15:21:15:468720>>>  Tank #2 Red AI Tank Launch speed not within tolerances, adjusting firing solution...
<<<15:21:15:468720>>>  Tank #2 Red AI Tank adjusted targeting angle one unit CCW...
<<<15:21:15:468720>>>  Tank #3 Yellow AI Tank is checking targeting info...
<<<15:21:15:468720>>>  Tank #3 Yellow AI Tank Launch angle not within tolerances, adjusting firing solution...
<<<15:21:15:468720>>>  Tank #3 Yellow AI Tank Launch speed not within tolerances, adjusting firing solution...
<<<15:21:15:468720>>>  Tank #3 Yellow AI Tank adjusted targeting angle one unit CW...
<<<15:21:15:485742>>>  Tank #2 Red AI Tank is checking targeting info...
<<<15:21:15:485742>>>  Tank #2 Red AI Tank Launch angle not within tolerances, adjusting firing solution...
<<<15:21:15:485742>>>  Tank #2 Red AI Tank Launch speed not within tolerances, adjusting firing solution...
<<<15:21:15:485742>>>  Tank #2 Red AI Tank adjusted targeting angle one unit CCW...
<<<15:21:15:485742>>>  Tank #3 Yellow AI Tank is checking targeting info...
<<<15:21:15:485742>>>  Tank #3 Yellow AI Tank Launch angle not within tolerances, adjusting firing solution...
<<<15:21:15:485742>>>  Tank #3 Yellow AI Tank Launch speed not within tolerances, adjusting firing solution...
<<<15:21:15:485742>>>  Tank #3 Yellow AI Tank adjusted targeting angle one unit CW...
<<<15:21:15:501924>>>  Tank #2 Red AI Tank is checking targeting info...
<<<15:21:15:501924>>>  Tank #2 Red AI Tank Launch angle not within tolerances, adjusting firing solution...
<<<15:21:15:501924>>>  Tank #2 Red AI Tank Launch speed not within tolerances, adjusting firing solution...
<<<15:21:15:501924>>>  Tank #2 Red AI Tank adjusted targeting angle one unit CCW...
<<<15:21:15:501924>>>  Tank #3 Yellow AI Tank is checking targeting info...
<<<15:21:15:501924>>>  Tank #3 Yellow AI Tank Launch angle not within tolerances, adjusting firing solution...
<<<15:21:15:501924>>>  Tank #3 Yellow AI Tank Launch speed not within tolerances, adjusting firing solution...
<<<15:21:15:501924>>>  Tank #3 Yellow AI Tank adjusted targeting angle one unit CW...
<<<15:21:15:518716>>>  Tank #2 Red AI Tank is checking targeting info...
<<<15:21:15:518716>>>  Tank #2 Red AI Tank Launch angle not within tolerances, adjusting firing solution...
<<<15:21:15:518716>>>  Tank #2 Red AI Tank Launch speed not within tolerances, adjusting firing solution...
<<<15:21:15:518716>>>  Tank #2 Red AI Tank adjusted targeting angle one unit CCW...
<<<15:21:15:518716>>>  Tank #3 Yellow AI Tank is checking targeting info...
<<<15:21:15:518716>>>  Tank #3 Yellow AI Tank Launch angle not within tolerances, adjusting firing solution...
<<<15:21:15:518716>>>  Tank #3 Yellow AI Tank Launch speed not within tolerances, adjusting firing solution...
<<<15:21:15:518716>>>  Tank #3 Yellow AI Tank adjusted targeting angle one unit CW...
<<<15:21:15:535042>>>  Tank #2 Red AI Tank is checking targeting info...
<<<15:21:15:535042>>>  Tank #2 Red AI Tank Launch angle not within tolerances, adjusting firing solution...
<<<15:21:15:535042>>>  Tank #2 Red AI Tank Launch speed not within tolerances, adjusting firing solution...
<<<15:21:15:535042>>>  Tank #2 Red AI Tank adjusted targeting angle one unit CCW...
<<<15:21:15:535042>>>  Tank #3 Yellow AI Tank is checking targeting info...
<<<15:21:15:535042>>>  Tank #3 Yellow AI Tank Launch angle not within tolerances, adjusting firing solution...
<<<15:21:15:535042>>>  Tank #3 Yellow AI Tank Launch speed not within tolerances, adjusting firing solution...
<<<15:21:15:535042>>>  Tank #3 Yellow AI Tank adjusted targeting angle one unit CW...
<<<15:21:15:551177>>>  Tank #2 Red AI Tank is checking targeting info...
<<<15:21:15:551177>>>  Tank #2 Red AI Tank Launch angle not within tolerances, adjusting firing solution...
<<<15:21:15:551177>>>  Tank #2 Red AI Tank Launch speed not within tolerances, adjusting firing solution...
<<<15:21:15:551177>>>  Tank #2 Red AI Tank adjusted targeting angle one unit CCW...
<<<15:21:15:551177>>>  Tank #3 Yellow AI Tank is checking targeting info...
<<<15:21:15:551177>>>  Tank #3 Yellow AI Tank Launch angle not within tolerances, adjusting firing solution...
<<<15:21:15:551177>>>  Tank #3 Yellow AI Tank Launch speed not within tolerances, adjusting firing solution...
<<<15:21:15:551177>>>  Tank #3 Yellow AI Tank adjusted targeting angle one unit CW...
<<<15:21:15:568109>>>  Tank #2 Red AI Tank is checking targeting info...
<<<15:21:15:568109>>>  Tank #2 Red AI Tank Launch angle not within tolerances, adjusting firing solution...
<<<15:21:15:568109>>>  Tank #2 Red AI Tank Launch speed not within tolerances, adjusting firing solution...
<<<15:21:15:568109>>>  Tank #2 Red AI Tank adjusted targeting angle one unit CCW...
<<<15:21:15:568109>>>  Tank #3 Yellow AI Tank is checking targeting info...
<<<15:21:15:568109>>>  Tank #3 Yellow AI Tank Launch angle not within tolerances, adjusting firing solution...
<<<15:21:15:568109>>>  Tank #3 Yellow AI Tank Launch speed not within tolerances, adjusting firing solution...
<<<15:21:15:568109>>>  Tank #3 Yellow AI Tank adjusted targeting angle one unit CW...
<<<15:21:15:585629>>>  Tank #2 Red AI Tank is checking targeting info...
<<<15:21:15:585629>>>  Tank #2 Red AI Tank Launch angle not within tolerances, adjusting firing solution...
<<<15:21:15:585629>>>  Tank #2 Red AI Tank Launch speed not within tolerances, adjusting firing solution...
<<<15:21:15:585629>>>  Tank #2 Red AI Tank adjusted targeting angle one unit CCW...
<<<15:21:15:585629>>>  Tank #3 Yellow AI Tank is checking targeting info...
<<<15:21:15:585629>>>  Tank #3 Yellow AI Tank Launch angle not within tolerances, adjusting firing solution...
<<<15:21:15:585629>>>  Tank #3 Yellow AI Tank Launch speed not within tolerances, adjusting firing solution...
<<<15:21:15:585629>>>  Tank #3 Yellow AI Tank adjusted targeting angle one unit CW...
<<<15:21:15:601705>>>  Tank #2 Red AI Tank is checking targeting info...
<<<15:21:15:601705>>>  Tank #2 Red AI Tank Launch angle not within tolerances, adjusting firing solution...
<<<15:21:15:601705>>>  Tank #2 Red AI Tank Launch speed not within tolerances, adjusting firing solution...
<<<15:21:15:601705>>>  Tank #2 Red AI Tank adjusted targeting angle one unit CCW...
<<<15:21:15:601705>>>  Tank #3 Yellow AI Tank is checking targeting info...
<<<15:21:15:601705>>>  Tank #3 Yellow AI Tank Launch angle not within tolerances, adjusting firing solution...
<<<15:21:15:601705>>>  Tank #3 Yellow AI Tank Launch speed not within tolerances, adjusting firing solution...
<<<15:21:15:601705>>>  Tank #3 Yellow AI Tank adjusted targeting angle one unit CW...
<<<15:21:15:618111>>>  Tank #2 Red AI Tank is checking targeting info...
<<<15:21:15:618111>>>  Tank #2 Red AI Tank Launch angle not within tolerances, adjusting firing solution...
<<<15:21:15:618111>>>  Tank #2 Red AI Tank Launch speed not within tolerances, adjusting firing solution...
<<<15:21:15:618111>>>  Tank #2 Red AI Tank adjusted targeting angle one unit CCW...
<<<15:21:15:618111>>>  Tank #3 Yellow AI Tank is checking targeting info...
<<<15:21:15:618111>>>  Tank #3 Yellow AI Tank Launch angle not within tolerances, adjusting firing solution...
<<<15:21:15:618111>>>  Tank #3 Yellow AI Tank Launch speed not within tolerances, adjusting firing solution...
<<<15:21:15:618111>>>  Tank #3 Yellow AI Tank adjusted targeting angle one unit CW...
<<<15:21:15:635087>>>  Tank #2 Red AI Tank is checking targeting info...
<<<15:21:15:635087>>>  Tank #2 Red AI Tank Launch angle not within tolerances, adjusting firing solution...
<<<15:21:15:635087>>>  Tank #2 Red AI Tank Launch speed not within tolerances, adjusting firing solution...
<<<15:21:15:635087>>>  Tank #2 Red AI Tank adjusted targeting angle one unit CCW...
<<<15:21:15:635087>>>  Tank #3 Yellow AI Tank is checking targeting info...
<<<15:21:15:635087>>>  Tank #3 Yellow AI Tank Launch angle not within tolerances, adjusting firing solution...
<<<15:21:15:635087>>>  Tank #3 Yellow AI Tank Launch speed not within tolerances, adjusting firing solution...
<<<15:21:15:635087>>>  Tank #3 Yellow AI Tank adjusted targeting angle one unit CW...
<<<15:21:15:650796>>>  Tank #2 Red AI Tank is checking targeting info...
<<<15:21:15:650796>>>  Tank #2 Red AI Tank Launch angle not within tolerances, adjusting firing solution...
<<<15:21:15:650796>>>  Tank #2 Red AI Tank Launch speed not within tolerances, adjusting firing solution...
<<<15:21:15:650796>>>  Tank #2 Red AI Tank adjusted targeting angle one unit CCW...
<<<15:21:15:650796>>>  Tank #3 Yellow AI Tank is checking targeting info...
<<<15:21:15:650796>>>  Tank #3 Yellow AI Tank Launch angle not within tolerances, adjusting firing solution...
<<<15:21:15:650796>>>  Tank #3 Yellow AI Tank Launch speed not within tolerances, adjusting firing solution...
<<<15:21:15:650796>>>  Tank #3 Yellow AI Tank adjusted targeting angle one unit CW...
<<<15:21:15:666322>>>  Tank #2 Red AI Tank is checking targeting info...
<<<15:21:15:666322>>>  Tank #2 Red AI Tank Launch angle not within tolerances, adjusting firing solution...
<<<15:21:15:666322>>>  Tank #2 Red AI Tank Launch speed not within tolerances, adjusting firing solution...
<<<15:21:15:666322>>>  Tank #2 Red AI Tank adjusted targeting angle one unit CCW...
<<<15:21:15:666322>>>  Tank #3 Yellow AI Tank is checking targeting info...
<<<15:21:15:666322>>>  Tank #3 Yellow AI Tank Launch angle not within tolerances, adjusting firing solution...
<<<15:21:15:666322>>>  Tank #3 Yellow AI Tank Launch speed not within tolerances, adjusting firing solution...
<<<15:21:15:666322>>>  Tank #3 Yellow AI Tank adjusted targeting angle one unit CW...
<<<15:21:15:682347>>>  Tank #2 Red AI Tank is checking targeting info...
<<<15:21:15:682347>>>  Tank #2 Red AI Tank Launch angle not within tolerances, adjusting firing solution...
<<<15:21:15:682347>>>  Tank #2 Red AI Tank Launch speed not within tolerances, adjusting firing solution...
<<<15:21:15:682347>>>  Tank #2 Red AI Tank adjusted targeting angle one unit CCW...
<<<15:21:15:682347>>>  Tank #3 Yellow AI Tank is checking targeting info...
<<<15:21:15:682347>>>  Tank #3 Yellow AI Tank Launch angle not within tolerances, adjusting firing solution...
<<<15:21:15:682347>>>  Tank #3 Yellow AI Tank Launch speed not within tolerances, adjusting firing solution...
<<<15:21:15:682347>>>  Tank #3 Yellow AI Tank adjusted targeting angle one unit CW...
<<<15:21:15:698492>>>  Tank #2 Red AI Tank is checking targeting info...
<<<15:21:15:698492>>>  Tank #2 Red AI Tank Launch angle not within tolerances, adjusting firing solution...
<<<15:21:15:698492>>>  Tank #2 Red AI Tank Launch speed not within tolerances, adjusting firing solution...
<<<15:21:15:698492>>>  Tank #2 Red AI Tank adjusted targeting angle one unit CCW...
<<<15:21:15:698492>>>  Tank #3 Yellow AI Tank is checking targeting info...
<<<15:21:15:698492>>>  Tank #3 Yellow AI Tank Launch angle not within tolerances, adjusting firing solution...
<<<15:21:15:698492>>>  Tank #3 Yellow AI Tank Launch speed not within tolerances, adjusting firing solution...
<<<15:21:15:698492>>>  Tank #3 Yellow AI Tank adjusted targeting angle one unit CW...
<<<15:21:15:714863>>>  Tank #2 Red AI Tank is checking targeting info...
<<<15:21:15:714863>>>  Tank #2 Red AI Tank Launch angle not within tolerances, adjusting firing solution...
<<<15:21:15:714863>>>  Tank #2 Red AI Tank Launch speed not within tolerances, adjusting firing solution...
<<<15:21:15:714863>>>  Tank #2 Red AI Tank adjusted targeting angle one unit CCW...
<<<15:21:15:714863>>>  Tank #3 Yellow AI Tank is checking targeting info...
<<<15:21:15:714863>>>  Tank #3 Yellow AI Tank Launch angle not within tolerances, adjusting firing solution...
<<<15:21:15:714863>>>  Tank #3 Yellow AI Tank Launch speed not within tolerances, adjusting firing solution...
<<<15:21:15:714863>>>  Tank #3 Yellow AI Tank adjusted targeting angle one unit CW...
<<<15:21:15:730618>>>  Deleting effect pixie thawing...
<<<15:21:15:730618>>>  Deleting effect pixie thawing...
<<<15:21:15:730618>>>  Tank #2 Red AI Tank is checking targeting info...
<<<15:21:15:730618>>>  Tank #2 Red AI Tank Launch angle not within tolerances, adjusting firing solution...
<<<15:21:15:730618>>>  Tank #2 Red AI Tank Launch speed not within tolerances, adjusting firing solution...
<<<15:21:15:730618>>>  Tank #2 Red AI Tank adjusted targeting angle one unit CCW...
<<<15:21:15:730618>>>  Tank #3 Yellow AI Tank is checking targeting info...
<<<15:21:15:730618>>>  Tank #3 Yellow AI Tank Launch angle not within tolerances, adjusting firing solution...
<<<15:21:15:730618>>>  Tank #3 Yellow AI Tank Launch speed not within tolerances, adjusting firing solution...
<<<15:21:15:730618>>>  Tank #3 Yellow AI Tank adjusted targeting angle one unit CW...
<<<15:21:15:746801>>>  Tank #2 Red AI Tank has been smushed by Moon #2!
<<<15:21:15:746801>>>  Tank #3 Yellow AI Tank is checking targeting info...
<<<15:21:15:746801>>>  Tank #3 Yellow AI Tank Launch angle not within tolerances, adjusting firing solution...
<<<15:21:15:746801>>>  Tank #3 Yellow AI Tank Launch speed not within tolerances, adjusting firing solution...
<<<15:21:15:746801>>>  Tank #3 Yellow AI Tank adjusted targeting angle one unit CW...
<<<15:21:15:763198>>>  Tank #2 Red AI Tank has been smushed by Moon #2!
<<<15:21:15:763198>>>  Tank #3 Yellow AI Tank is checking targeting info...
<<<15:21:15:763198>>>  Tank #3 Yellow AI Tank Launch angle not within tolerances, adjusting firing solution...
<<<15:21:15:763198>>>  Tank #3 Yellow AI Tank Launch speed not within tolerances, adjusting firing solution...
<<<15:21:15:763198>>>  Tank #3 Yellow AI Tank adjusted targeting angle one unit CW...
<<<15:21:15:779956>>>  Tank #3 Yellow AI Tank is checking targeting info...
<<<15:21:15:779956>>>  Tank #3 Yellow AI Tank Launch angle not within tolerances, adjusting firing solution...
<<<15:21:15:779956>>>  Tank #3 Yellow AI Tank Launch speed not within tolerances, adjusting firing solution...
<<<15:21:15:779956>>>  Tank #3 Yellow AI Tank adjusted targeting angle one unit CW...
<<<15:21:15:795273>>>  Tank #3 Yellow AI Tank is checking targeting info...
<<<15:21:15:795273>>>  Tank #3 Yellow AI Tank Launch angle not within tolerances, adjusting firing solution...
<<<15:21:15:795273>>>  Tank #3 Yellow AI Tank Launch speed not within tolerances, adjusting firing solution...
<<<15:21:15:795273>>>  Tank #3 Yellow AI Tank adjusted targeting angle one unit CW...
<<<15:21:15:811380>>>  Tank #3 Yellow AI Tank is checking targeting info...
<<<15:21:15:811380>>>  Tank #3 Yellow AI Tank Launch angle not within tolerances, adjusting firing solution...
<<<15:21:15:811380>>>  Tank #3 Yellow AI Tank Launch speed not within tolerances, adjusting firing solution...
<<<15:21:15:811380>>>  Tank #3 Yellow AI Tank adjusted targeting angle one unit CW...
<<<15:21:15:827910>>>  Tank #3 Yellow AI Tank is checking targeting info...
<<<15:21:15:827910>>>  Tank #3 Yellow AI Tank Launch angle not within tolerances, adjusting firing solution...
<<<15:21:15:827910>>>  Tank #3 Yellow AI Tank Launch speed not within tolerances, adjusting firing solution...
<<<15:21:15:827910>>>  Tank #3 Yellow AI Tank adjusted targeting angle one unit CW...
<<<15:21:15:843521>>>  Tank #3 Yellow AI Tank is checking targeting info...
<<<15:21:15:843521>>>  Tank #3 Yellow AI Tank Launch angle not within tolerances, adjusting firing solution...
<<<15:21:15:843521>>>  Tank #3 Yellow AI Tank Launch speed not within tolerances, adjusting firing solution...
<<<15:21:15:843521>>>  Tank #3 Yellow AI Tank adjusted targeting angle one unit CW...
<<<15:21:15:860288>>>  Tank #3 Yellow AI Tank is checking targeting info...
<<<15:21:15:860288>>>  Tank #3 Yellow AI Tank Launch angle not within tolerances, adjusting firing solution...
<<<15:21:15:860288>>>  Tank #3 Yellow AI Tank Launch speed not within tolerances, adjusting firing solution...
<<<15:21:15:860288>>>  Tank #3 Yellow AI Tank adjusted targeting angle one unit CW...
<<<15:21:15:876264>>>  Tank #3 Yellow AI Tank is checking targeting info...
<<<15:21:15:876264>>>  Tank #3 Yellow AI Tank Launch angle not within tolerances, adjusting firing solution...
<<<15:21:15:876264>>>  Tank #3 Yellow AI Tank Launch speed not within tolerances, adjusting firing solution...
<<<15:21:15:876264>>>  Tank #3 Yellow AI Tank adjusted targeting angle one unit CW...
<<<15:21:15:893047>>>  Tank #3 Yellow AI Tank is checking targeting info...
<<<15:21:15:893047>>>  Tank #3 Yellow AI Tank Launch angle not within tolerances, adjusting firing solution...
<<<15:21:15:893047>>>  Tank #3 Yellow AI Tank Launch speed not within tolerances, adjusting firing solution...
<<<15:21:15:893047>>>  Tank #3 Yellow AI Tank adjusted targeting angle one unit CW...
<<<15:21:15:910562>>>  Tank #3 Yellow AI Tank is checking targeting info...
<<<15:21:15:910562>>>  Tank #3 Yellow AI Tank Launch angle not within tolerances, adjusting firing solution...
<<<15:21:15:910562>>>  Tank #3 Yellow AI Tank Launch speed not within tolerances, adjusting firing solution...
<<<15:21:15:910562>>>  Tank #3 Yellow AI Tank adjusted targeting angle one unit CW...
<<<15:21:15:927895>>>  Tank #3 Yellow AI Tank is checking targeting info...
<<<15:21:15:927895>>>  Tank #3 Yellow AI Tank Launch angle not within tolerances, adjusting firing solution...
<<<15:21:15:927895>>>  Tank #3 Yellow AI Tank Launch speed not within tolerances, adjusting firing solution...
<<<15:21:15:927895>>>  Tank #3 Yellow AI Tank adjusted targeting angle one unit CW...
<<<15:21:15:943955>>>  Tank #3 Yellow AI Tank is checking targeting info...
<<<15:21:15:943955>>>  Tank #3 Yellow AI Tank Launch angle not within tolerances, adjusting firing solution...
<<<15:21:15:943955>>>  Tank #3 Yellow AI Tank Launch speed not within tolerances, adjusting firing solution...
<<<15:21:15:943955>>>  Tank #3 Yellow AI Tank adjusted targeting angle one unit CW...
<<<15:21:15:959817>>>  Tank #3 Yellow AI Tank is checking targeting info...
<<<15:21:15:959817>>>  Tank #3 Yellow AI Tank Launch angle not within tolerances, adjusting firing solution...
<<<15:21:15:959817>>>  Tank #3 Yellow AI Tank Launch speed not within tolerances, adjusting firing solution...
<<<15:21:15:959817>>>  Tank #3 Yellow AI Tank adjusted targeting angle one unit CW...
<<<15:21:15:975859>>>  Tank #3 Yellow AI Tank is checking targeting info...
<<<15:21:15:975859>>>  Tank #3 Yellow AI Tank Launch angle not within tolerances, adjusting firing solution...
<<<15:21:15:975859>>>  Tank #3 Yellow AI Tank Launch speed not within tolerances, adjusting firing solution...
<<<15:21:15:975859>>>  Tank #3 Yellow AI Tank adjusted targeting angle one unit CW...
<<<15:21:15:991720>>>  Tank #3 Yellow AI Tank is checking targeting info...
<<<15:21:15:991720>>>  Tank #3 Yellow AI Tank Launch angle not within tolerances, adjusting firing solution...
<<<15:21:15:991720>>>  Tank #3 Yellow AI Tank Launch speed not within tolerances, adjusting firing solution...
<<<15:21:15:991720>>>  Tank #3 Yellow AI Tank adjusted targeting angle one unit CW...
<<<15:21:16:010096>>>  Tank #3 Yellow AI Tank is checking targeting info...
<<<15:21:16:010096>>>  Tank #3 Yellow AI Tank Launch angle not within tolerances, adjusting firing solution...
<<<15:21:16:010096>>>  Tank #3 Yellow AI Tank Launch speed not within tolerances, adjusting firing solution...
<<<15:21:16:010096>>>  Tank #3 Yellow AI Tank adjusted targeting angle one unit CW...
<<<15:21:16:026075>>>  Tank #3 Yellow AI Tank is checking targeting info...
<<<15:21:16:026075>>>  Tank #3 Yellow AI Tank Launch angle not within tolerances, adjusting firing solution...
<<<15:21:16:026075>>>  Tank #3 Yellow AI Tank Launch speed not within tolerances, adjusting firing solution...
<<<15:21:16:026075>>>  Tank #3 Yellow AI Tank adjusted targeting angle one unit CW...
<<<15:21:16:043011>>>  Tank #3 Yellow AI Tank is checking targeting info...
<<<15:21:16:043011>>>  Tank #3 Yellow AI Tank Launch angle not within tolerances, adjusting firing solution...
<<<15:21:16:043011>>>  Tank #3 Yellow AI Tank Launch speed not within tolerances, adjusting firing solution...
<<<15:21:16:043011>>>  Tank #3 Yellow AI Tank adjusted targeting angle one unit CW...
<<<15:21:16:060228>>>  Tank #3 Yellow AI Tank is checking targeting info...
<<<15:21:16:060228>>>  Tank #3 Yellow AI Tank Launch angle not within tolerances, adjusting firing solution...
<<<15:21:16:060228>>>  Tank #3 Yellow AI Tank Launch speed not within tolerances, adjusting firing solution...
<<<15:21:16:060228>>>  Tank #3 Yellow AI Tank adjusted targeting angle one unit CW...
<<<15:21:16:076631>>>  Tank #3 Yellow AI Tank is checking targeting info...
<<<15:21:16:076631>>>  Tank #3 Yellow AI Tank Launch angle not within tolerances, adjusting firing solution...
<<<15:21:16:076631>>>  Tank #3 Yellow AI Tank Launch speed not within tolerances, adjusting firing solution...
<<<15:21:16:076631>>>  Tank #3 Yellow AI Tank adjusted targeting angle one unit CW...
<<<15:21:16:092636>>>  Tank #3 Yellow AI Tank is checking targeting info...
<<<15:21:16:092636>>>  Tank #3 Yellow AI Tank Launch angle not within tolerances, adjusting firing solution...
<<<15:21:16:092636>>>  Tank #3 Yellow AI Tank Launch speed not within tolerances, adjusting firing solution...
<<<15:21:16:092636>>>  Tank #3 Yellow AI Tank adjusted targeting angle one unit CW...
<<<15:21:16:108280>>>  Tank #3 Yellow AI Tank is checking targeting info...
<<<15:21:16:108280>>>  Tank #3 Yellow AI Tank increased launch speed one unit...
<<<15:21:16:124988>>>  Tank #3 Yellow AI Tank is checking targeting info...
<<<15:21:16:124988>>>  Tank #3 Yellow AI Tank increased launch speed one unit...
<<<15:21:16:141813>>>  Tank #3 Yellow AI Tank is checking targeting info...
<<<15:21:16:141813>>>  Tank #3 Yellow AI Tank increased launch speed one unit...
<<<15:21:16:158024>>>  Tank #3 Yellow AI Tank is checking targeting info...
<<<15:21:16:158024>>>  Tank #3 Yellow AI Tank increased launch speed one unit...
<<<15:21:16:174654>>>  Tank #3 Yellow AI Tank is checking targeting info...
<<<15:21:16:174654>>>  Tank #3 Yellow AI Tank increased launch speed one unit...
<<<15:21:16:191317>>>  Tank #3 Yellow AI Tank is checking targeting info...
<<<15:21:16:191317>>>  Tank #3 Yellow AI Tank increased launch speed one unit...
<<<15:21:16:207901>>>  Tank #3 Yellow AI Tank is checking targeting info...
<<<15:21:16:207901>>>  Tank #3 Yellow AI Tank increased launch speed one unit...
<<<15:21:16:224137>>>  Tank #3 Yellow AI Tank is checking targeting info...
<<<15:21:16:224137>>>  Tank #3 Yellow AI Tank increased launch speed one unit...
<<<15:21:16:241318>>>  Tank #3 Yellow AI Tank is checking targeting info...
<<<15:21:16:241318>>>  Tank #3 Yellow AI Tank increased launch speed one unit...
<<<15:21:16:258212>>>  Tank #3 Yellow AI Tank is checking targeting info...
<<<15:21:16:258212>>>  Tank #3 Yellow AI Tank increased launch speed one unit...
<<<15:21:16:274373>>>  Tank #3 Yellow AI Tank is checking targeting info...
<<<15:21:16:274373>>>  Tank #3 Yellow AI Tank increased launch speed one unit...
<<<15:21:16:290602>>>  Tank #3 Yellow AI Tank is checking targeting info...
<<<15:21:16:290629>>>  Tank #3 Yellow AI Tank increased launch speed one unit...
<<<15:21:16:307779>>>  Tank #3 Yellow AI Tank is checking targeting info...
<<<15:21:16:307779>>>  Tank #3 Yellow AI Tank increased launch speed one unit...
<<<15:21:16:323314>>>  Tank #3 Yellow AI Tank is checking targeting info...
<<<15:21:16:323314>>>  Tank #3 Yellow AI Tank increased launch speed one unit...
<<<15:21:16:340173>>>  Tank #3 Yellow AI Tank is checking targeting info...
<<<15:21:16:340173>>>  Tank #3 Yellow AI Tank increased launch speed one unit...
<<<15:21:16:357830>>>  Tank #3 Yellow AI Tank is checking targeting info...
<<<15:21:16:357830>>>  Tank #3 Yellow AI Tank increased launch speed one unit...
<<<15:21:16:373958>>>  Tank #3 Yellow AI Tank is checking targeting info...
<<<15:21:16:373958>>>  Tank #3 Yellow AI Tank increased launch speed one unit...
<<<15:21:16:390071>>>  Tank #3 Yellow AI Tank is checking targeting info...
<<<15:21:16:390071>>>  Tank #3 Yellow AI Tank increased launch speed one unit...
<<<15:21:16:406482>>>  Tank #3 Yellow AI Tank is checking targeting info...
<<<15:21:16:406482>>>  Tank #3 Yellow AI Tank increased launch speed one unit...
<<<15:21:16:423059>>>  Tank #3 Yellow AI Tank is checking targeting info...
<<<15:21:16:423059>>>  Tank #3 Yellow AI Tank increased launch speed one unit...
<<<15:21:16:439387>>>  Tank #3 Yellow AI Tank is checking targeting info...
<<<15:21:16:439387>>>  Tank #3 Yellow AI Tank increased launch speed one unit...
<<<15:21:16:456269>>>  Tank #3 Yellow AI Tank is checking targeting info...
<<<15:21:16:456269>>>  Tank #3 Yellow AI Tank increased launch speed one unit...
<<<15:21:16:472958>>>  Tank #3 Yellow AI Tank is checking targeting info...
<<<15:21:16:472958>>>  Tank #3 Yellow AI Tank increased launch speed one unit...
<<<15:21:16:488151>>>  Tank #3 Yellow AI Tank is checking targeting info...
<<<15:21:16:488151>>>  Tank #3 Yellow AI Tank increased launch speed one unit...
<<<15:21:16:504618>>>  Tank #3 Yellow AI Tank is checking targeting info...
<<<15:21:16:504618>>>  Tank #3 Yellow AI Tank increased launch speed one unit...
<<<15:21:16:520760>>>  Tank #3 Yellow AI Tank is checking targeting info...
<<<15:21:16:520760>>>  Tank #3 Yellow AI Tank increased launch speed one unit...
<<<15:21:16:536415>>>  Tank #3 Yellow AI Tank is checking targeting info...
<<<15:21:16:536415>>>  Tank #3 Yellow AI Tank increased launch speed one unit...
<<<15:21:16:552999>>>  Tank #3 Yellow AI Tank is checking targeting info...
<<<15:21:16:552999>>>  Tank #3 Yellow AI Tank increased launch speed one unit...
<<<15:21:16:568824>>>  Tank #3 Yellow AI Tank is checking targeting info...
<<<15:21:16:568824>>>  Tank #3 Yellow AI Tank increased launch speed one unit...
<<<15:21:16:585172>>>  Tank #3 Yellow AI Tank is checking targeting info...
<<<15:21:16:585172>>>  Tank #3 Yellow AI Tank increased launch speed one unit...
<<<15:21:16:602141>>>  Tank #3 Yellow AI Tank is checking targeting info...
<<<15:21:16:602141>>>  Tank #3 Yellow AI Tank increased launch speed one unit...
<<<15:21:16:618342>>>  Tank #3 Yellow AI Tank is checking targeting info...
<<<15:21:16:618342>>>  Tank #3 Yellow AI Tank increased launch speed one unit...
<<<15:21:16:634859>>>  Tank #3 Yellow AI Tank is checking targeting info...
<<<15:21:16:634859>>>  Tank #3 Yellow AI Tank increased launch speed one unit...
<<<15:21:16:651243>>>  Tank #3 Yellow AI Tank is checking targeting info...
<<<15:21:16:651243>>>  Tank #3 Yellow AI Tank increased launch speed one unit...
<<<15:21:16:667920>>>  Tank #3 Yellow AI Tank is checking targeting info...
<<<15:21:16:667920>>>  Tank #3 Yellow AI Tank increased launch speed one unit...
<<<15:21:16:684848>>>
* INFORMATION FOR Tank #1 Green Player Tank's CANNONBALLS:
* Cannonballs in memory for Tank #1 Green Player Tank:  0.
* Total cannonballs fired or chambered for Tank #1 Green Player Tank:  0.
<<<15:21:16:684848>>>
* INFORMATION FOR Tank #2 Red AI Tank's CANNONBALLS:
* Cannonballs in memory for Tank #2 Red AI Tank:  1.
* Total cannonballs fired or chambered for Tank #2 Red AI Tank:  1.
<<<15:21:16:684848>>>
* CURRENT VALUES FOR CELESTIAL BODY:  Tank #2 Red AI Tank's Cannonball #1
* This is not the homeworld.
* The celestial boyd's density is 5515 kg/m^3.
* The celestial body's mass is 1000 kg.
* The Earth's mass is 5.972e+24 kg.
* The celestial body's radius is 0.001 km.
* The celestial body's coordinates are (-5418.383236691131, -3316.497329142941).
* The celestial body's velocity is (-4.856087083416041, -2.7664290508126252).
* The celestial body's speed is 5.588802327413285 km/s.
* The celestial body's acceleration is (0, 0).
* The celestial body's screen x and y coordinates are (723, 496).
* The celestial body's screen radius is 2.
* The celestial is using a body circle.
<<<15:21:16:685344>>>
* ADDITIONAL INFORMATION FOR Tank #2 Red AI Tank's Cannonball #1:
* This cannonball is chambered.
<<<15:21:16:685344>>>
* INFORMATION FOR Tank #3 Yellow AI Tank's CANNONBALLS:
* Cannonballs in memory for Tank #3 Yellow AI Tank:  1.
* Total cannonballs fired or chambered for Tank #3 Yellow AI Tank:  1.
<<<15:21:16:685344>>>
* CURRENT VALUES FOR CELESTIAL BODY:  Tank #3 Yellow AI Tank's Cannonball #1
* This is not the homeworld.
* The celestial boyd's density is 5515 kg/m^3.
* The celestial body's mass is 1000 kg.
* The Earth's mass is 5.972e+24 kg.
* The celestial body's radius is 0.001 km.
* The celestial body's coordinates are (-264.4403293101549, -6415.13931159467).
* The celestial body's velocity is (-0.3567506464533551, -5.516785635551408).
* The celestial body's speed is 5.528308491064084 km/s.
* The celestial body's acceleration is (0, 0).
* The celestial body's screen x and y coordinates are (796, 540).
* The celestial body's screen radius is 2.
* The celestial is using a body circle.
<<<15:21:16:685344>>>
* ADDITIONAL INFORMATION FOR Tank #3 Yellow AI Tank's Cannonball #1:
* This cannonball is chambered.
<<<15:21:16:685344>>>  Quit through pygame and writing log file...
