<<<17:17:24:826557>>>  Pix\Homeworlds\Rocky\5.png loaded as pixie for Earth...
<<<17:17:24:826557>>>  Image at Pix\Homeworlds\Rocky\5.png chosen as homeworld pix for Earth's...
<<<17:17:24:827551>>>  Pix\Moons\15.png loaded as pixie for Moon #2...
<<<17:17:24:900387>>>  Pix\Snails\Green_Snail\Spells\Spellready_Icon\spellready.png returned as pixie for Snail #1 Green Player...
<<<17:17:24:900387>>>  Pix\Magic\Scroll\scroll.png returned as pixie for Snail #1 Green Player...
<<<17:17:24:900387>>>  Snail #1 Green Player successfully created!
<<<17:17:24:970772>>>  Pix\Snails\Red_Snail\Spells\Spellready_Icon\spellready.png returned as pixie for Snail #2 Red Player...
<<<17:17:24:970772>>>  Pix\Magic\Scroll\scroll.png returned as pixie for Snail #2 Red Player...
<<<17:17:24:970772>>>  Snail #2 Red Player successfully created!
<<<17:17:25:071407>>>  Snail #1 Green Player chambered cannonball...
<<<17:17:25:071407>>>
* CURRENT VALUES FOR CELESTIAL BODY:  Snail #1 Green Player's Cannonball #1
* This is not the homeworld.
* The celestial boyd's density is 5515 kg/m^3.
* The celestial body's mass is 1000 kg.
* The Earth's mass is 5.972e+24 kg.
* The celestial body's radius is 0.001 km.
* The celestial body's coordinates are (3.9011123786838936e-13, 6371.0).
* The celestial body's velocity is (0.0007805958062462919, 5.5932265490245365).
* The celestial body's speed is 5.593226603494868 km/s.
* The celestial body's acceleration is (0, 0).
* The celestial body's screen x and y coordinates are (768, 345).
* The celestial body's screen radius is 2.
* The celestial is using a body circle.
<<<17:17:25:071407>>>
* ADDITIONAL INFORMATION FOR Snail #1 Green Player's Cannonball #1:
* This cannonball is chambered.
<<<17:17:31:312671>>>
* INFORMATION FOR Snail #1 Green Player's CANNONBALLS:
* Cannonballs in memory for Snail #1 Green Player:  1.
* Total cannonballs fired or chambered for Snail #1 Green Player:  1.
<<<17:17:31:312671>>>
* CURRENT VALUES FOR CELESTIAL BODY:  Snail #1 Green Player's Cannonball #1
* This is not the homeworld.
* The celestial boyd's density is 5515 kg/m^3.
* The celestial body's mass is 1000 kg.
* The Earth's mass is 5.972e+24 kg.
* The celestial body's radius is 0.001 km.
* The celestial body's coordinates are (-90.4677810296662, 6396.168821094872).
* The celestial body's velocity is (0.0007805958062462919, 5.5932265490245365).
* The celestial body's speed is 5.593226603494868 km/s.
* The celestial body's acceleration is (0, 0).
* The celestial body's screen x and y coordinates are (766, 345).
* The celestial body's screen radius is 2.
* The celestial is using a body circle.
<<<17:17:31:312671>>>
* ADDITIONAL INFORMATION FOR Snail #1 Green Player's Cannonball #1:
* This cannonball is chambered.
<<<17:17:31:312671>>>
* INFORMATION FOR Snail #2 Red Player's CANNONBALLS:
* Cannonballs in memory for Snail #2 Red Player:  0.
* Total cannonballs fired or chambered for Snail #2 Red Player:  0.
<<<17:17:31:312671>>>  Quit through pygame and writing log file...
