<<<15:40:37:076356>>>
* Screen coordinates (104, 96) choosen in zone #1.
* Screen dimensions are 1600 wide by 900 high.
* Minimum (x, y) are (0, 0).
* Maximum (x, y) are (266, 150).
* Mid (x, y) are (133, 75).
<<<15:40:37:076356>>>  Image at Pix\Faraway_Objects\Comets\1.png choosen for background...
<<<15:40:37:087763>>>  Pix\Homeworlds\Rocky\5.png loaded as pixie for Earth and scaled to body circle...
<<<15:40:37:087763>>>  Image at Pix\Homeworlds\Rocky\5.png chosen as homeworld pix for Earth's...
<<<15:40:37:088807>>>  Pix\Moons\4.png loaded as pixie for Moon #2 and scaled to body circle...
<<<15:40:37:124716>>>  Tank #1 Green Player Tank successfully created!
<<<15:40:37:162196>>>  Tank #2 Red AI Tank successfully created!
<<<15:40:37:198668>>>  Tank #3 Yellow AI Tank successfully created!
<<<15:40:37:202221>>>  Tank #2 Red AI Tank chose to shoot...
<<<15:40:37:202221>>>
* *** Tank #3 Yellow AI Tank USING CLEAR SKIES FUNCTION ***
* Moon #2 at (8778.869389581321, -9235.054503714759), angle -0.8107167800518356 rads.
* Tank #3 Yellow AI Tank at (5517.447847510657, -3185.5000000000027), angle 5.759586531581287.
* Angle Between is 0.28711800445353663 rads.
* The skies are NOT clear, Tank #3 Yellow AI Tank shouldn't use Gravity...
<<<15:40:37:332105>>>  Tank #2 Red AI Tank is checking targeting info...
<<<15:40:37:332105>>>  Tank #2 Red AI Tank Launch angle not within tolerances, adjusting firing solution...
<<<15:40:37:332105>>>  Tank #2 Red AI Tank Launch speed not within tolerances, adjusting firing solution...
<<<15:40:37:332105>>>  Tank #2 Red AI Tank adjusted targeting angle one unit CW...
<<<15:40:37:332105>>>  Tank #3 Yellow AI Tank chose to move to 4.85, cururently at 5.7596.
<<<15:40:37:332105>>>  Tank #3 Yellow AI Tank moved one unit CW...
<<<15:40:37:332105>>>  Tank #3 Yellow AI Tank chose to move...
<<<15:40:37:464525>>>  Tank #2 Red AI Tank is checking targeting info...
<<<15:40:37:464525>>>  Tank #2 Red AI Tank Launch angle not within tolerances, adjusting firing solution...
<<<15:40:37:464525>>>  Tank #2 Red AI Tank Launch speed not within tolerances, adjusting firing solution...
<<<15:40:37:464525>>>  Tank #2 Red AI Tank adjusted targeting angle one unit CW...
<<<15:40:37:464525>>>  Tank #3 Yellow AI Tank moved one unit CW...
<<<15:40:37:597812>>>  Tank #2 Red AI Tank is checking targeting info...
<<<15:40:37:597812>>>  Tank #2 Red AI Tank Launch angle not within tolerances, adjusting firing solution...
<<<15:40:37:597812>>>  Tank #2 Red AI Tank Launch speed not within tolerances, adjusting firing solution...
<<<15:40:37:597812>>>  Tank #2 Red AI Tank adjusted targeting angle one unit CW...
<<<15:40:37:597812>>>  Tank #3 Yellow AI Tank moved one unit CW...
<<<15:40:37:730531>>>  Tank #2 Red AI Tank is checking targeting info...
<<<15:40:37:730531>>>  Tank #2 Red AI Tank Launch angle not within tolerances, adjusting firing solution...
<<<15:40:37:730531>>>  Tank #2 Red AI Tank Launch speed not within tolerances, adjusting firing solution...
<<<15:40:37:730531>>>  Tank #2 Red AI Tank adjusted targeting angle one unit CW...
<<<15:40:37:730531>>>  Tank #3 Yellow AI Tank moved one unit CW...
<<<15:40:37:864072>>>  Tank #2 Red AI Tank is checking targeting info...
<<<15:40:37:864072>>>  Tank #2 Red AI Tank Launch angle not within tolerances, adjusting firing solution...
<<<15:40:37:864072>>>  Tank #2 Red AI Tank Launch speed not within tolerances, adjusting firing solution...
<<<15:40:37:864072>>>  Tank #2 Red AI Tank adjusted targeting angle one unit CW...
<<<15:40:37:864072>>>  Tank #3 Yellow AI Tank moved one unit CW...
<<<15:40:37:994980>>>  Tank #2 Red AI Tank is checking targeting info...
<<<15:40:37:994980>>>  Tank #2 Red AI Tank Launch angle not within tolerances, adjusting firing solution...
<<<15:40:37:994980>>>  Tank #2 Red AI Tank Launch speed not within tolerances, adjusting firing solution...
<<<15:40:37:994980>>>  Tank #2 Red AI Tank adjusted targeting angle one unit CW...
<<<15:40:37:994980>>>  Tank #3 Yellow AI Tank moved one unit CW...
<<<15:40:38:123945>>>  Tank #2 Red AI Tank is checking targeting info...
<<<15:40:38:123945>>>  Tank #2 Red AI Tank Launch angle not within tolerances, adjusting firing solution...
<<<15:40:38:123945>>>  Tank #2 Red AI Tank Launch speed not within tolerances, adjusting firing solution...
<<<15:40:38:123945>>>  Tank #2 Red AI Tank adjusted targeting angle one unit CW...
<<<15:40:38:123945>>>  Tank #3 Yellow AI Tank moved one unit CW...
<<<15:40:38:253420>>>  Tank #2 Red AI Tank is checking targeting info...
<<<15:40:38:253420>>>  Tank #2 Red AI Tank Launch angle not within tolerances, adjusting firing solution...
<<<15:40:38:253420>>>  Tank #2 Red AI Tank Launch speed not within tolerances, adjusting firing solution...
<<<15:40:38:253420>>>  Tank #2 Red AI Tank adjusted targeting angle one unit CW...
<<<15:40:38:253420>>>  Tank #3 Yellow AI Tank moved one unit CW...
<<<15:40:38:384937>>>  Tank #2 Red AI Tank is checking targeting info...
<<<15:40:38:384937>>>  Tank #2 Red AI Tank Launch angle not within tolerances, adjusting firing solution...
<<<15:40:38:384937>>>  Tank #2 Red AI Tank Launch speed not within tolerances, adjusting firing solution...
<<<15:40:38:384937>>>  Tank #2 Red AI Tank adjusted targeting angle one unit CW...
<<<15:40:38:384937>>>  Tank #3 Yellow AI Tank moved one unit CW...
<<<15:40:38:515204>>>  Tank #2 Red AI Tank is checking targeting info...
<<<15:40:38:515204>>>  Tank #2 Red AI Tank Launch angle not within tolerances, adjusting firing solution...
<<<15:40:38:515204>>>  Tank #2 Red AI Tank Launch speed not within tolerances, adjusting firing solution...
<<<15:40:38:515204>>>  Tank #2 Red AI Tank adjusted targeting angle one unit CW...
<<<15:40:38:515204>>>  Tank #3 Yellow AI Tank moved one unit CW...
<<<15:40:41:614924>>>  Tank #2 Red AI Tank is checking targeting info...
<<<15:40:41:614924>>>  Tank #2 Red AI Tank Launch angle not within tolerances, adjusting firing solution...
<<<15:40:41:614924>>>  Tank #2 Red AI Tank Launch speed not within tolerances, adjusting firing solution...
<<<15:40:41:614924>>>  Tank #2 Red AI Tank adjusted targeting angle one unit CW...
<<<15:40:41:614924>>>  Tank #3 Yellow AI Tank moved one unit CW...
<<<15:40:41:697512>>>  Deleting effect pixie Tank #3 Yellow AI Tank thawing...
<<<15:40:41:746365>>>  Tank #2 Red AI Tank is checking targeting info...
<<<15:40:41:746365>>>  Tank #2 Red AI Tank Launch angle not within tolerances, adjusting firing solution...
<<<15:40:41:746365>>>  Tank #2 Red AI Tank Launch speed not within tolerances, adjusting firing solution...
<<<15:40:41:746365>>>  Tank #2 Red AI Tank adjusted targeting angle one unit CW...
<<<15:40:41:747371>>>  Tank #3 Yellow AI Tank moved one unit CW...
<<<15:40:41:878344>>>  Tank #2 Red AI Tank is checking targeting info...
<<<15:40:41:878344>>>  Tank #2 Red AI Tank Launch angle not within tolerances, adjusting firing solution...
<<<15:40:41:878344>>>  Tank #2 Red AI Tank Launch speed not within tolerances, adjusting firing solution...
<<<15:40:41:878344>>>  Tank #2 Red AI Tank adjusted targeting angle one unit CW...
<<<15:40:41:878344>>>  Tank #3 Yellow AI Tank moved one unit CW...
<<<15:40:41:962259>>>  Deleting effect pixie Tank #2 Red AI Tank thawing...
<<<15:40:42:012968>>>  Tank #2 Red AI Tank is checking targeting info...
<<<15:40:42:012968>>>  Tank #2 Red AI Tank Launch angle not within tolerances, adjusting firing solution...
<<<15:40:42:012968>>>  Tank #2 Red AI Tank Launch speed not within tolerances, adjusting firing solution...
<<<15:40:42:012968>>>  Tank #2 Red AI Tank adjusted targeting angle one unit CW...
<<<15:40:42:012968>>>  Tank #3 Yellow AI Tank moved one unit CW...
<<<15:40:42:145997>>>  Tank #2 Red AI Tank is checking targeting info...
<<<15:40:42:145997>>>  Tank #2 Red AI Tank Launch angle not within tolerances, adjusting firing solution...
<<<15:40:42:145997>>>  Tank #2 Red AI Tank Launch speed not within tolerances, adjusting firing solution...
<<<15:40:42:145997>>>  Tank #2 Red AI Tank adjusted targeting angle one unit CW...
<<<15:40:42:145997>>>  Tank #3 Yellow AI Tank moved one unit CW...
<<<15:40:42:278700>>>  Tank #2 Red AI Tank is checking targeting info...
<<<15:40:42:278700>>>  Tank #2 Red AI Tank Launch angle not within tolerances, adjusting firing solution...
<<<15:40:42:278700>>>  Tank #2 Red AI Tank Launch speed not within tolerances, adjusting firing solution...
<<<15:40:42:278700>>>  Tank #2 Red AI Tank adjusted targeting angle one unit CW...
<<<15:40:42:278700>>>  Tank #3 Yellow AI Tank moved one unit CW...
<<<15:40:42:411711>>>  Tank #2 Red AI Tank is checking targeting info...
<<<15:40:42:411711>>>  Tank #2 Red AI Tank Launch angle not within tolerances, adjusting firing solution...
<<<15:40:42:411711>>>  Tank #2 Red AI Tank Launch speed not within tolerances, adjusting firing solution...
<<<15:40:42:411711>>>  Tank #2 Red AI Tank adjusted targeting angle one unit CW...
<<<15:40:42:411711>>>  Tank #3 Yellow AI Tank moved one unit CW...
<<<15:40:42:545121>>>  Tank #2 Red AI Tank is checking targeting info...
<<<15:40:42:545121>>>  Tank #2 Red AI Tank Launch angle not within tolerances, adjusting firing solution...
<<<15:40:42:545121>>>  Tank #2 Red AI Tank Launch speed not within tolerances, adjusting firing solution...
<<<15:40:42:545121>>>  Tank #2 Red AI Tank adjusted targeting angle one unit CW...
<<<15:40:42:545121>>>  Tank #3 Yellow AI Tank moved one unit CW...
<<<15:40:42:678432>>>  Tank #2 Red AI Tank is checking targeting info...
<<<15:40:42:678432>>>  Tank #2 Red AI Tank Launch angle not within tolerances, adjusting firing solution...
<<<15:40:42:678432>>>  Tank #2 Red AI Tank Launch speed not within tolerances, adjusting firing solution...
<<<15:40:42:678432>>>  Tank #2 Red AI Tank adjusted targeting angle one unit CW...
<<<15:40:42:678432>>>  Tank #3 Yellow AI Tank moved one unit CW...
<<<15:40:42:807938>>>  Tank #2 Red AI Tank is checking targeting info...
<<<15:40:42:807938>>>  Tank #2 Red AI Tank Launch angle not within tolerances, adjusting firing solution...
<<<15:40:42:807938>>>  Tank #2 Red AI Tank Launch speed not within tolerances, adjusting firing solution...
<<<15:40:42:807938>>>  Tank #2 Red AI Tank adjusted targeting angle one unit CW...
<<<15:40:42:807938>>>  Tank #3 Yellow AI Tank moved one unit CW...
<<<15:40:42:939589>>>  Tank #2 Red AI Tank is checking targeting info...
<<<15:40:42:939589>>>  Tank #2 Red AI Tank Launch angle not within tolerances, adjusting firing solution...
<<<15:40:42:939589>>>  Tank #2 Red AI Tank Launch speed not within tolerances, adjusting firing solution...
<<<15:40:42:939589>>>  Tank #2 Red AI Tank adjusted targeting angle one unit CW...
<<<15:40:42:939589>>>  Tank #3 Yellow AI Tank moved one unit CW...
<<<15:40:43:070655>>>  Tank #2 Red AI Tank is checking targeting info...
<<<15:40:43:070655>>>  Tank #2 Red AI Tank Launch angle not within tolerances, adjusting firing solution...
<<<15:40:43:070655>>>  Tank #2 Red AI Tank Launch speed not within tolerances, adjusting firing solution...
<<<15:40:43:070655>>>  Tank #2 Red AI Tank adjusted targeting angle one unit CW...
<<<15:40:43:070655>>>  Tank #3 Yellow AI Tank moved one unit CW...
<<<15:40:43:200008>>>  Tank #2 Red AI Tank is checking targeting info...
<<<15:40:43:200008>>>  Tank #2 Red AI Tank Launch angle not within tolerances, adjusting firing solution...
<<<15:40:43:200008>>>  Tank #2 Red AI Tank Launch speed not within tolerances, adjusting firing solution...
<<<15:40:43:200008>>>  Tank #2 Red AI Tank adjusted targeting angle one unit CW...
<<<15:40:43:200008>>>  Tank #3 Yellow AI Tank moved one unit CW...
<<<15:40:43:330975>>>  Tank #2 Red AI Tank is checking targeting info...
<<<15:40:43:330975>>>  Tank #2 Red AI Tank Launch angle not within tolerances, adjusting firing solution...
<<<15:40:43:330975>>>  Tank #2 Red AI Tank Launch speed not within tolerances, adjusting firing solution...
<<<15:40:43:330975>>>  Tank #2 Red AI Tank adjusted targeting angle one unit CW...
<<<15:40:43:330975>>>  Tank #3 Yellow AI Tank moved one unit CW...
<<<15:40:43:460898>>>
* INFORMATION FOR Tank #1 Green Player Tank's CANNONBALLS:
* Cannonballs in memory for Tank #1 Green Player Tank:  0.
* Total cannonballs fired or chambered for Tank #1 Green Player Tank:  0.
<<<15:40:43:460898>>>
* INFORMATION FOR Tank #2 Red AI Tank's CANNONBALLS:
* Cannonballs in memory for Tank #2 Red AI Tank:  1.
* Total cannonballs fired or chambered for Tank #2 Red AI Tank:  1.
<<<15:40:43:460898>>>
* CURRENT VALUES FOR CELESTIAL BODY:  Tank #2 Red AI Tank's Cannonball #1
* This is not the homeworld.
* The celestial boyd's density is 5515 kg/m^3.
* The celestial body's mass is 1000 kg.
* The Earth's mass is 5.972e+24 kg.
* The celestial body's radius is 0.001 km.
* The celestial body's coordinates are (-5732.563081928322, -3132.009432338256).
* The celestial body's velocity is (-4.844119637955567, -2.7970924983637766).
* The celestial body's speed is 5.59367692231413 km/s.
* The celestial body's acceleration is (0, 0).
* The celestial body's screen x and y coordinates are (719, 494).
* The celestial body's screen radius is 2.
* The celestial is using a body circle.
<<<15:40:43:460898>>>
* ADDITIONAL INFORMATION FOR Tank #2 Red AI Tank's Cannonball #1:
* This cannonball is chambered.
<<<15:40:43:460898>>>
* INFORMATION FOR Tank #3 Yellow AI Tank's CANNONBALLS:
* Cannonballs in memory for Tank #3 Yellow AI Tank:  0.
* Total cannonballs fired or chambered for Tank #3 Yellow AI Tank:  0.
<<<15:40:43:460898>>>  Quit through pygame and writing log file...
