<<<14:40:10:419022>>>
* Screen coordinates (191, 761) choosen in zone #7.
* Screen dimensions are 1600 wide by 900 high.
* Minimum (x, y) are (0, 750).
* Maximum (x, y) are (266, 900).
* Mid (x, y) are (133, 825).
<<<14:40:10:419022>>>  Image at Pix\Faraway_Objects\Nebulae\1.png choosen for background...
<<<14:40:10:422589>>>  Pix\Homeworlds\Tech\10.png loaded as pixie for Earth...
<<<14:40:10:422589>>>  Image at Pix\Homeworlds\Tech\10.png chosen as homeworld pix for Earth's...
<<<14:40:10:423403>>>  Pix\Moons\14.png loaded as pixie for Moon #2...
<<<14:40:10:463587>>>  Pix\Snails\Green_Snail\Spells\Spellready_Icon\spellready.png returned as pixie for Tank #1 Green Player Tank...
<<<14:40:10:463587>>>  Tank #1 Green Player Tank successfully created!
<<<14:40:10:505618>>>  Pix\Snails\Red_Snail\Spells\Spellready_Icon\spellready.png returned as pixie for Tank #2 Red AI Tank...
<<<14:40:10:505618>>>  Tank #2 Red AI Tank successfully created!
<<<14:40:10:549754>>>  Pix\Snails\Yellow_Snail\Spells\Spellready_Icon\spellready.png returned as pixie for Tank #3 Yellow AI Tank...
<<<14:40:10:550632>>>  Tank #3 Yellow AI Tank successfully created!
<<<14:40:10:554656>>>
* *** Tank #2 Red AI Tank USING CLEAR SKIES FUNCTION ***
* Moon #2 at (-12262.466900178899, 3462.1792223868338), angle 2.8664158193146587 rads.
* Tank #2 Red AI Tank at (-5517.44784751066, -3185.499999999998), angle 3.665191429188092.
* Angle Between is 0.7987756098734331 rads.
* The skies are NOT clear, Tank #2 Red AI Tank shouldn't use Gravity...
<<<14:40:10:554656>>>
* *** Tank #3 Yellow AI Tank USING CLEAR SKIES FUNCTION ***
* Moon #2 at (-12262.466900178899, 3462.1792223868338), angle 2.8664158193146587 rads.
* Tank #3 Yellow AI Tank at (5517.447847510657, -3185.5000000000027), angle 5.759586531581287.
* Angle Between is 2.8931707122666284 rads.
<<<14:40:10:554656>>>  Tank #3 Yellow AI Tank saw no celestials or cannonballs above their heads and is casting Gravity...
<<<14:40:10:554656>>>  Successfully removed spellready icon from Tank #3 Yellow AI Tank's effect list!
<<<14:40:10:568396>>>  Tank #2 Red AI Tank chose to shoot...
<<<14:40:10:583819>>>  Tank #2 Red AI Tank is checking targeting info...
<<<14:40:10:583819>>>  Tank #2 Red AI Tank Launch angle not within tolerances, adjusting firing solution...
<<<14:40:10:583819>>>  Tank #2 Red AI Tank Launch speed not within tolerances, adjusting firing solution...
<<<14:40:10:583819>>>  Tank #2 Red AI Tank adjusted targeting angle one unit CW...
<<<14:40:10:601097>>>  Tank #2 Red AI Tank is checking targeting info...
<<<14:40:10:601097>>>  Tank #2 Red AI Tank Launch angle not within tolerances, adjusting firing solution...
<<<14:40:10:601097>>>  Tank #2 Red AI Tank Launch speed not within tolerances, adjusting firing solution...
<<<14:40:10:601097>>>  Tank #2 Red AI Tank adjusted targeting angle one unit CW...
<<<14:40:10:618426>>>  Tank #2 Red AI Tank is checking targeting info...
<<<14:40:10:618426>>>  Tank #2 Red AI Tank Launch angle not within tolerances, adjusting firing solution...
<<<14:40:10:618426>>>  Tank #2 Red AI Tank Launch speed not within tolerances, adjusting firing solution...
<<<14:40:10:618426>>>  Tank #2 Red AI Tank adjusted targeting angle one unit CW...
<<<14:40:10:634101>>>  Tank #2 Red AI Tank is checking targeting info...
<<<14:40:10:634101>>>  Tank #2 Red AI Tank Launch angle not within tolerances, adjusting firing solution...
<<<14:40:10:634101>>>  Tank #2 Red AI Tank Launch speed not within tolerances, adjusting firing solution...
<<<14:40:10:634101>>>  Tank #2 Red AI Tank adjusted targeting angle one unit CW...
<<<14:40:10:650259>>>  Tank #2 Red AI Tank is checking targeting info...
<<<14:40:10:650259>>>  Tank #2 Red AI Tank Launch angle not within tolerances, adjusting firing solution...
<<<14:40:10:650259>>>  Tank #2 Red AI Tank Launch speed not within tolerances, adjusting firing solution...
<<<14:40:10:650259>>>  Tank #2 Red AI Tank adjusted targeting angle one unit CW...
<<<14:40:10:666076>>>  Tank #2 Red AI Tank is checking targeting info...
<<<14:40:10:666076>>>  Tank #2 Red AI Tank Launch angle not within tolerances, adjusting firing solution...
<<<14:40:10:666076>>>  Tank #2 Red AI Tank Launch speed not within tolerances, adjusting firing solution...
<<<14:40:10:666076>>>  Tank #2 Red AI Tank adjusted targeting angle one unit CW...
<<<14:40:10:682693>>>  Tank #2 Red AI Tank is checking targeting info...
<<<14:40:10:682693>>>  Tank #2 Red AI Tank Launch angle not within tolerances, adjusting firing solution...
<<<14:40:10:682693>>>  Tank #2 Red AI Tank Launch speed not within tolerances, adjusting firing solution...
<<<14:40:10:682693>>>  Tank #2 Red AI Tank adjusted targeting angle one unit CW...
<<<14:40:10:699863>>>  Tank #2 Red AI Tank is checking targeting info...
<<<14:40:10:699863>>>  Tank #2 Red AI Tank Launch angle not within tolerances, adjusting firing solution...
<<<14:40:10:699863>>>  Tank #2 Red AI Tank Launch speed not within tolerances, adjusting firing solution...
<<<14:40:10:699863>>>  Tank #2 Red AI Tank adjusted targeting angle one unit CW...
<<<14:40:10:715910>>>  Tank #2 Red AI Tank is checking targeting info...
<<<14:40:10:715910>>>  Tank #2 Red AI Tank Launch angle not within tolerances, adjusting firing solution...
<<<14:40:10:715910>>>  Tank #2 Red AI Tank Launch speed not within tolerances, adjusting firing solution...
<<<14:40:10:715910>>>  Tank #2 Red AI Tank adjusted targeting angle one unit CW...
<<<14:40:10:732653>>>  Tank #2 Red AI Tank is checking targeting info...
<<<14:40:10:732653>>>  Tank #2 Red AI Tank Launch angle not within tolerances, adjusting firing solution...
<<<14:40:10:732653>>>  Tank #2 Red AI Tank Launch speed not within tolerances, adjusting firing solution...
<<<14:40:10:732653>>>  Tank #2 Red AI Tank adjusted targeting angle one unit CW...
<<<14:40:10:750136>>>  Tank #2 Red AI Tank is checking targeting info...
<<<14:40:10:750136>>>  Tank #2 Red AI Tank Launch angle not within tolerances, adjusting firing solution...
<<<14:40:10:750136>>>  Tank #2 Red AI Tank Launch speed not within tolerances, adjusting firing solution...
<<<14:40:10:750136>>>  Tank #2 Red AI Tank adjusted targeting angle one unit CW...
<<<14:40:10:767372>>>  Tank #2 Red AI Tank is checking targeting info...
<<<14:40:10:767372>>>  Tank #2 Red AI Tank Launch angle not within tolerances, adjusting firing solution...
<<<14:40:10:767372>>>  Tank #2 Red AI Tank Launch speed not within tolerances, adjusting firing solution...
<<<14:40:10:767372>>>  Tank #2 Red AI Tank adjusted targeting angle one unit CW...
<<<14:40:10:783808>>>  Tank #2 Red AI Tank is checking targeting info...
<<<14:40:10:783808>>>  Tank #2 Red AI Tank Launch angle not within tolerances, adjusting firing solution...
<<<14:40:10:783808>>>  Tank #2 Red AI Tank Launch speed not within tolerances, adjusting firing solution...
<<<14:40:10:783808>>>  Tank #2 Red AI Tank adjusted targeting angle one unit CW...
<<<14:40:10:800568>>>  Successfully removed spellready icon from Tank #1 Green Player Tank's effect list!
<<<14:40:10:800568>>>  Tank #2 Red AI Tank is checking targeting info...
<<<14:40:10:800568>>>  Tank #2 Red AI Tank Launch angle not within tolerances, adjusting firing solution...
<<<14:40:10:800568>>>  Tank #2 Red AI Tank Launch speed not within tolerances, adjusting firing solution...
<<<14:40:10:800568>>>  Tank #2 Red AI Tank adjusted targeting angle one unit CW...
<<<14:40:10:817366>>>  Tank #2 Red AI Tank is checking targeting info...
<<<14:40:10:817366>>>  Tank #2 Red AI Tank Launch angle not within tolerances, adjusting firing solution...
<<<14:40:10:817366>>>  Tank #2 Red AI Tank Launch speed not within tolerances, adjusting firing solution...
<<<14:40:10:817366>>>  Tank #2 Red AI Tank adjusted targeting angle one unit CW...
<<<14:40:10:832695>>>  Tank #2 Red AI Tank is checking targeting info...
<<<14:40:10:832695>>>  Tank #2 Red AI Tank Launch angle not within tolerances, adjusting firing solution...
<<<14:40:10:832695>>>  Tank #2 Red AI Tank Launch speed not within tolerances, adjusting firing solution...
<<<14:40:10:832695>>>  Tank #2 Red AI Tank adjusted targeting angle one unit CW...
<<<14:40:10:849213>>>  Tank #2 Red AI Tank is checking targeting info...
<<<14:40:10:849213>>>  Tank #2 Red AI Tank Launch angle not within tolerances, adjusting firing solution...
<<<14:40:10:849213>>>  Tank #2 Red AI Tank Launch speed not within tolerances, adjusting firing solution...
<<<14:40:10:849213>>>  Tank #2 Red AI Tank adjusted targeting angle one unit CW...
<<<14:40:10:865775>>>  Tank #2 Red AI Tank is checking targeting info...
<<<14:40:10:865775>>>  Tank #2 Red AI Tank Launch angle not within tolerances, adjusting firing solution...
<<<14:40:10:865775>>>  Tank #2 Red AI Tank Launch speed not within tolerances, adjusting firing solution...
<<<14:40:10:865775>>>  Tank #2 Red AI Tank adjusted targeting angle one unit CW...
<<<14:40:10:882114>>>  Tank #2 Red AI Tank is checking targeting info...
<<<14:40:10:882114>>>  Tank #2 Red AI Tank Launch angle not within tolerances, adjusting firing solution...
<<<14:40:10:882114>>>  Tank #2 Red AI Tank Launch speed not within tolerances, adjusting firing solution...
<<<14:40:10:882114>>>  Tank #2 Red AI Tank adjusted targeting angle one unit CW...
<<<14:40:10:897844>>>  Tank #2 Red AI Tank is checking targeting info...
<<<14:40:10:897844>>>  Tank #2 Red AI Tank Launch angle not within tolerances, adjusting firing solution...
<<<14:40:10:897844>>>  Tank #2 Red AI Tank Launch speed not within tolerances, adjusting firing solution...
<<<14:40:10:897844>>>  Tank #2 Red AI Tank adjusted targeting angle one unit CW...
<<<14:40:10:913719>>>  Tank #2 Red AI Tank is checking targeting info...
<<<14:40:10:913719>>>  Tank #2 Red AI Tank Launch angle not within tolerances, adjusting firing solution...
<<<14:40:10:913719>>>  Tank #2 Red AI Tank Launch speed not within tolerances, adjusting firing solution...
<<<14:40:10:913719>>>  Tank #2 Red AI Tank adjusted targeting angle one unit CW...
<<<14:40:10:930452>>>  Tank #2 Red AI Tank is checking targeting info...
<<<14:40:10:930452>>>  Tank #2 Red AI Tank Launch angle not within tolerances, adjusting firing solution...
<<<14:40:10:930452>>>  Tank #2 Red AI Tank Launch speed not within tolerances, adjusting firing solution...
<<<14:40:10:930452>>>  Tank #2 Red AI Tank adjusted targeting angle one unit CW...
<<<14:40:10:947064>>>  Tank #2 Red AI Tank is checking targeting info...
<<<14:40:10:947064>>>  Tank #2 Red AI Tank Launch angle not within tolerances, adjusting firing solution...
<<<14:40:10:947064>>>  Tank #2 Red AI Tank Launch speed not within tolerances, adjusting firing solution...
<<<14:40:10:947064>>>  Tank #2 Red AI Tank adjusted targeting angle one unit CW...
<<<14:40:10:963037>>>  Tank #2 Red AI Tank is checking targeting info...
<<<14:40:10:963037>>>  Tank #2 Red AI Tank Launch angle not within tolerances, adjusting firing solution...
<<<14:40:10:963037>>>  Tank #2 Red AI Tank Launch speed not within tolerances, adjusting firing solution...
<<<14:40:10:963037>>>  Tank #2 Red AI Tank adjusted targeting angle one unit CW...
<<<14:40:10:978604>>>  Tank #2 Red AI Tank is checking targeting info...
<<<14:40:10:978604>>>  Tank #2 Red AI Tank Launch angle not within tolerances, adjusting firing solution...
<<<14:40:10:978604>>>  Tank #2 Red AI Tank Launch speed not within tolerances, adjusting firing solution...
<<<14:40:10:978604>>>  Tank #2 Red AI Tank adjusted targeting angle one unit CW...
<<<14:40:10:994833>>>  Tank #2 Red AI Tank is checking targeting info...
<<<14:40:10:994833>>>  Tank #2 Red AI Tank Launch angle not within tolerances, adjusting firing solution...
<<<14:40:10:994833>>>  Tank #2 Red AI Tank Launch speed not within tolerances, adjusting firing solution...
<<<14:40:10:994833>>>  Tank #2 Red AI Tank adjusted targeting angle one unit CW...
<<<14:40:11:011065>>>  Tank #2 Red AI Tank is checking targeting info...
<<<14:40:11:011065>>>  Tank #2 Red AI Tank Launch angle not within tolerances, adjusting firing solution...
<<<14:40:11:011065>>>  Tank #2 Red AI Tank Launch speed not within tolerances, adjusting firing solution...
<<<14:40:11:011065>>>  Tank #2 Red AI Tank adjusted targeting angle one unit CW...
<<<14:40:11:027471>>>  Tank #2 Red AI Tank is checking targeting info...
<<<14:40:11:027471>>>  Tank #2 Red AI Tank Launch angle not within tolerances, adjusting firing solution...
<<<14:40:11:027471>>>  Tank #2 Red AI Tank Launch speed not within tolerances, adjusting firing solution...
<<<14:40:11:027471>>>  Tank #2 Red AI Tank adjusted targeting angle one unit CW...
<<<14:40:11:043856>>>  Tank #2 Red AI Tank is checking targeting info...
<<<14:40:11:043856>>>  Tank #2 Red AI Tank Launch angle not within tolerances, adjusting firing solution...
<<<14:40:11:043856>>>  Tank #2 Red AI Tank Launch speed not within tolerances, adjusting firing solution...
<<<14:40:11:043856>>>  Tank #2 Red AI Tank adjusted targeting angle one unit CW...
<<<14:40:11:060501>>>  Tank #2 Red AI Tank is checking targeting info...
<<<14:40:11:060501>>>  Tank #2 Red AI Tank Launch angle not within tolerances, adjusting firing solution...
<<<14:40:11:060501>>>  Tank #2 Red AI Tank Launch speed not within tolerances, adjusting firing solution...
<<<14:40:11:060501>>>  Tank #2 Red AI Tank adjusted targeting angle one unit CW...
<<<14:40:11:078516>>>  Tank #2 Red AI Tank is checking targeting info...
<<<14:40:11:078516>>>  Tank #2 Red AI Tank Launch angle not within tolerances, adjusting firing solution...
<<<14:40:11:078516>>>  Tank #2 Red AI Tank Launch speed not within tolerances, adjusting firing solution...
<<<14:40:11:078516>>>  Tank #2 Red AI Tank adjusted targeting angle one unit CW...
<<<14:40:11:094311>>>  Tank #2 Red AI Tank is checking targeting info...
<<<14:40:11:094311>>>  Tank #2 Red AI Tank Launch angle not within tolerances, adjusting firing solution...
<<<14:40:11:094311>>>  Tank #2 Red AI Tank Launch speed not within tolerances, adjusting firing solution...
<<<14:40:11:094311>>>  Tank #2 Red AI Tank adjusted targeting angle one unit CW...
<<<14:40:11:110388>>>  Tank #2 Red AI Tank is checking targeting info...
<<<14:40:11:110388>>>  Tank #2 Red AI Tank Launch angle not within tolerances, adjusting firing solution...
<<<14:40:11:110388>>>  Tank #2 Red AI Tank Launch speed not within tolerances, adjusting firing solution...
<<<14:40:11:110388>>>  Tank #2 Red AI Tank adjusted targeting angle one unit CW...
<<<14:40:11:126375>>>  Tank #2 Red AI Tank is checking targeting info...
<<<14:40:11:126375>>>  Tank #2 Red AI Tank Launch angle not within tolerances, adjusting firing solution...
<<<14:40:11:127260>>>  Tank #2 Red AI Tank Launch speed not within tolerances, adjusting firing solution...
<<<14:40:11:127260>>>  Tank #2 Red AI Tank adjusted targeting angle one unit CW...
<<<14:40:11:142719>>>  Tank #2 Red AI Tank is checking targeting info...
<<<14:40:11:142719>>>  Tank #2 Red AI Tank Launch angle not within tolerances, adjusting firing solution...
<<<14:40:11:142719>>>  Tank #2 Red AI Tank Launch speed not within tolerances, adjusting firing solution...
<<<14:40:11:142719>>>  Tank #2 Red AI Tank adjusted targeting angle one unit CW...
<<<14:40:11:159206>>>  Tank #2 Red AI Tank is checking targeting info...
<<<14:40:11:159206>>>  Tank #2 Red AI Tank Launch angle not within tolerances, adjusting firing solution...
<<<14:40:11:159206>>>  Tank #2 Red AI Tank Launch speed not within tolerances, adjusting firing solution...
<<<14:40:11:159206>>>  Tank #2 Red AI Tank adjusted targeting angle one unit CW...
<<<14:40:11:174928>>>  Tank #2 Red AI Tank is checking targeting info...
<<<14:40:11:174928>>>  Tank #2 Red AI Tank Launch angle not within tolerances, adjusting firing solution...
<<<14:40:11:174928>>>  Tank #2 Red AI Tank Launch speed not within tolerances, adjusting firing solution...
<<<14:40:11:174928>>>  Tank #2 Red AI Tank adjusted targeting angle one unit CW...
<<<14:40:11:191463>>>  Tank #2 Red AI Tank is checking targeting info...
<<<14:40:11:191463>>>  Tank #2 Red AI Tank Launch angle not within tolerances, adjusting firing solution...
<<<14:40:11:191463>>>  Tank #2 Red AI Tank Launch speed not within tolerances, adjusting firing solution...
<<<14:40:11:191463>>>  Tank #2 Red AI Tank adjusted targeting angle one unit CW...
<<<14:40:11:208101>>>  Tank #2 Red AI Tank is checking targeting info...
<<<14:40:11:208101>>>  Tank #2 Red AI Tank Launch angle not within tolerances, adjusting firing solution...
<<<14:40:11:208101>>>  Tank #2 Red AI Tank Launch speed not within tolerances, adjusting firing solution...
<<<14:40:11:208101>>>  Tank #2 Red AI Tank adjusted targeting angle one unit CW...
<<<14:40:11:224655>>>  Tank #2 Red AI Tank is checking targeting info...
<<<14:40:11:224655>>>  Tank #2 Red AI Tank Launch angle not within tolerances, adjusting firing solution...
<<<14:40:11:224655>>>  Tank #2 Red AI Tank Launch speed not within tolerances, adjusting firing solution...
<<<14:40:11:224655>>>  Tank #2 Red AI Tank adjusted targeting angle one unit CW...
<<<14:40:11:241355>>>  Tank #2 Red AI Tank is checking targeting info...
<<<14:40:11:241355>>>  Tank #2 Red AI Tank Launch angle not within tolerances, adjusting firing solution...
<<<14:40:11:241355>>>  Tank #2 Red AI Tank Launch speed not within tolerances, adjusting firing solution...
<<<14:40:11:241355>>>  Tank #2 Red AI Tank adjusted targeting angle one unit CW...
<<<14:40:11:257542>>>  Tank #2 Red AI Tank is checking targeting info...
<<<14:40:11:257542>>>  Tank #2 Red AI Tank Launch angle not within tolerances, adjusting firing solution...
<<<14:40:11:257542>>>  Tank #2 Red AI Tank Launch speed not within tolerances, adjusting firing solution...
<<<14:40:11:257542>>>  Tank #2 Red AI Tank adjusted targeting angle one unit CW...
<<<14:40:11:274116>>>  Tank #2 Red AI Tank is checking targeting info...
<<<14:40:11:274116>>>  Tank #2 Red AI Tank Launch angle not within tolerances, adjusting firing solution...
<<<14:40:11:274116>>>  Tank #2 Red AI Tank Launch speed not within tolerances, adjusting firing solution...
<<<14:40:11:274116>>>  Tank #2 Red AI Tank adjusted targeting angle one unit CW...
<<<14:40:11:290563>>>  Tank #2 Red AI Tank is checking targeting info...
<<<14:40:11:290563>>>  Tank #2 Red AI Tank Launch angle not within tolerances, adjusting firing solution...
<<<14:40:11:290563>>>  Tank #2 Red AI Tank Launch speed not within tolerances, adjusting firing solution...
<<<14:40:11:290563>>>  Tank #2 Red AI Tank adjusted targeting angle one unit CW...
<<<14:40:11:307012>>>  Tank #2 Red AI Tank is checking targeting info...
<<<14:40:11:307012>>>  Tank #2 Red AI Tank Launch angle not within tolerances, adjusting firing solution...
<<<14:40:11:307012>>>  Tank #2 Red AI Tank Launch speed not within tolerances, adjusting firing solution...
<<<14:40:11:307012>>>  Tank #2 Red AI Tank adjusted targeting angle one unit CW...
<<<14:40:11:323639>>>  Tank #2 Red AI Tank is checking targeting info...
<<<14:40:11:323639>>>  Tank #2 Red AI Tank increased launch speed one unit...
<<<14:40:11:340441>>>  Tank #2 Red AI Tank is checking targeting info...
<<<14:40:11:340441>>>  Tank #2 Red AI Tank increased launch speed one unit...
<<<14:40:11:357237>>>  Tank #2 Red AI Tank is checking targeting info...
<<<14:40:11:357237>>>  Tank #2 Red AI Tank increased launch speed one unit...
<<<14:40:11:372744>>>  Tank #2 Red AI Tank is checking targeting info...
<<<14:40:11:372744>>>  Tank #2 Red AI Tank increased launch speed one unit...
<<<14:40:11:389268>>>  Tank #2 Red AI Tank is checking targeting info...
<<<14:40:11:389268>>>  Tank #2 Red AI Tank increased launch speed one unit...
<<<14:40:11:405633>>>  Tank #2 Red AI Tank is checking targeting info...
<<<14:40:11:405633>>>  Tank #2 Red AI Tank increased launch speed one unit...
<<<14:40:11:422195>>>  Tank #2 Red AI Tank is checking targeting info...
<<<14:40:11:422195>>>  Tank #2 Red AI Tank increased launch speed one unit...
<<<14:40:11:438609>>>  Tank #2 Red AI Tank is checking targeting info...
<<<14:40:11:438609>>>  Tank #2 Red AI Tank increased launch speed one unit...
<<<14:40:11:455149>>>  Tank #2 Red AI Tank is checking targeting info...
<<<14:40:11:455149>>>  Tank #2 Red AI Tank increased launch speed one unit...
<<<14:40:11:470871>>>  Tank #2 Red AI Tank is checking targeting info...
<<<14:40:11:470871>>>  Tank #2 Red AI Tank increased launch speed one unit...
<<<14:40:11:487276>>>  Tank #2 Red AI Tank is checking targeting info...
<<<14:40:11:487276>>>  Tank #2 Red AI Tank increased launch speed one unit...
<<<14:40:11:503088>>>  Tank #2 Red AI Tank is checking targeting info...
<<<14:40:11:503088>>>  Tank #2 Red AI Tank increased launch speed one unit...
<<<14:40:11:518982>>>  Tank #2 Red AI Tank is checking targeting info...
<<<14:40:11:518982>>>  Tank #2 Red AI Tank increased launch speed one unit...
<<<14:40:11:535256>>>  Tank #2 Red AI Tank is checking targeting info...
<<<14:40:11:535256>>>  Tank #2 Red AI Tank increased launch speed one unit...
<<<14:40:11:551935>>>  Tank #2 Red AI Tank is checking targeting info...
<<<14:40:11:551935>>>  Tank #2 Red AI Tank increased launch speed one unit...
<<<14:40:11:568014>>>  Tank #2 Red AI Tank is checking targeting info...
<<<14:40:11:568014>>>  Tank #2 Red AI Tank increased launch speed one unit...
<<<14:40:11:584282>>>  Tank #2 Red AI Tank is checking targeting info...
<<<14:40:11:584282>>>  Tank #2 Red AI Tank increased launch speed one unit...
<<<14:40:11:600223>>>  Tank #2 Red AI Tank is checking targeting info...
<<<14:40:11:600223>>>  Tank #2 Red AI Tank increased launch speed one unit...
<<<14:40:11:615955>>>  Tank #2 Red AI Tank is checking targeting info...
<<<14:40:11:615955>>>  Tank #2 Red AI Tank increased launch speed one unit...
<<<14:40:11:632630>>>  Tank #2 Red AI Tank is checking targeting info...
<<<14:40:11:632630>>>  Tank #2 Red AI Tank increased launch speed one unit...
<<<14:40:11:650192>>>  Tank #2 Red AI Tank is checking targeting info...
<<<14:40:11:650192>>>  Tank #2 Red AI Tank increased launch speed one unit...
<<<14:40:11:666891>>>  Tank #2 Red AI Tank is checking targeting info...
<<<14:40:11:666891>>>  Tank #2 Red AI Tank increased launch speed one unit...
<<<14:40:11:682645>>>  Tank #2 Red AI Tank is checking targeting info...
<<<14:40:11:682645>>>  Tank #2 Red AI Tank increased launch speed one unit...
<<<14:40:11:699358>>>  Tank #2 Red AI Tank is checking targeting info...
<<<14:40:11:699358>>>  Tank #2 Red AI Tank increased launch speed one unit...
<<<14:40:11:715577>>>  Tank #2 Red AI Tank is checking targeting info...
<<<14:40:11:715577>>>  Tank #2 Red AI Tank increased launch speed one unit...
<<<14:40:11:732438>>>  Tank #2 Red AI Tank is checking targeting info...
<<<14:40:11:732438>>>  Tank #2 Red AI Tank increased launch speed one unit...
<<<14:40:11:748680>>>  Tank #2 Red AI Tank is checking targeting info...
<<<14:40:11:748680>>>  Tank #2 Red AI Tank increased launch speed one unit...
<<<14:40:11:765950>>>  Tank #2 Red AI Tank is checking targeting info...
<<<14:40:11:765950>>>  Tank #2 Red AI Tank increased launch speed one unit...
<<<14:40:11:782679>>>  Tank #2 Red AI Tank is checking targeting info...
<<<14:40:11:782679>>>  Tank #2 Red AI Tank increased launch speed one unit...
<<<14:40:11:800205>>>  Tank #2 Red AI Tank is checking targeting info...
<<<14:40:11:800205>>>  Tank #2 Red AI Tank increased launch speed one unit...
<<<14:40:11:815887>>>  Tank #2 Red AI Tank is checking targeting info...
<<<14:40:11:815887>>>  Tank #2 Red AI Tank increased launch speed one unit...
<<<14:40:11:832595>>>  Tank #2 Red AI Tank is checking targeting info...
<<<14:40:11:832595>>>  Tank #2 Red AI Tank increased launch speed one unit...
<<<14:40:11:849142>>>  Tank #2 Red AI Tank is checking targeting info...
<<<14:40:11:849142>>>  Tank #2 Red AI Tank increased launch speed one unit...
<<<14:40:11:864601>>>  Tank #2 Red AI Tank is checking targeting info...
<<<14:40:11:864601>>>  Tank #2 Red AI Tank increased launch speed one unit...
<<<14:40:11:880547>>>  Tank #2 Red AI Tank is checking targeting info...
<<<14:40:11:880547>>>  Tank #2 Red AI Tank increased launch speed one unit...
<<<14:40:11:897415>>>  Tank #2 Red AI Tank is checking targeting info...
<<<14:40:11:897415>>>  Tank #2 Red AI Tank increased launch speed one unit...
<<<14:40:11:913340>>>  Tank #2 Red AI Tank is checking targeting info...
<<<14:40:11:913340>>>  Tank #2 Red AI Tank increased launch speed one unit...
<<<14:40:11:928742>>>  Tank #2 Red AI Tank is checking targeting info...
<<<14:40:11:928742>>>  Tank #2 Red AI Tank increased launch speed one unit...
<<<14:40:11:945564>>>  Tank #2 Red AI Tank is checking targeting info...
<<<14:40:11:945564>>>  Tank #2 Red AI Tank firing solution within tolerances, not adjusting firing solution...
<<<14:40:11:945564>>>  Tank #2 Red AI Tank attempting to fire cannonball...
<<<14:40:11:962035>>>  Successfully removed spellready icon from Tank #2 Red AI Tank's effect list!
<<<14:40:12:256983>>>  Successfully removed spellbook from Tank #1 Green Player Tank's effect list!
<<<14:40:12:256983>>>  Deleting effect pixie portal-closing...
<<<14:40:12:731444>>>  Successfully removed spellbook from Tank #3 Yellow AI Tank's effect list!
<<<14:40:12:731444>>>  Tank #3 Yellow AI Tank chose to shoot...
<<<14:40:12:731444>>>  Deleting effect pixie gravity-rising...
<<<14:40:12:732493>>>  Tank #3 Yellow AI Tank is checking targeting info...
<<<14:40:12:732493>>>  Tank #3 Yellow AI Tank Launch angle not within tolerances, adjusting firing solution...
<<<14:40:12:732493>>>  Tank #3 Yellow AI Tank Launch speed not within tolerances, adjusting firing solution...
<<<14:40:12:732493>>>  Tank #3 Yellow AI Tank adjusted targeting angle one unit CCW...
<<<14:40:12:909263>>>  Tank #2 Red AI Tank has been smushed by Moon #2!
<<<14:40:12:909263>>>  Successfully removed spellbook from Tank #2 Red AI Tank's effect list!
<<<14:40:12:909263>>>  Tank #3 Yellow AI Tank is checking targeting info...
<<<14:40:12:909263>>>  Tank #3 Yellow AI Tank Launch angle not within tolerances, adjusting firing solution...
<<<14:40:12:909263>>>  Tank #3 Yellow AI Tank Launch speed not within tolerances, adjusting firing solution...
<<<14:40:12:909263>>>  Tank #3 Yellow AI Tank adjusted targeting angle one unit CCW...
<<<14:40:12:925029>>>  Tank #3 Yellow AI Tank is checking targeting info...
<<<14:40:12:925029>>>  Tank #3 Yellow AI Tank Launch angle not within tolerances, adjusting firing solution...
<<<14:40:12:925029>>>  Tank #3 Yellow AI Tank Launch speed not within tolerances, adjusting firing solution...
<<<14:40:12:925029>>>  Tank #3 Yellow AI Tank adjusted targeting angle one unit CCW...
<<<14:40:12:941537>>>  Tank #3 Yellow AI Tank is checking targeting info...
<<<14:40:12:941537>>>  Tank #3 Yellow AI Tank Launch angle not within tolerances, adjusting firing solution...
<<<14:40:12:941537>>>  Tank #3 Yellow AI Tank Launch speed not within tolerances, adjusting firing solution...
<<<14:40:12:941537>>>  Tank #3 Yellow AI Tank adjusted targeting angle one unit CCW...
<<<14:40:12:957281>>>  Tank #3 Yellow AI Tank is checking targeting info...
<<<14:40:12:957486>>>  Tank #3 Yellow AI Tank Launch angle not within tolerances, adjusting firing solution...
<<<14:40:12:957486>>>  Tank #3 Yellow AI Tank Launch speed not within tolerances, adjusting firing solution...
<<<14:40:12:957486>>>  Tank #3 Yellow AI Tank adjusted targeting angle one unit CCW...
<<<14:40:12:972915>>>  Tank #3 Yellow AI Tank is checking targeting info...
<<<14:40:12:972915>>>  Tank #3 Yellow AI Tank Launch angle not within tolerances, adjusting firing solution...
<<<14:40:12:972915>>>  Tank #3 Yellow AI Tank Launch speed not within tolerances, adjusting firing solution...
<<<14:40:12:972915>>>  Tank #3 Yellow AI Tank adjusted targeting angle one unit CCW...
<<<14:40:12:989449>>>  Tank #3 Yellow AI Tank is checking targeting info...
<<<14:40:12:989449>>>  Tank #3 Yellow AI Tank Launch angle not within tolerances, adjusting firing solution...
<<<14:40:12:989449>>>  Tank #3 Yellow AI Tank Launch speed not within tolerances, adjusting firing solution...
<<<14:40:12:989449>>>  Tank #3 Yellow AI Tank adjusted targeting angle one unit CCW...
<<<14:40:13:004786>>>  Tank #3 Yellow AI Tank is checking targeting info...
<<<14:40:13:004786>>>  Tank #3 Yellow AI Tank Launch angle not within tolerances, adjusting firing solution...
<<<14:40:13:004786>>>  Tank #3 Yellow AI Tank Launch speed not within tolerances, adjusting firing solution...
<<<14:40:13:004786>>>  Tank #3 Yellow AI Tank adjusted targeting angle one unit CCW...
<<<14:40:13:021303>>>  Deleting effect pixie thawing...
<<<14:40:13:021303>>>  Deleting effect pixie thawing...
<<<14:40:13:021303>>>  Tank #3 Yellow AI Tank is checking targeting info...
<<<14:40:13:021303>>>  Tank #3 Yellow AI Tank Launch angle not within tolerances, adjusting firing solution...
<<<14:40:13:021303>>>  Tank #3 Yellow AI Tank Launch speed not within tolerances, adjusting firing solution...
<<<14:40:13:021303>>>  Tank #3 Yellow AI Tank adjusted targeting angle one unit CCW...
<<<14:40:13:037610>>>  Tank #3 Yellow AI Tank is checking targeting info...
<<<14:40:13:037610>>>  Tank #3 Yellow AI Tank Launch angle not within tolerances, adjusting firing solution...
<<<14:40:13:037610>>>  Tank #3 Yellow AI Tank Launch speed not within tolerances, adjusting firing solution...
<<<14:40:13:037610>>>  Tank #3 Yellow AI Tank adjusted targeting angle one unit CCW...
<<<14:40:13:055273>>>  Tank #3 Yellow AI Tank is checking targeting info...
<<<14:40:13:055273>>>  Tank #3 Yellow AI Tank Launch angle not within tolerances, adjusting firing solution...
<<<14:40:13:055273>>>  Tank #3 Yellow AI Tank Launch speed not within tolerances, adjusting firing solution...
<<<14:40:13:055273>>>  Tank #3 Yellow AI Tank adjusted targeting angle one unit CCW...
<<<14:40:13:070839>>>  Tank #3 Yellow AI Tank is checking targeting info...
<<<14:40:13:070839>>>  Tank #3 Yellow AI Tank Launch angle not within tolerances, adjusting firing solution...
<<<14:40:13:070839>>>  Tank #3 Yellow AI Tank Launch speed not within tolerances, adjusting firing solution...
<<<14:40:13:070839>>>  Tank #3 Yellow AI Tank adjusted targeting angle one unit CCW...
<<<14:40:13:087981>>>  Tank #3 Yellow AI Tank is checking targeting info...
<<<14:40:13:087981>>>  Tank #3 Yellow AI Tank Launch angle not within tolerances, adjusting firing solution...
<<<14:40:13:087981>>>  Tank #3 Yellow AI Tank Launch speed not within tolerances, adjusting firing solution...
<<<14:40:13:087981>>>  Tank #3 Yellow AI Tank adjusted targeting angle one unit CCW...
<<<14:40:13:104925>>>  Tank #3 Yellow AI Tank is checking targeting info...
<<<14:40:13:104925>>>  Tank #3 Yellow AI Tank Launch angle not within tolerances, adjusting firing solution...
<<<14:40:13:104925>>>  Tank #3 Yellow AI Tank Launch speed not within tolerances, adjusting firing solution...
<<<14:40:13:104925>>>  Tank #3 Yellow AI Tank adjusted targeting angle one unit CCW...
<<<14:40:13:121488>>>  Tank #3 Yellow AI Tank is checking targeting info...
<<<14:40:13:121488>>>  Tank #3 Yellow AI Tank Launch angle not within tolerances, adjusting firing solution...
<<<14:40:13:121488>>>  Tank #3 Yellow AI Tank Launch speed not within tolerances, adjusting firing solution...
<<<14:40:13:121488>>>  Tank #3 Yellow AI Tank adjusted targeting angle one unit CCW...
<<<14:40:13:138837>>>  Tank #3 Yellow AI Tank is checking targeting info...
<<<14:40:13:138837>>>  Tank #3 Yellow AI Tank Launch angle not within tolerances, adjusting firing solution...
<<<14:40:13:138837>>>  Tank #3 Yellow AI Tank Launch speed not within tolerances, adjusting firing solution...
<<<14:40:13:138837>>>  Tank #3 Yellow AI Tank adjusted targeting angle one unit CCW...
<<<14:40:13:155380>>>  Tank #3 Yellow AI Tank is checking targeting info...
<<<14:40:13:155380>>>  Tank #3 Yellow AI Tank Launch angle not within tolerances, adjusting firing solution...
<<<14:40:13:155380>>>  Tank #3 Yellow AI Tank Launch speed not within tolerances, adjusting firing solution...
<<<14:40:13:155380>>>  Tank #3 Yellow AI Tank adjusted targeting angle one unit CCW...
<<<14:40:13:171394>>>  Tank #3 Yellow AI Tank is checking targeting info...
<<<14:40:13:171394>>>  Tank #3 Yellow AI Tank Launch angle not within tolerances, adjusting firing solution...
<<<14:40:13:171394>>>  Tank #3 Yellow AI Tank Launch speed not within tolerances, adjusting firing solution...
<<<14:40:13:171394>>>  Tank #3 Yellow AI Tank adjusted targeting angle one unit CCW...
<<<14:40:13:188095>>>  Tank #3 Yellow AI Tank is checking targeting info...
<<<14:40:13:188095>>>  Tank #3 Yellow AI Tank Launch angle not within tolerances, adjusting firing solution...
<<<14:40:13:188095>>>  Tank #3 Yellow AI Tank Launch speed not within tolerances, adjusting firing solution...
<<<14:40:13:188095>>>  Tank #3 Yellow AI Tank adjusted targeting angle one unit CCW...
<<<14:40:13:203983>>>  Tank #3 Yellow AI Tank is checking targeting info...
<<<14:40:13:203983>>>  Tank #3 Yellow AI Tank Launch angle not within tolerances, adjusting firing solution...
<<<14:40:13:203983>>>  Tank #3 Yellow AI Tank Launch speed not within tolerances, adjusting firing solution...
<<<14:40:13:203983>>>  Tank #3 Yellow AI Tank adjusted targeting angle one unit CCW...
<<<14:40:13:220334>>>  Tank #3 Yellow AI Tank is checking targeting info...
<<<14:40:13:220334>>>  Tank #3 Yellow AI Tank Launch angle not within tolerances, adjusting firing solution...
<<<14:40:13:220334>>>  Tank #3 Yellow AI Tank Launch speed not within tolerances, adjusting firing solution...
<<<14:40:13:220334>>>  Tank #3 Yellow AI Tank adjusted targeting angle one unit CCW...
<<<14:40:13:236146>>>  Tank #3 Yellow AI Tank is checking targeting info...
<<<14:40:13:236146>>>  Tank #3 Yellow AI Tank Launch angle not within tolerances, adjusting firing solution...
<<<14:40:13:236146>>>  Tank #3 Yellow AI Tank Launch speed not within tolerances, adjusting firing solution...
<<<14:40:13:236146>>>  Tank #3 Yellow AI Tank adjusted targeting angle one unit CCW...
<<<14:40:13:252657>>>  Tank #3 Yellow AI Tank is checking targeting info...
<<<14:40:13:252657>>>  Tank #3 Yellow AI Tank Launch angle not within tolerances, adjusting firing solution...
<<<14:40:13:252657>>>  Tank #3 Yellow AI Tank Launch speed not within tolerances, adjusting firing solution...
<<<14:40:13:252657>>>  Tank #3 Yellow AI Tank adjusted targeting angle one unit CCW...
<<<14:40:13:268863>>>  Tank #3 Yellow AI Tank is checking targeting info...
<<<14:40:13:268863>>>  Tank #3 Yellow AI Tank Launch angle not within tolerances, adjusting firing solution...
<<<14:40:13:268863>>>  Tank #3 Yellow AI Tank Launch speed not within tolerances, adjusting firing solution...
<<<14:40:13:268863>>>  Tank #3 Yellow AI Tank adjusted targeting angle one unit CCW...
<<<14:40:13:284943>>>  Tank #3 Yellow AI Tank is checking targeting info...
<<<14:40:13:284943>>>  Tank #3 Yellow AI Tank Launch angle not within tolerances, adjusting firing solution...
<<<14:40:13:284943>>>  Tank #3 Yellow AI Tank Launch speed not within tolerances, adjusting firing solution...
<<<14:40:13:284943>>>  Tank #3 Yellow AI Tank adjusted targeting angle one unit CCW...
<<<14:40:13:301172>>>  Tank #3 Yellow AI Tank is checking targeting info...
<<<14:40:13:301172>>>  Tank #3 Yellow AI Tank Launch angle not within tolerances, adjusting firing solution...
<<<14:40:13:301172>>>  Tank #3 Yellow AI Tank Launch speed not within tolerances, adjusting firing solution...
<<<14:40:13:301172>>>  Tank #3 Yellow AI Tank adjusted targeting angle one unit CCW...
<<<14:40:13:317401>>>  Tank #3 Yellow AI Tank is checking targeting info...
<<<14:40:13:317401>>>  Tank #3 Yellow AI Tank Launch angle not within tolerances, adjusting firing solution...
<<<14:40:13:317401>>>  Tank #3 Yellow AI Tank Launch speed not within tolerances, adjusting firing solution...
<<<14:40:13:317401>>>  Tank #3 Yellow AI Tank adjusted targeting angle one unit CCW...
<<<14:40:13:334298>>>  Tank #3 Yellow AI Tank is checking targeting info...
<<<14:40:13:334298>>>  Tank #3 Yellow AI Tank Launch angle not within tolerances, adjusting firing solution...
<<<14:40:13:334298>>>  Tank #3 Yellow AI Tank Launch speed not within tolerances, adjusting firing solution...
<<<14:40:13:334298>>>  Tank #3 Yellow AI Tank adjusted targeting angle one unit CCW...
<<<14:40:13:350411>>>  Tank #3 Yellow AI Tank is checking targeting info...
<<<14:40:13:350411>>>  Tank #3 Yellow AI Tank Launch angle not within tolerances, adjusting firing solution...
<<<14:40:13:350411>>>  Tank #3 Yellow AI Tank Launch speed not within tolerances, adjusting firing solution...
<<<14:40:13:350411>>>  Tank #3 Yellow AI Tank adjusted targeting angle one unit CCW...
<<<14:40:13:367124>>>  Tank #3 Yellow AI Tank is checking targeting info...
<<<14:40:13:367124>>>  Tank #3 Yellow AI Tank Launch angle not within tolerances, adjusting firing solution...
<<<14:40:13:367124>>>  Tank #3 Yellow AI Tank Launch speed not within tolerances, adjusting firing solution...
<<<14:40:13:367124>>>  Tank #3 Yellow AI Tank adjusted targeting angle one unit CCW...
<<<14:40:13:383619>>>  Tank #3 Yellow AI Tank is checking targeting info...
<<<14:40:13:383619>>>  Tank #3 Yellow AI Tank Launch angle not within tolerances, adjusting firing solution...
<<<14:40:13:383619>>>  Tank #3 Yellow AI Tank Launch speed not within tolerances, adjusting firing solution...
<<<14:40:13:383619>>>  Tank #3 Yellow AI Tank adjusted targeting angle one unit CCW...
<<<14:40:13:400472>>>  Tank #3 Yellow AI Tank is checking targeting info...
<<<14:40:13:400472>>>  Tank #3 Yellow AI Tank Launch angle not within tolerances, adjusting firing solution...
<<<14:40:13:400472>>>  Tank #3 Yellow AI Tank Launch speed not within tolerances, adjusting firing solution...
<<<14:40:13:400472>>>  Tank #3 Yellow AI Tank adjusted targeting angle one unit CCW...
<<<14:40:13:417076>>>  Tank #3 Yellow AI Tank is checking targeting info...
<<<14:40:13:417076>>>  Tank #3 Yellow AI Tank Launch angle not within tolerances, adjusting firing solution...
<<<14:40:13:417076>>>  Tank #3 Yellow AI Tank Launch speed not within tolerances, adjusting firing solution...
<<<14:40:13:417076>>>  Tank #3 Yellow AI Tank adjusted targeting angle one unit CCW...
<<<14:40:13:432990>>>  Tank #3 Yellow AI Tank is checking targeting info...
<<<14:40:13:432990>>>  Tank #3 Yellow AI Tank Launch angle not within tolerances, adjusting firing solution...
<<<14:40:13:432990>>>  Tank #3 Yellow AI Tank Launch speed not within tolerances, adjusting firing solution...
<<<14:40:13:432990>>>  Tank #3 Yellow AI Tank adjusted targeting angle one unit CCW...
<<<14:40:13:449101>>>  Tank #3 Yellow AI Tank is checking targeting info...
<<<14:40:13:449101>>>  Tank #3 Yellow AI Tank Launch angle not within tolerances, adjusting firing solution...
<<<14:40:13:449101>>>  Tank #3 Yellow AI Tank Launch speed not within tolerances, adjusting firing solution...
<<<14:40:13:449101>>>  Tank #3 Yellow AI Tank adjusted targeting angle one unit CCW...
<<<14:40:13:464838>>>  Tank #3 Yellow AI Tank is checking targeting info...
<<<14:40:13:464838>>>  Tank #3 Yellow AI Tank Launch angle not within tolerances, adjusting firing solution...
<<<14:40:13:464838>>>  Tank #3 Yellow AI Tank Launch speed not within tolerances, adjusting firing solution...
<<<14:40:13:464838>>>  Tank #3 Yellow AI Tank adjusted targeting angle one unit CCW...
<<<14:40:13:481087>>>  Tank #3 Yellow AI Tank is checking targeting info...
<<<14:40:13:481087>>>  Tank #3 Yellow AI Tank Launch angle not within tolerances, adjusting firing solution...
<<<14:40:13:481087>>>  Tank #3 Yellow AI Tank Launch speed not within tolerances, adjusting firing solution...
<<<14:40:13:481087>>>  Tank #3 Yellow AI Tank adjusted targeting angle one unit CCW...
<<<14:40:13:497864>>>  Tank #3 Yellow AI Tank is checking targeting info...
<<<14:40:13:497864>>>  Tank #3 Yellow AI Tank Launch angle not within tolerances, adjusting firing solution...
<<<14:40:13:497864>>>  Tank #3 Yellow AI Tank Launch speed not within tolerances, adjusting firing solution...
<<<14:40:13:497864>>>  Tank #3 Yellow AI Tank adjusted targeting angle one unit CCW...
<<<14:40:13:514136>>>  Tank #3 Yellow AI Tank is checking targeting info...
<<<14:40:13:514136>>>  Tank #3 Yellow AI Tank Launch angle not within tolerances, adjusting firing solution...
<<<14:40:13:514136>>>  Tank #3 Yellow AI Tank Launch speed not within tolerances, adjusting firing solution...
<<<14:40:13:514136>>>  Tank #3 Yellow AI Tank adjusted targeting angle one unit CCW...
<<<14:40:13:529902>>>  Tank #3 Yellow AI Tank is checking targeting info...
<<<14:40:13:529902>>>  Tank #3 Yellow AI Tank Launch angle not within tolerances, adjusting firing solution...
<<<14:40:13:529902>>>  Tank #3 Yellow AI Tank Launch speed not within tolerances, adjusting firing solution...
<<<14:40:13:529902>>>  Tank #3 Yellow AI Tank adjusted targeting angle one unit CCW...
<<<14:40:13:546957>>>  Tank #3 Yellow AI Tank is checking targeting info...
<<<14:40:13:546957>>>  Tank #3 Yellow AI Tank Launch angle not within tolerances, adjusting firing solution...
<<<14:40:13:546957>>>  Tank #3 Yellow AI Tank Launch speed not within tolerances, adjusting firing solution...
<<<14:40:13:546957>>>  Tank #3 Yellow AI Tank adjusted targeting angle one unit CCW...
<<<14:40:13:564292>>>  Tank #3 Yellow AI Tank is checking targeting info...
<<<14:40:13:564292>>>  Tank #3 Yellow AI Tank Launch angle not within tolerances, adjusting firing solution...
<<<14:40:13:564292>>>  Tank #3 Yellow AI Tank Launch speed not within tolerances, adjusting firing solution...
<<<14:40:13:564292>>>  Tank #3 Yellow AI Tank adjusted targeting angle one unit CCW...
<<<14:40:13:581222>>>  Tank #3 Yellow AI Tank is checking targeting info...
<<<14:40:13:581222>>>  Tank #3 Yellow AI Tank Launch angle not within tolerances, adjusting firing solution...
<<<14:40:13:581222>>>  Tank #3 Yellow AI Tank Launch speed not within tolerances, adjusting firing solution...
<<<14:40:13:581222>>>  Tank #3 Yellow AI Tank adjusted targeting angle one unit CCW...
<<<14:40:13:596952>>>  Tank #3 Yellow AI Tank is checking targeting info...
<<<14:40:13:596952>>>  Tank #3 Yellow AI Tank Launch angle not within tolerances, adjusting firing solution...
<<<14:40:13:596952>>>  Tank #3 Yellow AI Tank Launch speed not within tolerances, adjusting firing solution...
<<<14:40:13:596952>>>  Tank #3 Yellow AI Tank adjusted targeting angle one unit CCW...
<<<14:40:13:613330>>>  Tank #3 Yellow AI Tank is checking targeting info...
<<<14:40:13:613330>>>  Tank #3 Yellow AI Tank Launch angle not within tolerances, adjusting firing solution...
<<<14:40:13:613330>>>  Tank #3 Yellow AI Tank Launch speed not within tolerances, adjusting firing solution...
<<<14:40:13:613330>>>  Tank #3 Yellow AI Tank adjusted targeting angle one unit CCW...
<<<14:40:13:628708>>>  Tank #3 Yellow AI Tank is checking targeting info...
<<<14:40:13:628708>>>  Tank #3 Yellow AI Tank increased launch speed one unit...
<<<14:40:13:644914>>>  Tank #3 Yellow AI Tank is checking targeting info...
<<<14:40:13:644914>>>  Tank #3 Yellow AI Tank increased launch speed one unit...
<<<14:40:13:661148>>>  Tank #3 Yellow AI Tank is checking targeting info...
<<<14:40:13:661148>>>  Tank #3 Yellow AI Tank increased launch speed one unit...
<<<14:40:13:677301>>>  Tank #3 Yellow AI Tank is checking targeting info...
<<<14:40:13:677301>>>  Tank #3 Yellow AI Tank increased launch speed one unit...
<<<14:40:13:692811>>>  Tank #3 Yellow AI Tank is checking targeting info...
<<<14:40:13:692811>>>  Tank #3 Yellow AI Tank increased launch speed one unit...
<<<14:40:13:708699>>>  Tank #3 Yellow AI Tank is checking targeting info...
<<<14:40:13:708699>>>  Tank #3 Yellow AI Tank increased launch speed one unit...
<<<14:40:13:725544>>>  Tank #3 Yellow AI Tank is checking targeting info...
<<<14:40:13:725544>>>  Tank #3 Yellow AI Tank increased launch speed one unit...
<<<14:40:13:741936>>>  Tank #3 Yellow AI Tank is checking targeting info...
<<<14:40:13:741936>>>  Tank #3 Yellow AI Tank increased launch speed one unit...
<<<14:40:13:757502>>>  Tank #3 Yellow AI Tank is checking targeting info...
<<<14:40:13:757502>>>  Tank #3 Yellow AI Tank increased launch speed one unit...
<<<14:40:13:773932>>>  Tank #3 Yellow AI Tank is checking targeting info...
<<<14:40:13:773932>>>  Tank #3 Yellow AI Tank increased launch speed one unit...
<<<14:40:13:790374>>>  Tank #3 Yellow AI Tank is checking targeting info...
<<<14:40:13:790374>>>  Tank #3 Yellow AI Tank increased launch speed one unit...
<<<14:40:13:805772>>>  Tank #3 Yellow AI Tank is checking targeting info...
<<<14:40:13:805772>>>  Tank #3 Yellow AI Tank increased launch speed one unit...
<<<14:40:13:822174>>>  Tank #3 Yellow AI Tank is checking targeting info...
<<<14:40:13:822174>>>  Tank #3 Yellow AI Tank increased launch speed one unit...
<<<14:40:13:838177>>>  Tank #3 Yellow AI Tank is checking targeting info...
<<<14:40:13:838177>>>  Tank #3 Yellow AI Tank increased launch speed one unit...
<<<14:40:13:854634>>>  Tank #3 Yellow AI Tank is checking targeting info...
<<<14:40:13:854634>>>  Tank #3 Yellow AI Tank increased launch speed one unit...
<<<14:40:13:871539>>>  Tank #3 Yellow AI Tank is checking targeting info...
<<<14:40:13:871539>>>  Tank #3 Yellow AI Tank increased launch speed one unit...
<<<14:40:13:889056>>>  Tank #3 Yellow AI Tank is checking targeting info...
<<<14:40:13:889056>>>  Tank #3 Yellow AI Tank increased launch speed one unit...
<<<14:40:13:905561>>>  Tank #3 Yellow AI Tank is checking targeting info...
<<<14:40:13:905561>>>  Tank #3 Yellow AI Tank increased launch speed one unit...
<<<14:40:13:921816>>>  Tank #3 Yellow AI Tank is checking targeting info...
<<<14:40:13:921816>>>  Tank #3 Yellow AI Tank increased launch speed one unit...
<<<14:40:13:938112>>>  Tank #3 Yellow AI Tank is checking targeting info...
<<<14:40:13:938112>>>  Tank #3 Yellow AI Tank increased launch speed one unit...
<<<14:40:13:953956>>>  Tank #3 Yellow AI Tank is checking targeting info...
<<<14:40:13:953956>>>  Tank #3 Yellow AI Tank increased launch speed one unit...
<<<14:40:13:969826>>>  Tank #3 Yellow AI Tank is checking targeting info...
<<<14:40:13:969826>>>  Tank #3 Yellow AI Tank increased launch speed one unit...
<<<14:40:13:985864>>>  Tank #3 Yellow AI Tank is checking targeting info...
<<<14:40:13:985864>>>  Tank #3 Yellow AI Tank increased launch speed one unit...
<<<14:40:14:002076>>>  Tank #3 Yellow AI Tank is checking targeting info...
<<<14:40:14:002076>>>  Tank #3 Yellow AI Tank increased launch speed one unit...
<<<14:40:14:018813>>>  Tank #3 Yellow AI Tank is checking targeting info...
<<<14:40:14:018813>>>  Tank #3 Yellow AI Tank increased launch speed one unit...
<<<14:40:14:034812>>>  Tank #3 Yellow AI Tank is checking targeting info...
<<<14:40:14:034812>>>  Tank #3 Yellow AI Tank increased launch speed one unit...
<<<14:40:14:050827>>>  Tank #3 Yellow AI Tank is checking targeting info...
<<<14:40:14:050827>>>  Tank #3 Yellow AI Tank increased launch speed one unit...
<<<14:40:14:067095>>>  Tank #3 Yellow AI Tank is checking targeting info...
<<<14:40:14:067095>>>  Tank #3 Yellow AI Tank increased launch speed one unit...
<<<14:40:14:083570>>>  Tank #3 Yellow AI Tank is checking targeting info...
<<<14:40:14:083570>>>  Tank #3 Yellow AI Tank increased launch speed one unit...
<<<14:40:14:100228>>>  Tank #3 Yellow AI Tank is checking targeting info...
<<<14:40:14:100228>>>  Tank #3 Yellow AI Tank increased launch speed one unit...
<<<14:40:14:115992>>>  Tank #3 Yellow AI Tank is checking targeting info...
<<<14:40:14:115992>>>  Tank #3 Yellow AI Tank increased launch speed one unit...
<<<14:40:14:132639>>>  Tank #3 Yellow AI Tank is checking targeting info...
<<<14:40:14:132639>>>  Tank #3 Yellow AI Tank increased launch speed one unit...
<<<14:40:14:149000>>>  Tank #3 Yellow AI Tank is checking targeting info...
<<<14:40:14:149000>>>  Tank #3 Yellow AI Tank increased launch speed one unit...
<<<14:40:14:165032>>>  Tank #2 Red AI Tank being destroyed...
<<<14:40:14:165032>>>  Tank successfully destroyed!
<<<14:40:14:165032>>>  Tank #3 Yellow AI Tank is checking targeting info...
<<<14:40:14:165032>>>  Tank #3 Yellow AI Tank increased launch speed one unit...
<<<14:40:14:180603>>>  Tank #3 Yellow AI Tank is checking targeting info...
<<<14:40:14:180603>>>  Tank #3 Yellow AI Tank increased launch speed one unit...
<<<14:40:14:197252>>>  Tank #3 Yellow AI Tank is checking targeting info...
<<<14:40:14:197252>>>  Tank #3 Yellow AI Tank increased launch speed one unit...
<<<14:40:14:213200>>>  Tank #3 Yellow AI Tank is checking targeting info...
<<<14:40:14:213200>>>  Tank #3 Yellow AI Tank increased launch speed one unit...
<<<14:40:14:228626>>>  Tank #3 Yellow AI Tank is checking targeting info...
<<<14:40:14:228626>>>  Tank #3 Yellow AI Tank increased launch speed one unit...
<<<14:40:14:244719>>>  Tank #3 Yellow AI Tank is checking targeting info...
<<<14:40:14:244719>>>  Tank #3 Yellow AI Tank firing solution within tolerances, not adjusting firing solution...
<<<14:40:14:244719>>>  Tank #3 Yellow AI Tank attempting to fire cannonball...
<<<14:40:14:262485>>>  Tank #3 Yellow AI Tank chose to shoot...
<<<14:40:14:278807>>>  Tank #3 Yellow AI Tank is checking targeting info...
<<<14:40:14:278807>>>  Tank #3 Yellow AI Tank firing solution within tolerances, not adjusting firing solution...
<<<14:40:14:278807>>>  Tank #3 Yellow AI Tank attempting to fire cannonball...
<<<14:40:14:295521>>>  Tank #3 Yellow AI Tank chose to shoot...
<<<14:40:14:312651>>>  Tank #3 Yellow AI Tank is checking targeting info...
<<<14:40:14:312651>>>  Tank #3 Yellow AI Tank firing solution within tolerances, not adjusting firing solution...
<<<14:40:14:312651>>>  Tank #3 Yellow AI Tank attempting to fire cannonball...
<<<14:40:14:328977>>>  Tank #3 Yellow AI Tank chose to shoot...
<<<14:40:14:344993>>>  Tank #3 Yellow AI Tank is checking targeting info...
<<<14:40:14:344993>>>  Tank #3 Yellow AI Tank firing solution within tolerances, not adjusting firing solution...
<<<14:40:14:344993>>>  Tank #3 Yellow AI Tank attempting to fire cannonball...
<<<14:40:14:361009>>>  Tank #3 Yellow AI Tank chose to move to 0.5425, cururently at 5.7596.
<<<14:40:14:362089>>>  Tank #3 Yellow AI Tank moved one unit CCW...
<<<14:40:14:362089>>>  Tank #3 Yellow AI Tank chose to move...
<<<14:40:14:377130>>>  Tank #3 Yellow AI Tank moved one unit CCW...
<<<14:40:14:392903>>>  Tank #3 Yellow AI Tank moved one unit CCW...
<<<14:40:14:409470>>>  Tank #3 Yellow AI Tank moved one unit CCW...
<<<14:40:14:426411>>>  Tank #3 Yellow AI Tank moved one unit CCW...
<<<14:40:14:441929>>>  Tank #3 Yellow AI Tank moved one unit CCW...
<<<14:40:14:457641>>>  Tank #3 Yellow AI Tank moved one unit CCW...
<<<14:40:14:473638>>>  Tank #3 Yellow AI Tank moved one unit CCW...
<<<14:40:14:489623>>>  Tank #3 Yellow AI Tank moved one unit CCW...
<<<14:40:14:505884>>>  Tank #3 Yellow AI Tank moved one unit CCW...
<<<14:40:14:522290>>>  Tank #3 Yellow AI Tank moved one unit CCW...
<<<14:40:14:538090>>>  Tank #3 Yellow AI Tank moved one unit CCW...
<<<14:40:14:554550>>>  Tank #3 Yellow AI Tank moved one unit CCW...
<<<14:40:14:571138>>>  Tank #3 Yellow AI Tank moved one unit CCW...
<<<14:40:14:587982>>>  Tank #3 Yellow AI Tank moved one unit CCW...
<<<14:40:14:604776>>>  Tank #3 Yellow AI Tank moved one unit CCW...
<<<14:40:14:622117>>>  Tank #3 Yellow AI Tank moved one unit CCW...
<<<14:40:14:638914>>>  Tank #3 Yellow AI Tank moved one unit CCW...
<<<14:40:14:655332>>>  Tank #3 Yellow AI Tank moved one unit CCW...
<<<14:40:14:671175>>>  Tank #3 Yellow AI Tank moved one unit CCW...
<<<14:40:14:688017>>>  Tank #3 Yellow AI Tank moved one unit CCW...
<<<14:40:14:703944>>>  Tank #3 Yellow AI Tank moved one unit CCW...
<<<14:40:14:720249>>>  Tank #3 Yellow AI Tank moved one unit CCW...
<<<14:40:14:735684>>>  Tank #3 Yellow AI Tank moved one unit CCW...
<<<14:40:14:752201>>>  Tank #3 Yellow AI Tank moved one unit CCW...
<<<14:40:14:768365>>>  Tank #3 Yellow AI Tank moved one unit CCW...
<<<14:40:14:784008>>>  Tank #3 Yellow AI Tank moved one unit CCW...
<<<14:40:14:800144>>>  Tank #3 Yellow AI Tank moved one unit CCW...
<<<14:40:14:816077>>>  Tank #3 Yellow AI Tank moved one unit CCW...
<<<14:40:14:832677>>>  Tank #3 Yellow AI Tank moved one unit CCW...
<<<14:40:14:849077>>>  Tank #3 Yellow AI Tank moved one unit CCW...
<<<14:40:14:865841>>>  Tank #3 Yellow AI Tank moved one unit CCW...
<<<14:40:14:882536>>>  Tank #3 Yellow AI Tank moved one unit CCW...
<<<14:40:14:900094>>>  Tank #3 Yellow AI Tank moved one unit CCW...
<<<14:40:14:917146>>>  Tank #3 Yellow AI Tank moved one unit CCW...
<<<14:40:14:932942>>>  Tank #3 Yellow AI Tank moved one unit CCW...
<<<14:40:14:949635>>>  Tank #3 Yellow AI Tank moved one unit CCW...
<<<14:40:14:966802>>>  Tank #3 Yellow AI Tank moved one unit CCW...
<<<14:40:14:983603>>>  Tank #3 Yellow AI Tank moved one unit CCW...
<<<14:40:15:000134>>>  Tank #3 Yellow AI Tank moved one unit CCW...
<<<14:40:15:016044>>>  Tank #3 Yellow AI Tank moved one unit CCW...
<<<14:40:15:032762>>>  Tank #3 Yellow AI Tank moved one unit CCW...
<<<14:40:15:050228>>>  Tank #3 Yellow AI Tank moved one unit CCW...
<<<14:40:15:067081>>>  Tank #3 Yellow AI Tank moved one unit CCW...
<<<14:40:15:083167>>>  Tank #3 Yellow AI Tank moved one unit CCW...
<<<14:40:15:099371>>>  Tank #3 Yellow AI Tank moved one unit CCW...
<<<14:40:15:115439>>>  Tank #3 Yellow AI Tank moved one unit CCW...
<<<14:40:15:132157>>>  Tank #3 Yellow AI Tank moved one unit CCW...
<<<14:40:15:148566>>>  Tank #3 Yellow AI Tank moved one unit CCW...
<<<14:40:15:164764>>>  Tank #3 Yellow AI Tank moved one unit CCW...
<<<14:40:15:180933>>>  Tank #3 Yellow AI Tank moved one unit CCW...
<<<14:40:15:196928>>>  Tank #3 Yellow AI Tank moved one unit CCW...
<<<14:40:15:212894>>>  Tank #3 Yellow AI Tank moved one unit CCW...
<<<14:40:15:229165>>>  Tank #3 Yellow AI Tank moved one unit CCW...
<<<14:40:15:244824>>>  Tank #3 Yellow AI Tank moved one unit CCW...
<<<14:40:15:261080>>>  Tank #3 Yellow AI Tank moved one unit CCW...
<<<14:40:15:276975>>>  Tank #3 Yellow AI Tank moved one unit CCW...
<<<14:40:15:292914>>>  Tank #3 Yellow AI Tank moved one unit CCW...
<<<14:40:15:309613>>>  Tank #3 Yellow AI Tank moved one unit CCW...
<<<14:40:15:326990>>>  Tank #3 Yellow AI Tank moved one unit CCW...
<<<14:40:15:343270>>>  Tank #3 Yellow AI Tank moved one unit CCW...
<<<14:40:15:374989>>>  Tank #3 Yellow AI Tank chose to shoot...
<<<14:40:15:390773>>>  Tank #3 Yellow AI Tank is checking targeting info...
<<<14:40:15:390773>>>  Tank #3 Yellow AI Tank Launch angle not within tolerances, adjusting firing solution...
<<<14:40:15:390773>>>  Tank #3 Yellow AI Tank Launch speed not within tolerances, adjusting firing solution...
<<<14:40:15:390773>>>  Tank #3 Yellow AI Tank adjusted targeting angle one unit CCW...
<<<14:40:15:407226>>>  Tank #3 Yellow AI Tank is checking targeting info...
<<<14:40:15:407226>>>  Tank #3 Yellow AI Tank Launch angle not within tolerances, adjusting firing solution...
<<<14:40:15:407226>>>  Tank #3 Yellow AI Tank Launch speed not within tolerances, adjusting firing solution...
<<<14:40:15:407226>>>  Tank #3 Yellow AI Tank adjusted targeting angle one unit CCW...
<<<14:40:15:422876>>>  Tank #3 Yellow AI Tank is checking targeting info...
<<<14:40:15:422876>>>  Tank #3 Yellow AI Tank Launch angle not within tolerances, adjusting firing solution...
<<<14:40:15:422876>>>  Tank #3 Yellow AI Tank Launch speed not within tolerances, adjusting firing solution...
<<<14:40:15:422876>>>  Tank #3 Yellow AI Tank adjusted targeting angle one unit CCW...
<<<14:40:15:439383>>>  Tank #3 Yellow AI Tank is checking targeting info...
<<<14:40:15:439383>>>  Tank #3 Yellow AI Tank Launch angle not within tolerances, adjusting firing solution...
<<<14:40:15:439383>>>  Tank #3 Yellow AI Tank Launch speed not within tolerances, adjusting firing solution...
<<<14:40:15:439383>>>  Tank #3 Yellow AI Tank adjusted targeting angle one unit CCW...
<<<14:40:15:455296>>>  Tank #3 Yellow AI Tank is checking targeting info...
<<<14:40:15:455296>>>  Tank #3 Yellow AI Tank Launch angle not within tolerances, adjusting firing solution...
<<<14:40:15:455296>>>  Tank #3 Yellow AI Tank Launch speed not within tolerances, adjusting firing solution...
<<<14:40:15:455296>>>  Tank #3 Yellow AI Tank adjusted targeting angle one unit CCW...
<<<14:40:15:471228>>>  Tank #3 Yellow AI Tank is checking targeting info...
<<<14:40:15:471228>>>  Tank #3 Yellow AI Tank Launch angle not within tolerances, adjusting firing solution...
<<<14:40:15:471228>>>  Tank #3 Yellow AI Tank Launch speed not within tolerances, adjusting firing solution...
<<<14:40:15:471228>>>  Tank #3 Yellow AI Tank adjusted targeting angle one unit CCW...
<<<14:40:15:487023>>>  Tank #3 Yellow AI Tank is checking targeting info...
<<<14:40:15:487023>>>  Tank #3 Yellow AI Tank Launch angle not within tolerances, adjusting firing solution...
<<<14:40:15:487023>>>  Tank #3 Yellow AI Tank Launch speed not within tolerances, adjusting firing solution...
<<<14:40:15:487023>>>  Tank #3 Yellow AI Tank adjusted targeting angle one unit CCW...
<<<14:40:15:503380>>>  Tank #3 Yellow AI Tank is checking targeting info...
<<<14:40:15:503380>>>  Tank #3 Yellow AI Tank Launch angle not within tolerances, adjusting firing solution...
<<<14:40:15:503380>>>  Tank #3 Yellow AI Tank Launch speed not within tolerances, adjusting firing solution...
<<<14:40:15:503380>>>  Tank #3 Yellow AI Tank adjusted targeting angle one unit CCW...
<<<14:40:15:519192>>>  Tank #3 Yellow AI Tank is checking targeting info...
<<<14:40:15:519192>>>  Tank #3 Yellow AI Tank Launch angle not within tolerances, adjusting firing solution...
<<<14:40:15:519192>>>  Tank #3 Yellow AI Tank Launch speed not within tolerances, adjusting firing solution...
<<<14:40:15:519192>>>  Tank #3 Yellow AI Tank adjusted targeting angle one unit CCW...
<<<14:40:15:534998>>>  Tank #3 Yellow AI Tank is checking targeting info...
<<<14:40:15:534998>>>  Tank #3 Yellow AI Tank Launch angle not within tolerances, adjusting firing solution...
<<<14:40:15:534998>>>  Tank #3 Yellow AI Tank Launch speed not within tolerances, adjusting firing solution...
<<<14:40:15:534998>>>  Tank #3 Yellow AI Tank adjusted targeting angle one unit CCW...
<<<14:40:15:550927>>>  Tank #3 Yellow AI Tank is checking targeting info...
<<<14:40:15:550927>>>  Tank #3 Yellow AI Tank Launch angle not within tolerances, adjusting firing solution...
<<<14:40:15:550927>>>  Tank #3 Yellow AI Tank Launch speed not within tolerances, adjusting firing solution...
<<<14:40:15:550927>>>  Tank #3 Yellow AI Tank adjusted targeting angle one unit CCW...
<<<14:40:15:568489>>>  Tank #3 Yellow AI Tank is checking targeting info...
<<<14:40:15:568489>>>  Tank #3 Yellow AI Tank Launch angle not within tolerances, adjusting firing solution...
<<<14:40:15:568489>>>  Tank #3 Yellow AI Tank Launch speed not within tolerances, adjusting firing solution...
<<<14:40:15:568489>>>  Tank #3 Yellow AI Tank adjusted targeting angle one unit CCW...
<<<14:40:15:585705>>>  Tank #3 Yellow AI Tank is checking targeting info...
<<<14:40:15:585705>>>  Tank #3 Yellow AI Tank Launch angle not within tolerances, adjusting firing solution...
<<<14:40:15:585705>>>  Tank #3 Yellow AI Tank Launch speed not within tolerances, adjusting firing solution...
<<<14:40:15:585705>>>  Tank #3 Yellow AI Tank adjusted targeting angle one unit CCW...
<<<14:40:15:603298>>>  Tank #3 Yellow AI Tank is checking targeting info...
<<<14:40:15:603298>>>  Tank #3 Yellow AI Tank Launch angle not within tolerances, adjusting firing solution...
<<<14:40:15:603298>>>  Tank #3 Yellow AI Tank Launch speed not within tolerances, adjusting firing solution...
<<<14:40:15:603298>>>  Tank #3 Yellow AI Tank adjusted targeting angle one unit CCW...
<<<14:40:15:618890>>>  Tank #3 Yellow AI Tank is checking targeting info...
<<<14:40:15:618890>>>  Tank #3 Yellow AI Tank Launch angle not within tolerances, adjusting firing solution...
<<<14:40:15:618890>>>  Tank #3 Yellow AI Tank Launch speed not within tolerances, adjusting firing solution...
<<<14:40:15:618890>>>  Tank #3 Yellow AI Tank adjusted targeting angle one unit CCW...
<<<14:40:15:634906>>>  Tank #3 Yellow AI Tank is checking targeting info...
<<<14:40:15:634906>>>  Tank #3 Yellow AI Tank Launch angle not within tolerances, adjusting firing solution...
<<<14:40:15:634906>>>  Tank #3 Yellow AI Tank Launch speed not within tolerances, adjusting firing solution...
<<<14:40:15:634906>>>  Tank #3 Yellow AI Tank adjusted targeting angle one unit CCW...
<<<14:40:15:651083>>>  Tank #3 Yellow AI Tank is checking targeting info...
<<<14:40:15:651083>>>  Tank #3 Yellow AI Tank Launch angle not within tolerances, adjusting firing solution...
<<<14:40:15:651083>>>  Tank #3 Yellow AI Tank Launch speed not within tolerances, adjusting firing solution...
<<<14:40:15:651083>>>  Tank #3 Yellow AI Tank adjusted targeting angle one unit CCW...
<<<14:40:15:667092>>>  Tank #3 Yellow AI Tank is checking targeting info...
<<<14:40:15:668085>>>  Tank #3 Yellow AI Tank Launch angle not within tolerances, adjusting firing solution...
<<<14:40:15:668085>>>  Tank #3 Yellow AI Tank Launch speed not within tolerances, adjusting firing solution...
<<<14:40:15:668085>>>  Tank #3 Yellow AI Tank adjusted targeting angle one unit CCW...
<<<14:40:15:682787>>>  Tank #3 Yellow AI Tank is checking targeting info...
<<<14:40:15:682787>>>  Tank #3 Yellow AI Tank Launch angle not within tolerances, adjusting firing solution...
<<<14:40:15:682787>>>  Tank #3 Yellow AI Tank Launch speed not within tolerances, adjusting firing solution...
<<<14:40:15:682787>>>  Tank #3 Yellow AI Tank adjusted targeting angle one unit CCW...
<<<14:40:15:700225>>>  Tank #3 Yellow AI Tank is checking targeting info...
<<<14:40:15:700225>>>  Tank #3 Yellow AI Tank Launch angle not within tolerances, adjusting firing solution...
<<<14:40:15:700225>>>  Tank #3 Yellow AI Tank Launch speed not within tolerances, adjusting firing solution...
<<<14:40:15:700225>>>  Tank #3 Yellow AI Tank adjusted targeting angle one unit CCW...
<<<14:40:15:716879>>>  Tank #3 Yellow AI Tank is checking targeting info...
<<<14:40:15:716879>>>  Tank #3 Yellow AI Tank Launch angle not within tolerances, adjusting firing solution...
<<<14:40:15:716879>>>  Tank #3 Yellow AI Tank Launch speed not within tolerances, adjusting firing solution...
<<<14:40:15:716879>>>  Tank #3 Yellow AI Tank adjusted targeting angle one unit CCW...
<<<14:40:15:732608>>>  Tank #3 Yellow AI Tank is checking targeting info...
<<<14:40:15:732608>>>  Tank #3 Yellow AI Tank Launch angle not within tolerances, adjusting firing solution...
<<<14:40:15:732608>>>  Tank #3 Yellow AI Tank Launch speed not within tolerances, adjusting firing solution...
<<<14:40:15:732608>>>  Tank #3 Yellow AI Tank adjusted targeting angle one unit CCW...
<<<14:40:15:749658>>>  Tank #3 Yellow AI Tank is checking targeting info...
<<<14:40:15:749658>>>  Tank #3 Yellow AI Tank Launch angle not within tolerances, adjusting firing solution...
<<<14:40:15:749658>>>  Tank #3 Yellow AI Tank Launch speed not within tolerances, adjusting firing solution...
<<<14:40:15:749658>>>  Tank #3 Yellow AI Tank adjusted targeting angle one unit CCW...
<<<14:40:15:765924>>>  Tank #3 Yellow AI Tank is checking targeting info...
<<<14:40:15:765924>>>  Tank #3 Yellow AI Tank Launch angle not within tolerances, adjusting firing solution...
<<<14:40:15:765924>>>  Tank #3 Yellow AI Tank Launch speed not within tolerances, adjusting firing solution...
<<<14:40:15:765924>>>  Tank #3 Yellow AI Tank adjusted targeting angle one unit CCW...
<<<14:40:15:782696>>>  Tank #3 Yellow AI Tank is checking targeting info...
<<<14:40:15:782696>>>  Tank #3 Yellow AI Tank Launch angle not within tolerances, adjusting firing solution...
<<<14:40:15:782696>>>  Tank #3 Yellow AI Tank Launch speed not within tolerances, adjusting firing solution...
<<<14:40:15:782696>>>  Tank #3 Yellow AI Tank adjusted targeting angle one unit CCW...
<<<14:40:15:799942>>>  Tank #3 Yellow AI Tank is checking targeting info...
<<<14:40:15:799942>>>  Tank #3 Yellow AI Tank Launch angle not within tolerances, adjusting firing solution...
<<<14:40:15:799942>>>  Tank #3 Yellow AI Tank Launch speed not within tolerances, adjusting firing solution...
<<<14:40:15:799942>>>  Tank #3 Yellow AI Tank adjusted targeting angle one unit CCW...
<<<14:40:15:815976>>>  Tank #3 Yellow AI Tank is checking targeting info...
<<<14:40:15:816874>>>  Tank #3 Yellow AI Tank Launch angle not within tolerances, adjusting firing solution...
<<<14:40:15:816874>>>  Tank #3 Yellow AI Tank Launch speed not within tolerances, adjusting firing solution...
<<<14:40:15:816874>>>  Tank #3 Yellow AI Tank adjusted targeting angle one unit CCW...
<<<14:40:15:832831>>>  Tank #3 Yellow AI Tank is checking targeting info...
<<<14:40:15:832831>>>  Tank #3 Yellow AI Tank Launch angle not within tolerances, adjusting firing solution...
<<<14:40:15:832831>>>  Tank #3 Yellow AI Tank Launch speed not within tolerances, adjusting firing solution...
<<<14:40:15:832831>>>  Tank #3 Yellow AI Tank adjusted targeting angle one unit CCW...
<<<14:40:15:849521>>>  Tank #3 Yellow AI Tank is checking targeting info...
<<<14:40:15:849521>>>  Tank #3 Yellow AI Tank Launch angle not within tolerances, adjusting firing solution...
<<<14:40:15:849521>>>  Tank #3 Yellow AI Tank Launch speed not within tolerances, adjusting firing solution...
<<<14:40:15:849521>>>  Tank #3 Yellow AI Tank adjusted targeting angle one unit CCW...
<<<14:40:15:866224>>>  Tank #3 Yellow AI Tank is checking targeting info...
<<<14:40:15:866224>>>  Tank #3 Yellow AI Tank Launch angle not within tolerances, adjusting firing solution...
<<<14:40:15:866224>>>  Tank #3 Yellow AI Tank Launch speed not within tolerances, adjusting firing solution...
<<<14:40:15:866224>>>  Tank #3 Yellow AI Tank adjusted targeting angle one unit CCW...
<<<14:40:15:882209>>>  Tank #3 Yellow AI Tank is checking targeting info...
<<<14:40:15:882252>>>  Tank #3 Yellow AI Tank Launch angle not within tolerances, adjusting firing solution...
<<<14:40:15:882274>>>  Tank #3 Yellow AI Tank Launch speed not within tolerances, adjusting firing solution...
<<<14:40:15:882274>>>  Tank #3 Yellow AI Tank adjusted targeting angle one unit CCW...
<<<14:40:15:897540>>>  Tank #3 Yellow AI Tank is checking targeting info...
<<<14:40:15:897540>>>  Tank #3 Yellow AI Tank Launch angle not within tolerances, adjusting firing solution...
<<<14:40:15:897540>>>  Tank #3 Yellow AI Tank Launch speed not within tolerances, adjusting firing solution...
<<<14:40:15:897540>>>  Tank #3 Yellow AI Tank adjusted targeting angle one unit CCW...
<<<14:40:15:914535>>>  Tank #3 Yellow AI Tank is checking targeting info...
<<<14:40:15:914535>>>  Tank #3 Yellow AI Tank Launch angle not within tolerances, adjusting firing solution...
<<<14:40:15:914535>>>  Tank #3 Yellow AI Tank Launch speed not within tolerances, adjusting firing solution...
<<<14:40:15:914535>>>  Tank #3 Yellow AI Tank adjusted targeting angle one unit CCW...
<<<14:40:15:930849>>>  Tank #3 Yellow AI Tank is checking targeting info...
<<<14:40:15:930849>>>  Tank #3 Yellow AI Tank Launch angle not within tolerances, adjusting firing solution...
<<<14:40:15:930849>>>  Tank #3 Yellow AI Tank Launch speed not within tolerances, adjusting firing solution...
<<<14:40:15:930849>>>  Tank #3 Yellow AI Tank adjusted targeting angle one unit CCW...
<<<14:40:15:947884>>>  Tank #3 Yellow AI Tank is checking targeting info...
<<<14:40:15:947884>>>  Tank #3 Yellow AI Tank Launch angle not within tolerances, adjusting firing solution...
<<<14:40:15:947884>>>  Tank #3 Yellow AI Tank Launch speed not within tolerances, adjusting firing solution...
<<<14:40:15:947884>>>  Tank #3 Yellow AI Tank adjusted targeting angle one unit CCW...
<<<14:40:15:963122>>>  Tank #3 Yellow AI Tank is checking targeting info...
<<<14:40:15:963122>>>  Tank #3 Yellow AI Tank Launch angle not within tolerances, adjusting firing solution...
<<<14:40:15:963122>>>  Tank #3 Yellow AI Tank Launch speed not within tolerances, adjusting firing solution...
<<<14:40:15:963122>>>  Tank #3 Yellow AI Tank adjusted targeting angle one unit CCW...
<<<14:40:15:979402>>>  Tank #3 Yellow AI Tank is checking targeting info...
<<<14:40:15:979402>>>  Tank #3 Yellow AI Tank Launch angle not within tolerances, adjusting firing solution...
<<<14:40:15:979402>>>  Tank #3 Yellow AI Tank Launch speed not within tolerances, adjusting firing solution...
<<<14:40:15:979402>>>  Tank #3 Yellow AI Tank adjusted targeting angle one unit CCW...
<<<14:40:15:995577>>>  Tank #3 Yellow AI Tank is checking targeting info...
<<<14:40:15:995577>>>  Tank #3 Yellow AI Tank Launch angle not within tolerances, adjusting firing solution...
<<<14:40:15:995577>>>  Tank #3 Yellow AI Tank Launch speed not within tolerances, adjusting firing solution...
<<<14:40:15:995577>>>  Tank #3 Yellow AI Tank adjusted targeting angle one unit CCW...
<<<14:40:16:011987>>>  Tank #3 Yellow AI Tank is checking targeting info...
<<<14:40:16:011987>>>  Tank #3 Yellow AI Tank Launch angle not within tolerances, adjusting firing solution...
<<<14:40:16:011987>>>  Tank #3 Yellow AI Tank Launch speed not within tolerances, adjusting firing solution...
<<<14:40:16:011987>>>  Tank #3 Yellow AI Tank adjusted targeting angle one unit CCW...
<<<14:40:16:028982>>>  Tank #3 Yellow AI Tank is checking targeting info...
<<<14:40:16:028982>>>  Tank #3 Yellow AI Tank Launch angle not within tolerances, adjusting firing solution...
<<<14:40:16:028982>>>  Tank #3 Yellow AI Tank Launch speed not within tolerances, adjusting firing solution...
<<<14:40:16:028982>>>  Tank #3 Yellow AI Tank adjusted targeting angle one unit CCW...
<<<14:40:16:044818>>>  Tank #3 Yellow AI Tank is checking targeting info...
<<<14:40:16:044818>>>  Tank #3 Yellow AI Tank Launch angle not within tolerances, adjusting firing solution...
<<<14:40:16:044818>>>  Tank #3 Yellow AI Tank Launch speed not within tolerances, adjusting firing solution...
<<<14:40:16:044818>>>  Tank #3 Yellow AI Tank adjusted targeting angle one unit CCW...
<<<14:40:16:061594>>>  Tank #3 Yellow AI Tank is checking targeting info...
<<<14:40:16:061594>>>  Tank #3 Yellow AI Tank Launch angle not within tolerances, adjusting firing solution...
<<<14:40:16:061594>>>  Tank #3 Yellow AI Tank Launch speed not within tolerances, adjusting firing solution...
<<<14:40:16:061594>>>  Tank #3 Yellow AI Tank adjusted targeting angle one unit CCW...
<<<14:40:16:078625>>>  Tank #3 Yellow AI Tank is checking targeting info...
<<<14:40:16:078625>>>  Tank #3 Yellow AI Tank Launch angle not within tolerances, adjusting firing solution...
<<<14:40:16:078625>>>  Tank #3 Yellow AI Tank Launch speed not within tolerances, adjusting firing solution...
<<<14:40:16:078625>>>  Tank #3 Yellow AI Tank adjusted targeting angle one unit CCW...
<<<14:40:16:095599>>>  Tank #3 Yellow AI Tank is checking targeting info...
<<<14:40:16:095599>>>  Tank #3 Yellow AI Tank Launch angle not within tolerances, adjusting firing solution...
<<<14:40:16:095599>>>  Tank #3 Yellow AI Tank Launch speed not within tolerances, adjusting firing solution...
<<<14:40:16:095599>>>  Tank #3 Yellow AI Tank adjusted targeting angle one unit CCW...
<<<14:40:16:113782>>>  Tank #3 Yellow AI Tank is checking targeting info...
<<<14:40:16:113782>>>  Tank #3 Yellow AI Tank increased launch speed one unit...
<<<14:40:16:129557>>>  Tank #3 Yellow AI Tank is checking targeting info...
<<<14:40:16:129557>>>  Tank #3 Yellow AI Tank increased launch speed one unit...
<<<14:40:16:146970>>>  Tank #3 Yellow AI Tank is checking targeting info...
<<<14:40:16:146970>>>  Tank #3 Yellow AI Tank increased launch speed one unit...
<<<14:40:16:162812>>>  Tank #3 Yellow AI Tank is checking targeting info...
<<<14:40:16:162812>>>  Tank #3 Yellow AI Tank increased launch speed one unit...
<<<14:40:16:179165>>>  Tank #3 Yellow AI Tank is checking targeting info...
<<<14:40:16:179165>>>  Tank #3 Yellow AI Tank increased launch speed one unit...
<<<14:40:16:195091>>>  Tank #3 Yellow AI Tank is checking targeting info...
<<<14:40:16:195091>>>  Tank #3 Yellow AI Tank increased launch speed one unit...
<<<14:40:16:213150>>>  Tank #3 Yellow AI Tank is checking targeting info...
<<<14:40:16:213150>>>  Tank #3 Yellow AI Tank increased launch speed one unit...
<<<14:40:16:228064>>>  Tank #3 Yellow AI Tank is checking targeting info...
<<<14:40:16:229074>>>  Tank #3 Yellow AI Tank increased launch speed one unit...
<<<14:40:16:244014>>>  Tank #3 Yellow AI Tank is checking targeting info...
<<<14:40:16:244014>>>  Tank #3 Yellow AI Tank increased launch speed one unit...
<<<14:40:16:260091>>>  Tank #3 Yellow AI Tank is checking targeting info...
<<<14:40:16:260091>>>  Tank #3 Yellow AI Tank increased launch speed one unit...
<<<14:40:16:277004>>>  Tank #3 Yellow AI Tank is checking targeting info...
<<<14:40:16:277004>>>  Tank #3 Yellow AI Tank increased launch speed one unit...
<<<14:40:16:293119>>>  Tank #3 Yellow AI Tank is checking targeting info...
<<<14:40:16:293119>>>  Tank #3 Yellow AI Tank increased launch speed one unit...
<<<14:40:16:308656>>>  Tank #3 Yellow AI Tank is checking targeting info...
<<<14:40:16:308656>>>  Tank #3 Yellow AI Tank increased launch speed one unit...
<<<14:40:16:325360>>>  Tank #3 Yellow AI Tank is checking targeting info...
<<<14:40:16:325360>>>  Tank #3 Yellow AI Tank increased launch speed one unit...
<<<14:40:16:341068>>>  Tank #3 Yellow AI Tank is checking targeting info...
<<<14:40:16:341068>>>  Tank #3 Yellow AI Tank increased launch speed one unit...
<<<14:40:16:356964>>>  Tank #3 Yellow AI Tank is checking targeting info...
<<<14:40:16:357920>>>  Tank #3 Yellow AI Tank increased launch speed one unit...
<<<14:40:16:373404>>>  Tank #3 Yellow AI Tank is checking targeting info...
<<<14:40:16:373404>>>  Tank #3 Yellow AI Tank firing solution within tolerances, not adjusting firing solution...
<<<14:40:16:373404>>>  Tank #3 Yellow AI Tank attempting to fire cannonball...
<<<14:40:16:389399>>>  Tank #3 Yellow AI Tank chose to shoot...
<<<14:40:16:404668>>>  Tank #3 Yellow AI Tank is checking targeting info...
<<<14:40:16:404668>>>  Tank #3 Yellow AI Tank firing solution within tolerances, not adjusting firing solution...
<<<14:40:16:404668>>>  Tank #3 Yellow AI Tank attempting to fire cannonball...
<<<14:40:16:420819>>>  Tank #3 Yellow AI Tank chose to shoot...
<<<14:40:16:436984>>>  Tank #3 Yellow AI Tank is checking targeting info...
<<<14:40:16:436984>>>  Tank #3 Yellow AI Tank firing solution within tolerances, not adjusting firing solution...
<<<14:40:16:436984>>>  Tank #3 Yellow AI Tank attempting to fire cannonball...
<<<14:40:16:452711>>>  Tank #3 Yellow AI Tank chose to shoot...
<<<14:40:16:469324>>>  Tank #3 Yellow AI Tank is checking targeting info...
<<<14:40:16:469324>>>  Tank #3 Yellow AI Tank firing solution within tolerances, not adjusting firing solution...
<<<14:40:16:469324>>>  Tank #3 Yellow AI Tank attempting to fire cannonball...
<<<14:40:16:485003>>>  Tank #3 Yellow AI Tank chose to move to 0.9546, cururently at 0.5411.
<<<14:40:16:485003>>>  Tank #3 Yellow AI Tank moved one unit CCW...
<<<14:40:16:485003>>>  Tank #3 Yellow AI Tank chose to move...
<<<14:40:16:501109>>>  Tank #3 Yellow AI Tank moved one unit CCW...
<<<14:40:16:517473>>>  Tank #3 Yellow AI Tank moved one unit CCW...
<<<14:40:16:533676>>>  Tank #3 Yellow AI Tank moved one unit CCW...
<<<14:40:16:550970>>>  Tank #3 Yellow AI Tank moved one unit CCW...
<<<14:40:16:566760>>>  Tank #3 Yellow AI Tank moved one unit CCW...
<<<14:40:16:583533>>>  Tank #3 Yellow AI Tank moved one unit CCW...
<<<14:40:16:599556>>>  Tank #3 Yellow AI Tank moved one unit CCW...
<<<14:40:16:617056>>>  Tank #3 Yellow AI Tank moved one unit CCW...
<<<14:40:16:633859>>>  Tank #3 Yellow AI Tank moved one unit CCW...
<<<14:40:16:649828>>>  Tank #3 Yellow AI Tank moved one unit CCW...
<<<14:40:16:665812>>>  Tank #3 Yellow AI Tank moved one unit CCW...
<<<14:40:16:680976>>>  Tank #3 Yellow AI Tank moved one unit CCW...
<<<14:40:16:698849>>>  Tank #3 Yellow AI Tank moved one unit CCW...
<<<14:40:16:715098>>>  Tank #3 Yellow AI Tank moved one unit CCW...
<<<14:40:16:731272>>>  Tank #3 Yellow AI Tank moved one unit CCW...
<<<14:40:16:746942>>>  Tank #3 Yellow AI Tank moved one unit CCW...
<<<14:40:16:764521>>>  Tank #3 Yellow AI Tank moved one unit CCW...
<<<14:40:16:781340>>>  Tank #3 Yellow AI Tank moved one unit CCW...
<<<14:40:16:796948>>>  Tank #3 Yellow AI Tank moved one unit CCW...
<<<14:40:16:812758>>>  Tank #3 Yellow AI Tank moved one unit CCW...
<<<14:40:16:830211>>>  Tank #3 Yellow AI Tank moved one unit CCW...
<<<14:40:16:846664>>>  Tank #3 Yellow AI Tank moved one unit CCW...
<<<14:40:16:880260>>>  Tank #3 Yellow AI Tank chose to move to 1.8582, cururently at 0.9425.
<<<14:40:16:880260>>>  Tank #3 Yellow AI Tank moved one unit CCW...
<<<14:40:16:880260>>>  Tank #3 Yellow AI Tank chose to move...
<<<14:40:16:895704>>>  Tank #3 Yellow AI Tank moved one unit CCW...
<<<14:40:16:912415>>>  Tank #3 Yellow AI Tank moved one unit CCW...
<<<14:40:16:928424>>>  Tank #3 Yellow AI Tank moved one unit CCW...
<<<14:40:16:943407>>>  Tank #3 Yellow AI Tank moved one unit CCW...
<<<14:40:16:960613>>>  Tank #3 Yellow AI Tank moved one unit CCW...
<<<14:40:16:976839>>>  Tank #3 Yellow AI Tank moved one unit CCW...
<<<14:40:16:992943>>>  Tank #3 Yellow AI Tank moved one unit CCW...
<<<14:40:17:009908>>>  Tank #3 Yellow AI Tank moved one unit CCW...
<<<14:40:17:025533>>>  Tank #3 Yellow AI Tank moved one unit CCW...
<<<14:40:17:042212>>>  Tank #3 Yellow AI Tank moved one unit CCW...
<<<14:40:17:058905>>>  Tank #3 Yellow AI Tank moved one unit CCW...
<<<14:40:17:073666>>>  Tank #3 Yellow AI Tank moved one unit CCW...
<<<14:40:17:090784>>>  Tank #3 Yellow AI Tank moved one unit CCW...
<<<14:40:17:106976>>>  Tank #3 Yellow AI Tank moved one unit CCW...
<<<14:40:17:123534>>>  Tank #3 Yellow AI Tank moved one unit CCW...
<<<14:40:17:141950>>>  Tank #3 Yellow AI Tank moved one unit CCW...
<<<14:40:17:158237>>>  Tank #3 Yellow AI Tank moved one unit CCW...
<<<14:40:17:173133>>>  Tank #3 Yellow AI Tank moved one unit CCW...
<<<14:40:17:190512>>>  Tank #3 Yellow AI Tank moved one unit CCW...
<<<14:40:17:207892>>>  Tank #3 Yellow AI Tank moved one unit CCW...
<<<14:40:17:223907>>>  Tank #3 Yellow AI Tank moved one unit CCW...
<<<14:40:17:238733>>>  Tank #3 Yellow AI Tank moved one unit CCW...
<<<14:40:17:254680>>>  Tank #3 Yellow AI Tank moved one unit CCW...
<<<14:40:17:271373>>>  Tank #3 Yellow AI Tank moved one unit CCW...
<<<14:40:17:287992>>>  Tank #3 Yellow AI Tank moved one unit CCW...
<<<14:40:17:304603>>>  Tank #3 Yellow AI Tank moved one unit CCW...
<<<14:40:17:320907>>>  Tank #3 Yellow AI Tank moved one unit CCW...
<<<14:40:17:337401>>>  Tank #3 Yellow AI Tank moved one unit CCW...
<<<14:40:17:354019>>>  Tank #3 Yellow AI Tank moved one unit CCW...
<<<14:40:17:369809>>>  Tank #3 Yellow AI Tank moved one unit CCW...
<<<14:40:17:386720>>>  Tank #3 Yellow AI Tank moved one unit CCW...
<<<14:40:17:402513>>>  Tank #3 Yellow AI Tank moved one unit CCW...
<<<14:40:17:419160>>>  Tank #3 Yellow AI Tank moved one unit CCW...
<<<14:40:17:436968>>>  Tank #3 Yellow AI Tank moved one unit CCW...
<<<14:40:17:453063>>>  Tank #3 Yellow AI Tank moved one unit CCW...
<<<14:40:17:468960>>>  Tank #3 Yellow AI Tank moved one unit CCW...
<<<14:40:17:485720>>>  Tank #3 Yellow AI Tank moved one unit CCW...
<<<14:40:17:501207>>>  Tank #3 Yellow AI Tank moved one unit CCW...
<<<14:40:17:517487>>>  Tank #3 Yellow AI Tank moved one unit CCW...
<<<14:40:17:534134>>>  Tank #3 Yellow AI Tank moved one unit CCW...
<<<14:40:17:549833>>>  Tank #3 Yellow AI Tank moved one unit CCW...
<<<14:40:17:566878>>>  Tank #3 Yellow AI Tank moved one unit CCW...
<<<14:40:17:582422>>>  Tank #3 Yellow AI Tank moved one unit CCW...
<<<14:40:17:599868>>>  Tank #3 Yellow AI Tank moved one unit CCW...
<<<14:40:17:616574>>>  Tank #3 Yellow AI Tank moved one unit CCW...
<<<14:40:17:633484>>>  Tank #3 Yellow AI Tank moved one unit CCW...
<<<14:40:17:648958>>>  Tank #3 Yellow AI Tank moved one unit CCW...
<<<14:40:17:666008>>>  Tank #3 Yellow AI Tank moved one unit CCW...
<<<14:40:17:681044>>>  Tank #3 Yellow AI Tank moved one unit CCW...
<<<14:40:17:698880>>>  Tank #3 Yellow AI Tank moved one unit CCW...
<<<14:40:17:714230>>>  Tank #3 Yellow AI Tank moved one unit CCW...
<<<14:40:17:747257>>>  Tank #3 Yellow AI Tank chose to move to 1.2399, cururently at 1.85.
<<<14:40:17:747257>>>  Tank #3 Yellow AI Tank moved one unit CW...
<<<14:40:17:747257>>>  Tank #3 Yellow AI Tank chose to move...
<<<14:40:17:765290>>>  Tank #3 Yellow AI Tank moved one unit CW...
<<<14:40:17:782356>>>  Tank #3 Yellow AI Tank moved one unit CW...
<<<14:40:17:798288>>>  Tank #3 Yellow AI Tank moved one unit CW...
<<<14:40:17:814560>>>
* INFORMATION FOR Tank #1 Green Player Tank's CANNONBALLS:
* Cannonballs in memory for Tank #1 Green Player Tank:  0.
* Total cannonballs fired or chambered for Tank #1 Green Player Tank:  0.
<<<14:40:17:814560>>>
* INFORMATION FOR Tank #3 Yellow AI Tank's CANNONBALLS:
* Cannonballs in memory for Tank #3 Yellow AI Tank:  8.
* Total cannonballs fired or chambered for Tank #3 Yellow AI Tank:  8.
<<<14:40:17:814560>>>
* CURRENT VALUES FOR CELESTIAL BODY:  Tank #3 Yellow AI Tank's Cannonball #1
* This is not the homeworld.
* The celestial boyd's density is 5515 kg/m^3.
* The celestial body's mass is 1000 kg.
* The Earth's mass is 5.972e+24 kg.
* The celestial body's radius is 0.001 km.
* The celestial body's coordinates are (16283.967240713731, 4637.741095566063).
* The celestial body's velocity is (2.536250188903881, 3.4482279833762153).
* The celestial body's speed is 4.280518805711963 km/s.
* The celestial body's acceleration is (-0.00134603856511495, -0.0003842846477438272).
* The celestial body's screen x and y coordinates are (1030, 384).
* The celestial body's screen radius is 10.
* The celestial is using a pix found at False.
<<<14:40:17:814560>>>
* ADDITIONAL INFORMATION FOR Tank #3 Yellow AI Tank's Cannonball #1:
* This cannonball is active.
* This ball is armed.
<<<14:40:17:814560>>>
* CURRENT VALUES FOR CELESTIAL BODY:  Tank #3 Yellow AI Tank's Cannonball #2
* This is not the homeworld.
* The celestial boyd's density is 5515 kg/m^3.
* The celestial body's mass is 1000 kg.
* The Earth's mass is 5.972e+24 kg.
* The celestial body's radius is 0.001 km.
* The celestial body's coordinates are (16233.05076745453, 4568.082386369217).
* The celestial body's velocity is (2.5629777747633002, 3.455384478078517).
* The celestial body's speed is 4.3021549211152985 km/s.
* The celestial body's acceleration is (-0.00135816027417775, -0.00038311391254899083).
* The celestial body's screen x and y coordinates are (1029, 385).
* The celestial body's screen radius is 10.
* The celestial is using a pix found at False.
<<<14:40:17:814560>>>
* ADDITIONAL INFORMATION FOR Tank #3 Yellow AI Tank's Cannonball #2:
* This cannonball is active.
* This ball is armed.
<<<14:40:17:814560>>>
* CURRENT VALUES FOR CELESTIAL BODY:  Tank #3 Yellow AI Tank's Cannonball #3
* This is not the homeworld.
* The celestial boyd's density is 5515 kg/m^3.
* The celestial body's mass is 1000 kg.
* The Earth's mass is 5.972e+24 kg.
* The celestial body's radius is 0.001 km.
* The celestial body's coordinates are (16181.61976839882, 4498.29663725845).
* The celestial body's velocity is (2.5899628736775906, 3.462524750921581).
* The celestial body's speed is 4.324001079760832 km/s.
* The celestial body's acceleration is (-0.0013704899938049996, -0.00038189019145281786).
* The celestial body's screen x and y coordinates are (1028, 386).
* The celestial body's screen radius is 10.
* The celestial is using a pix found at False.
<<<14:40:17:814560>>>
* ADDITIONAL INFORMATION FOR Tank #3 Yellow AI Tank's Cannonball #3:
* This cannonball is active.
* This ball is armed.
<<<14:40:17:814560>>>
* CURRENT VALUES FOR CELESTIAL BODY:  Tank #3 Yellow AI Tank's Cannonball #4
* This is not the homeworld.
* The celestial boyd's density is 5515 kg/m^3.
* The celestial body's mass is 1000 kg.
* The Earth's mass is 5.972e+24 kg.
* The celestial body's radius is 0.001 km.
* The celestial body's coordinates are (16129.667832746567, 4428.383775032783).
* The celestial body's velocity is (2.617209010232051, 3.469647575242034).
* The celestial body's speed is 4.34605997423215 km/s.
* The celestial body's acceleration is (-0.0013830330620407429, -0.0003806114624278451).
* The celestial body's screen x and y coordinates are (1027, 387).
* The celestial body's screen radius is 10.
* The celestial is using a pix found at False.
<<<14:40:17:814560>>>
* ADDITIONAL INFORMATION FOR Tank #3 Yellow AI Tank's Cannonball #4:
* This cannonball is active.
* This ball is armed.
<<<14:40:17:815559>>>
* CURRENT VALUES FOR CELESTIAL BODY:  Tank #3 Yellow AI Tank's Cannonball #5
* This is not the homeworld.
* The celestial boyd's density is 5515 kg/m^3.
* The celestial body's mass is 1000 kg.
* The Earth's mass is 5.972e+24 kg.
* The celestial body's radius is 0.001 km.
* The celestial body's coordinates are (5015.249526496555, 7771.456009131762).
* The celestial body's velocity is (-2.072799914527679, 3.281662748597164).
* The celestial body's speed is 3.881470067023092 km/s.
* The celestial body's acceleration is (-0.002552005139337595, -0.003924944992654029).
* The celestial body's screen x and y coordinates are (870, 340).
* The celestial body's screen radius is 10.
* The celestial is using a pix found at False.
<<<14:40:17:815559>>>
* ADDITIONAL INFORMATION FOR Tank #3 Yellow AI Tank's Cannonball #5:
* This cannonball is active.
* This ball is armed.
<<<14:40:17:815559>>>
* CURRENT VALUES FOR CELESTIAL BODY:  Tank #3 Yellow AI Tank's Cannonball #6
* This is not the homeworld.
* The celestial boyd's density is 5515 kg/m^3.
* The celestial body's mass is 1000 kg.
* The Earth's mass is 5.972e+24 kg.
* The celestial body's radius is 0.001 km.
* The celestial body's coordinates are (5056.689246650488, 7705.237742821346).
* The celestial body's velocity is (-2.0215487606215645, 3.35995515532065).
* The celestial body's speed is 3.921218947895717 km/s.
* The celestial body's acceleration is (-0.0026009982035362727, -0.003933708851255138).
* The celestial body's screen x and y coordinates are (871, 341).
* The celestial body's screen radius is 10.
* The celestial is using a pix found at False.
<<<14:40:17:815559>>>
* ADDITIONAL INFORMATION FOR Tank #3 Yellow AI Tank's Cannonball #6:
* This cannonball is active.
* This ball is armed.
<<<14:40:17:815559>>>
* CURRENT VALUES FOR CELESTIAL BODY:  Tank #3 Yellow AI Tank's Cannonball #7
* This is not the homeworld.
* The celestial boyd's density is 5515 kg/m^3.
* The celestial body's mass is 1000 kg.
* The Earth's mass is 5.972e+24 kg.
* The celestial body's radius is 0.001 km.
* The celestial body's coordinates are (5097.099731454815, 7637.454353421822).
* The celestial body's velocity is (-1.9693091638398446, 3.4384290291018855).
* The celestial body's speed is 3.9624453019510724 km/s.
* The celestial body's acceleration is (-0.0026514814730653254, -0.003943253223118329).
* The celestial body's screen x and y coordinates are (872, 342).
* The celestial body's screen radius is 10.
* The celestial is using a pix found at False.
<<<14:40:17:815559>>>
* ADDITIONAL INFORMATION FOR Tank #3 Yellow AI Tank's Cannonball #7:
* This cannonball is active.
* This ball is armed.
<<<14:40:17:815559>>>
* CURRENT VALUES FOR CELESTIAL BODY:  Tank #3 Yellow AI Tank's Cannonball #8
* This is not the homeworld.
* The celestial boyd's density is 5515 kg/m^3.
* The celestial body's mass is 1000 kg.
* The Earth's mass is 5.972e+24 kg.
* The celestial body's radius is 0.001 km.
* The celestial body's coordinates are (5136.461017029028, 7568.1020602507915).
* The celestial body's velocity is (-1.9160509924517641, 3.517099947619779).
* The celestial body's speed is 4.005152112869427 km/s.
* The celestial body's acceleration is (-0.0027035315489464503, -0.003953585684786243).
* The celestial body's screen x and y coordinates are (872, 343).
* The celestial body's screen radius is 10.
* The celestial is using a pix found at False.
<<<14:40:17:815559>>>
* ADDITIONAL INFORMATION FOR Tank #3 Yellow AI Tank's Cannonball #8:
* This cannonball is active.
* This ball is armed.
<<<14:40:17:815559>>>  Quit through pygame and writing log file...
