<<<15:02:49:772280>>>
* Screen coordinates (1376, 537) choosen in zone #4.
* Screen dimensions are 1600 wide by 900 high.
* Minimum (x, y) are (1333, 150).
* Maximum (x, y) are (1600, 750).
* Mid (x, y) are (1466, 450).
<<<15:02:49:772280>>>  Image at Pix\Faraway_Objects\Black_Holes\6.png choosen for background...
<<<15:02:49:773275>>>
* Screen coordinates (135, 504) choosen in zone #8.
* Screen dimensions are 1600 wide by 900 high.
* Minimum (x, y) are (0, 150).
* Maximum (x, y) are (266, 750).
* Mid (x, y) are (133, 450).
<<<15:02:49:773275>>>  Image at Pix\Faraway_Objects\Gas_Giants\13.png choosen for background...
<<<15:02:49:779338>>>  Pix\Homeworlds\Forest\6.png loaded as pixie for Earth...
<<<15:02:49:779338>>>  Image at Pix\Homeworlds\Forest\6.png chosen as homeworld pix for Earth's...
<<<15:02:49:780291>>>  Pix\Moons\10.png loaded as pixie for Moon #2...
<<<15:02:49:829920>>>  Pix\Snails\Green_Snail\Spells\Spellready_Icon\spellready.png returned as pixie for Tank #1 Green Player Tank...
<<<15:02:49:829920>>>  Tank #1 Green Player Tank successfully created!
<<<15:02:49:879593>>>  Pix\Snails\Red_Snail\Spells\Spellready_Icon\spellready.png returned as pixie for Tank #2 Red AI Tank...
<<<15:02:49:879593>>>  Tank #2 Red AI Tank successfully created!
<<<15:02:49:932357>>>  Pix\Snails\Yellow_Snail\Spells\Spellready_Icon\spellready.png returned as pixie for Tank #3 Yellow AI Tank...
<<<15:02:49:933353>>>  Tank #3 Yellow AI Tank successfully created!
<<<15:02:49:937070>>>
* *** Tank #2 Red AI Tank USING CLEAR SKIES FUNCTION ***
* Moon #2 at (11978.660706168823, 4343.5546655242215), angle 0.34786218010706593 rads.
* Tank #2 Red AI Tank at (-5517.44784751066, -3185.499999999998), angle 3.665191429188092.
* Angle Between is 2.9658560580985602 rads.
<<<15:02:49:937070>>>  Tank #2 Red AI Tank saw no celestials or cannonballs above their heads and is casting Gravity...
<<<15:02:49:937070>>>  Successfully removed spellready icon from Tank #2 Red AI Tank's effect list!
<<<15:02:49:937070>>>  Successfully removed spellready icon from Tank #3 Yellow AI Tank's effect list!
<<<15:02:49:951645>>>  Successfully removed spellbook from Tank #2 Red AI Tank's effect list!
<<<15:02:49:951645>>>  Tank #2 Red AI Tank chose to shoot...
<<<15:02:49:951645>>>  Deleting effect pixie gravity-rising...
<<<15:02:52:941212>>>  Successfully removed spellbook from Tank #3 Yellow AI Tank's effect list!
<<<15:02:52:941212>>>  Tank #3 Yellow AI Tank chose to shoot...
<<<15:02:52:941212>>>  Tank #3 Yellow AI Tank chose to shoot...
<<<15:02:52:941212>>>  Tank #2 Red AI Tank is checking targeting info...
<<<15:02:52:941212>>>  Tank #2 Red AI Tank Launch angle not within tolerances, adjusting firing solution...
<<<15:02:52:941212>>>  Tank #2 Red AI Tank Launch speed not within tolerances, adjusting firing solution...
<<<15:02:52:941212>>>  Tank #2 Red AI Tank adjusted targeting angle one unit CCW...
<<<15:02:52:941212>>>  Tank #3 Yellow AI Tank is checking targeting info...
<<<15:02:52:941715>>>  Tank #3 Yellow AI Tank Launch angle not within tolerances, adjusting firing solution...
<<<15:02:52:941715>>>  Tank #3 Yellow AI Tank Launch speed not within tolerances, adjusting firing solution...
<<<15:02:52:941715>>>  Tank #3 Yellow AI Tank adjusted targeting angle one unit CCW...
<<<15:02:52:957036>>>  Tank #2 Red AI Tank is checking targeting info...
<<<15:02:52:957036>>>  Tank #2 Red AI Tank Launch angle not within tolerances, adjusting firing solution...
<<<15:02:52:957036>>>  Tank #2 Red AI Tank Launch speed not within tolerances, adjusting firing solution...
<<<15:02:52:957036>>>  Tank #2 Red AI Tank adjusted targeting angle one unit CCW...
<<<15:02:52:957036>>>  Tank #3 Yellow AI Tank is checking targeting info...
<<<15:02:52:957036>>>  Tank #3 Yellow AI Tank Launch angle not within tolerances, adjusting firing solution...
<<<15:02:52:957036>>>  Tank #3 Yellow AI Tank Launch speed not within tolerances, adjusting firing solution...
<<<15:02:52:957036>>>  Tank #3 Yellow AI Tank adjusted targeting angle one unit CCW...
<<<15:02:52:973778>>>  Tank #2 Red AI Tank is checking targeting info...
<<<15:02:52:973778>>>  Tank #2 Red AI Tank Launch angle not within tolerances, adjusting firing solution...
<<<15:02:52:973778>>>  Tank #2 Red AI Tank Launch speed not within tolerances, adjusting firing solution...
<<<15:02:52:973778>>>  Tank #2 Red AI Tank adjusted targeting angle one unit CCW...
<<<15:02:52:973778>>>  Tank #3 Yellow AI Tank is checking targeting info...
<<<15:02:52:973778>>>  Tank #3 Yellow AI Tank Launch angle not within tolerances, adjusting firing solution...
<<<15:02:52:973778>>>  Tank #3 Yellow AI Tank Launch speed not within tolerances, adjusting firing solution...
<<<15:02:52:973778>>>  Tank #3 Yellow AI Tank adjusted targeting angle one unit CCW...
<<<15:02:52:990443>>>  Tank #2 Red AI Tank is checking targeting info...
<<<15:02:52:990443>>>  Tank #2 Red AI Tank Launch angle not within tolerances, adjusting firing solution...
<<<15:02:52:990443>>>  Tank #2 Red AI Tank Launch speed not within tolerances, adjusting firing solution...
<<<15:02:52:990443>>>  Tank #2 Red AI Tank adjusted targeting angle one unit CCW...
<<<15:02:52:990443>>>  Tank #3 Yellow AI Tank is checking targeting info...
<<<15:02:52:990443>>>  Tank #3 Yellow AI Tank Launch angle not within tolerances, adjusting firing solution...
<<<15:02:52:990443>>>  Tank #3 Yellow AI Tank Launch speed not within tolerances, adjusting firing solution...
<<<15:02:52:990443>>>  Tank #3 Yellow AI Tank adjusted targeting angle one unit CCW...
<<<15:02:53:006800>>>  Tank #2 Red AI Tank is checking targeting info...
<<<15:02:53:006800>>>  Tank #2 Red AI Tank Launch angle not within tolerances, adjusting firing solution...
<<<15:02:53:006800>>>  Tank #2 Red AI Tank Launch speed not within tolerances, adjusting firing solution...
<<<15:02:53:006800>>>  Tank #2 Red AI Tank adjusted targeting angle one unit CCW...
<<<15:02:53:006800>>>  Tank #3 Yellow AI Tank is checking targeting info...
<<<15:02:53:006800>>>  Tank #3 Yellow AI Tank Launch angle not within tolerances, adjusting firing solution...
<<<15:02:53:006800>>>  Tank #3 Yellow AI Tank Launch speed not within tolerances, adjusting firing solution...
<<<15:02:53:006800>>>  Tank #3 Yellow AI Tank adjusted targeting angle one unit CCW...
<<<15:02:53:023462>>>  Tank #2 Red AI Tank is checking targeting info...
<<<15:02:53:023462>>>  Tank #2 Red AI Tank Launch angle not within tolerances, adjusting firing solution...
<<<15:02:53:023462>>>  Tank #2 Red AI Tank Launch speed not within tolerances, adjusting firing solution...
<<<15:02:53:023462>>>  Tank #2 Red AI Tank adjusted targeting angle one unit CCW...
<<<15:02:53:023462>>>  Tank #3 Yellow AI Tank is checking targeting info...
<<<15:02:53:023462>>>  Tank #3 Yellow AI Tank Launch angle not within tolerances, adjusting firing solution...
<<<15:02:53:023462>>>  Tank #3 Yellow AI Tank Launch speed not within tolerances, adjusting firing solution...
<<<15:02:53:023462>>>  Tank #3 Yellow AI Tank adjusted targeting angle one unit CCW...
<<<15:02:53:039555>>>  Tank #2 Red AI Tank is checking targeting info...
<<<15:02:53:039555>>>  Tank #2 Red AI Tank Launch angle not within tolerances, adjusting firing solution...
<<<15:02:53:039555>>>  Tank #2 Red AI Tank Launch speed not within tolerances, adjusting firing solution...
<<<15:02:53:039555>>>  Tank #2 Red AI Tank adjusted targeting angle one unit CCW...
<<<15:02:53:039555>>>  Tank #3 Yellow AI Tank is checking targeting info...
<<<15:02:53:039555>>>  Tank #3 Yellow AI Tank Launch angle not within tolerances, adjusting firing solution...
<<<15:02:53:039555>>>  Tank #3 Yellow AI Tank Launch speed not within tolerances, adjusting firing solution...
<<<15:02:53:039555>>>  Tank #3 Yellow AI Tank adjusted targeting angle one unit CCW...
<<<15:02:53:055830>>>  Tank #2 Red AI Tank is checking targeting info...
<<<15:02:53:055830>>>  Tank #2 Red AI Tank Launch angle not within tolerances, adjusting firing solution...
<<<15:02:53:055830>>>  Tank #2 Red AI Tank Launch speed not within tolerances, adjusting firing solution...
<<<15:02:53:055830>>>  Tank #2 Red AI Tank adjusted targeting angle one unit CCW...
<<<15:02:53:055830>>>  Tank #3 Yellow AI Tank is checking targeting info...
<<<15:02:53:055830>>>  Tank #3 Yellow AI Tank Launch angle not within tolerances, adjusting firing solution...
<<<15:02:53:055830>>>  Tank #3 Yellow AI Tank Launch speed not within tolerances, adjusting firing solution...
<<<15:02:53:055830>>>  Tank #3 Yellow AI Tank adjusted targeting angle one unit CCW...
<<<15:02:53:072421>>>  Tank #2 Red AI Tank is checking targeting info...
<<<15:02:53:072421>>>  Tank #2 Red AI Tank Launch angle not within tolerances, adjusting firing solution...
<<<15:02:53:072421>>>  Tank #2 Red AI Tank Launch speed not within tolerances, adjusting firing solution...
<<<15:02:53:072421>>>  Tank #2 Red AI Tank adjusted targeting angle one unit CCW...
<<<15:02:53:072421>>>  Tank #3 Yellow AI Tank is checking targeting info...
<<<15:02:53:072421>>>  Tank #3 Yellow AI Tank Launch angle not within tolerances, adjusting firing solution...
<<<15:02:53:072421>>>  Tank #3 Yellow AI Tank Launch speed not within tolerances, adjusting firing solution...
<<<15:02:53:072421>>>  Tank #3 Yellow AI Tank adjusted targeting angle one unit CCW...
<<<15:02:53:088673>>>  Tank #2 Red AI Tank is checking targeting info...
<<<15:02:53:088673>>>  Tank #2 Red AI Tank Launch angle not within tolerances, adjusting firing solution...
<<<15:02:53:088673>>>  Tank #2 Red AI Tank Launch speed not within tolerances, adjusting firing solution...
<<<15:02:53:088673>>>  Tank #2 Red AI Tank adjusted targeting angle one unit CCW...
<<<15:02:53:088673>>>  Tank #3 Yellow AI Tank is checking targeting info...
<<<15:02:53:088673>>>  Tank #3 Yellow AI Tank Launch angle not within tolerances, adjusting firing solution...
<<<15:02:53:088673>>>  Tank #3 Yellow AI Tank Launch speed not within tolerances, adjusting firing solution...
<<<15:02:53:088673>>>  Tank #3 Yellow AI Tank adjusted targeting angle one unit CCW...
<<<15:02:53:104295>>>  Tank #2 Red AI Tank is checking targeting info...
<<<15:02:53:104295>>>  Tank #2 Red AI Tank Launch angle not within tolerances, adjusting firing solution...
<<<15:02:53:104295>>>  Tank #2 Red AI Tank Launch speed not within tolerances, adjusting firing solution...
<<<15:02:53:104295>>>  Tank #2 Red AI Tank adjusted targeting angle one unit CCW...
<<<15:02:53:104295>>>  Tank #3 Yellow AI Tank is checking targeting info...
<<<15:02:53:104295>>>  Tank #3 Yellow AI Tank Launch angle not within tolerances, adjusting firing solution...
<<<15:02:53:104295>>>  Tank #3 Yellow AI Tank Launch speed not within tolerances, adjusting firing solution...
<<<15:02:53:104295>>>  Tank #3 Yellow AI Tank adjusted targeting angle one unit CCW...
<<<15:02:53:120960>>>  Tank #2 Red AI Tank is checking targeting info...
<<<15:02:53:120960>>>  Tank #2 Red AI Tank Launch angle not within tolerances, adjusting firing solution...
<<<15:02:53:120960>>>  Tank #2 Red AI Tank Launch speed not within tolerances, adjusting firing solution...
<<<15:02:53:120960>>>  Tank #2 Red AI Tank adjusted targeting angle one unit CCW...
<<<15:02:53:120960>>>  Tank #3 Yellow AI Tank is checking targeting info...
<<<15:02:53:120960>>>  Tank #3 Yellow AI Tank Launch angle not within tolerances, adjusting firing solution...
<<<15:02:53:120960>>>  Tank #3 Yellow AI Tank Launch speed not within tolerances, adjusting firing solution...
<<<15:02:53:120960>>>  Tank #3 Yellow AI Tank adjusted targeting angle one unit CCW...
<<<15:02:53:136859>>>  Tank #2 Red AI Tank is checking targeting info...
<<<15:02:53:136859>>>  Tank #2 Red AI Tank Launch angle not within tolerances, adjusting firing solution...
<<<15:02:53:136859>>>  Tank #2 Red AI Tank Launch speed not within tolerances, adjusting firing solution...
<<<15:02:53:136859>>>  Tank #2 Red AI Tank adjusted targeting angle one unit CCW...
<<<15:02:53:136859>>>  Tank #3 Yellow AI Tank is checking targeting info...
<<<15:02:53:136859>>>  Tank #3 Yellow AI Tank Launch angle not within tolerances, adjusting firing solution...
<<<15:02:53:136859>>>  Tank #3 Yellow AI Tank Launch speed not within tolerances, adjusting firing solution...
<<<15:02:53:136859>>>  Tank #3 Yellow AI Tank adjusted targeting angle one unit CCW...
<<<15:02:53:153438>>>  Tank #2 Red AI Tank is checking targeting info...
<<<15:02:53:153438>>>  Tank #2 Red AI Tank Launch angle not within tolerances, adjusting firing solution...
<<<15:02:53:153438>>>  Tank #2 Red AI Tank Launch speed not within tolerances, adjusting firing solution...
<<<15:02:53:153438>>>  Tank #2 Red AI Tank adjusted targeting angle one unit CCW...
<<<15:02:53:153438>>>  Tank #3 Yellow AI Tank is checking targeting info...
<<<15:02:53:153438>>>  Tank #3 Yellow AI Tank Launch angle not within tolerances, adjusting firing solution...
<<<15:02:53:153438>>>  Tank #3 Yellow AI Tank Launch speed not within tolerances, adjusting firing solution...
<<<15:02:53:153438>>>  Tank #3 Yellow AI Tank adjusted targeting angle one unit CCW...
<<<15:02:53:170040>>>  Tank #2 Red AI Tank is checking targeting info...
<<<15:02:53:170040>>>  Tank #2 Red AI Tank Launch angle not within tolerances, adjusting firing solution...
<<<15:02:53:170040>>>  Tank #2 Red AI Tank Launch speed not within tolerances, adjusting firing solution...
<<<15:02:53:170040>>>  Tank #2 Red AI Tank adjusted targeting angle one unit CCW...
<<<15:02:53:170040>>>  Tank #3 Yellow AI Tank is checking targeting info...
<<<15:02:53:170040>>>  Tank #3 Yellow AI Tank Launch angle not within tolerances, adjusting firing solution...
<<<15:02:53:170040>>>  Tank #3 Yellow AI Tank Launch speed not within tolerances, adjusting firing solution...
<<<15:02:53:170040>>>  Tank #3 Yellow AI Tank adjusted targeting angle one unit CCW...
<<<15:02:53:186210>>>  Tank #2 Red AI Tank is checking targeting info...
<<<15:02:53:186210>>>  Tank #2 Red AI Tank Launch angle not within tolerances, adjusting firing solution...
<<<15:02:53:186210>>>  Tank #2 Red AI Tank Launch speed not within tolerances, adjusting firing solution...
<<<15:02:53:186210>>>  Tank #2 Red AI Tank adjusted targeting angle one unit CCW...
<<<15:02:53:186210>>>  Tank #3 Yellow AI Tank is checking targeting info...
<<<15:02:53:186210>>>  Tank #3 Yellow AI Tank Launch angle not within tolerances, adjusting firing solution...
<<<15:02:53:186210>>>  Tank #3 Yellow AI Tank Launch speed not within tolerances, adjusting firing solution...
<<<15:02:53:186210>>>  Tank #3 Yellow AI Tank adjusted targeting angle one unit CCW...
<<<15:02:53:202464>>>  Tank #2 Red AI Tank is checking targeting info...
<<<15:02:53:202970>>>  Tank #2 Red AI Tank Launch angle not within tolerances, adjusting firing solution...
<<<15:02:53:202970>>>  Tank #2 Red AI Tank Launch speed not within tolerances, adjusting firing solution...
<<<15:02:53:202970>>>  Tank #2 Red AI Tank adjusted targeting angle one unit CCW...
<<<15:02:53:202970>>>  Tank #3 Yellow AI Tank is checking targeting info...
<<<15:02:53:202970>>>  Tank #3 Yellow AI Tank Launch angle not within tolerances, adjusting firing solution...
<<<15:02:53:202970>>>  Tank #3 Yellow AI Tank Launch speed not within tolerances, adjusting firing solution...
<<<15:02:53:202970>>>  Tank #3 Yellow AI Tank adjusted targeting angle one unit CCW...
<<<15:02:53:219315>>>  Tank #2 Red AI Tank is checking targeting info...
<<<15:02:53:219315>>>  Tank #2 Red AI Tank Launch angle not within tolerances, adjusting firing solution...
<<<15:02:53:219315>>>  Tank #2 Red AI Tank Launch speed not within tolerances, adjusting firing solution...
<<<15:02:53:219315>>>  Tank #2 Red AI Tank adjusted targeting angle one unit CCW...
<<<15:02:53:219315>>>  Tank #3 Yellow AI Tank is checking targeting info...
<<<15:02:53:219315>>>  Tank #3 Yellow AI Tank Launch angle not within tolerances, adjusting firing solution...
<<<15:02:53:219315>>>  Tank #3 Yellow AI Tank Launch speed not within tolerances, adjusting firing solution...
<<<15:02:53:219315>>>  Tank #3 Yellow AI Tank adjusted targeting angle one unit CCW...
<<<15:02:53:235707>>>  Tank #2 Red AI Tank is checking targeting info...
<<<15:02:53:235707>>>  Tank #2 Red AI Tank Launch angle not within tolerances, adjusting firing solution...
<<<15:02:53:235707>>>  Tank #2 Red AI Tank Launch speed not within tolerances, adjusting firing solution...
<<<15:02:53:235707>>>  Tank #2 Red AI Tank adjusted targeting angle one unit CCW...
<<<15:02:53:235707>>>  Tank #3 Yellow AI Tank is checking targeting info...
<<<15:02:53:235707>>>  Tank #3 Yellow AI Tank Launch angle not within tolerances, adjusting firing solution...
<<<15:02:53:235707>>>  Tank #3 Yellow AI Tank Launch speed not within tolerances, adjusting firing solution...
<<<15:02:53:235707>>>  Tank #3 Yellow AI Tank adjusted targeting angle one unit CCW...
<<<15:02:53:252603>>>  Tank #2 Red AI Tank is checking targeting info...
<<<15:02:53:252603>>>  Tank #2 Red AI Tank Launch angle not within tolerances, adjusting firing solution...
<<<15:02:53:252603>>>  Tank #2 Red AI Tank Launch speed not within tolerances, adjusting firing solution...
<<<15:02:53:252603>>>  Tank #2 Red AI Tank adjusted targeting angle one unit CCW...
<<<15:02:53:252603>>>  Tank #3 Yellow AI Tank is checking targeting info...
<<<15:02:53:252603>>>  Tank #3 Yellow AI Tank Launch angle not within tolerances, adjusting firing solution...
<<<15:02:53:252603>>>  Tank #3 Yellow AI Tank Launch speed not within tolerances, adjusting firing solution...
<<<15:02:53:252603>>>  Tank #3 Yellow AI Tank adjusted targeting angle one unit CCW...
<<<15:02:53:269575>>>  Tank #2 Red AI Tank is checking targeting info...
<<<15:02:53:269575>>>  Tank #2 Red AI Tank Launch angle not within tolerances, adjusting firing solution...
<<<15:02:53:269575>>>  Tank #2 Red AI Tank Launch speed not within tolerances, adjusting firing solution...
<<<15:02:53:269575>>>  Tank #2 Red AI Tank adjusted targeting angle one unit CCW...
<<<15:02:53:269575>>>  Tank #3 Yellow AI Tank is checking targeting info...
<<<15:02:53:269575>>>  Tank #3 Yellow AI Tank Launch angle not within tolerances, adjusting firing solution...
<<<15:02:53:269575>>>  Tank #3 Yellow AI Tank Launch speed not within tolerances, adjusting firing solution...
<<<15:02:53:269575>>>  Tank #3 Yellow AI Tank adjusted targeting angle one unit CCW...
<<<15:02:53:286319>>>  Deleting effect pixie thawing...
<<<15:02:53:286319>>>  Deleting effect pixie thawing...
<<<15:02:53:286319>>>  Tank #2 Red AI Tank is checking targeting info...
<<<15:02:53:286319>>>  Tank #2 Red AI Tank Launch angle not within tolerances, adjusting firing solution...
<<<15:02:53:286319>>>  Tank #2 Red AI Tank Launch speed not within tolerances, adjusting firing solution...
<<<15:02:53:286319>>>  Tank #2 Red AI Tank adjusted targeting angle one unit CCW...
<<<15:02:53:286319>>>  Tank #3 Yellow AI Tank is checking targeting info...
<<<15:02:53:286319>>>  Tank #3 Yellow AI Tank Launch angle not within tolerances, adjusting firing solution...
<<<15:02:53:286319>>>  Tank #3 Yellow AI Tank Launch speed not within tolerances, adjusting firing solution...
<<<15:02:53:286319>>>  Tank #3 Yellow AI Tank adjusted targeting angle one unit CCW...
<<<15:02:53:304123>>>  Tank #2 Red AI Tank is checking targeting info...
<<<15:02:53:304123>>>  Tank #2 Red AI Tank Launch angle not within tolerances, adjusting firing solution...
<<<15:02:53:304123>>>  Tank #2 Red AI Tank Launch speed not within tolerances, adjusting firing solution...
<<<15:02:53:304123>>>  Tank #2 Red AI Tank adjusted targeting angle one unit CCW...
<<<15:02:53:304123>>>  Tank #3 Yellow AI Tank is checking targeting info...
<<<15:02:53:304123>>>  Tank #3 Yellow AI Tank Launch angle not within tolerances, adjusting firing solution...
<<<15:02:53:304123>>>  Tank #3 Yellow AI Tank Launch speed not within tolerances, adjusting firing solution...
<<<15:02:53:304123>>>  Tank #3 Yellow AI Tank adjusted targeting angle one unit CCW...
<<<15:02:53:321357>>>  Tank #2 Red AI Tank is checking targeting info...
<<<15:02:53:321357>>>  Tank #2 Red AI Tank Launch angle not within tolerances, adjusting firing solution...
<<<15:02:53:321357>>>  Tank #2 Red AI Tank Launch speed not within tolerances, adjusting firing solution...
<<<15:02:53:321357>>>  Tank #2 Red AI Tank adjusted targeting angle one unit CCW...
<<<15:02:53:321357>>>  Tank #3 Yellow AI Tank is checking targeting info...
<<<15:02:53:321357>>>  Tank #3 Yellow AI Tank Launch angle not within tolerances, adjusting firing solution...
<<<15:02:53:321357>>>  Tank #3 Yellow AI Tank Launch speed not within tolerances, adjusting firing solution...
<<<15:02:53:321357>>>  Tank #3 Yellow AI Tank adjusted targeting angle one unit CCW...
<<<15:02:53:337161>>>  Tank #2 Red AI Tank is checking targeting info...
<<<15:02:53:337161>>>  Tank #2 Red AI Tank Launch angle not within tolerances, adjusting firing solution...
<<<15:02:53:337161>>>  Tank #2 Red AI Tank Launch speed not within tolerances, adjusting firing solution...
<<<15:02:53:337161>>>  Tank #2 Red AI Tank adjusted targeting angle one unit CCW...
<<<15:02:53:337161>>>  Tank #3 Yellow AI Tank is checking targeting info...
<<<15:02:53:337161>>>  Tank #3 Yellow AI Tank Launch angle not within tolerances, adjusting firing solution...
<<<15:02:53:337161>>>  Tank #3 Yellow AI Tank Launch speed not within tolerances, adjusting firing solution...
<<<15:02:53:337161>>>  Tank #3 Yellow AI Tank adjusted targeting angle one unit CCW...
<<<15:02:53:354281>>>  Tank #2 Red AI Tank is checking targeting info...
<<<15:02:53:354281>>>  Tank #2 Red AI Tank Launch angle not within tolerances, adjusting firing solution...
<<<15:02:53:354281>>>  Tank #2 Red AI Tank Launch speed not within tolerances, adjusting firing solution...
<<<15:02:53:354281>>>  Tank #2 Red AI Tank adjusted targeting angle one unit CCW...
<<<15:02:53:354281>>>  Tank #3 Yellow AI Tank is checking targeting info...
<<<15:02:53:354281>>>  Tank #3 Yellow AI Tank Launch angle not within tolerances, adjusting firing solution...
<<<15:02:53:354281>>>  Tank #3 Yellow AI Tank Launch speed not within tolerances, adjusting firing solution...
<<<15:02:53:354281>>>  Tank #3 Yellow AI Tank adjusted targeting angle one unit CCW...
<<<15:02:53:370829>>>  Tank #2 Red AI Tank is checking targeting info...
<<<15:02:53:370829>>>  Tank #2 Red AI Tank Launch angle not within tolerances, adjusting firing solution...
<<<15:02:53:370829>>>  Tank #2 Red AI Tank Launch speed not within tolerances, adjusting firing solution...
<<<15:02:53:370829>>>  Tank #2 Red AI Tank adjusted targeting angle one unit CCW...
<<<15:02:53:370829>>>  Tank #3 Yellow AI Tank is checking targeting info...
<<<15:02:53:370829>>>  Tank #3 Yellow AI Tank Launch angle not within tolerances, adjusting firing solution...
<<<15:02:53:370829>>>  Tank #3 Yellow AI Tank Launch speed not within tolerances, adjusting firing solution...
<<<15:02:53:370829>>>  Tank #3 Yellow AI Tank adjusted targeting angle one unit CCW...
<<<15:02:53:386707>>>  Tank #2 Red AI Tank is checking targeting info...
<<<15:02:53:386707>>>  Tank #2 Red AI Tank Launch angle not within tolerances, adjusting firing solution...
<<<15:02:53:386707>>>  Tank #2 Red AI Tank Launch speed not within tolerances, adjusting firing solution...
<<<15:02:53:386707>>>  Tank #2 Red AI Tank adjusted targeting angle one unit CCW...
<<<15:02:53:386707>>>  Tank #3 Yellow AI Tank is checking targeting info...
<<<15:02:53:386707>>>  Tank #3 Yellow AI Tank Launch angle not within tolerances, adjusting firing solution...
<<<15:02:53:386707>>>  Tank #3 Yellow AI Tank Launch speed not within tolerances, adjusting firing solution...
<<<15:02:53:386707>>>  Tank #3 Yellow AI Tank adjusted targeting angle one unit CCW...
<<<15:02:53:403267>>>  Tank #2 Red AI Tank is checking targeting info...
<<<15:02:53:403267>>>  Tank #2 Red AI Tank Launch angle not within tolerances, adjusting firing solution...
<<<15:02:53:403267>>>  Tank #2 Red AI Tank Launch speed not within tolerances, adjusting firing solution...
<<<15:02:53:403267>>>  Tank #2 Red AI Tank adjusted targeting angle one unit CCW...
<<<15:02:53:403267>>>  Tank #3 Yellow AI Tank is checking targeting info...
<<<15:02:53:403267>>>  Tank #3 Yellow AI Tank Launch angle not within tolerances, adjusting firing solution...
<<<15:02:53:403267>>>  Tank #3 Yellow AI Tank Launch speed not within tolerances, adjusting firing solution...
<<<15:02:53:403267>>>  Tank #3 Yellow AI Tank adjusted targeting angle one unit CCW...
<<<15:02:53:420221>>>  Tank #2 Red AI Tank is checking targeting info...
<<<15:02:53:420221>>>  Tank #2 Red AI Tank Launch angle not within tolerances, adjusting firing solution...
<<<15:02:53:420221>>>  Tank #2 Red AI Tank Launch speed not within tolerances, adjusting firing solution...
<<<15:02:53:420221>>>  Tank #2 Red AI Tank adjusted targeting angle one unit CCW...
<<<15:02:53:420221>>>  Tank #3 Yellow AI Tank is checking targeting info...
<<<15:02:53:420221>>>  Tank #3 Yellow AI Tank Launch angle not within tolerances, adjusting firing solution...
<<<15:02:53:420221>>>  Tank #3 Yellow AI Tank Launch speed not within tolerances, adjusting firing solution...
<<<15:02:53:420221>>>  Tank #3 Yellow AI Tank adjusted targeting angle one unit CCW...
<<<15:02:53:437246>>>  Tank #2 Red AI Tank is checking targeting info...
<<<15:02:53:437246>>>  Tank #2 Red AI Tank Launch angle not within tolerances, adjusting firing solution...
<<<15:02:53:437246>>>  Tank #2 Red AI Tank Launch speed not within tolerances, adjusting firing solution...
<<<15:02:53:437246>>>  Tank #2 Red AI Tank adjusted targeting angle one unit CCW...
<<<15:02:53:437246>>>  Tank #3 Yellow AI Tank is checking targeting info...
<<<15:02:53:437246>>>  Tank #3 Yellow AI Tank Launch angle not within tolerances, adjusting firing solution...
<<<15:02:53:437246>>>  Tank #3 Yellow AI Tank Launch speed not within tolerances, adjusting firing solution...
<<<15:02:53:437246>>>  Tank #3 Yellow AI Tank adjusted targeting angle one unit CCW...
<<<15:02:53:454849>>>  Tank #2 Red AI Tank is checking targeting info...
<<<15:02:53:454849>>>  Tank #2 Red AI Tank Launch angle not within tolerances, adjusting firing solution...
<<<15:02:53:454849>>>  Tank #2 Red AI Tank Launch speed not within tolerances, adjusting firing solution...
<<<15:02:53:454849>>>  Tank #2 Red AI Tank adjusted targeting angle one unit CCW...
<<<15:02:53:454849>>>  Tank #3 Yellow AI Tank is checking targeting info...
<<<15:02:53:454849>>>  Tank #3 Yellow AI Tank Launch angle not within tolerances, adjusting firing solution...
<<<15:02:53:454849>>>  Tank #3 Yellow AI Tank Launch speed not within tolerances, adjusting firing solution...
<<<15:02:53:454849>>>  Tank #3 Yellow AI Tank adjusted targeting angle one unit CCW...
<<<15:02:53:471196>>>  Tank #2 Red AI Tank is checking targeting info...
<<<15:02:53:471196>>>  Tank #2 Red AI Tank Launch angle not within tolerances, adjusting firing solution...
<<<15:02:53:471196>>>  Tank #2 Red AI Tank Launch speed not within tolerances, adjusting firing solution...
<<<15:02:53:471196>>>  Tank #2 Red AI Tank adjusted targeting angle one unit CCW...
<<<15:02:53:471196>>>  Tank #3 Yellow AI Tank is checking targeting info...
<<<15:02:53:471196>>>  Tank #3 Yellow AI Tank Launch angle not within tolerances, adjusting firing solution...
<<<15:02:53:471196>>>  Tank #3 Yellow AI Tank Launch speed not within tolerances, adjusting firing solution...
<<<15:02:53:471196>>>  Tank #3 Yellow AI Tank adjusted targeting angle one unit CCW...
<<<15:02:53:488729>>>  Tank #2 Red AI Tank is checking targeting info...
<<<15:02:53:488729>>>  Tank #2 Red AI Tank Launch angle not within tolerances, adjusting firing solution...
<<<15:02:53:488729>>>  Tank #2 Red AI Tank Launch speed not within tolerances, adjusting firing solution...
<<<15:02:53:488729>>>  Tank #2 Red AI Tank adjusted targeting angle one unit CCW...
<<<15:02:53:488729>>>  Tank #3 Yellow AI Tank is checking targeting info...
<<<15:02:53:488729>>>  Tank #3 Yellow AI Tank Launch angle not within tolerances, adjusting firing solution...
<<<15:02:53:488729>>>  Tank #3 Yellow AI Tank Launch speed not within tolerances, adjusting firing solution...
<<<15:02:53:488729>>>  Tank #3 Yellow AI Tank adjusted targeting angle one unit CCW...
<<<15:02:53:505200>>>  Tank #2 Red AI Tank is checking targeting info...
<<<15:02:53:505200>>>  Tank #2 Red AI Tank Launch angle not within tolerances, adjusting firing solution...
<<<15:02:53:505200>>>  Tank #2 Red AI Tank Launch speed not within tolerances, adjusting firing solution...
<<<15:02:53:505200>>>  Tank #2 Red AI Tank adjusted targeting angle one unit CCW...
<<<15:02:53:505200>>>  Tank #3 Yellow AI Tank is checking targeting info...
<<<15:02:53:505200>>>  Tank #3 Yellow AI Tank Launch angle not within tolerances, adjusting firing solution...
<<<15:02:53:505200>>>  Tank #3 Yellow AI Tank Launch speed not within tolerances, adjusting firing solution...
<<<15:02:53:505200>>>  Tank #3 Yellow AI Tank adjusted targeting angle one unit CCW...
<<<15:02:53:522263>>>  Tank #2 Red AI Tank is checking targeting info...
<<<15:02:53:522263>>>  Tank #2 Red AI Tank Launch angle not within tolerances, adjusting firing solution...
<<<15:02:53:522263>>>  Tank #2 Red AI Tank Launch speed not within tolerances, adjusting firing solution...
<<<15:02:53:522263>>>  Tank #2 Red AI Tank adjusted targeting angle one unit CCW...
<<<15:02:53:522263>>>  Tank #3 Yellow AI Tank is checking targeting info...
<<<15:02:53:522263>>>  Tank #3 Yellow AI Tank Launch angle not within tolerances, adjusting firing solution...
<<<15:02:53:522263>>>  Tank #3 Yellow AI Tank Launch speed not within tolerances, adjusting firing solution...
<<<15:02:53:522263>>>  Tank #3 Yellow AI Tank adjusted targeting angle one unit CCW...
<<<15:02:53:540335>>>  Successfully removed spellready icon from Tank #1 Green Player Tank's effect list!
<<<15:02:53:540335>>>  Tank #2 Red AI Tank is checking targeting info...
<<<15:02:53:540335>>>  Tank #2 Red AI Tank Launch angle not within tolerances, adjusting firing solution...
<<<15:02:53:540335>>>  Tank #2 Red AI Tank Launch speed not within tolerances, adjusting firing solution...
<<<15:02:53:540335>>>  Tank #2 Red AI Tank adjusted targeting angle one unit CCW...
<<<15:02:53:540335>>>  Tank #3 Yellow AI Tank is checking targeting info...
<<<15:02:53:540335>>>  Tank #3 Yellow AI Tank Launch angle not within tolerances, adjusting firing solution...
<<<15:02:53:540335>>>  Tank #3 Yellow AI Tank Launch speed not within tolerances, adjusting firing solution...
<<<15:02:53:540335>>>  Tank #3 Yellow AI Tank adjusted targeting angle one unit CCW...
<<<15:02:53:556592>>>  Tank #2 Red AI Tank is checking targeting info...
<<<15:02:53:556592>>>  Tank #2 Red AI Tank Launch angle not within tolerances, adjusting firing solution...
<<<15:02:53:556592>>>  Tank #2 Red AI Tank Launch speed not within tolerances, adjusting firing solution...
<<<15:02:53:556592>>>  Tank #2 Red AI Tank adjusted targeting angle one unit CCW...
<<<15:02:53:556592>>>  Tank #3 Yellow AI Tank is checking targeting info...
<<<15:02:53:556592>>>  Tank #3 Yellow AI Tank Launch angle not within tolerances, adjusting firing solution...
<<<15:02:53:556592>>>  Tank #3 Yellow AI Tank Launch speed not within tolerances, adjusting firing solution...
<<<15:02:53:556592>>>  Tank #3 Yellow AI Tank adjusted targeting angle one unit CCW...
<<<15:02:53:572625>>>  Tank #2 Red AI Tank is checking targeting info...
<<<15:02:53:572625>>>  Tank #2 Red AI Tank Launch angle not within tolerances, adjusting firing solution...
<<<15:02:53:572625>>>  Tank #2 Red AI Tank Launch speed not within tolerances, adjusting firing solution...
<<<15:02:53:572625>>>  Tank #2 Red AI Tank adjusted targeting angle one unit CCW...
<<<15:02:53:572625>>>  Tank #3 Yellow AI Tank is checking targeting info...
<<<15:02:53:572625>>>  Tank #3 Yellow AI Tank Launch angle not within tolerances, adjusting firing solution...
<<<15:02:53:572625>>>  Tank #3 Yellow AI Tank Launch speed not within tolerances, adjusting firing solution...
<<<15:02:53:572625>>>  Tank #3 Yellow AI Tank adjusted targeting angle one unit CCW...
<<<15:02:53:588645>>>  Tank #2 Red AI Tank is checking targeting info...
<<<15:02:53:588645>>>  Tank #2 Red AI Tank Launch angle not within tolerances, adjusting firing solution...
<<<15:02:53:588645>>>  Tank #2 Red AI Tank Launch speed not within tolerances, adjusting firing solution...
<<<15:02:53:588645>>>  Tank #2 Red AI Tank adjusted targeting angle one unit CCW...
<<<15:02:53:588645>>>  Tank #3 Yellow AI Tank is checking targeting info...
<<<15:02:53:588645>>>  Tank #3 Yellow AI Tank Launch angle not within tolerances, adjusting firing solution...
<<<15:02:53:588645>>>  Tank #3 Yellow AI Tank Launch speed not within tolerances, adjusting firing solution...
<<<15:02:53:588645>>>  Tank #3 Yellow AI Tank adjusted targeting angle one unit CCW...
<<<15:02:53:605239>>>  Tank #2 Red AI Tank is checking targeting info...
<<<15:02:53:605239>>>  Tank #2 Red AI Tank Launch angle not within tolerances, adjusting firing solution...
<<<15:02:53:605239>>>  Tank #2 Red AI Tank Launch speed not within tolerances, adjusting firing solution...
<<<15:02:53:605239>>>  Tank #2 Red AI Tank adjusted targeting angle one unit CCW...
<<<15:02:53:605239>>>  Tank #3 Yellow AI Tank is checking targeting info...
<<<15:02:53:605239>>>  Tank #3 Yellow AI Tank Launch angle not within tolerances, adjusting firing solution...
<<<15:02:53:605239>>>  Tank #3 Yellow AI Tank Launch speed not within tolerances, adjusting firing solution...
<<<15:02:53:605239>>>  Tank #3 Yellow AI Tank adjusted targeting angle one unit CCW...
<<<15:02:53:621558>>>  Tank #2 Red AI Tank is checking targeting info...
<<<15:02:53:621558>>>  Tank #2 Red AI Tank Launch angle not within tolerances, adjusting firing solution...
<<<15:02:53:621558>>>  Tank #2 Red AI Tank Launch speed not within tolerances, adjusting firing solution...
<<<15:02:53:621558>>>  Tank #2 Red AI Tank adjusted targeting angle one unit CCW...
<<<15:02:53:621558>>>  Tank #3 Yellow AI Tank is checking targeting info...
<<<15:02:53:621558>>>  Tank #3 Yellow AI Tank Launch angle not within tolerances, adjusting firing solution...
<<<15:02:53:621558>>>  Tank #3 Yellow AI Tank Launch speed not within tolerances, adjusting firing solution...
<<<15:02:53:621558>>>  Tank #3 Yellow AI Tank adjusted targeting angle one unit CCW...
<<<15:02:53:638176>>>  Tank #2 Red AI Tank is checking targeting info...
<<<15:02:53:638176>>>  Tank #2 Red AI Tank Launch angle not within tolerances, adjusting firing solution...
<<<15:02:53:638176>>>  Tank #2 Red AI Tank Launch speed not within tolerances, adjusting firing solution...
<<<15:02:53:638176>>>  Tank #2 Red AI Tank adjusted targeting angle one unit CCW...
<<<15:02:53:638176>>>  Tank #3 Yellow AI Tank is checking targeting info...
<<<15:02:53:638176>>>  Tank #3 Yellow AI Tank Launch angle not within tolerances, adjusting firing solution...
<<<15:02:53:638176>>>  Tank #3 Yellow AI Tank Launch speed not within tolerances, adjusting firing solution...
<<<15:02:53:638176>>>  Tank #3 Yellow AI Tank adjusted targeting angle one unit CCW...
<<<15:02:53:655028>>>  Tank #2 Red AI Tank is checking targeting info...
<<<15:02:53:655028>>>  Tank #2 Red AI Tank Launch angle not within tolerances, adjusting firing solution...
<<<15:02:53:655028>>>  Tank #2 Red AI Tank Launch speed not within tolerances, adjusting firing solution...
<<<15:02:53:655028>>>  Tank #2 Red AI Tank adjusted targeting angle one unit CCW...
<<<15:02:53:655028>>>  Tank #3 Yellow AI Tank is checking targeting info...
<<<15:02:53:655028>>>  Tank #3 Yellow AI Tank Launch angle not within tolerances, adjusting firing solution...
<<<15:02:53:655028>>>  Tank #3 Yellow AI Tank Launch speed not within tolerances, adjusting firing solution...
<<<15:02:53:655028>>>  Tank #3 Yellow AI Tank adjusted targeting angle one unit CCW...
<<<15:02:53:671708>>>  Tank #2 Red AI Tank is checking targeting info...
<<<15:02:53:671708>>>  Tank #2 Red AI Tank Launch angle not within tolerances, adjusting firing solution...
<<<15:02:53:671708>>>  Tank #2 Red AI Tank Launch speed not within tolerances, adjusting firing solution...
<<<15:02:53:671708>>>  Tank #2 Red AI Tank adjusted targeting angle one unit CCW...
<<<15:02:53:671708>>>  Tank #3 Yellow AI Tank is checking targeting info...
<<<15:02:53:671708>>>  Tank #3 Yellow AI Tank Launch angle not within tolerances, adjusting firing solution...
<<<15:02:53:671708>>>  Tank #3 Yellow AI Tank Launch speed not within tolerances, adjusting firing solution...
<<<15:02:53:671708>>>  Tank #3 Yellow AI Tank adjusted targeting angle one unit CCW...
<<<15:02:53:688341>>>  Tank #2 Red AI Tank is checking targeting info...
<<<15:02:53:688341>>>  Tank #2 Red AI Tank increased launch speed one unit...
<<<15:02:53:688341>>>  Tank #3 Yellow AI Tank is checking targeting info...
<<<15:02:53:688341>>>  Tank #3 Yellow AI Tank increased launch speed one unit...
<<<15:02:53:705506>>>  Tank #2 Red AI Tank is checking targeting info...
<<<15:02:53:705506>>>  Tank #2 Red AI Tank increased launch speed one unit...
<<<15:02:53:705506>>>  Tank #3 Yellow AI Tank is checking targeting info...
<<<15:02:53:705506>>>  Tank #3 Yellow AI Tank increased launch speed one unit...
<<<15:02:53:721356>>>  Tank #2 Red AI Tank is checking targeting info...
<<<15:02:53:721356>>>  Tank #2 Red AI Tank increased launch speed one unit...
<<<15:02:53:721356>>>  Tank #3 Yellow AI Tank is checking targeting info...
<<<15:02:53:721356>>>  Tank #3 Yellow AI Tank increased launch speed one unit...
<<<15:02:53:738056>>>  Tank #2 Red AI Tank is checking targeting info...
<<<15:02:53:738056>>>  Tank #2 Red AI Tank increased launch speed one unit...
<<<15:02:53:738056>>>  Tank #3 Yellow AI Tank is checking targeting info...
<<<15:02:53:738056>>>  Tank #3 Yellow AI Tank increased launch speed one unit...
<<<15:02:53:754280>>>  Tank #2 Red AI Tank is checking targeting info...
<<<15:02:53:754280>>>  Tank #2 Red AI Tank increased launch speed one unit...
<<<15:02:53:754280>>>  Tank #3 Yellow AI Tank is checking targeting info...
<<<15:02:53:754280>>>  Tank #3 Yellow AI Tank increased launch speed one unit...
<<<15:02:53:771959>>>  Tank #2 Red AI Tank is checking targeting info...
<<<15:02:53:771959>>>  Tank #2 Red AI Tank increased launch speed one unit...
<<<15:02:53:771959>>>  Tank #3 Yellow AI Tank is checking targeting info...
<<<15:02:53:771959>>>  Tank #3 Yellow AI Tank increased launch speed one unit...
<<<15:02:53:788230>>>  Tank #2 Red AI Tank is checking targeting info...
<<<15:02:53:788230>>>  Tank #2 Red AI Tank increased launch speed one unit...
<<<15:02:53:788230>>>  Tank #3 Yellow AI Tank is checking targeting info...
<<<15:02:53:788230>>>  Tank #3 Yellow AI Tank increased launch speed one unit...
<<<15:02:53:804419>>>  Tank #2 Red AI Tank is checking targeting info...
<<<15:02:53:804419>>>  Tank #2 Red AI Tank increased launch speed one unit...
<<<15:02:53:804419>>>  Tank #3 Yellow AI Tank is checking targeting info...
<<<15:02:53:804419>>>  Tank #3 Yellow AI Tank increased launch speed one unit...
<<<15:02:53:821496>>>  Tank #2 Red AI Tank is checking targeting info...
<<<15:02:53:821496>>>  Tank #2 Red AI Tank increased launch speed one unit...
<<<15:02:53:821496>>>  Tank #3 Yellow AI Tank is checking targeting info...
<<<15:02:53:821496>>>  Tank #3 Yellow AI Tank increased launch speed one unit...
<<<15:02:53:837755>>>  Tank #2 Red AI Tank is checking targeting info...
<<<15:02:53:837755>>>  Tank #2 Red AI Tank increased launch speed one unit...
<<<15:02:53:837755>>>  Tank #3 Yellow AI Tank is checking targeting info...
<<<15:02:53:837755>>>  Tank #3 Yellow AI Tank increased launch speed one unit...
<<<15:02:53:854017>>>  Tank #2 Red AI Tank is checking targeting info...
<<<15:02:53:854017>>>  Tank #2 Red AI Tank increased launch speed one unit...
<<<15:02:53:854017>>>  Tank #3 Yellow AI Tank is checking targeting info...
<<<15:02:53:854017>>>  Tank #3 Yellow AI Tank increased launch speed one unit...
<<<15:02:53:869562>>>  Tank #2 Red AI Tank is checking targeting info...
<<<15:02:53:869562>>>  Tank #2 Red AI Tank increased launch speed one unit...
<<<15:02:53:869562>>>  Tank #3 Yellow AI Tank is checking targeting info...
<<<15:02:53:869562>>>  Tank #3 Yellow AI Tank increased launch speed one unit...
<<<15:02:53:886667>>>  Tank #2 Red AI Tank is checking targeting info...
<<<15:02:53:886667>>>  Tank #2 Red AI Tank increased launch speed one unit...
<<<15:02:53:886667>>>  Tank #3 Yellow AI Tank is checking targeting info...
<<<15:02:53:886667>>>  Tank #3 Yellow AI Tank increased launch speed one unit...
<<<15:02:53:902632>>>  Tank #2 Red AI Tank is checking targeting info...
<<<15:02:53:902632>>>  Tank #2 Red AI Tank increased launch speed one unit...
<<<15:02:53:902632>>>  Tank #3 Yellow AI Tank is checking targeting info...
<<<15:02:53:902632>>>  Tank #3 Yellow AI Tank increased launch speed one unit...
<<<15:02:53:920026>>>  Tank #2 Red AI Tank is checking targeting info...
<<<15:02:53:920026>>>  Tank #2 Red AI Tank increased launch speed one unit...
<<<15:02:53:920026>>>  Tank #3 Yellow AI Tank is checking targeting info...
<<<15:02:53:920026>>>  Tank #3 Yellow AI Tank increased launch speed one unit...
<<<15:02:53:935780>>>  Tank #2 Red AI Tank is checking targeting info...
<<<15:02:53:935780>>>  Tank #2 Red AI Tank increased launch speed one unit...
<<<15:02:53:935780>>>  Tank #3 Yellow AI Tank is checking targeting info...
<<<15:02:53:935780>>>  Tank #3 Yellow AI Tank increased launch speed one unit...
<<<15:02:53:951813>>>  Tank #2 Red AI Tank is checking targeting info...
<<<15:02:53:951813>>>  Tank #2 Red AI Tank increased launch speed one unit...
<<<15:02:53:951813>>>  Tank #3 Yellow AI Tank is checking targeting info...
<<<15:02:53:951813>>>  Tank #3 Yellow AI Tank increased launch speed one unit...
<<<15:02:53:968424>>>  Tank #2 Red AI Tank is checking targeting info...
<<<15:02:53:968424>>>  Tank #2 Red AI Tank increased launch speed one unit...
<<<15:02:53:968424>>>  Tank #3 Yellow AI Tank is checking targeting info...
<<<15:02:53:968424>>>  Tank #3 Yellow AI Tank increased launch speed one unit...
<<<15:02:53:984852>>>  Tank #2 Red AI Tank is checking targeting info...
<<<15:02:53:984852>>>  Tank #2 Red AI Tank increased launch speed one unit...
<<<15:02:53:984852>>>  Tank #3 Yellow AI Tank is checking targeting info...
<<<15:02:53:984852>>>  Tank #3 Yellow AI Tank increased launch speed one unit...
<<<15:02:54:001181>>>  Tank #2 Red AI Tank is checking targeting info...
<<<15:02:54:001181>>>  Tank #2 Red AI Tank increased launch speed one unit...
<<<15:02:54:001181>>>  Tank #3 Yellow AI Tank is checking targeting info...
<<<15:02:54:001181>>>  Tank #3 Yellow AI Tank increased launch speed one unit...
<<<15:02:54:018701>>>  Tank #2 Red AI Tank is checking targeting info...
<<<15:02:54:018701>>>  Tank #2 Red AI Tank increased launch speed one unit...
<<<15:02:54:018701>>>  Tank #3 Yellow AI Tank is checking targeting info...
<<<15:02:54:018701>>>  Tank #3 Yellow AI Tank increased launch speed one unit...
<<<15:02:54:035734>>>  Tank #2 Red AI Tank is checking targeting info...
<<<15:02:54:035734>>>  Tank #2 Red AI Tank increased launch speed one unit...
<<<15:02:54:035734>>>  Tank #3 Yellow AI Tank is checking targeting info...
<<<15:02:54:035734>>>  Tank #3 Yellow AI Tank increased launch speed one unit...
<<<15:02:54:051551>>>  Tank #2 Red AI Tank is checking targeting info...
<<<15:02:54:051551>>>  Tank #2 Red AI Tank increased launch speed one unit...
<<<15:02:54:051551>>>  Tank #3 Yellow AI Tank is checking targeting info...
<<<15:02:54:051551>>>  Tank #3 Yellow AI Tank increased launch speed one unit...
<<<15:02:54:068602>>>  Tank #2 Red AI Tank is checking targeting info...
<<<15:02:54:068602>>>  Tank #2 Red AI Tank increased launch speed one unit...
<<<15:02:54:068602>>>  Tank #3 Yellow AI Tank is checking targeting info...
<<<15:02:54:068602>>>  Tank #3 Yellow AI Tank increased launch speed one unit...
<<<15:02:54:085128>>>  Tank #2 Red AI Tank is checking targeting info...
<<<15:02:54:085128>>>  Tank #2 Red AI Tank increased launch speed one unit...
<<<15:02:54:085128>>>  Tank #3 Yellow AI Tank is checking targeting info...
<<<15:02:54:085128>>>  Tank #3 Yellow AI Tank increased launch speed one unit...
<<<15:02:54:101479>>>  Tank #2 Red AI Tank is checking targeting info...
<<<15:02:54:101479>>>  Tank #2 Red AI Tank increased launch speed one unit...
<<<15:02:54:101479>>>  Tank #3 Yellow AI Tank is checking targeting info...
<<<15:02:54:101479>>>  Tank #3 Yellow AI Tank increased launch speed one unit...
<<<15:02:54:119010>>>  Tank #2 Red AI Tank is checking targeting info...
<<<15:02:54:119010>>>  Tank #2 Red AI Tank increased launch speed one unit...
<<<15:02:54:119010>>>  Tank #3 Yellow AI Tank is checking targeting info...
<<<15:02:54:119010>>>  Tank #3 Yellow AI Tank increased launch speed one unit...
<<<15:02:54:135119>>>  Tank #2 Red AI Tank is checking targeting info...
<<<15:02:54:135119>>>  Tank #2 Red AI Tank increased launch speed one unit...
<<<15:02:54:135119>>>  Tank #3 Yellow AI Tank is checking targeting info...
<<<15:02:54:135119>>>  Tank #3 Yellow AI Tank increased launch speed one unit...
<<<15:02:54:151827>>>  Tank #2 Red AI Tank is checking targeting info...
<<<15:02:54:151827>>>  Tank #2 Red AI Tank increased launch speed one unit...
<<<15:02:54:151827>>>  Tank #3 Yellow AI Tank is checking targeting info...
<<<15:02:54:151827>>>  Tank #3 Yellow AI Tank increased launch speed one unit...
<<<15:02:54:167524>>>  Tank #2 Red AI Tank is checking targeting info...
<<<15:02:54:167524>>>  Tank #2 Red AI Tank increased launch speed one unit...
<<<15:02:54:167524>>>  Tank #3 Yellow AI Tank is checking targeting info...
<<<15:02:54:167524>>>  Tank #3 Yellow AI Tank increased launch speed one unit...
<<<15:02:54:184624>>>  Tank #2 Red AI Tank is checking targeting info...
<<<15:02:54:184624>>>  Tank #2 Red AI Tank increased launch speed one unit...
<<<15:02:54:184624>>>  Tank #3 Yellow AI Tank is checking targeting info...
<<<15:02:54:184624>>>  Tank #3 Yellow AI Tank increased launch speed one unit...
<<<15:02:54:201021>>>  Tank #2 Red AI Tank is checking targeting info...
<<<15:02:54:201021>>>  Tank #2 Red AI Tank increased launch speed one unit...
<<<15:02:54:201021>>>  Tank #3 Yellow AI Tank is checking targeting info...
<<<15:02:54:201021>>>  Tank #3 Yellow AI Tank increased launch speed one unit...
<<<15:02:54:217493>>>  Tank #2 Red AI Tank is checking targeting info...
<<<15:02:54:217493>>>  Tank #2 Red AI Tank increased launch speed one unit...
<<<15:02:54:217493>>>  Tank #3 Yellow AI Tank is checking targeting info...
<<<15:02:54:217493>>>  Tank #3 Yellow AI Tank increased launch speed one unit...
<<<15:02:54:234657>>>  Tank #2 Red AI Tank is checking targeting info...
<<<15:02:54:234657>>>  Tank #2 Red AI Tank increased launch speed one unit...
<<<15:02:54:234657>>>  Tank #3 Yellow AI Tank is checking targeting info...
<<<15:02:54:234657>>>  Tank #3 Yellow AI Tank increased launch speed one unit...
<<<15:02:54:252040>>>  Tank #2 Red AI Tank is checking targeting info...
<<<15:02:54:252040>>>  Tank #2 Red AI Tank increased launch speed one unit...
<<<15:02:54:252040>>>  Tank #3 Yellow AI Tank is checking targeting info...
<<<15:02:54:252040>>>  Tank #3 Yellow AI Tank increased launch speed one unit...
<<<15:02:54:267772>>>  Tank #2 Red AI Tank is checking targeting info...
<<<15:02:54:267772>>>  Tank #2 Red AI Tank increased launch speed one unit...
<<<15:02:54:267772>>>  Tank #3 Yellow AI Tank is checking targeting info...
<<<15:02:54:267772>>>  Tank #3 Yellow AI Tank increased launch speed one unit...
<<<15:02:54:283461>>>  Tank #2 Red AI Tank is checking targeting info...
<<<15:02:54:283461>>>  Tank #2 Red AI Tank increased launch speed one unit...
<<<15:02:54:283461>>>  Tank #3 Yellow AI Tank is checking targeting info...
<<<15:02:54:283461>>>  Tank #3 Yellow AI Tank increased launch speed one unit...
<<<15:02:54:300133>>>  Tank #2 Red AI Tank is checking targeting info...
<<<15:02:54:300133>>>  Tank #2 Red AI Tank increased launch speed one unit...
<<<15:02:54:300133>>>  Tank #3 Yellow AI Tank is checking targeting info...
<<<15:02:54:300133>>>  Tank #3 Yellow AI Tank increased launch speed one unit...
<<<15:02:54:316581>>>  Tank #2 Red AI Tank is checking targeting info...
<<<15:02:54:316581>>>  Tank #2 Red AI Tank firing solution within tolerances, not adjusting firing solution...
<<<15:02:54:316581>>>  Tank #2 Red AI Tank attempting to fire cannonball...
<<<15:02:54:316581>>>  Tank #3 Yellow AI Tank is checking targeting info...
<<<15:02:54:316581>>>  Tank #3 Yellow AI Tank firing solution within tolerances, not adjusting firing solution...
<<<15:02:54:316581>>>  Tank #3 Yellow AI Tank attempting to fire cannonball...
<<<15:02:54:333303>>>  Tank #2 Red AI Tank chose to move to 3.2673, cururently at 3.6652.
<<<15:02:54:333303>>>  Tank #2 Red AI Tank moved one unit CW...
<<<15:02:54:333303>>>  Tank #2 Red AI Tank chose to move...
<<<15:02:54:333303>>>  Tank #3 Yellow AI Tank chose to shoot...
<<<15:02:54:350691>>>  Tank #2 Red AI Tank moved one unit CW...
<<<15:02:54:350691>>>  Tank #3 Yellow AI Tank is checking targeting info...
<<<15:02:54:350691>>>  Tank #3 Yellow AI Tank Launch angle not within tolerances, adjusting firing solution...
<<<15:02:54:350691>>>  Tank #3 Yellow AI Tank adjusted targeting angle one unit CW...
<<<15:02:54:368101>>>  Tank #2 Red AI Tank moved one unit CW...
<<<15:02:54:368101>>>  Tank #3 Yellow AI Tank is checking targeting info...
<<<15:02:54:368101>>>  Tank #3 Yellow AI Tank Launch angle not within tolerances, adjusting firing solution...
<<<15:02:54:368101>>>  Tank #3 Yellow AI Tank adjusted targeting angle one unit CW...
<<<15:02:54:383594>>>  Tank #2 Red AI Tank moved one unit CW...
<<<15:02:54:383594>>>  Tank #3 Yellow AI Tank is checking targeting info...
<<<15:02:54:383594>>>  Tank #3 Yellow AI Tank Launch angle not within tolerances, adjusting firing solution...
<<<15:02:54:383594>>>  Tank #3 Yellow AI Tank adjusted targeting angle one unit CW...
<<<15:02:54:400235>>>  Tank #2 Red AI Tank moved one unit CW...
<<<15:02:54:400235>>>  Tank #3 Yellow AI Tank is checking targeting info...
<<<15:02:54:400235>>>  Tank #3 Yellow AI Tank Launch angle not within tolerances, adjusting firing solution...
<<<15:02:54:400235>>>  Tank #3 Yellow AI Tank adjusted targeting angle one unit CW...
<<<15:02:54:417142>>>  Tank #2 Red AI Tank moved one unit CW...
<<<15:02:54:417142>>>  Tank #3 Yellow AI Tank is checking targeting info...
<<<15:02:54:417142>>>  Tank #3 Yellow AI Tank Launch angle not within tolerances, adjusting firing solution...
<<<15:02:54:417142>>>  Tank #3 Yellow AI Tank adjusted targeting angle one unit CW...
<<<15:02:54:434086>>>  Tank #2 Red AI Tank moved one unit CW...
<<<15:02:54:434086>>>  Tank #3 Yellow AI Tank is checking targeting info...
<<<15:02:54:434086>>>  Tank #3 Yellow AI Tank Launch angle not within tolerances, adjusting firing solution...
<<<15:02:54:434086>>>  Tank #3 Yellow AI Tank adjusted targeting angle one unit CW...
<<<15:02:54:449328>>>  Tank #2 Red AI Tank moved one unit CW...
<<<15:02:54:449328>>>  Tank #3 Yellow AI Tank is checking targeting info...
<<<15:02:54:449328>>>  Tank #3 Yellow AI Tank Launch angle not within tolerances, adjusting firing solution...
<<<15:02:54:449328>>>  Tank #3 Yellow AI Tank adjusted targeting angle one unit CW...
<<<15:02:54:466331>>>  Tank #2 Red AI Tank moved one unit CW...
<<<15:02:54:466331>>>  Tank #3 Yellow AI Tank is checking targeting info...
<<<15:02:54:466331>>>  Tank #3 Yellow AI Tank Launch angle not within tolerances, adjusting firing solution...
<<<15:02:54:466331>>>  Tank #3 Yellow AI Tank adjusted targeting angle one unit CW...
<<<15:02:54:482711>>>  Tank #2 Red AI Tank moved one unit CW...
<<<15:02:54:482711>>>  Tank #3 Yellow AI Tank is checking targeting info...
<<<15:02:54:482711>>>  Tank #3 Yellow AI Tank Launch angle not within tolerances, adjusting firing solution...
<<<15:02:54:482711>>>  Tank #3 Yellow AI Tank adjusted targeting angle one unit CW...
<<<15:02:54:499806>>>  Tank #2 Red AI Tank moved one unit CW...
<<<15:02:54:499806>>>  Tank #3 Yellow AI Tank is checking targeting info...
<<<15:02:54:499806>>>  Tank #3 Yellow AI Tank Launch angle not within tolerances, adjusting firing solution...
<<<15:02:54:499806>>>  Tank #3 Yellow AI Tank adjusted targeting angle one unit CW...
<<<15:02:54:516270>>>  Tank #2 Red AI Tank moved one unit CW...
<<<15:02:54:516270>>>  Tank #3 Yellow AI Tank is checking targeting info...
<<<15:02:54:516270>>>  Tank #3 Yellow AI Tank Launch angle not within tolerances, adjusting firing solution...
<<<15:02:54:516270>>>  Tank #3 Yellow AI Tank adjusted targeting angle one unit CW...
<<<15:02:54:533484>>>  Tank #2 Red AI Tank moved one unit CW...
<<<15:02:54:533484>>>  Tank #3 Yellow AI Tank is checking targeting info...
<<<15:02:54:533484>>>  Tank #3 Yellow AI Tank Launch angle not within tolerances, adjusting firing solution...
<<<15:02:54:533484>>>  Tank #3 Yellow AI Tank adjusted targeting angle one unit CW...
<<<15:02:54:549484>>>  Tank #2 Red AI Tank moved one unit CW...
<<<15:02:54:549484>>>  Tank #3 Yellow AI Tank is checking targeting info...
<<<15:02:54:549484>>>  Tank #3 Yellow AI Tank Launch angle not within tolerances, adjusting firing solution...
<<<15:02:54:549484>>>  Tank #3 Yellow AI Tank adjusted targeting angle one unit CW...
<<<15:02:54:565473>>>  Tank #2 Red AI Tank moved one unit CW...
<<<15:02:54:565473>>>  Tank #3 Yellow AI Tank is checking targeting info...
<<<15:02:54:565473>>>  Tank #3 Yellow AI Tank Launch angle not within tolerances, adjusting firing solution...
<<<15:02:54:565473>>>  Tank #3 Yellow AI Tank adjusted targeting angle one unit CW...
<<<15:02:54:582504>>>  Tank #2 Red AI Tank moved one unit CW...
<<<15:02:54:582504>>>  Tank #3 Yellow AI Tank is checking targeting info...
<<<15:02:54:582504>>>  Tank #3 Yellow AI Tank Launch angle not within tolerances, adjusting firing solution...
<<<15:02:54:582504>>>  Tank #3 Yellow AI Tank adjusted targeting angle one unit CW...
<<<15:02:54:599126>>>  Tank #2 Red AI Tank moved one unit CW...
<<<15:02:54:599126>>>  Tank #3 Yellow AI Tank is checking targeting info...
<<<15:02:54:599126>>>  Tank #3 Yellow AI Tank Launch angle not within tolerances, adjusting firing solution...
<<<15:02:54:599126>>>  Tank #3 Yellow AI Tank adjusted targeting angle one unit CW...
<<<15:02:54:615245>>>  Tank #2 Red AI Tank moved one unit CW...
<<<15:02:54:615245>>>  Tank #3 Yellow AI Tank is checking targeting info...
<<<15:02:54:615245>>>  Tank #3 Yellow AI Tank Launch angle not within tolerances, adjusting firing solution...
<<<15:02:54:615245>>>  Tank #3 Yellow AI Tank adjusted targeting angle one unit CW...
<<<15:02:54:631580>>>  Tank #2 Red AI Tank moved one unit CW...
<<<15:02:54:631580>>>  Tank #3 Yellow AI Tank is checking targeting info...
<<<15:02:54:631580>>>  Tank #3 Yellow AI Tank Launch angle not within tolerances, adjusting firing solution...
<<<15:02:54:631580>>>  Tank #3 Yellow AI Tank adjusted targeting angle one unit CW...
<<<15:02:54:648522>>>  Tank #2 Red AI Tank moved one unit CW...
<<<15:02:54:648522>>>  Tank #3 Yellow AI Tank is checking targeting info...
<<<15:02:54:648522>>>  Tank #3 Yellow AI Tank Launch angle not within tolerances, adjusting firing solution...
<<<15:02:54:648522>>>  Tank #3 Yellow AI Tank adjusted targeting angle one unit CW...
<<<15:02:54:665288>>>  Tank #2 Red AI Tank moved one unit CW...
<<<15:02:54:665288>>>  Tank #3 Yellow AI Tank is checking targeting info...
<<<15:02:54:665347>>>  Tank #3 Yellow AI Tank Launch angle not within tolerances, adjusting firing solution...
<<<15:02:54:665363>>>  Tank #3 Yellow AI Tank adjusted targeting angle one unit CW...
<<<15:02:54:681525>>>  Tank #2 Red AI Tank moved one unit CW...
<<<15:02:54:681525>>>  Tank #3 Yellow AI Tank is checking targeting info...
<<<15:02:54:681525>>>  Tank #3 Yellow AI Tank Launch angle not within tolerances, adjusting firing solution...
<<<15:02:54:681525>>>  Tank #3 Yellow AI Tank adjusted targeting angle one unit CW...
<<<15:02:54:697619>>>  Tank #3 Yellow AI Tank is checking targeting info...
<<<15:02:54:697619>>>  Tank #3 Yellow AI Tank Launch angle not within tolerances, adjusting firing solution...
<<<15:02:54:697619>>>  Tank #3 Yellow AI Tank adjusted targeting angle one unit CW...
<<<15:02:54:714460>>>  Tank #2 Red AI Tank chose to shoot...
<<<15:02:54:714460>>>  Tank #3 Yellow AI Tank is checking targeting info...
<<<15:02:54:714460>>>  Tank #3 Yellow AI Tank Launch angle not within tolerances, adjusting firing solution...
<<<15:02:54:714460>>>  Tank #3 Yellow AI Tank adjusted targeting angle one unit CW...
<<<15:02:54:731666>>>  Tank #2 Red AI Tank is checking targeting info...
<<<15:02:54:731666>>>  Tank #2 Red AI Tank Launch angle not within tolerances, adjusting firing solution...
<<<15:02:54:731666>>>  Tank #2 Red AI Tank Launch speed not within tolerances, adjusting firing solution...
<<<15:02:54:731666>>>  Tank #2 Red AI Tank adjusted targeting angle one unit CCW...
<<<15:02:54:731666>>>  Tank #3 Yellow AI Tank is checking targeting info...
<<<15:02:54:731666>>>  Tank #3 Yellow AI Tank Launch angle not within tolerances, adjusting firing solution...
<<<15:02:54:731666>>>  Tank #3 Yellow AI Tank adjusted targeting angle one unit CW...
<<<15:02:54:748640>>>  Tank #2 Red AI Tank is checking targeting info...
<<<15:02:54:748640>>>  Tank #2 Red AI Tank Launch angle not within tolerances, adjusting firing solution...
<<<15:02:54:748640>>>  Tank #2 Red AI Tank Launch speed not within tolerances, adjusting firing solution...
<<<15:02:54:748640>>>  Tank #2 Red AI Tank adjusted targeting angle one unit CCW...
<<<15:02:54:748640>>>  Tank #3 Yellow AI Tank is checking targeting info...
<<<15:02:54:748640>>>  Tank #3 Yellow AI Tank Launch angle not within tolerances, adjusting firing solution...
<<<15:02:54:748640>>>  Tank #3 Yellow AI Tank adjusted targeting angle one unit CW...
<<<15:02:54:765608>>>  Tank #2 Red AI Tank is checking targeting info...
<<<15:02:54:765608>>>  Tank #2 Red AI Tank Launch angle not within tolerances, adjusting firing solution...
<<<15:02:54:765990>>>  Tank #2 Red AI Tank Launch speed not within tolerances, adjusting firing solution...
<<<15:02:54:765990>>>  Tank #2 Red AI Tank adjusted targeting angle one unit CCW...
<<<15:02:54:765990>>>  Tank #3 Yellow AI Tank is checking targeting info...
<<<15:02:54:765990>>>  Tank #3 Yellow AI Tank Launch angle not within tolerances, adjusting firing solution...
<<<15:02:54:765990>>>  Tank #3 Yellow AI Tank adjusted targeting angle one unit CW...
<<<15:02:54:783183>>>
* INFORMATION FOR Tank #1 Green Player Tank's CANNONBALLS:
* Cannonballs in memory for Tank #1 Green Player Tank:  0.
* Total cannonballs fired or chambered for Tank #1 Green Player Tank:  0.
<<<15:02:54:783183>>>
* INFORMATION FOR Tank #2 Red AI Tank's CANNONBALLS:
* Cannonballs in memory for Tank #2 Red AI Tank:  2.
* Total cannonballs fired or chambered for Tank #2 Red AI Tank:  2.
<<<15:02:54:783183>>>
* CURRENT VALUES FOR CELESTIAL BODY:  Tank #2 Red AI Tank's Cannonball #1
* This is not the homeworld.
* The celestial boyd's density is 5515 kg/m^3.
* The celestial body's mass is 1000 kg.
* The Earth's mass is 5.972e+24 kg.
* The celestial body's radius is 0.001 km.
* The celestial body's coordinates are (-5954.000838268157, -5658.93236801329).
* The celestial body's velocity is (-0.7776144527939824, -8.165771370359595).
* The celestial body's speed is 8.202713350482174 km/s.
* The celestial body's acceleration is (0.00438026224922393, 0.004119870622876558).
* The celestial body's screen x and y coordinates are (715, 529).
* The celestial body's screen radius is 2.
* The celestial is using a body circle.
<<<15:02:54:783183>>>
* ADDITIONAL INFORMATION FOR Tank #2 Red AI Tank's Cannonball #1:
* This cannonball is active.
<<<15:02:54:783183>>>
* CURRENT VALUES FOR CELESTIAL BODY:  Tank #2 Red AI Tank's Cannonball #2
* This is not the homeworld.
* The celestial boyd's density is 5515 kg/m^3.
* The celestial body's mass is 1000 kg.
* The Earth's mass is 5.972e+24 kg.
* The celestial body's radius is 0.001 km.
* The celestial body's coordinates are (-6311.011989415527, -889.7612463706614).
* The celestial body's velocity is (-5.488884352906686, -0.7023077515416004).
* The celestial body's speed is 5.53363240714987 km/s.
* The celestial body's acceleration is (0, 0).
* The celestial body's screen x and y coordinates are (710, 462).
* The celestial body's screen radius is 2.
* The celestial is using a body circle.
<<<15:02:54:783183>>>
* ADDITIONAL INFORMATION FOR Tank #2 Red AI Tank's Cannonball #2:
* This cannonball is chambered.
<<<15:02:54:783183>>>
* INFORMATION FOR Tank #3 Yellow AI Tank's CANNONBALLS:
* Cannonballs in memory for Tank #3 Yellow AI Tank:  2.
* Total cannonballs fired or chambered for Tank #3 Yellow AI Tank:  2.
<<<15:02:54:783183>>>
* CURRENT VALUES FOR CELESTIAL BODY:  Tank #3 Yellow AI Tank's Cannonball #1
* This is not the homeworld.
* The celestial boyd's density is 5515 kg/m^3.
* The celestial body's mass is 1000 kg.
* The Earth's mass is 5.972e+24 kg.
* The celestial body's radius is 0.001 km.
* The celestial body's coordinates are (7876.665968386814, -2328.288801689236).
* The celestial body's velocity is (7.595725050456376, 3.472229006131789).
* The celestial body's speed is 8.351731156661682 km/s.
* The celestial body's acceleration is (-0.005754531758594006, 0.0017563297918138418).
* The celestial body's screen x and y coordinates are (911, 482).
* The celestial body's screen radius is 2.
* The celestial is using a body circle.
<<<15:02:54:783183>>>
* ADDITIONAL INFORMATION FOR Tank #3 Yellow AI Tank's Cannonball #1:
* This cannonball is active.
<<<15:02:54:783183>>>
* CURRENT VALUES FOR CELESTIAL BODY:  Tank #3 Yellow AI Tank's Cannonball #2
* This is not the homeworld.
* The celestial boyd's density is 5515 kg/m^3.
* The celestial body's mass is 1000 kg.
* The Earth's mass is 5.972e+24 kg.
* The celestial body's radius is 0.001 km.
* The celestial body's coordinates are (5503.816166958475, -3205.0750250610813).
* The celestial body's velocity is (9.559939323276822, 2.6149024635763345).
* The celestial body's speed is 9.911112690245837 km/s.
* The celestial body's acceleration is (0, 0).
* The celestial body's screen x and y coordinates are (877, 495).
* The celestial body's screen radius is 2.
* The celestial is using a body circle.
<<<15:02:54:783183>>>
* ADDITIONAL INFORMATION FOR Tank #3 Yellow AI Tank's Cannonball #2:
* This cannonball is chambered.
<<<15:02:54:783183>>>  Quit through pygame and writing log file...
