<<<14:28:01:304686>>>
* Screen coordinates (867, 834) choosen in zone #6.
* Screen dimensions are 1600 wide by 900 high.
* Minimum (x, y) are (266, 750).
* Maximum (x, y) are (1333, 900).
* Mid (x, y) are (799, 825).
<<<14:28:01:304686>>>  Image at Pix\Faraway_Objects\Gas_Giants\9.png choosen for background...
<<<14:28:01:312503>>>
* Screen coordinates (124, 410) choosen in zone #8.
* Screen dimensions are 1600 wide by 900 high.
* Minimum (x, y) are (0, 150).
* Maximum (x, y) are (266, 750).
* Mid (x, y) are (133, 450).
<<<14:28:01:312503>>>  Image at Pix\Faraway_Objects\Suns\28.png choosen for background...
<<<14:28:01:316425>>>  Pix\Homeworlds\Ocean\4.png loaded as pixie for Earth...
<<<14:28:01:316425>>>  Image at Pix\Homeworlds\Ocean\4.png chosen as homeworld pix for Earth's...
<<<14:28:01:316425>>>  Pix\Moons\5.png loaded as pixie for Moon #2...
<<<14:28:01:357422>>>  Pix\Snails\Green_Snail\Spells\Spellready_Icon\spellready.png returned as pixie for Tank #1 Green Player Tank...
<<<14:28:01:357422>>>  Tank #1 Green Player Tank successfully created!
<<<14:28:01:398776>>>  Pix\Snails\Red_Snail\Spells\Spellready_Icon\spellready.png returned as pixie for Tank #2 Red AI Tank...
<<<14:28:01:398776>>>  Tank #2 Red AI Tank successfully created!
<<<14:28:01:442125>>>  Pix\Snails\Yellow_Snail\Spells\Spellready_Icon\spellready.png returned as pixie for Tank #3 Yellow AI Tank...
<<<14:28:01:442125>>>  Tank #3 Yellow AI Tank successfully created!
<<<14:28:01:446395>>>  Tank #2 Red AI Tank chose to move to 4.3923, cururently at 3.6652.
<<<14:28:01:446395>>>  Tank #2 Red AI Tank moved one unit CCW...
<<<14:28:01:446395>>>  Tank #2 Red AI Tank chose to move...
<<<14:28:01:446395>>>
* *** Tank #3 Yellow AI Tank USING CLEAR SKIES FUNCTION ***
* Moon #2 at (-12407.560975747787, 2899.5189392398875), angle 2.912022800787455 rads.
* Tank #3 Yellow AI Tank at (5517.447847510657, -3185.5000000000027), angle 5.759586531581287.
* Angle Between is 2.847563730793832 rads.
<<<14:28:01:446395>>>  Tank #3 Yellow AI Tank saw no celestials or cannonballs above their heads and is casting Gravity...
<<<14:28:01:446395>>>  Successfully removed spellready icon from Tank #3 Yellow AI Tank's effect list!
<<<14:28:01:460150>>>  Tank #2 Red AI Tank moved one unit CCW...
<<<14:28:01:476274>>>  Tank #2 Red AI Tank moved one unit CCW...
<<<14:28:01:491749>>>  Tank #2 Red AI Tank moved one unit CCW...
<<<14:28:01:508122>>>  Tank #2 Red AI Tank moved one unit CCW...
<<<14:28:01:524341>>>  Tank #2 Red AI Tank moved one unit CCW...
<<<14:28:01:540909>>>  Tank #2 Red AI Tank moved one unit CCW...
<<<14:28:01:557230>>>  Tank #2 Red AI Tank moved one unit CCW...
<<<14:28:01:574378>>>  Tank #2 Red AI Tank moved one unit CCW...
<<<14:28:01:591708>>>  Tank #2 Red AI Tank moved one unit CCW...
<<<14:28:01:607603>>>  Tank #2 Red AI Tank moved one unit CCW...
<<<14:28:01:625159>>>  Tank #2 Red AI Tank moved one unit CCW...
<<<14:28:01:640889>>>  Tank #2 Red AI Tank moved one unit CCW...
<<<14:28:01:657319>>>  Tank #2 Red AI Tank moved one unit CCW...
<<<14:28:01:673399>>>  Tank #2 Red AI Tank moved one unit CCW...
<<<14:28:01:690443>>>  Tank #2 Red AI Tank moved one unit CCW...
<<<14:28:01:708202>>>  Tank #2 Red AI Tank moved one unit CCW...
<<<14:28:01:725239>>>  Successfully removed spellready icon from Tank #1 Green Player Tank's effect list!
<<<14:28:01:725239>>>  Tank #2 Red AI Tank moved one unit CCW...
<<<14:28:01:741368>>>  Tank #2 Red AI Tank moved one unit CCW...
<<<14:28:01:757739>>>  Tank #2 Red AI Tank moved one unit CCW...
<<<14:28:01:773602>>>  Tank #2 Red AI Tank moved one unit CCW...
<<<14:28:01:790074>>>  Tank #2 Red AI Tank moved one unit CCW...
<<<14:28:01:805940>>>  Tank #2 Red AI Tank moved one unit CCW...
<<<14:28:01:822342>>>  Tank #2 Red AI Tank moved one unit CCW...
<<<14:28:01:838827>>>  Tank #2 Red AI Tank moved one unit CCW...
<<<14:28:01:855459>>>  Tank #2 Red AI Tank moved one unit CCW...
<<<14:28:01:873073>>>  Tank #2 Red AI Tank moved one unit CCW...
<<<14:28:01:889358>>>  Tank #2 Red AI Tank moved one unit CCW...
<<<14:28:01:906220>>>  Tank #2 Red AI Tank moved one unit CCW...
<<<14:28:01:922382>>>  Tank #2 Red AI Tank moved one unit CCW...
<<<14:28:01:939127>>>  Tank #2 Red AI Tank moved one unit CCW...
<<<14:28:01:954929>>>  Tank #2 Red AI Tank moved one unit CCW...
<<<14:28:01:971438>>>  Tank #2 Red AI Tank moved one unit CCW...
<<<14:28:01:987554>>>  Tank #2 Red AI Tank moved one unit CCW...
<<<14:28:02:004872>>>  Tank #2 Red AI Tank moved one unit CCW...
<<<14:28:02:020508>>>  Tank #2 Red AI Tank moved one unit CCW...
<<<14:28:02:036569>>>  Tank #2 Red AI Tank moved one unit CCW...
<<<14:28:02:053086>>>  Tank #2 Red AI Tank moved one unit CCW...
<<<14:28:02:068606>>>  Tank #2 Red AI Tank moved one unit CCW...
<<<14:28:02:085881>>>  Tank #2 Red AI Tank moved one unit CCW...
<<<14:28:02:102341>>>  Tank #2 Red AI Tank moved one unit CCW...
<<<14:28:02:135489>>>  Successfully removed spellready icon from Tank #2 Red AI Tank's effect list!
<<<14:28:02:512299>>>  Successfully removed spellbook from Tank #3 Yellow AI Tank's effect list!
<<<14:28:02:512299>>>  Tank #3 Yellow AI Tank chose to shoot...
<<<14:28:02:512299>>>  Deleting effect pixie gravity-rising...
<<<14:28:02:512299>>>  Tank #3 Yellow AI Tank is checking targeting info...
<<<14:28:02:512299>>>  Tank #3 Yellow AI Tank Launch angle not within tolerances, adjusting firing solution...
<<<14:28:02:512299>>>  Tank #3 Yellow AI Tank Launch speed not within tolerances, adjusting firing solution...
<<<14:28:02:512299>>>  Tank #3 Yellow AI Tank adjusted targeting angle one unit CCW...
<<<14:28:04:172207>>>
* INFORMATION FOR Tank #1 Green Player Tank's CANNONBALLS:
* Cannonballs in memory for Tank #1 Green Player Tank:  0.
* Total cannonballs fired or chambered for Tank #1 Green Player Tank:  0.
<<<14:28:04:172207>>>
* INFORMATION FOR Tank #2 Red AI Tank's CANNONBALLS:
* Cannonballs in memory for Tank #2 Red AI Tank:  0.
* Total cannonballs fired or chambered for Tank #2 Red AI Tank:  0.
<<<14:28:04:172207>>>
* INFORMATION FOR Tank #3 Yellow AI Tank's CANNONBALLS:
* Cannonballs in memory for Tank #3 Yellow AI Tank:  1.
* Total cannonballs fired or chambered for Tank #3 Yellow AI Tank:  1.
<<<14:28:04:172207>>>
* CURRENT VALUES FOR CELESTIAL BODY:  Tank #3 Yellow AI Tank's Cannonball #1
* This is not the homeworld.
* The celestial boyd's density is 5515 kg/m^3.
* The celestial body's mass is 1000 kg.
* The Earth's mass is 5.972e+24 kg.
* The celestial body's radius is 0.001 km.
* The celestial body's coordinates are (5555.825616706409, -3184.0279610113134).
* The celestial body's velocity is (4.824094190436931, -2.794813999050305).
* The celestial body's speed is 5.575201345915222 km/s.
* The celestial body's acceleration is (0, 0).
* The celestial body's screen x and y coordinates are (878, 494).
* The celestial body's screen radius is 2.
* The celestial is using a body circle.
<<<14:28:04:172207>>>
* ADDITIONAL INFORMATION FOR Tank #3 Yellow AI Tank's Cannonball #1:
* This cannonball is chambered.
<<<14:28:04:172207>>>  Quit through pygame and writing log file...
