<<<15:19:32:843893>>>  Pix\Homeworlds\Desert\8.png loaded as pixie for Earth...
<<<15:19:32:843893>>>  Image at Pix\Homeworlds\Desert\8.png chosen as homeworld pix for Earth's...
<<<15:19:32:844884>>>  Pix\Moons\16.png loaded as pixie for Moon #2...
<<<15:19:32:885280>>>  Pix\Snails\Green_Snail\Spells\Spellready_Icon\spellready.png returned as pixie for Tank #1 Green Player Tank...
<<<15:19:32:886276>>>  Tank #1 Green Player Tank successfully created!
<<<15:19:32:933943>>>  Pix\Snails\Red_Snail\Spells\Spellready_Icon\spellready.png returned as pixie for Tank #2 Red AI Tank...
<<<15:19:32:933943>>>  Tank #2 Red AI Tank successfully created!
<<<15:19:32:979342>>>  Pix\Snails\Yellow_Snail\Spells\Spellready_Icon\spellready.png returned as pixie for Tank #3 Yellow AI Tank...
<<<15:19:32:980334>>>  Tank #3 Yellow AI Tank successfully created!
<<<15:19:32:981402>>>
* *** Tank #2 Red AI Tank USING CLEAR SKIES FUNCTION ***
* Moon #2 at (12164.189256880134, 3793.056705180164), angle 0.3022666860832626 rads.
* Tank #2 Red AI Tank at (-5517.44784751066, -3185.499999999998), angle 3.665191429188092.
* Angle Between is 2.9202605640747574 rads.
<<<15:19:32:981402>>>  Tank #2 Red AI Tank saw no celestials or cannonballs above their heads and is casting Gravity...
<<<15:19:32:981402>>>  Successfully removed spellready icon from Tank #2 Red AI Tank's effect list!
<<<15:19:32:982457>>>  Successfully removed spellready icon from Tank #3 Yellow AI Tank's effect list!
<<<15:19:32:998573>>>  Successfully removed spellbook from Tank #2 Red AI Tank's effect list!
<<<15:19:32:998573>>>  Tank #2 Red AI Tank chose to shoot...
<<<15:19:32:998573>>>  Deleting effect pixie gravity-rising...
<<<15:19:35:988821>>>  Successfully removed spellbook from Tank #3 Yellow AI Tank's effect list!
<<<15:19:35:988821>>>  Tank #3 Yellow AI Tank chose to shoot...
<<<15:19:35:988821>>>  Tank #3 Yellow AI Tank chose to shoot...
<<<15:19:35:989771>>>  Tank #2 Red AI Tank is checking targeting info...
<<<15:19:35:989771>>>  Tank #2 Red AI Tank Launch angle not within tolerances, adjusting firing solution...
<<<15:19:35:989771>>>  Tank #2 Red AI Tank Launch speed not within tolerances, adjusting firing solution...
<<<15:19:35:989771>>>  Tank #2 Red AI Tank adjusted targeting angle one unit CW...
<<<15:19:35:989771>>>  Tank #3 Yellow AI Tank is checking targeting info...
<<<15:19:35:989771>>>  Tank #3 Yellow AI Tank Launch angle not within tolerances, adjusting firing solution...
<<<15:19:35:989771>>>  Tank #3 Yellow AI Tank Launch speed not within tolerances, adjusting firing solution...
<<<15:19:35:989771>>>  Tank #3 Yellow AI Tank adjusted targeting angle one unit CW...
<<<15:19:36:004517>>>  Tank #2 Red AI Tank is checking targeting info...
<<<15:19:36:004517>>>  Tank #2 Red AI Tank Launch angle not within tolerances, adjusting firing solution...
<<<15:19:36:004517>>>  Tank #2 Red AI Tank Launch speed not within tolerances, adjusting firing solution...
<<<15:19:36:004517>>>  Tank #2 Red AI Tank adjusted targeting angle one unit CW...
<<<15:19:36:004517>>>  Tank #3 Yellow AI Tank is checking targeting info...
<<<15:19:36:004517>>>  Tank #3 Yellow AI Tank Launch angle not within tolerances, adjusting firing solution...
<<<15:19:36:004517>>>  Tank #3 Yellow AI Tank Launch speed not within tolerances, adjusting firing solution...
<<<15:19:36:004517>>>  Tank #3 Yellow AI Tank adjusted targeting angle one unit CW...
<<<15:19:36:021089>>>  Tank #2 Red AI Tank is checking targeting info...
<<<15:19:36:021089>>>  Tank #2 Red AI Tank Launch angle not within tolerances, adjusting firing solution...
<<<15:19:36:021089>>>  Tank #2 Red AI Tank Launch speed not within tolerances, adjusting firing solution...
<<<15:19:36:021089>>>  Tank #2 Red AI Tank adjusted targeting angle one unit CW...
<<<15:19:36:021089>>>  Tank #3 Yellow AI Tank is checking targeting info...
<<<15:19:36:021089>>>  Tank #3 Yellow AI Tank Launch angle not within tolerances, adjusting firing solution...
<<<15:19:36:021089>>>  Tank #3 Yellow AI Tank Launch speed not within tolerances, adjusting firing solution...
<<<15:19:36:021089>>>  Tank #3 Yellow AI Tank adjusted targeting angle one unit CW...
<<<15:19:36:036958>>>  Tank #2 Red AI Tank is checking targeting info...
<<<15:19:36:036958>>>  Tank #2 Red AI Tank Launch angle not within tolerances, adjusting firing solution...
<<<15:19:36:036958>>>  Tank #2 Red AI Tank Launch speed not within tolerances, adjusting firing solution...
<<<15:19:36:036958>>>  Tank #2 Red AI Tank adjusted targeting angle one unit CW...
<<<15:19:36:036958>>>  Tank #3 Yellow AI Tank is checking targeting info...
<<<15:19:36:036958>>>  Tank #3 Yellow AI Tank Launch angle not within tolerances, adjusting firing solution...
<<<15:19:36:036958>>>  Tank #3 Yellow AI Tank Launch speed not within tolerances, adjusting firing solution...
<<<15:19:36:036958>>>  Tank #3 Yellow AI Tank adjusted targeting angle one unit CW...
<<<15:19:36:052611>>>  Tank #2 Red AI Tank is checking targeting info...
<<<15:19:36:052611>>>  Tank #2 Red AI Tank Launch angle not within tolerances, adjusting firing solution...
<<<15:19:36:052611>>>  Tank #2 Red AI Tank Launch speed not within tolerances, adjusting firing solution...
<<<15:19:36:052611>>>  Tank #2 Red AI Tank adjusted targeting angle one unit CW...
<<<15:19:36:052611>>>  Tank #3 Yellow AI Tank is checking targeting info...
<<<15:19:36:052611>>>  Tank #3 Yellow AI Tank Launch angle not within tolerances, adjusting firing solution...
<<<15:19:36:052611>>>  Tank #3 Yellow AI Tank Launch speed not within tolerances, adjusting firing solution...
<<<15:19:36:052611>>>  Tank #3 Yellow AI Tank adjusted targeting angle one unit CW...
<<<15:19:36:069187>>>  Tank #2 Red AI Tank is checking targeting info...
<<<15:19:36:069187>>>  Tank #2 Red AI Tank Launch angle not within tolerances, adjusting firing solution...
<<<15:19:36:069187>>>  Tank #2 Red AI Tank Launch speed not within tolerances, adjusting firing solution...
<<<15:19:36:069187>>>  Tank #2 Red AI Tank adjusted targeting angle one unit CW...
<<<15:19:36:069187>>>  Tank #3 Yellow AI Tank is checking targeting info...
<<<15:19:36:069187>>>  Tank #3 Yellow AI Tank Launch angle not within tolerances, adjusting firing solution...
<<<15:19:36:069187>>>  Tank #3 Yellow AI Tank Launch speed not within tolerances, adjusting firing solution...
<<<15:19:36:069187>>>  Tank #3 Yellow AI Tank adjusted targeting angle one unit CW...
<<<15:19:36:085526>>>  Tank #2 Red AI Tank is checking targeting info...
<<<15:19:36:085526>>>  Tank #2 Red AI Tank Launch angle not within tolerances, adjusting firing solution...
<<<15:19:36:085526>>>  Tank #2 Red AI Tank Launch speed not within tolerances, adjusting firing solution...
<<<15:19:36:085526>>>  Tank #2 Red AI Tank adjusted targeting angle one unit CW...
<<<15:19:36:085526>>>  Tank #3 Yellow AI Tank is checking targeting info...
<<<15:19:36:085526>>>  Tank #3 Yellow AI Tank Launch angle not within tolerances, adjusting firing solution...
<<<15:19:36:085526>>>  Tank #3 Yellow AI Tank Launch speed not within tolerances, adjusting firing solution...
<<<15:19:36:085526>>>  Tank #3 Yellow AI Tank adjusted targeting angle one unit CW...
<<<15:19:36:101782>>>  Tank #2 Red AI Tank is checking targeting info...
<<<15:19:36:101782>>>  Tank #2 Red AI Tank Launch angle not within tolerances, adjusting firing solution...
<<<15:19:36:101782>>>  Tank #2 Red AI Tank Launch speed not within tolerances, adjusting firing solution...
<<<15:19:36:101782>>>  Tank #2 Red AI Tank adjusted targeting angle one unit CW...
<<<15:19:36:101782>>>  Tank #3 Yellow AI Tank is checking targeting info...
<<<15:19:36:101782>>>  Tank #3 Yellow AI Tank Launch angle not within tolerances, adjusting firing solution...
<<<15:19:36:101782>>>  Tank #3 Yellow AI Tank Launch speed not within tolerances, adjusting firing solution...
<<<15:19:36:101782>>>  Tank #3 Yellow AI Tank adjusted targeting angle one unit CW...
<<<15:19:36:118858>>>  Tank #2 Red AI Tank is checking targeting info...
<<<15:19:36:118858>>>  Tank #2 Red AI Tank Launch angle not within tolerances, adjusting firing solution...
<<<15:19:36:118858>>>  Tank #2 Red AI Tank Launch speed not within tolerances, adjusting firing solution...
<<<15:19:36:118858>>>  Tank #2 Red AI Tank adjusted targeting angle one unit CW...
<<<15:19:36:118858>>>  Tank #3 Yellow AI Tank is checking targeting info...
<<<15:19:36:118858>>>  Tank #3 Yellow AI Tank Launch angle not within tolerances, adjusting firing solution...
<<<15:19:36:118858>>>  Tank #3 Yellow AI Tank Launch speed not within tolerances, adjusting firing solution...
<<<15:19:36:118858>>>  Tank #3 Yellow AI Tank adjusted targeting angle one unit CW...
<<<15:19:36:135295>>>  Tank #2 Red AI Tank is checking targeting info...
<<<15:19:36:135295>>>  Tank #2 Red AI Tank Launch angle not within tolerances, adjusting firing solution...
<<<15:19:36:135295>>>  Tank #2 Red AI Tank Launch speed not within tolerances, adjusting firing solution...
<<<15:19:36:135295>>>  Tank #2 Red AI Tank adjusted targeting angle one unit CW...
<<<15:19:36:135295>>>  Tank #3 Yellow AI Tank is checking targeting info...
<<<15:19:36:135295>>>  Tank #3 Yellow AI Tank Launch angle not within tolerances, adjusting firing solution...
<<<15:19:36:135295>>>  Tank #3 Yellow AI Tank Launch speed not within tolerances, adjusting firing solution...
<<<15:19:36:135295>>>  Tank #3 Yellow AI Tank adjusted targeting angle one unit CW...
<<<15:19:36:151637>>>  Tank #2 Red AI Tank is checking targeting info...
<<<15:19:36:151637>>>  Tank #2 Red AI Tank Launch angle not within tolerances, adjusting firing solution...
<<<15:19:36:151637>>>  Tank #2 Red AI Tank Launch speed not within tolerances, adjusting firing solution...
<<<15:19:36:151637>>>  Tank #2 Red AI Tank adjusted targeting angle one unit CW...
<<<15:19:36:151637>>>  Tank #3 Yellow AI Tank is checking targeting info...
<<<15:19:36:151637>>>  Tank #3 Yellow AI Tank Launch angle not within tolerances, adjusting firing solution...
<<<15:19:36:151637>>>  Tank #3 Yellow AI Tank Launch speed not within tolerances, adjusting firing solution...
<<<15:19:36:151637>>>  Tank #3 Yellow AI Tank adjusted targeting angle one unit CW...
<<<15:19:36:168032>>>  Tank #2 Red AI Tank is checking targeting info...
<<<15:19:36:168032>>>  Tank #2 Red AI Tank Launch angle not within tolerances, adjusting firing solution...
<<<15:19:36:168032>>>  Tank #2 Red AI Tank Launch speed not within tolerances, adjusting firing solution...
<<<15:19:36:168032>>>  Tank #2 Red AI Tank adjusted targeting angle one unit CW...
<<<15:19:36:168032>>>  Tank #3 Yellow AI Tank is checking targeting info...
<<<15:19:36:168032>>>  Tank #3 Yellow AI Tank Launch angle not within tolerances, adjusting firing solution...
<<<15:19:36:168032>>>  Tank #3 Yellow AI Tank Launch speed not within tolerances, adjusting firing solution...
<<<15:19:36:168032>>>  Tank #3 Yellow AI Tank adjusted targeting angle one unit CW...
<<<15:19:36:183499>>>  Tank #2 Red AI Tank is checking targeting info...
<<<15:19:36:183499>>>  Tank #2 Red AI Tank Launch angle not within tolerances, adjusting firing solution...
<<<15:19:36:183499>>>  Tank #2 Red AI Tank Launch speed not within tolerances, adjusting firing solution...
<<<15:19:36:183499>>>  Tank #2 Red AI Tank adjusted targeting angle one unit CW...
<<<15:19:36:183499>>>  Tank #3 Yellow AI Tank is checking targeting info...
<<<15:19:36:183499>>>  Tank #3 Yellow AI Tank Launch angle not within tolerances, adjusting firing solution...
<<<15:19:36:183499>>>  Tank #3 Yellow AI Tank Launch speed not within tolerances, adjusting firing solution...
<<<15:19:36:183499>>>  Tank #3 Yellow AI Tank adjusted targeting angle one unit CW...
<<<15:19:36:199430>>>  Tank #2 Red AI Tank is checking targeting info...
<<<15:19:36:199430>>>  Tank #2 Red AI Tank Launch angle not within tolerances, adjusting firing solution...
<<<15:19:36:199430>>>  Tank #2 Red AI Tank Launch speed not within tolerances, adjusting firing solution...
<<<15:19:36:199430>>>  Tank #2 Red AI Tank adjusted targeting angle one unit CW...
<<<15:19:36:199430>>>  Tank #3 Yellow AI Tank is checking targeting info...
<<<15:19:36:199430>>>  Tank #3 Yellow AI Tank Launch angle not within tolerances, adjusting firing solution...
<<<15:19:36:199430>>>  Tank #3 Yellow AI Tank Launch speed not within tolerances, adjusting firing solution...
<<<15:19:36:199430>>>  Tank #3 Yellow AI Tank adjusted targeting angle one unit CW...
<<<15:19:36:216765>>>  Tank #2 Red AI Tank is checking targeting info...
<<<15:19:36:216765>>>  Tank #2 Red AI Tank Launch angle not within tolerances, adjusting firing solution...
<<<15:19:36:216765>>>  Tank #2 Red AI Tank Launch speed not within tolerances, adjusting firing solution...
<<<15:19:36:216765>>>  Tank #2 Red AI Tank adjusted targeting angle one unit CW...
<<<15:19:36:216765>>>  Tank #3 Yellow AI Tank is checking targeting info...
<<<15:19:36:216765>>>  Tank #3 Yellow AI Tank Launch angle not within tolerances, adjusting firing solution...
<<<15:19:36:216765>>>  Tank #3 Yellow AI Tank Launch speed not within tolerances, adjusting firing solution...
<<<15:19:36:216765>>>  Tank #3 Yellow AI Tank adjusted targeting angle one unit CW...
<<<15:19:36:232961>>>  Tank #2 Red AI Tank is checking targeting info...
<<<15:19:36:232961>>>  Tank #2 Red AI Tank Launch angle not within tolerances, adjusting firing solution...
<<<15:19:36:232961>>>  Tank #2 Red AI Tank Launch speed not within tolerances, adjusting firing solution...
<<<15:19:36:232961>>>  Tank #2 Red AI Tank adjusted targeting angle one unit CW...
<<<15:19:36:232961>>>  Tank #3 Yellow AI Tank is checking targeting info...
<<<15:19:36:232961>>>  Tank #3 Yellow AI Tank Launch angle not within tolerances, adjusting firing solution...
<<<15:19:36:232961>>>  Tank #3 Yellow AI Tank Launch speed not within tolerances, adjusting firing solution...
<<<15:19:36:232961>>>  Tank #3 Yellow AI Tank adjusted targeting angle one unit CW...
<<<15:19:36:248654>>>  Tank #2 Red AI Tank is checking targeting info...
<<<15:19:36:248654>>>  Tank #2 Red AI Tank Launch angle not within tolerances, adjusting firing solution...
<<<15:19:36:248654>>>  Tank #2 Red AI Tank Launch speed not within tolerances, adjusting firing solution...
<<<15:19:36:248654>>>  Tank #2 Red AI Tank adjusted targeting angle one unit CW...
<<<15:19:36:248654>>>  Tank #3 Yellow AI Tank is checking targeting info...
<<<15:19:36:248654>>>  Tank #3 Yellow AI Tank Launch angle not within tolerances, adjusting firing solution...
<<<15:19:36:248654>>>  Tank #3 Yellow AI Tank Launch speed not within tolerances, adjusting firing solution...
<<<15:19:36:248654>>>  Tank #3 Yellow AI Tank adjusted targeting angle one unit CW...
<<<15:19:36:264994>>>  Tank #2 Red AI Tank is checking targeting info...
<<<15:19:36:264994>>>  Tank #2 Red AI Tank Launch angle not within tolerances, adjusting firing solution...
<<<15:19:36:264994>>>  Tank #2 Red AI Tank Launch speed not within tolerances, adjusting firing solution...
<<<15:19:36:264994>>>  Tank #2 Red AI Tank adjusted targeting angle one unit CW...
<<<15:19:36:264994>>>  Tank #3 Yellow AI Tank is checking targeting info...
<<<15:19:36:264994>>>  Tank #3 Yellow AI Tank Launch angle not within tolerances, adjusting firing solution...
<<<15:19:36:264994>>>  Tank #3 Yellow AI Tank Launch speed not within tolerances, adjusting firing solution...
<<<15:19:36:264994>>>  Tank #3 Yellow AI Tank adjusted targeting angle one unit CW...
<<<15:19:36:280556>>>  Tank #2 Red AI Tank is checking targeting info...
<<<15:19:36:280556>>>  Tank #2 Red AI Tank Launch angle not within tolerances, adjusting firing solution...
<<<15:19:36:280556>>>  Tank #2 Red AI Tank Launch speed not within tolerances, adjusting firing solution...
<<<15:19:36:280556>>>  Tank #2 Red AI Tank adjusted targeting angle one unit CW...
<<<15:19:36:280556>>>  Tank #3 Yellow AI Tank is checking targeting info...
<<<15:19:36:280556>>>  Tank #3 Yellow AI Tank Launch angle not within tolerances, adjusting firing solution...
<<<15:19:36:280556>>>  Tank #3 Yellow AI Tank Launch speed not within tolerances, adjusting firing solution...
<<<15:19:36:280556>>>  Tank #3 Yellow AI Tank adjusted targeting angle one unit CW...
<<<15:19:36:296784>>>  Tank #2 Red AI Tank is checking targeting info...
<<<15:19:36:296784>>>  Tank #2 Red AI Tank Launch angle not within tolerances, adjusting firing solution...
<<<15:19:36:296784>>>  Tank #2 Red AI Tank Launch speed not within tolerances, adjusting firing solution...
<<<15:19:36:296784>>>  Tank #2 Red AI Tank adjusted targeting angle one unit CW...
<<<15:19:36:296784>>>  Tank #3 Yellow AI Tank is checking targeting info...
<<<15:19:36:296784>>>  Tank #3 Yellow AI Tank Launch angle not within tolerances, adjusting firing solution...
<<<15:19:36:296784>>>  Tank #3 Yellow AI Tank Launch speed not within tolerances, adjusting firing solution...
<<<15:19:36:296784>>>  Tank #3 Yellow AI Tank adjusted targeting angle one unit CW...
<<<15:19:36:312888>>>  Tank #2 Red AI Tank is checking targeting info...
<<<15:19:36:312888>>>  Tank #2 Red AI Tank Launch angle not within tolerances, adjusting firing solution...
<<<15:19:36:312888>>>  Tank #2 Red AI Tank Launch speed not within tolerances, adjusting firing solution...
<<<15:19:36:312888>>>  Tank #2 Red AI Tank adjusted targeting angle one unit CW...
<<<15:19:36:312888>>>  Tank #3 Yellow AI Tank is checking targeting info...
<<<15:19:36:312888>>>  Tank #3 Yellow AI Tank Launch angle not within tolerances, adjusting firing solution...
<<<15:19:36:312888>>>  Tank #3 Yellow AI Tank Launch speed not within tolerances, adjusting firing solution...
<<<15:19:36:312888>>>  Tank #3 Yellow AI Tank adjusted targeting angle one unit CW...
<<<15:19:36:329161>>>  Tank #2 Red AI Tank is checking targeting info...
<<<15:19:36:329161>>>  Tank #2 Red AI Tank Launch angle not within tolerances, adjusting firing solution...
<<<15:19:36:329161>>>  Tank #2 Red AI Tank Launch speed not within tolerances, adjusting firing solution...
<<<15:19:36:329161>>>  Tank #2 Red AI Tank adjusted targeting angle one unit CW...
<<<15:19:36:329161>>>  Tank #3 Yellow AI Tank is checking targeting info...
<<<15:19:36:329161>>>  Tank #3 Yellow AI Tank Launch angle not within tolerances, adjusting firing solution...
<<<15:19:36:329161>>>  Tank #3 Yellow AI Tank Launch speed not within tolerances, adjusting firing solution...
<<<15:19:36:329161>>>  Tank #3 Yellow AI Tank adjusted targeting angle one unit CW...
<<<15:19:36:345840>>>  Deleting effect pixie thawing...
<<<15:19:36:345840>>>  Deleting effect pixie thawing...
<<<15:19:36:345840>>>  Tank #2 Red AI Tank is checking targeting info...
<<<15:19:36:345840>>>  Tank #2 Red AI Tank Launch angle not within tolerances, adjusting firing solution...
<<<15:19:36:345840>>>  Tank #2 Red AI Tank Launch speed not within tolerances, adjusting firing solution...
<<<15:19:36:345840>>>  Tank #2 Red AI Tank adjusted targeting angle one unit CW...
<<<15:19:36:345840>>>  Tank #3 Yellow AI Tank is checking targeting info...
<<<15:19:36:345840>>>  Tank #3 Yellow AI Tank Launch angle not within tolerances, adjusting firing solution...
<<<15:19:36:345840>>>  Tank #3 Yellow AI Tank Launch speed not within tolerances, adjusting firing solution...
<<<15:19:36:345840>>>  Tank #3 Yellow AI Tank adjusted targeting angle one unit CW...
<<<15:19:36:362447>>>  Tank #2 Red AI Tank is checking targeting info...
<<<15:19:36:362447>>>  Tank #2 Red AI Tank Launch angle not within tolerances, adjusting firing solution...
<<<15:19:36:362447>>>  Tank #2 Red AI Tank Launch speed not within tolerances, adjusting firing solution...
<<<15:19:36:362447>>>  Tank #2 Red AI Tank adjusted targeting angle one unit CW...
<<<15:19:36:362447>>>  Tank #3 Yellow AI Tank is checking targeting info...
<<<15:19:36:362447>>>  Tank #3 Yellow AI Tank Launch angle not within tolerances, adjusting firing solution...
<<<15:19:36:362447>>>  Tank #3 Yellow AI Tank Launch speed not within tolerances, adjusting firing solution...
<<<15:19:36:362447>>>  Tank #3 Yellow AI Tank adjusted targeting angle one unit CW...
<<<15:19:36:378517>>>  Tank #2 Red AI Tank is checking targeting info...
<<<15:19:36:378517>>>  Tank #2 Red AI Tank Launch angle not within tolerances, adjusting firing solution...
<<<15:19:36:378517>>>  Tank #2 Red AI Tank Launch speed not within tolerances, adjusting firing solution...
<<<15:19:36:378517>>>  Tank #2 Red AI Tank adjusted targeting angle one unit CW...
<<<15:19:36:378517>>>  Tank #3 Yellow AI Tank is checking targeting info...
<<<15:19:36:378517>>>  Tank #3 Yellow AI Tank Launch angle not within tolerances, adjusting firing solution...
<<<15:19:36:378517>>>  Tank #3 Yellow AI Tank Launch speed not within tolerances, adjusting firing solution...
<<<15:19:36:378517>>>  Tank #3 Yellow AI Tank adjusted targeting angle one unit CW...
<<<15:19:36:395605>>>  Tank #2 Red AI Tank is checking targeting info...
<<<15:19:36:395605>>>  Tank #2 Red AI Tank Launch angle not within tolerances, adjusting firing solution...
<<<15:19:36:395605>>>  Tank #2 Red AI Tank Launch speed not within tolerances, adjusting firing solution...
<<<15:19:36:395605>>>  Tank #2 Red AI Tank adjusted targeting angle one unit CW...
<<<15:19:36:395605>>>  Tank #3 Yellow AI Tank is checking targeting info...
<<<15:19:36:395605>>>  Tank #3 Yellow AI Tank Launch angle not within tolerances, adjusting firing solution...
<<<15:19:36:395605>>>  Tank #3 Yellow AI Tank Launch speed not within tolerances, adjusting firing solution...
<<<15:19:36:395605>>>  Tank #3 Yellow AI Tank adjusted targeting angle one unit CW...
<<<15:19:36:411588>>>  Tank #2 Red AI Tank is checking targeting info...
<<<15:19:36:411588>>>  Tank #2 Red AI Tank Launch angle not within tolerances, adjusting firing solution...
<<<15:19:36:411588>>>  Tank #2 Red AI Tank Launch speed not within tolerances, adjusting firing solution...
<<<15:19:36:411588>>>  Tank #2 Red AI Tank adjusted targeting angle one unit CW...
<<<15:19:36:411588>>>  Tank #3 Yellow AI Tank is checking targeting info...
<<<15:19:36:411588>>>  Tank #3 Yellow AI Tank Launch angle not within tolerances, adjusting firing solution...
<<<15:19:36:411588>>>  Tank #3 Yellow AI Tank Launch speed not within tolerances, adjusting firing solution...
<<<15:19:36:411588>>>  Tank #3 Yellow AI Tank adjusted targeting angle one unit CW...
<<<15:19:36:427385>>>  Tank #2 Red AI Tank is checking targeting info...
<<<15:19:36:427385>>>  Tank #2 Red AI Tank Launch angle not within tolerances, adjusting firing solution...
<<<15:19:36:427385>>>  Tank #2 Red AI Tank Launch speed not within tolerances, adjusting firing solution...
<<<15:19:36:427385>>>  Tank #2 Red AI Tank adjusted targeting angle one unit CW...
<<<15:19:36:427385>>>  Tank #3 Yellow AI Tank is checking targeting info...
<<<15:19:36:427385>>>  Tank #3 Yellow AI Tank Launch angle not within tolerances, adjusting firing solution...
<<<15:19:36:427385>>>  Tank #3 Yellow AI Tank Launch speed not within tolerances, adjusting firing solution...
<<<15:19:36:427385>>>  Tank #3 Yellow AI Tank adjusted targeting angle one unit CW...
<<<15:19:36:444331>>>  Tank #2 Red AI Tank is checking targeting info...
<<<15:19:36:444331>>>  Tank #2 Red AI Tank Launch angle not within tolerances, adjusting firing solution...
<<<15:19:36:444331>>>  Tank #2 Red AI Tank Launch speed not within tolerances, adjusting firing solution...
<<<15:19:36:444331>>>  Tank #2 Red AI Tank adjusted targeting angle one unit CW...
<<<15:19:36:444331>>>  Tank #3 Yellow AI Tank is checking targeting info...
<<<15:19:36:444331>>>  Tank #3 Yellow AI Tank Launch angle not within tolerances, adjusting firing solution...
<<<15:19:36:444331>>>  Tank #3 Yellow AI Tank Launch speed not within tolerances, adjusting firing solution...
<<<15:19:36:444331>>>  Tank #3 Yellow AI Tank adjusted targeting angle one unit CW...
<<<15:19:36:461200>>>  Tank #2 Red AI Tank is checking targeting info...
<<<15:19:36:461200>>>  Tank #2 Red AI Tank Launch angle not within tolerances, adjusting firing solution...
<<<15:19:36:461200>>>  Tank #2 Red AI Tank Launch speed not within tolerances, adjusting firing solution...
<<<15:19:36:461200>>>  Tank #2 Red AI Tank adjusted targeting angle one unit CW...
<<<15:19:36:461200>>>  Tank #3 Yellow AI Tank is checking targeting info...
<<<15:19:36:461200>>>  Tank #3 Yellow AI Tank Launch angle not within tolerances, adjusting firing solution...
<<<15:19:36:461200>>>  Tank #3 Yellow AI Tank Launch speed not within tolerances, adjusting firing solution...
<<<15:19:36:461200>>>  Tank #3 Yellow AI Tank adjusted targeting angle one unit CW...
<<<15:19:36:479064>>>  Tank #2 Red AI Tank is checking targeting info...
<<<15:19:36:479064>>>  Tank #2 Red AI Tank Launch angle not within tolerances, adjusting firing solution...
<<<15:19:36:479064>>>  Tank #2 Red AI Tank Launch speed not within tolerances, adjusting firing solution...
<<<15:19:36:479064>>>  Tank #2 Red AI Tank adjusted targeting angle one unit CW...
<<<15:19:36:479064>>>  Tank #3 Yellow AI Tank is checking targeting info...
<<<15:19:36:479064>>>  Tank #3 Yellow AI Tank Launch angle not within tolerances, adjusting firing solution...
<<<15:19:36:479064>>>  Tank #3 Yellow AI Tank Launch speed not within tolerances, adjusting firing solution...
<<<15:19:36:479064>>>  Tank #3 Yellow AI Tank adjusted targeting angle one unit CW...
<<<15:19:36:494699>>>  Tank #2 Red AI Tank is checking targeting info...
<<<15:19:36:494699>>>  Tank #2 Red AI Tank Launch angle not within tolerances, adjusting firing solution...
<<<15:19:36:494699>>>  Tank #2 Red AI Tank Launch speed not within tolerances, adjusting firing solution...
<<<15:19:36:494699>>>  Tank #2 Red AI Tank adjusted targeting angle one unit CW...
<<<15:19:36:494699>>>  Tank #3 Yellow AI Tank is checking targeting info...
<<<15:19:36:494699>>>  Tank #3 Yellow AI Tank Launch angle not within tolerances, adjusting firing solution...
<<<15:19:36:494699>>>  Tank #3 Yellow AI Tank Launch speed not within tolerances, adjusting firing solution...
<<<15:19:36:494699>>>  Tank #3 Yellow AI Tank adjusted targeting angle one unit CW...
<<<15:19:36:511545>>>  Tank #2 Red AI Tank is checking targeting info...
<<<15:19:36:511545>>>  Tank #2 Red AI Tank Launch angle not within tolerances, adjusting firing solution...
<<<15:19:36:511545>>>  Tank #2 Red AI Tank Launch speed not within tolerances, adjusting firing solution...
<<<15:19:36:511545>>>  Tank #2 Red AI Tank adjusted targeting angle one unit CW...
<<<15:19:36:511545>>>  Tank #3 Yellow AI Tank is checking targeting info...
<<<15:19:36:511545>>>  Tank #3 Yellow AI Tank Launch angle not within tolerances, adjusting firing solution...
<<<15:19:36:511545>>>  Tank #3 Yellow AI Tank Launch speed not within tolerances, adjusting firing solution...
<<<15:19:36:511545>>>  Tank #3 Yellow AI Tank adjusted targeting angle one unit CW...
<<<15:19:36:528112>>>  Tank #2 Red AI Tank is checking targeting info...
<<<15:19:36:528112>>>  Tank #2 Red AI Tank Launch angle not within tolerances, adjusting firing solution...
<<<15:19:36:528112>>>  Tank #2 Red AI Tank Launch speed not within tolerances, adjusting firing solution...
<<<15:19:36:528112>>>  Tank #2 Red AI Tank adjusted targeting angle one unit CW...
<<<15:19:36:528112>>>  Tank #3 Yellow AI Tank is checking targeting info...
<<<15:19:36:528112>>>  Tank #3 Yellow AI Tank Launch angle not within tolerances, adjusting firing solution...
<<<15:19:36:528112>>>  Tank #3 Yellow AI Tank Launch speed not within tolerances, adjusting firing solution...
<<<15:19:36:528112>>>  Tank #3 Yellow AI Tank adjusted targeting angle one unit CW...
<<<15:19:36:543816>>>  Tank #2 Red AI Tank is checking targeting info...
<<<15:19:36:543816>>>  Tank #2 Red AI Tank Launch angle not within tolerances, adjusting firing solution...
<<<15:19:36:543816>>>  Tank #2 Red AI Tank Launch speed not within tolerances, adjusting firing solution...
<<<15:19:36:543816>>>  Tank #2 Red AI Tank adjusted targeting angle one unit CW...
<<<15:19:36:543816>>>  Tank #3 Yellow AI Tank is checking targeting info...
<<<15:19:36:543816>>>  Tank #3 Yellow AI Tank Launch angle not within tolerances, adjusting firing solution...
<<<15:19:36:543816>>>  Tank #3 Yellow AI Tank Launch speed not within tolerances, adjusting firing solution...
<<<15:19:36:543816>>>  Tank #3 Yellow AI Tank adjusted targeting angle one unit CW...
<<<15:19:36:559403>>>  Successfully removed spellready icon from Tank #1 Green Player Tank's effect list!
<<<15:19:36:559403>>>  Tank #2 Red AI Tank is checking targeting info...
<<<15:19:36:559403>>>  Tank #2 Red AI Tank Launch angle not within tolerances, adjusting firing solution...
<<<15:19:36:559403>>>  Tank #2 Red AI Tank Launch speed not within tolerances, adjusting firing solution...
<<<15:19:36:559403>>>  Tank #2 Red AI Tank adjusted targeting angle one unit CW...
<<<15:19:36:559403>>>  Tank #3 Yellow AI Tank is checking targeting info...
<<<15:19:36:559403>>>  Tank #3 Yellow AI Tank Launch angle not within tolerances, adjusting firing solution...
<<<15:19:36:559403>>>  Tank #3 Yellow AI Tank Launch speed not within tolerances, adjusting firing solution...
<<<15:19:36:559403>>>  Tank #3 Yellow AI Tank adjusted targeting angle one unit CW...
<<<15:19:36:576799>>>  Tank #2 Red AI Tank is checking targeting info...
<<<15:19:36:576799>>>  Tank #2 Red AI Tank Launch angle not within tolerances, adjusting firing solution...
<<<15:19:36:576799>>>  Tank #2 Red AI Tank Launch speed not within tolerances, adjusting firing solution...
<<<15:19:36:576799>>>  Tank #2 Red AI Tank adjusted targeting angle one unit CW...
<<<15:19:36:576799>>>  Tank #3 Yellow AI Tank is checking targeting info...
<<<15:19:36:576799>>>  Tank #3 Yellow AI Tank Launch angle not within tolerances, adjusting firing solution...
<<<15:19:36:576799>>>  Tank #3 Yellow AI Tank Launch speed not within tolerances, adjusting firing solution...
<<<15:19:36:576799>>>  Tank #3 Yellow AI Tank adjusted targeting angle one unit CW...
<<<15:19:36:592628>>>  Tank #2 Red AI Tank is checking targeting info...
<<<15:19:36:592628>>>  Tank #2 Red AI Tank Launch angle not within tolerances, adjusting firing solution...
<<<15:19:36:592628>>>  Tank #2 Red AI Tank Launch speed not within tolerances, adjusting firing solution...
<<<15:19:36:592628>>>  Tank #2 Red AI Tank adjusted targeting angle one unit CW...
<<<15:19:36:592628>>>  Tank #3 Yellow AI Tank is checking targeting info...
<<<15:19:36:592628>>>  Tank #3 Yellow AI Tank Launch angle not within tolerances, adjusting firing solution...
<<<15:19:36:592628>>>  Tank #3 Yellow AI Tank Launch speed not within tolerances, adjusting firing solution...
<<<15:19:36:592628>>>  Tank #3 Yellow AI Tank adjusted targeting angle one unit CW...
<<<15:19:36:609137>>>  Tank #2 Red AI Tank is checking targeting info...
<<<15:19:36:609137>>>  Tank #2 Red AI Tank Launch angle not within tolerances, adjusting firing solution...
<<<15:19:36:609137>>>  Tank #2 Red AI Tank Launch speed not within tolerances, adjusting firing solution...
<<<15:19:36:609137>>>  Tank #2 Red AI Tank adjusted targeting angle one unit CW...
<<<15:19:36:609137>>>  Tank #3 Yellow AI Tank is checking targeting info...
<<<15:19:36:609137>>>  Tank #3 Yellow AI Tank Launch angle not within tolerances, adjusting firing solution...
<<<15:19:36:609137>>>  Tank #3 Yellow AI Tank Launch speed not within tolerances, adjusting firing solution...
<<<15:19:36:609137>>>  Tank #3 Yellow AI Tank adjusted targeting angle one unit CW...
<<<15:19:36:625646>>>  Tank #2 Red AI Tank is checking targeting info...
<<<15:19:36:625646>>>  Tank #2 Red AI Tank Launch angle not within tolerances, adjusting firing solution...
<<<15:19:36:625646>>>  Tank #2 Red AI Tank Launch speed not within tolerances, adjusting firing solution...
<<<15:19:36:625646>>>  Tank #2 Red AI Tank adjusted targeting angle one unit CW...
<<<15:19:36:625646>>>  Tank #3 Yellow AI Tank is checking targeting info...
<<<15:19:36:625646>>>  Tank #3 Yellow AI Tank Launch angle not within tolerances, adjusting firing solution...
<<<15:19:36:625646>>>  Tank #3 Yellow AI Tank Launch speed not within tolerances, adjusting firing solution...
<<<15:19:36:625646>>>  Tank #3 Yellow AI Tank adjusted targeting angle one unit CW...
<<<15:19:36:641575>>>  Tank #2 Red AI Tank is checking targeting info...
<<<15:19:36:641575>>>  Tank #2 Red AI Tank Launch angle not within tolerances, adjusting firing solution...
<<<15:19:36:641575>>>  Tank #2 Red AI Tank Launch speed not within tolerances, adjusting firing solution...
<<<15:19:36:641575>>>  Tank #2 Red AI Tank adjusted targeting angle one unit CW...
<<<15:19:36:641575>>>  Tank #3 Yellow AI Tank is checking targeting info...
<<<15:19:36:641575>>>  Tank #3 Yellow AI Tank Launch angle not within tolerances, adjusting firing solution...
<<<15:19:36:641575>>>  Tank #3 Yellow AI Tank Launch speed not within tolerances, adjusting firing solution...
<<<15:19:36:641575>>>  Tank #3 Yellow AI Tank adjusted targeting angle one unit CW...
<<<15:19:36:658589>>>  Tank #2 Red AI Tank is checking targeting info...
<<<15:19:36:658589>>>  Tank #2 Red AI Tank Launch angle not within tolerances, adjusting firing solution...
<<<15:19:36:658589>>>  Tank #2 Red AI Tank Launch speed not within tolerances, adjusting firing solution...
<<<15:19:36:658589>>>  Tank #2 Red AI Tank adjusted targeting angle one unit CW...
<<<15:19:36:658589>>>  Tank #3 Yellow AI Tank is checking targeting info...
<<<15:19:36:658589>>>  Tank #3 Yellow AI Tank Launch angle not within tolerances, adjusting firing solution...
<<<15:19:36:658589>>>  Tank #3 Yellow AI Tank Launch speed not within tolerances, adjusting firing solution...
<<<15:19:36:658589>>>  Tank #3 Yellow AI Tank adjusted targeting angle one unit CW...
<<<15:19:36:674931>>>  Tank #2 Red AI Tank is checking targeting info...
<<<15:19:36:674931>>>  Tank #2 Red AI Tank Launch angle not within tolerances, adjusting firing solution...
<<<15:19:36:674931>>>  Tank #2 Red AI Tank Launch speed not within tolerances, adjusting firing solution...
<<<15:19:36:674931>>>  Tank #2 Red AI Tank adjusted targeting angle one unit CW...
<<<15:19:36:674931>>>  Tank #3 Yellow AI Tank is checking targeting info...
<<<15:19:36:674931>>>  Tank #3 Yellow AI Tank Launch angle not within tolerances, adjusting firing solution...
<<<15:19:36:674931>>>  Tank #3 Yellow AI Tank Launch speed not within tolerances, adjusting firing solution...
<<<15:19:36:674931>>>  Tank #3 Yellow AI Tank adjusted targeting angle one unit CW...
<<<15:19:36:690970>>>  Tank #2 Red AI Tank is checking targeting info...
<<<15:19:36:690970>>>  Tank #2 Red AI Tank Launch angle not within tolerances, adjusting firing solution...
<<<15:19:36:690970>>>  Tank #2 Red AI Tank Launch speed not within tolerances, adjusting firing solution...
<<<15:19:36:690970>>>  Tank #2 Red AI Tank adjusted targeting angle one unit CW...
<<<15:19:36:690970>>>  Tank #3 Yellow AI Tank is checking targeting info...
<<<15:19:36:690970>>>  Tank #3 Yellow AI Tank Launch angle not within tolerances, adjusting firing solution...
<<<15:19:36:690970>>>  Tank #3 Yellow AI Tank Launch speed not within tolerances, adjusting firing solution...
<<<15:19:36:690970>>>  Tank #3 Yellow AI Tank adjusted targeting angle one unit CW...
<<<15:19:36:707048>>>  Tank #2 Red AI Tank is checking targeting info...
<<<15:19:36:707048>>>  Tank #2 Red AI Tank Launch angle not within tolerances, adjusting firing solution...
<<<15:19:36:707048>>>  Tank #2 Red AI Tank Launch speed not within tolerances, adjusting firing solution...
<<<15:19:36:707048>>>  Tank #2 Red AI Tank adjusted targeting angle one unit CW...
<<<15:19:36:707048>>>  Tank #3 Yellow AI Tank is checking targeting info...
<<<15:19:36:707048>>>  Tank #3 Yellow AI Tank Launch angle not within tolerances, adjusting firing solution...
<<<15:19:36:707048>>>  Tank #3 Yellow AI Tank Launch speed not within tolerances, adjusting firing solution...
<<<15:19:36:707048>>>  Tank #3 Yellow AI Tank adjusted targeting angle one unit CW...
<<<15:19:36:723923>>>  Tank #2 Red AI Tank is checking targeting info...
<<<15:19:36:723923>>>  Tank #2 Red AI Tank increased launch speed one unit...
<<<15:19:36:723923>>>  Tank #3 Yellow AI Tank is checking targeting info...
<<<15:19:36:723923>>>  Tank #3 Yellow AI Tank increased launch speed one unit...
<<<15:19:36:740450>>>  Tank #2 Red AI Tank is checking targeting info...
<<<15:19:36:740450>>>  Tank #2 Red AI Tank increased launch speed one unit...
<<<15:19:36:740450>>>  Tank #3 Yellow AI Tank is checking targeting info...
<<<15:19:36:740450>>>  Tank #3 Yellow AI Tank increased launch speed one unit...
<<<15:19:36:757180>>>  Tank #2 Red AI Tank is checking targeting info...
<<<15:19:36:757180>>>  Tank #2 Red AI Tank increased launch speed one unit...
<<<15:19:36:757180>>>  Tank #3 Yellow AI Tank is checking targeting info...
<<<15:19:36:757180>>>  Tank #3 Yellow AI Tank increased launch speed one unit...
<<<15:19:36:773392>>>  Tank #2 Red AI Tank is checking targeting info...
<<<15:19:36:773392>>>  Tank #2 Red AI Tank increased launch speed one unit...
<<<15:19:36:773392>>>  Tank #3 Yellow AI Tank is checking targeting info...
<<<15:19:36:773392>>>  Tank #3 Yellow AI Tank increased launch speed one unit...
<<<15:19:36:789341>>>  Tank #2 Red AI Tank is checking targeting info...
<<<15:19:36:789341>>>  Tank #2 Red AI Tank increased launch speed one unit...
<<<15:19:36:789341>>>  Tank #3 Yellow AI Tank is checking targeting info...
<<<15:19:36:789341>>>  Tank #3 Yellow AI Tank increased launch speed one unit...
<<<15:19:36:805963>>>  Tank #2 Red AI Tank is checking targeting info...
<<<15:19:36:805963>>>  Tank #2 Red AI Tank increased launch speed one unit...
<<<15:19:36:805963>>>  Tank #3 Yellow AI Tank is checking targeting info...
<<<15:19:36:805963>>>  Tank #3 Yellow AI Tank increased launch speed one unit...
<<<15:19:36:821753>>>  Tank #2 Red AI Tank is checking targeting info...
<<<15:19:36:821753>>>  Tank #2 Red AI Tank increased launch speed one unit...
<<<15:19:36:821753>>>  Tank #3 Yellow AI Tank is checking targeting info...
<<<15:19:36:821753>>>  Tank #3 Yellow AI Tank increased launch speed one unit...
<<<15:19:36:838610>>>  Tank #2 Red AI Tank is checking targeting info...
<<<15:19:36:838610>>>  Tank #2 Red AI Tank increased launch speed one unit...
<<<15:19:36:838610>>>  Tank #3 Yellow AI Tank is checking targeting info...
<<<15:19:36:838610>>>  Tank #3 Yellow AI Tank increased launch speed one unit...
<<<15:19:36:854907>>>  Tank #2 Red AI Tank is checking targeting info...
<<<15:19:36:854907>>>  Tank #2 Red AI Tank increased launch speed one unit...
<<<15:19:36:854907>>>  Tank #3 Yellow AI Tank is checking targeting info...
<<<15:19:36:854907>>>  Tank #3 Yellow AI Tank increased launch speed one unit...
<<<15:19:36:871281>>>  Tank #2 Red AI Tank is checking targeting info...
<<<15:19:36:871281>>>  Tank #2 Red AI Tank increased launch speed one unit...
<<<15:19:36:871281>>>  Tank #3 Yellow AI Tank is checking targeting info...
<<<15:19:36:871281>>>  Tank #3 Yellow AI Tank increased launch speed one unit...
<<<15:19:36:889287>>>  Tank #2 Red AI Tank is checking targeting info...
<<<15:19:36:889287>>>  Tank #2 Red AI Tank increased launch speed one unit...
<<<15:19:36:889287>>>  Tank #3 Yellow AI Tank is checking targeting info...
<<<15:19:36:889287>>>  Tank #3 Yellow AI Tank increased launch speed one unit...
<<<15:19:36:904457>>>  Tank #2 Red AI Tank is checking targeting info...
<<<15:19:36:904457>>>  Tank #2 Red AI Tank increased launch speed one unit...
<<<15:19:36:904457>>>  Tank #3 Yellow AI Tank is checking targeting info...
<<<15:19:36:904457>>>  Tank #3 Yellow AI Tank increased launch speed one unit...
<<<15:19:36:920728>>>  Tank #2 Red AI Tank is checking targeting info...
<<<15:19:36:920728>>>  Tank #2 Red AI Tank increased launch speed one unit...
<<<15:19:36:920728>>>  Tank #3 Yellow AI Tank is checking targeting info...
<<<15:19:36:920728>>>  Tank #3 Yellow AI Tank increased launch speed one unit...
<<<15:19:36:936940>>>  Tank #2 Red AI Tank is checking targeting info...
<<<15:19:36:936940>>>  Tank #2 Red AI Tank increased launch speed one unit...
<<<15:19:36:936940>>>  Tank #3 Yellow AI Tank is checking targeting info...
<<<15:19:36:936940>>>  Tank #3 Yellow AI Tank increased launch speed one unit...
<<<15:19:36:952756>>>  Tank #2 Red AI Tank is checking targeting info...
<<<15:19:36:952756>>>  Tank #2 Red AI Tank increased launch speed one unit...
<<<15:19:36:952756>>>  Tank #3 Yellow AI Tank is checking targeting info...
<<<15:19:36:952756>>>  Tank #3 Yellow AI Tank increased launch speed one unit...
<<<15:19:36:969054>>>  Tank #2 Red AI Tank is checking targeting info...
<<<15:19:36:969054>>>  Tank #2 Red AI Tank increased launch speed one unit...
<<<15:19:36:969054>>>  Tank #3 Yellow AI Tank is checking targeting info...
<<<15:19:36:969054>>>  Tank #3 Yellow AI Tank increased launch speed one unit...
<<<15:19:36:984760>>>  Tank #2 Red AI Tank is checking targeting info...
<<<15:19:36:984760>>>  Tank #2 Red AI Tank increased launch speed one unit...
<<<15:19:36:984760>>>  Tank #3 Yellow AI Tank is checking targeting info...
<<<15:19:36:984760>>>  Tank #3 Yellow AI Tank increased launch speed one unit...
<<<15:19:37:001246>>>  Tank #2 Red AI Tank is checking targeting info...
<<<15:19:37:001246>>>  Tank #2 Red AI Tank increased launch speed one unit...
<<<15:19:37:001246>>>  Tank #3 Yellow AI Tank is checking targeting info...
<<<15:19:37:001246>>>  Tank #3 Yellow AI Tank increased launch speed one unit...
<<<15:19:37:019718>>>  Tank #2 Red AI Tank is checking targeting info...
<<<15:19:37:019718>>>  Tank #2 Red AI Tank increased launch speed one unit...
<<<15:19:37:019718>>>  Tank #3 Yellow AI Tank is checking targeting info...
<<<15:19:37:019718>>>  Tank #3 Yellow AI Tank increased launch speed one unit...
<<<15:19:37:034622>>>  Tank #2 Red AI Tank is checking targeting info...
<<<15:19:37:034622>>>  Tank #2 Red AI Tank increased launch speed one unit...
<<<15:19:37:034622>>>  Tank #3 Yellow AI Tank is checking targeting info...
<<<15:19:37:034622>>>  Tank #3 Yellow AI Tank increased launch speed one unit...
<<<15:19:37:050669>>>  Tank #2 Red AI Tank is checking targeting info...
<<<15:19:37:050669>>>  Tank #2 Red AI Tank increased launch speed one unit...
<<<15:19:37:050669>>>  Tank #3 Yellow AI Tank is checking targeting info...
<<<15:19:37:050669>>>  Tank #3 Yellow AI Tank increased launch speed one unit...
<<<15:19:37:066718>>>  Tank #2 Red AI Tank is checking targeting info...
<<<15:19:37:067633>>>  Tank #2 Red AI Tank increased launch speed one unit...
<<<15:19:37:067633>>>  Tank #3 Yellow AI Tank is checking targeting info...
<<<15:19:37:067633>>>  Tank #3 Yellow AI Tank increased launch speed one unit...
<<<15:19:37:082595>>>  Tank #2 Red AI Tank is checking targeting info...
<<<15:19:37:082595>>>  Tank #2 Red AI Tank increased launch speed one unit...
<<<15:19:37:082595>>>  Tank #3 Yellow AI Tank is checking targeting info...
<<<15:19:37:082595>>>  Tank #3 Yellow AI Tank increased launch speed one unit...
<<<15:19:37:099249>>>  Tank #2 Red AI Tank is checking targeting info...
<<<15:19:37:099249>>>  Tank #2 Red AI Tank increased launch speed one unit...
<<<15:19:37:099249>>>  Tank #3 Yellow AI Tank is checking targeting info...
<<<15:19:37:099249>>>  Tank #3 Yellow AI Tank increased launch speed one unit...
<<<15:19:37:116715>>>  Tank #2 Red AI Tank is checking targeting info...
<<<15:19:37:116715>>>  Tank #2 Red AI Tank increased launch speed one unit...
<<<15:19:37:116715>>>  Tank #3 Yellow AI Tank is checking targeting info...
<<<15:19:37:116715>>>  Tank #3 Yellow AI Tank increased launch speed one unit...
<<<15:19:37:133235>>>  Tank #2 Red AI Tank is checking targeting info...
<<<15:19:37:133235>>>  Tank #2 Red AI Tank increased launch speed one unit...
<<<15:19:37:133235>>>  Tank #3 Yellow AI Tank is checking targeting info...
<<<15:19:37:133235>>>  Tank #3 Yellow AI Tank increased launch speed one unit...
<<<15:19:37:149573>>>  Tank #2 Red AI Tank is checking targeting info...
<<<15:19:37:149573>>>  Tank #2 Red AI Tank increased launch speed one unit...
<<<15:19:37:149573>>>  Tank #3 Yellow AI Tank is checking targeting info...
<<<15:19:37:149573>>>  Tank #3 Yellow AI Tank increased launch speed one unit...
<<<15:19:37:166713>>>  Tank #2 Red AI Tank is checking targeting info...
<<<15:19:37:166713>>>  Tank #2 Red AI Tank increased launch speed one unit...
<<<15:19:37:166713>>>  Tank #3 Yellow AI Tank is checking targeting info...
<<<15:19:37:166713>>>  Tank #3 Yellow AI Tank increased launch speed one unit...
<<<15:19:37:182451>>>  Tank #2 Red AI Tank is checking targeting info...
<<<15:19:37:182451>>>  Tank #2 Red AI Tank increased launch speed one unit...
<<<15:19:37:182451>>>  Tank #3 Yellow AI Tank is checking targeting info...
<<<15:19:37:182451>>>  Tank #3 Yellow AI Tank increased launch speed one unit...
<<<15:19:37:199089>>>  Tank #2 Red AI Tank is checking targeting info...
<<<15:19:37:199089>>>  Tank #2 Red AI Tank increased launch speed one unit...
<<<15:19:37:199089>>>  Tank #3 Yellow AI Tank is checking targeting info...
<<<15:19:37:199089>>>  Tank #3 Yellow AI Tank increased launch speed one unit...
<<<15:19:37:215757>>>  Tank #2 Red AI Tank is checking targeting info...
<<<15:19:37:215757>>>  Tank #2 Red AI Tank increased launch speed one unit...
<<<15:19:37:215757>>>  Tank #3 Yellow AI Tank is checking targeting info...
<<<15:19:37:215757>>>  Tank #3 Yellow AI Tank increased launch speed one unit...
<<<15:19:37:231929>>>  Tank #2 Red AI Tank is checking targeting info...
<<<15:19:37:231929>>>  Tank #2 Red AI Tank increased launch speed one unit...
<<<15:19:37:231929>>>  Tank #3 Yellow AI Tank is checking targeting info...
<<<15:19:37:231929>>>  Tank #3 Yellow AI Tank increased launch speed one unit...
<<<15:19:37:248214>>>  Tank #2 Red AI Tank is checking targeting info...
<<<15:19:37:248214>>>  Tank #2 Red AI Tank increased launch speed one unit...
<<<15:19:37:248214>>>  Tank #3 Yellow AI Tank is checking targeting info...
<<<15:19:37:248214>>>  Tank #3 Yellow AI Tank increased launch speed one unit...
<<<15:19:37:264568>>>  Tank #2 Red AI Tank is checking targeting info...
<<<15:19:37:264568>>>  Tank #2 Red AI Tank increased launch speed one unit...
<<<15:19:37:264568>>>  Tank #3 Yellow AI Tank is checking targeting info...
<<<15:19:37:264568>>>  Tank #3 Yellow AI Tank increased launch speed one unit...
<<<15:19:37:280476>>>  Tank #2 Red AI Tank is checking targeting info...
<<<15:19:37:280476>>>  Tank #2 Red AI Tank increased launch speed one unit...
<<<15:19:37:280476>>>  Tank #3 Yellow AI Tank is checking targeting info...
<<<15:19:37:280476>>>  Tank #3 Yellow AI Tank increased launch speed one unit...
<<<15:19:37:296689>>>  Tank #2 Red AI Tank is checking targeting info...
<<<15:19:37:296689>>>  Tank #2 Red AI Tank increased launch speed one unit...
<<<15:19:37:296689>>>  Tank #3 Yellow AI Tank is checking targeting info...
<<<15:19:37:296689>>>  Tank #3 Yellow AI Tank increased launch speed one unit...
<<<15:19:37:313418>>>  Tank #2 Red AI Tank is checking targeting info...
<<<15:19:37:313418>>>  Tank #2 Red AI Tank increased launch speed one unit...
<<<15:19:37:313418>>>  Tank #3 Yellow AI Tank is checking targeting info...
<<<15:19:37:313418>>>  Tank #3 Yellow AI Tank increased launch speed one unit...
<<<15:19:37:329576>>>  Tank #2 Red AI Tank is checking targeting info...
<<<15:19:37:329576>>>  Tank #2 Red AI Tank increased launch speed one unit...
<<<15:19:37:329576>>>  Tank #3 Yellow AI Tank is checking targeting info...
<<<15:19:37:329576>>>  Tank #3 Yellow AI Tank increased launch speed one unit...
<<<15:19:37:346707>>>  Tank #2 Red AI Tank is checking targeting info...
<<<15:19:37:346707>>>  Tank #2 Red AI Tank firing solution within tolerances, not adjusting firing solution...
<<<15:19:37:346707>>>  Tank #2 Red AI Tank attempting to fire cannonball...
<<<15:19:37:346707>>>  Tank #3 Yellow AI Tank is checking targeting info...
<<<15:19:37:346707>>>  Tank #3 Yellow AI Tank firing solution within tolerances, not adjusting firing solution...
<<<15:19:37:346707>>>  Tank #3 Yellow AI Tank attempting to fire cannonball...
<<<15:19:37:364304>>>  Tank #2 Red AI Tank chose to shoot...
<<<15:19:37:364304>>>  Tank #3 Yellow AI Tank chose to shoot...
<<<15:19:37:379826>>>  Tank #2 Red AI Tank is checking targeting info...
<<<15:19:37:379826>>>  Tank #2 Red AI Tank firing solution within tolerances, not adjusting firing solution...
<<<15:19:37:379826>>>  Tank #2 Red AI Tank attempting to fire cannonball...
<<<15:19:37:379826>>>  Tank #3 Yellow AI Tank is checking targeting info...
<<<15:19:37:379826>>>  Tank #3 Yellow AI Tank Launch angle not within tolerances, adjusting firing solution...
<<<15:19:37:379826>>>  Tank #3 Yellow AI Tank adjusted targeting angle one unit CCW...
<<<15:19:37:395443>>>  Tank #2 Red AI Tank chose to shoot...
<<<15:19:37:395443>>>  Tank #3 Yellow AI Tank is checking targeting info...
<<<15:19:37:395443>>>  Tank #3 Yellow AI Tank Launch angle not within tolerances, adjusting firing solution...
<<<15:19:37:395443>>>  Tank #3 Yellow AI Tank adjusted targeting angle one unit CCW...
<<<15:19:37:411579>>>  Tank #2 Red AI Tank is checking targeting info...
<<<15:19:37:411579>>>  Tank #2 Red AI Tank firing solution within tolerances, not adjusting firing solution...
<<<15:19:37:411579>>>  Tank #2 Red AI Tank attempting to fire cannonball...
<<<15:19:37:411579>>>  Tank #3 Yellow AI Tank is checking targeting info...
<<<15:19:37:411579>>>  Tank #3 Yellow AI Tank Launch angle not within tolerances, adjusting firing solution...
<<<15:19:37:411579>>>  Tank #3 Yellow AI Tank adjusted targeting angle one unit CCW...
<<<15:19:37:427620>>>  Tank #2 Red AI Tank chose to shoot...
<<<15:19:37:427620>>>  Tank #3 Yellow AI Tank is checking targeting info...
<<<15:19:37:427620>>>  Tank #3 Yellow AI Tank Launch angle not within tolerances, adjusting firing solution...
<<<15:19:37:427620>>>  Tank #3 Yellow AI Tank adjusted targeting angle one unit CCW...
<<<15:19:37:443593>>>  Tank #2 Red AI Tank is checking targeting info...
<<<15:19:37:443593>>>  Tank #2 Red AI Tank firing solution within tolerances, not adjusting firing solution...
<<<15:19:37:443593>>>  Tank #2 Red AI Tank attempting to fire cannonball...
<<<15:19:37:443593>>>  Tank #3 Yellow AI Tank is checking targeting info...
<<<15:19:37:443593>>>  Tank #3 Yellow AI Tank Launch angle not within tolerances, adjusting firing solution...
<<<15:19:37:443593>>>  Tank #3 Yellow AI Tank adjusted targeting angle one unit CCW...
<<<15:19:37:461232>>>  Tank #2 Red AI Tank chose to shoot...
<<<15:19:37:461232>>>  Tank #3 Yellow AI Tank is checking targeting info...
<<<15:19:37:461232>>>  Tank #3 Yellow AI Tank Launch angle not within tolerances, adjusting firing solution...
<<<15:19:37:461232>>>  Tank #3 Yellow AI Tank adjusted targeting angle one unit CCW...
<<<15:19:37:477271>>>  Tank #2 Red AI Tank is checking targeting info...
<<<15:19:37:477271>>>  Tank #2 Red AI Tank firing solution within tolerances, not adjusting firing solution...
<<<15:19:37:477271>>>  Tank #2 Red AI Tank attempting to fire cannonball...
<<<15:19:37:477271>>>  Tank #3 Yellow AI Tank is checking targeting info...
<<<15:19:37:477271>>>  Tank #3 Yellow AI Tank Launch angle not within tolerances, adjusting firing solution...
<<<15:19:37:477271>>>  Tank #3 Yellow AI Tank adjusted targeting angle one unit CCW...
<<<15:19:37:497568>>>  Tank #2 Red AI Tank chose to move to 2.979, cururently at 3.6652.
<<<15:19:37:497568>>>  Tank #2 Red AI Tank moved one unit CW...
<<<15:19:37:497568>>>  Tank #2 Red AI Tank chose to move...
<<<15:19:37:497568>>>  Tank #3 Yellow AI Tank is checking targeting info...
<<<15:19:37:497568>>>  Tank #3 Yellow AI Tank Launch angle not within tolerances, adjusting firing solution...
<<<15:19:37:497568>>>  Tank #3 Yellow AI Tank adjusted targeting angle one unit CCW...
<<<15:19:37:513132>>>  Tank #2 Red AI Tank moved one unit CW...
<<<15:19:37:513132>>>  Tank #3 Yellow AI Tank is checking targeting info...
<<<15:19:37:513132>>>  Tank #3 Yellow AI Tank Launch angle not within tolerances, adjusting firing solution...
<<<15:19:37:513132>>>  Tank #3 Yellow AI Tank adjusted targeting angle one unit CCW...
<<<15:19:37:528705>>>  Tank #2 Red AI Tank moved one unit CW...
<<<15:19:37:528705>>>  Tank #3 Yellow AI Tank is checking targeting info...
<<<15:19:37:528705>>>  Tank #3 Yellow AI Tank Launch angle not within tolerances, adjusting firing solution...
<<<15:19:37:528705>>>  Tank #3 Yellow AI Tank adjusted targeting angle one unit CCW...
<<<15:19:37:545118>>>  Tank #2 Red AI Tank moved one unit CW...
<<<15:19:37:546193>>>  Tank #3 Yellow AI Tank is checking targeting info...
<<<15:19:37:546193>>>  Tank #3 Yellow AI Tank Launch angle not within tolerances, adjusting firing solution...
<<<15:19:37:546193>>>  Tank #3 Yellow AI Tank adjusted targeting angle one unit CCW...
<<<15:19:37:560947>>>  Tank #2 Red AI Tank moved one unit CW...
<<<15:19:37:560947>>>  Tank #3 Yellow AI Tank is checking targeting info...
<<<15:19:37:560947>>>  Tank #3 Yellow AI Tank Launch angle not within tolerances, adjusting firing solution...
<<<15:19:37:560947>>>  Tank #3 Yellow AI Tank adjusted targeting angle one unit CCW...
<<<15:19:37:577782>>>  Tank #2 Red AI Tank moved one unit CW...
<<<15:19:37:577782>>>  Tank #3 Yellow AI Tank is checking targeting info...
<<<15:19:37:577782>>>  Tank #3 Yellow AI Tank Launch angle not within tolerances, adjusting firing solution...
<<<15:19:37:577782>>>  Tank #3 Yellow AI Tank adjusted targeting angle one unit CCW...
<<<15:19:37:594663>>>  Tank #2 Red AI Tank moved one unit CW...
<<<15:19:37:594663>>>  Tank #3 Yellow AI Tank is checking targeting info...
<<<15:19:37:594663>>>  Tank #3 Yellow AI Tank Launch angle not within tolerances, adjusting firing solution...
<<<15:19:37:594663>>>  Tank #3 Yellow AI Tank adjusted targeting angle one unit CCW...
<<<15:19:37:609459>>>  Tank #2 Red AI Tank moved one unit CW...
<<<15:19:37:609459>>>  Tank #3 Yellow AI Tank is checking targeting info...
<<<15:19:37:609459>>>  Tank #3 Yellow AI Tank Launch angle not within tolerances, adjusting firing solution...
<<<15:19:37:610536>>>  Tank #3 Yellow AI Tank adjusted targeting angle one unit CCW...
<<<15:19:37:625568>>>
* INFORMATION FOR Tank #1 Green Player Tank's CANNONBALLS:
* Cannonballs in memory for Tank #1 Green Player Tank:  0.
* Total cannonballs fired or chambered for Tank #1 Green Player Tank:  0.
<<<15:19:37:625568>>>
* INFORMATION FOR Tank #2 Red AI Tank's CANNONBALLS:
* Cannonballs in memory for Tank #2 Red AI Tank:  5.
* Total cannonballs fired or chambered for Tank #2 Red AI Tank:  5.
<<<15:19:37:625568>>>
* CURRENT VALUES FOR CELESTIAL BODY:  Tank #2 Red AI Tank's Cannonball #1
* This is not the homeworld.
* The celestial boyd's density is 5515 kg/m^3.
* The celestial body's mass is 1000 kg.
* The Earth's mass is 5.972e+24 kg.
* The celestial body's radius is 0.001 km.
* The celestial body's coordinates are (-7013.785771971789, -2691.1039173302074).
* The celestial body's velocity is (-8.170480119183594, 3.235886079101048).
* The celestial body's speed is 8.787929454364908 km/s.
* The celestial body's acceleration is (0.006699306148748718, 0.0026467554218035255).
* The celestial body's screen x and y coordinates are (700, 488).
* The celestial body's screen radius is 2.
* The celestial is using a body circle.
<<<15:19:37:625568>>>
* ADDITIONAL INFORMATION FOR Tank #2 Red AI Tank's Cannonball #1:
* This cannonball is active.
<<<15:19:37:626569>>>
* CURRENT VALUES FOR CELESTIAL BODY:  Tank #2 Red AI Tank's Cannonball #2
* This is not the homeworld.
* The celestial boyd's density is 5515 kg/m^3.
* The celestial body's mass is 1000 kg.
* The Earth's mass is 5.972e+24 kg.
* The celestial body's radius is 0.001 km.
* The celestial body's coordinates are (-6848.625124771554, -2754.1261441825054).
* The celestial body's velocity is (-8.305368224416364, 3.1827625559255694).
* The celestial body's speed is 8.894330712906221 km/s.
* The celestial body's acceleration is (0.006895874603053509, 0.002854410424096044).
* The celestial body's screen x and y coordinates are (703, 488).
* The celestial body's screen radius is 2.
* The celestial is using a body circle.
<<<15:19:37:626569>>>
* ADDITIONAL INFORMATION FOR Tank #2 Red AI Tank's Cannonball #2:
* This cannonball is active.
<<<15:19:37:626569>>>
* CURRENT VALUES FOR CELESTIAL BODY:  Tank #2 Red AI Tank's Cannonball #3
* This is not the homeworld.
* The celestial boyd's density is 5515 kg/m^3.
* The celestial body's mass is 1000 kg.
* The Earth's mass is 5.972e+24 kg.
* The celestial body's radius is 0.001 km.
* The celestial body's coordinates are (-6680.748086495757, -2816.065147042442).
* The celestial body's velocity is (-8.444236125236715, 3.1253987712429683).
* The celestial body's speed is 9.004068037172965 km/s.
* The celestial body's acceleration is (0.007100671754064936, 0.0030798862338072943).
* The celestial body's screen x and y coordinates are (705, 489).
* The celestial body's screen radius is 2.
* The celestial is using a body circle.
<<<15:19:37:626569>>>
* ADDITIONAL INFORMATION FOR Tank #2 Red AI Tank's Cannonball #3:
* This cannonball is active.
<<<15:19:37:626569>>>
* CURRENT VALUES FOR CELESTIAL BODY:  Tank #2 Red AI Tank's Cannonball #4
* This is not the homeworld.
* The celestial boyd's density is 5515 kg/m^3.
* The celestial body's mass is 1000 kg.
* The Earth's mass is 5.972e+24 kg.
* The celestial body's radius is 0.001 km.
* The celestial body's coordinates are (-6510.074099000534, -2876.8343486275294).
* The celestial body's velocity is (-8.587249614219154, 3.063429115427982).
* The celestial body's speed is 9.117316155654517 km/s.
* The celestial body's acceleration is (0.007313943164287605, 0.003325060584142346).
* The celestial body's screen x and y coordinates are (708, 490).
* The celestial body's screen radius is 2.
* The celestial is using a body circle.
<<<15:19:37:626569>>>
* ADDITIONAL INFORMATION FOR Tank #2 Red AI Tank's Cannonball #4:
* This cannonball is active.
<<<15:19:37:626569>>>
* CURRENT VALUES FOR CELESTIAL BODY:  Tank #2 Red AI Tank's Cannonball #5
* This is not the homeworld.
* The celestial boyd's density is 5515 kg/m^3.
* The celestial body's mass is 1000 kg.
* The Earth's mass is 5.972e+24 kg.
* The celestial body's radius is 0.001 km.
* The celestial body's coordinates are (-6336.519262844596, -2936.3396681177264).
* The celestial body's velocity is (-8.734579210041861, 2.9964493021839913).
* The celestial body's speed is 9.234261334673956 km/s.
* The celestial body's acceleration is (0.007535894120665227, 0.0035920433533177983).
* The celestial body's screen x and y coordinates are (710, 491).
* The celestial body's screen radius is 2.
* The celestial is using a body circle.
<<<15:19:37:626569>>>
* ADDITIONAL INFORMATION FOR Tank #2 Red AI Tank's Cannonball #5:
* This cannonball is active.
<<<15:19:37:626569>>>
* INFORMATION FOR Tank #3 Yellow AI Tank's CANNONBALLS:
* Cannonballs in memory for Tank #3 Yellow AI Tank:  2.
* Total cannonballs fired or chambered for Tank #3 Yellow AI Tank:  2.
<<<15:19:37:626569>>>
* CURRENT VALUES FOR CELESTIAL BODY:  Tank #3 Yellow AI Tank's Cannonball #1
* This is not the homeworld.
* The celestial boyd's density is 5515 kg/m^3.
* The celestial body's mass is 1000 kg.
* The Earth's mass is 5.972e+24 kg.
* The celestial body's radius is 0.001 km.
* The celestial body's coordinates are (5837.051071102577, -4729.086190874258).
* The celestial body's velocity is (1.4214533981297819, -8.638913513638874).
* The celestial body's speed is 8.755076039600517 km/s.
* The celestial body's acceleration is (-0.0056270907387886105, 0.0044984916781840335).
* The celestial body's screen x and y coordinates are (882, 516).
* The celestial body's screen radius is 2.
* The celestial is using a body circle.
<<<15:19:37:626569>>>
* ADDITIONAL INFORMATION FOR Tank #3 Yellow AI Tank's Cannonball #1:
* This cannonball is active.
<<<15:19:37:626569>>>
* CURRENT VALUES FOR CELESTIAL BODY:  Tank #3 Yellow AI Tank's Cannonball #2
* This is not the homeworld.
* The celestial boyd's density is 5515 kg/m^3.
* The celestial body's mass is 1000 kg.
* The Earth's mass is 5.972e+24 kg.
* The celestial body's radius is 0.001 km.
* The celestial body's coordinates are (5508.852658023032, -3196.4886948966905).
* The celestial body's velocity is (2.6015539292084418, -9.444277452239529).
* The celestial body's speed is 9.7960430502045 km/s.
* The celestial body's acceleration is (0, 0).
* The celestial body's screen x and y coordinates are (877, 495).
* The celestial body's screen radius is 2.
* The celestial is using a body circle.
<<<15:19:37:626569>>>
* ADDITIONAL INFORMATION FOR Tank #3 Yellow AI Tank's Cannonball #2:
* This cannonball is chambered.
<<<15:19:37:626569>>>  Quit through pygame and writing log file...
