<<<14:51:56:740801>>>
* Screen coordinates (83, 102) choosen in zone #1.
* Screen dimensions are 1600 wide by 900 high.
* Minimum (x, y) are (0, 0).
* Maximum (x, y) are (266, 150).
* Mid (x, y) are (133, 75).
<<<14:51:56:740801>>>  Image at Pix\Faraway_Objects\Suns\28.png choosen for background...
<<<14:51:56:741756>>>
* Screen coordinates (1459, 765) choosen in zone #5.
* Screen dimensions are 1600 wide by 900 high.
* Minimum (x, y) are (1333, 750).
* Maximum (x, y) are (1600, 900).
* Mid (x, y) are (1466, 825).
<<<14:51:56:741756>>>  Image at Pix\Faraway_Objects\Comets\4.png choosen for background...
<<<14:51:56:742711>>>
* Screen coordinates (84, 324) choosen in zone #8.
* Screen dimensions are 1600 wide by 900 high.
* Minimum (x, y) are (0, 150).
* Maximum (x, y) are (266, 750).
* Mid (x, y) are (133, 450).
<<<14:51:56:742711>>>  Image at Pix\Faraway_Objects\Gas_Giants\2.png choosen for background...
<<<14:51:56:749795>>>  Pix\Homeworlds\Terran\14.png loaded as pixie for Earth...
<<<14:51:56:749795>>>  Image at Pix\Homeworlds\Terran\14.png chosen as homeworld pix for Earth's...
<<<14:51:56:749795>>>  Pix\Moons\7.png loaded as pixie for Moon #2...
<<<14:51:56:797860>>>  Pix\Snails\Green_Snail\Spells\Spellready_Icon\spellready.png returned as pixie for Tank #1 Green Player Tank...
<<<14:51:56:797860>>>  Tank #1 Green Player Tank successfully created!
<<<14:51:56:844182>>>  Pix\Snails\Red_Snail\Spells\Spellready_Icon\spellready.png returned as pixie for Tank #2 Red AI Tank...
<<<14:51:56:845180>>>  Tank #2 Red AI Tank successfully created!
<<<14:51:56:891029>>>  Pix\Snails\Yellow_Snail\Spells\Spellready_Icon\spellready.png returned as pixie for Tank #3 Yellow AI Tank...
<<<14:51:56:891029>>>  Tank #3 Yellow AI Tank successfully created!
<<<14:51:56:895321>>>
* *** Tank #2 Red AI Tank USING CLEAR SKIES FUNCTION ***
* Moon #2 at (-16.285429668011638, 12741.84108481544), angle 1.5720744325797589 rads.
* Tank #2 Red AI Tank at (-5517.44784751066, -3185.499999999998), angle 3.665191429188092.
* Angle Between is 2.093116996608333 rads.
<<<14:51:56:895321>>>  Tank #2 Red AI Tank saw no celestials or cannonballs above their heads and is casting Gravity...
<<<14:51:56:895321>>>  Successfully removed spellready icon from Tank #2 Red AI Tank's effect list!
<<<14:51:56:895321>>>  Successfully removed spellready icon from Tank #3 Yellow AI Tank's effect list!
<<<14:51:56:909458>>>  Successfully removed spellbook from Tank #2 Red AI Tank's effect list!
<<<14:51:56:909458>>>  Tank #2 Red AI Tank chose to shoot...
<<<14:51:56:909458>>>  Deleting effect pixie gravity-rising...
<<<14:51:59:901637>>>  Successfully removed spellbook from Tank #3 Yellow AI Tank's effect list!
<<<14:51:59:901637>>>  Tank #3 Yellow AI Tank chose to shoot...
<<<14:51:59:901637>>>  Tank #3 Yellow AI Tank chose to shoot...
<<<14:51:59:901637>>>  Tank #2 Red AI Tank is checking targeting info...
<<<14:51:59:901637>>>  Tank #2 Red AI Tank Launch angle not within tolerances, adjusting firing solution...
<<<14:51:59:901637>>>  Tank #2 Red AI Tank Launch speed not within tolerances, adjusting firing solution...
<<<14:51:59:901637>>>  Tank #2 Red AI Tank adjusted targeting angle one unit CW...
<<<14:51:59:901637>>>  Tank #3 Yellow AI Tank is checking targeting info...
<<<14:51:59:901637>>>  Tank #3 Yellow AI Tank Launch angle not within tolerances, adjusting firing solution...
<<<14:51:59:901637>>>  Tank #3 Yellow AI Tank Launch speed not within tolerances, adjusting firing solution...
<<<14:51:59:901637>>>  Tank #3 Yellow AI Tank adjusted targeting angle one unit CCW...
<<<14:51:59:918611>>>  Tank #2 Red AI Tank is checking targeting info...
<<<14:51:59:918611>>>  Tank #2 Red AI Tank Launch angle not within tolerances, adjusting firing solution...
<<<14:51:59:918611>>>  Tank #2 Red AI Tank Launch speed not within tolerances, adjusting firing solution...
<<<14:51:59:918611>>>  Tank #2 Red AI Tank adjusted targeting angle one unit CW...
<<<14:51:59:918611>>>  Tank #3 Yellow AI Tank is checking targeting info...
<<<14:51:59:918611>>>  Tank #3 Yellow AI Tank Launch angle not within tolerances, adjusting firing solution...
<<<14:51:59:918611>>>  Tank #3 Yellow AI Tank Launch speed not within tolerances, adjusting firing solution...
<<<14:51:59:918611>>>  Tank #3 Yellow AI Tank adjusted targeting angle one unit CCW...
<<<14:51:59:934590>>>  Tank #2 Red AI Tank is checking targeting info...
<<<14:51:59:934590>>>  Tank #2 Red AI Tank Launch angle not within tolerances, adjusting firing solution...
<<<14:51:59:934590>>>  Tank #2 Red AI Tank Launch speed not within tolerances, adjusting firing solution...
<<<14:51:59:934590>>>  Tank #2 Red AI Tank adjusted targeting angle one unit CW...
<<<14:51:59:934590>>>  Tank #3 Yellow AI Tank is checking targeting info...
<<<14:51:59:934590>>>  Tank #3 Yellow AI Tank Launch angle not within tolerances, adjusting firing solution...
<<<14:51:59:934590>>>  Tank #3 Yellow AI Tank Launch speed not within tolerances, adjusting firing solution...
<<<14:51:59:934590>>>  Tank #3 Yellow AI Tank adjusted targeting angle one unit CCW...
<<<14:51:59:950349>>>  Tank #2 Red AI Tank is checking targeting info...
<<<14:51:59:950349>>>  Tank #2 Red AI Tank Launch angle not within tolerances, adjusting firing solution...
<<<14:51:59:950349>>>  Tank #2 Red AI Tank Launch speed not within tolerances, adjusting firing solution...
<<<14:51:59:950349>>>  Tank #2 Red AI Tank adjusted targeting angle one unit CW...
<<<14:51:59:950349>>>  Tank #3 Yellow AI Tank is checking targeting info...
<<<14:51:59:950349>>>  Tank #3 Yellow AI Tank Launch angle not within tolerances, adjusting firing solution...
<<<14:51:59:950349>>>  Tank #3 Yellow AI Tank Launch speed not within tolerances, adjusting firing solution...
<<<14:51:59:950349>>>  Tank #3 Yellow AI Tank adjusted targeting angle one unit CCW...
<<<14:51:59:967082>>>  Tank #2 Red AI Tank is checking targeting info...
<<<14:51:59:967082>>>  Tank #2 Red AI Tank Launch angle not within tolerances, adjusting firing solution...
<<<14:51:59:967082>>>  Tank #2 Red AI Tank Launch speed not within tolerances, adjusting firing solution...
<<<14:51:59:967082>>>  Tank #2 Red AI Tank adjusted targeting angle one unit CW...
<<<14:51:59:967082>>>  Tank #3 Yellow AI Tank is checking targeting info...
<<<14:51:59:967082>>>  Tank #3 Yellow AI Tank Launch angle not within tolerances, adjusting firing solution...
<<<14:51:59:967082>>>  Tank #3 Yellow AI Tank Launch speed not within tolerances, adjusting firing solution...
<<<14:51:59:967082>>>  Tank #3 Yellow AI Tank adjusted targeting angle one unit CCW...
<<<14:51:59:983688>>>  Tank #2 Red AI Tank is checking targeting info...
<<<14:51:59:983688>>>  Tank #2 Red AI Tank Launch angle not within tolerances, adjusting firing solution...
<<<14:51:59:983688>>>  Tank #2 Red AI Tank Launch speed not within tolerances, adjusting firing solution...
<<<14:51:59:983688>>>  Tank #2 Red AI Tank adjusted targeting angle one unit CW...
<<<14:51:59:983688>>>  Tank #3 Yellow AI Tank is checking targeting info...
<<<14:51:59:983688>>>  Tank #3 Yellow AI Tank Launch angle not within tolerances, adjusting firing solution...
<<<14:51:59:983688>>>  Tank #3 Yellow AI Tank Launch speed not within tolerances, adjusting firing solution...
<<<14:51:59:983688>>>  Tank #3 Yellow AI Tank adjusted targeting angle one unit CCW...
<<<14:52:00:000609>>>  Tank #2 Red AI Tank is checking targeting info...
<<<14:52:00:000609>>>  Tank #2 Red AI Tank Launch angle not within tolerances, adjusting firing solution...
<<<14:52:00:000609>>>  Tank #2 Red AI Tank Launch speed not within tolerances, adjusting firing solution...
<<<14:52:00:000609>>>  Tank #2 Red AI Tank adjusted targeting angle one unit CW...
<<<14:52:00:000609>>>  Tank #3 Yellow AI Tank is checking targeting info...
<<<14:52:00:000609>>>  Tank #3 Yellow AI Tank Launch angle not within tolerances, adjusting firing solution...
<<<14:52:00:000609>>>  Tank #3 Yellow AI Tank Launch speed not within tolerances, adjusting firing solution...
<<<14:52:00:000609>>>  Tank #3 Yellow AI Tank adjusted targeting angle one unit CCW...
<<<14:52:00:017119>>>  Tank #2 Red AI Tank is checking targeting info...
<<<14:52:00:017119>>>  Tank #2 Red AI Tank Launch angle not within tolerances, adjusting firing solution...
<<<14:52:00:017119>>>  Tank #2 Red AI Tank Launch speed not within tolerances, adjusting firing solution...
<<<14:52:00:017119>>>  Tank #2 Red AI Tank adjusted targeting angle one unit CW...
<<<14:52:00:017119>>>  Tank #3 Yellow AI Tank is checking targeting info...
<<<14:52:00:017119>>>  Tank #3 Yellow AI Tank Launch angle not within tolerances, adjusting firing solution...
<<<14:52:00:017119>>>  Tank #3 Yellow AI Tank Launch speed not within tolerances, adjusting firing solution...
<<<14:52:00:017119>>>  Tank #3 Yellow AI Tank adjusted targeting angle one unit CCW...
<<<14:52:00:033632>>>  Tank #2 Red AI Tank is checking targeting info...
<<<14:52:00:033632>>>  Tank #2 Red AI Tank Launch angle not within tolerances, adjusting firing solution...
<<<14:52:00:033632>>>  Tank #2 Red AI Tank Launch speed not within tolerances, adjusting firing solution...
<<<14:52:00:033632>>>  Tank #2 Red AI Tank adjusted targeting angle one unit CW...
<<<14:52:00:033632>>>  Tank #3 Yellow AI Tank is checking targeting info...
<<<14:52:00:033632>>>  Tank #3 Yellow AI Tank Launch angle not within tolerances, adjusting firing solution...
<<<14:52:00:033632>>>  Tank #3 Yellow AI Tank Launch speed not within tolerances, adjusting firing solution...
<<<14:52:00:033632>>>  Tank #3 Yellow AI Tank adjusted targeting angle one unit CCW...
<<<14:52:00:050883>>>  Tank #2 Red AI Tank is checking targeting info...
<<<14:52:00:050883>>>  Tank #2 Red AI Tank Launch angle not within tolerances, adjusting firing solution...
<<<14:52:00:050883>>>  Tank #2 Red AI Tank Launch speed not within tolerances, adjusting firing solution...
<<<14:52:00:050883>>>  Tank #2 Red AI Tank adjusted targeting angle one unit CW...
<<<14:52:00:050883>>>  Tank #3 Yellow AI Tank is checking targeting info...
<<<14:52:00:050883>>>  Tank #3 Yellow AI Tank Launch angle not within tolerances, adjusting firing solution...
<<<14:52:00:050883>>>  Tank #3 Yellow AI Tank Launch speed not within tolerances, adjusting firing solution...
<<<14:52:00:050883>>>  Tank #3 Yellow AI Tank adjusted targeting angle one unit CCW...
<<<14:52:00:067903>>>  Tank #2 Red AI Tank is checking targeting info...
<<<14:52:00:067903>>>  Tank #2 Red AI Tank Launch angle not within tolerances, adjusting firing solution...
<<<14:52:00:067903>>>  Tank #2 Red AI Tank Launch speed not within tolerances, adjusting firing solution...
<<<14:52:00:067903>>>  Tank #2 Red AI Tank adjusted targeting angle one unit CW...
<<<14:52:00:067903>>>  Tank #3 Yellow AI Tank is checking targeting info...
<<<14:52:00:067903>>>  Tank #3 Yellow AI Tank Launch angle not within tolerances, adjusting firing solution...
<<<14:52:00:067903>>>  Tank #3 Yellow AI Tank Launch speed not within tolerances, adjusting firing solution...
<<<14:52:00:067903>>>  Tank #3 Yellow AI Tank adjusted targeting angle one unit CCW...
<<<14:52:00:085141>>>  Tank #2 Red AI Tank is checking targeting info...
<<<14:52:00:085141>>>  Tank #2 Red AI Tank Launch angle not within tolerances, adjusting firing solution...
<<<14:52:00:085141>>>  Tank #2 Red AI Tank Launch speed not within tolerances, adjusting firing solution...
<<<14:52:00:085141>>>  Tank #2 Red AI Tank adjusted targeting angle one unit CW...
<<<14:52:00:085141>>>  Tank #3 Yellow AI Tank is checking targeting info...
<<<14:52:00:085141>>>  Tank #3 Yellow AI Tank Launch angle not within tolerances, adjusting firing solution...
<<<14:52:00:085141>>>  Tank #3 Yellow AI Tank Launch speed not within tolerances, adjusting firing solution...
<<<14:52:00:085141>>>  Tank #3 Yellow AI Tank adjusted targeting angle one unit CCW...
<<<14:52:00:101605>>>  Tank #2 Red AI Tank is checking targeting info...
<<<14:52:00:101605>>>  Tank #2 Red AI Tank Launch angle not within tolerances, adjusting firing solution...
<<<14:52:00:101605>>>  Tank #2 Red AI Tank Launch speed not within tolerances, adjusting firing solution...
<<<14:52:00:101605>>>  Tank #2 Red AI Tank adjusted targeting angle one unit CW...
<<<14:52:00:101605>>>  Tank #3 Yellow AI Tank is checking targeting info...
<<<14:52:00:101605>>>  Tank #3 Yellow AI Tank Launch angle not within tolerances, adjusting firing solution...
<<<14:52:00:101605>>>  Tank #3 Yellow AI Tank Launch speed not within tolerances, adjusting firing solution...
<<<14:52:00:101605>>>  Tank #3 Yellow AI Tank adjusted targeting angle one unit CCW...
<<<14:52:00:118263>>>  Tank #2 Red AI Tank is checking targeting info...
<<<14:52:00:118263>>>  Tank #2 Red AI Tank Launch angle not within tolerances, adjusting firing solution...
<<<14:52:00:118263>>>  Tank #2 Red AI Tank Launch speed not within tolerances, adjusting firing solution...
<<<14:52:00:118263>>>  Tank #2 Red AI Tank adjusted targeting angle one unit CW...
<<<14:52:00:118263>>>  Tank #3 Yellow AI Tank is checking targeting info...
<<<14:52:00:118263>>>  Tank #3 Yellow AI Tank Launch angle not within tolerances, adjusting firing solution...
<<<14:52:00:118263>>>  Tank #3 Yellow AI Tank Launch speed not within tolerances, adjusting firing solution...
<<<14:52:00:118263>>>  Tank #3 Yellow AI Tank adjusted targeting angle one unit CCW...
<<<14:52:00:135356>>>  Tank #2 Red AI Tank is checking targeting info...
<<<14:52:00:135356>>>  Tank #2 Red AI Tank Launch angle not within tolerances, adjusting firing solution...
<<<14:52:00:135356>>>  Tank #2 Red AI Tank Launch speed not within tolerances, adjusting firing solution...
<<<14:52:00:135356>>>  Tank #2 Red AI Tank adjusted targeting angle one unit CW...
<<<14:52:00:135356>>>  Tank #3 Yellow AI Tank is checking targeting info...
<<<14:52:00:135356>>>  Tank #3 Yellow AI Tank Launch angle not within tolerances, adjusting firing solution...
<<<14:52:00:135356>>>  Tank #3 Yellow AI Tank Launch speed not within tolerances, adjusting firing solution...
<<<14:52:00:135356>>>  Tank #3 Yellow AI Tank adjusted targeting angle one unit CCW...
<<<14:52:00:150873>>>  Tank #2 Red AI Tank is checking targeting info...
<<<14:52:00:150873>>>  Tank #2 Red AI Tank Launch angle not within tolerances, adjusting firing solution...
<<<14:52:00:150873>>>  Tank #2 Red AI Tank Launch speed not within tolerances, adjusting firing solution...
<<<14:52:00:150873>>>  Tank #2 Red AI Tank adjusted targeting angle one unit CW...
<<<14:52:00:150873>>>  Tank #3 Yellow AI Tank is checking targeting info...
<<<14:52:00:150873>>>  Tank #3 Yellow AI Tank Launch angle not within tolerances, adjusting firing solution...
<<<14:52:00:150873>>>  Tank #3 Yellow AI Tank Launch speed not within tolerances, adjusting firing solution...
<<<14:52:00:150873>>>  Tank #3 Yellow AI Tank adjusted targeting angle one unit CCW...
<<<14:52:00:168698>>>  Tank #2 Red AI Tank is checking targeting info...
<<<14:52:00:168698>>>  Tank #2 Red AI Tank Launch angle not within tolerances, adjusting firing solution...
<<<14:52:00:168698>>>  Tank #2 Red AI Tank Launch speed not within tolerances, adjusting firing solution...
<<<14:52:00:168698>>>  Tank #2 Red AI Tank adjusted targeting angle one unit CW...
<<<14:52:00:168698>>>  Tank #3 Yellow AI Tank is checking targeting info...
<<<14:52:00:168698>>>  Tank #3 Yellow AI Tank Launch angle not within tolerances, adjusting firing solution...
<<<14:52:00:168698>>>  Tank #3 Yellow AI Tank Launch speed not within tolerances, adjusting firing solution...
<<<14:52:00:168698>>>  Tank #3 Yellow AI Tank adjusted targeting angle one unit CCW...
<<<14:52:00:184946>>>  Tank #2 Red AI Tank is checking targeting info...
<<<14:52:00:184946>>>  Tank #2 Red AI Tank Launch angle not within tolerances, adjusting firing solution...
<<<14:52:00:184946>>>  Tank #2 Red AI Tank Launch speed not within tolerances, adjusting firing solution...
<<<14:52:00:184946>>>  Tank #2 Red AI Tank adjusted targeting angle one unit CW...
<<<14:52:00:184946>>>  Tank #3 Yellow AI Tank is checking targeting info...
<<<14:52:00:184946>>>  Tank #3 Yellow AI Tank Launch angle not within tolerances, adjusting firing solution...
<<<14:52:00:184946>>>  Tank #3 Yellow AI Tank Launch speed not within tolerances, adjusting firing solution...
<<<14:52:00:184946>>>  Tank #3 Yellow AI Tank adjusted targeting angle one unit CCW...
<<<14:52:00:201660>>>  Tank #2 Red AI Tank is checking targeting info...
<<<14:52:00:201660>>>  Tank #2 Red AI Tank Launch angle not within tolerances, adjusting firing solution...
<<<14:52:00:201660>>>  Tank #2 Red AI Tank Launch speed not within tolerances, adjusting firing solution...
<<<14:52:00:201660>>>  Tank #2 Red AI Tank adjusted targeting angle one unit CW...
<<<14:52:00:201660>>>  Tank #3 Yellow AI Tank is checking targeting info...
<<<14:52:00:201660>>>  Tank #3 Yellow AI Tank Launch angle not within tolerances, adjusting firing solution...
<<<14:52:00:201660>>>  Tank #3 Yellow AI Tank Launch speed not within tolerances, adjusting firing solution...
<<<14:52:00:201660>>>  Tank #3 Yellow AI Tank adjusted targeting angle one unit CCW...
<<<14:52:00:217768>>>  Tank #2 Red AI Tank is checking targeting info...
<<<14:52:00:217768>>>  Tank #2 Red AI Tank Launch angle not within tolerances, adjusting firing solution...
<<<14:52:00:217768>>>  Tank #2 Red AI Tank Launch speed not within tolerances, adjusting firing solution...
<<<14:52:00:217768>>>  Tank #2 Red AI Tank adjusted targeting angle one unit CW...
<<<14:52:00:217768>>>  Tank #3 Yellow AI Tank is checking targeting info...
<<<14:52:00:217768>>>  Tank #3 Yellow AI Tank Launch angle not within tolerances, adjusting firing solution...
<<<14:52:00:217768>>>  Tank #3 Yellow AI Tank Launch speed not within tolerances, adjusting firing solution...
<<<14:52:00:217768>>>  Tank #3 Yellow AI Tank adjusted targeting angle one unit CCW...
<<<14:52:00:234546>>>  Tank #2 Red AI Tank is checking targeting info...
<<<14:52:00:234546>>>  Tank #2 Red AI Tank Launch angle not within tolerances, adjusting firing solution...
<<<14:52:00:234546>>>  Tank #2 Red AI Tank Launch speed not within tolerances, adjusting firing solution...
<<<14:52:00:234546>>>  Tank #2 Red AI Tank adjusted targeting angle one unit CW...
<<<14:52:00:234546>>>  Tank #3 Yellow AI Tank is checking targeting info...
<<<14:52:00:234546>>>  Tank #3 Yellow AI Tank Launch angle not within tolerances, adjusting firing solution...
<<<14:52:00:234546>>>  Tank #3 Yellow AI Tank Launch speed not within tolerances, adjusting firing solution...
<<<14:52:00:234546>>>  Tank #3 Yellow AI Tank adjusted targeting angle one unit CCW...
<<<14:52:00:250678>>>  Deleting effect pixie thawing...
<<<14:52:00:250678>>>  Deleting effect pixie thawing...
<<<14:52:00:250678>>>  Tank #2 Red AI Tank is checking targeting info...
<<<14:52:00:250678>>>  Tank #2 Red AI Tank Launch angle not within tolerances, adjusting firing solution...
<<<14:52:00:250678>>>  Tank #2 Red AI Tank Launch speed not within tolerances, adjusting firing solution...
<<<14:52:00:250678>>>  Tank #2 Red AI Tank adjusted targeting angle one unit CW...
<<<14:52:00:250678>>>  Tank #3 Yellow AI Tank is checking targeting info...
<<<14:52:00:250678>>>  Tank #3 Yellow AI Tank Launch angle not within tolerances, adjusting firing solution...
<<<14:52:00:250678>>>  Tank #3 Yellow AI Tank Launch speed not within tolerances, adjusting firing solution...
<<<14:52:00:250678>>>  Tank #3 Yellow AI Tank adjusted targeting angle one unit CCW...
<<<14:52:00:267389>>>  Tank #2 Red AI Tank is checking targeting info...
<<<14:52:00:267389>>>  Tank #2 Red AI Tank Launch angle not within tolerances, adjusting firing solution...
<<<14:52:00:267389>>>  Tank #2 Red AI Tank Launch speed not within tolerances, adjusting firing solution...
<<<14:52:00:267389>>>  Tank #2 Red AI Tank adjusted targeting angle one unit CW...
<<<14:52:00:267389>>>  Tank #3 Yellow AI Tank is checking targeting info...
<<<14:52:00:267389>>>  Tank #3 Yellow AI Tank Launch angle not within tolerances, adjusting firing solution...
<<<14:52:00:267389>>>  Tank #3 Yellow AI Tank Launch speed not within tolerances, adjusting firing solution...
<<<14:52:00:267389>>>  Tank #3 Yellow AI Tank adjusted targeting angle one unit CCW...
<<<14:52:00:283619>>>  Tank #2 Red AI Tank is checking targeting info...
<<<14:52:00:283619>>>  Tank #2 Red AI Tank Launch angle not within tolerances, adjusting firing solution...
<<<14:52:00:283619>>>  Tank #2 Red AI Tank Launch speed not within tolerances, adjusting firing solution...
<<<14:52:00:283619>>>  Tank #2 Red AI Tank adjusted targeting angle one unit CW...
<<<14:52:00:283619>>>  Tank #3 Yellow AI Tank is checking targeting info...
<<<14:52:00:283619>>>  Tank #3 Yellow AI Tank Launch angle not within tolerances, adjusting firing solution...
<<<14:52:00:283619>>>  Tank #3 Yellow AI Tank Launch speed not within tolerances, adjusting firing solution...
<<<14:52:00:283619>>>  Tank #3 Yellow AI Tank adjusted targeting angle one unit CCW...
<<<14:52:00:299180>>>  Tank #2 Red AI Tank is checking targeting info...
<<<14:52:00:299180>>>  Tank #2 Red AI Tank Launch angle not within tolerances, adjusting firing solution...
<<<14:52:00:299180>>>  Tank #2 Red AI Tank Launch speed not within tolerances, adjusting firing solution...
<<<14:52:00:299180>>>  Tank #2 Red AI Tank adjusted targeting angle one unit CW...
<<<14:52:00:299180>>>  Tank #3 Yellow AI Tank is checking targeting info...
<<<14:52:00:299180>>>  Tank #3 Yellow AI Tank Launch angle not within tolerances, adjusting firing solution...
<<<14:52:00:299180>>>  Tank #3 Yellow AI Tank Launch speed not within tolerances, adjusting firing solution...
<<<14:52:00:299180>>>  Tank #3 Yellow AI Tank adjusted targeting angle one unit CCW...
<<<14:52:00:315372>>>  Tank #2 Red AI Tank is checking targeting info...
<<<14:52:00:315372>>>  Tank #2 Red AI Tank Launch angle not within tolerances, adjusting firing solution...
<<<14:52:00:315372>>>  Tank #2 Red AI Tank Launch speed not within tolerances, adjusting firing solution...
<<<14:52:00:315372>>>  Tank #2 Red AI Tank adjusted targeting angle one unit CW...
<<<14:52:00:315372>>>  Tank #3 Yellow AI Tank is checking targeting info...
<<<14:52:00:315372>>>  Tank #3 Yellow AI Tank Launch angle not within tolerances, adjusting firing solution...
<<<14:52:00:315372>>>  Tank #3 Yellow AI Tank Launch speed not within tolerances, adjusting firing solution...
<<<14:52:00:315372>>>  Tank #3 Yellow AI Tank adjusted targeting angle one unit CCW...
<<<14:52:00:332105>>>  Tank #2 Red AI Tank is checking targeting info...
<<<14:52:00:332105>>>  Tank #2 Red AI Tank Launch angle not within tolerances, adjusting firing solution...
<<<14:52:00:332105>>>  Tank #2 Red AI Tank Launch speed not within tolerances, adjusting firing solution...
<<<14:52:00:332105>>>  Tank #2 Red AI Tank adjusted targeting angle one unit CW...
<<<14:52:00:332105>>>  Tank #3 Yellow AI Tank is checking targeting info...
<<<14:52:00:332105>>>  Tank #3 Yellow AI Tank Launch angle not within tolerances, adjusting firing solution...
<<<14:52:00:332105>>>  Tank #3 Yellow AI Tank Launch speed not within tolerances, adjusting firing solution...
<<<14:52:00:332105>>>  Tank #3 Yellow AI Tank adjusted targeting angle one unit CCW...
<<<14:52:00:348592>>>  Tank #2 Red AI Tank is checking targeting info...
<<<14:52:00:348592>>>  Tank #2 Red AI Tank Launch angle not within tolerances, adjusting firing solution...
<<<14:52:00:348592>>>  Tank #2 Red AI Tank Launch speed not within tolerances, adjusting firing solution...
<<<14:52:00:348592>>>  Tank #2 Red AI Tank adjusted targeting angle one unit CW...
<<<14:52:00:348592>>>  Tank #3 Yellow AI Tank is checking targeting info...
<<<14:52:00:348592>>>  Tank #3 Yellow AI Tank Launch angle not within tolerances, adjusting firing solution...
<<<14:52:00:348592>>>  Tank #3 Yellow AI Tank Launch speed not within tolerances, adjusting firing solution...
<<<14:52:00:348592>>>  Tank #3 Yellow AI Tank adjusted targeting angle one unit CCW...
<<<14:52:00:363990>>>  Tank #2 Red AI Tank is checking targeting info...
<<<14:52:00:363990>>>  Tank #2 Red AI Tank Launch angle not within tolerances, adjusting firing solution...
<<<14:52:00:363990>>>  Tank #2 Red AI Tank Launch speed not within tolerances, adjusting firing solution...
<<<14:52:00:363990>>>  Tank #2 Red AI Tank adjusted targeting angle one unit CW...
<<<14:52:00:363990>>>  Tank #3 Yellow AI Tank is checking targeting info...
<<<14:52:00:363990>>>  Tank #3 Yellow AI Tank Launch angle not within tolerances, adjusting firing solution...
<<<14:52:00:363990>>>  Tank #3 Yellow AI Tank Launch speed not within tolerances, adjusting firing solution...
<<<14:52:00:363990>>>  Tank #3 Yellow AI Tank adjusted targeting angle one unit CCW...
<<<14:52:00:381211>>>  Tank #2 Red AI Tank is checking targeting info...
<<<14:52:00:381211>>>  Tank #2 Red AI Tank Launch angle not within tolerances, adjusting firing solution...
<<<14:52:00:381211>>>  Tank #2 Red AI Tank Launch speed not within tolerances, adjusting firing solution...
<<<14:52:00:381211>>>  Tank #2 Red AI Tank adjusted targeting angle one unit CW...
<<<14:52:00:381211>>>  Tank #3 Yellow AI Tank is checking targeting info...
<<<14:52:00:381211>>>  Tank #3 Yellow AI Tank Launch angle not within tolerances, adjusting firing solution...
<<<14:52:00:381211>>>  Tank #3 Yellow AI Tank Launch speed not within tolerances, adjusting firing solution...
<<<14:52:00:381211>>>  Tank #3 Yellow AI Tank adjusted targeting angle one unit CCW...
<<<14:52:00:397463>>>  Tank #2 Red AI Tank is checking targeting info...
<<<14:52:00:397463>>>  Tank #2 Red AI Tank Launch angle not within tolerances, adjusting firing solution...
<<<14:52:00:397463>>>  Tank #2 Red AI Tank Launch speed not within tolerances, adjusting firing solution...
<<<14:52:00:397463>>>  Tank #2 Red AI Tank adjusted targeting angle one unit CW...
<<<14:52:00:397463>>>  Tank #3 Yellow AI Tank is checking targeting info...
<<<14:52:00:397463>>>  Tank #3 Yellow AI Tank Launch angle not within tolerances, adjusting firing solution...
<<<14:52:00:397463>>>  Tank #3 Yellow AI Tank Launch speed not within tolerances, adjusting firing solution...
<<<14:52:00:397463>>>  Tank #3 Yellow AI Tank adjusted targeting angle one unit CCW...
<<<14:52:00:413557>>>  Tank #2 Red AI Tank is checking targeting info...
<<<14:52:00:413557>>>  Tank #2 Red AI Tank Launch angle not within tolerances, adjusting firing solution...
<<<14:52:00:413557>>>  Tank #2 Red AI Tank Launch speed not within tolerances, adjusting firing solution...
<<<14:52:00:413557>>>  Tank #2 Red AI Tank adjusted targeting angle one unit CW...
<<<14:52:00:413557>>>  Tank #3 Yellow AI Tank is checking targeting info...
<<<14:52:00:413557>>>  Tank #3 Yellow AI Tank Launch angle not within tolerances, adjusting firing solution...
<<<14:52:00:413557>>>  Tank #3 Yellow AI Tank Launch speed not within tolerances, adjusting firing solution...
<<<14:52:00:413557>>>  Tank #3 Yellow AI Tank adjusted targeting angle one unit CCW...
<<<14:52:00:429784>>>  Tank #2 Red AI Tank is checking targeting info...
<<<14:52:00:429784>>>  Tank #2 Red AI Tank Launch angle not within tolerances, adjusting firing solution...
<<<14:52:00:429784>>>  Tank #2 Red AI Tank Launch speed not within tolerances, adjusting firing solution...
<<<14:52:00:429784>>>  Tank #2 Red AI Tank adjusted targeting angle one unit CW...
<<<14:52:00:429784>>>  Tank #3 Yellow AI Tank is checking targeting info...
<<<14:52:00:429784>>>  Tank #3 Yellow AI Tank Launch angle not within tolerances, adjusting firing solution...
<<<14:52:00:429784>>>  Tank #3 Yellow AI Tank Launch speed not within tolerances, adjusting firing solution...
<<<14:52:00:429784>>>  Tank #3 Yellow AI Tank adjusted targeting angle one unit CCW...
<<<14:52:00:446139>>>  Tank #2 Red AI Tank is checking targeting info...
<<<14:52:00:446139>>>  Tank #2 Red AI Tank Launch angle not within tolerances, adjusting firing solution...
<<<14:52:00:446139>>>  Tank #2 Red AI Tank Launch speed not within tolerances, adjusting firing solution...
<<<14:52:00:446139>>>  Tank #2 Red AI Tank adjusted targeting angle one unit CW...
<<<14:52:00:446139>>>  Tank #3 Yellow AI Tank is checking targeting info...
<<<14:52:00:446139>>>  Tank #3 Yellow AI Tank Launch angle not within tolerances, adjusting firing solution...
<<<14:52:00:446139>>>  Tank #3 Yellow AI Tank Launch speed not within tolerances, adjusting firing solution...
<<<14:52:00:446139>>>  Tank #3 Yellow AI Tank adjusted targeting angle one unit CCW...
<<<14:52:00:462060>>>  Tank #2 Red AI Tank is checking targeting info...
<<<14:52:00:462060>>>  Tank #2 Red AI Tank Launch angle not within tolerances, adjusting firing solution...
<<<14:52:00:462060>>>  Tank #2 Red AI Tank Launch speed not within tolerances, adjusting firing solution...
<<<14:52:00:462060>>>  Tank #2 Red AI Tank adjusted targeting angle one unit CW...
<<<14:52:00:462060>>>  Tank #3 Yellow AI Tank is checking targeting info...
<<<14:52:00:462060>>>  Tank #3 Yellow AI Tank Launch angle not within tolerances, adjusting firing solution...
<<<14:52:00:462060>>>  Tank #3 Yellow AI Tank Launch speed not within tolerances, adjusting firing solution...
<<<14:52:00:462060>>>  Tank #3 Yellow AI Tank adjusted targeting angle one unit CCW...
<<<14:52:00:478457>>>  Tank #2 Red AI Tank is checking targeting info...
<<<14:52:00:478457>>>  Tank #2 Red AI Tank Launch angle not within tolerances, adjusting firing solution...
<<<14:52:00:478457>>>  Tank #2 Red AI Tank Launch speed not within tolerances, adjusting firing solution...
<<<14:52:00:478457>>>  Tank #2 Red AI Tank adjusted targeting angle one unit CW...
<<<14:52:00:478457>>>  Tank #3 Yellow AI Tank is checking targeting info...
<<<14:52:00:478457>>>  Tank #3 Yellow AI Tank Launch angle not within tolerances, adjusting firing solution...
<<<14:52:00:478457>>>  Tank #3 Yellow AI Tank Launch speed not within tolerances, adjusting firing solution...
<<<14:52:00:478457>>>  Tank #3 Yellow AI Tank adjusted targeting angle one unit CCW...
<<<14:52:00:494520>>>  Tank #2 Red AI Tank is checking targeting info...
<<<14:52:00:494520>>>  Tank #2 Red AI Tank Launch angle not within tolerances, adjusting firing solution...
<<<14:52:00:494520>>>  Tank #2 Red AI Tank Launch speed not within tolerances, adjusting firing solution...
<<<14:52:00:494520>>>  Tank #2 Red AI Tank adjusted targeting angle one unit CW...
<<<14:52:00:494520>>>  Tank #3 Yellow AI Tank is checking targeting info...
<<<14:52:00:494520>>>  Tank #3 Yellow AI Tank Launch angle not within tolerances, adjusting firing solution...
<<<14:52:00:494520>>>  Tank #3 Yellow AI Tank Launch speed not within tolerances, adjusting firing solution...
<<<14:52:00:494520>>>  Tank #3 Yellow AI Tank adjusted targeting angle one unit CCW...
<<<14:52:00:510641>>>  Tank #2 Red AI Tank is checking targeting info...
<<<14:52:00:510641>>>  Tank #2 Red AI Tank Launch angle not within tolerances, adjusting firing solution...
<<<14:52:00:510641>>>  Tank #2 Red AI Tank Launch speed not within tolerances, adjusting firing solution...
<<<14:52:00:510641>>>  Tank #2 Red AI Tank adjusted targeting angle one unit CW...
<<<14:52:00:510641>>>  Tank #3 Yellow AI Tank is checking targeting info...
<<<14:52:00:510641>>>  Tank #3 Yellow AI Tank Launch angle not within tolerances, adjusting firing solution...
<<<14:52:00:510641>>>  Tank #3 Yellow AI Tank Launch speed not within tolerances, adjusting firing solution...
<<<14:52:00:510641>>>  Tank #3 Yellow AI Tank adjusted targeting angle one unit CCW...
<<<14:52:00:526762>>>  Tank #2 Red AI Tank is checking targeting info...
<<<14:52:00:526762>>>  Tank #2 Red AI Tank Launch angle not within tolerances, adjusting firing solution...
<<<14:52:00:526762>>>  Tank #2 Red AI Tank Launch speed not within tolerances, adjusting firing solution...
<<<14:52:00:526762>>>  Tank #2 Red AI Tank adjusted targeting angle one unit CW...
<<<14:52:00:526762>>>  Tank #3 Yellow AI Tank is checking targeting info...
<<<14:52:00:526762>>>  Tank #3 Yellow AI Tank Launch angle not within tolerances, adjusting firing solution...
<<<14:52:00:526762>>>  Tank #3 Yellow AI Tank Launch speed not within tolerances, adjusting firing solution...
<<<14:52:00:526762>>>  Tank #3 Yellow AI Tank adjusted targeting angle one unit CCW...
<<<14:52:00:543161>>>  Tank #2 Red AI Tank is checking targeting info...
<<<14:52:00:543161>>>  Tank #2 Red AI Tank Launch angle not within tolerances, adjusting firing solution...
<<<14:52:00:543161>>>  Tank #2 Red AI Tank Launch speed not within tolerances, adjusting firing solution...
<<<14:52:00:543161>>>  Tank #2 Red AI Tank adjusted targeting angle one unit CW...
<<<14:52:00:543161>>>  Tank #3 Yellow AI Tank is checking targeting info...
<<<14:52:00:543161>>>  Tank #3 Yellow AI Tank Launch angle not within tolerances, adjusting firing solution...
<<<14:52:00:543161>>>  Tank #3 Yellow AI Tank Launch speed not within tolerances, adjusting firing solution...
<<<14:52:00:543161>>>  Tank #3 Yellow AI Tank adjusted targeting angle one unit CCW...
<<<14:52:00:559434>>>  Tank #2 Red AI Tank is checking targeting info...
<<<14:52:00:559434>>>  Tank #2 Red AI Tank Launch angle not within tolerances, adjusting firing solution...
<<<14:52:00:559434>>>  Tank #2 Red AI Tank Launch speed not within tolerances, adjusting firing solution...
<<<14:52:00:559434>>>  Tank #2 Red AI Tank adjusted targeting angle one unit CW...
<<<14:52:00:559434>>>  Tank #3 Yellow AI Tank is checking targeting info...
<<<14:52:00:559434>>>  Tank #3 Yellow AI Tank Launch angle not within tolerances, adjusting firing solution...
<<<14:52:00:559434>>>  Tank #3 Yellow AI Tank Launch speed not within tolerances, adjusting firing solution...
<<<14:52:00:559434>>>  Tank #3 Yellow AI Tank adjusted targeting angle one unit CCW...
<<<14:52:00:575824>>>  Tank #2 Red AI Tank is checking targeting info...
<<<14:52:00:575824>>>  Tank #2 Red AI Tank Launch angle not within tolerances, adjusting firing solution...
<<<14:52:00:575824>>>  Tank #2 Red AI Tank Launch speed not within tolerances, adjusting firing solution...
<<<14:52:00:575824>>>  Tank #2 Red AI Tank adjusted targeting angle one unit CW...
<<<14:52:00:575824>>>  Tank #3 Yellow AI Tank is checking targeting info...
<<<14:52:00:575824>>>  Tank #3 Yellow AI Tank Launch angle not within tolerances, adjusting firing solution...
<<<14:52:00:575824>>>  Tank #3 Yellow AI Tank Launch speed not within tolerances, adjusting firing solution...
<<<14:52:00:575824>>>  Tank #3 Yellow AI Tank adjusted targeting angle one unit CCW...
<<<14:52:00:591916>>>  Tank #2 Red AI Tank is checking targeting info...
<<<14:52:00:591916>>>  Tank #2 Red AI Tank Launch angle not within tolerances, adjusting firing solution...
<<<14:52:00:591916>>>  Tank #2 Red AI Tank Launch speed not within tolerances, adjusting firing solution...
<<<14:52:00:591916>>>  Tank #2 Red AI Tank adjusted targeting angle one unit CW...
<<<14:52:00:591916>>>  Tank #3 Yellow AI Tank is checking targeting info...
<<<14:52:00:591916>>>  Tank #3 Yellow AI Tank Launch angle not within tolerances, adjusting firing solution...
<<<14:52:00:591916>>>  Tank #3 Yellow AI Tank Launch speed not within tolerances, adjusting firing solution...
<<<14:52:00:591916>>>  Tank #3 Yellow AI Tank adjusted targeting angle one unit CCW...
<<<14:52:00:607988>>>  Tank #2 Red AI Tank is checking targeting info...
<<<14:52:00:607988>>>  Tank #2 Red AI Tank Launch angle not within tolerances, adjusting firing solution...
<<<14:52:00:607988>>>  Tank #2 Red AI Tank Launch speed not within tolerances, adjusting firing solution...
<<<14:52:00:607988>>>  Tank #2 Red AI Tank adjusted targeting angle one unit CW...
<<<14:52:00:607988>>>  Tank #3 Yellow AI Tank is checking targeting info...
<<<14:52:00:607988>>>  Tank #3 Yellow AI Tank Launch angle not within tolerances, adjusting firing solution...
<<<14:52:00:607988>>>  Tank #3 Yellow AI Tank Launch speed not within tolerances, adjusting firing solution...
<<<14:52:00:607988>>>  Tank #3 Yellow AI Tank adjusted targeting angle one unit CCW...
<<<14:52:00:624443>>>  Successfully removed spellready icon from Tank #1 Green Player Tank's effect list!
<<<14:52:00:625447>>>  Tank #2 Red AI Tank is checking targeting info...
<<<14:52:00:625447>>>  Tank #2 Red AI Tank Launch angle not within tolerances, adjusting firing solution...
<<<14:52:00:625447>>>  Tank #2 Red AI Tank Launch speed not within tolerances, adjusting firing solution...
<<<14:52:00:625447>>>  Tank #2 Red AI Tank adjusted targeting angle one unit CW...
<<<14:52:00:625447>>>  Tank #3 Yellow AI Tank is checking targeting info...
<<<14:52:00:625447>>>  Tank #3 Yellow AI Tank Launch angle not within tolerances, adjusting firing solution...
<<<14:52:00:625447>>>  Tank #3 Yellow AI Tank Launch speed not within tolerances, adjusting firing solution...
<<<14:52:00:625447>>>  Tank #3 Yellow AI Tank adjusted targeting angle one unit CCW...
<<<14:52:00:640109>>>  Tank #2 Red AI Tank is checking targeting info...
<<<14:52:00:640109>>>  Tank #2 Red AI Tank increased launch speed one unit...
<<<14:52:00:640109>>>  Tank #3 Yellow AI Tank is checking targeting info...
<<<14:52:00:640109>>>  Tank #3 Yellow AI Tank increased launch speed one unit...
<<<14:52:00:656655>>>  Tank #2 Red AI Tank is checking targeting info...
<<<14:52:00:656655>>>  Tank #2 Red AI Tank increased launch speed one unit...
<<<14:52:00:656655>>>  Tank #3 Yellow AI Tank is checking targeting info...
<<<14:52:00:656655>>>  Tank #3 Yellow AI Tank increased launch speed one unit...
<<<14:52:00:672061>>>  Tank #2 Red AI Tank is checking targeting info...
<<<14:52:00:672061>>>  Tank #2 Red AI Tank increased launch speed one unit...
<<<14:52:00:672061>>>  Tank #3 Yellow AI Tank is checking targeting info...
<<<14:52:00:672061>>>  Tank #3 Yellow AI Tank increased launch speed one unit...
<<<14:52:00:687869>>>  Tank #2 Red AI Tank is checking targeting info...
<<<14:52:00:687869>>>  Tank #2 Red AI Tank increased launch speed one unit...
<<<14:52:00:687869>>>  Tank #3 Yellow AI Tank is checking targeting info...
<<<14:52:00:687869>>>  Tank #3 Yellow AI Tank increased launch speed one unit...
<<<14:52:00:703930>>>  Tank #2 Red AI Tank is checking targeting info...
<<<14:52:00:703930>>>  Tank #2 Red AI Tank increased launch speed one unit...
<<<14:52:00:703930>>>  Tank #3 Yellow AI Tank is checking targeting info...
<<<14:52:00:703930>>>  Tank #3 Yellow AI Tank increased launch speed one unit...
<<<14:52:00:721124>>>  Tank #2 Red AI Tank is checking targeting info...
<<<14:52:00:721124>>>  Tank #2 Red AI Tank increased launch speed one unit...
<<<14:52:00:721124>>>  Tank #3 Yellow AI Tank is checking targeting info...
<<<14:52:00:721124>>>  Tank #3 Yellow AI Tank increased launch speed one unit...
<<<14:52:00:737283>>>  Tank #2 Red AI Tank is checking targeting info...
<<<14:52:00:737283>>>  Tank #2 Red AI Tank increased launch speed one unit...
<<<14:52:00:737283>>>  Tank #3 Yellow AI Tank is checking targeting info...
<<<14:52:00:737283>>>  Tank #3 Yellow AI Tank increased launch speed one unit...
<<<14:52:00:753817>>>  Tank #2 Red AI Tank is checking targeting info...
<<<14:52:00:753817>>>  Tank #2 Red AI Tank increased launch speed one unit...
<<<14:52:00:753817>>>  Tank #3 Yellow AI Tank is checking targeting info...
<<<14:52:00:753817>>>  Tank #3 Yellow AI Tank increased launch speed one unit...
<<<14:52:00:771436>>>  Tank #2 Red AI Tank is checking targeting info...
<<<14:52:00:771436>>>  Tank #2 Red AI Tank increased launch speed one unit...
<<<14:52:00:771436>>>  Tank #3 Yellow AI Tank is checking targeting info...
<<<14:52:00:771436>>>  Tank #3 Yellow AI Tank increased launch speed one unit...
<<<14:52:00:787822>>>  Tank #2 Red AI Tank is checking targeting info...
<<<14:52:00:787822>>>  Tank #2 Red AI Tank increased launch speed one unit...
<<<14:52:00:787822>>>  Tank #3 Yellow AI Tank is checking targeting info...
<<<14:52:00:787822>>>  Tank #3 Yellow AI Tank increased launch speed one unit...
<<<14:52:00:804390>>>  Tank #2 Red AI Tank is checking targeting info...
<<<14:52:00:804390>>>  Tank #2 Red AI Tank increased launch speed one unit...
<<<14:52:00:804390>>>  Tank #3 Yellow AI Tank is checking targeting info...
<<<14:52:00:804390>>>  Tank #3 Yellow AI Tank increased launch speed one unit...
<<<14:52:00:819978>>>  Tank #2 Red AI Tank is checking targeting info...
<<<14:52:00:819978>>>  Tank #2 Red AI Tank increased launch speed one unit...
<<<14:52:00:819978>>>  Tank #3 Yellow AI Tank is checking targeting info...
<<<14:52:00:819978>>>  Tank #3 Yellow AI Tank increased launch speed one unit...
<<<14:52:00:836175>>>  Tank #2 Red AI Tank is checking targeting info...
<<<14:52:00:836175>>>  Tank #2 Red AI Tank increased launch speed one unit...
<<<14:52:00:836175>>>  Tank #3 Yellow AI Tank is checking targeting info...
<<<14:52:00:836175>>>  Tank #3 Yellow AI Tank increased launch speed one unit...
<<<14:52:00:852612>>>  Tank #2 Red AI Tank is checking targeting info...
<<<14:52:00:852612>>>  Tank #2 Red AI Tank increased launch speed one unit...
<<<14:52:00:852612>>>  Tank #3 Yellow AI Tank is checking targeting info...
<<<14:52:00:852612>>>  Tank #3 Yellow AI Tank increased launch speed one unit...
<<<14:52:00:868146>>>  Tank #2 Red AI Tank is checking targeting info...
<<<14:52:00:868146>>>  Tank #2 Red AI Tank increased launch speed one unit...
<<<14:52:00:868146>>>  Tank #3 Yellow AI Tank is checking targeting info...
<<<14:52:00:868146>>>  Tank #3 Yellow AI Tank increased launch speed one unit...
<<<14:52:00:884330>>>  Tank #2 Red AI Tank is checking targeting info...
<<<14:52:00:884330>>>  Tank #2 Red AI Tank increased launch speed one unit...
<<<14:52:00:884330>>>  Tank #3 Yellow AI Tank is checking targeting info...
<<<14:52:00:884330>>>  Tank #3 Yellow AI Tank increased launch speed one unit...
<<<14:52:00:900916>>>  Tank #2 Red AI Tank is checking targeting info...
<<<14:52:00:900916>>>  Tank #2 Red AI Tank increased launch speed one unit...
<<<14:52:00:900916>>>  Tank #3 Yellow AI Tank is checking targeting info...
<<<14:52:00:900916>>>  Tank #3 Yellow AI Tank increased launch speed one unit...
<<<14:52:00:918302>>>  Tank #2 Red AI Tank is checking targeting info...
<<<14:52:00:918302>>>  Tank #2 Red AI Tank increased launch speed one unit...
<<<14:52:00:918302>>>  Tank #3 Yellow AI Tank is checking targeting info...
<<<14:52:00:918302>>>  Tank #3 Yellow AI Tank increased launch speed one unit...
<<<14:52:00:934155>>>  Tank #2 Red AI Tank is checking targeting info...
<<<14:52:00:934155>>>  Tank #2 Red AI Tank increased launch speed one unit...
<<<14:52:00:934155>>>  Tank #3 Yellow AI Tank is checking targeting info...
<<<14:52:00:934155>>>  Tank #3 Yellow AI Tank increased launch speed one unit...
<<<14:52:00:950644>>>  Tank #2 Red AI Tank is checking targeting info...
<<<14:52:00:950644>>>  Tank #2 Red AI Tank increased launch speed one unit...
<<<14:52:00:950644>>>  Tank #3 Yellow AI Tank is checking targeting info...
<<<14:52:00:950644>>>  Tank #3 Yellow AI Tank increased launch speed one unit...
<<<14:52:00:967042>>>  Tank #2 Red AI Tank is checking targeting info...
<<<14:52:00:967042>>>  Tank #2 Red AI Tank increased launch speed one unit...
<<<14:52:00:967042>>>  Tank #3 Yellow AI Tank is checking targeting info...
<<<14:52:00:967042>>>  Tank #3 Yellow AI Tank increased launch speed one unit...
<<<14:52:00:983187>>>  Tank #2 Red AI Tank is checking targeting info...
<<<14:52:00:983187>>>  Tank #2 Red AI Tank increased launch speed one unit...
<<<14:52:00:983187>>>  Tank #3 Yellow AI Tank is checking targeting info...
<<<14:52:00:983187>>>  Tank #3 Yellow AI Tank increased launch speed one unit...
<<<14:52:00:998824>>>  Tank #2 Red AI Tank is checking targeting info...
<<<14:52:00:998824>>>  Tank #2 Red AI Tank increased launch speed one unit...
<<<14:52:00:998824>>>  Tank #3 Yellow AI Tank is checking targeting info...
<<<14:52:00:998824>>>  Tank #3 Yellow AI Tank increased launch speed one unit...
<<<14:52:01:015688>>>  Tank #2 Red AI Tank is checking targeting info...
<<<14:52:01:015688>>>  Tank #2 Red AI Tank increased launch speed one unit...
<<<14:52:01:015688>>>  Tank #3 Yellow AI Tank is checking targeting info...
<<<14:52:01:015688>>>  Tank #3 Yellow AI Tank increased launch speed one unit...
<<<14:52:01:033609>>>  Tank #2 Red AI Tank is checking targeting info...
<<<14:52:01:033609>>>  Tank #2 Red AI Tank increased launch speed one unit...
<<<14:52:01:033609>>>  Tank #3 Yellow AI Tank is checking targeting info...
<<<14:52:01:033609>>>  Tank #3 Yellow AI Tank increased launch speed one unit...
<<<14:52:01:049988>>>  Tank #2 Red AI Tank is checking targeting info...
<<<14:52:01:049988>>>  Tank #2 Red AI Tank increased launch speed one unit...
<<<14:52:01:049988>>>  Tank #3 Yellow AI Tank is checking targeting info...
<<<14:52:01:050973>>>  Tank #3 Yellow AI Tank increased launch speed one unit...
<<<14:52:01:067147>>>  Tank #2 Red AI Tank is checking targeting info...
<<<14:52:01:067147>>>  Tank #2 Red AI Tank increased launch speed one unit...
<<<14:52:01:067147>>>  Tank #3 Yellow AI Tank is checking targeting info...
<<<14:52:01:067147>>>  Tank #3 Yellow AI Tank increased launch speed one unit...
<<<14:52:01:084573>>>  Tank #2 Red AI Tank is checking targeting info...
<<<14:52:01:084573>>>  Tank #2 Red AI Tank increased launch speed one unit...
<<<14:52:01:084573>>>  Tank #3 Yellow AI Tank is checking targeting info...
<<<14:52:01:084573>>>  Tank #3 Yellow AI Tank increased launch speed one unit...
<<<14:52:01:100686>>>  Tank #2 Red AI Tank is checking targeting info...
<<<14:52:01:100686>>>  Tank #2 Red AI Tank increased launch speed one unit...
<<<14:52:01:100686>>>  Tank #3 Yellow AI Tank is checking targeting info...
<<<14:52:01:100686>>>  Tank #3 Yellow AI Tank increased launch speed one unit...
<<<14:52:01:118296>>>  Tank #2 Red AI Tank is checking targeting info...
<<<14:52:01:118296>>>  Tank #2 Red AI Tank increased launch speed one unit...
<<<14:52:01:118296>>>  Tank #3 Yellow AI Tank is checking targeting info...
<<<14:52:01:118296>>>  Tank #3 Yellow AI Tank increased launch speed one unit...
<<<14:52:01:134589>>>  Tank #2 Red AI Tank is checking targeting info...
<<<14:52:01:134589>>>  Tank #2 Red AI Tank increased launch speed one unit...
<<<14:52:01:134589>>>  Tank #3 Yellow AI Tank is checking targeting info...
<<<14:52:01:134589>>>  Tank #3 Yellow AI Tank increased launch speed one unit...
<<<14:52:01:150680>>>  Tank #2 Red AI Tank is checking targeting info...
<<<14:52:01:150680>>>  Tank #2 Red AI Tank increased launch speed one unit...
<<<14:52:01:150680>>>  Tank #3 Yellow AI Tank is checking targeting info...
<<<14:52:01:150680>>>  Tank #3 Yellow AI Tank increased launch speed one unit...
<<<14:52:01:168322>>>  Tank #2 Red AI Tank is checking targeting info...
<<<14:52:01:168322>>>  Tank #2 Red AI Tank increased launch speed one unit...
<<<14:52:01:168322>>>  Tank #3 Yellow AI Tank is checking targeting info...
<<<14:52:01:168322>>>  Tank #3 Yellow AI Tank increased launch speed one unit...
<<<14:52:01:184776>>>  Tank #2 Red AI Tank is checking targeting info...
<<<14:52:01:184776>>>  Tank #2 Red AI Tank increased launch speed one unit...
<<<14:52:01:184776>>>  Tank #3 Yellow AI Tank is checking targeting info...
<<<14:52:01:184776>>>  Tank #3 Yellow AI Tank increased launch speed one unit...
<<<14:52:01:201898>>>  Tank #2 Red AI Tank is checking targeting info...
<<<14:52:01:201898>>>  Tank #2 Red AI Tank increased launch speed one unit...
<<<14:52:01:201898>>>  Tank #3 Yellow AI Tank is checking targeting info...
<<<14:52:01:201898>>>  Tank #3 Yellow AI Tank increased launch speed one unit...
<<<14:52:01:217362>>>  Tank #2 Red AI Tank is checking targeting info...
<<<14:52:01:217362>>>  Tank #2 Red AI Tank increased launch speed one unit...
<<<14:52:01:217362>>>  Tank #3 Yellow AI Tank is checking targeting info...
<<<14:52:01:217362>>>  Tank #3 Yellow AI Tank increased launch speed one unit...
<<<14:52:01:233922>>>  Tank #2 Red AI Tank is checking targeting info...
<<<14:52:01:233922>>>  Tank #2 Red AI Tank increased launch speed one unit...
<<<14:52:01:233922>>>  Tank #3 Yellow AI Tank is checking targeting info...
<<<14:52:01:233922>>>  Tank #3 Yellow AI Tank increased launch speed one unit...
<<<14:52:01:251333>>>  Tank #2 Red AI Tank is checking targeting info...
<<<14:52:01:251333>>>  Tank #2 Red AI Tank increased launch speed one unit...
<<<14:52:01:251333>>>  Tank #3 Yellow AI Tank is checking targeting info...
<<<14:52:01:251333>>>  Tank #3 Yellow AI Tank increased launch speed one unit...
<<<14:52:01:267734>>>  Tank #2 Red AI Tank is checking targeting info...
<<<14:52:01:267734>>>  Tank #2 Red AI Tank firing solution within tolerances, not adjusting firing solution...
<<<14:52:01:267734>>>  Tank #2 Red AI Tank attempting to fire cannonball...
<<<14:52:01:267734>>>  Tank #3 Yellow AI Tank is checking targeting info...
<<<14:52:01:267734>>>  Tank #3 Yellow AI Tank firing solution within tolerances, not adjusting firing solution...
<<<14:52:01:267734>>>  Tank #3 Yellow AI Tank attempting to fire cannonball...
<<<14:52:01:284211>>>  Tank #2 Red AI Tank chose to shoot...
<<<14:52:01:284211>>>  Tank #3 Yellow AI Tank chose to shoot...
<<<14:52:01:300806>>>  Tank #2 Red AI Tank is checking targeting info...
<<<14:52:01:300806>>>  Tank #2 Red AI Tank Launch angle not within tolerances, adjusting firing solution...
<<<14:52:01:300806>>>  Tank #2 Red AI Tank adjusted targeting angle one unit CCW...
<<<14:52:01:300806>>>  Tank #3 Yellow AI Tank is checking targeting info...
<<<14:52:01:300806>>>  Tank #3 Yellow AI Tank firing solution within tolerances, not adjusting firing solution...
<<<14:52:01:300806>>>  Tank #3 Yellow AI Tank attempting to fire cannonball...
<<<14:52:01:317518>>>  Tank #2 Red AI Tank is checking targeting info...
<<<14:52:01:317518>>>  Tank #2 Red AI Tank Launch angle not within tolerances, adjusting firing solution...
<<<14:52:01:317518>>>  Tank #2 Red AI Tank adjusted targeting angle one unit CCW...
<<<14:52:01:317518>>>  Tank #3 Yellow AI Tank chose to shoot...
<<<14:52:01:333329>>>  Tank #2 Red AI Tank is checking targeting info...
<<<14:52:01:333329>>>  Tank #2 Red AI Tank Launch angle not within tolerances, adjusting firing solution...
<<<14:52:01:333329>>>  Tank #2 Red AI Tank adjusted targeting angle one unit CCW...
<<<14:52:01:333329>>>  Tank #3 Yellow AI Tank is checking targeting info...
<<<14:52:01:333329>>>  Tank #3 Yellow AI Tank firing solution within tolerances, not adjusting firing solution...
<<<14:52:01:333329>>>  Tank #3 Yellow AI Tank attempting to fire cannonball...
<<<14:52:01:348784>>>  Tank #2 Red AI Tank is checking targeting info...
<<<14:52:01:348784>>>  Tank #2 Red AI Tank Launch angle not within tolerances, adjusting firing solution...
<<<14:52:01:348784>>>  Tank #2 Red AI Tank adjusted targeting angle one unit CCW...
<<<14:52:01:349788>>>  Tank #3 Yellow AI Tank chose to shoot...
<<<14:52:01:365241>>>  Tank #2 Red AI Tank is checking targeting info...
<<<14:52:01:365241>>>  Tank #2 Red AI Tank Launch angle not within tolerances, adjusting firing solution...
<<<14:52:01:365241>>>  Tank #2 Red AI Tank adjusted targeting angle one unit CCW...
<<<14:52:01:365241>>>  Tank #3 Yellow AI Tank is checking targeting info...
<<<14:52:01:365241>>>  Tank #3 Yellow AI Tank firing solution within tolerances, not adjusting firing solution...
<<<14:52:01:365241>>>  Tank #3 Yellow AI Tank attempting to fire cannonball...
<<<14:52:01:381585>>>  Tank #2 Red AI Tank is checking targeting info...
<<<14:52:01:381585>>>  Tank #2 Red AI Tank Launch angle not within tolerances, adjusting firing solution...
<<<14:52:01:381585>>>  Tank #2 Red AI Tank adjusted targeting angle one unit CCW...
<<<14:52:01:381585>>>  Tank #3 Yellow AI Tank chose to move to 0.1765, cururently at 5.7596.
<<<14:52:01:381585>>>  Tank #3 Yellow AI Tank moved one unit CCW...
<<<14:52:01:381585>>>  Tank #3 Yellow AI Tank chose to move...
<<<14:52:01:397852>>>  Tank #2 Red AI Tank is checking targeting info...
<<<14:52:01:397852>>>  Tank #2 Red AI Tank Launch angle not within tolerances, adjusting firing solution...
<<<14:52:01:397852>>>  Tank #2 Red AI Tank adjusted targeting angle one unit CCW...
<<<14:52:01:397852>>>  Tank #3 Yellow AI Tank moved one unit CCW...
<<<14:52:01:414280>>>  Tank #2 Red AI Tank is checking targeting info...
<<<14:52:01:414280>>>  Tank #2 Red AI Tank Launch angle not within tolerances, adjusting firing solution...
<<<14:52:01:414280>>>  Tank #2 Red AI Tank adjusted targeting angle one unit CCW...
<<<14:52:01:414280>>>  Tank #3 Yellow AI Tank moved one unit CCW...
<<<14:52:01:431251>>>  Tank #2 Red AI Tank is checking targeting info...
<<<14:52:01:431251>>>  Tank #2 Red AI Tank Launch angle not within tolerances, adjusting firing solution...
<<<14:52:01:431251>>>  Tank #2 Red AI Tank adjusted targeting angle one unit CCW...
<<<14:52:01:431251>>>  Tank #3 Yellow AI Tank moved one unit CCW...
<<<14:52:01:447190>>>  Tank #2 Red AI Tank is checking targeting info...
<<<14:52:01:447190>>>  Tank #2 Red AI Tank Launch angle not within tolerances, adjusting firing solution...
<<<14:52:01:447190>>>  Tank #2 Red AI Tank adjusted targeting angle one unit CCW...
<<<14:52:01:447190>>>  Tank #3 Yellow AI Tank moved one unit CCW...
<<<14:52:01:463808>>>  Tank #2 Red AI Tank is checking targeting info...
<<<14:52:01:463808>>>  Tank #2 Red AI Tank Launch angle not within tolerances, adjusting firing solution...
<<<14:52:01:463808>>>  Tank #2 Red AI Tank adjusted targeting angle one unit CCW...
<<<14:52:01:464887>>>  Tank #3 Yellow AI Tank moved one unit CCW...
<<<14:52:01:479916>>>  Tank #2 Red AI Tank is checking targeting info...
<<<14:52:01:479916>>>  Tank #2 Red AI Tank Launch angle not within tolerances, adjusting firing solution...
<<<14:52:01:479916>>>  Tank #2 Red AI Tank adjusted targeting angle one unit CCW...
<<<14:52:01:479916>>>  Tank #3 Yellow AI Tank moved one unit CCW...
<<<14:52:01:496474>>>  Tank #2 Red AI Tank is checking targeting info...
<<<14:52:01:496474>>>  Tank #2 Red AI Tank Launch angle not within tolerances, adjusting firing solution...
<<<14:52:01:496474>>>  Tank #2 Red AI Tank adjusted targeting angle one unit CCW...
<<<14:52:01:497647>>>  Tank #3 Yellow AI Tank moved one unit CCW...
<<<14:52:01:512555>>>  Tank #2 Red AI Tank is checking targeting info...
<<<14:52:01:512555>>>  Tank #2 Red AI Tank Launch angle not within tolerances, adjusting firing solution...
<<<14:52:01:512555>>>  Tank #2 Red AI Tank adjusted targeting angle one unit CCW...
<<<14:52:01:512555>>>  Tank #3 Yellow AI Tank moved one unit CCW...
<<<14:52:01:528310>>>  Tank #2 Red AI Tank is checking targeting info...
<<<14:52:01:528310>>>  Tank #2 Red AI Tank Launch angle not within tolerances, adjusting firing solution...
<<<14:52:01:528310>>>  Tank #2 Red AI Tank adjusted targeting angle one unit CCW...
<<<14:52:01:529387>>>  Tank #3 Yellow AI Tank moved one unit CCW...
<<<14:52:01:544854>>>  Tank #2 Red AI Tank is checking targeting info...
<<<14:52:01:544854>>>  Tank #2 Red AI Tank Launch angle not within tolerances, adjusting firing solution...
<<<14:52:01:544854>>>  Tank #2 Red AI Tank adjusted targeting angle one unit CCW...
<<<14:52:01:544854>>>  Tank #3 Yellow AI Tank moved one unit CCW...
<<<14:52:01:561161>>>  Tank #2 Red AI Tank is checking targeting info...
<<<14:52:01:561161>>>  Tank #2 Red AI Tank Launch angle not within tolerances, adjusting firing solution...
<<<14:52:01:561161>>>  Tank #2 Red AI Tank adjusted targeting angle one unit CCW...
<<<14:52:01:561161>>>  Tank #3 Yellow AI Tank moved one unit CCW...
<<<14:52:01:578760>>>  Tank #2 Red AI Tank is checking targeting info...
<<<14:52:01:578760>>>  Tank #2 Red AI Tank Launch angle not within tolerances, adjusting firing solution...
<<<14:52:01:578760>>>  Tank #2 Red AI Tank adjusted targeting angle one unit CCW...
<<<14:52:01:578760>>>  Tank #3 Yellow AI Tank moved one unit CCW...
<<<14:52:01:594512>>>  Tank #2 Red AI Tank is checking targeting info...
<<<14:52:01:594512>>>  Tank #2 Red AI Tank Launch angle not within tolerances, adjusting firing solution...
<<<14:52:01:594512>>>  Tank #2 Red AI Tank adjusted targeting angle one unit CCW...
<<<14:52:01:594512>>>  Tank #3 Yellow AI Tank moved one unit CCW...
<<<14:52:01:610064>>>  Tank #2 Red AI Tank is checking targeting info...
<<<14:52:01:610064>>>  Tank #2 Red AI Tank Launch angle not within tolerances, adjusting firing solution...
<<<14:52:01:610064>>>  Tank #2 Red AI Tank adjusted targeting angle one unit CCW...
<<<14:52:01:610064>>>  Tank #3 Yellow AI Tank moved one unit CCW...
<<<14:52:01:626411>>>  Tank #2 Red AI Tank is checking targeting info...
<<<14:52:01:626411>>>  Tank #2 Red AI Tank Launch angle not within tolerances, adjusting firing solution...
<<<14:52:01:626411>>>  Tank #2 Red AI Tank adjusted targeting angle one unit CCW...
<<<14:52:01:627419>>>  Tank #3 Yellow AI Tank moved one unit CCW...
<<<14:52:01:643007>>>  Tank #2 Red AI Tank is checking targeting info...
<<<14:52:01:643007>>>  Tank #2 Red AI Tank Launch angle not within tolerances, adjusting firing solution...
<<<14:52:01:643007>>>  Tank #2 Red AI Tank adjusted targeting angle one unit CCW...
<<<14:52:01:643007>>>  Tank #3 Yellow AI Tank moved one unit CCW...
<<<14:52:01:659595>>>  Tank #2 Red AI Tank is checking targeting info...
<<<14:52:01:659595>>>  Tank #2 Red AI Tank Launch angle not within tolerances, adjusting firing solution...
<<<14:52:01:659595>>>  Tank #2 Red AI Tank adjusted targeting angle one unit CCW...
<<<14:52:01:660674>>>  Tank #3 Yellow AI Tank moved one unit CCW...
<<<14:52:01:675234>>>  Tank #2 Red AI Tank is checking targeting info...
<<<14:52:01:675234>>>  Tank #2 Red AI Tank Launch angle not within tolerances, adjusting firing solution...
<<<14:52:01:675234>>>  Tank #2 Red AI Tank adjusted targeting angle one unit CCW...
<<<14:52:01:675234>>>  Tank #3 Yellow AI Tank moved one unit CCW...
<<<14:52:01:691300>>>  Tank #2 Red AI Tank is checking targeting info...
<<<14:52:01:691300>>>  Tank #2 Red AI Tank Launch angle not within tolerances, adjusting firing solution...
<<<14:52:01:691300>>>  Tank #2 Red AI Tank adjusted targeting angle one unit CCW...
<<<14:52:01:691300>>>  Tank #3 Yellow AI Tank moved one unit CCW...
<<<14:52:01:707563>>>  Tank #2 Red AI Tank is checking targeting info...
<<<14:52:01:707563>>>  Tank #2 Red AI Tank Launch angle not within tolerances, adjusting firing solution...
<<<14:52:01:707563>>>  Tank #2 Red AI Tank adjusted targeting angle one unit CCW...
<<<14:52:01:707563>>>  Tank #3 Yellow AI Tank moved one unit CCW...
<<<14:52:01:723636>>>  Tank #2 Red AI Tank is checking targeting info...
<<<14:52:01:723636>>>  Tank #2 Red AI Tank Launch angle not within tolerances, adjusting firing solution...
<<<14:52:01:723636>>>  Tank #2 Red AI Tank adjusted targeting angle one unit CCW...
<<<14:52:01:723636>>>  Tank #3 Yellow AI Tank moved one unit CCW...
<<<14:52:01:739806>>>  Tank #2 Red AI Tank is checking targeting info...
<<<14:52:01:739806>>>  Tank #2 Red AI Tank Launch angle not within tolerances, adjusting firing solution...
<<<14:52:01:739806>>>  Tank #2 Red AI Tank adjusted targeting angle one unit CCW...
<<<14:52:01:739806>>>  Tank #3 Yellow AI Tank moved one unit CCW...
<<<14:52:01:756151>>>  Tank #2 Red AI Tank is checking targeting info...
<<<14:52:01:756151>>>  Tank #2 Red AI Tank Launch angle not within tolerances, adjusting firing solution...
<<<14:52:01:756151>>>  Tank #2 Red AI Tank adjusted targeting angle one unit CCW...
<<<14:52:01:756151>>>  Tank #3 Yellow AI Tank moved one unit CCW...
<<<14:52:01:772483>>>  Tank #2 Red AI Tank is checking targeting info...
<<<14:52:01:772483>>>  Tank #2 Red AI Tank Launch angle not within tolerances, adjusting firing solution...
<<<14:52:01:772483>>>  Tank #2 Red AI Tank adjusted targeting angle one unit CCW...
<<<14:52:01:772483>>>  Tank #3 Yellow AI Tank moved one unit CCW...
<<<14:52:01:788205>>>  Tank #2 Red AI Tank is checking targeting info...
<<<14:52:01:788205>>>  Tank #2 Red AI Tank Launch angle not within tolerances, adjusting firing solution...
<<<14:52:01:788205>>>  Tank #2 Red AI Tank adjusted targeting angle one unit CCW...
<<<14:52:01:788205>>>  Tank #3 Yellow AI Tank moved one unit CCW...
<<<14:52:01:804761>>>  Tank #2 Red AI Tank is checking targeting info...
<<<14:52:01:804761>>>  Tank #2 Red AI Tank Launch angle not within tolerances, adjusting firing solution...
<<<14:52:01:804761>>>  Tank #2 Red AI Tank adjusted targeting angle one unit CCW...
<<<14:52:01:804761>>>  Tank #3 Yellow AI Tank moved one unit CCW...
<<<14:52:01:822283>>>  Tank #2 Red AI Tank is checking targeting info...
<<<14:52:01:822283>>>  Tank #2 Red AI Tank Launch angle not within tolerances, adjusting firing solution...
<<<14:52:01:822283>>>  Tank #2 Red AI Tank adjusted targeting angle one unit CCW...
<<<14:52:01:822283>>>  Tank #3 Yellow AI Tank moved one unit CCW...
<<<14:52:01:837106>>>  Tank #2 Red AI Tank is checking targeting info...
<<<14:52:01:837106>>>  Tank #2 Red AI Tank Launch angle not within tolerances, adjusting firing solution...
<<<14:52:01:837106>>>  Tank #2 Red AI Tank adjusted targeting angle one unit CCW...
<<<14:52:01:838115>>>  Tank #3 Yellow AI Tank moved one unit CCW...
<<<14:52:01:853733>>>  Tank #2 Red AI Tank is checking targeting info...
<<<14:52:01:853733>>>  Tank #2 Red AI Tank Launch angle not within tolerances, adjusting firing solution...
<<<14:52:01:853733>>>  Tank #2 Red AI Tank adjusted targeting angle one unit CCW...
<<<14:52:01:853733>>>  Tank #3 Yellow AI Tank moved one unit CCW...
<<<14:52:01:870089>>>  Tank #2 Red AI Tank is checking targeting info...
<<<14:52:01:870089>>>  Tank #2 Red AI Tank Launch angle not within tolerances, adjusting firing solution...
<<<14:52:01:870089>>>  Tank #2 Red AI Tank adjusted targeting angle one unit CCW...
<<<14:52:01:870089>>>  Tank #3 Yellow AI Tank moved one unit CCW...
<<<14:52:01:886512>>>  Tank #2 Red AI Tank is checking targeting info...
<<<14:52:01:886512>>>  Tank #2 Red AI Tank Launch angle not within tolerances, adjusting firing solution...
<<<14:52:01:886512>>>  Tank #2 Red AI Tank adjusted targeting angle one unit CCW...
<<<14:52:01:887586>>>  Tank #3 Yellow AI Tank moved one unit CCW...
<<<14:52:01:902884>>>  Tank #2 Red AI Tank is checking targeting info...
<<<14:52:01:902884>>>  Tank #2 Red AI Tank Launch angle not within tolerances, adjusting firing solution...
<<<14:52:01:902884>>>  Tank #2 Red AI Tank adjusted targeting angle one unit CCW...
<<<14:52:01:902884>>>  Tank #3 Yellow AI Tank moved one unit CCW...
<<<14:52:01:920512>>>  Tank #2 Red AI Tank is checking targeting info...
<<<14:52:01:920512>>>  Tank #2 Red AI Tank Launch angle not within tolerances, adjusting firing solution...
<<<14:52:01:920512>>>  Tank #2 Red AI Tank adjusted targeting angle one unit CCW...
<<<14:52:01:920512>>>  Tank #3 Yellow AI Tank moved one unit CCW...
<<<14:52:01:935099>>>  Tank #2 Red AI Tank is checking targeting info...
<<<14:52:01:935099>>>  Tank #2 Red AI Tank Launch angle not within tolerances, adjusting firing solution...
<<<14:52:01:935099>>>  Tank #2 Red AI Tank adjusted targeting angle one unit CCW...
<<<14:52:01:935099>>>  Tank #3 Yellow AI Tank moved one unit CCW...
<<<14:52:01:951327>>>  Tank #2 Red AI Tank is checking targeting info...
<<<14:52:01:952283>>>  Tank #2 Red AI Tank Launch angle not within tolerances, adjusting firing solution...
<<<14:52:01:952283>>>  Tank #2 Red AI Tank adjusted targeting angle one unit CCW...
<<<14:52:01:952283>>>  Tank #3 Yellow AI Tank moved one unit CCW...
<<<14:52:01:967223>>>  Tank #2 Red AI Tank is checking targeting info...
<<<14:52:01:968232>>>  Tank #2 Red AI Tank Launch angle not within tolerances, adjusting firing solution...
<<<14:52:01:968232>>>  Tank #2 Red AI Tank adjusted targeting angle one unit CCW...
<<<14:52:01:968232>>>  Tank #3 Yellow AI Tank moved one unit CCW...
<<<14:52:01:983694>>>  Tank #2 Red AI Tank is checking targeting info...
<<<14:52:01:983694>>>  Tank #2 Red AI Tank Launch angle not within tolerances, adjusting firing solution...
<<<14:52:01:983694>>>  Tank #2 Red AI Tank adjusted targeting angle one unit CCW...
<<<14:52:01:983694>>>  Tank #3 Yellow AI Tank moved one unit CCW...
<<<14:52:02:002430>>>  Tank #2 Red AI Tank is checking targeting info...
<<<14:52:02:002430>>>  Tank #2 Red AI Tank Launch angle not within tolerances, adjusting firing solution...
<<<14:52:02:002430>>>  Tank #2 Red AI Tank adjusted targeting angle one unit CCW...
<<<14:52:02:002430>>>  Tank #3 Yellow AI Tank moved one unit CCW...
<<<14:52:02:018299>>>  Tank #2 Red AI Tank is checking targeting info...
<<<14:52:02:018299>>>  Tank #2 Red AI Tank Launch angle not within tolerances, adjusting firing solution...
<<<14:52:02:018299>>>  Tank #2 Red AI Tank adjusted targeting angle one unit CCW...
<<<14:52:02:019309>>>  Tank #3 Yellow AI Tank moved one unit CCW...
<<<14:52:02:034229>>>  Tank #2 Red AI Tank is checking targeting info...
<<<14:52:02:034229>>>  Tank #2 Red AI Tank Launch angle not within tolerances, adjusting firing solution...
<<<14:52:02:034229>>>  Tank #2 Red AI Tank adjusted targeting angle one unit CCW...
<<<14:52:02:050549>>>  Tank #2 Red AI Tank is checking targeting info...
<<<14:52:02:050549>>>  Tank #2 Red AI Tank Launch angle not within tolerances, adjusting firing solution...
<<<14:52:02:050549>>>  Tank #2 Red AI Tank adjusted targeting angle one unit CCW...
<<<14:52:02:051470>>>  Tank #3 Yellow AI Tank chose to shoot...
<<<14:52:02:067270>>>  Tank #2 Red AI Tank is checking targeting info...
<<<14:52:02:067270>>>  Tank #2 Red AI Tank Launch angle not within tolerances, adjusting firing solution...
<<<14:52:02:067270>>>  Tank #2 Red AI Tank adjusted targeting angle one unit CCW...
<<<14:52:02:067270>>>  Tank #3 Yellow AI Tank is checking targeting info...
<<<14:52:02:067270>>>  Tank #3 Yellow AI Tank Launch angle not within tolerances, adjusting firing solution...
<<<14:52:02:067270>>>  Tank #3 Yellow AI Tank Launch speed not within tolerances, adjusting firing solution...
<<<14:52:02:067270>>>  Tank #3 Yellow AI Tank adjusted targeting angle one unit CW...
<<<14:52:02:083545>>>  Tank #2 Red AI Tank is checking targeting info...
<<<14:52:02:083545>>>  Tank #2 Red AI Tank Launch angle not within tolerances, adjusting firing solution...
<<<14:52:02:084555>>>  Tank #2 Red AI Tank adjusted targeting angle one unit CCW...
<<<14:52:02:084555>>>  Tank #3 Yellow AI Tank is checking targeting info...
<<<14:52:02:084555>>>  Tank #3 Yellow AI Tank Launch angle not within tolerances, adjusting firing solution...
<<<14:52:02:084555>>>  Tank #3 Yellow AI Tank Launch speed not within tolerances, adjusting firing solution...
<<<14:52:02:084555>>>  Tank #3 Yellow AI Tank adjusted targeting angle one unit CW...
<<<14:52:02:099127>>>  Tank #2 Red AI Tank is checking targeting info...
<<<14:52:02:099127>>>  Tank #2 Red AI Tank Launch angle not within tolerances, adjusting firing solution...
<<<14:52:02:099127>>>  Tank #2 Red AI Tank adjusted targeting angle one unit CCW...
<<<14:52:02:099127>>>  Tank #3 Yellow AI Tank is checking targeting info...
<<<14:52:02:099127>>>  Tank #3 Yellow AI Tank Launch angle not within tolerances, adjusting firing solution...
<<<14:52:02:099127>>>  Tank #3 Yellow AI Tank Launch speed not within tolerances, adjusting firing solution...
<<<14:52:02:099127>>>  Tank #3 Yellow AI Tank adjusted targeting angle one unit CW...
<<<14:52:02:115270>>>  Tank #2 Red AI Tank is checking targeting info...
<<<14:52:02:115270>>>  Tank #2 Red AI Tank Launch angle not within tolerances, adjusting firing solution...
<<<14:52:02:115270>>>  Tank #2 Red AI Tank adjusted targeting angle one unit CCW...
<<<14:52:02:116259>>>  Tank #3 Yellow AI Tank is checking targeting info...
<<<14:52:02:116259>>>  Tank #3 Yellow AI Tank Launch angle not within tolerances, adjusting firing solution...
<<<14:52:02:116259>>>  Tank #3 Yellow AI Tank Launch speed not within tolerances, adjusting firing solution...
<<<14:52:02:116259>>>  Tank #3 Yellow AI Tank adjusted targeting angle one unit CW...
<<<14:52:02:132335>>>  Tank #2 Red AI Tank is checking targeting info...
<<<14:52:02:132335>>>  Tank #2 Red AI Tank Launch angle not within tolerances, adjusting firing solution...
<<<14:52:02:132335>>>  Tank #2 Red AI Tank adjusted targeting angle one unit CCW...
<<<14:52:02:132335>>>  Tank #3 Yellow AI Tank is checking targeting info...
<<<14:52:02:132335>>>  Tank #3 Yellow AI Tank Launch angle not within tolerances, adjusting firing solution...
<<<14:52:02:132335>>>  Tank #3 Yellow AI Tank Launch speed not within tolerances, adjusting firing solution...
<<<14:52:02:132335>>>  Tank #3 Yellow AI Tank adjusted targeting angle one unit CW...
<<<14:52:02:148473>>>  Tank #2 Red AI Tank is checking targeting info...
<<<14:52:02:148473>>>  Tank #2 Red AI Tank Launch angle not within tolerances, adjusting firing solution...
<<<14:52:02:148473>>>  Tank #2 Red AI Tank adjusted targeting angle one unit CCW...
<<<14:52:02:148473>>>  Tank #3 Yellow AI Tank is checking targeting info...
<<<14:52:02:148473>>>  Tank #3 Yellow AI Tank Launch angle not within tolerances, adjusting firing solution...
<<<14:52:02:148473>>>  Tank #3 Yellow AI Tank Launch speed not within tolerances, adjusting firing solution...
<<<14:52:02:148473>>>  Tank #3 Yellow AI Tank adjusted targeting angle one unit CW...
<<<14:52:02:164650>>>  Tank #2 Red AI Tank is checking targeting info...
<<<14:52:02:164650>>>  Tank #2 Red AI Tank Launch angle not within tolerances, adjusting firing solution...
<<<14:52:02:164650>>>  Tank #2 Red AI Tank adjusted targeting angle one unit CCW...
<<<14:52:02:164650>>>  Tank #3 Yellow AI Tank is checking targeting info...
<<<14:52:02:164650>>>  Tank #3 Yellow AI Tank Launch angle not within tolerances, adjusting firing solution...
<<<14:52:02:164650>>>  Tank #3 Yellow AI Tank Launch speed not within tolerances, adjusting firing solution...
<<<14:52:02:165676>>>  Tank #3 Yellow AI Tank adjusted targeting angle one unit CW...
<<<14:52:02:180411>>>  Tank #2 Red AI Tank is checking targeting info...
<<<14:52:02:180411>>>  Tank #2 Red AI Tank Launch angle not within tolerances, adjusting firing solution...
<<<14:52:02:180411>>>  Tank #2 Red AI Tank adjusted targeting angle one unit CCW...
<<<14:52:02:180411>>>  Tank #3 Yellow AI Tank is checking targeting info...
<<<14:52:02:180411>>>  Tank #3 Yellow AI Tank Launch angle not within tolerances, adjusting firing solution...
<<<14:52:02:180411>>>  Tank #3 Yellow AI Tank Launch speed not within tolerances, adjusting firing solution...
<<<14:52:02:180411>>>  Tank #3 Yellow AI Tank adjusted targeting angle one unit CW...
<<<14:52:02:197500>>>  Tank #2 Red AI Tank is checking targeting info...
<<<14:52:02:197500>>>  Tank #2 Red AI Tank Launch angle not within tolerances, adjusting firing solution...
<<<14:52:02:197500>>>  Tank #2 Red AI Tank adjusted targeting angle one unit CCW...
<<<14:52:02:197500>>>  Tank #3 Yellow AI Tank is checking targeting info...
<<<14:52:02:197500>>>  Tank #3 Yellow AI Tank Launch angle not within tolerances, adjusting firing solution...
<<<14:52:02:197500>>>  Tank #3 Yellow AI Tank Launch speed not within tolerances, adjusting firing solution...
<<<14:52:02:197500>>>  Tank #3 Yellow AI Tank adjusted targeting angle one unit CW...
<<<14:52:02:212069>>>  Tank #2 Red AI Tank is checking targeting info...
<<<14:52:02:212069>>>  Tank #2 Red AI Tank Launch angle not within tolerances, adjusting firing solution...
<<<14:52:02:212069>>>  Tank #2 Red AI Tank adjusted targeting angle one unit CCW...
<<<14:52:02:212069>>>  Tank #3 Yellow AI Tank is checking targeting info...
<<<14:52:02:212069>>>  Tank #3 Yellow AI Tank Launch angle not within tolerances, adjusting firing solution...
<<<14:52:02:213078>>>  Tank #3 Yellow AI Tank Launch speed not within tolerances, adjusting firing solution...
<<<14:52:02:213078>>>  Tank #3 Yellow AI Tank adjusted targeting angle one unit CW...
<<<14:52:02:231281>>>
* INFORMATION FOR Tank #1 Green Player Tank's CANNONBALLS:
* Cannonballs in memory for Tank #1 Green Player Tank:  0.
* Total cannonballs fired or chambered for Tank #1 Green Player Tank:  0.
<<<14:52:02:231281>>>
* INFORMATION FOR Tank #2 Red AI Tank's CANNONBALLS:
* Cannonballs in memory for Tank #2 Red AI Tank:  2.
* Total cannonballs fired or chambered for Tank #2 Red AI Tank:  2.
<<<14:52:02:231281>>>
* CURRENT VALUES FOR CELESTIAL BODY:  Tank #2 Red AI Tank's Cannonball #1
* This is not the homeworld.
* The celestial boyd's density is 5515 kg/m^3.
* The celestial body's mass is 1000 kg.
* The Earth's mass is 5.972e+24 kg.
* The celestial body's radius is 0.001 km.
* The celestial body's coordinates are (-9972.399007672147, -1192.6621459608577).
* The celestial body's velocity is (-6.183862570698479, 3.9314385616232683).
* The celestial body's speed is 7.3277803908894565 km/s.
* The celestial body's acceleration is (0.003709215428727941, 0.0016516188856862614).
* The celestial body's screen x and y coordinates are (659, 466).
* The celestial body's screen radius is 2.
* The celestial is using a body circle.
<<<14:52:02:231281>>>
* ADDITIONAL INFORMATION FOR Tank #2 Red AI Tank's Cannonball #1:
* This cannonball is active.
<<<14:52:02:231281>>>
* CURRENT VALUES FOR CELESTIAL BODY:  Tank #2 Red AI Tank's Cannonball #2
* This is not the homeworld.
* The celestial boyd's density is 5515 kg/m^3.
* The celestial body's mass is 1000 kg.
* The Earth's mass is 5.972e+24 kg.
* The celestial body's radius is 0.001 km.
* The celestial body's coordinates are (-5483.694444262613, -3228.3890140054).
* The celestial body's velocity is (-9.55600055124611, 2.6184957134007085).
* The celestial body's speed is 9.908262528643144 km/s.
* The celestial body's acceleration is (0, 0).
* The celestial body's screen x and y coordinates are (722, 495).
* The celestial body's screen radius is 2.
* The celestial is using a body circle.
<<<14:52:02:231281>>>
* ADDITIONAL INFORMATION FOR Tank #2 Red AI Tank's Cannonball #2:
* This cannonball is chambered.
<<<14:52:02:231281>>>
* INFORMATION FOR Tank #3 Yellow AI Tank's CANNONBALLS:
* Cannonballs in memory for Tank #3 Yellow AI Tank:  5.
* Total cannonballs fired or chambered for Tank #3 Yellow AI Tank:  5.
<<<14:52:02:231281>>>
* CURRENT VALUES FOR CELESTIAL BODY:  Tank #3 Yellow AI Tank's Cannonball #1
* This is not the homeworld.
* The celestial boyd's density is 5515 kg/m^3.
* The celestial body's mass is 1000 kg.
* The Earth's mass is 5.972e+24 kg.
* The celestial body's radius is 0.001 km.
* The celestial body's coordinates are (9972.964192183117, -1215.8995307445648).
* The celestial body's velocity is (6.027030639990567, 3.7809710646950583).
* The celestial body's speed is 7.114832431438311 km/s.
* The celestial body's acceleration is (-0.003973812808002819, 0.0005022645203993442).
* The celestial body's screen x and y coordinates are (940, 467).
* The celestial body's screen radius is 2.
* The celestial is using a body circle.
<<<14:52:02:231281>>>
* ADDITIONAL INFORMATION FOR Tank #3 Yellow AI Tank's Cannonball #1:
* This cannonball is active.
<<<14:52:02:231281>>>
* CURRENT VALUES FOR CELESTIAL BODY:  Tank #3 Yellow AI Tank's Cannonball #2
* This is not the homeworld.
* The celestial boyd's density is 5515 kg/m^3.
* The celestial body's mass is 1000 kg.
* The Earth's mass is 5.972e+24 kg.
* The celestial body's radius is 0.001 km.
* The celestial body's coordinates are (9850.665458278256, -1289.8961645236898).
* The celestial body's velocity is (6.106174721817759, 3.7709489206933964).
* The celestial body's speed is 7.176728049455746 km/s.
* The celestial body's acceleration is (-0.004059879689326959, 0.0005501905379300107).
* The celestial body's screen x and y coordinates are (939, 468).
* The celestial body's screen radius is 2.
* The celestial is using a body circle.
<<<14:52:02:231281>>>
* ADDITIONAL INFORMATION FOR Tank #3 Yellow AI Tank's Cannonball #2:
* This cannonball is active.
<<<14:52:02:231281>>>
* CURRENT VALUES FOR CELESTIAL BODY:  Tank #3 Yellow AI Tank's Cannonball #3
* This is not the homeworld.
* The celestial boyd's density is 5515 kg/m^3.
* The celestial body's mass is 1000 kg.
* The Earth's mass is 5.972e+24 kg.
* The celestial body's radius is 0.001 km.
* The celestial body's coordinates are (9726.772017539306, -1363.6903411470128).
* The celestial body's velocity is (6.187049137125685, 3.759948496296726).
* The celestial body's speed is 7.239944041221016 km/s.
* The celestial body's acceleration is (-0.004149107140007294, 0.0006011184176203739).
* The celestial body's screen x and y coordinates are (937, 469).
* The celestial body's screen radius is 2.
* The celestial is using a body circle.
<<<14:52:02:231281>>>
* ADDITIONAL INFORMATION FOR Tank #3 Yellow AI Tank's Cannonball #3:
* This cannonball is active.
<<<14:52:02:231281>>>
* CURRENT VALUES FOR CELESTIAL BODY:  Tank #3 Yellow AI Tank's Cannonball #4
* This is not the homeworld.
* The celestial boyd's density is 5515 kg/m^3.
* The celestial body's mass is 1000 kg.
* The Earth's mass is 5.972e+24 kg.
* The celestial body's radius is 0.001 km.
* The celestial body's coordinates are (9601.249092237696, -1437.2621530940148).
* The celestial body's velocity is (6.269717935206299, 3.7479085411321282).
* The celestial body's speed is 7.304531567440768 km/s.
* The celestial body's acceleration is (-0.0042416476096553205, 0.0006552757893798724).
* The celestial body's screen x and y coordinates are (935, 470).
* The celestial body's screen radius is 2.
* The celestial is using a body circle.
<<<14:52:02:231281>>>
* ADDITIONAL INFORMATION FOR Tank #3 Yellow AI Tank's Cannonball #4:
* This cannonball is active.
<<<14:52:02:231281>>>
* CURRENT VALUES FOR CELESTIAL BODY:  Tank #3 Yellow AI Tank's Cannonball #5
* This is not the homeworld.
* The celestial boyd's density is 5515 kg/m^3.
* The celestial body's mass is 1000 kg.
* The Earth's mass is 5.972e+24 kg.
* The celestial body's radius is 0.001 km.
* The celestial body's coordinates are (6281.7008618599775, 1097.9540691648574).
* The celestial body's velocity is (5.443326862908297, 1.047015821774999).
* The celestial body's speed is 5.543108285746027 km/s.
* The celestial body's acceleration is (0, 0).
* The celestial body's screen x and y coordinates are (888, 434).
* The celestial body's screen radius is 2.
* The celestial is using a body circle.
<<<14:52:02:231281>>>
* ADDITIONAL INFORMATION FOR Tank #3 Yellow AI Tank's Cannonball #5:
* This cannonball is chambered.
<<<14:52:02:231281>>>  Quit through pygame and writing log file...
