<<<20:22:21:947359>>>
* Screen coordinates (705, 75) choosen in zone #2.
* Screen dimensions are 1536 wide by 864 high.
* Minimum (x, y) are (256, 0).
* Maximum (x, y) are (1280, 144).
* Mid (x, y) are (768, 72).
<<<20:22:21:947359>>>  Image at Pix\Faraway_Objects\Quasars\2.png choosen for background...
<<<20:22:21:947359>>>
* Screen coordinates (1416, 63) choosen in zone #3.
* Screen dimensions are 1536 wide by 864 high.
* Minimum (x, y) are (1280, 0).
* Maximum (x, y) are (1536, 144).
* Mid (x, y) are (1408, 72).
<<<20:22:21:947359>>>  Image at Pix\Faraway_Objects\Suns\22.png choosen for background...
<<<20:22:21:948354>>>
* Screen coordinates (150, 795) choosen in zone #7.
* Screen dimensions are 1536 wide by 864 high.
* Minimum (x, y) are (0, 720).
* Maximum (x, y) are (256, 864).
* Mid (x, y) are (128, 792).
<<<20:22:21:948354>>>  Image at Pix\Faraway_Objects\Suns\24.png choosen for background...
<<<20:22:21:957330>>>  Pix\Homeworlds\Rocky\7.png loaded as pixie for Earth and scaled to body circle...
<<<20:22:21:957330>>>  Image at Pix\Homeworlds\Rocky\7.png chosen as homeworld pix for Earth's...
<<<20:22:21:958331>>>  Pix\Moons\16.png loaded as pixie for Moon #2 and scaled to body circle...
<<<20:22:21:984295>>>  Enemy Tank chose to shoot...
<<<20:22:21:985262>>>  Enemy Tank is checking targeting info...
<<<20:22:21:985262>>>  Enemy Tank Launch angle not within tolerances, adjusting firing solution...
<<<20:22:21:985262>>>  Enemy Tank Launch speed not within tolerances, adjusting firing solution...
<<<20:22:21:985262>>>  Enemy Tank adjusted targeting angle one unit CCW...
<<<20:22:21:986259>>>  Enemy Tank is being animated...
<<<20:22:21:987257>>>  Enemy Tank is checking targeting info...
<<<20:22:21:987257>>>  Enemy Tank Launch angle not within tolerances, adjusting firing solution...
<<<20:22:21:987257>>>  Enemy Tank Launch speed not within tolerances, adjusting firing solution...
<<<20:22:21:987257>>>  Enemy Tank adjusted targeting angle one unit CCW...
<<<20:22:22:003467>>>  Enemy Tank is being animated...
<<<20:22:22:003467>>>  Enemy Tank has advanced to next frame...
<<<20:22:22:004463>>>  Enemy Tank is checking targeting info...
<<<20:22:22:004463>>>  Enemy Tank Launch angle not within tolerances, adjusting firing solution...
<<<20:22:22:004463>>>  Enemy Tank Launch speed not within tolerances, adjusting firing solution...
<<<20:22:22:004463>>>  Enemy Tank adjusted targeting angle one unit CCW...
<<<20:22:22:019386>>>  Enemy Tank is being animated...
<<<20:22:22:021419>>>  Enemy Tank is checking targeting info...
<<<20:22:22:021419>>>  Enemy Tank Launch angle not within tolerances, adjusting firing solution...
<<<20:22:22:021419>>>  Enemy Tank Launch speed not within tolerances, adjusting firing solution...
<<<20:22:22:021419>>>  Enemy Tank adjusted targeting angle one unit CCW...
<<<20:22:22:036357>>>  Enemy Tank is being animated...
<<<20:22:22:037351>>>  Enemy Tank is checking targeting info...
<<<20:22:22:038349>>>  Enemy Tank Launch angle not within tolerances, adjusting firing solution...
<<<20:22:22:038349>>>  Enemy Tank Launch speed not within tolerances, adjusting firing solution...
<<<20:22:22:038349>>>  Enemy Tank adjusted targeting angle one unit CCW...
<<<20:22:22:051958>>>  Enemy Tank is being animated...
<<<20:22:22:052957>>>  Enemy Tank is checking targeting info...
<<<20:22:22:052957>>>  Enemy Tank Launch angle not within tolerances, adjusting firing solution...
<<<20:22:22:052957>>>  Enemy Tank Launch speed not within tolerances, adjusting firing solution...
<<<20:22:22:052957>>>  Enemy Tank adjusted targeting angle one unit CCW...
<<<20:22:22:068937>>>  Enemy Tank is being animated...
<<<20:22:22:069969>>>  Enemy Tank is checking targeting info...
<<<20:22:22:069969>>>  Enemy Tank Launch angle not within tolerances, adjusting firing solution...
<<<20:22:22:069969>>>  Enemy Tank Launch speed not within tolerances, adjusting firing solution...
<<<20:22:22:069969>>>  Enemy Tank adjusted targeting angle one unit CCW...
<<<20:22:22:085205>>>  Enemy Tank is being animated...
<<<20:22:22:086228>>>  Enemy Tank is checking targeting info...
<<<20:22:22:086228>>>  Enemy Tank Launch angle not within tolerances, adjusting firing solution...
<<<20:22:22:086228>>>  Enemy Tank Launch speed not within tolerances, adjusting firing solution...
<<<20:22:22:086228>>>  Enemy Tank adjusted targeting angle one unit CCW...
<<<20:22:22:101417>>>  Enemy Tank is being animated...
<<<20:22:22:102451>>>  Enemy Tank is checking targeting info...
<<<20:22:22:102451>>>  Enemy Tank Launch angle not within tolerances, adjusting firing solution...
<<<20:22:22:102451>>>  Enemy Tank Launch speed not within tolerances, adjusting firing solution...
<<<20:22:22:102451>>>  Enemy Tank adjusted targeting angle one unit CCW...
<<<20:22:22:117556>>>  Enemy Tank is being animated...
<<<20:22:22:118587>>>  Enemy Tank is checking targeting info...
<<<20:22:22:118587>>>  Enemy Tank Launch angle not within tolerances, adjusting firing solution...
<<<20:22:22:118587>>>  Enemy Tank Launch speed not within tolerances, adjusting firing solution...
<<<20:22:22:118587>>>  Enemy Tank adjusted targeting angle one unit CCW...
<<<20:22:22:135696>>>  Enemy Tank is being animated...
<<<20:22:22:136694>>>  Enemy Tank is checking targeting info...
<<<20:22:22:136694>>>  Enemy Tank Launch angle not within tolerances, adjusting firing solution...
<<<20:22:22:136694>>>  Enemy Tank Launch speed not within tolerances, adjusting firing solution...
<<<20:22:22:136694>>>  Enemy Tank adjusted targeting angle one unit CCW...
<<<20:22:22:151091>>>  Enemy Tank is being animated...
<<<20:22:22:152124>>>  Enemy Tank is checking targeting info...
<<<20:22:22:152124>>>  Enemy Tank Launch angle not within tolerances, adjusting firing solution...
<<<20:22:22:152124>>>  Enemy Tank Launch speed not within tolerances, adjusting firing solution...
<<<20:22:22:152124>>>  Enemy Tank adjusted targeting angle one unit CCW...
<<<20:22:22:168727>>>  Enemy Tank is being animated...
<<<20:22:22:169725>>>  Enemy Tank is checking targeting info...
<<<20:22:22:169725>>>  Enemy Tank Launch angle not within tolerances, adjusting firing solution...
<<<20:22:22:169725>>>  Enemy Tank Launch speed not within tolerances, adjusting firing solution...
<<<20:22:22:169725>>>  Enemy Tank adjusted targeting angle one unit CCW...
<<<20:22:22:184161>>>  Enemy Tank is being animated...
<<<20:22:22:185192>>>  Enemy Tank is checking targeting info...
<<<20:22:22:185192>>>  Enemy Tank Launch angle not within tolerances, adjusting firing solution...
<<<20:22:22:185192>>>  Enemy Tank Launch speed not within tolerances, adjusting firing solution...
<<<20:22:22:185192>>>  Enemy Tank adjusted targeting angle one unit CCW...
<<<20:22:22:200330>>>  Enemy Tank is being animated...
<<<20:22:22:201329>>>  Enemy Tank is checking targeting info...
<<<20:22:22:201329>>>  Enemy Tank Launch angle not within tolerances, adjusting firing solution...
<<<20:22:22:201329>>>  Enemy Tank Launch speed not within tolerances, adjusting firing solution...
<<<20:22:22:201329>>>  Enemy Tank adjusted targeting angle one unit CCW...
<<<20:22:22:217762>>>  Enemy Tank is being animated...
<<<20:22:22:218760>>>  Enemy Tank is checking targeting info...
<<<20:22:22:218760>>>  Enemy Tank Launch angle not within tolerances, adjusting firing solution...
<<<20:22:22:218760>>>  Enemy Tank Launch speed not within tolerances, adjusting firing solution...
<<<20:22:22:218760>>>  Enemy Tank adjusted targeting angle one unit CCW...
<<<20:22:22:233164>>>  Enemy Tank is being animated...
<<<20:22:22:234163>>>  Enemy Tank is checking targeting info...
<<<20:22:22:234163>>>  Enemy Tank Launch angle not within tolerances, adjusting firing solution...
<<<20:22:22:234163>>>  Enemy Tank Launch speed not within tolerances, adjusting firing solution...
<<<20:22:22:234163>>>  Enemy Tank adjusted targeting angle one unit CCW...
<<<20:22:22:249293>>>  Enemy Tank is being animated...
<<<20:22:22:250292>>>  Enemy Tank is checking targeting info...
<<<20:22:22:250292>>>  Enemy Tank Launch angle not within tolerances, adjusting firing solution...
<<<20:22:22:250292>>>  Enemy Tank Launch speed not within tolerances, adjusting firing solution...
<<<20:22:22:250292>>>  Enemy Tank adjusted targeting angle one unit CCW...
<<<20:22:22:266615>>>  Enemy Tank is being animated...
<<<20:22:22:267611>>>  Enemy Tank is checking targeting info...
<<<20:22:22:267611>>>  Enemy Tank Launch angle not within tolerances, adjusting firing solution...
<<<20:22:22:267611>>>  Enemy Tank Launch speed not within tolerances, adjusting firing solution...
<<<20:22:22:267611>>>  Enemy Tank adjusted targeting angle one unit CCW...
<<<20:22:22:281793>>>  Enemy Tank is being animated...
<<<20:22:22:282793>>>  Enemy Tank is checking targeting info...
<<<20:22:22:282793>>>  Enemy Tank Launch angle not within tolerances, adjusting firing solution...
<<<20:22:22:282793>>>  Enemy Tank Launch speed not within tolerances, adjusting firing solution...
<<<20:22:22:282793>>>  Enemy Tank adjusted targeting angle one unit CCW...
<<<20:22:22:298662>>>  Enemy Tank is being animated...
<<<20:22:22:299661>>>  Enemy Tank is checking targeting info...
<<<20:22:22:299661>>>  Enemy Tank Launch angle not within tolerances, adjusting firing solution...
<<<20:22:22:299661>>>  Enemy Tank Launch speed not within tolerances, adjusting firing solution...
<<<20:22:22:299661>>>  Enemy Tank adjusted targeting angle one unit CCW...
<<<20:22:22:316560>>>  Enemy Tank is being animated...
<<<20:22:22:317558>>>  Enemy Tank is checking targeting info...
<<<20:22:22:317558>>>  Enemy Tank Launch angle not within tolerances, adjusting firing solution...
<<<20:22:22:317558>>>  Enemy Tank Launch speed not within tolerances, adjusting firing solution...
<<<20:22:22:317558>>>  Enemy Tank adjusted targeting angle one unit CCW...
<<<20:22:22:331919>>>  Enemy Tank is being animated...
<<<20:22:22:332932>>>  Enemy Tank is checking targeting info...
<<<20:22:22:332932>>>  Enemy Tank Launch angle not within tolerances, adjusting firing solution...
<<<20:22:22:332932>>>  Enemy Tank Launch speed not within tolerances, adjusting firing solution...
<<<20:22:22:332932>>>  Enemy Tank adjusted targeting angle one unit CCW...
<<<20:22:22:349004>>>  Enemy Tank is being animated...
<<<20:22:22:350003>>>  Enemy Tank is checking targeting info...
<<<20:22:22:350003>>>  Enemy Tank Launch angle not within tolerances, adjusting firing solution...
<<<20:22:22:350003>>>  Enemy Tank Launch speed not within tolerances, adjusting firing solution...
<<<20:22:22:350003>>>  Enemy Tank adjusted targeting angle one unit CCW...
<<<20:22:22:366053>>>  Enemy Tank is being animated...
<<<20:22:22:367047>>>  Enemy Tank is checking targeting info...
<<<20:22:22:367047>>>  Enemy Tank Launch angle not within tolerances, adjusting firing solution...
<<<20:22:22:367047>>>  Enemy Tank Launch speed not within tolerances, adjusting firing solution...
<<<20:22:22:367047>>>  Enemy Tank adjusted targeting angle one unit CCW...
<<<20:22:22:382862>>>  Enemy Tank is being animated...
<<<20:22:22:383872>>>  Enemy Tank is checking targeting info...
<<<20:22:22:383872>>>  Enemy Tank Launch angle not within tolerances, adjusting firing solution...
<<<20:22:22:383872>>>  Enemy Tank Launch speed not within tolerances, adjusting firing solution...
<<<20:22:22:383872>>>  Enemy Tank adjusted targeting angle one unit CCW...
<<<20:22:22:398901>>>  Enemy Tank is being animated...
<<<20:22:22:399901>>>  Enemy Tank is checking targeting info...
<<<20:22:22:399901>>>  Enemy Tank Launch angle not within tolerances, adjusting firing solution...
<<<20:22:22:399901>>>  Enemy Tank Launch speed not within tolerances, adjusting firing solution...
<<<20:22:22:399901>>>  Enemy Tank adjusted targeting angle one unit CCW...
<<<20:22:22:415630>>>  Enemy Tank is being animated...
<<<20:22:22:416629>>>  Enemy Tank is checking targeting info...
<<<20:22:22:416629>>>  Enemy Tank Launch angle not within tolerances, adjusting firing solution...
<<<20:22:22:416629>>>  Enemy Tank Launch speed not within tolerances, adjusting firing solution...
<<<20:22:22:416629>>>  Enemy Tank adjusted targeting angle one unit CCW...
<<<20:22:22:432612>>>  Enemy Tank is being animated...
<<<20:22:22:433611>>>  Enemy Tank is checking targeting info...
<<<20:22:22:433611>>>  Enemy Tank Launch angle not within tolerances, adjusting firing solution...
<<<20:22:22:433611>>>  Enemy Tank Launch speed not within tolerances, adjusting firing solution...
<<<20:22:22:433611>>>  Enemy Tank adjusted targeting angle one unit CCW...
<<<20:22:22:448798>>>  Enemy Tank is being animated...
<<<20:22:22:449797>>>  Enemy Tank is checking targeting info...
<<<20:22:22:449797>>>  Enemy Tank Launch angle not within tolerances, adjusting firing solution...
<<<20:22:22:449797>>>  Enemy Tank Launch speed not within tolerances, adjusting firing solution...
<<<20:22:22:449797>>>  Enemy Tank adjusted targeting angle one unit CCW...
<<<20:22:22:464808>>>  Enemy Tank is being animated...
<<<20:22:22:465842>>>  Enemy Tank is checking targeting info...
<<<20:22:22:465842>>>  Enemy Tank Launch angle not within tolerances, adjusting firing solution...
<<<20:22:22:465842>>>  Enemy Tank Launch speed not within tolerances, adjusting firing solution...
<<<20:22:22:465842>>>  Enemy Tank adjusted targeting angle one unit CCW...
<<<20:22:22:481875>>>  Enemy Tank is being animated...
<<<20:22:22:482873>>>  Enemy Tank is checking targeting info...
<<<20:22:22:482873>>>  Enemy Tank Launch angle not within tolerances, adjusting firing solution...
<<<20:22:22:482873>>>  Enemy Tank Launch speed not within tolerances, adjusting firing solution...
<<<20:22:22:482873>>>  Enemy Tank adjusted targeting angle one unit CCW...
<<<20:22:22:498225>>>  Enemy Tank is being animated...
<<<20:22:22:498225>>>  Enemy Tank is checking targeting info...
<<<20:22:22:499251>>>  Enemy Tank Launch angle not within tolerances, adjusting firing solution...
<<<20:22:22:499251>>>  Enemy Tank Launch speed not within tolerances, adjusting firing solution...
<<<20:22:22:499251>>>  Enemy Tank adjusted targeting angle one unit CCW...
<<<20:22:22:513592>>>  Enemy Tank is being animated...
<<<20:22:22:514623>>>  Enemy Tank is checking targeting info...
<<<20:22:22:514623>>>  Enemy Tank Launch angle not within tolerances, adjusting firing solution...
<<<20:22:22:514623>>>  Enemy Tank Launch speed not within tolerances, adjusting firing solution...
<<<20:22:22:514623>>>  Enemy Tank adjusted targeting angle one unit CCW...
<<<20:22:22:530542>>>  Enemy Tank is being animated...
<<<20:22:22:531540>>>  Enemy Tank is checking targeting info...
<<<20:22:22:531540>>>  Enemy Tank Launch angle not within tolerances, adjusting firing solution...
<<<20:22:22:531540>>>  Enemy Tank Launch speed not within tolerances, adjusting firing solution...
<<<20:22:22:531540>>>  Enemy Tank adjusted targeting angle one unit CCW...
<<<20:22:22:545775>>>  Enemy Tank is being animated...
<<<20:22:22:546771>>>  Enemy Tank is checking targeting info...
<<<20:22:22:546771>>>  Enemy Tank Launch angle not within tolerances, adjusting firing solution...
<<<20:22:22:546771>>>  Enemy Tank Launch speed not within tolerances, adjusting firing solution...
<<<20:22:22:546771>>>  Enemy Tank adjusted targeting angle one unit CCW...
<<<20:22:22:561747>>>  Enemy Tank is being animated...
<<<20:22:22:562785>>>  Enemy Tank is checking targeting info...
<<<20:22:22:562785>>>  Enemy Tank Launch angle not within tolerances, adjusting firing solution...
<<<20:22:22:562785>>>  Enemy Tank Launch speed not within tolerances, adjusting firing solution...
<<<20:22:22:562785>>>  Enemy Tank adjusted targeting angle one unit CCW...
<<<20:22:22:578721>>>  Enemy Tank is being animated...
<<<20:22:22:579718>>>  Enemy Tank is checking targeting info...
<<<20:22:22:579718>>>  Enemy Tank Launch angle not within tolerances, adjusting firing solution...
<<<20:22:22:579718>>>  Enemy Tank Launch speed not within tolerances, adjusting firing solution...
<<<20:22:22:579718>>>  Enemy Tank adjusted targeting angle one unit CCW...
<<<20:22:22:595063>>>  Enemy Tank is being animated...
<<<20:22:22:596062>>>  Enemy Tank is checking targeting info...
<<<20:22:22:596062>>>  Enemy Tank Launch angle not within tolerances, adjusting firing solution...
<<<20:22:22:596062>>>  Enemy Tank Launch speed not within tolerances, adjusting firing solution...
<<<20:22:22:596062>>>  Enemy Tank adjusted targeting angle one unit CCW...
<<<20:22:22:611479>>>  Enemy Tank is being animated...
<<<20:22:22:612476>>>  Enemy Tank is checking targeting info...
<<<20:22:22:612476>>>  Enemy Tank Launch angle not within tolerances, adjusting firing solution...
<<<20:22:22:612476>>>  Enemy Tank Launch speed not within tolerances, adjusting firing solution...
<<<20:22:22:612476>>>  Enemy Tank adjusted targeting angle one unit CCW...
<<<20:22:22:626768>>>  Enemy Tank is being animated...
<<<20:22:22:627767>>>  Enemy Tank is checking targeting info...
<<<20:22:22:627767>>>  Enemy Tank increased launch speed one unit...
<<<20:22:22:642889>>>  Enemy Tank is being animated...
<<<20:22:22:643920>>>  Enemy Tank is checking targeting info...
<<<20:22:22:643920>>>  Enemy Tank increased launch speed one unit...
<<<20:22:22:658880>>>  Enemy Tank is being animated...
<<<20:22:22:659910>>>  Enemy Tank is checking targeting info...
<<<20:22:22:659910>>>  Enemy Tank increased launch speed one unit...
<<<20:22:22:676382>>>  Enemy Tank is being animated...
<<<20:22:22:677382>>>  Enemy Tank is checking targeting info...
<<<20:22:22:677382>>>  Enemy Tank increased launch speed one unit...
<<<20:22:22:691798>>>  Enemy Tank is being animated...
<<<20:22:22:692797>>>  Enemy Tank is checking targeting info...
<<<20:22:22:692797>>>  Enemy Tank increased launch speed one unit...
<<<20:22:22:708345>>>  Enemy Tank is being animated...
<<<20:22:22:710340>>>  Enemy Tank is checking targeting info...
<<<20:22:22:710340>>>  Enemy Tank increased launch speed one unit...
<<<20:22:22:725801>>>  Enemy Tank is being animated...
<<<20:22:22:726800>>>  Enemy Tank is checking targeting info...
<<<20:22:22:726800>>>  Enemy Tank increased launch speed one unit...
<<<20:22:22:741860>>>  Enemy Tank is being animated...
<<<20:22:22:742857>>>  Enemy Tank is checking targeting info...
<<<20:22:22:742857>>>  Enemy Tank increased launch speed one unit...
<<<20:22:22:758848>>>  Enemy Tank is being animated...
<<<20:22:22:760830>>>  Enemy Tank is checking targeting info...
<<<20:22:22:760830>>>  Enemy Tank increased launch speed one unit...
<<<20:22:22:774210>>>  Enemy Tank is being animated...
<<<20:22:22:775242>>>  Enemy Tank is checking targeting info...
<<<20:22:22:775242>>>  Enemy Tank increased launch speed one unit...
<<<20:22:22:790834>>>  Enemy Tank is being animated...
<<<20:22:22:791827>>>  Enemy Tank is checking targeting info...
<<<20:22:22:791827>>>  Enemy Tank increased launch speed one unit...
<<<20:22:22:807892>>>  Enemy Tank is being animated...
<<<20:22:22:808890>>>  Enemy Tank is checking targeting info...
<<<20:22:22:808890>>>  Enemy Tank increased launch speed one unit...
<<<20:22:22:824496>>>  Enemy Tank is being animated...
<<<20:22:22:825492>>>  Enemy Tank is checking targeting info...
<<<20:22:22:825492>>>  Enemy Tank increased launch speed one unit...
<<<20:22:22:840949>>>  Enemy Tank is being animated...
<<<20:22:22:840949>>>  Enemy Tank is checking targeting info...
<<<20:22:22:841949>>>  Enemy Tank increased launch speed one unit...
<<<20:22:22:856098>>>  Enemy Tank is being animated...
<<<20:22:22:857097>>>  Enemy Tank is checking targeting info...
<<<20:22:22:857097>>>  Enemy Tank increased launch speed one unit...
<<<20:22:22:872301>>>  Enemy Tank is being animated...
<<<20:22:22:873332>>>  Enemy Tank is checking targeting info...
<<<20:22:22:873332>>>  Enemy Tank increased launch speed one unit...
<<<20:22:22:888476>>>  Enemy Tank is being animated...
<<<20:22:22:889507>>>  Enemy Tank is checking targeting info...
<<<20:22:22:889507>>>  Enemy Tank increased launch speed one unit...
<<<20:22:22:905812>>>  Enemy Tank is being animated...
<<<20:22:22:906811>>>  Enemy Tank is checking targeting info...
<<<20:22:22:906811>>>  Enemy Tank increased launch speed one unit...
<<<20:22:22:921931>>>  Enemy Tank is being animated...
<<<20:22:22:922962>>>  Enemy Tank is checking targeting info...
<<<20:22:22:922962>>>  Enemy Tank increased launch speed one unit...
<<<20:22:22:938910>>>  Enemy Tank is being animated...
<<<20:22:22:939905>>>  Player Tank chambered cannonball...
<<<20:22:22:939905>>>
* CURRENT VALUES FOR CELESTIAL BODY:  Player Tank's Cannonball #1
* This is not the homeworld.
* The celestial boyd's density is 5515 kg/m^3.
* The celestial body's mass is 1000 kg.
* The Earth's mass is 5.972e+24 kg.
* The celestial body's radius is 0.001 km.
* The celestial body's coordinates are (3.9011123786838936e-13, 6371.0).
* The celestial body's velocity is (-0.014162244116682146, 5.604581430195289).
* The celestial body's speed is 5.604599323488548 km/s.
* The celestial body's acceleration is (0, 0).
* The celestial body's screen x and y coordinates are (768, 345).
* The celestial body's screen radius is 2.
* The celestial is using a body circle.
<<<20:22:22:939905>>>
* ADDITIONAL INFORMATION FOR Player Tank's Cannonball #1:
* This cannonball is chambered.
<<<20:22:22:939905>>>  Enemy Tank is checking targeting info...
<<<20:22:22:939905>>>  Enemy Tank increased launch speed one unit...
<<<20:22:22:955770>>>  Player Tank is being animated...
<<<20:22:22:955770>>>  Enemy Tank is being animated...
<<<20:22:22:956768>>>  Enemy Tank is checking targeting info...
<<<20:22:22:956768>>>  Enemy Tank increased launch speed one unit...
<<<20:22:22:971184>>>  Player Tank is being animated...
<<<20:22:22:971184>>>  Player Tank has advanced to next frame...
<<<20:22:22:971184>>>  Enemy Tank is being animated...
<<<20:22:22:972183>>>  Enemy Tank is checking targeting info...
<<<20:22:22:972183>>>  Enemy Tank increased launch speed one unit...
<<<20:22:22:988661>>>  Player Tank is being animated...
<<<20:22:22:988661>>>  Enemy Tank is being animated...
<<<20:22:22:989647>>>  Enemy Tank is checking targeting info...
<<<20:22:22:989647>>>  Enemy Tank increased launch speed one unit...
<<<20:22:23:004034>>>  Player Tank is being animated...
<<<20:22:23:004034>>>  Enemy Tank is being animated...
<<<20:22:23:005067>>>  Enemy Tank is checking targeting info...
<<<20:22:23:005067>>>  Enemy Tank increased launch speed one unit...
<<<20:22:23:020008>>>  Player Tank is being animated...
<<<20:22:23:020008>>>  Enemy Tank is being animated...
<<<20:22:23:021039>>>  Enemy Tank is checking targeting info...
<<<20:22:23:021039>>>  Enemy Tank increased launch speed one unit...
<<<20:22:23:036607>>>  Player Tank is being animated...
<<<20:22:23:036607>>>  Enemy Tank is being animated...
<<<20:22:23:037606>>>  Enemy Tank is checking targeting info...
<<<20:22:23:037606>>>  Enemy Tank increased launch speed one unit...
<<<20:22:23:052960>>>  Player Tank is being animated...
<<<20:22:23:052960>>>  Enemy Tank is being animated...
<<<20:22:23:053960>>>  Enemy Tank is checking targeting info...
<<<20:22:23:053960>>>  Enemy Tank increased launch speed one unit...
<<<20:22:23:070110>>>  Player Tank is being animated...
<<<20:22:23:070110>>>  Enemy Tank is being animated...
<<<20:22:23:071137>>>  Enemy Tank is checking targeting info...
<<<20:22:23:071137>>>  Enemy Tank increased launch speed one unit...
<<<20:22:23:085601>>>  Player Tank is being animated...
<<<20:22:23:085601>>>  Enemy Tank is being animated...
<<<20:22:23:086629>>>  Enemy Tank is checking targeting info...
<<<20:22:23:086629>>>  Enemy Tank increased launch speed one unit...
<<<20:22:23:102523>>>  Player Tank is being animated...
<<<20:22:23:102523>>>  Enemy Tank is being animated...
<<<20:22:23:103563>>>  Enemy Tank is checking targeting info...
<<<20:22:23:103563>>>  Enemy Tank increased launch speed one unit...
<<<20:22:23:120566>>>  Player Tank is being animated...
<<<20:22:23:120566>>>  Enemy Tank is being animated...
<<<20:22:23:121563>>>  Enemy Tank is checking targeting info...
<<<20:22:23:121563>>>  Enemy Tank increased launch speed one unit...
<<<20:22:23:135712>>>  Player Tank is being animated...
<<<20:22:23:135712>>>  Enemy Tank is being animated...
<<<20:22:23:136720>>>  Enemy Tank is checking targeting info...
<<<20:22:23:137705>>>  Enemy Tank increased launch speed one unit...
<<<20:22:23:152047>>>  Player Tank is being animated...
<<<20:22:23:152047>>>  Enemy Tank is being animated...
<<<20:22:23:153046>>>  Enemy Tank is checking targeting info...
<<<20:22:23:153046>>>  Enemy Tank increased launch speed one unit...
<<<20:22:23:168714>>>  Player Tank is being animated...
<<<20:22:23:168714>>>  Enemy Tank is being animated...
<<<20:22:23:169714>>>  Enemy Tank is checking targeting info...
<<<20:22:23:169714>>>  Enemy Tank increased launch speed one unit...
<<<20:22:23:185803>>>  Player Tank is being animated...
<<<20:22:23:185803>>>  Enemy Tank is being animated...
<<<20:22:23:186794>>>  Enemy Tank is checking targeting info...
<<<20:22:23:186794>>>  Enemy Tank increased launch speed one unit...
<<<20:22:23:201319>>>  Player Tank is being animated...
<<<20:22:23:201319>>>  Enemy Tank is being animated...
<<<20:22:23:202319>>>  Enemy Tank is checking targeting info...
<<<20:22:23:202319>>>  Enemy Tank increased launch speed one unit...
<<<20:22:23:217240>>>  Player Tank is being animated...
<<<20:22:23:217240>>>  Enemy Tank is being animated...
<<<20:22:23:218273>>>  Enemy Tank is checking targeting info...
<<<20:22:23:218273>>>  Enemy Tank increased launch speed one unit...
<<<20:22:23:233434>>>  Player Tank is being animated...
<<<20:22:23:233434>>>  Enemy Tank is being animated...
<<<20:22:23:234465>>>  Enemy Tank is checking targeting info...
<<<20:22:23:234465>>>  Enemy Tank increased launch speed one unit...
<<<20:22:23:250383>>>  Player Tank is being animated...
<<<20:22:23:250383>>>  Enemy Tank is being animated...
<<<20:22:23:251414>>>  Enemy Tank is checking targeting info...
<<<20:22:23:251414>>>  Enemy Tank increased launch speed one unit...
<<<20:22:23:266543>>>  Player Tank is being animated...
<<<20:22:23:266543>>>  Enemy Tank is being animated...
<<<20:22:23:267543>>>  Enemy Tank is checking targeting info...
<<<20:22:23:267543>>>  Enemy Tank increased launch speed one unit...
<<<20:22:23:283669>>>  Player Tank is being animated...
<<<20:22:23:283669>>>  Enemy Tank is being animated...
<<<20:22:23:284704>>>  Enemy Tank is checking targeting info...
<<<20:22:23:284704>>>  Enemy Tank increased launch speed one unit...
<<<20:22:23:301390>>>  Player Tank is being animated...
<<<20:22:23:301390>>>  Enemy Tank is being animated...
<<<20:22:23:302382>>>  Enemy Tank is checking targeting info...
<<<20:22:23:302382>>>  Enemy Tank increased launch speed one unit...
<<<20:22:23:316798>>>  Player Tank is being animated...
<<<20:22:23:316798>>>  Enemy Tank is being animated...
<<<20:22:23:317798>>>  Enemy Tank is checking targeting info...
<<<20:22:23:317798>>>  Enemy Tank increased launch speed one unit...
<<<20:22:23:333289>>>  Player Tank is being animated...
<<<20:22:23:333289>>>  Enemy Tank is being animated...
<<<20:22:23:335283>>>  Enemy Tank is checking targeting info...
<<<20:22:23:335283>>>  Enemy Tank increased launch speed one unit...
<<<20:22:23:349900>>>  Player Tank is being animated...
<<<20:22:23:349900>>>  Enemy Tank is being animated...
<<<20:22:23:350898>>>  Enemy Tank is checking targeting info...
<<<20:22:23:350898>>>  Enemy Tank firing solution within tolerances, not adjusting firing solution...
<<<20:22:23:350898>>>  Enemy Tank attempting to fire cannonball...
<<<20:22:23:365858>>>  Player Tank is being animated...
<<<20:22:23:365858>>>  Enemy Tank is being animated...
<<<20:22:23:366853>>>  Enemy Tank chose to shoot...
<<<20:22:23:381803>>>  Player Tank is being animated...
<<<20:22:23:381803>>>  Enemy Tank is being animated...
<<<20:22:23:382833>>>  Enemy Tank is checking targeting info...
<<<20:22:23:382833>>>  Enemy Tank Launch angle not within tolerances, adjusting firing solution...
<<<20:22:23:382833>>>  Enemy Tank adjusted targeting angle one unit CW...
<<<20:22:23:397831>>>  Player Tank is being animated...
<<<20:22:23:397831>>>  Enemy Tank is being animated...
<<<20:22:23:398862>>>  Enemy Tank is checking targeting info...
<<<20:22:23:398862>>>  Enemy Tank Launch angle not within tolerances, adjusting firing solution...
<<<20:22:23:398862>>>  Enemy Tank adjusted targeting angle one unit CW...
<<<20:22:23:415091>>>  Player Tank is being animated...
<<<20:22:23:415091>>>  Enemy Tank is being animated...
<<<20:22:23:416084>>>  Enemy Tank is checking targeting info...
<<<20:22:23:416084>>>  Enemy Tank Launch angle not within tolerances, adjusting firing solution...
<<<20:22:23:416084>>>  Enemy Tank adjusted targeting angle one unit CW...
<<<20:22:23:430507>>>  Player Tank is being animated...
<<<20:22:23:430507>>>  Enemy Tank is being animated...
<<<20:22:23:432545>>>  Enemy Tank is checking targeting info...
<<<20:22:23:432545>>>  Enemy Tank Launch angle not within tolerances, adjusting firing solution...
<<<20:22:23:432545>>>  Enemy Tank adjusted targeting angle one unit CW...
<<<20:22:23:447278>>>  Player Tank is being animated...
<<<20:22:23:447278>>>  Enemy Tank is being animated...
<<<20:22:23:448277>>>  Enemy Tank is checking targeting info...
<<<20:22:23:448277>>>  Enemy Tank Launch angle not within tolerances, adjusting firing solution...
<<<20:22:23:448277>>>  Enemy Tank adjusted targeting angle one unit CW...
<<<20:22:23:463435>>>  Player Tank is being animated...
<<<20:22:23:463435>>>  Enemy Tank is being animated...
<<<20:22:23:464466>>>  Enemy Tank is checking targeting info...
<<<20:22:23:464466>>>  Enemy Tank Launch angle not within tolerances, adjusting firing solution...
<<<20:22:23:464466>>>  Enemy Tank adjusted targeting angle one unit CW...
<<<20:22:23:481713>>>  Player Tank is being animated...
<<<20:22:23:481713>>>  Enemy Tank is being animated...
<<<20:22:23:482711>>>  Enemy Tank is checking targeting info...
<<<20:22:23:482711>>>  Enemy Tank Launch angle not within tolerances, adjusting firing solution...
<<<20:22:23:482711>>>  Enemy Tank adjusted targeting angle one unit CW...
<<<20:22:23:497109>>>  Player Tank is being animated...
<<<20:22:23:497109>>>  Enemy Tank is being animated...
<<<20:22:23:498140>>>  Enemy Tank is checking targeting info...
<<<20:22:23:498140>>>  Enemy Tank Launch angle not within tolerances, adjusting firing solution...
<<<20:22:23:498140>>>  Enemy Tank adjusted targeting angle one unit CW...
<<<20:22:23:513321>>>  Player Tank is being animated...
<<<20:22:23:513321>>>  Enemy Tank is being animated...
<<<20:22:23:514354>>>  Enemy Tank is checking targeting info...
<<<20:22:23:514354>>>  Enemy Tank Launch angle not within tolerances, adjusting firing solution...
<<<20:22:23:514354>>>  Enemy Tank adjusted targeting angle one unit CW...
<<<20:22:23:530465>>>  Player Tank is being animated...
<<<20:22:23:530465>>>  Enemy Tank is being animated...
<<<20:22:23:531465>>>  Enemy Tank is checking targeting info...
<<<20:22:23:531465>>>  Enemy Tank Launch angle not within tolerances, adjusting firing solution...
<<<20:22:23:531465>>>  Enemy Tank adjusted targeting angle one unit CW...
<<<20:22:23:544739>>>  Player Tank is being animated...
<<<20:22:23:544739>>>  Enemy Tank is being animated...
<<<20:22:23:545738>>>  Enemy Tank is checking targeting info...
<<<20:22:23:545738>>>  Enemy Tank Launch angle not within tolerances, adjusting firing solution...
<<<20:22:23:545738>>>  Enemy Tank adjusted targeting angle one unit CW...
<<<20:22:23:561963>>>  Player Tank is being animated...
<<<20:22:23:561963>>>  Enemy Tank is being animated...
<<<20:22:23:562991>>>  Enemy Tank is checking targeting info...
<<<20:22:23:562991>>>  Enemy Tank Launch angle not within tolerances, adjusting firing solution...
<<<20:22:23:562991>>>  Enemy Tank adjusted targeting angle one unit CW...
<<<20:22:23:578977>>>  Player Tank is being animated...
<<<20:22:23:578977>>>  Enemy Tank is being animated...
<<<20:22:23:579975>>>  Enemy Tank is checking targeting info...
<<<20:22:23:579975>>>  Enemy Tank Launch angle not within tolerances, adjusting firing solution...
<<<20:22:23:579975>>>  Enemy Tank adjusted targeting angle one unit CW...
<<<20:22:23:595183>>>  Player Tank is being animated...
<<<20:22:23:595183>>>  Enemy Tank is being animated...
<<<20:22:23:596179>>>  Enemy Tank is checking targeting info...
<<<20:22:23:596179>>>  Enemy Tank Launch angle not within tolerances, adjusting firing solution...
<<<20:22:23:596179>>>  Enemy Tank adjusted targeting angle one unit CW...
<<<20:22:23:610681>>>  Player Tank is being animated...
<<<20:22:23:610681>>>  Enemy Tank is being animated...
<<<20:22:23:611714>>>  Enemy Tank is checking targeting info...
<<<20:22:23:611714>>>  Enemy Tank Launch angle not within tolerances, adjusting firing solution...
<<<20:22:23:611714>>>  Enemy Tank adjusted targeting angle one unit CW...
<<<20:22:23:626724>>>  Player Tank is being animated...
<<<20:22:23:626724>>>  Enemy Tank is being animated...
<<<20:22:23:627755>>>  Enemy Tank is checking targeting info...
<<<20:22:23:627755>>>  Enemy Tank Launch angle not within tolerances, adjusting firing solution...
<<<20:22:23:627755>>>  Enemy Tank adjusted targeting angle one unit CW...
<<<20:22:23:642932>>>  Player Tank is being animated...
<<<20:22:23:642932>>>  Enemy Tank is being animated...
<<<20:22:23:644960>>>  Enemy Tank is checking targeting info...
<<<20:22:23:644960>>>  Enemy Tank Launch angle not within tolerances, adjusting firing solution...
<<<20:22:23:644960>>>  Enemy Tank adjusted targeting angle one unit CW...
<<<20:22:23:659321>>>  Player Tank is being animated...
<<<20:22:23:659321>>>  Enemy Tank is being animated...
<<<20:22:23:660354>>>  Enemy Tank is checking targeting info...
<<<20:22:23:660354>>>  Enemy Tank Launch angle not within tolerances, adjusting firing solution...
<<<20:22:23:660354>>>  Enemy Tank adjusted targeting angle one unit CW...
<<<20:22:23:676384>>>  Player Tank is being animated...
<<<20:22:23:676384>>>  Enemy Tank is being animated...
<<<20:22:23:677385>>>  Enemy Tank is checking targeting info...
<<<20:22:23:677385>>>  Enemy Tank Launch angle not within tolerances, adjusting firing solution...
<<<20:22:23:677385>>>  Enemy Tank adjusted targeting angle one unit CW...
<<<20:22:23:690781>>>  Player Tank is being animated...
<<<20:22:23:690781>>>  Enemy Tank is being animated...
<<<20:22:23:691780>>>  Enemy Tank is checking targeting info...
<<<20:22:23:691780>>>  Enemy Tank Launch angle not within tolerances, adjusting firing solution...
<<<20:22:23:691780>>>  Enemy Tank adjusted targeting angle one unit CW...
<<<20:22:23:707074>>>  Player Tank is being animated...
<<<20:22:23:707074>>>  Enemy Tank is being animated...
<<<20:22:23:708073>>>  Enemy Tank is checking targeting info...
<<<20:22:23:708073>>>  Enemy Tank Launch angle not within tolerances, adjusting firing solution...
<<<20:22:23:708073>>>  Enemy Tank adjusted targeting angle one unit CW...
<<<20:22:23:724103>>>  Player Tank is being animated...
<<<20:22:23:724103>>>  Enemy Tank is being animated...
<<<20:22:23:725102>>>  Enemy Tank is checking targeting info...
<<<20:22:23:725102>>>  Enemy Tank Launch angle not within tolerances, adjusting firing solution...
<<<20:22:23:725102>>>  Enemy Tank adjusted targeting angle one unit CW...
<<<20:22:23:739750>>>  Player Tank is being animated...
<<<20:22:23:739750>>>  Enemy Tank is being animated...
<<<20:22:23:740749>>>  Enemy Tank is checking targeting info...
<<<20:22:23:740749>>>  Enemy Tank Launch angle not within tolerances, adjusting firing solution...
<<<20:22:23:740749>>>  Enemy Tank adjusted targeting angle one unit CW...
<<<20:22:23:756798>>>  Player Tank is being animated...
<<<20:22:23:756798>>>  Enemy Tank is being animated...
<<<20:22:23:757825>>>  Enemy Tank is checking targeting info...
<<<20:22:23:757825>>>  Enemy Tank Launch angle not within tolerances, adjusting firing solution...
<<<20:22:23:757825>>>  Enemy Tank adjusted targeting angle one unit CW...
<<<20:22:23:773216>>>  Player Tank is being animated...
<<<20:22:23:773216>>>  Enemy Tank is being animated...
<<<20:22:23:774205>>>  Enemy Tank is checking targeting info...
<<<20:22:23:774205>>>  Enemy Tank Launch angle not within tolerances, adjusting firing solution...
<<<20:22:23:774205>>>  Enemy Tank adjusted targeting angle one unit CW...
<<<20:22:23:788138>>>  Player Tank is being animated...
<<<20:22:23:788138>>>  Enemy Tank is being animated...
<<<20:22:23:789169>>>  Enemy Tank is checking targeting info...
<<<20:22:23:790173>>>  Enemy Tank Launch angle not within tolerances, adjusting firing solution...
<<<20:22:23:790173>>>  Enemy Tank adjusted targeting angle one unit CW...
<<<20:22:23:804476>>>  Player Tank is being animated...
<<<20:22:23:804476>>>  Enemy Tank is being animated...
<<<20:22:23:805508>>>  Enemy Tank is checking targeting info...
<<<20:22:23:805508>>>  Enemy Tank Launch angle not within tolerances, adjusting firing solution...
<<<20:22:23:805508>>>  Enemy Tank adjusted targeting angle one unit CW...
<<<20:22:23:821773>>>  Player Tank is being animated...
<<<20:22:23:821773>>>  Enemy Tank is being animated...
<<<20:22:23:822771>>>  Enemy Tank is checking targeting info...
<<<20:22:23:822771>>>  Enemy Tank Launch angle not within tolerances, adjusting firing solution...
<<<20:22:23:822771>>>  Enemy Tank adjusted targeting angle one unit CW...
<<<20:22:23:837220>>>  Player Tank is being animated...
<<<20:22:23:837220>>>  Enemy Tank is being animated...
<<<20:22:23:838219>>>
* INFORMATION FOR Player Tank's CANNONBALLS:
* Cannonballs in memory for Player Tank:  1.
* Total cannonballs fired or chambered for Player Tank:  1.
<<<20:22:23:838219>>>
* CURRENT VALUES FOR CELESTIAL BODY:  Player Tank's Cannonball #1
* This is not the homeworld.
* The celestial boyd's density is 5515 kg/m^3.
* The celestial body's mass is 1000 kg.
* The Earth's mass is 5.972e+24 kg.
* The celestial body's radius is 0.001 km.
* The celestial body's coordinates are (12.04686064200834, 6362.930123061239).
* The celestial body's velocity is (-0.014162244116682146, 5.604581430195289).
* The celestial body's speed is 5.604599323488548 km/s.
* The celestial body's acceleration is (0, 0).
* The celestial body's screen x and y coordinates are (768, 345).
* The celestial body's screen radius is 2.
* The celestial is using a body circle.
<<<20:22:23:838219>>>
* ADDITIONAL INFORMATION FOR Player Tank's Cannonball #1:
* This cannonball is chambered.
<<<20:22:23:838219>>>
* INFORMATION FOR Enemy Tank's CANNONBALLS:
* Cannonballs in memory for Enemy Tank:  2.
* Total cannonballs fired or chambered for Enemy Tank:  2.
<<<20:22:23:838219>>>
* CURRENT VALUES FOR CELESTIAL BODY:  Enemy Tank's Cannonball #1
* This is not the homeworld.
* The celestial boyd's density is 5515 kg/m^3.
* The celestial body's mass is 1000 kg.
* The Earth's mass is 5.972e+24 kg.
* The celestial body's radius is 0.001 km.
* The celestial body's coordinates are (1999.6897188428463, -8418.023773473085).
* The celestial body's velocity is (6.490861676238114, -5.876105455430565).
* The celestial body's speed is 8.755563980886526 km/s.
* The celestial body's acceleration is (-0.001232075914465966, 0.0052856969920620995).
* The celestial body's screen x and y coordinates are (795, 546).
* The celestial body's screen radius is 2.
* The celestial is using a body circle.
<<<20:22:23:839217>>>
* ADDITIONAL INFORMATION FOR Enemy Tank's Cannonball #1:
* This cannonball is active.
<<<20:22:23:839217>>>
* CURRENT VALUES FOR CELESTIAL BODY:  Enemy Tank's Cannonball #2
* This is not the homeworld.
* The celestial boyd's density is 5515 kg/m^3.
* The celestial body's mass is 1000 kg.
* The Earth's mass is 5.972e+24 kg.
* The celestial body's radius is 0.001 km.
* The celestial body's coordinates are (7.41878690588093, -6375.736175468944).
* The celestial body's velocity is (6.738462619093144, -8.041358821393164).
* The celestial body's speed is 10.491440804928239 km/s.
* The celestial body's acceleration is (0, 0).
* The celestial body's screen x and y coordinates are (768, 518).
* The celestial body's screen radius is 2.
* The celestial is using a body circle.
<<<20:22:23:839217>>>
* ADDITIONAL INFORMATION FOR Enemy Tank's Cannonball #2:
* This cannonball is chambered.
<<<20:22:23:839217>>>  Quit through pygame and writing log file...
