<<<10:22:31:998872>>>  Pix\Homeworlds\Lava\12.png loaded as pixie for Earth...
<<<10:22:31:998872>>>  Image at Pix\Homeworlds\Lava\12.png chosen as homeworld pix for Earth's...
<<<10:22:31:999868>>>  Pix\Moons\3.png loaded as pixie for Moon #2...
<<<10:22:32:075702>>>  Pix\Snails\Green_Snail\Spells\Spellready_Icon\spellready.png returned as pixie for Snail #1 Green Player...
<<<10:22:32:075702>>>  Pix\Magic\Scroll\scroll.png returned as pixie for Snail #1 Green Player...
<<<10:22:32:075702>>>  Snail #1 Green Player successfully created!
<<<10:22:32:151495>>>  Pix\Snails\Red_Snail\Spells\Spellready_Icon\spellready.png returned as pixie for Snail #2 Red Player...
<<<10:22:32:151495>>>  Pix\Magic\Scroll\scroll.png returned as pixie for Snail #2 Red Player...
<<<10:22:32:151495>>>  Snail #2 Red Player successfully created!
<<<10:22:32:452531>>>  Snail #1 Green Player chambered cannonball...
<<<10:22:32:452531>>>
* CURRENT VALUES FOR CELESTIAL BODY:  Snail #1 Green Player's Cannonball #1
* This is not the homeworld.
* The celestial boyd's density is 5515 kg/m^3.
* The celestial body's mass is 1000 kg.
* The Earth's mass is 5.972e+24 kg.
* The celestial body's radius is 0.001 km.
* The celestial body's coordinates are (3.9011123786838936e-13, 6371.0).
* The celestial body's velocity is (0.002404699709179651, 5.594580124277766).
* The celestial body's speed is 5.594580641079769 km/s.
* The celestial body's acceleration is (0, 0).
* The celestial body's screen x and y coordinates are (768, 345).
* The celestial body's screen radius is 2.
* The celestial is using a body circle.
<<<10:22:32:452531>>>
* ADDITIONAL INFORMATION FOR Snail #1 Green Player's Cannonball #1:
* This cannonball is chambered.
<<<10:22:39:400566>>>
* INFORMATION FOR Snail #1 Green Player's CANNONBALLS:
* Cannonballs in memory for Snail #1 Green Player:  1.
* Total cannonballs fired or chambered for Snail #1 Green Player:  1.
<<<10:22:39:400566>>>
* CURRENT VALUES FOR CELESTIAL BODY:  Snail #1 Green Player's Cannonball #1
* This is not the homeworld.
* The celestial boyd's density is 5515 kg/m^3.
* The celestial body's mass is 1000 kg.
* The Earth's mass is 5.972e+24 kg.
* The celestial body's radius is 0.001 km.
* The celestial body's coordinates are (-94.07439325590909, 6295.384914310843).
* The celestial body's velocity is (0.002404699709179651, 5.594580124277766).
* The celestial body's speed is 5.594580641079769 km/s.
* The celestial body's acceleration is (0, 0).
* The celestial body's screen x and y coordinates are (766, 346).
* The celestial body's screen radius is 2.
* The celestial is using a body circle.
<<<10:22:39:400566>>>
* ADDITIONAL INFORMATION FOR Snail #1 Green Player's Cannonball #1:
* This cannonball is chambered.
<<<10:22:39:400566>>>
* INFORMATION FOR Snail #2 Red Player's CANNONBALLS:
* Cannonballs in memory for Snail #2 Red Player:  0.
* Total cannonballs fired or chambered for Snail #2 Red Player:  0.
<<<10:22:39:400566>>>  Quit through pygame and writing log file...
