<<<09:59:18:345356>>>  Pix\Homeworlds\Tech\5.png loaded as pixie for Earth...
<<<09:59:18:345356>>>  Image at Pix\Homeworlds\Tech\5.png chosen as homeworld pix for Earth's...
<<<09:59:18:353496>>>  Pix\Moons\15.png loaded as pixie for Moon #2...
<<<09:59:18:427879>>>  Pix\Snails\Green_Snail\Spells\Spellready_Icon\spellready.png returned as pixie for Snail #1 Green Player...
<<<09:59:18:427879>>>  Pix\Magic\Scroll\scroll.png returned as pixie for Snail #1 Green Player...
<<<09:59:18:428870>>>  Snail #1 Green Player successfully created!
<<<09:59:18:499717>>>  Pix\Snails\Red_Snail\Spells\Spellready_Icon\spellready.png returned as pixie for Snail #2 Red Player...
<<<09:59:18:500712>>>  Pix\Magic\Scroll\scroll.png returned as pixie for Snail #2 Red Player...
<<<09:59:18:500712>>>  Snail #2 Red Player successfully created!
<<<09:59:18:869700>>>  Snail #1 Green Player chambered cannonball...
<<<09:59:18:869700>>>
* CURRENT VALUES FOR CELESTIAL BODY:  Snail #1 Green Player's Cannonball #1
* This is not the homeworld.
* The celestial boyd's density is 5515 kg/m^3.
* The celestial body's mass is 1000 kg.
* The Earth's mass is 5.972e+24 kg.
* The celestial body's radius is 0.001 km.
* The celestial body's coordinates are (3.9011123786838936e-13, 6371.0).
* The celestial body's velocity is (0.0017716774318805477, 5.591226160940808).
* The celestial body's speed is 5.591226441634233 km/s.
* The celestial body's acceleration is (0, 0).
* The celestial body's screen x and y coordinates are (768, 345).
* The celestial body's screen radius is 2.
* The celestial is using a body circle.
<<<09:59:18:869700>>>
* ADDITIONAL INFORMATION FOR Snail #1 Green Player's Cannonball #1:
* This cannonball is chambered.
<<<09:59:35:773322>>>  Snail #1 Green Player's Cannonball #1 explosion timer has expired, marked for removal...
<<<09:59:36:250389>>>  Snail #1 Green Player chambered cannonball...
<<<09:59:36:250389>>>
* CURRENT VALUES FOR CELESTIAL BODY:  Snail #1 Green Player's Cannonball #2
* This is not the homeworld.
* The celestial boyd's density is 5515 kg/m^3.
* The celestial body's mass is 1000 kg.
* The Earth's mass is 5.972e+24 kg.
* The celestial body's radius is 0.001 km.
* The celestial body's coordinates are (3.9011123786838936e-13, 6371.0).
* The celestial body's velocity is (-1.995092412872414, 7.790251283132565).
* The celestial body's speed is 8.041667040499105 km/s.
* The celestial body's acceleration is (0, 0).
* The celestial body's screen x and y coordinates are (768, 345).
* The celestial body's screen radius is 2.
* The celestial is using a body circle.
<<<09:59:36:250389>>>
* ADDITIONAL INFORMATION FOR Snail #1 Green Player's Cannonball #2:
* This cannonball is chambered.
<<<10:00:21:223043>>>  Snail #1 Green Player chambered cannonball...
<<<10:00:21:223043>>>
* CURRENT VALUES FOR CELESTIAL BODY:  Snail #1 Green Player's Cannonball #3
* This is not the homeworld.
* The celestial boyd's density is 5515 kg/m^3.
* The celestial body's mass is 1000 kg.
* The Earth's mass is 5.972e+24 kg.
* The celestial body's radius is 0.001 km.
* The celestial body's coordinates are (3.9011123786838936e-13, 6371.0).
* The celestial body's velocity is (-9.277238926634768, 0.15360907671506105).
* The celestial body's speed is 9.278510540507925 km/s.
* The celestial body's acceleration is (0, 0).
* The celestial body's screen x and y coordinates are (768, 345).
* The celestial body's screen radius is 2.
* The celestial is using a body circle.
<<<10:00:21:223043>>>
* ADDITIONAL INFORMATION FOR Snail #1 Green Player's Cannonball #3:
* This cannonball is chambered.
<<<10:00:53:013152>>>  Snail #1 Green Player chambered cannonball...
<<<10:00:53:013152>>>
* CURRENT VALUES FOR CELESTIAL BODY:  Snail #1 Green Player's Cannonball #4
* This is not the homeworld.
* The celestial boyd's density is 5515 kg/m^3.
* The celestial body's mass is 1000 kg.
* The Earth's mass is 5.972e+24 kg.
* The celestial body's radius is 0.001 km.
* The celestial body's coordinates are (3.9011123786838936e-13, 6371.0).
* The celestial body's velocity is (-4.017626654681878, -7.641976439495367).
* The celestial body's speed is 8.633720393793894 km/s.
* The celestial body's acceleration is (0, 0).
* The celestial body's screen x and y coordinates are (768, 345).
* The celestial body's screen radius is 2.
* The celestial is using a body circle.
<<<10:00:53:013152>>>
* ADDITIONAL INFORMATION FOR Snail #1 Green Player's Cannonball #4:
* This cannonball is chambered.
<<<10:00:54:811624>>>  Snail #1 Green Player chambered cannonball...
<<<10:00:54:811624>>>
* CURRENT VALUES FOR CELESTIAL BODY:  Snail #1 Green Player's Cannonball #5
* This is not the homeworld.
* The celestial boyd's density is 5515 kg/m^3.
* The celestial body's mass is 1000 kg.
* The Earth's mass is 5.972e+24 kg.
* The celestial body's radius is 0.001 km.
* The celestial body's coordinates are (3.9011123786838936e-13, 6371.0).
* The celestial body's velocity is (-4.022304490836318, -7.637639742299594).
* The celestial body's speed is 8.632060834479576 km/s.
* The celestial body's acceleration is (0, 0).
* The celestial body's screen x and y coordinates are (768, 345).
* The celestial body's screen radius is 2.
* The celestial is using a body circle.
<<<10:00:54:811624>>>
* ADDITIONAL INFORMATION FOR Snail #1 Green Player's Cannonball #5:
* This cannonball is chambered.
<<<10:00:55:818142>>>  Snail #1 Green Player chambered cannonball...
<<<10:00:55:818142>>>
* CURRENT VALUES FOR CELESTIAL BODY:  Snail #1 Green Player's Cannonball #6
* This is not the homeworld.
* The celestial boyd's density is 5515 kg/m^3.
* The celestial body's mass is 1000 kg.
* The Earth's mass is 5.972e+24 kg.
* The celestial body's radius is 0.001 km.
* The celestial body's coordinates are (3.9011123786838936e-13, 6371.0).
* The celestial body's velocity is (-4.025190168489831, -7.635450882686448).
* The celestial body's speed is 8.631469519984673 km/s.
* The celestial body's acceleration is (0, 0).
* The celestial body's screen x and y coordinates are (768, 345).
* The celestial body's screen radius is 2.
* The celestial is using a body circle.
<<<10:00:55:818142>>>
* ADDITIONAL INFORMATION FOR Snail #1 Green Player's Cannonball #6:
* This cannonball is chambered.
<<<10:00:57:127063>>>
* INFORMATION FOR Snail #1 Green Player's CANNONBALLS:
* Cannonballs in memory for Snail #1 Green Player:  2.
* Total cannonballs fired or chambered for Snail #1 Green Player:  6.
<<<10:00:57:127063>>>
* CURRENT VALUES FOR CELESTIAL BODY:  Snail #1 Green Player's Cannonball #2
* This is not the homeworld.
* The celestial boyd's density is 5515 kg/m^3.
* The celestial body's mass is 1000 kg.
* The Earth's mass is 5.972e+24 kg.
* The celestial body's radius is 0.001 km.
* The celestial body's coordinates are (2639.4022876903105, -13511.29538503448).
* The celestial body's velocity is (4.3024836419164805, 1.508117687530107).
* The celestial body's speed is 4.559142951081931 km/s.
* The celestial body's acceleration is (-0.00039847388208262053, 0.0020663217237182636).
* The celestial body's screen x and y coordinates are (803, 615).
* The celestial body's screen radius is 10.
* The celestial is using a pix found at False.
<<<10:00:57:127063>>>
* ADDITIONAL INFORMATION FOR Snail #1 Green Player's Cannonball #2:
* This cannonball is active.
* This ball is armed.
<<<10:00:57:127063>>>
* CURRENT VALUES FOR CELESTIAL BODY:  Snail #1 Green Player's Cannonball #6
* This is not the homeworld.
* The celestial boyd's density is 5515 kg/m^3.
* The celestial body's mass is 1000 kg.
* The Earth's mass is 5.972e+24 kg.
* The celestial body's radius is 0.001 km.
* The celestial body's coordinates are (-54.92429079224709, 6315.157400466571).
* The celestial body's velocity is (-4.025190168489831, -7.635450882686448).
* The celestial body's speed is 8.631469519984673 km/s.
* The celestial body's acceleration is (0, 0).
* The celestial body's screen x and y coordinates are (767, 346).
* The celestial body's screen radius is 2.
* The celestial is using a body circle.
<<<10:00:57:127063>>>
* ADDITIONAL INFORMATION FOR Snail #1 Green Player's Cannonball #6:
* This cannonball is chambered.
<<<10:00:57:127063>>>
* INFORMATION FOR Snail #2 Red Player's CANNONBALLS:
* Cannonballs in memory for Snail #2 Red Player:  0.
* Total cannonballs fired or chambered for Snail #2 Red Player:  0.
<<<10:00:57:127063>>>  Quit through pygame and writing log file...
