<<<10:27:24:156473>>>  Pix\Homeworlds\Desert\5.png loaded as pixie for Earth...
<<<10:27:24:156473>>>  Image at Pix\Homeworlds\Desert\5.png chosen as homeworld pix for Earth's...
<<<10:27:24:167571>>>  Pix\Moons\13.png loaded as pixie for Moon #2...
<<<10:27:24:241372>>>  Pix\Snails\Green_Snail\Spells\Spellready_Icon\spellready.png returned as pixie for Snail #1 Green Player...
<<<10:27:24:241372>>>  Pix\Magic\Scroll\scroll.png returned as pixie for Snail #1 Green Player...
<<<10:27:24:241372>>>  Snail #1 Green Player successfully created!
<<<10:27:24:313214>>>  Pix\Snails\Red_Snail\Spells\Spellready_Icon\spellready.png returned as pixie for Snail #2 Red Player...
<<<10:27:24:314213>>>  Pix\Magic\Scroll\scroll.png returned as pixie for Snail #2 Red Player...
<<<10:27:24:314213>>>  Snail #2 Red Player successfully created!
<<<10:27:24:534073>>>  Snail #1 Green Player chambered cannonball...
<<<10:27:24:534073>>>
* CURRENT VALUES FOR CELESTIAL BODY:  Snail #1 Green Player's Cannonball #1
* This is not the homeworld.
* The celestial boyd's density is 5515 kg/m^3.
* The celestial body's mass is 1000 kg.
* The Earth's mass is 5.972e+24 kg.
* The celestial body's radius is 0.001 km.
* The celestial body's coordinates are (3.9011123786838936e-13, 6371.0).
* The celestial body's velocity is (0.0009540351567908558, 5.595361147898918).
* The celestial body's speed is 5.595361229232638 km/s.
* The celestial body's acceleration is (0, 0).
* The celestial body's screen x and y coordinates are (768, 345).
* The celestial body's screen radius is 2.
* The celestial is using a body circle.
<<<10:27:24:534073>>>
* ADDITIONAL INFORMATION FOR Snail #1 Green Player's Cannonball #1:
* This cannonball is chambered.
<<<10:27:29:786693>>>
* INFORMATION FOR Snail #1 Green Player's CANNONBALLS:
* Cannonballs in memory for Snail #1 Green Player:  1.
* Total cannonballs fired or chambered for Snail #1 Green Player:  1.
<<<10:27:29:786693>>>
* CURRENT VALUES FOR CELESTIAL BODY:  Snail #1 Green Player's Cannonball #1
* This is not the homeworld.
* The celestial boyd's density is 5515 kg/m^3.
* The celestial body's mass is 1000 kg.
* The Earth's mass is 5.972e+24 kg.
* The celestial body's radius is 0.001 km.
* The celestial body's coordinates are (-18.66740777488217, 6303.342030009691).
* The celestial body's velocity is (0.0009540351567908558, 5.595361147898918).
* The celestial body's speed is 5.595361229232638 km/s.
* The celestial body's acceleration is (0, 0).
* The celestial body's screen x and y coordinates are (767, 346).
* The celestial body's screen radius is 2.
* The celestial is using a body circle.
<<<10:27:29:786693>>>
* ADDITIONAL INFORMATION FOR Snail #1 Green Player's Cannonball #1:
* This cannonball is chambered.
<<<10:27:29:786693>>>
* INFORMATION FOR Snail #2 Red Player's CANNONBALLS:
* Cannonballs in memory for Snail #2 Red Player:  0.
* Total cannonballs fired or chambered for Snail #2 Red Player:  0.
<<<10:27:29:786693>>>  Quit through pygame and writing log file...
