<<<09:54:01:366104>>>  Pix\Homeworlds\Forest\10.png loaded as pixie for Earth...
<<<09:54:01:366104>>>  Image at Pix\Homeworlds\Forest\10.png chosen as homeworld pix for Earth's...
<<<09:54:01:376486>>>  Pix\Moons\3.png loaded as pixie for Moon #2...
<<<09:54:01:450321>>>  Pix\Snails\Green_Snail\Spells\Spellready_Icon\spellready.png returned as pixie for Snail #1 Green Player...
<<<09:54:01:450321>>>  Pix\Magic\Scroll\scroll.png returned as pixie for Snail #1 Green Player...
<<<09:54:01:451323>>>  Snail #1 Green Player successfully created!
<<<09:54:01:526092>>>  Pix\Snails\Red_Snail\Spells\Spellready_Icon\spellready.png returned as pixie for Snail #2 Red Player...
<<<09:54:01:527084>>>  Pix\Magic\Scroll\scroll.png returned as pixie for Snail #2 Red Player...
<<<09:54:01:527084>>>  Snail #2 Red Player successfully created!
<<<09:54:01:844955>>>  Snail #1 Green Player chambered cannonball...
<<<09:54:01:844955>>>
* CURRENT VALUES FOR CELESTIAL BODY:  Snail #1 Green Player's Cannonball #1
* This is not the homeworld.
* The celestial boyd's density is 5515 kg/m^3.
* The celestial body's mass is 1000 kg.
* The Earth's mass is 5.972e+24 kg.
* The celestial body's radius is 0.001 km.
* The celestial body's coordinates are (3.9011123786838936e-13, 6371.0).
* The celestial body's velocity is (0.001600553732538697, 5.591598026732329).
* The celestial body's speed is 5.59159825580568 km/s.
* The celestial body's acceleration is (0, 0).
* The celestial body's screen x and y coordinates are (768, 345).
* The celestial body's screen radius is 2.
* The celestial is using a body circle.
<<<09:54:01:844955>>>
* ADDITIONAL INFORMATION FOR Snail #1 Green Player's Cannonball #1:
* This cannonball is chambered.
<<<09:54:04:010507>>>  ERROR: Snail #1 Green Player can't chamber cannonball, already one in chamber...
<<<09:54:04:207860>>>  ERROR: Snail #1 Green Player can't chamber cannonball, already one in chamber...
<<<09:54:04:389632>>>  ERROR: Snail #1 Green Player can't chamber cannonball, already one in chamber...
<<<09:54:04:536503>>>  ERROR: Snail #1 Green Player can't chamber cannonball, already one in chamber...
<<<09:54:20:356049>>>
* INFORMATION FOR Snail #1 Green Player's CANNONBALLS:
* Cannonballs in memory for Snail #1 Green Player:  1.
* Total cannonballs fired or chambered for Snail #1 Green Player:  1.
<<<09:54:20:356049>>>
* CURRENT VALUES FOR CELESTIAL BODY:  Snail #1 Green Player's Cannonball #1
* This is not the homeworld.
* The celestial boyd's density is 5515 kg/m^3.
* The celestial body's mass is 1000 kg.
* The Earth's mass is 5.972e+24 kg.
* The celestial body's radius is 0.001 km.
* The celestial body's coordinates are (-624.4493550259326, 6471.66974059314).
* The celestial body's velocity is (0.001600553732538697, 5.591598026732329).
* The celestial body's speed is 5.59159825580568 km/s.
* The celestial body's acceleration is (0, 0).
* The celestial body's screen x and y coordinates are (759, 344).
* The celestial body's screen radius is 2.
* The celestial is using a body circle.
<<<09:54:20:356049>>>
* ADDITIONAL INFORMATION FOR Snail #1 Green Player's Cannonball #1:
* This cannonball is chambered.
<<<09:54:20:356049>>>
* INFORMATION FOR Snail #2 Red Player's CANNONBALLS:
* Cannonballs in memory for Snail #2 Red Player:  0.
* Total cannonballs fired or chambered for Snail #2 Red Player:  0.
<<<09:54:20:356049>>>  Quit through pygame and writing log file...
