<<<11:22:00:262301>>>  Pix\Homeworlds\Ocean\7.png loaded as pixie for Earth...
<<<11:22:00:262301>>>  Image at Pix\Homeworlds\Ocean\7.png chosen as homeworld pix for Earth's...
<<<11:22:00:272880>>>  Pix\Moons\11.png loaded as pixie for Moon #2...
<<<11:22:00:347679>>>  Pix\Snails\Green_Snail\Spells\Spellready_Icon\spellready.png returned as pixie for Snail #1 Green Player...
<<<11:22:00:347679>>>  Pix\Magic\Scroll\scroll.png returned as pixie for Snail #1 Green Player...
<<<11:22:00:347679>>>  Snail #1 Green Player successfully created!
<<<11:22:00:418492>>>  Pix\Snails\Red_Snail\Spells\Spellready_Icon\spellready.png returned as pixie for Snail #2 Red Player...
<<<11:22:00:418492>>>  Pix\Magic\Scroll\scroll.png returned as pixie for Snail #2 Red Player...
<<<11:22:00:419488>>>  Snail #2 Red Player successfully created!
<<<11:22:00:553201>>>  Snail #1 Green Player chambered cannonball...
<<<11:22:00:553201>>>
* CURRENT VALUES FOR CELESTIAL BODY:  Snail #1 Green Player's Cannonball #1
* This is not the homeworld.
* The celestial boyd's density is 5515 kg/m^3.
* The celestial body's mass is 1000 kg.
* The Earth's mass is 5.972e+24 kg.
* The celestial body's radius is 0.001 km.
* The celestial body's coordinates are (3.9011123786838936e-13, 6371.0).
* The celestial body's velocity is (0.0007838237146692588, 5.5946626364577146).
* The celestial body's speed is 5.59466269136537 km/s.
* The celestial body's acceleration is (0, 0).
* The celestial body's screen x and y coordinates are (768, 345).
* The celestial body's screen radius is 2.
* The celestial is using a body circle.
<<<11:22:00:553201>>>
* ADDITIONAL INFORMATION FOR Snail #1 Green Player's Cannonball #1:
* This cannonball is chambered.
<<<11:22:03:487686>>>
* INFORMATION FOR Snail #1 Green Player's CANNONBALLS:
* Cannonballs in memory for Snail #1 Green Player:  1.
* Total cannonballs fired or chambered for Snail #1 Green Player:  1.
<<<11:22:03:487686>>>
* CURRENT VALUES FOR CELESTIAL BODY:  Snail #1 Green Player's Cannonball #1
* This is not the homeworld.
* The celestial boyd's density is 5515 kg/m^3.
* The celestial body's mass is 1000 kg.
* The Earth's mass is 5.972e+24 kg.
* The celestial body's radius is 0.001 km.
* The celestial body's coordinates are (-12.117160271208846, 6351.521763594096).
* The celestial body's velocity is (0.0007838237146692588, 5.5946626364577146).
* The celestial body's speed is 5.59466269136537 km/s.
* The celestial body's acceleration is (0, 0).
* The celestial body's screen x and y coordinates are (767, 345).
* The celestial body's screen radius is 2.
* The celestial is using a body circle.
<<<11:22:03:487686>>>
* ADDITIONAL INFORMATION FOR Snail #1 Green Player's Cannonball #1:
* This cannonball is chambered.
<<<11:22:03:487686>>>
* INFORMATION FOR Snail #2 Red Player's CANNONBALLS:
* Cannonballs in memory for Snail #2 Red Player:  0.
* Total cannonballs fired or chambered for Snail #2 Red Player:  0.
<<<11:22:03:487686>>>  Quit through pygame and writing log file...
