<<<09:49:54:949139>>>  Pix\Homeworlds\Tech\3.png loaded as pixie for Earth...
<<<09:49:54:949139>>>  Image at Pix\Homeworlds\Tech\3.png chosen as homeworld pix for Earth's...
<<<09:49:54:978523>>>  Pix\Moons\9.png loaded as pixie for Moon #2...
<<<09:49:56:995280>>>  Pix\Snails\Green_Snail\Spells\Spellready_Icon\spellready.png returned as pixie for Snail #1 Green Player...
<<<09:49:57:008341>>>  Pix\Magic\Scroll\scroll.png returned as pixie for Snail #1 Green Player...
<<<09:49:57:008341>>>  Snail #1 Green Player successfully created!
<<<09:49:57:729742>>>  Pix\Snails\Red_Snail\Spells\Spellready_Icon\spellready.png returned as pixie for Snail #2 Red Player...
<<<09:49:57:730741>>>  Pix\Magic\Scroll\scroll.png returned as pixie for Snail #2 Red Player...
<<<09:49:57:730741>>>  Snail #2 Red Player successfully created!
<<<09:49:58:630000>>>  Snail #1 Green Player chambered cannonball...
<<<09:49:58:630000>>>
* CURRENT VALUES FOR CELESTIAL BODY:  Snail #1 Green Player's Cannonball #1
* This is not the homeworld.
* The celestial boyd's density is 5515 kg/m^3.
* The celestial body's mass is 1000 kg.
* The Earth's mass is 5.972e+24 kg.
* The celestial body's radius is 0.001 km.
* The celestial body's coordinates are (3.9011123786838936e-13, 6371.0).
* The celestial body's velocity is (0.0023494236632533587, 5.586776820563812).
* The celestial body's speed is 5.586777314568806 km/s.
* The celestial body's acceleration is (0, 0).
* The celestial body's screen x and y coordinates are (768, 345).
* The celestial body's screen radius is 2.
* The celestial is using a body circle.
<<<09:49:58:630000>>>
* ADDITIONAL INFORMATION FOR Snail #1 Green Player's Cannonball #1:
* This cannonball is chambered.
<<<09:50:34:571817>>>  Snail #1 Green Player chambered cannonball...
<<<09:50:34:571817>>>
* CURRENT VALUES FOR CELESTIAL BODY:  Snail #1 Green Player's Cannonball #2
* This is not the homeworld.
* The celestial boyd's density is 5515 kg/m^3.
* The celestial body's mass is 1000 kg.
* The Earth's mass is 5.972e+24 kg.
* The celestial body's radius is 0.001 km.
* The celestial body's coordinates are (-6370.029665841367, 111.189281412012).
* The celestial body's velocity is (-5.504665131332927, 0.14255171112836226).
* The celestial body's speed is 5.506510619117898 km/s.
* The celestial body's acceleration is (0, 0).
* The celestial body's screen x and y coordinates are (681, 430).
* The celestial body's screen radius is 2.
* The celestial is using a body circle.
<<<09:50:34:571817>>>
* ADDITIONAL INFORMATION FOR Snail #1 Green Player's Cannonball #2:
* This cannonball is chambered.
<<<09:50:58:198297>>>
* INFORMATION FOR Snail #1 Green Player's CANNONBALLS:
* Cannonballs in memory for Snail #1 Green Player:  1.
* Total cannonballs fired or chambered for Snail #1 Green Player:  2.
<<<09:50:58:198297>>>
* CURRENT VALUES FOR CELESTIAL BODY:  Snail #1 Green Player's Cannonball #2
* This is not the homeworld.
* The celestial boyd's density is 5515 kg/m^3.
* The celestial body's mass is 1000 kg.
* The Earth's mass is 5.972e+24 kg.
* The celestial body's radius is 0.001 km.
* The celestial body's coordinates are (-24704.56695709212, -5439.855922974146).
* The celestial body's velocity is (-1.2927998327081838, -0.7286567171393789).
* The celestial body's speed is 1.484005397187842 km/s.
* The celestial body's acceleration is (0.0006139686709267659, 0.00013162833691868935).
* The celestial body's screen x and y coordinates are (432, 505).
* The celestial body's screen radius is 10.
* The celestial is using a pix found at False.
<<<09:50:58:198297>>>
* ADDITIONAL INFORMATION FOR Snail #1 Green Player's Cannonball #2:
* This cannonball is active.
* This ball is armed.
<<<09:50:58:198297>>>
* INFORMATION FOR Snail #2 Red Player's CANNONBALLS:
* Cannonballs in memory for Snail #2 Red Player:  0.
* Total cannonballs fired or chambered for Snail #2 Red Player:  0.
<<<09:50:58:198297>>>  Quit through pygame and writing log file...
