<<<15:20:16:242650>>>  Pix\Homeworlds\Ocean\2.png loaded as pixie for Earth...
<<<15:20:16:242650>>>  Image at Pix\Homeworlds\Ocean\2.png chosen as homeworld pix for Earth's...
<<<15:20:16:242650>>>  Pix\Moons\1.png loaded as pixie for Moon #2...
<<<15:20:16:288416>>>  Pix\Snails\Green_Snail\Spells\Spellready_Icon\spellready.png returned as pixie for Tank #1 Green Player Tank...
<<<15:20:16:288416>>>  Tank #1 Green Player Tank successfully created!
<<<15:20:16:341693>>>  Pix\Snails\Red_Snail\Spells\Spellready_Icon\spellready.png returned as pixie for Tank #2 Red AI Tank...
<<<15:20:16:341693>>>  Tank #2 Red AI Tank successfully created!
<<<15:20:16:388384>>>  Pix\Snails\Yellow_Snail\Spells\Spellready_Icon\spellready.png returned as pixie for Tank #3 Yellow AI Tank...
<<<15:20:16:388384>>>  Tank #3 Yellow AI Tank successfully created!
<<<15:20:16:392871>>>  Successfully removed spellready icon from Tank #1 Green Player Tank's effect list!
<<<15:20:16:393870>>>  Successfully removed spellready icon from Tank #2 Red AI Tank's effect list!
<<<15:20:19:409939>>>  Successfully removed spellbook from Tank #2 Red AI Tank's effect list!
<<<15:20:19:409939>>>  Tank #2 Red AI Tank chose to shoot...
<<<15:20:19:409939>>>  Tank #2 Red AI Tank chose to shoot...
<<<15:20:19:409939>>>  Tank #2 Red AI Tank is checking targeting info...
<<<15:20:19:409939>>>  Tank #2 Red AI Tank Launch angle not within tolerances, adjusting firing solution...
<<<15:20:19:409939>>>  Tank #2 Red AI Tank Launch speed not within tolerances, adjusting firing solution...
<<<15:20:19:409939>>>  Tank #2 Red AI Tank adjusted targeting angle one unit CCW...
<<<15:20:19:409939>>>  Tank #3 Yellow AI Tank chose to move to 4.9981, cururently at 5.7596.
<<<15:20:19:410947>>>  Tank #3 Yellow AI Tank moved one unit CW...
<<<15:20:19:410947>>>  Tank #3 Yellow AI Tank chose to move...
<<<15:20:19:425799>>>  Tank #2 Red AI Tank is checking targeting info...
<<<15:20:19:425799>>>  Tank #2 Red AI Tank Launch angle not within tolerances, adjusting firing solution...
<<<15:20:19:425799>>>  Tank #2 Red AI Tank Launch speed not within tolerances, adjusting firing solution...
<<<15:20:19:425799>>>  Tank #2 Red AI Tank adjusted targeting angle one unit CCW...
<<<15:20:19:425799>>>  Tank #3 Yellow AI Tank moved one unit CW...
<<<15:20:19:442670>>>  Tank #2 Red AI Tank is checking targeting info...
<<<15:20:19:442670>>>  Tank #2 Red AI Tank Launch angle not within tolerances, adjusting firing solution...
<<<15:20:19:442670>>>  Tank #2 Red AI Tank Launch speed not within tolerances, adjusting firing solution...
<<<15:20:19:442670>>>  Tank #2 Red AI Tank adjusted targeting angle one unit CCW...
<<<15:20:19:442670>>>  Tank #3 Yellow AI Tank moved one unit CW...
<<<15:20:19:458692>>>  Tank #2 Red AI Tank is checking targeting info...
<<<15:20:19:458692>>>  Tank #2 Red AI Tank Launch angle not within tolerances, adjusting firing solution...
<<<15:20:19:458692>>>  Tank #2 Red AI Tank Launch speed not within tolerances, adjusting firing solution...
<<<15:20:19:458692>>>  Tank #2 Red AI Tank adjusted targeting angle one unit CCW...
<<<15:20:19:458692>>>  Tank #3 Yellow AI Tank moved one unit CW...
<<<15:20:19:475173>>>  Tank #2 Red AI Tank is checking targeting info...
<<<15:20:19:475173>>>  Tank #2 Red AI Tank Launch angle not within tolerances, adjusting firing solution...
<<<15:20:19:475173>>>  Tank #2 Red AI Tank Launch speed not within tolerances, adjusting firing solution...
<<<15:20:19:475173>>>  Tank #2 Red AI Tank adjusted targeting angle one unit CCW...
<<<15:20:19:475173>>>  Tank #3 Yellow AI Tank moved one unit CW...
<<<15:20:19:490982>>>  Tank #2 Red AI Tank is checking targeting info...
<<<15:20:19:490982>>>  Tank #2 Red AI Tank Launch angle not within tolerances, adjusting firing solution...
<<<15:20:19:490982>>>  Tank #2 Red AI Tank Launch speed not within tolerances, adjusting firing solution...
<<<15:20:19:490982>>>  Tank #2 Red AI Tank adjusted targeting angle one unit CCW...
<<<15:20:19:490982>>>  Tank #3 Yellow AI Tank moved one unit CW...
<<<15:20:19:507436>>>  Tank #2 Red AI Tank is checking targeting info...
<<<15:20:19:507436>>>  Tank #2 Red AI Tank Launch angle not within tolerances, adjusting firing solution...
<<<15:20:19:507436>>>  Tank #2 Red AI Tank Launch speed not within tolerances, adjusting firing solution...
<<<15:20:19:507436>>>  Tank #2 Red AI Tank adjusted targeting angle one unit CCW...
<<<15:20:19:507436>>>  Tank #3 Yellow AI Tank moved one unit CW...
<<<15:20:19:523765>>>  Tank #2 Red AI Tank is checking targeting info...
<<<15:20:19:523765>>>  Tank #2 Red AI Tank Launch angle not within tolerances, adjusting firing solution...
<<<15:20:19:523765>>>  Tank #2 Red AI Tank Launch speed not within tolerances, adjusting firing solution...
<<<15:20:19:523765>>>  Tank #2 Red AI Tank adjusted targeting angle one unit CCW...
<<<15:20:19:523765>>>  Tank #3 Yellow AI Tank moved one unit CW...
<<<15:20:19:541815>>>  Tank #2 Red AI Tank is checking targeting info...
<<<15:20:19:541815>>>  Tank #2 Red AI Tank Launch angle not within tolerances, adjusting firing solution...
<<<15:20:19:541815>>>  Tank #2 Red AI Tank Launch speed not within tolerances, adjusting firing solution...
<<<15:20:19:541815>>>  Tank #2 Red AI Tank adjusted targeting angle one unit CCW...
<<<15:20:19:541815>>>  Tank #3 Yellow AI Tank moved one unit CW...
<<<15:20:19:557343>>>  Tank #2 Red AI Tank is checking targeting info...
<<<15:20:19:557343>>>  Tank #2 Red AI Tank Launch angle not within tolerances, adjusting firing solution...
<<<15:20:19:557343>>>  Tank #2 Red AI Tank Launch speed not within tolerances, adjusting firing solution...
<<<15:20:19:557343>>>  Tank #2 Red AI Tank adjusted targeting angle one unit CCW...
<<<15:20:19:557343>>>  Tank #3 Yellow AI Tank moved one unit CW...
<<<15:20:19:573667>>>  Tank #2 Red AI Tank is checking targeting info...
<<<15:20:19:573667>>>  Tank #2 Red AI Tank Launch angle not within tolerances, adjusting firing solution...
<<<15:20:19:573667>>>  Tank #2 Red AI Tank Launch speed not within tolerances, adjusting firing solution...
<<<15:20:19:573667>>>  Tank #2 Red AI Tank adjusted targeting angle one unit CCW...
<<<15:20:19:573667>>>  Tank #3 Yellow AI Tank moved one unit CW...
<<<15:20:19:590538>>>  Tank #2 Red AI Tank is checking targeting info...
<<<15:20:19:590538>>>  Tank #2 Red AI Tank Launch angle not within tolerances, adjusting firing solution...
<<<15:20:19:590538>>>  Tank #2 Red AI Tank Launch speed not within tolerances, adjusting firing solution...
<<<15:20:19:590538>>>  Tank #2 Red AI Tank adjusted targeting angle one unit CCW...
<<<15:20:19:590538>>>  Tank #3 Yellow AI Tank moved one unit CW...
<<<15:20:19:608451>>>  Tank #2 Red AI Tank is checking targeting info...
<<<15:20:19:608451>>>  Tank #2 Red AI Tank Launch angle not within tolerances, adjusting firing solution...
<<<15:20:19:608451>>>  Tank #2 Red AI Tank Launch speed not within tolerances, adjusting firing solution...
<<<15:20:19:608451>>>  Tank #2 Red AI Tank adjusted targeting angle one unit CCW...
<<<15:20:19:608451>>>  Tank #3 Yellow AI Tank moved one unit CW...
<<<15:20:19:623548>>>  Tank #2 Red AI Tank is checking targeting info...
<<<15:20:19:623548>>>  Tank #2 Red AI Tank Launch angle not within tolerances, adjusting firing solution...
<<<15:20:19:623548>>>  Tank #2 Red AI Tank Launch speed not within tolerances, adjusting firing solution...
<<<15:20:19:623548>>>  Tank #2 Red AI Tank adjusted targeting angle one unit CCW...
<<<15:20:19:623548>>>  Tank #3 Yellow AI Tank moved one unit CW...
<<<15:20:19:640603>>>  Tank #2 Red AI Tank is checking targeting info...
<<<15:20:19:640603>>>  Tank #2 Red AI Tank Launch angle not within tolerances, adjusting firing solution...
<<<15:20:19:640603>>>  Tank #2 Red AI Tank Launch speed not within tolerances, adjusting firing solution...
<<<15:20:19:640603>>>  Tank #2 Red AI Tank adjusted targeting angle one unit CCW...
<<<15:20:19:640603>>>  Tank #3 Yellow AI Tank moved one unit CW...
<<<15:20:19:657151>>>  Tank #2 Red AI Tank is checking targeting info...
<<<15:20:19:657151>>>  Tank #2 Red AI Tank Launch angle not within tolerances, adjusting firing solution...
<<<15:20:19:657151>>>  Tank #2 Red AI Tank Launch speed not within tolerances, adjusting firing solution...
<<<15:20:19:657151>>>  Tank #2 Red AI Tank adjusted targeting angle one unit CCW...
<<<15:20:19:657151>>>  Tank #3 Yellow AI Tank moved one unit CW...
<<<15:20:19:673951>>>  Tank #2 Red AI Tank is checking targeting info...
<<<15:20:19:673951>>>  Tank #2 Red AI Tank Launch angle not within tolerances, adjusting firing solution...
<<<15:20:19:673951>>>  Tank #2 Red AI Tank Launch speed not within tolerances, adjusting firing solution...
<<<15:20:19:673951>>>  Tank #2 Red AI Tank adjusted targeting angle one unit CCW...
<<<15:20:19:673951>>>  Tank #3 Yellow AI Tank moved one unit CW...
<<<15:20:19:689579>>>  Tank #2 Red AI Tank is checking targeting info...
<<<15:20:19:689579>>>  Tank #2 Red AI Tank Launch angle not within tolerances, adjusting firing solution...
<<<15:20:19:689579>>>  Tank #2 Red AI Tank Launch speed not within tolerances, adjusting firing solution...
<<<15:20:19:689579>>>  Tank #2 Red AI Tank adjusted targeting angle one unit CCW...
<<<15:20:19:689579>>>  Tank #3 Yellow AI Tank moved one unit CW...
<<<15:20:19:706135>>>  Tank #2 Red AI Tank is checking targeting info...
<<<15:20:19:706135>>>  Tank #2 Red AI Tank Launch angle not within tolerances, adjusting firing solution...
<<<15:20:19:706135>>>  Tank #2 Red AI Tank Launch speed not within tolerances, adjusting firing solution...
<<<15:20:19:706135>>>  Tank #2 Red AI Tank adjusted targeting angle one unit CCW...
<<<15:20:19:707144>>>  Tank #3 Yellow AI Tank moved one unit CW...
<<<15:20:19:722837>>>  Tank #2 Red AI Tank is checking targeting info...
<<<15:20:19:722837>>>  Tank #2 Red AI Tank Launch angle not within tolerances, adjusting firing solution...
<<<15:20:19:722837>>>  Tank #2 Red AI Tank Launch speed not within tolerances, adjusting firing solution...
<<<15:20:19:722837>>>  Tank #2 Red AI Tank adjusted targeting angle one unit CCW...
<<<15:20:19:723903>>>  Tank #3 Yellow AI Tank moved one unit CW...
<<<15:20:19:738447>>>  Tank #2 Red AI Tank is checking targeting info...
<<<15:20:19:738447>>>  Tank #2 Red AI Tank Launch angle not within tolerances, adjusting firing solution...
<<<15:20:19:738447>>>  Tank #2 Red AI Tank Launch speed not within tolerances, adjusting firing solution...
<<<15:20:19:738447>>>  Tank #2 Red AI Tank adjusted targeting angle one unit CCW...
<<<15:20:19:738447>>>  Tank #3 Yellow AI Tank moved one unit CW...
<<<15:20:19:755943>>>  Tank #2 Red AI Tank is checking targeting info...
<<<15:20:19:755943>>>  Tank #2 Red AI Tank Launch angle not within tolerances, adjusting firing solution...
<<<15:20:19:755943>>>  Tank #2 Red AI Tank Launch speed not within tolerances, adjusting firing solution...
<<<15:20:19:755943>>>  Tank #2 Red AI Tank adjusted targeting angle one unit CCW...
<<<15:20:19:755943>>>  Tank #3 Yellow AI Tank moved one unit CW...
<<<15:20:19:771503>>>  Deleting effect pixie thawing...
<<<15:20:19:771503>>>  Deleting effect pixie thawing...
<<<15:20:19:771503>>>  Tank #2 Red AI Tank is checking targeting info...
<<<15:20:19:771503>>>  Tank #2 Red AI Tank Launch angle not within tolerances, adjusting firing solution...
<<<15:20:19:771503>>>  Tank #2 Red AI Tank Launch speed not within tolerances, adjusting firing solution...
<<<15:20:19:771503>>>  Tank #2 Red AI Tank adjusted targeting angle one unit CCW...
<<<15:20:19:771503>>>  Tank #3 Yellow AI Tank moved one unit CW...
<<<15:20:19:788285>>>  Tank #2 Red AI Tank is checking targeting info...
<<<15:20:19:788285>>>  Tank #2 Red AI Tank Launch angle not within tolerances, adjusting firing solution...
<<<15:20:19:788285>>>  Tank #2 Red AI Tank Launch speed not within tolerances, adjusting firing solution...
<<<15:20:19:788285>>>  Tank #2 Red AI Tank adjusted targeting angle one unit CCW...
<<<15:20:19:789316>>>  Tank #3 Yellow AI Tank moved one unit CW...
<<<15:20:19:806330>>>  Tank #2 Red AI Tank is checking targeting info...
<<<15:20:19:806330>>>  Tank #2 Red AI Tank Launch angle not within tolerances, adjusting firing solution...
<<<15:20:19:806330>>>  Tank #2 Red AI Tank Launch speed not within tolerances, adjusting firing solution...
<<<15:20:19:806330>>>  Tank #2 Red AI Tank adjusted targeting angle one unit CCW...
<<<15:20:19:806330>>>  Tank #3 Yellow AI Tank moved one unit CW...
<<<15:20:19:822786>>>  Tank #2 Red AI Tank is checking targeting info...
<<<15:20:19:822786>>>  Tank #2 Red AI Tank Launch angle not within tolerances, adjusting firing solution...
<<<15:20:19:822786>>>  Tank #2 Red AI Tank Launch speed not within tolerances, adjusting firing solution...
<<<15:20:19:822786>>>  Tank #2 Red AI Tank adjusted targeting angle one unit CCW...
<<<15:20:19:822786>>>  Tank #3 Yellow AI Tank moved one unit CW...
<<<15:20:19:839406>>>  Tank #2 Red AI Tank is checking targeting info...
<<<15:20:19:839406>>>  Tank #2 Red AI Tank Launch angle not within tolerances, adjusting firing solution...
<<<15:20:19:839406>>>  Tank #2 Red AI Tank Launch speed not within tolerances, adjusting firing solution...
<<<15:20:19:839406>>>  Tank #2 Red AI Tank adjusted targeting angle one unit CCW...
<<<15:20:19:839406>>>  Tank #3 Yellow AI Tank moved one unit CW...
<<<15:20:19:856029>>>  Tank #2 Red AI Tank is checking targeting info...
<<<15:20:19:856029>>>  Tank #2 Red AI Tank Launch angle not within tolerances, adjusting firing solution...
<<<15:20:19:856029>>>  Tank #2 Red AI Tank Launch speed not within tolerances, adjusting firing solution...
<<<15:20:19:856029>>>  Tank #2 Red AI Tank adjusted targeting angle one unit CCW...
<<<15:20:19:856029>>>  Tank #3 Yellow AI Tank moved one unit CW...
<<<15:20:19:871420>>>  Tank #2 Red AI Tank is checking targeting info...
<<<15:20:19:871420>>>  Tank #2 Red AI Tank Launch angle not within tolerances, adjusting firing solution...
<<<15:20:19:871420>>>  Tank #2 Red AI Tank Launch speed not within tolerances, adjusting firing solution...
<<<15:20:19:871420>>>  Tank #2 Red AI Tank adjusted targeting angle one unit CCW...
<<<15:20:19:871420>>>  Tank #3 Yellow AI Tank moved one unit CW...
<<<15:20:19:889371>>>  Tank #2 Red AI Tank is checking targeting info...
<<<15:20:19:889371>>>  Tank #2 Red AI Tank Launch angle not within tolerances, adjusting firing solution...
<<<15:20:19:889371>>>  Tank #2 Red AI Tank Launch speed not within tolerances, adjusting firing solution...
<<<15:20:19:889371>>>  Tank #2 Red AI Tank adjusted targeting angle one unit CCW...
<<<15:20:19:889371>>>  Tank #3 Yellow AI Tank moved one unit CW...
<<<15:20:19:906025>>>  Tank #2 Red AI Tank is checking targeting info...
<<<15:20:19:906025>>>  Tank #2 Red AI Tank Launch angle not within tolerances, adjusting firing solution...
<<<15:20:19:906025>>>  Tank #2 Red AI Tank Launch speed not within tolerances, adjusting firing solution...
<<<15:20:19:906025>>>  Tank #2 Red AI Tank adjusted targeting angle one unit CCW...
<<<15:20:19:907017>>>  Tank #3 Yellow AI Tank moved one unit CW...
<<<15:20:19:921312>>>  Tank #2 Red AI Tank is checking targeting info...
<<<15:20:19:921312>>>  Tank #2 Red AI Tank Launch angle not within tolerances, adjusting firing solution...
<<<15:20:19:921312>>>  Tank #2 Red AI Tank Launch speed not within tolerances, adjusting firing solution...
<<<15:20:19:921312>>>  Tank #2 Red AI Tank adjusted targeting angle one unit CCW...
<<<15:20:19:921312>>>  Tank #3 Yellow AI Tank moved one unit CW...
<<<15:20:19:937863>>>  Tank #2 Red AI Tank is checking targeting info...
<<<15:20:19:937863>>>  Tank #2 Red AI Tank Launch angle not within tolerances, adjusting firing solution...
<<<15:20:19:937863>>>  Tank #2 Red AI Tank Launch speed not within tolerances, adjusting firing solution...
<<<15:20:19:937863>>>  Tank #2 Red AI Tank adjusted targeting angle one unit CCW...
<<<15:20:19:937863>>>  Tank #3 Yellow AI Tank moved one unit CW...
<<<15:20:19:953682>>>  Tank #2 Red AI Tank is checking targeting info...
<<<15:20:19:953682>>>  Tank #2 Red AI Tank Launch angle not within tolerances, adjusting firing solution...
<<<15:20:19:953682>>>  Tank #2 Red AI Tank Launch speed not within tolerances, adjusting firing solution...
<<<15:20:19:953682>>>  Tank #2 Red AI Tank adjusted targeting angle one unit CCW...
<<<15:20:19:953682>>>  Tank #3 Yellow AI Tank moved one unit CW...
<<<15:20:19:970152>>>  Tank #2 Red AI Tank is checking targeting info...
<<<15:20:19:970152>>>  Tank #2 Red AI Tank Launch angle not within tolerances, adjusting firing solution...
<<<15:20:19:970152>>>  Tank #2 Red AI Tank Launch speed not within tolerances, adjusting firing solution...
<<<15:20:19:970152>>>  Tank #2 Red AI Tank adjusted targeting angle one unit CCW...
<<<15:20:19:970152>>>  Tank #3 Yellow AI Tank moved one unit CW...
<<<15:20:19:985735>>>  Tank #2 Red AI Tank is checking targeting info...
<<<15:20:19:985735>>>  Tank #2 Red AI Tank Launch angle not within tolerances, adjusting firing solution...
<<<15:20:19:985735>>>  Tank #2 Red AI Tank Launch speed not within tolerances, adjusting firing solution...
<<<15:20:19:985735>>>  Tank #2 Red AI Tank adjusted targeting angle one unit CCW...
<<<15:20:19:985735>>>  Tank #3 Yellow AI Tank moved one unit CW...
<<<15:20:20:001571>>>  Tank #2 Red AI Tank is checking targeting info...
<<<15:20:20:001571>>>  Tank #2 Red AI Tank Launch angle not within tolerances, adjusting firing solution...
<<<15:20:20:001571>>>  Tank #2 Red AI Tank Launch speed not within tolerances, adjusting firing solution...
<<<15:20:20:001571>>>  Tank #2 Red AI Tank adjusted targeting angle one unit CCW...
<<<15:20:20:001571>>>  Tank #3 Yellow AI Tank moved one unit CW...
<<<15:20:20:017574>>>  Tank #2 Red AI Tank is checking targeting info...
<<<15:20:20:017574>>>  Tank #2 Red AI Tank Launch angle not within tolerances, adjusting firing solution...
<<<15:20:20:017574>>>  Tank #2 Red AI Tank Launch speed not within tolerances, adjusting firing solution...
<<<15:20:20:017574>>>  Tank #2 Red AI Tank adjusted targeting angle one unit CCW...
<<<15:20:20:017574>>>  Tank #3 Yellow AI Tank moved one unit CW...
<<<15:20:20:033443>>>  Tank #2 Red AI Tank is checking targeting info...
<<<15:20:20:033443>>>  Tank #2 Red AI Tank Launch angle not within tolerances, adjusting firing solution...
<<<15:20:20:033443>>>  Tank #2 Red AI Tank Launch speed not within tolerances, adjusting firing solution...
<<<15:20:20:033443>>>  Tank #2 Red AI Tank adjusted targeting angle one unit CCW...
<<<15:20:20:033443>>>  Tank #3 Yellow AI Tank moved one unit CW...
<<<15:20:20:049505>>>  Tank #2 Red AI Tank is checking targeting info...
<<<15:20:20:049505>>>  Tank #2 Red AI Tank Launch angle not within tolerances, adjusting firing solution...
<<<15:20:20:049505>>>  Tank #2 Red AI Tank Launch speed not within tolerances, adjusting firing solution...
<<<15:20:20:049505>>>  Tank #2 Red AI Tank adjusted targeting angle one unit CCW...
<<<15:20:20:049505>>>  Tank #3 Yellow AI Tank moved one unit CW...
<<<15:20:20:066014>>>  Tank #2 Red AI Tank is checking targeting info...
<<<15:20:20:066014>>>  Tank #2 Red AI Tank Launch angle not within tolerances, adjusting firing solution...
<<<15:20:20:066014>>>  Tank #2 Red AI Tank Launch speed not within tolerances, adjusting firing solution...
<<<15:20:20:066014>>>  Tank #2 Red AI Tank adjusted targeting angle one unit CCW...
<<<15:20:20:066014>>>  Tank #3 Yellow AI Tank moved one unit CW...
<<<15:20:20:081949>>>  Tank #2 Red AI Tank is checking targeting info...
<<<15:20:20:081949>>>  Tank #2 Red AI Tank Launch angle not within tolerances, adjusting firing solution...
<<<15:20:20:081949>>>  Tank #2 Red AI Tank Launch speed not within tolerances, adjusting firing solution...
<<<15:20:20:081949>>>  Tank #2 Red AI Tank adjusted targeting angle one unit CCW...
<<<15:20:20:081949>>>  Tank #3 Yellow AI Tank moved one unit CW...
<<<15:20:20:098765>>>  Tank #2 Red AI Tank is checking targeting info...
<<<15:20:20:098765>>>  Tank #2 Red AI Tank Launch angle not within tolerances, adjusting firing solution...
<<<15:20:20:098765>>>  Tank #2 Red AI Tank Launch speed not within tolerances, adjusting firing solution...
<<<15:20:20:098765>>>  Tank #2 Red AI Tank adjusted targeting angle one unit CCW...
<<<15:20:20:098765>>>  Tank #3 Yellow AI Tank moved one unit CW...
<<<15:20:20:115011>>>  Tank #2 Red AI Tank is checking targeting info...
<<<15:20:20:115011>>>  Tank #2 Red AI Tank Launch angle not within tolerances, adjusting firing solution...
<<<15:20:20:115011>>>  Tank #2 Red AI Tank Launch speed not within tolerances, adjusting firing solution...
<<<15:20:20:115011>>>  Tank #2 Red AI Tank adjusted targeting angle one unit CCW...
<<<15:20:20:130748>>>  Tank #2 Red AI Tank is checking targeting info...
<<<15:20:20:130748>>>  Tank #2 Red AI Tank Launch angle not within tolerances, adjusting firing solution...
<<<15:20:20:130748>>>  Tank #2 Red AI Tank Launch speed not within tolerances, adjusting firing solution...
<<<15:20:20:130748>>>  Tank #2 Red AI Tank adjusted targeting angle one unit CCW...
<<<15:20:20:130748>>>
* *** Tank #3 Yellow AI Tank USING CLEAR SKIES FUNCTION ***
* Moon #2 at (2510.5399505682835, 11210.765502116776), angle 1.3504909409749388 rads.
* Tank #3 Yellow AI Tank at (1862.7001307886044, -6092.617600240484), angle 5.009094953223734.
* Angle Between is 2.624581294930791 rads.
<<<15:20:20:130748>>>  Tank #3 Yellow AI Tank saw no celestials or cannonballs above their heads and is casting Gravity...
<<<15:20:20:130748>>>  Successfully removed spellready icon from Tank #3 Yellow AI Tank's effect list!
<<<15:20:20:148052>>>  Tank #2 Red AI Tank is checking targeting info...
<<<15:20:20:148052>>>  Tank #2 Red AI Tank increased launch speed one unit...
<<<15:20:20:163399>>>  Tank #2 Red AI Tank is checking targeting info...
<<<15:20:20:163399>>>  Tank #2 Red AI Tank increased launch speed one unit...
<<<15:20:20:180379>>>  Tank #2 Red AI Tank is checking targeting info...
<<<15:20:20:180379>>>  Tank #2 Red AI Tank increased launch speed one unit...
<<<15:20:20:197409>>>  Tank #2 Red AI Tank is checking targeting info...
<<<15:20:20:197409>>>  Tank #2 Red AI Tank increased launch speed one unit...
<<<15:20:20:213688>>>  Tank #2 Red AI Tank is checking targeting info...
<<<15:20:20:213688>>>  Tank #2 Red AI Tank increased launch speed one unit...
<<<15:20:20:229686>>>  Tank #2 Red AI Tank is checking targeting info...
<<<15:20:20:229686>>>  Tank #2 Red AI Tank increased launch speed one unit...
<<<15:20:20:246842>>>  Tank #2 Red AI Tank is checking targeting info...
<<<15:20:20:246842>>>  Tank #2 Red AI Tank increased launch speed one unit...
<<<15:20:20:263067>>>  Tank #2 Red AI Tank is checking targeting info...
<<<15:20:20:263067>>>  Tank #2 Red AI Tank increased launch speed one unit...
<<<15:20:20:278590>>>  Tank #2 Red AI Tank is checking targeting info...
<<<15:20:20:278590>>>  Tank #2 Red AI Tank increased launch speed one unit...
<<<15:20:20:294776>>>  Tank #2 Red AI Tank is checking targeting info...
<<<15:20:20:294776>>>  Tank #2 Red AI Tank increased launch speed one unit...
<<<15:20:20:311276>>>  Tank #2 Red AI Tank is checking targeting info...
<<<15:20:20:311276>>>  Tank #2 Red AI Tank increased launch speed one unit...
<<<15:20:20:327763>>>  Tank #2 Red AI Tank is checking targeting info...
<<<15:20:20:327763>>>  Tank #2 Red AI Tank increased launch speed one unit...
<<<15:20:20:343649>>>  Tank #2 Red AI Tank is checking targeting info...
<<<15:20:20:343649>>>  Tank #2 Red AI Tank increased launch speed one unit...
<<<15:20:20:360425>>>  Tank #2 Red AI Tank is checking targeting info...
<<<15:20:20:360425>>>  Tank #2 Red AI Tank increased launch speed one unit...
<<<15:20:20:376854>>>  Tank #2 Red AI Tank is checking targeting info...
<<<15:20:20:376854>>>  Tank #2 Red AI Tank increased launch speed one unit...
<<<15:20:20:392964>>>  Tank #2 Red AI Tank is checking targeting info...
<<<15:20:20:392964>>>  Tank #2 Red AI Tank increased launch speed one unit...
<<<15:20:20:408887>>>  Tank #2 Red AI Tank is checking targeting info...
<<<15:20:20:408887>>>  Tank #2 Red AI Tank increased launch speed one unit...
<<<15:20:20:424734>>>  Tank #2 Red AI Tank is checking targeting info...
<<<15:20:20:425764>>>  Tank #2 Red AI Tank increased launch speed one unit...
<<<15:20:20:441941>>>  Tank #2 Red AI Tank is checking targeting info...
<<<15:20:20:441941>>>  Tank #2 Red AI Tank increased launch speed one unit...
<<<15:20:20:458048>>>  Tank #2 Red AI Tank is checking targeting info...
<<<15:20:20:458048>>>  Tank #2 Red AI Tank increased launch speed one unit...
<<<15:20:20:474757>>>  Tank #2 Red AI Tank is checking targeting info...
<<<15:20:20:474757>>>  Tank #2 Red AI Tank increased launch speed one unit...
<<<15:20:20:491409>>>  Tank #2 Red AI Tank is checking targeting info...
<<<15:20:20:491409>>>  Tank #2 Red AI Tank increased launch speed one unit...
<<<15:20:20:508077>>>  Tank #2 Red AI Tank is checking targeting info...
<<<15:20:20:508077>>>  Tank #2 Red AI Tank increased launch speed one unit...
<<<15:20:20:524760>>>  Tank #2 Red AI Tank is checking targeting info...
<<<15:20:20:524760>>>  Tank #2 Red AI Tank increased launch speed one unit...
<<<15:20:20:541395>>>  Tank #2 Red AI Tank is checking targeting info...
<<<15:20:20:541395>>>  Tank #2 Red AI Tank increased launch speed one unit...
<<<15:20:20:557934>>>  Tank #2 Red AI Tank is checking targeting info...
<<<15:20:20:557934>>>  Tank #2 Red AI Tank increased launch speed one unit...
<<<15:20:20:574760>>>  Tank #2 Red AI Tank is checking targeting info...
<<<15:20:20:575782>>>  Tank #2 Red AI Tank increased launch speed one unit...
<<<15:20:20:591394>>>  Tank #2 Red AI Tank is checking targeting info...
<<<15:20:20:591394>>>  Tank #2 Red AI Tank increased launch speed one unit...
<<<15:20:20:608011>>>  Tank #2 Red AI Tank is checking targeting info...
<<<15:20:20:608011>>>  Tank #2 Red AI Tank increased launch speed one unit...
<<<15:20:20:624766>>>  Tank #2 Red AI Tank is checking targeting info...
<<<15:20:20:625786>>>  Tank #2 Red AI Tank increased launch speed one unit...
<<<15:20:20:641686>>>  Tank #2 Red AI Tank is checking targeting info...
<<<15:20:20:641686>>>  Tank #2 Red AI Tank increased launch speed one unit...
<<<15:20:20:657554>>>  Tank #2 Red AI Tank is checking targeting info...
<<<15:20:20:657554>>>  Tank #2 Red AI Tank increased launch speed one unit...
<<<15:20:20:675349>>>  Tank #2 Red AI Tank is checking targeting info...
<<<15:20:20:675349>>>  Tank #2 Red AI Tank increased launch speed one unit...
<<<15:20:20:691364>>>  Tank #2 Red AI Tank is checking targeting info...
<<<15:20:20:691364>>>  Tank #2 Red AI Tank increased launch speed one unit...
<<<15:20:20:707917>>>  Tank #2 Red AI Tank is checking targeting info...
<<<15:20:20:707917>>>  Tank #2 Red AI Tank increased launch speed one unit...
<<<15:20:20:724816>>>  Tank #2 Red AI Tank is checking targeting info...
<<<15:20:20:724816>>>  Tank #2 Red AI Tank increased launch speed one unit...
<<<15:20:20:740991>>>  Tank #2 Red AI Tank is checking targeting info...
<<<15:20:20:740991>>>  Tank #2 Red AI Tank increased launch speed one unit...
<<<15:20:20:756746>>>  Tank #2 Red AI Tank is checking targeting info...
<<<15:20:20:756746>>>  Tank #2 Red AI Tank increased launch speed one unit...
<<<15:20:20:773920>>>  Tank #2 Red AI Tank is checking targeting info...
<<<15:20:20:773920>>>  Tank #2 Red AI Tank firing solution within tolerances, not adjusting firing solution...
<<<15:20:20:773920>>>  Tank #2 Red AI Tank attempting to fire cannonball...
<<<15:20:20:789818>>>  Tank #2 Red AI Tank chose to shoot...
<<<15:20:20:806653>>>  Tank #2 Red AI Tank is checking targeting info...
<<<15:20:20:806653>>>  Tank #2 Red AI Tank lowered launch speed one unit...
<<<15:20:20:822829>>>  Tank #2 Red AI Tank is checking targeting info...
<<<15:20:20:822829>>>  Tank #2 Red AI Tank lowered launch speed one unit...
<<<15:20:20:839593>>>  Tank #2 Red AI Tank is checking targeting info...
<<<15:20:20:839593>>>  Tank #2 Red AI Tank lowered launch speed one unit...
<<<15:20:20:855846>>>  Tank #2 Red AI Tank is checking targeting info...
<<<15:20:20:855846>>>  Tank #2 Red AI Tank lowered launch speed one unit...
<<<15:20:20:873798>>>  Tank #2 Red AI Tank is checking targeting info...
<<<15:20:20:873798>>>  Tank #2 Red AI Tank lowered launch speed one unit...
<<<15:20:20:889237>>>  Tank #2 Red AI Tank is checking targeting info...
<<<15:20:20:889237>>>  Tank #2 Red AI Tank lowered launch speed one unit...
<<<15:20:20:906723>>>  Tank #2 Red AI Tank is checking targeting info...
<<<15:20:20:906723>>>  Tank #2 Red AI Tank lowered launch speed one unit...
<<<15:20:20:921361>>>  Tank #2 Red AI Tank is checking targeting info...
<<<15:20:20:921361>>>  Tank #2 Red AI Tank lowered launch speed one unit...
<<<15:20:20:937833>>>  Tank #2 Red AI Tank is checking targeting info...
<<<15:20:20:938854>>>  Tank #2 Red AI Tank lowered launch speed one unit...
<<<15:20:20:954762>>>  Tank #2 Red AI Tank is checking targeting info...
<<<15:20:20:954762>>>  Tank #2 Red AI Tank lowered launch speed one unit...
<<<15:20:20:970956>>>  Tank #2 Red AI Tank is checking targeting info...
<<<15:20:20:970956>>>  Tank #2 Red AI Tank lowered launch speed one unit...
<<<15:20:20:987353>>>  Tank #2 Red AI Tank is checking targeting info...
<<<15:20:20:987353>>>  Tank #2 Red AI Tank lowered launch speed one unit...
<<<15:20:21:004749>>>  Tank #2 Red AI Tank is checking targeting info...
<<<15:20:21:004749>>>  Tank #2 Red AI Tank lowered launch speed one unit...
<<<15:20:21:020857>>>  Tank #2 Red AI Tank is checking targeting info...
<<<15:20:21:020857>>>  Tank #2 Red AI Tank firing solution within tolerances, not adjusting firing solution...
<<<15:20:21:020857>>>  Tank #2 Red AI Tank attempting to fire cannonball...
<<<15:20:21:037441>>>  Tank #2 Red AI Tank chose to shoot...
<<<15:20:21:054226>>>  Tank #2 Red AI Tank is checking targeting info...
<<<15:20:21:054226>>>  Tank #2 Red AI Tank firing solution within tolerances, not adjusting firing solution...
<<<15:20:21:054226>>>  Tank #2 Red AI Tank attempting to fire cannonball...
<<<15:20:21:069533>>>  Tank #2 Red AI Tank chose to shoot...
<<<15:20:21:085845>>>  Tank #2 Red AI Tank is checking targeting info...
<<<15:20:21:085845>>>  Tank #2 Red AI Tank Launch angle not within tolerances, adjusting firing solution...
<<<15:20:21:085845>>>  Tank #2 Red AI Tank Launch speed not within tolerances, adjusting firing solution...
<<<15:20:21:085845>>>  Tank #2 Red AI Tank adjusted targeting angle one unit CW...
<<<15:20:21:101897>>>  Tank #2 Red AI Tank is checking targeting info...
<<<15:20:21:101897>>>  Tank #2 Red AI Tank Launch angle not within tolerances, adjusting firing solution...
<<<15:20:21:101897>>>  Tank #2 Red AI Tank Launch speed not within tolerances, adjusting firing solution...
<<<15:20:21:101897>>>  Tank #2 Red AI Tank adjusted targeting angle one unit CW...
<<<15:20:21:117448>>>  Tank #2 Red AI Tank is checking targeting info...
<<<15:20:21:117448>>>  Tank #2 Red AI Tank Launch angle not within tolerances, adjusting firing solution...
<<<15:20:21:117448>>>  Tank #2 Red AI Tank Launch speed not within tolerances, adjusting firing solution...
<<<15:20:21:117448>>>  Tank #2 Red AI Tank adjusted targeting angle one unit CW...
<<<15:20:21:133750>>>  Tank #2 Red AI Tank is checking targeting info...
<<<15:20:21:133750>>>  Tank #2 Red AI Tank Launch angle not within tolerances, adjusting firing solution...
<<<15:20:21:133750>>>  Tank #2 Red AI Tank Launch speed not within tolerances, adjusting firing solution...
<<<15:20:21:133750>>>  Tank #2 Red AI Tank adjusted targeting angle one unit CW...
<<<15:20:21:149602>>>  Tank #2 Red AI Tank is checking targeting info...
<<<15:20:21:149602>>>  Tank #2 Red AI Tank Launch angle not within tolerances, adjusting firing solution...
<<<15:20:21:149602>>>  Tank #2 Red AI Tank Launch speed not within tolerances, adjusting firing solution...
<<<15:20:21:149602>>>  Tank #2 Red AI Tank adjusted targeting angle one unit CW...
<<<15:20:21:167093>>>  Tank #2 Red AI Tank is checking targeting info...
<<<15:20:21:167093>>>  Tank #2 Red AI Tank Launch angle not within tolerances, adjusting firing solution...
<<<15:20:21:167093>>>  Tank #2 Red AI Tank Launch speed not within tolerances, adjusting firing solution...
<<<15:20:21:167093>>>  Tank #2 Red AI Tank adjusted targeting angle one unit CW...
<<<15:20:21:182520>>>
* INFORMATION FOR Tank #1 Green Player Tank's CANNONBALLS:
* Cannonballs in memory for Tank #1 Green Player Tank:  0.
* Total cannonballs fired or chambered for Tank #1 Green Player Tank:  0.
<<<15:20:21:182520>>>
* INFORMATION FOR Tank #2 Red AI Tank's CANNONBALLS:
* Cannonballs in memory for Tank #2 Red AI Tank:  4.
* Total cannonballs fired or chambered for Tank #2 Red AI Tank:  4.
<<<15:20:21:182520>>>
* CURRENT VALUES FOR CELESTIAL BODY:  Tank #2 Red AI Tank's Cannonball #1
* This is not the homeworld.
* The celestial boyd's density is 5515 kg/m^3.
* The celestial body's mass is 1000 kg.
* The Earth's mass is 5.972e+24 kg.
* The celestial body's radius is 0.001 km.
* The celestial body's coordinates are (-5391.4777174840565, -5038.9626403118145).
* The celestial body's velocity is (3.259057574539538, -5.152793410915565).
* The celestial body's speed is 6.096944825872906 km/s.
* The celestial body's acceleration is (0.02221644795105233, 0.020442520379894524).
* The celestial body's screen x and y coordinates are (723, 521).
* The celestial body's screen radius is 2.
* The celestial is using a body circle.
<<<15:20:21:182520>>>
* ADDITIONAL INFORMATION FOR Tank #2 Red AI Tank's Cannonball #1:
* This cannonball is active.
<<<15:20:21:182520>>>
* CURRENT VALUES FOR CELESTIAL BODY:  Tank #2 Red AI Tank's Cannonball #2
* This is not the homeworld.
* The celestial boyd's density is 5515 kg/m^3.
* The celestial body's mass is 1000 kg.
* The Earth's mass is 5.972e+24 kg.
* The celestial body's radius is 0.001 km.
* The celestial body's coordinates are (-5566.9214883345885, -3893.2230577464497).
* The celestial body's velocity is (0.8965620849934992, -6.119424206251295).
* The celestial body's speed is 6.1847535268838465 km/s.
* The celestial body's acceleration is (0.02950243001611359, 0.020292997239287028).
* The celestial body's screen x and y coordinates are (721, 504).
* The celestial body's screen radius is 2.
* The celestial is using a body circle.
<<<15:20:21:182520>>>
* ADDITIONAL INFORMATION FOR Tank #2 Red AI Tank's Cannonball #2:
* This cannonball is active.
<<<15:20:21:182520>>>
* CURRENT VALUES FOR CELESTIAL BODY:  Tank #2 Red AI Tank's Cannonball #3
* This is not the homeworld.
* The celestial boyd's density is 5515 kg/m^3.
* The celestial body's mass is 1000 kg.
* The Earth's mass is 5.972e+24 kg.
* The celestial body's radius is 0.001 km.
* The celestial body's coordinates are (-5578.07938570644, -3765.4792416605787).
* The celestial body's velocity is (0.3681184623428695, -6.482598509696327).
* The celestial body's speed is 6.493042017439493 km/s.
* The celestial body's acceleration is (0.030450890758975703, 0.02020650046797186).
* The celestial body's screen x and y coordinates are (721, 503).
* The celestial body's screen radius is 2.
* The celestial is using a body circle.
<<<15:20:21:182520>>>
* ADDITIONAL INFORMATION FOR Tank #2 Red AI Tank's Cannonball #3:
* This cannonball is active.
<<<15:20:21:182520>>>
* CURRENT VALUES FOR CELESTIAL BODY:  Tank #2 Red AI Tank's Cannonball #4
* This is not the homeworld.
* The celestial boyd's density is 5515 kg/m^3.
* The celestial body's mass is 1000 kg.
* The Earth's mass is 5.972e+24 kg.
* The celestial body's radius is 0.001 km.
* The celestial body's coordinates are (-5520.822510283614, -3191.0054789797514).
* The celestial body's velocity is (-2.1232716234049653, -8.0279092848004).
* The celestial body's speed is 8.303951461306912 km/s.
* The celestial body's acceleration is (0, 0).
* The celestial body's screen x and y coordinates are (722, 495).
* The celestial body's screen radius is 2.
* The celestial is using a body circle.
<<<15:20:21:182520>>>
* ADDITIONAL INFORMATION FOR Tank #2 Red AI Tank's Cannonball #4:
* This cannonball is chambered.
<<<15:20:21:182520>>>
* INFORMATION FOR Tank #3 Yellow AI Tank's CANNONBALLS:
* Cannonballs in memory for Tank #3 Yellow AI Tank:  0.
* Total cannonballs fired or chambered for Tank #3 Yellow AI Tank:  0.
<<<15:20:21:182520>>>  Quit through pygame and writing log file...
