<<<10:27:02:271416>>>  Pix\Homeworlds\Tech\6.png loaded as pixie for Earth...
<<<10:27:02:271416>>>  Image at Pix\Homeworlds\Tech\6.png chosen as homeworld pix for Earth's...
<<<10:27:02:278395>>>  Pix\Moons\4.png loaded as pixie for Moon #2...
<<<10:27:02:356234>>>  Pix\Snails\Green_Snail\Spells\Spellready_Icon\spellready.png returned as pixie for Snail #1 Green Player...
<<<10:27:02:356234>>>  Pix\Magic\Scroll\scroll.png returned as pixie for Snail #1 Green Player...
<<<10:27:02:356234>>>  Snail #1 Green Player successfully created!
<<<10:27:02:429027>>>  Pix\Snails\Red_Snail\Spells\Spellready_Icon\spellready.png returned as pixie for Snail #2 Red Player...
<<<10:27:02:429027>>>  Pix\Magic\Scroll\scroll.png returned as pixie for Snail #2 Red Player...
<<<10:27:02:429027>>>  Snail #2 Red Player successfully created!
<<<10:27:02:681504>>>  Snail #1 Green Player chambered cannonball...
<<<10:27:02:681504>>>
* CURRENT VALUES FOR CELESTIAL BODY:  Snail #1 Green Player's Cannonball #1
* This is not the homeworld.
* The celestial boyd's density is 5515 kg/m^3.
* The celestial body's mass is 1000 kg.
* The Earth's mass is 5.972e+24 kg.
* The celestial body's radius is 0.001 km.
* The celestial body's coordinates are (3.9011123786838936e-13, 6371.0).
* The celestial body's velocity is (-0.0015231541363512474, 5.592238337568342).
* The celestial body's speed is 5.5922385449985645 km/s.
* The celestial body's acceleration is (0, 0).
* The celestial body's screen x and y coordinates are (768, 345).
* The celestial body's screen radius is 2.
* The celestial is using a body circle.
<<<10:27:02:681504>>>
* ADDITIONAL INFORMATION FOR Snail #1 Green Player's Cannonball #1:
* This cannonball is chambered.
<<<10:27:15:630854>>>
* INFORMATION FOR Snail #1 Green Player's CANNONBALLS:
* Cannonballs in memory for Snail #1 Green Player:  1.
* Total cannonballs fired or chambered for Snail #1 Green Player:  1.
<<<10:27:15:630854>>>
* CURRENT VALUES FOR CELESTIAL BODY:  Snail #1 Green Player's Cannonball #1
* This is not the homeworld.
* The celestial boyd's density is 5515 kg/m^3.
* The celestial body's mass is 1000 kg.
* The Earth's mass is 5.972e+24 kg.
* The celestial body's radius is 0.001 km.
* The celestial body's coordinates are (70.284957901619, 6717.166312745439).
* The celestial body's velocity is (-0.0015231541363512474, 5.592238337568342).
* The celestial body's speed is 5.5922385449985645 km/s.
* The celestial body's acceleration is (0, 0).
* The celestial body's screen x and y coordinates are (768, 340).
* The celestial body's screen radius is 2.
* The celestial is using a body circle.
<<<10:27:15:630854>>>
* ADDITIONAL INFORMATION FOR Snail #1 Green Player's Cannonball #1:
* This cannonball is chambered.
<<<10:27:15:630854>>>
* INFORMATION FOR Snail #2 Red Player's CANNONBALLS:
* Cannonballs in memory for Snail #2 Red Player:  0.
* Total cannonballs fired or chambered for Snail #2 Red Player:  0.
<<<10:27:15:630854>>>  Quit through pygame and writing log file...
