<<<10:45:21:700147>>>  Pix\Homeworlds\Forest\6.png loaded as pixie for Earth...
<<<10:45:21:700147>>>  Image at Pix\Homeworlds\Forest\6.png chosen as homeworld pix for Earth's...
<<<10:45:21:764209>>>  Pix\Snails\Green_Snail\Spells\Spellready_Icon\spellready.png returned as pixie for Snail #1 Green Mage...
<<<10:45:21:764209>>>  Pix\Magic\Scroll\scroll.png returned as pixie for Snail #1 Green Mage...
<<<10:45:21:764209>>>  Snail #1 Green Mage successfully created!
<<<10:45:21:840045>>>  Pix\Snails\Red_Snail\Spells\Spellready_Icon\spellready.png returned as pixie for Snail #2 Red Archer...
<<<10:45:21:841075>>>  Pix\Magic\Scroll\scroll.png returned as pixie for Snail #2 Red Archer...
<<<10:45:21:841075>>>  Snail #2 Red Archer successfully created!
<<<10:45:21:911605>>>  Pix\Snails\Yellow_Snail\Spells\Spellready_Icon\spellready.png returned as pixie for Snail #3 Yellow Mage...
<<<10:45:21:911605>>>  Pix\Magic\Scroll\scroll.png returned as pixie for Snail #3 Yellow Mage...
<<<10:45:21:911605>>>  Snail #3 Yellow Mage successfully created!
<<<10:45:21:913598>>>  Archer #1 chose to move to 1.8326, cururently at 1.5708.
<<<10:45:21:913598>>>  Archer #1 moved one unit CCW...
<<<10:45:21:913598>>>  Archer #1 chose to move...
<<<10:45:21:914594>>>  Archer #2 chose to move to 3.4034, cururently at 3.6652.
<<<10:45:21:914594>>>  Archer #2 moved one unit CW...
<<<10:45:21:914594>>>  Archer #2 chose to move...
<<<10:45:21:914594>>>  Archer #3 chose to move to 5.5152, cururently at 5.7596.
<<<10:45:21:914594>>>  Archer #3 moved one unit CW...
<<<10:45:21:914594>>>  Archer #3 chose to move...
<<<10:45:21:980015>>>  Archer #1 moved one unit CCW...
<<<10:45:21:980015>>>  Archer #2 moved one unit CW...
<<<10:45:21:980015>>>  Archer #3 moved one unit CW...
<<<10:45:22:046810>>>  Archer #1 moved one unit CCW...
<<<10:45:22:046810>>>  Archer #2 moved one unit CW...
<<<10:45:22:046810>>>  Archer #3 moved one unit CW...
<<<10:45:22:112252>>>  Archer #1 moved one unit CCW...
<<<10:45:22:112252>>>  Archer #2 moved one unit CW...
<<<10:45:22:112252>>>  Archer #3 moved one unit CW...
<<<10:45:22:176639>>>  Archer #1 moved one unit CCW...
<<<10:45:22:176639>>>  Archer #2 moved one unit CW...
<<<10:45:22:176639>>>  Archer #3 moved one unit CW...
<<<10:45:22:244276>>>  Archer #1 moved one unit CCW...
<<<10:45:22:244276>>>  Archer #2 moved one unit CW...
<<<10:45:22:244276>>>  Archer #3 moved one unit CW...
<<<10:45:22:309823>>>  Archer #1 moved one unit CCW...
<<<10:45:22:309823>>>  Archer #2 moved one unit CW...
<<<10:45:22:309823>>>  Archer #3 moved one unit CW...
<<<10:45:22:377476>>>  Archer #1 moved one unit CCW...
<<<10:45:22:377476>>>  Archer #2 moved one unit CW...
<<<10:45:22:377476>>>  Archer #3 moved one unit CW...
<<<10:45:22:445695>>>  Archer #1 moved one unit CCW...
<<<10:45:22:445695>>>  Archer #2 moved one unit CW...
<<<10:45:22:445695>>>  Archer #3 moved one unit CW...
<<<10:45:22:513004>>>  Archer #1 moved one unit CCW...
<<<10:45:22:513004>>>  Archer #2 moved one unit CW...
<<<10:45:22:513004>>>  Archer #3 moved one unit CW...
<<<10:45:22:579135>>>  Archer #1 moved one unit CCW...
<<<10:45:22:579135>>>  Archer #2 moved one unit CW...
<<<10:45:22:579135>>>  Archer #3 moved one unit CW...
<<<10:45:22:645985>>>  Archer #1 moved one unit CCW...
<<<10:45:22:645985>>>  Archer #2 moved one unit CW...
<<<10:45:22:645985>>>  Archer #3 moved one unit CW...
<<<10:45:22:711858>>>  Archer #1 moved one unit CCW...
<<<10:45:22:711858>>>  Archer #2 moved one unit CW...
<<<10:45:22:711858>>>  Archer #3 moved one unit CW...
<<<10:45:22:778221>>>  Archer #1 moved one unit CCW...
<<<10:45:22:778221>>>  Archer #2 moved one unit CW...
<<<10:45:22:778221>>>  Archer #3 moved one unit CW...
<<<10:45:22:845458>>>  Archer #2 moved one unit CW...
<<<10:45:22:913167>>>  Archer #1 chose to move to 1.5882, cururently at 1.8151.
<<<10:45:22:913167>>>  Archer #1 moved one unit CW...
<<<10:45:22:913167>>>  Archer #1 chose to move...
<<<10:45:22:913167>>>  Archer #3 chose to move to 5.7247, cururently at 5.5152.
<<<10:45:22:913167>>>  Archer #3 moved one unit CCW...
<<<10:45:22:913167>>>  Archer #3 chose to move...
<<<10:45:22:979683>>>  Archer #1 moved one unit CW...
<<<10:45:22:979683>>>  Archer #2 chose to move to 3.1765, cururently at 3.4034.
<<<10:45:22:979683>>>  Archer #2 moved one unit CW...
<<<10:45:22:979683>>>  Archer #2 chose to move...
<<<10:45:22:979683>>>  Archer #3 moved one unit CCW...
<<<10:45:23:045826>>>  Archer #1 moved one unit CW...
<<<10:45:23:045826>>>  Archer #2 moved one unit CW...
<<<10:45:23:045826>>>  Archer #3 moved one unit CCW...
<<<10:45:23:112317>>>  Archer #1 moved one unit CW...
<<<10:45:23:112317>>>  Archer #2 moved one unit CW...
<<<10:45:23:112317>>>  Archer #3 moved one unit CCW...
<<<10:45:23:180346>>>  Archer #1 moved one unit CW...
<<<10:45:23:180346>>>  Archer #2 moved one unit CW...
<<<10:45:23:180346>>>  Archer #3 moved one unit CCW...
<<<10:45:23:246018>>>  Archer #1 moved one unit CW...
<<<10:45:23:246018>>>  Archer #2 moved one unit CW...
<<<10:45:23:246018>>>  Archer #3 moved one unit CCW...
<<<10:45:23:310679>>>  Archer #1 moved one unit CW...
<<<10:45:23:310679>>>  Archer #2 moved one unit CW...
<<<10:45:23:310679>>>  Archer #3 moved one unit CCW...
<<<10:45:23:375980>>>  Archer #1 moved one unit CW...
<<<10:45:23:375980>>>  Archer #2 moved one unit CW...
<<<10:45:23:375980>>>  Archer #3 moved one unit CCW...
<<<10:45:23:443143>>>  Archer #1 moved one unit CW...
<<<10:45:23:443143>>>  Archer #2 moved one unit CW...
<<<10:45:23:443143>>>  Archer #3 moved one unit CCW...
<<<10:45:23:507074>>>  Archer #1 moved one unit CW...
<<<10:45:23:507074>>>  Archer #2 moved one unit CW...
<<<10:45:23:507074>>>  Archer #3 moved one unit CCW...
<<<10:45:23:572118>>>  Archer #1 moved one unit CW...
<<<10:45:23:572118>>>  Archer #2 moved one unit CW...
<<<10:45:23:572118>>>  Archer #3 moved one unit CCW...
<<<10:45:23:637720>>>  Archer #1 moved one unit CW...
<<<10:45:23:637720>>>  Archer #2 moved one unit CW...
<<<10:45:23:702066>>>  Archer #2 moved one unit CW...
<<<10:45:23:702066>>>  Archer #3 chose to move to 5.5501, cururently at 5.7072.
<<<10:45:23:702066>>>  Archer #3 moved one unit CW...
<<<10:45:23:702066>>>  Archer #3 chose to move...
<<<10:45:23:768310>>>  Archer #1 chose to move to 1.7628, cururently at 1.6057.
<<<10:45:23:768310>>>  Archer #1 moved one unit CCW...
<<<10:45:23:768310>>>  Archer #1 chose to move...
<<<10:45:23:768310>>>  Archer #2 moved one unit CW...
<<<10:45:23:768310>>>  Archer #3 moved one unit CW...
<<<10:45:23:835066>>>  Archer #1 moved one unit CCW...
<<<10:45:23:835066>>>  Archer #3 moved one unit CW...
<<<10:45:23:901282>>>  Archer #1 moved one unit CCW...
<<<10:45:23:901282>>>  Archer #2 chose to move to 3.2987, cururently at 3.1765.
<<<10:45:23:901282>>>  Archer #2 moved one unit CCW...
<<<10:45:23:901282>>>  Archer #2 chose to move...
<<<10:45:23:901282>>>  Archer #3 moved one unit CW...
<<<10:45:23:967517>>>  Archer #1 moved one unit CCW...
<<<10:45:23:967517>>>  Archer #2 moved one unit CCW...
<<<10:45:23:967517>>>  Archer #3 moved one unit CW...
<<<10:45:24:035217>>>  Archer #1 moved one unit CCW...
<<<10:45:24:035217>>>  Archer #2 moved one unit CCW...
<<<10:45:24:035217>>>  Archer #3 moved one unit CW...
<<<10:45:24:101799>>>  Archer #1 moved one unit CCW...
<<<10:45:24:101799>>>  Archer #2 moved one unit CCW...
<<<10:45:24:101799>>>  Archer #3 moved one unit CW...
<<<10:45:24:166178>>>  Archer #1 moved one unit CCW...
<<<10:45:24:166178>>>  Archer #2 moved one unit CCW...
<<<10:45:24:166178>>>  Archer #3 moved one unit CW...
<<<10:45:24:233407>>>  Archer #1 moved one unit CCW...
<<<10:45:24:233407>>>  Archer #2 moved one unit CCW...
<<<10:45:24:300313>>>  Archer #1 moved one unit CCW...
<<<10:45:24:300313>>>  Archer #3 chose to move to 5.6898, cururently at 5.5676.
<<<10:45:24:300313>>>  Archer #3 moved one unit CCW...
<<<10:45:24:300313>>>  Archer #3 chose to move...
<<<10:45:24:367704>>>  Archer #2 chose to shoot...
<<<10:45:24:367704>>>  Archer #3 moved one unit CCW...
<<<10:45:24:432893>>>  Archer #1 chose to move to 1.6755, cururently at 1.7628.
<<<10:45:24:432893>>>  Archer #1 moved one unit CW...
<<<10:45:24:432893>>>  Archer #1 chose to move...
<<<10:45:24:432893>>>  Archer #2 is checking targeting info...
<<<10:45:24:432893>>>
* Target launch speed is 8.665794625924498, current launch speed is 5.5937463779765535.
* Target launch angle is 0.9599310885968877, current launch angle is 3.2812189937493437.
* Archer #2 Launch angle not within tolerances, adjusting firing solution...
* Archer #2 Launch speed not within tolerances, adjusting firing solution...
* Archer #2 adjusted targeting angle one unit CW...
<<<10:45:24:432893>>>  Archer #3 moved one unit CCW...
<<<10:45:24:499404>>>  Archer #1 moved one unit CW...
<<<10:45:24:499905>>>  Archer #2 is checking targeting info...
<<<10:45:24:499905>>>
* Target launch speed is 8.665794625924498, current launch speed is 5.5937463779765535.
* Target launch angle is 0.9424777960769455, current launch angle is 3.2637657012294006.
* Archer #2 Launch angle not within tolerances, adjusting firing solution...
* Archer #2 Launch speed not within tolerances, adjusting firing solution...
* Archer #2 adjusted targeting angle one unit CW...
<<<10:45:24:499905>>>  Archer #3 moved one unit CCW...
<<<10:45:24:564451>>>  Archer #1 moved one unit CW...
<<<10:45:24:564451>>>  Archer #2 is checking targeting info...
<<<10:45:24:564451>>>
* Target launch speed is 8.665794625924498, current launch speed is 5.5937463779765535.
* Target launch angle is 0.9250245035570015, current launch angle is 3.2463124087094575.
* Archer #2 Launch angle not within tolerances, adjusting firing solution...
* Archer #2 Launch speed not within tolerances, adjusting firing solution...
* Archer #2 adjusted targeting angle one unit CW...
<<<10:45:24:564451>>>  Archer #3 moved one unit CCW...
<<<10:45:24:629015>>>  Archer #1 moved one unit CW...
<<<10:45:24:629015>>>  Archer #2 is checking targeting info...
<<<10:45:24:629015>>>
* Target launch speed is 8.665794625924498, current launch speed is 5.5937463779765535.
* Target launch angle is 0.9075712110370593, current launch angle is 3.2288591161895144.
* Archer #2 Launch angle not within tolerances, adjusting firing solution...
* Archer #2 Launch speed not within tolerances, adjusting firing solution...
* Archer #2 adjusted targeting angle one unit CW...
<<<10:45:24:629015>>>  Archer #3 moved one unit CCW...
<<<10:45:24:692949>>>  Archer #2 is checking targeting info...
<<<10:45:24:692949>>>
* Target launch speed is 8.665794625924498, current launch speed is 5.5937463779765535.
* Target launch angle is 0.8901179185171153, current launch angle is 3.2114058236695713.
* Archer #2 Launch angle not within tolerances, adjusting firing solution...
* Archer #2 Launch speed not within tolerances, adjusting firing solution...
* Archer #2 adjusted targeting angle one unit CW...
<<<10:45:24:757948>>>  Archer #1 chose to move to 1.7453, cururently at 1.693.
<<<10:45:24:757948>>>  Archer #1 moved one unit CCW...
<<<10:45:24:757948>>>  Archer #1 chose to move...
<<<10:45:24:757948>>>  Archer #2 is checking targeting info...
<<<10:45:24:757948>>>
* Target launch speed is 8.665794625924498, current launch speed is 5.5937463779765535.
* Target launch angle is 0.8901179185171153, current launch angle is 3.193952531149628.
* Archer #2 Launch angle not within tolerances, adjusting firing solution...
* Archer #2 Launch speed not within tolerances, adjusting firing solution...
* Archer #2 adjusted targeting angle one unit CW...
<<<10:45:24:757948>>>  Archer #3 chose to shoot...
<<<10:45:24:822101>>>  Archer #1 moved one unit CCW...
<<<10:45:24:822101>>>  Archer #2 is checking targeting info...
<<<10:45:24:822101>>>
* Target launch speed is 8.665794625924498, current launch speed is 5.5937463779765535.
* Target launch angle is 0.8901179185171153, current launch angle is 3.176499238629685.
* Archer #2 Launch angle not within tolerances, adjusting firing solution...
* Archer #2 Launch speed not within tolerances, adjusting firing solution...
* Archer #2 adjusted targeting angle one unit CW...
<<<10:45:24:822101>>>  Archer #3 is checking targeting info...
<<<10:45:24:822101>>>
* Target launch speed is 8.665794625924498, current launch speed is 5.5937463779765535.
* Target launch angle is 1.7802358370342137, current launch angle is 5.672320068981572.
* Archer #3 Launch angle not within tolerances, adjusting firing solution...
* Archer #3 Launch speed not within tolerances, adjusting firing solution...
* Archer #3 adjusted targeting angle one unit CCW...
<<<10:45:24:888684>>>  Archer #1 moved one unit CCW...
<<<10:45:24:888684>>>  Archer #2 is checking targeting info...
<<<10:45:24:888684>>>
* Target launch speed is 8.665794625924498, current launch speed is 5.5937463779765535.
* Target launch angle is 0.8901179185171153, current launch angle is 3.159045946109742.
* Archer #2 Launch angle not within tolerances, adjusting firing solution...
* Archer #2 Launch speed not within tolerances, adjusting firing solution...
* Archer #2 adjusted targeting angle one unit CW...
<<<10:45:24:888684>>>  Archer #3 is checking targeting info...
<<<10:45:24:888684>>>
* Target launch speed is 8.665794625924498, current launch speed is 5.5937463779765535.
* Target launch angle is 1.7802358370342137, current launch angle is 5.689773361501515.
* Archer #3 Launch angle not within tolerances, adjusting firing solution...
* Archer #3 Launch speed not within tolerances, adjusting firing solution...
* Archer #3 adjusted targeting angle one unit CCW...
<<<10:45:24:952777>>>  Archer #2 is checking targeting info...
<<<10:45:24:952777>>>
* Target launch speed is 8.665794625924498, current launch speed is 5.5937463779765535.
* Target launch angle is 0.8901179185171153, current launch angle is 3.141592653589799.
* Archer #2 Launch angle not within tolerances, adjusting firing solution...
* Archer #2 Launch speed not within tolerances, adjusting firing solution...
* Archer #2 adjusted targeting angle one unit CW...
<<<10:45:24:952777>>>  Archer #3 is checking targeting info...
<<<10:45:24:952777>>>
* Target launch speed is 8.665794625924498, current launch speed is 5.5937463779765535.
* Target launch angle is 1.7802358370342137, current launch angle is 5.707226654021458.
* Archer #3 Launch angle not within tolerances, adjusting firing solution...
* Archer #3 Launch speed not within tolerances, adjusting firing solution...
* Archer #3 adjusted targeting angle one unit CCW...
<<<10:45:25:019576>>>  Archer #1 chose to move to 1.7453, cururently at 1.7453.
<<<10:45:25:019576>>>  Archer #1 chose to move...
<<<10:45:25:019576>>>  Archer #2 is checking targeting info...
<<<10:45:25:019576>>>
* Target launch speed is 8.665794625924498, current launch speed is 5.5937463779765535.
* Target launch angle is 0.8901179185171153, current launch angle is 3.124139361069856.
* Archer #2 Launch angle not within tolerances, adjusting firing solution...
* Archer #2 Launch speed not within tolerances, adjusting firing solution...
* Archer #2 adjusted targeting angle one unit CW...
<<<10:45:25:019576>>>  Archer #3 is checking targeting info...
<<<10:45:25:019576>>>
* Target launch speed is 8.665794625924498, current launch speed is 5.5937463779765535.
* Target launch angle is 1.7802358370342137, current launch angle is 5.724679946541401.
* Archer #3 Launch angle not within tolerances, adjusting firing solution...
* Archer #3 Launch speed not within tolerances, adjusting firing solution...
* Archer #3 adjusted targeting angle one unit CCW...
<<<10:45:25:084250>>>  Archer #1 chose to move to 1.7453, cururently at 1.7453.
<<<10:45:25:084250>>>  Archer #1 chose to move...
<<<10:45:25:084250>>>  Archer #2 is checking targeting info...
<<<10:45:25:084250>>>
* Target launch speed is 8.665794625924498, current launch speed is 5.5937463779765535.
* Target launch angle is 0.8901179185171153, current launch angle is 3.1066860685499127.
* Archer #2 Launch angle not within tolerances, adjusting firing solution...
* Archer #2 Launch speed not within tolerances, adjusting firing solution...
* Archer #2 adjusted targeting angle one unit CW...
<<<10:45:25:084250>>>  Archer #3 is checking targeting info...
<<<10:45:25:084250>>>
* Target launch speed is 8.665794625924498, current launch speed is 5.5937463779765535.
* Target launch angle is 1.7802358370342137, current launch angle is 5.742133239061344.
* Archer #3 Launch angle not within tolerances, adjusting firing solution...
* Archer #3 Launch speed not within tolerances, adjusting firing solution...
* Archer #3 adjusted targeting angle one unit CCW...
<<<10:45:25:150702>>>  Archer #1 chose to move to 1.7453, cururently at 1.7453.
<<<10:45:25:150702>>>  Archer #1 chose to move...
<<<10:45:25:150702>>>  Archer #2 is checking targeting info...
<<<10:45:25:150702>>>
* Target launch speed is 8.665794625924498, current launch speed is 5.5937463779765535.
* Target launch angle is 0.8901179185171153, current launch angle is 3.0892327760299696.
* Archer #2 Launch angle not within tolerances, adjusting firing solution...
* Archer #2 Launch speed not within tolerances, adjusting firing solution...
* Archer #2 adjusted targeting angle one unit CW...
<<<10:45:25:150702>>>  Archer #3 is checking targeting info...
<<<10:45:25:150702>>>
* Target launch speed is 8.665794625924498, current launch speed is 5.5937463779765535.
* Target launch angle is 1.7802358370342137, current launch angle is 5.759586531581287.
* Archer #3 Launch angle not within tolerances, adjusting firing solution...
* Archer #3 Launch speed not within tolerances, adjusting firing solution...
* Archer #3 adjusted targeting angle one unit CCW...
<<<10:45:25:216076>>>  Archer #1 chose to move to 1.7453, cururently at 1.7453.
<<<10:45:25:216076>>>  Archer #1 chose to move...
<<<10:45:25:216076>>>  Archer #2 is checking targeting info...
<<<10:45:25:216575>>>
* Target launch speed is 8.665794625924498, current launch speed is 5.5937463779765535.
* Target launch angle is 0.8901179185171153, current launch angle is 3.0717794835100265.
* Archer #2 Launch angle not within tolerances, adjusting firing solution...
* Archer #2 Launch speed not within tolerances, adjusting firing solution...
* Archer #2 adjusted targeting angle one unit CW...
<<<10:45:25:216575>>>  Archer #3 is checking targeting info...
<<<10:45:25:216575>>>
* Target launch speed is 8.665794625924498, current launch speed is 5.5937463779765535.
* Target launch angle is 1.7802358370342137, current launch angle is 5.77703982410123.
* Archer #3 Launch angle not within tolerances, adjusting firing solution...
* Archer #3 Launch speed not within tolerances, adjusting firing solution...
* Archer #3 adjusted targeting angle one unit CCW...
<<<10:45:25:281686>>>  Archer #1 chose to move to 1.7453, cururently at 1.7453.
<<<10:45:25:281686>>>  Archer #1 chose to move...
<<<10:45:25:281686>>>  Archer #2 is checking targeting info...
<<<10:45:25:281686>>>
* Target launch speed is 8.665794625924498, current launch speed is 5.5937463779765535.
* Target launch angle is 0.8901179185171153, current launch angle is 3.0543261909900834.
* Archer #2 Launch angle not within tolerances, adjusting firing solution...
* Archer #2 Launch speed not within tolerances, adjusting firing solution...
* Archer #2 adjusted targeting angle one unit CW...
<<<10:45:25:281686>>>  Archer #3 is checking targeting info...
<<<10:45:25:281686>>>
* Target launch speed is 8.665794625924498, current launch speed is 5.5937463779765535.
* Target launch angle is 1.7802358370342137, current launch angle is 5.794493116621173.
* Archer #3 Launch angle not within tolerances, adjusting firing solution...
* Archer #3 Launch speed not within tolerances, adjusting firing solution...
* Archer #3 adjusted targeting angle one unit CCW...
<<<10:45:25:349046>>>  Archer #1 chose to move to 1.7453, cururently at 1.7453.
<<<10:45:25:349046>>>  Archer #1 chose to move...
<<<10:45:25:349046>>>  Archer #2 is checking targeting info...
<<<10:45:25:349046>>>
* Target launch speed is 8.665794625924498, current launch speed is 5.5937463779765535.
* Target launch angle is 0.8901179185171153, current launch angle is 3.0368728984701403.
* Archer #2 Launch angle not within tolerances, adjusting firing solution...
* Archer #2 Launch speed not within tolerances, adjusting firing solution...
* Archer #2 adjusted targeting angle one unit CW...
<<<10:45:25:349046>>>  Archer #3 is checking targeting info...
<<<10:45:25:349046>>>
* Target launch speed is 8.665794625924498, current launch speed is 5.5937463779765535.
* Target launch angle is 1.7802358370342137, current launch angle is 5.811946409141116.
* Archer #3 Launch angle not within tolerances, adjusting firing solution...
* Archer #3 Launch speed not within tolerances, adjusting firing solution...
* Archer #3 adjusted targeting angle one unit CCW...
<<<10:45:25:414062>>>  Archer #1 chose to move to 1.7453, cururently at 1.7453.
<<<10:45:25:414062>>>  Archer #1 chose to move...
<<<10:45:25:414062>>>  Archer #2 is checking targeting info...
<<<10:45:25:414062>>>
* Target launch speed is 8.665794625924498, current launch speed is 5.5937463779765535.
* Target launch angle is 0.8901179185171153, current launch angle is 3.019419605950197.
* Archer #2 Launch angle not within tolerances, adjusting firing solution...
* Archer #2 Launch speed not within tolerances, adjusting firing solution...
* Archer #2 adjusted targeting angle one unit CW...
<<<10:45:25:414062>>>  Archer #3 is checking targeting info...
<<<10:45:25:414062>>>
* Target launch speed is 8.665794625924498, current launch speed is 5.5937463779765535.
* Target launch angle is 1.7802358370342137, current launch angle is 5.8293997016610595.
* Archer #3 Launch angle not within tolerances, adjusting firing solution...
* Archer #3 Launch speed not within tolerances, adjusting firing solution...
* Archer #3 adjusted targeting angle one unit CCW...
<<<10:45:25:481223>>>  Archer #1 chose to move to 1.7453, cururently at 1.7453.
<<<10:45:25:481223>>>  Archer #1 chose to move...
<<<10:45:25:481223>>>  Archer #2 is checking targeting info...
<<<10:45:25:481223>>>
* Target launch speed is 8.665794625924498, current launch speed is 5.5937463779765535.
* Target launch angle is 0.8901179185171153, current launch angle is 3.001966313430254.
* Archer #2 Launch angle not within tolerances, adjusting firing solution...
* Archer #2 Launch speed not within tolerances, adjusting firing solution...
* Archer #2 adjusted targeting angle one unit CW...
<<<10:45:25:481223>>>  Archer #3 is checking targeting info...
<<<10:45:25:481223>>>
* Target launch speed is 8.665794625924498, current launch speed is 5.5937463779765535.
* Target launch angle is 1.7802358370342137, current launch angle is 5.846852994181003.
* Archer #3 Launch angle not within tolerances, adjusting firing solution...
* Archer #3 Launch speed not within tolerances, adjusting firing solution...
* Archer #3 adjusted targeting angle one unit CCW...
<<<10:45:25:549336>>>  Archer #1 chose to shoot...
<<<10:45:25:549336>>>  Archer #2 is checking targeting info...
<<<10:45:25:549336>>>
* Target launch speed is 8.665794625924498, current launch speed is 5.5937463779765535.
* Target launch angle is 0.8901179185171153, current launch angle is 2.984513020910311.
* Archer #2 Launch angle not within tolerances, adjusting firing solution...
* Archer #2 Launch speed not within tolerances, adjusting firing solution...
* Archer #2 adjusted targeting angle one unit CW...
<<<10:45:25:549336>>>  Archer #3 is checking targeting info...
<<<10:45:25:549336>>>
* Target launch speed is 8.665794625924498, current launch speed is 5.5937463779765535.
* Target launch angle is 1.7802358370342137, current launch angle is 5.864306286700946.
* Archer #3 Launch angle not within tolerances, adjusting firing solution...
* Archer #3 Launch speed not within tolerances, adjusting firing solution...
* Archer #3 adjusted targeting angle one unit CCW...
<<<10:45:25:617494>>>  Archer #1 is checking targeting info...
<<<10:45:25:617494>>>
* Target launch speed is 8.665794625924498, current launch speed is 5.5937463779765535.
* Target launch angle is 4.101523742186673, current launch angle is 1.7453292519943298.
* Archer #1 Launch angle not within tolerances, adjusting firing solution...
* Archer #1 Launch speed not within tolerances, adjusting firing solution...
* Archer #1 adjusted targeting angle one unit CCW...
<<<10:45:25:617494>>>  Archer #2 is checking targeting info...
<<<10:45:25:617494>>>
* Target launch speed is 8.665794625924498, current launch speed is 5.5937463779765535.
* Target launch angle is 0.8901179185171153, current launch angle is 2.967059728390368.
* Archer #2 Launch angle not within tolerances, adjusting firing solution...
* Archer #2 Launch speed not within tolerances, adjusting firing solution...
* Archer #2 adjusted targeting angle one unit CW...
<<<10:45:25:617494>>>  Archer #3 is checking targeting info...
<<<10:45:25:617494>>>
* Target launch speed is 8.665794625924498, current launch speed is 5.5937463779765535.
* Target launch angle is 1.7802358370342137, current launch angle is 5.881759579220889.
* Archer #3 Launch angle not within tolerances, adjusting firing solution...
* Archer #3 Launch speed not within tolerances, adjusting firing solution...
* Archer #3 adjusted targeting angle one unit CCW...
<<<10:45:25:685704>>>  Archer #1 is checking targeting info...
<<<10:45:25:685704>>>
* Target launch speed is 8.665794625924498, current launch speed is 5.5937463779765535.
* Target launch angle is 4.101523742186673, current launch angle is 1.762782544514273.
* Archer #1 Launch angle not within tolerances, adjusting firing solution...
* Archer #1 Launch speed not within tolerances, adjusting firing solution...
* Archer #1 adjusted targeting angle one unit CCW...
<<<10:45:25:685704>>>  Archer #2 is checking targeting info...
<<<10:45:25:685704>>>
* Target launch speed is 8.665794625924498, current launch speed is 5.5937463779765535.
* Target launch angle is 0.8901179185171153, current launch angle is 2.949606435870425.
* Archer #2 Launch angle not within tolerances, adjusting firing solution...
* Archer #2 Launch speed not within tolerances, adjusting firing solution...
* Archer #2 adjusted targeting angle one unit CW...
<<<10:45:25:685704>>>  Archer #3 is checking targeting info...
<<<10:45:25:685704>>>
* Target launch speed is 8.665794625924498, current launch speed is 5.5937463779765535.
* Target launch angle is 1.7802358370342137, current launch angle is 5.899212871740832.
* Archer #3 Launch angle not within tolerances, adjusting firing solution...
* Archer #3 Launch speed not within tolerances, adjusting firing solution...
* Archer #3 adjusted targeting angle one unit CCW...
<<<10:45:25:751585>>>  Archer #1 is checking targeting info...
<<<10:45:25:751585>>>
* Target launch speed is 8.665794625924498, current launch speed is 5.5937463779765535.
* Target launch angle is 4.101523742186673, current launch angle is 1.7802358370342164.
* Archer #1 Launch angle not within tolerances, adjusting firing solution...
* Archer #1 Launch speed not within tolerances, adjusting firing solution...
* Archer #1 adjusted targeting angle one unit CCW...
<<<10:45:25:751585>>>  Archer #2 is checking targeting info...
<<<10:45:25:751585>>>
* Target launch speed is 8.665794625924498, current launch speed is 5.5937463779765535.
* Target launch angle is 0.8901179185171153, current launch angle is 2.9321531433504817.
* Archer #2 Launch angle not within tolerances, adjusting firing solution...
* Archer #2 Launch speed not within tolerances, adjusting firing solution...
* Archer #2 adjusted targeting angle one unit CW...
<<<10:45:25:751585>>>  Archer #3 is checking targeting info...
<<<10:45:25:751585>>>
* Target launch speed is 8.665794625924498, current launch speed is 5.5937463779765535.
* Target launch angle is 1.7802358370342137, current launch angle is 5.916666164260775.
* Archer #3 Launch angle not within tolerances, adjusting firing solution...
* Archer #3 Launch speed not within tolerances, adjusting firing solution...
* Archer #3 adjusted targeting angle one unit CCW...
<<<10:45:25:817729>>>  Archer #1 is checking targeting info...
<<<10:45:25:817729>>>
* Target launch speed is 8.665794625924498, current launch speed is 5.5937463779765535.
* Target launch angle is 4.101523742186673, current launch angle is 1.7976891295541597.
* Archer #1 Launch angle not within tolerances, adjusting firing solution...
* Archer #1 Launch speed not within tolerances, adjusting firing solution...
* Archer #1 adjusted targeting angle one unit CCW...
<<<10:45:25:817729>>>  Archer #2 is checking targeting info...
<<<10:45:25:817729>>>
* Target launch speed is 8.665794625924498, current launch speed is 5.5937463779765535.
* Target launch angle is 0.8901179185171153, current launch angle is 2.9146998508305386.
* Archer #2 Launch angle not within tolerances, adjusting firing solution...
* Archer #2 Launch speed not within tolerances, adjusting firing solution...
* Archer #2 adjusted targeting angle one unit CW...
<<<10:45:25:817729>>>  Archer #3 is checking targeting info...
<<<10:45:25:817729>>>
* Target launch speed is 8.665794625924498, current launch speed is 5.5937463779765535.
* Target launch angle is 1.7802358370342137, current launch angle is 5.934119456780718.
* Archer #3 Launch angle not within tolerances, adjusting firing solution...
* Archer #3 Launch speed not within tolerances, adjusting firing solution...
* Archer #3 adjusted targeting angle one unit CCW...
<<<10:45:25:884239>>>  Archer #1 is checking targeting info...
<<<10:45:25:884239>>>
* Target launch speed is 8.665794625924498, current launch speed is 5.5937463779765535.
* Target launch angle is 4.101523742186673, current launch angle is 1.815142422074103.
* Archer #1 Launch angle not within tolerances, adjusting firing solution...
* Archer #1 Launch speed not within tolerances, adjusting firing solution...
* Archer #1 adjusted targeting angle one unit CCW...
<<<10:45:25:884239>>>  Archer #2 is checking targeting info...
<<<10:45:25:884239>>>
* Target launch speed is 8.665794625924498, current launch speed is 5.5937463779765535.
* Target launch angle is 0.8901179185171153, current launch angle is 2.8972465583105955.
* Archer #2 Launch angle not within tolerances, adjusting firing solution...
* Archer #2 Launch speed not within tolerances, adjusting firing solution...
* Archer #2 adjusted targeting angle one unit CW...
<<<10:45:25:884239>>>  Archer #3 is checking targeting info...
<<<10:45:25:884239>>>
* Target launch speed is 8.665794625924498, current launch speed is 5.5937463779765535.
* Target launch angle is 1.7802358370342137, current launch angle is 5.951572749300661.
* Archer #3 Launch angle not within tolerances, adjusting firing solution...
* Archer #3 Launch speed not within tolerances, adjusting firing solution...
* Archer #3 adjusted targeting angle one unit CCW...
<<<10:45:25:951581>>>  Archer #1 is checking targeting info...
<<<10:45:25:951581>>>
* Target launch speed is 8.665794625924498, current launch speed is 5.5937463779765535.
* Target launch angle is 4.101523742186673, current launch angle is 1.8325957145940464.
* Archer #1 Launch angle not within tolerances, adjusting firing solution...
* Archer #1 Launch speed not within tolerances, adjusting firing solution...
* Archer #1 adjusted targeting angle one unit CCW...
<<<10:45:25:951581>>>  Archer #2 is checking targeting info...
<<<10:45:25:951581>>>
* Target launch speed is 8.665794625924498, current launch speed is 5.5937463779765535.
* Target launch angle is 0.8901179185171153, current launch angle is 2.8797932657906524.
* Archer #2 Launch angle not within tolerances, adjusting firing solution...
* Archer #2 Launch speed not within tolerances, adjusting firing solution...
* Archer #2 adjusted targeting angle one unit CW...
<<<10:45:25:951581>>>  Archer #3 is checking targeting info...
<<<10:45:25:951581>>>
* Target launch speed is 8.665794625924498, current launch speed is 5.5937463779765535.
* Target launch angle is 1.7802358370342137, current launch angle is 5.969026041820604.
* Archer #3 Launch angle not within tolerances, adjusting firing solution...
* Archer #3 Launch speed not within tolerances, adjusting firing solution...
* Archer #3 adjusted targeting angle one unit CCW...
<<<10:45:26:019176>>>  Archer #1 is checking targeting info...
<<<10:45:26:019176>>>
* Target launch speed is 8.665794625924498, current launch speed is 5.5937463779765535.
* Target launch angle is 4.101523742186673, current launch angle is 1.8500490071139897.
* Archer #1 Launch angle not within tolerances, adjusting firing solution...
* Archer #1 Launch speed not within tolerances, adjusting firing solution...
* Archer #1 adjusted targeting angle one unit CCW...
<<<10:45:26:019176>>>  Archer #2 is checking targeting info...
<<<10:45:26:019176>>>
* Target launch speed is 8.665794625924498, current launch speed is 5.5937463779765535.
* Target launch angle is 0.8901179185171153, current launch angle is 2.8623399732707093.
* Archer #2 Launch angle not within tolerances, adjusting firing solution...
* Archer #2 Launch speed not within tolerances, adjusting firing solution...
* Archer #2 adjusted targeting angle one unit CW...
<<<10:45:26:019176>>>  Archer #3 is checking targeting info...
<<<10:45:26:019176>>>
* Target launch speed is 8.665794625924498, current launch speed is 5.5937463779765535.
* Target launch angle is 1.7802358370342137, current launch angle is 5.986479334340547.
* Archer #3 Launch angle not within tolerances, adjusting firing solution...
* Archer #3 Launch speed not within tolerances, adjusting firing solution...
* Archer #3 adjusted targeting angle one unit CCW...
<<<10:45:26:085776>>>  Archer #1 is checking targeting info...
<<<10:45:26:085776>>>
* Target launch speed is 8.665794625924498, current launch speed is 5.5937463779765535.
* Target launch angle is 4.101523742186673, current launch angle is 1.867502299633933.
* Archer #1 Launch angle not within tolerances, adjusting firing solution...
* Archer #1 Launch speed not within tolerances, adjusting firing solution...
* Archer #1 adjusted targeting angle one unit CCW...
<<<10:45:26:085776>>>  Archer #2 is checking targeting info...
<<<10:45:26:085776>>>
* Target launch speed is 8.665794625924498, current launch speed is 5.5937463779765535.
* Target launch angle is 0.8901179185171153, current launch angle is 2.8448866807507662.
* Archer #2 Launch angle not within tolerances, adjusting firing solution...
* Archer #2 Launch speed not within tolerances, adjusting firing solution...
* Archer #2 adjusted targeting angle one unit CW...
<<<10:45:26:085776>>>  Archer #3 is checking targeting info...
<<<10:45:26:085776>>>
* Target launch speed is 8.665794625924498, current launch speed is 5.5937463779765535.
* Target launch angle is 1.7802358370342137, current launch angle is 6.0039326268604905.
* Archer #3 Launch angle not within tolerances, adjusting firing solution...
* Archer #3 Launch speed not within tolerances, adjusting firing solution...
* Archer #3 adjusted targeting angle one unit CCW...
<<<10:45:26:151823>>>  Archer #1 is checking targeting info...
<<<10:45:26:151823>>>
* Target launch speed is 8.665794625924498, current launch speed is 5.5937463779765535.
* Target launch angle is 4.101523742186673, current launch angle is 1.8849555921538763.
* Archer #1 Launch angle not within tolerances, adjusting firing solution...
* Archer #1 Launch speed not within tolerances, adjusting firing solution...
* Archer #1 adjusted targeting angle one unit CCW...
<<<10:45:26:151823>>>  Archer #2 is checking targeting info...
<<<10:45:26:151823>>>
* Target launch speed is 8.665794625924498, current launch speed is 5.5937463779765535.
* Target launch angle is 0.8901179185171153, current launch angle is 2.827433388230823.
* Archer #2 Launch angle not within tolerances, adjusting firing solution...
* Archer #2 Launch speed not within tolerances, adjusting firing solution...
* Archer #2 adjusted targeting angle one unit CW...
<<<10:45:26:151823>>>  Archer #3 is checking targeting info...
<<<10:45:26:151823>>>
* Target launch speed is 8.665794625924498, current launch speed is 5.5937463779765535.
* Target launch angle is 1.7802358370342137, current launch angle is 6.0213859193804335.
* Archer #3 Launch angle not within tolerances, adjusting firing solution...
* Archer #3 Launch speed not within tolerances, adjusting firing solution...
* Archer #3 adjusted targeting angle one unit CCW...
<<<10:45:26:218297>>>  Archer #1 is checking targeting info...
<<<10:45:26:218297>>>
* Target launch speed is 8.665794625924498, current launch speed is 5.5937463779765535.
* Target launch angle is 4.101523742186673, current launch angle is 1.9024088846738196.
* Archer #1 Launch angle not within tolerances, adjusting firing solution...
* Archer #1 Launch speed not within tolerances, adjusting firing solution...
* Archer #1 adjusted targeting angle one unit CCW...
<<<10:45:26:218297>>>  Archer #2 is checking targeting info...
<<<10:45:26:218297>>>
* Target launch speed is 8.665794625924498, current launch speed is 5.5937463779765535.
* Target launch angle is 0.8901179185171153, current launch angle is 2.80998009571088.
* Archer #2 Launch angle not within tolerances, adjusting firing solution...
* Archer #2 Launch speed not within tolerances, adjusting firing solution...
* Archer #2 adjusted targeting angle one unit CW...
<<<10:45:26:218297>>>  Archer #3 is checking targeting info...
<<<10:45:26:218297>>>
* Target launch speed is 8.665794625924498, current launch speed is 5.5937463779765535.
* Target launch angle is 1.7802358370342137, current launch angle is 6.038839211900377.
* Archer #3 Launch angle not within tolerances, adjusting firing solution...
* Archer #3 Launch speed not within tolerances, adjusting firing solution...
* Archer #3 adjusted targeting angle one unit CCW...
<<<10:45:26:285846>>>  Archer #1 is checking targeting info...
<<<10:45:26:285846>>>
* Target launch speed is 8.665794625924498, current launch speed is 5.5937463779765535.
* Target launch angle is 4.101523742186673, current launch angle is 1.919862177193763.
* Archer #1 Launch angle not within tolerances, adjusting firing solution...
* Archer #1 Launch speed not within tolerances, adjusting firing solution...
* Archer #1 adjusted targeting angle one unit CCW...
<<<10:45:26:285846>>>  Archer #2 is checking targeting info...
<<<10:45:26:285846>>>
* Target launch speed is 8.665794625924498, current launch speed is 5.5937463779765535.
* Target launch angle is 0.8901179185171153, current launch angle is 2.792526803190937.
* Archer #2 Launch angle not within tolerances, adjusting firing solution...
* Archer #2 Launch speed not within tolerances, adjusting firing solution...
* Archer #2 adjusted targeting angle one unit CW...
<<<10:45:26:285846>>>  Archer #3 is checking targeting info...
<<<10:45:26:285846>>>
* Target launch speed is 8.665794625924498, current launch speed is 5.5937463779765535.
* Target launch angle is 1.7802358370342137, current launch angle is 6.05629250442032.
* Archer #3 Launch angle not within tolerances, adjusting firing solution...
* Archer #3 Launch speed not within tolerances, adjusting firing solution...
* Archer #3 adjusted targeting angle one unit CCW...
<<<10:45:26:352647>>>  Archer #1 is checking targeting info...
<<<10:45:26:352647>>>
* Target launch speed is 8.665794625924498, current launch speed is 5.5937463779765535.
* Target launch angle is 4.101523742186673, current launch angle is 1.9373154697137063.
* Archer #1 Launch angle not within tolerances, adjusting firing solution...
* Archer #1 Launch speed not within tolerances, adjusting firing solution...
* Archer #1 adjusted targeting angle one unit CCW...
<<<10:45:26:352647>>>  Archer #2 is checking targeting info...
<<<10:45:26:352647>>>
* Target launch speed is 8.665794625924498, current launch speed is 5.5937463779765535.
* Target launch angle is 0.8901179185171153, current launch angle is 2.775073510670994.
* Archer #2 Launch angle not within tolerances, adjusting firing solution...
* Archer #2 Launch speed not within tolerances, adjusting firing solution...
* Archer #2 adjusted targeting angle one unit CW...
<<<10:45:26:352647>>>  Archer #3 is checking targeting info...
<<<10:45:26:352647>>>
* Target launch speed is 8.665794625924498, current launch speed is 5.5937463779765535.
* Target launch angle is 1.7802358370342137, current launch angle is 6.073745796940263.
* Archer #3 Launch angle not within tolerances, adjusting firing solution...
* Archer #3 Launch speed not within tolerances, adjusting firing solution...
* Archer #3 adjusted targeting angle one unit CCW...
<<<10:45:26:417619>>>  Archer #1 is checking targeting info...
<<<10:45:26:417619>>>
* Target launch speed is 8.665794625924498, current launch speed is 5.5937463779765535.
* Target launch angle is 4.101523742186673, current launch angle is 1.9547687622336496.
* Archer #1 Launch angle not within tolerances, adjusting firing solution...
* Archer #1 Launch speed not within tolerances, adjusting firing solution...
* Archer #1 adjusted targeting angle one unit CCW...
<<<10:45:26:417619>>>  Archer #2 is checking targeting info...
<<<10:45:26:417619>>>
* Target launch speed is 8.665794625924498, current launch speed is 5.5937463779765535.
* Target launch angle is 0.8901179185171153, current launch angle is 2.7576202181510507.
* Archer #2 Launch angle not within tolerances, adjusting firing solution...
* Archer #2 Launch speed not within tolerances, adjusting firing solution...
* Archer #2 adjusted targeting angle one unit CW...
<<<10:45:26:417619>>>  Archer #3 is checking targeting info...
<<<10:45:26:417619>>>
* Target launch speed is 8.665794625924498, current launch speed is 5.5937463779765535.
* Target launch angle is 1.7802358370342137, current launch angle is 6.091199089460206.
* Archer #3 Launch angle not within tolerances, adjusting firing solution...
* Archer #3 Launch speed not within tolerances, adjusting firing solution...
* Archer #3 adjusted targeting angle one unit CCW...
<<<10:45:26:483198>>>  Archer #1 is checking targeting info...
<<<10:45:26:483198>>>
* Target launch speed is 8.665794625924498, current launch speed is 5.5937463779765535.
* Target launch angle is 4.101523742186673, current launch angle is 1.972222054753593.
* Archer #1 Launch angle not within tolerances, adjusting firing solution...
* Archer #1 Launch speed not within tolerances, adjusting firing solution...
* Archer #1 adjusted targeting angle one unit CCW...
<<<10:45:26:483198>>>  Archer #2 is checking targeting info...
<<<10:45:26:483198>>>
* Target launch speed is 8.665794625924498, current launch speed is 5.5937463779765535.
* Target launch angle is 0.8901179185171153, current launch angle is 2.7401669256311076.
* Archer #2 Launch angle not within tolerances, adjusting firing solution...
* Archer #2 Launch speed not within tolerances, adjusting firing solution...
* Archer #2 adjusted targeting angle one unit CW...
<<<10:45:26:483198>>>  Archer #3 is checking targeting info...
<<<10:45:26:483198>>>
* Target launch speed is 8.665794625924498, current launch speed is 5.5937463779765535.
* Target launch angle is 1.7802358370342137, current launch angle is 6.108652381980149.
* Archer #3 Launch angle not within tolerances, adjusting firing solution...
* Archer #3 Launch speed not within tolerances, adjusting firing solution...
* Archer #3 adjusted targeting angle one unit CCW...
<<<10:45:26:500107>>>
* INFORMATION FOR Archer #1's CANNONBALLS:
* Cannonballs in memory for Archer #1:  1.
* Total cannonballs fired or chambered for Archer #1:  1.
<<<10:45:26:500107>>>
* CURRENT VALUES FOR CELESTIAL BODY:  Archer #1's Cannonball #1
* This is not the homeworld.
* The celestial boyd's density is 5515 kg/m^3.
* The celestial body's mass is 1000 kg.
* The Earth's mass is 5.972e+24 kg.
* The celestial body's radius is 0.001 km.
* The celestial body's coordinates are (-1106.3125399160144, 6274.210194440778).
* The celestial body's velocity is (-0.9713438648666217, 5.508764801415267).
* The celestial body's speed is 5.5937463779765535 km/s.
* The celestial body's acceleration is (0, 0).
* The celestial body's screen x and y coordinates are (784, 361).
* The celestial body's screen radius is 2.
* The celestial is using a body circle.
<<<10:45:26:500107>>>
* ADDITIONAL INFORMATION FOR Archer #1's Cannonball #1:
* This cannonball is chambered.
<<<10:45:26:500107>>>
* INFORMATION FOR Archer #2's CANNONBALLS:
* Cannonballs in memory for Archer #2:  1.
* Total cannonballs fired or chambered for Archer #2:  1.
<<<10:45:26:500107>>>
* CURRENT VALUES FOR CELESTIAL BODY:  Archer #2's Cannonball #1
* This is not the homeworld.
* The celestial boyd's density is 5515 kg/m^3.
* The celestial body's mass is 1000 kg.
* The Earth's mass is 5.972e+24 kg.
* The celestial body's radius is 0.001 km.
* The celestial body's coordinates are (-6308.99786595254, -886.6718262166025).
* The celestial body's velocity is (-5.539308422748992, -0.7784990294071538).
* The celestial body's speed is 5.5937463779765535 km/s.
* The celestial body's acceleration is (0, 0).
* The celestial body's screen x and y coordinates are (710, 462).
* The celestial body's screen radius is 2.
* The celestial is using a body circle.
<<<10:45:26:500107>>>
* ADDITIONAL INFORMATION FOR Archer #2's Cannonball #1:
* This cannonball is chambered.
<<<10:45:26:500107>>>
* INFORMATION FOR Archer #3's CANNONBALLS:
* Cannonballs in memory for Archer #3:  1.
* Total cannonballs fired or chambered for Archer #3:  1.
<<<10:45:26:500107>>>
* CURRENT VALUES FOR CELESTIAL BODY:  Archer #3's Cannonball #1
* This is not the homeworld.
* The celestial boyd's density is 5515 kg/m^3.
* The celestial body's mass is 1000 kg.
* The Earth's mass is 5.972e+24 kg.
* The celestial body's radius is 0.001 km.
* The celestial body's coordinates are (5218.817674165168, -3654.2554759925124).
* The celestial body's velocity is (4.582128780753639, -3.2084411133313613).
* The celestial body's speed is 5.5937463779765535 km/s.
* The celestial body's acceleration is (0, 0).
* The celestial body's screen x and y coordinates are (873, 501).
* The celestial body's screen radius is 2.
* The celestial is using a body circle.
<<<10:45:26:500107>>>
* ADDITIONAL INFORMATION FOR Archer #3's Cannonball #1:
* This cannonball is chambered.
<<<10:45:26:500107>>>  Quit through pygame and writing log file...
