<<<16:48:07:445362>>>  Pix\Homeworlds\Ocean\4.png loaded as pixie for Earth...
<<<16:48:07:445362>>>  Image at Pix\Homeworlds\Ocean\4.png chosen as homeworld pix for Earth's...
<<<16:48:07:445362>>>  Pix\Moons\1.png loaded as pixie for Moon #2...
<<<16:48:07:519162>>>  Pix\Snails\Green_Snail\Spells\Spellready_Icon\spellready.png returned as pixie for Snail #1 Green Player...
<<<16:48:07:519162>>>  Pix\Magic\Scroll\scroll.png returned as pixie for Snail #1 Green Player...
<<<16:48:07:519162>>>  Snail #1 Green Player successfully created!
<<<16:48:07:590971>>>  Pix\Snails\Red_Snail\Spells\Spellready_Icon\spellready.png returned as pixie for Snail #2 Red Player...
<<<16:48:07:590971>>>  Pix\Magic\Scroll\scroll.png returned as pixie for Snail #2 Red Player...
<<<16:48:07:591937>>>  Snail #2 Red Player successfully created!
<<<16:48:07:728194>>>  Snail #1 Green Player chambered cannonball...
<<<16:48:07:728194>>>
* CURRENT VALUES FOR CELESTIAL BODY:  Snail #1 Green Player's Cannonball #1
* This is not the homeworld.
* The celestial boyd's density is 5515 kg/m^3.
* The celestial body's mass is 1000 kg.
* The Earth's mass is 5.972e+24 kg.
* The celestial body's radius is 0.001 km.
* The celestial body's coordinates are (3.9011123786838936e-13, 6371.0).
* The celestial body's velocity is (-0.0010496494590697698, 5.59315295971508).
* The celestial body's speed is 5.593153058207289 km/s.
* The celestial body's acceleration is (0, 0).
* The celestial body's screen x and y coordinates are (768, 345).
* The celestial body's screen radius is 2.
* The celestial is using a body circle.
<<<16:48:07:728194>>>
* ADDITIONAL INFORMATION FOR Snail #1 Green Player's Cannonball #1:
* This cannonball is chambered.
<<<16:48:25:525100>>>  Snail #1 Green Player's Cannonball #1 explosion timer has expired, marked for removal...
<<<16:48:25:905811>>>  Snail #1 Green Player chambered cannonball...
<<<16:48:25:905811>>>
* CURRENT VALUES FOR CELESTIAL BODY:  Snail #1 Green Player's Cannonball #2
* This is not the homeworld.
* The celestial boyd's density is 5515 kg/m^3.
* The celestial body's mass is 1000 kg.
* The Earth's mass is 5.972e+24 kg.
* The celestial body's radius is 0.001 km.
* The celestial body's coordinates are (111.1892814119338, 6370.029665841369).
* The celestial body's velocity is (0.10242950030189743, 5.501701062805755).
* The celestial body's speed is 5.5026544855197 km/s.
* The celestial body's acceleration is (0, 0).
* The celestial body's screen x and y coordinates are (769, 345).
* The celestial body's screen radius is 2.
* The celestial is using a body circle.
<<<16:48:25:905811>>>
* ADDITIONAL INFORMATION FOR Snail #1 Green Player's Cannonball #2:
* This cannonball is chambered.
<<<16:48:57:329717>>>
* INFORMATION FOR Snail #1 Green Player's CANNONBALLS:
* Cannonballs in memory for Snail #1 Green Player:  1.
* Total cannonballs fired or chambered for Snail #1 Green Player:  2.
<<<16:48:57:329717>>>
* CURRENT VALUES FOR CELESTIAL BODY:  Snail #1 Green Player's Cannonball #2
* This is not the homeworld.
* The celestial boyd's density is 5515 kg/m^3.
* The celestial body's mass is 1000 kg.
* The Earth's mass is 5.972e+24 kg.
* The celestial body's radius is 0.001 km.
* The celestial body's coordinates are (-876.2784698586224, 7762.3831728683135).
* The celestial body's velocity is (0.10242950030189743, 5.501701062805755).
* The celestial body's speed is 5.5026544855197 km/s.
* The celestial body's acceleration is (0, 0).
* The celestial body's screen x and y coordinates are (756, 326).
* The celestial body's screen radius is 2.
* The celestial is using a body circle.
<<<16:48:57:329717>>>
* ADDITIONAL INFORMATION FOR Snail #1 Green Player's Cannonball #2:
* This cannonball is chambered.
<<<16:48:57:329717>>>
* INFORMATION FOR Snail #2 Red Player's CANNONBALLS:
* Cannonballs in memory for Snail #2 Red Player:  0.
* Total cannonballs fired or chambered for Snail #2 Red Player:  0.
<<<16:48:57:329717>>>  Quit through pygame and writing log file...
