<<<14:55:49:888427>>>
* Screen coordinates (121, 21) choosen in zone #1.
* Screen dimensions are 1600 wide by 900 high.
* Minimum (x, y) are (0, 0).
* Maximum (x, y) are (266, 150).
* Mid (x, y) are (133, 75).
<<<14:55:49:888427>>>  Image at Pix\Faraway_Objects\Black_Holes\3.png choosen for background...
<<<14:55:49:891686>>>
* Screen coordinates (1596, 860) choosen in zone #5.
* Screen dimensions are 1600 wide by 900 high.
* Minimum (x, y) are (1333, 750).
* Maximum (x, y) are (1600, 900).
* Mid (x, y) are (1466, 825).
<<<14:55:49:891686>>>  Image at Pix\Faraway_Objects\Black_Holes\8.png choosen for background...
<<<14:55:49:892380>>>
* Screen coordinates (266, 875) choosen in zone #7.
* Screen dimensions are 1600 wide by 900 high.
* Minimum (x, y) are (0, 750).
* Maximum (x, y) are (266, 900).
* Mid (x, y) are (133, 825).
<<<14:55:49:892380>>>  Image at Pix\Faraway_Objects\Quasars\2.png choosen for background...
<<<14:55:49:895515>>>  Pix\Homeworlds\Ocean\5.png loaded as pixie for Earth...
<<<14:55:49:895515>>>  Image at Pix\Homeworlds\Ocean\5.png chosen as homeworld pix for Earth's...
<<<14:55:49:895515>>>  Pix\Moons\3.png loaded as pixie for Moon #2...
<<<14:55:49:936435>>>  Pix\Snails\Green_Snail\Spells\Spellready_Icon\spellready.png returned as pixie for Tank #1 Green Player Tank...
<<<14:55:49:937424>>>  Tank #1 Green Player Tank successfully created!
<<<14:55:49:980395>>>  Pix\Snails\Red_Snail\Spells\Spellready_Icon\spellready.png returned as pixie for Tank #2 Red AI Tank...
<<<14:55:49:981391>>>  Tank #2 Red AI Tank successfully created!
<<<14:55:50:025651>>>  Pix\Snails\Yellow_Snail\Spells\Spellready_Icon\spellready.png returned as pixie for Tank #3 Yellow AI Tank...
<<<14:55:50:026651>>>  Tank #3 Yellow AI Tank successfully created!
<<<14:55:50:031295>>>
* *** Tank #2 Red AI Tank USING CLEAR SKIES FUNCTION ***
* Moon #2 at (-6554.064941820846, -10926.985503070147), angle -2.111072728656031 rads.
* Tank #2 Red AI Tank at (-5517.44784751066, -3185.499999999998), angle 3.665191429188092.
* Angle Between is 0.5069211493354633 rads.
* The skies are NOT clear, Tank #2 Red AI Tank shouldn't use Gravity...
<<<14:55:50:031295>>>  Tank #3 Yellow AI Tank chose to move to 5.0672, cururently at 5.7596.
<<<14:55:50:032288>>>  Tank #3 Yellow AI Tank moved one unit CW...
<<<14:55:50:032288>>>  Tank #3 Yellow AI Tank chose to move...
<<<14:55:50:044248>>>  Tank #2 Red AI Tank chose to move to 4.3342, cururently at 3.6652.
<<<14:55:50:044248>>>  Tank #2 Red AI Tank moved one unit CCW...
<<<14:55:50:044248>>>  Tank #2 Red AI Tank chose to move...
<<<14:55:50:044248>>>  Tank #3 Yellow AI Tank moved one unit CW...
<<<14:55:50:060194>>>  Tank #2 Red AI Tank moved one unit CCW...
<<<14:55:50:060194>>>  Tank #3 Yellow AI Tank moved one unit CW...
<<<14:55:50:076435>>>  Tank #2 Red AI Tank moved one unit CCW...
<<<14:55:50:076435>>>  Tank #3 Yellow AI Tank moved one unit CW...
<<<14:55:50:093538>>>  Tank #2 Red AI Tank moved one unit CCW...
<<<14:55:50:093538>>>  Tank #3 Yellow AI Tank moved one unit CW...
<<<14:55:50:111099>>>  Tank #2 Red AI Tank moved one unit CCW...
<<<14:55:50:111099>>>  Tank #3 Yellow AI Tank moved one unit CW...
<<<14:55:50:127369>>>  Tank #2 Red AI Tank moved one unit CCW...
<<<14:55:50:127369>>>  Tank #3 Yellow AI Tank moved one unit CW...
<<<14:55:50:144131>>>  Tank #2 Red AI Tank moved one unit CCW...
<<<14:55:50:144131>>>  Tank #3 Yellow AI Tank moved one unit CW...
<<<14:55:50:160661>>>  Tank #2 Red AI Tank moved one unit CCW...
<<<14:55:50:161105>>>  Tank #3 Yellow AI Tank moved one unit CW...
<<<14:55:50:177321>>>  Tank #2 Red AI Tank moved one unit CCW...
<<<14:55:50:177321>>>  Tank #3 Yellow AI Tank moved one unit CW...
<<<14:55:50:192948>>>  Tank #2 Red AI Tank moved one unit CCW...
<<<14:55:50:192948>>>  Tank #3 Yellow AI Tank moved one unit CW...
<<<14:55:50:209413>>>  Tank #2 Red AI Tank moved one unit CCW...
<<<14:55:50:209413>>>  Tank #3 Yellow AI Tank moved one unit CW...
<<<14:55:50:225928>>>  Tank #2 Red AI Tank moved one unit CCW...
<<<14:55:50:225928>>>  Tank #3 Yellow AI Tank moved one unit CW...
<<<14:55:50:241709>>>  Tank #2 Red AI Tank moved one unit CCW...
<<<14:55:50:241709>>>  Tank #3 Yellow AI Tank moved one unit CW...
<<<14:55:50:258007>>>  Tank #2 Red AI Tank moved one unit CCW...
<<<14:55:50:258007>>>  Tank #3 Yellow AI Tank moved one unit CW...
<<<14:55:50:274359>>>  Tank #2 Red AI Tank moved one unit CCW...
<<<14:55:50:274359>>>  Tank #3 Yellow AI Tank moved one unit CW...
<<<14:55:50:290712>>>  Tank #2 Red AI Tank moved one unit CCW...
<<<14:55:50:290712>>>  Tank #3 Yellow AI Tank moved one unit CW...
<<<14:55:50:306572>>>  Tank #2 Red AI Tank moved one unit CCW...
<<<14:55:50:306572>>>  Tank #3 Yellow AI Tank moved one unit CW...
<<<14:55:50:322991>>>  Tank #2 Red AI Tank moved one unit CCW...
<<<14:55:50:322991>>>  Tank #3 Yellow AI Tank moved one unit CW...
<<<14:55:50:338659>>>  Tank #2 Red AI Tank moved one unit CCW...
<<<14:55:50:338659>>>  Tank #3 Yellow AI Tank moved one unit CW...
<<<14:55:50:354914>>>  Tank #2 Red AI Tank moved one unit CCW...
<<<14:55:50:354914>>>  Tank #3 Yellow AI Tank moved one unit CW...
<<<14:55:50:371088>>>  Tank #2 Red AI Tank moved one unit CCW...
<<<14:55:50:371088>>>  Tank #3 Yellow AI Tank moved one unit CW...
<<<14:55:50:386769>>>  Tank #2 Red AI Tank moved one unit CCW...
<<<14:55:50:386769>>>  Tank #3 Yellow AI Tank moved one unit CW...
<<<14:55:50:405609>>>  Successfully removed spellready icon from Tank #1 Green Player Tank's effect list!
<<<14:55:50:405609>>>  Tank #2 Red AI Tank moved one unit CCW...
<<<14:55:50:406612>>>  Tank #3 Yellow AI Tank moved one unit CW...
<<<14:55:50:419544>>>  Tank #2 Red AI Tank moved one unit CCW...
<<<14:55:50:419544>>>  Tank #3 Yellow AI Tank moved one unit CW...
<<<14:55:50:435797>>>  Tank #2 Red AI Tank moved one unit CCW...
<<<14:55:50:435797>>>  Tank #3 Yellow AI Tank moved one unit CW...
<<<14:55:50:451934>>>  Tank #2 Red AI Tank moved one unit CCW...
<<<14:55:50:451934>>>  Tank #3 Yellow AI Tank moved one unit CW...
<<<14:55:50:468360>>>  Tank #2 Red AI Tank moved one unit CCW...
<<<14:55:50:468360>>>  Tank #3 Yellow AI Tank moved one unit CW...
<<<14:55:50:485008>>>  Tank #2 Red AI Tank moved one unit CCW...
<<<14:55:50:485008>>>  Tank #3 Yellow AI Tank moved one unit CW...
<<<14:55:50:502082>>>  Tank #2 Red AI Tank moved one unit CCW...
<<<14:55:50:502082>>>  Tank #3 Yellow AI Tank moved one unit CW...
<<<14:55:50:519270>>>  Tank #2 Red AI Tank moved one unit CCW...
<<<14:55:50:519270>>>  Tank #3 Yellow AI Tank moved one unit CW...
<<<14:55:50:535589>>>  Tank #2 Red AI Tank moved one unit CCW...
<<<14:55:50:535589>>>  Tank #3 Yellow AI Tank moved one unit CW...
<<<14:55:50:552389>>>  Tank #2 Red AI Tank moved one unit CCW...
<<<14:55:50:552389>>>  Tank #3 Yellow AI Tank moved one unit CW...
<<<14:55:50:569852>>>  Tank #2 Red AI Tank moved one unit CCW...
<<<14:55:50:570861>>>  Tank #3 Yellow AI Tank moved one unit CW...
<<<14:55:50:585828>>>  Tank #2 Red AI Tank moved one unit CCW...
<<<14:55:50:585828>>>  Tank #3 Yellow AI Tank moved one unit CW...
<<<14:55:50:602425>>>  Tank #2 Red AI Tank moved one unit CCW...
<<<14:55:50:602425>>>  Tank #3 Yellow AI Tank moved one unit CW...
<<<14:55:50:619801>>>  Tank #2 Red AI Tank moved one unit CCW...
<<<14:55:50:619801>>>  Tank #3 Yellow AI Tank moved one unit CW...
<<<14:55:50:636049>>>  Tank #2 Red AI Tank moved one unit CCW...
<<<14:55:50:636049>>>  Tank #3 Yellow AI Tank moved one unit CW...
<<<14:55:50:652492>>>  Tank #2 Red AI Tank moved one unit CCW...
<<<14:55:50:652492>>>  Tank #3 Yellow AI Tank moved one unit CW...
<<<14:55:50:685631>>>  Successfully removed spellready icon from Tank #2 Red AI Tank's effect list!
<<<14:55:53:692092>>>  Successfully removed spellbook from Tank #2 Red AI Tank's effect list!
<<<14:55:53:693101>>>  Tank #2 Red AI Tank chose to shoot...
<<<14:55:53:693101>>>  Tank #2 Red AI Tank chose to shoot...
<<<14:55:53:693101>>>  Tank #2 Red AI Tank is checking targeting info...
<<<14:55:53:693101>>>  Tank #2 Red AI Tank Launch angle not within tolerances, adjusting firing solution...
<<<14:55:53:693101>>>  Tank #2 Red AI Tank Launch speed not within tolerances, adjusting firing solution...
<<<14:55:53:693101>>>  Tank #2 Red AI Tank adjusted targeting angle one unit CW...
<<<14:55:53:693101>>>
* *** Tank #3 Yellow AI Tank USING CLEAR SKIES FUNCTION ***
* Moon #2 at (4465.243824492961, -10672.668994405796), angle -1.174545211582108 rads.
* Tank #3 Yellow AI Tank at (2283.162206553151, -5947.840897213656), angle 5.078908123303506.
* Angle Between is 0.02973197229397151 rads.
* The skies are NOT clear, Tank #3 Yellow AI Tank shouldn't use Gravity...
<<<14:55:53:707731>>>  Tank #2 Red AI Tank is checking targeting info...
<<<14:55:53:707731>>>  Tank #2 Red AI Tank Launch angle not within tolerances, adjusting firing solution...
<<<14:55:53:707731>>>  Tank #2 Red AI Tank Launch speed not within tolerances, adjusting firing solution...
<<<14:55:53:707731>>>  Tank #2 Red AI Tank adjusted targeting angle one unit CW...
<<<14:55:53:707731>>>
* *** Tank #3 Yellow AI Tank USING CLEAR SKIES FUNCTION ***
* Moon #2 at (4512.654512324405, -10641.884350353725), angle -1.1697335237984814 rads.
* Tank #3 Yellow AI Tank at (2283.162206553151, -5947.840897213656), angle 5.078908123303506.
* Angle Between is 0.034543660077599014 rads.
* The skies are NOT clear, Tank #3 Yellow AI Tank shouldn't use Gravity...
<<<14:55:53:723680>>>  Tank #2 Red AI Tank is checking targeting info...
<<<14:55:53:723680>>>  Tank #2 Red AI Tank Launch angle not within tolerances, adjusting firing solution...
<<<14:55:53:723680>>>  Tank #2 Red AI Tank Launch speed not within tolerances, adjusting firing solution...
<<<14:55:53:723680>>>  Tank #2 Red AI Tank adjusted targeting angle one unit CW...
<<<14:55:53:723680>>>  Tank #3 Yellow AI Tank chose to move to 4.0244, cururently at 5.0789.
<<<14:55:53:723680>>>  Tank #3 Yellow AI Tank moved one unit CW...
<<<14:55:53:723680>>>  Tank #3 Yellow AI Tank chose to move...
<<<14:55:53:739773>>>  Tank #2 Red AI Tank is checking targeting info...
<<<14:55:53:739773>>>  Tank #2 Red AI Tank Launch angle not within tolerances, adjusting firing solution...
<<<14:55:53:739773>>>  Tank #2 Red AI Tank Launch speed not within tolerances, adjusting firing solution...
<<<14:55:53:739773>>>  Tank #2 Red AI Tank adjusted targeting angle one unit CW...
<<<14:55:53:739773>>>  Tank #3 Yellow AI Tank moved one unit CW...
<<<14:55:53:756197>>>  Tank #2 Red AI Tank is checking targeting info...
<<<14:55:53:756197>>>  Tank #2 Red AI Tank Launch angle not within tolerances, adjusting firing solution...
<<<14:55:53:756197>>>  Tank #2 Red AI Tank Launch speed not within tolerances, adjusting firing solution...
<<<14:55:53:756197>>>  Tank #2 Red AI Tank adjusted targeting angle one unit CW...
<<<14:55:53:756197>>>  Tank #3 Yellow AI Tank moved one unit CW...
<<<14:55:53:772027>>>  Tank #2 Red AI Tank is checking targeting info...
<<<14:55:53:772027>>>  Tank #2 Red AI Tank Launch angle not within tolerances, adjusting firing solution...
<<<14:55:53:772027>>>  Tank #2 Red AI Tank Launch speed not within tolerances, adjusting firing solution...
<<<14:55:53:772027>>>  Tank #2 Red AI Tank adjusted targeting angle one unit CW...
<<<14:55:53:772027>>>  Tank #3 Yellow AI Tank moved one unit CW...
<<<14:55:53:788424>>>  Tank #2 Red AI Tank is checking targeting info...
<<<14:55:53:788424>>>  Tank #2 Red AI Tank Launch angle not within tolerances, adjusting firing solution...
<<<14:55:53:788424>>>  Tank #2 Red AI Tank Launch speed not within tolerances, adjusting firing solution...
<<<14:55:53:788424>>>  Tank #2 Red AI Tank adjusted targeting angle one unit CW...
<<<14:55:53:788424>>>  Tank #3 Yellow AI Tank moved one unit CW...
<<<14:55:53:804736>>>  Tank #2 Red AI Tank is checking targeting info...
<<<14:55:53:804736>>>  Tank #2 Red AI Tank Launch angle not within tolerances, adjusting firing solution...
<<<14:55:53:804736>>>  Tank #2 Red AI Tank Launch speed not within tolerances, adjusting firing solution...
<<<14:55:53:804736>>>  Tank #2 Red AI Tank adjusted targeting angle one unit CW...
<<<14:55:53:804736>>>  Tank #3 Yellow AI Tank moved one unit CW...
<<<14:55:53:821291>>>  Tank #2 Red AI Tank is checking targeting info...
<<<14:55:53:821291>>>  Tank #2 Red AI Tank Launch angle not within tolerances, adjusting firing solution...
<<<14:55:53:821291>>>  Tank #2 Red AI Tank Launch speed not within tolerances, adjusting firing solution...
<<<14:55:53:821291>>>  Tank #2 Red AI Tank adjusted targeting angle one unit CW...
<<<14:55:53:821291>>>  Tank #3 Yellow AI Tank moved one unit CW...
<<<14:55:53:837687>>>  Tank #2 Red AI Tank is checking targeting info...
<<<14:55:53:837687>>>  Tank #2 Red AI Tank Launch angle not within tolerances, adjusting firing solution...
<<<14:55:53:837687>>>  Tank #2 Red AI Tank Launch speed not within tolerances, adjusting firing solution...
<<<14:55:53:837687>>>  Tank #2 Red AI Tank adjusted targeting angle one unit CW...
<<<14:55:53:837687>>>  Tank #3 Yellow AI Tank moved one unit CW...
<<<14:55:53:854174>>>  Tank #2 Red AI Tank is checking targeting info...
<<<14:55:53:854174>>>  Tank #2 Red AI Tank Launch angle not within tolerances, adjusting firing solution...
<<<14:55:53:854174>>>  Tank #2 Red AI Tank Launch speed not within tolerances, adjusting firing solution...
<<<14:55:53:854174>>>  Tank #2 Red AI Tank adjusted targeting angle one unit CW...
<<<14:55:53:854174>>>  Tank #3 Yellow AI Tank moved one unit CW...
<<<14:55:53:869980>>>  Tank #2 Red AI Tank is checking targeting info...
<<<14:55:53:869980>>>  Tank #2 Red AI Tank Launch angle not within tolerances, adjusting firing solution...
<<<14:55:53:869980>>>  Tank #2 Red AI Tank Launch speed not within tolerances, adjusting firing solution...
<<<14:55:53:869980>>>  Tank #2 Red AI Tank adjusted targeting angle one unit CW...
<<<14:55:53:869980>>>  Tank #3 Yellow AI Tank moved one unit CW...
<<<14:55:53:886187>>>  Tank #2 Red AI Tank is checking targeting info...
<<<14:55:53:886187>>>  Tank #2 Red AI Tank Launch angle not within tolerances, adjusting firing solution...
<<<14:55:53:886187>>>  Tank #2 Red AI Tank Launch speed not within tolerances, adjusting firing solution...
<<<14:55:53:886187>>>  Tank #2 Red AI Tank adjusted targeting angle one unit CW...
<<<14:55:53:886187>>>  Tank #3 Yellow AI Tank moved one unit CW...
<<<14:55:53:901623>>>  Tank #2 Red AI Tank is checking targeting info...
<<<14:55:53:901623>>>  Tank #2 Red AI Tank Launch angle not within tolerances, adjusting firing solution...
<<<14:55:53:901623>>>  Tank #2 Red AI Tank Launch speed not within tolerances, adjusting firing solution...
<<<14:55:53:901623>>>  Tank #2 Red AI Tank adjusted targeting angle one unit CW...
<<<14:55:53:901623>>>  Tank #3 Yellow AI Tank moved one unit CW...
<<<14:55:53:919433>>>  Tank #2 Red AI Tank is checking targeting info...
<<<14:55:53:919433>>>  Tank #2 Red AI Tank Launch angle not within tolerances, adjusting firing solution...
<<<14:55:53:919433>>>  Tank #2 Red AI Tank Launch speed not within tolerances, adjusting firing solution...
<<<14:55:53:919433>>>  Tank #2 Red AI Tank adjusted targeting angle one unit CW...
<<<14:55:53:919433>>>  Tank #3 Yellow AI Tank moved one unit CW...
<<<14:55:53:937005>>>  Tank #2 Red AI Tank is checking targeting info...
<<<14:55:53:937005>>>  Tank #2 Red AI Tank Launch angle not within tolerances, adjusting firing solution...
<<<14:55:53:937005>>>  Tank #2 Red AI Tank Launch speed not within tolerances, adjusting firing solution...
<<<14:55:53:937005>>>  Tank #2 Red AI Tank adjusted targeting angle one unit CW...
<<<14:55:53:937005>>>  Tank #3 Yellow AI Tank moved one unit CW...
<<<14:55:53:953852>>>  Tank #2 Red AI Tank is checking targeting info...
<<<14:55:53:953852>>>  Tank #2 Red AI Tank Launch angle not within tolerances, adjusting firing solution...
<<<14:55:53:953852>>>  Tank #2 Red AI Tank Launch speed not within tolerances, adjusting firing solution...
<<<14:55:53:953852>>>  Tank #2 Red AI Tank adjusted targeting angle one unit CW...
<<<14:55:53:953852>>>  Tank #3 Yellow AI Tank moved one unit CW...
<<<14:55:53:969977>>>  Tank #2 Red AI Tank is checking targeting info...
<<<14:55:53:969977>>>  Tank #2 Red AI Tank Launch angle not within tolerances, adjusting firing solution...
<<<14:55:53:969977>>>  Tank #2 Red AI Tank Launch speed not within tolerances, adjusting firing solution...
<<<14:55:53:969977>>>  Tank #2 Red AI Tank adjusted targeting angle one unit CW...
<<<14:55:53:969977>>>  Tank #3 Yellow AI Tank moved one unit CW...
<<<14:55:53:986259>>>  Tank #2 Red AI Tank is checking targeting info...
<<<14:55:53:986259>>>  Tank #2 Red AI Tank Launch angle not within tolerances, adjusting firing solution...
<<<14:55:53:986259>>>  Tank #2 Red AI Tank Launch speed not within tolerances, adjusting firing solution...
<<<14:55:53:986259>>>  Tank #2 Red AI Tank adjusted targeting angle one unit CW...
<<<14:55:53:986259>>>  Tank #3 Yellow AI Tank moved one unit CW...
<<<14:55:54:001690>>>  Tank #2 Red AI Tank is checking targeting info...
<<<14:55:54:001690>>>  Tank #2 Red AI Tank Launch angle not within tolerances, adjusting firing solution...
<<<14:55:54:001690>>>  Tank #2 Red AI Tank Launch speed not within tolerances, adjusting firing solution...
<<<14:55:54:001690>>>  Tank #2 Red AI Tank adjusted targeting angle one unit CW...
<<<14:55:54:001690>>>  Tank #3 Yellow AI Tank moved one unit CW...
<<<14:55:54:018918>>>  Tank #2 Red AI Tank is checking targeting info...
<<<14:55:54:018918>>>  Tank #2 Red AI Tank Launch angle not within tolerances, adjusting firing solution...
<<<14:55:54:018918>>>  Tank #2 Red AI Tank Launch speed not within tolerances, adjusting firing solution...
<<<14:55:54:018918>>>  Tank #2 Red AI Tank adjusted targeting angle one unit CW...
<<<14:55:54:018918>>>  Tank #3 Yellow AI Tank moved one unit CW...
<<<14:55:54:035951>>>  Tank #2 Red AI Tank is checking targeting info...
<<<14:55:54:035951>>>  Tank #2 Red AI Tank Launch angle not within tolerances, adjusting firing solution...
<<<14:55:54:035951>>>  Tank #2 Red AI Tank Launch speed not within tolerances, adjusting firing solution...
<<<14:55:54:035951>>>  Tank #2 Red AI Tank adjusted targeting angle one unit CW...
<<<14:55:54:035951>>>  Tank #3 Yellow AI Tank moved one unit CW...
<<<14:55:54:052730>>>  Deleting effect pixie thawing...
<<<14:55:54:052730>>>  Deleting effect pixie thawing...
<<<14:55:54:052730>>>  Tank #2 Red AI Tank is checking targeting info...
<<<14:55:54:052730>>>  Tank #2 Red AI Tank Launch angle not within tolerances, adjusting firing solution...
<<<14:55:54:052730>>>  Tank #2 Red AI Tank Launch speed not within tolerances, adjusting firing solution...
<<<14:55:54:052730>>>  Tank #2 Red AI Tank adjusted targeting angle one unit CW...
<<<14:55:54:052730>>>  Tank #3 Yellow AI Tank moved one unit CW...
<<<14:55:54:068581>>>  Tank #2 Red AI Tank is checking targeting info...
<<<14:55:54:068581>>>  Tank #2 Red AI Tank Launch angle not within tolerances, adjusting firing solution...
<<<14:55:54:068581>>>  Tank #2 Red AI Tank Launch speed not within tolerances, adjusting firing solution...
<<<14:55:54:068581>>>  Tank #2 Red AI Tank adjusted targeting angle one unit CW...
<<<14:55:54:068581>>>  Tank #3 Yellow AI Tank moved one unit CW...
<<<14:55:54:085877>>>  Tank #2 Red AI Tank is checking targeting info...
<<<14:55:54:085877>>>  Tank #2 Red AI Tank Launch angle not within tolerances, adjusting firing solution...
<<<14:55:54:085877>>>  Tank #2 Red AI Tank Launch speed not within tolerances, adjusting firing solution...
<<<14:55:54:085877>>>  Tank #2 Red AI Tank adjusted targeting angle one unit CW...
<<<14:55:54:085877>>>  Tank #3 Yellow AI Tank moved one unit CW...
<<<14:55:54:102315>>>  Tank #2 Red AI Tank is checking targeting info...
<<<14:55:54:102315>>>  Tank #2 Red AI Tank Launch angle not within tolerances, adjusting firing solution...
<<<14:55:54:102315>>>  Tank #2 Red AI Tank Launch speed not within tolerances, adjusting firing solution...
<<<14:55:54:102315>>>  Tank #2 Red AI Tank adjusted targeting angle one unit CW...
<<<14:55:54:102315>>>  Tank #3 Yellow AI Tank moved one unit CW...
<<<14:55:54:118727>>>  Tank #2 Red AI Tank is checking targeting info...
<<<14:55:54:118727>>>  Tank #2 Red AI Tank Launch angle not within tolerances, adjusting firing solution...
<<<14:55:54:118727>>>  Tank #2 Red AI Tank Launch speed not within tolerances, adjusting firing solution...
<<<14:55:54:118727>>>  Tank #2 Red AI Tank adjusted targeting angle one unit CW...
<<<14:55:54:118727>>>  Tank #3 Yellow AI Tank moved one unit CW...
<<<14:55:54:135916>>>  Tank #2 Red AI Tank is checking targeting info...
<<<14:55:54:135916>>>  Tank #2 Red AI Tank Launch angle not within tolerances, adjusting firing solution...
<<<14:55:54:135916>>>  Tank #2 Red AI Tank Launch speed not within tolerances, adjusting firing solution...
<<<14:55:54:135916>>>  Tank #2 Red AI Tank adjusted targeting angle one unit CW...
<<<14:55:54:135916>>>  Tank #3 Yellow AI Tank moved one unit CW...
<<<14:55:54:151783>>>  Tank #2 Red AI Tank is checking targeting info...
<<<14:55:54:151783>>>  Tank #2 Red AI Tank Launch angle not within tolerances, adjusting firing solution...
<<<14:55:54:151783>>>  Tank #2 Red AI Tank Launch speed not within tolerances, adjusting firing solution...
<<<14:55:54:151783>>>  Tank #2 Red AI Tank adjusted targeting angle one unit CW...
<<<14:55:54:151783>>>  Tank #3 Yellow AI Tank moved one unit CW...
<<<14:55:54:167571>>>  Tank #2 Red AI Tank is checking targeting info...
<<<14:55:54:167571>>>  Tank #2 Red AI Tank Launch angle not within tolerances, adjusting firing solution...
<<<14:55:54:167571>>>  Tank #2 Red AI Tank Launch speed not within tolerances, adjusting firing solution...
<<<14:55:54:167571>>>  Tank #2 Red AI Tank adjusted targeting angle one unit CW...
<<<14:55:54:167571>>>  Tank #3 Yellow AI Tank moved one unit CW...
<<<14:55:54:185048>>>  Tank #2 Red AI Tank is checking targeting info...
<<<14:55:54:185048>>>  Tank #2 Red AI Tank Launch angle not within tolerances, adjusting firing solution...
<<<14:55:54:185048>>>  Tank #2 Red AI Tank Launch speed not within tolerances, adjusting firing solution...
<<<14:55:54:185048>>>  Tank #2 Red AI Tank adjusted targeting angle one unit CW...
<<<14:55:54:185048>>>  Tank #3 Yellow AI Tank moved one unit CW...
<<<14:55:54:201672>>>  Tank #2 Red AI Tank is checking targeting info...
<<<14:55:54:201672>>>  Tank #2 Red AI Tank Launch angle not within tolerances, adjusting firing solution...
<<<14:55:54:201672>>>  Tank #2 Red AI Tank Launch speed not within tolerances, adjusting firing solution...
<<<14:55:54:201672>>>  Tank #2 Red AI Tank adjusted targeting angle one unit CW...
<<<14:55:54:201672>>>  Tank #3 Yellow AI Tank moved one unit CW...
<<<14:55:54:218172>>>  Tank #2 Red AI Tank is checking targeting info...
<<<14:55:54:218172>>>  Tank #2 Red AI Tank Launch angle not within tolerances, adjusting firing solution...
<<<14:55:54:218172>>>  Tank #2 Red AI Tank Launch speed not within tolerances, adjusting firing solution...
<<<14:55:54:218172>>>  Tank #2 Red AI Tank adjusted targeting angle one unit CW...
<<<14:55:54:218172>>>  Tank #3 Yellow AI Tank moved one unit CW...
<<<14:55:54:234912>>>  Tank #2 Red AI Tank is checking targeting info...
<<<14:55:54:234912>>>  Tank #2 Red AI Tank Launch angle not within tolerances, adjusting firing solution...
<<<14:55:54:234912>>>  Tank #2 Red AI Tank Launch speed not within tolerances, adjusting firing solution...
<<<14:55:54:234912>>>  Tank #2 Red AI Tank adjusted targeting angle one unit CW...
<<<14:55:54:235884>>>  Tank #3 Yellow AI Tank moved one unit CW...
<<<14:55:54:251452>>>  Tank #2 Red AI Tank is checking targeting info...
<<<14:55:54:251452>>>  Tank #2 Red AI Tank Launch angle not within tolerances, adjusting firing solution...
<<<14:55:54:251452>>>  Tank #2 Red AI Tank Launch speed not within tolerances, adjusting firing solution...
<<<14:55:54:251452>>>  Tank #2 Red AI Tank adjusted targeting angle one unit CW...
<<<14:55:54:251452>>>  Tank #3 Yellow AI Tank moved one unit CW...
<<<14:55:54:268535>>>  Tank #2 Red AI Tank is checking targeting info...
<<<14:55:54:268535>>>  Tank #2 Red AI Tank Launch angle not within tolerances, adjusting firing solution...
<<<14:55:54:268535>>>  Tank #2 Red AI Tank Launch speed not within tolerances, adjusting firing solution...
<<<14:55:54:268535>>>  Tank #2 Red AI Tank adjusted targeting angle one unit CW...
<<<14:55:54:269544>>>  Tank #3 Yellow AI Tank moved one unit CW...
<<<14:55:54:285924>>>  Tank #2 Red AI Tank is checking targeting info...
<<<14:55:54:285924>>>  Tank #2 Red AI Tank Launch angle not within tolerances, adjusting firing solution...
<<<14:55:54:285924>>>  Tank #2 Red AI Tank Launch speed not within tolerances, adjusting firing solution...
<<<14:55:54:285924>>>  Tank #2 Red AI Tank adjusted targeting angle one unit CW...
<<<14:55:54:285924>>>  Tank #3 Yellow AI Tank moved one unit CW...
<<<14:55:54:302676>>>  Tank #2 Red AI Tank is checking targeting info...
<<<14:55:54:302676>>>  Tank #2 Red AI Tank Launch angle not within tolerances, adjusting firing solution...
<<<14:55:54:302676>>>  Tank #2 Red AI Tank Launch speed not within tolerances, adjusting firing solution...
<<<14:55:54:302676>>>  Tank #2 Red AI Tank adjusted targeting angle one unit CW...
<<<14:55:54:302676>>>  Tank #3 Yellow AI Tank moved one unit CW...
<<<14:55:54:319665>>>  Tank #2 Red AI Tank is checking targeting info...
<<<14:55:54:319665>>>  Tank #2 Red AI Tank Launch angle not within tolerances, adjusting firing solution...
<<<14:55:54:319665>>>  Tank #2 Red AI Tank Launch speed not within tolerances, adjusting firing solution...
<<<14:55:54:319665>>>  Tank #2 Red AI Tank adjusted targeting angle one unit CW...
<<<14:55:54:319665>>>  Tank #3 Yellow AI Tank moved one unit CW...
<<<14:55:54:336494>>>  Tank #2 Red AI Tank is checking targeting info...
<<<14:55:54:336494>>>  Tank #2 Red AI Tank Launch angle not within tolerances, adjusting firing solution...
<<<14:55:54:336494>>>  Tank #2 Red AI Tank Launch speed not within tolerances, adjusting firing solution...
<<<14:55:54:336494>>>  Tank #2 Red AI Tank adjusted targeting angle one unit CW...
<<<14:55:54:336494>>>  Tank #3 Yellow AI Tank moved one unit CW...
<<<14:55:54:353182>>>  Tank #2 Red AI Tank is checking targeting info...
<<<14:55:54:353182>>>  Tank #2 Red AI Tank Launch angle not within tolerances, adjusting firing solution...
<<<14:55:54:353182>>>  Tank #2 Red AI Tank Launch speed not within tolerances, adjusting firing solution...
<<<14:55:54:353182>>>  Tank #2 Red AI Tank adjusted targeting angle one unit CW...
<<<14:55:54:353182>>>  Tank #3 Yellow AI Tank moved one unit CW...
<<<14:55:54:369223>>>  Tank #2 Red AI Tank is checking targeting info...
<<<14:55:54:369223>>>  Tank #2 Red AI Tank Launch angle not within tolerances, adjusting firing solution...
<<<14:55:54:369223>>>  Tank #2 Red AI Tank Launch speed not within tolerances, adjusting firing solution...
<<<14:55:54:369223>>>  Tank #2 Red AI Tank adjusted targeting angle one unit CW...
<<<14:55:54:369223>>>  Tank #3 Yellow AI Tank moved one unit CW...
<<<14:55:54:385654>>>  Tank #2 Red AI Tank is checking targeting info...
<<<14:55:54:385654>>>  Tank #2 Red AI Tank Launch angle not within tolerances, adjusting firing solution...
<<<14:55:54:385654>>>  Tank #2 Red AI Tank Launch speed not within tolerances, adjusting firing solution...
<<<14:55:54:385654>>>  Tank #2 Red AI Tank adjusted targeting angle one unit CW...
<<<14:55:54:385654>>>  Tank #3 Yellow AI Tank moved one unit CW...
<<<14:55:54:401529>>>  Tank #2 Red AI Tank is checking targeting info...
<<<14:55:54:401529>>>  Tank #2 Red AI Tank Launch angle not within tolerances, adjusting firing solution...
<<<14:55:54:401529>>>  Tank #2 Red AI Tank Launch speed not within tolerances, adjusting firing solution...
<<<14:55:54:401529>>>  Tank #2 Red AI Tank adjusted targeting angle one unit CW...
<<<14:55:54:401529>>>  Tank #3 Yellow AI Tank moved one unit CW...
<<<14:55:54:418625>>>  Tank #2 Red AI Tank is checking targeting info...
<<<14:55:54:418625>>>  Tank #2 Red AI Tank Launch angle not within tolerances, adjusting firing solution...
<<<14:55:54:418625>>>  Tank #2 Red AI Tank Launch speed not within tolerances, adjusting firing solution...
<<<14:55:54:418625>>>  Tank #2 Red AI Tank adjusted targeting angle one unit CW...
<<<14:55:54:418625>>>  Tank #3 Yellow AI Tank moved one unit CW...
<<<14:55:54:434979>>>  Tank #2 Red AI Tank is checking targeting info...
<<<14:55:54:434979>>>  Tank #2 Red AI Tank increased launch speed one unit...
<<<14:55:54:434979>>>  Tank #3 Yellow AI Tank moved one unit CW...
<<<14:55:54:451276>>>  Tank #2 Red AI Tank is checking targeting info...
<<<14:55:54:451276>>>  Tank #2 Red AI Tank increased launch speed one unit...
<<<14:55:54:451276>>>  Tank #3 Yellow AI Tank moved one unit CW...
<<<14:55:54:468319>>>  Tank #2 Red AI Tank is checking targeting info...
<<<14:55:54:468319>>>  Tank #2 Red AI Tank increased launch speed one unit...
<<<14:55:54:468319>>>  Tank #3 Yellow AI Tank moved one unit CW...
<<<14:55:54:484693>>>  Tank #2 Red AI Tank is checking targeting info...
<<<14:55:54:484693>>>  Tank #2 Red AI Tank increased launch speed one unit...
<<<14:55:54:484693>>>  Tank #3 Yellow AI Tank moved one unit CW...
<<<14:55:54:501565>>>  Tank #2 Red AI Tank is checking targeting info...
<<<14:55:54:501565>>>  Tank #2 Red AI Tank increased launch speed one unit...
<<<14:55:54:501565>>>  Tank #3 Yellow AI Tank moved one unit CW...
<<<14:55:54:518730>>>  Tank #2 Red AI Tank is checking targeting info...
<<<14:55:54:518730>>>  Tank #2 Red AI Tank increased launch speed one unit...
<<<14:55:54:518730>>>  Tank #3 Yellow AI Tank moved one unit CW...
<<<14:55:54:534947>>>  Tank #2 Red AI Tank is checking targeting info...
<<<14:55:54:534947>>>  Tank #2 Red AI Tank increased launch speed one unit...
<<<14:55:54:534947>>>  Tank #3 Yellow AI Tank moved one unit CW...
<<<14:55:54:551692>>>  Tank #2 Red AI Tank is checking targeting info...
<<<14:55:54:551692>>>  Tank #2 Red AI Tank increased launch speed one unit...
<<<14:55:54:551692>>>  Tank #3 Yellow AI Tank moved one unit CW...
<<<14:55:54:568687>>>  Tank #2 Red AI Tank is checking targeting info...
<<<14:55:54:568687>>>  Tank #2 Red AI Tank increased launch speed one unit...
<<<14:55:54:568687>>>  Tank #3 Yellow AI Tank moved one unit CW...
<<<14:55:54:584985>>>  Tank #2 Red AI Tank is checking targeting info...
<<<14:55:54:584985>>>  Tank #2 Red AI Tank increased launch speed one unit...
<<<14:55:54:584985>>>  Tank #3 Yellow AI Tank moved one unit CW...
<<<14:55:54:601697>>>  Tank #2 Red AI Tank is checking targeting info...
<<<14:55:54:601697>>>  Tank #2 Red AI Tank increased launch speed one unit...
<<<14:55:54:601697>>>  Tank #3 Yellow AI Tank moved one unit CW...
<<<14:55:54:617975>>>  Tank #2 Red AI Tank is checking targeting info...
<<<14:55:54:617975>>>  Tank #2 Red AI Tank increased launch speed one unit...
<<<14:55:54:617975>>>  Tank #3 Yellow AI Tank moved one unit CW...
<<<14:55:54:634054>>>  Tank #2 Red AI Tank is checking targeting info...
<<<14:55:54:634054>>>  Tank #2 Red AI Tank increased launch speed one unit...
<<<14:55:54:634054>>>  Tank #3 Yellow AI Tank moved one unit CW...
<<<14:55:54:649933>>>  Tank #2 Red AI Tank is checking targeting info...
<<<14:55:54:649933>>>  Tank #2 Red AI Tank increased launch speed one unit...
<<<14:55:54:649933>>>  Tank #3 Yellow AI Tank moved one unit CW...
<<<14:55:54:665674>>>  Tank #2 Red AI Tank is checking targeting info...
<<<14:55:54:665674>>>  Tank #2 Red AI Tank increased launch speed one unit...
<<<14:55:54:665674>>>  Tank #3 Yellow AI Tank moved one unit CW...
<<<14:55:54:682063>>>  Tank #2 Red AI Tank is checking targeting info...
<<<14:55:54:682063>>>  Tank #2 Red AI Tank increased launch speed one unit...
<<<14:55:54:682063>>>  Tank #3 Yellow AI Tank moved one unit CW...
<<<14:55:54:697743>>>  Tank #2 Red AI Tank is checking targeting info...
<<<14:55:54:697743>>>  Tank #2 Red AI Tank increased launch speed one unit...
<<<14:55:54:697743>>>  Tank #3 Yellow AI Tank moved one unit CW...
<<<14:55:54:714394>>>  Tank #2 Red AI Tank is checking targeting info...
<<<14:55:54:714394>>>  Tank #2 Red AI Tank increased launch speed one unit...
<<<14:55:54:729942>>>  Tank #2 Red AI Tank is checking targeting info...
<<<14:55:54:729942>>>  Tank #2 Red AI Tank increased launch speed one unit...
<<<14:55:54:729942>>>
* *** Tank #3 Yellow AI Tank USING CLEAR SKIES FUNCTION ***
* Moon #2 at (7157.103943747138, -8198.18710899335), angle -0.8530941994511534 rads.
* Tank #3 Yellow AI Tank at (-4009.40021137842, -4951.196920442438), angle 4.03171057210692.
* Angle Between is 1.3983805356215129 rads.
* The skies are NOT clear, Tank #3 Yellow AI Tank shouldn't use Gravity...
<<<14:55:54:746127>>>  Tank #2 Red AI Tank is checking targeting info...
<<<14:55:54:746127>>>  Tank #2 Red AI Tank increased launch speed one unit...
<<<14:55:54:746127>>>
* *** Tank #3 Yellow AI Tank USING CLEAR SKIES FUNCTION ***
* Moon #2 at (7193.8465058845495, -8150.3704601796835), angle -0.8476553526385008 rads.
* Tank #3 Yellow AI Tank at (-4009.40021137842, -4951.196920442438), angle 4.03171057210692.
* Angle Between is 1.4038193824341647 rads.
* The skies are NOT clear, Tank #3 Yellow AI Tank shouldn't use Gravity...
<<<14:55:54:762038>>>  Tank #2 Red AI Tank is checking targeting info...
<<<14:55:54:762038>>>  Tank #2 Red AI Tank increased launch speed one unit...
<<<14:55:54:762038>>>  Tank #3 Yellow AI Tank chose to move to 5.1618, cururently at 4.0317.
<<<14:55:54:762038>>>  Tank #3 Yellow AI Tank moved one unit CCW...
<<<14:55:54:762038>>>  Tank #3 Yellow AI Tank chose to move...
<<<14:55:54:778148>>>  Tank #2 Red AI Tank is checking targeting info...
<<<14:55:54:778148>>>  Tank #2 Red AI Tank increased launch speed one unit...
<<<14:55:54:778148>>>  Tank #3 Yellow AI Tank moved one unit CCW...
<<<14:55:54:793931>>>  Tank #2 Red AI Tank is checking targeting info...
<<<14:55:54:793931>>>  Tank #2 Red AI Tank increased launch speed one unit...
<<<14:55:54:794927>>>  Tank #3 Yellow AI Tank moved one unit CCW...
<<<14:55:54:809751>>>  Tank #2 Red AI Tank is checking targeting info...
<<<14:55:54:809751>>>  Tank #2 Red AI Tank increased launch speed one unit...
<<<14:55:54:809751>>>  Tank #3 Yellow AI Tank moved one unit CCW...
<<<14:55:54:825948>>>  Tank #2 Red AI Tank is checking targeting info...
<<<14:55:54:825948>>>  Tank #2 Red AI Tank increased launch speed one unit...
<<<14:55:54:825948>>>  Tank #3 Yellow AI Tank moved one unit CCW...
<<<14:55:54:841666>>>  Tank #2 Red AI Tank is checking targeting info...
<<<14:55:54:841666>>>  Tank #2 Red AI Tank increased launch speed one unit...
<<<14:55:54:841666>>>  Tank #3 Yellow AI Tank moved one unit CCW...
<<<14:55:54:857731>>>  Tank #2 Red AI Tank is checking targeting info...
<<<14:55:54:857731>>>  Tank #2 Red AI Tank increased launch speed one unit...
<<<14:55:54:857731>>>  Tank #3 Yellow AI Tank moved one unit CCW...
<<<14:55:54:873660>>>  Tank #2 Red AI Tank is checking targeting info...
<<<14:55:54:873660>>>  Tank #2 Red AI Tank increased launch speed one unit...
<<<14:55:54:873660>>>  Tank #3 Yellow AI Tank moved one unit CCW...
<<<14:55:54:890066>>>  Tank #2 Red AI Tank is checking targeting info...
<<<14:55:54:890066>>>  Tank #2 Red AI Tank increased launch speed one unit...
<<<14:55:54:890066>>>  Tank #3 Yellow AI Tank moved one unit CCW...
<<<14:55:54:905756>>>  Tank #2 Red AI Tank is checking targeting info...
<<<14:55:54:905756>>>  Tank #2 Red AI Tank increased launch speed one unit...
<<<14:55:54:905756>>>  Tank #3 Yellow AI Tank moved one unit CCW...
<<<14:55:54:922425>>>  Tank #2 Red AI Tank is checking targeting info...
<<<14:55:54:922425>>>  Tank #2 Red AI Tank increased launch speed one unit...
<<<14:55:54:922425>>>  Tank #3 Yellow AI Tank moved one unit CCW...
<<<14:55:54:938423>>>  Tank #2 Red AI Tank is checking targeting info...
<<<14:55:54:938423>>>  Tank #2 Red AI Tank increased launch speed one unit...
<<<14:55:54:938423>>>  Tank #3 Yellow AI Tank moved one unit CCW...
<<<14:55:54:955139>>>  Tank #2 Red AI Tank is checking targeting info...
<<<14:55:54:955139>>>  Tank #2 Red AI Tank increased launch speed one unit...
<<<14:55:54:955139>>>  Tank #3 Yellow AI Tank moved one unit CCW...
<<<14:55:54:971397>>>  Tank #2 Red AI Tank is checking targeting info...
<<<14:55:54:971397>>>  Tank #2 Red AI Tank increased launch speed one unit...
<<<14:55:54:971397>>>  Tank #3 Yellow AI Tank moved one unit CCW...
<<<14:55:54:988204>>>  Tank #2 Red AI Tank is checking targeting info...
<<<14:55:54:988204>>>  Tank #2 Red AI Tank increased launch speed one unit...
<<<14:55:54:988204>>>  Tank #3 Yellow AI Tank moved one unit CCW...
<<<14:55:55:004227>>>  Tank #2 Red AI Tank is checking targeting info...
<<<14:55:55:004227>>>  Tank #2 Red AI Tank increased launch speed one unit...
<<<14:55:55:004227>>>  Tank #3 Yellow AI Tank moved one unit CCW...
<<<14:55:55:020172>>>  Tank #2 Red AI Tank is checking targeting info...
<<<14:55:55:020172>>>  Tank #2 Red AI Tank increased launch speed one unit...
<<<14:55:55:020172>>>  Tank #3 Yellow AI Tank moved one unit CCW...
<<<14:55:55:036041>>>  Tank #2 Red AI Tank is checking targeting info...
<<<14:55:55:036041>>>  Tank #2 Red AI Tank increased launch speed one unit...
<<<14:55:55:036041>>>  Tank #3 Yellow AI Tank moved one unit CCW...
<<<14:55:55:052262>>>  Tank #2 Red AI Tank is checking targeting info...
<<<14:55:55:052262>>>  Tank #2 Red AI Tank increased launch speed one unit...
<<<14:55:55:052262>>>  Tank #3 Yellow AI Tank moved one unit CCW...
<<<14:55:55:067495>>>  Tank #2 Red AI Tank is checking targeting info...
<<<14:55:55:067495>>>  Tank #2 Red AI Tank increased launch speed one unit...
<<<14:55:55:067495>>>  Tank #3 Yellow AI Tank moved one unit CCW...
<<<14:55:55:083652>>>  Tank #2 Red AI Tank is checking targeting info...
<<<14:55:55:083652>>>  Tank #2 Red AI Tank increased launch speed one unit...
<<<14:55:55:083652>>>  Tank #3 Yellow AI Tank moved one unit CCW...
<<<14:55:55:099936>>>  Tank #2 Red AI Tank is checking targeting info...
<<<14:55:55:099936>>>  Tank #2 Red AI Tank increased launch speed one unit...
<<<14:55:55:099936>>>  Tank #3 Yellow AI Tank moved one unit CCW...
<<<14:55:55:116892>>>  Tank #2 Red AI Tank is checking targeting info...
<<<14:55:55:116892>>>  Tank #2 Red AI Tank increased launch speed one unit...
<<<14:55:55:116892>>>  Tank #3 Yellow AI Tank moved one unit CCW...
<<<14:55:55:132400>>>  Tank #2 Red AI Tank is checking targeting info...
<<<14:55:55:132400>>>  Tank #2 Red AI Tank increased launch speed one unit...
<<<14:55:55:132400>>>  Tank #3 Yellow AI Tank moved one unit CCW...
<<<14:55:55:149787>>>  Tank #2 Red AI Tank is checking targeting info...
<<<14:55:55:149787>>>  Tank #2 Red AI Tank firing solution within tolerances, not adjusting firing solution...
<<<14:55:55:149787>>>  Tank #2 Red AI Tank attempting to fire cannonball...
<<<14:55:55:149787>>>  Tank #3 Yellow AI Tank moved one unit CCW...
<<<14:55:55:166797>>>  Tank #2 Red AI Tank chose to shoot...
<<<14:55:55:166797>>>  Tank #3 Yellow AI Tank moved one unit CCW...
<<<14:55:55:182167>>>  Tank #2 Red AI Tank is checking targeting info...
<<<14:55:55:182167>>>  Tank #2 Red AI Tank Launch angle not within tolerances, adjusting firing solution...
<<<14:55:55:182167>>>  Tank #2 Red AI Tank Launch speed not within tolerances, adjusting firing solution...
<<<14:55:55:182167>>>  Tank #2 Red AI Tank adjusted targeting angle one unit CCW...
<<<14:55:55:182167>>>  Tank #3 Yellow AI Tank moved one unit CCW...
<<<14:55:55:198810>>>  Tank #2 Red AI Tank is checking targeting info...
<<<14:55:55:198810>>>  Tank #2 Red AI Tank Launch angle not within tolerances, adjusting firing solution...
<<<14:55:55:198810>>>  Tank #2 Red AI Tank Launch speed not within tolerances, adjusting firing solution...
<<<14:55:55:198810>>>  Tank #2 Red AI Tank adjusted targeting angle one unit CCW...
<<<14:55:55:198810>>>  Tank #3 Yellow AI Tank moved one unit CCW...
<<<14:55:55:215146>>>  Tank #2 Red AI Tank is checking targeting info...
<<<14:55:55:215146>>>  Tank #2 Red AI Tank Launch angle not within tolerances, adjusting firing solution...
<<<14:55:55:215146>>>  Tank #2 Red AI Tank Launch speed not within tolerances, adjusting firing solution...
<<<14:55:55:215146>>>  Tank #2 Red AI Tank adjusted targeting angle one unit CCW...
<<<14:55:55:216155>>>  Tank #3 Yellow AI Tank moved one unit CCW...
<<<14:55:55:231959>>>  Tank #2 Red AI Tank is checking targeting info...
<<<14:55:55:231959>>>  Tank #2 Red AI Tank Launch angle not within tolerances, adjusting firing solution...
<<<14:55:55:231959>>>  Tank #2 Red AI Tank Launch speed not within tolerances, adjusting firing solution...
<<<14:55:55:231959>>>  Tank #2 Red AI Tank adjusted targeting angle one unit CCW...
<<<14:55:55:231959>>>  Tank #3 Yellow AI Tank moved one unit CCW...
<<<14:55:55:248267>>>  Tank #2 Red AI Tank is checking targeting info...
<<<14:55:55:248267>>>  Tank #2 Red AI Tank Launch angle not within tolerances, adjusting firing solution...
<<<14:55:55:248267>>>  Tank #2 Red AI Tank Launch speed not within tolerances, adjusting firing solution...
<<<14:55:55:248267>>>  Tank #2 Red AI Tank adjusted targeting angle one unit CCW...
<<<14:55:55:248267>>>  Tank #3 Yellow AI Tank moved one unit CCW...
<<<14:55:55:263821>>>  Tank #2 Red AI Tank is checking targeting info...
<<<14:55:55:263821>>>  Tank #2 Red AI Tank Launch angle not within tolerances, adjusting firing solution...
<<<14:55:55:263821>>>  Tank #2 Red AI Tank Launch speed not within tolerances, adjusting firing solution...
<<<14:55:55:263821>>>  Tank #2 Red AI Tank adjusted targeting angle one unit CCW...
<<<14:55:55:263821>>>  Tank #3 Yellow AI Tank moved one unit CCW...
<<<14:55:55:280078>>>  Tank #2 Red AI Tank is checking targeting info...
<<<14:55:55:280078>>>  Tank #2 Red AI Tank Launch angle not within tolerances, adjusting firing solution...
<<<14:55:55:280078>>>  Tank #2 Red AI Tank Launch speed not within tolerances, adjusting firing solution...
<<<14:55:55:280078>>>  Tank #2 Red AI Tank adjusted targeting angle one unit CCW...
<<<14:55:55:280078>>>  Tank #3 Yellow AI Tank moved one unit CCW...
<<<14:55:55:296105>>>  Tank #2 Red AI Tank is checking targeting info...
<<<14:55:55:296105>>>  Tank #2 Red AI Tank Launch angle not within tolerances, adjusting firing solution...
<<<14:55:55:296105>>>  Tank #2 Red AI Tank Launch speed not within tolerances, adjusting firing solution...
<<<14:55:55:296105>>>  Tank #2 Red AI Tank adjusted targeting angle one unit CCW...
<<<14:55:55:297179>>>  Tank #3 Yellow AI Tank moved one unit CCW...
<<<14:55:55:312314>>>  Tank #2 Red AI Tank is checking targeting info...
<<<14:55:55:312314>>>  Tank #2 Red AI Tank Launch angle not within tolerances, adjusting firing solution...
<<<14:55:55:312314>>>  Tank #2 Red AI Tank Launch speed not within tolerances, adjusting firing solution...
<<<14:55:55:312314>>>  Tank #2 Red AI Tank adjusted targeting angle one unit CCW...
<<<14:55:55:312314>>>  Tank #3 Yellow AI Tank moved one unit CCW...
<<<14:55:55:328793>>>  Tank #2 Red AI Tank is checking targeting info...
<<<14:55:55:328793>>>  Tank #2 Red AI Tank Launch angle not within tolerances, adjusting firing solution...
<<<14:55:55:328793>>>  Tank #2 Red AI Tank Launch speed not within tolerances, adjusting firing solution...
<<<14:55:55:328793>>>  Tank #2 Red AI Tank adjusted targeting angle one unit CCW...
<<<14:55:55:328793>>>  Tank #3 Yellow AI Tank moved one unit CCW...
<<<14:55:55:345052>>>  Tank #2 Red AI Tank is checking targeting info...
<<<14:55:55:345052>>>  Tank #2 Red AI Tank Launch angle not within tolerances, adjusting firing solution...
<<<14:55:55:345052>>>  Tank #2 Red AI Tank Launch speed not within tolerances, adjusting firing solution...
<<<14:55:55:345052>>>  Tank #2 Red AI Tank adjusted targeting angle one unit CCW...
<<<14:55:55:345052>>>  Tank #3 Yellow AI Tank moved one unit CCW...
<<<14:55:55:361523>>>  Tank #2 Red AI Tank is checking targeting info...
<<<14:55:55:361523>>>  Tank #2 Red AI Tank Launch angle not within tolerances, adjusting firing solution...
<<<14:55:55:361523>>>  Tank #2 Red AI Tank Launch speed not within tolerances, adjusting firing solution...
<<<14:55:55:361523>>>  Tank #2 Red AI Tank adjusted targeting angle one unit CCW...
<<<14:55:55:361523>>>  Tank #3 Yellow AI Tank moved one unit CCW...
<<<14:55:55:377742>>>  Tank #2 Red AI Tank is checking targeting info...
<<<14:55:55:377742>>>  Tank #2 Red AI Tank Launch angle not within tolerances, adjusting firing solution...
<<<14:55:55:377742>>>  Tank #2 Red AI Tank Launch speed not within tolerances, adjusting firing solution...
<<<14:55:55:377742>>>  Tank #2 Red AI Tank adjusted targeting angle one unit CCW...
<<<14:55:55:377742>>>  Tank #3 Yellow AI Tank moved one unit CCW...
<<<14:55:55:394659>>>  Tank #2 Red AI Tank is checking targeting info...
<<<14:55:55:394659>>>  Tank #2 Red AI Tank Launch angle not within tolerances, adjusting firing solution...
<<<14:55:55:394659>>>  Tank #2 Red AI Tank Launch speed not within tolerances, adjusting firing solution...
<<<14:55:55:394659>>>  Tank #2 Red AI Tank adjusted targeting angle one unit CCW...
<<<14:55:55:394659>>>  Tank #3 Yellow AI Tank moved one unit CCW...
<<<14:55:55:411066>>>  Tank #2 Red AI Tank is checking targeting info...
<<<14:55:55:411066>>>  Tank #2 Red AI Tank Launch angle not within tolerances, adjusting firing solution...
<<<14:55:55:411066>>>  Tank #2 Red AI Tank Launch speed not within tolerances, adjusting firing solution...
<<<14:55:55:411066>>>  Tank #2 Red AI Tank adjusted targeting angle one unit CCW...
<<<14:55:55:411066>>>  Tank #3 Yellow AI Tank moved one unit CCW...
<<<14:55:55:427705>>>  Tank #2 Red AI Tank is checking targeting info...
<<<14:55:55:427705>>>  Tank #2 Red AI Tank Launch angle not within tolerances, adjusting firing solution...
<<<14:55:55:427705>>>  Tank #2 Red AI Tank Launch speed not within tolerances, adjusting firing solution...
<<<14:55:55:427705>>>  Tank #2 Red AI Tank adjusted targeting angle one unit CCW...
<<<14:55:55:427705>>>  Tank #3 Yellow AI Tank moved one unit CCW...
<<<14:55:55:443859>>>  Tank #2 Red AI Tank is checking targeting info...
<<<14:55:55:443859>>>  Tank #2 Red AI Tank Launch angle not within tolerances, adjusting firing solution...
<<<14:55:55:443859>>>  Tank #2 Red AI Tank Launch speed not within tolerances, adjusting firing solution...
<<<14:55:55:443859>>>  Tank #2 Red AI Tank adjusted targeting angle one unit CCW...
<<<14:55:55:443859>>>  Tank #3 Yellow AI Tank moved one unit CCW...
<<<14:55:55:460269>>>  Tank #2 Red AI Tank is checking targeting info...
<<<14:55:55:460269>>>  Tank #2 Red AI Tank Launch angle not within tolerances, adjusting firing solution...
<<<14:55:55:460269>>>  Tank #2 Red AI Tank Launch speed not within tolerances, adjusting firing solution...
<<<14:55:55:460269>>>  Tank #2 Red AI Tank adjusted targeting angle one unit CCW...
<<<14:55:55:460269>>>  Tank #3 Yellow AI Tank moved one unit CCW...
<<<14:55:55:475905>>>  Tank #2 Red AI Tank is checking targeting info...
<<<14:55:55:475905>>>  Tank #2 Red AI Tank Launch angle not within tolerances, adjusting firing solution...
<<<14:55:55:475905>>>  Tank #2 Red AI Tank Launch speed not within tolerances, adjusting firing solution...
<<<14:55:55:475905>>>  Tank #2 Red AI Tank adjusted targeting angle one unit CCW...
<<<14:55:55:475905>>>  Tank #3 Yellow AI Tank moved one unit CCW...
<<<14:55:55:493068>>>  Tank #2 Red AI Tank is checking targeting info...
<<<14:55:55:493068>>>  Tank #2 Red AI Tank Launch angle not within tolerances, adjusting firing solution...
<<<14:55:55:493068>>>  Tank #2 Red AI Tank Launch speed not within tolerances, adjusting firing solution...
<<<14:55:55:493068>>>  Tank #2 Red AI Tank adjusted targeting angle one unit CCW...
<<<14:55:55:493068>>>  Tank #3 Yellow AI Tank moved one unit CCW...
<<<14:55:55:509371>>>  Tank #2 Red AI Tank is checking targeting info...
<<<14:55:55:509371>>>  Tank #2 Red AI Tank Launch angle not within tolerances, adjusting firing solution...
<<<14:55:55:509371>>>  Tank #2 Red AI Tank Launch speed not within tolerances, adjusting firing solution...
<<<14:55:55:509371>>>  Tank #2 Red AI Tank adjusted targeting angle one unit CCW...
<<<14:55:55:509371>>>  Tank #3 Yellow AI Tank moved one unit CCW...
<<<14:55:55:525537>>>  Tank #2 Red AI Tank is checking targeting info...
<<<14:55:55:525537>>>  Tank #2 Red AI Tank Launch angle not within tolerances, adjusting firing solution...
<<<14:55:55:525537>>>  Tank #2 Red AI Tank Launch speed not within tolerances, adjusting firing solution...
<<<14:55:55:525537>>>  Tank #2 Red AI Tank adjusted targeting angle one unit CCW...
<<<14:55:55:525537>>>  Tank #3 Yellow AI Tank moved one unit CCW...
<<<14:55:55:541953>>>  Tank #2 Red AI Tank is checking targeting info...
<<<14:55:55:541953>>>  Tank #2 Red AI Tank Launch angle not within tolerances, adjusting firing solution...
<<<14:55:55:541953>>>  Tank #2 Red AI Tank Launch speed not within tolerances, adjusting firing solution...
<<<14:55:55:541953>>>  Tank #2 Red AI Tank adjusted targeting angle one unit CCW...
<<<14:55:55:541953>>>  Tank #3 Yellow AI Tank moved one unit CCW...
<<<14:55:55:558119>>>  Tank #2 Red AI Tank is checking targeting info...
<<<14:55:55:558119>>>  Tank #2 Red AI Tank Launch angle not within tolerances, adjusting firing solution...
<<<14:55:55:558119>>>  Tank #2 Red AI Tank Launch speed not within tolerances, adjusting firing solution...
<<<14:55:55:558119>>>  Tank #2 Red AI Tank adjusted targeting angle one unit CCW...
<<<14:55:55:558119>>>  Tank #3 Yellow AI Tank moved one unit CCW...
<<<14:55:55:573805>>>  Tank #2 Red AI Tank is checking targeting info...
<<<14:55:55:573805>>>  Tank #2 Red AI Tank Launch angle not within tolerances, adjusting firing solution...
<<<14:55:55:573805>>>  Tank #2 Red AI Tank Launch speed not within tolerances, adjusting firing solution...
<<<14:55:55:573805>>>  Tank #2 Red AI Tank adjusted targeting angle one unit CCW...
<<<14:55:55:573805>>>  Tank #3 Yellow AI Tank moved one unit CCW...
<<<14:55:55:590110>>>  Tank #2 Red AI Tank is checking targeting info...
<<<14:55:55:590110>>>  Tank #2 Red AI Tank Launch angle not within tolerances, adjusting firing solution...
<<<14:55:55:590110>>>  Tank #2 Red AI Tank Launch speed not within tolerances, adjusting firing solution...
<<<14:55:55:590110>>>  Tank #2 Red AI Tank adjusted targeting angle one unit CCW...
<<<14:55:55:590110>>>  Tank #3 Yellow AI Tank moved one unit CCW...
<<<14:55:55:606198>>>  Tank #2 Red AI Tank is checking targeting info...
<<<14:55:55:606198>>>  Tank #2 Red AI Tank Launch angle not within tolerances, adjusting firing solution...
<<<14:55:55:606198>>>  Tank #2 Red AI Tank Launch speed not within tolerances, adjusting firing solution...
<<<14:55:55:606198>>>  Tank #2 Red AI Tank adjusted targeting angle one unit CCW...
<<<14:55:55:606198>>>  Tank #3 Yellow AI Tank moved one unit CCW...
<<<14:55:55:622389>>>  Tank #2 Red AI Tank is checking targeting info...
<<<14:55:55:622389>>>  Tank #2 Red AI Tank Launch angle not within tolerances, adjusting firing solution...
<<<14:55:55:622389>>>  Tank #2 Red AI Tank Launch speed not within tolerances, adjusting firing solution...
<<<14:55:55:622389>>>  Tank #2 Red AI Tank adjusted targeting angle one unit CCW...
<<<14:55:55:622389>>>  Tank #3 Yellow AI Tank moved one unit CCW...
<<<14:55:55:638876>>>  Tank #2 Red AI Tank is checking targeting info...
<<<14:55:55:638876>>>  Tank #2 Red AI Tank Launch angle not within tolerances, adjusting firing solution...
<<<14:55:55:638876>>>  Tank #2 Red AI Tank Launch speed not within tolerances, adjusting firing solution...
<<<14:55:55:638876>>>  Tank #2 Red AI Tank adjusted targeting angle one unit CCW...
<<<14:55:55:638876>>>  Tank #3 Yellow AI Tank moved one unit CCW...
<<<14:55:55:654671>>>  Tank #2 Red AI Tank is checking targeting info...
<<<14:55:55:654671>>>  Tank #2 Red AI Tank Launch angle not within tolerances, adjusting firing solution...
<<<14:55:55:654671>>>  Tank #2 Red AI Tank Launch speed not within tolerances, adjusting firing solution...
<<<14:55:55:654671>>>  Tank #2 Red AI Tank adjusted targeting angle one unit CCW...
<<<14:55:55:654671>>>  Tank #3 Yellow AI Tank moved one unit CCW...
<<<14:55:55:670968>>>  Tank #2 Red AI Tank is checking targeting info...
<<<14:55:55:670968>>>  Tank #2 Red AI Tank Launch angle not within tolerances, adjusting firing solution...
<<<14:55:55:670968>>>  Tank #2 Red AI Tank Launch speed not within tolerances, adjusting firing solution...
<<<14:55:55:670968>>>  Tank #2 Red AI Tank adjusted targeting angle one unit CCW...
<<<14:55:55:670968>>>  Tank #3 Yellow AI Tank moved one unit CCW...
<<<14:55:55:687728>>>  Tank #2 Red AI Tank is checking targeting info...
<<<14:55:55:687728>>>  Tank #2 Red AI Tank Launch angle not within tolerances, adjusting firing solution...
<<<14:55:55:687728>>>  Tank #2 Red AI Tank Launch speed not within tolerances, adjusting firing solution...
<<<14:55:55:687728>>>  Tank #2 Red AI Tank adjusted targeting angle one unit CCW...
<<<14:55:55:687728>>>  Tank #3 Yellow AI Tank moved one unit CCW...
<<<14:55:55:703883>>>  Tank #2 Red AI Tank is checking targeting info...
<<<14:55:55:703883>>>  Tank #2 Red AI Tank Launch angle not within tolerances, adjusting firing solution...
<<<14:55:55:703883>>>  Tank #2 Red AI Tank Launch speed not within tolerances, adjusting firing solution...
<<<14:55:55:703883>>>  Tank #2 Red AI Tank adjusted targeting angle one unit CCW...
<<<14:55:55:703883>>>  Tank #3 Yellow AI Tank moved one unit CCW...
<<<14:55:55:720195>>>  Tank #2 Red AI Tank is checking targeting info...
<<<14:55:55:720195>>>  Tank #2 Red AI Tank Launch angle not within tolerances, adjusting firing solution...
<<<14:55:55:720195>>>  Tank #2 Red AI Tank Launch speed not within tolerances, adjusting firing solution...
<<<14:55:55:720195>>>  Tank #2 Red AI Tank adjusted targeting angle one unit CCW...
<<<14:55:55:720195>>>  Tank #3 Yellow AI Tank moved one unit CCW...
<<<14:55:55:735643>>>  Tank #2 Red AI Tank is checking targeting info...
<<<14:55:55:735643>>>  Tank #2 Red AI Tank Launch angle not within tolerances, adjusting firing solution...
<<<14:55:55:735643>>>  Tank #2 Red AI Tank Launch speed not within tolerances, adjusting firing solution...
<<<14:55:55:735643>>>  Tank #2 Red AI Tank adjusted targeting angle one unit CCW...
<<<14:55:55:735643>>>  Tank #3 Yellow AI Tank moved one unit CCW...
<<<14:55:55:751835>>>  Tank #2 Red AI Tank is checking targeting info...
<<<14:55:55:751835>>>  Tank #2 Red AI Tank Launch angle not within tolerances, adjusting firing solution...
<<<14:55:55:751835>>>  Tank #2 Red AI Tank Launch speed not within tolerances, adjusting firing solution...
<<<14:55:55:751835>>>  Tank #2 Red AI Tank adjusted targeting angle one unit CCW...
<<<14:55:55:751835>>>  Tank #3 Yellow AI Tank moved one unit CCW...
<<<14:55:55:768684>>>  Tank #2 Red AI Tank is checking targeting info...
<<<14:55:55:768684>>>  Tank #2 Red AI Tank Launch angle not within tolerances, adjusting firing solution...
<<<14:55:55:768684>>>  Tank #2 Red AI Tank Launch speed not within tolerances, adjusting firing solution...
<<<14:55:55:768684>>>  Tank #2 Red AI Tank adjusted targeting angle one unit CCW...
<<<14:55:55:768684>>>  Tank #3 Yellow AI Tank moved one unit CCW...
<<<14:55:55:785496>>>  Tank #2 Red AI Tank is checking targeting info...
<<<14:55:55:785496>>>  Tank #2 Red AI Tank Launch angle not within tolerances, adjusting firing solution...
<<<14:55:55:785496>>>  Tank #2 Red AI Tank Launch speed not within tolerances, adjusting firing solution...
<<<14:55:55:785496>>>  Tank #2 Red AI Tank adjusted targeting angle one unit CCW...
<<<14:55:55:785496>>>  Tank #3 Yellow AI Tank moved one unit CCW...
<<<14:55:55:801650>>>  Tank #2 Red AI Tank is checking targeting info...
<<<14:55:55:801650>>>  Tank #2 Red AI Tank Launch angle not within tolerances, adjusting firing solution...
<<<14:55:55:801650>>>  Tank #2 Red AI Tank Launch speed not within tolerances, adjusting firing solution...
<<<14:55:55:801650>>>  Tank #2 Red AI Tank adjusted targeting angle one unit CCW...
<<<14:55:55:818824>>>  Tank #2 Red AI Tank is checking targeting info...
<<<14:55:55:818824>>>  Tank #2 Red AI Tank Launch angle not within tolerances, adjusting firing solution...
<<<14:55:55:818824>>>  Tank #2 Red AI Tank Launch speed not within tolerances, adjusting firing solution...
<<<14:55:55:818824>>>  Tank #2 Red AI Tank adjusted targeting angle one unit CCW...
<<<14:55:55:818824>>>  Tank #3 Yellow AI Tank chose to move to 4.0444, cururently at 5.1487.
<<<14:55:55:818824>>>  Tank #3 Yellow AI Tank moved one unit CW...
<<<14:55:55:818824>>>  Tank #3 Yellow AI Tank chose to move...
<<<14:55:55:835459>>>  Tank #2 Red AI Tank is checking targeting info...
<<<14:55:55:835459>>>  Tank #2 Red AI Tank Launch angle not within tolerances, adjusting firing solution...
<<<14:55:55:835459>>>  Tank #2 Red AI Tank Launch speed not within tolerances, adjusting firing solution...
<<<14:55:55:835459>>>  Tank #2 Red AI Tank adjusted targeting angle one unit CCW...
<<<14:55:55:835459>>>  Tank #3 Yellow AI Tank moved one unit CW...
<<<14:55:55:852429>>>  Tank #2 Red AI Tank is checking targeting info...
<<<14:55:55:852429>>>  Tank #2 Red AI Tank Launch angle not within tolerances, adjusting firing solution...
<<<14:55:55:852429>>>  Tank #2 Red AI Tank Launch speed not within tolerances, adjusting firing solution...
<<<14:55:55:852429>>>  Tank #2 Red AI Tank adjusted targeting angle one unit CCW...
<<<14:55:55:853439>>>  Tank #3 Yellow AI Tank moved one unit CW...
<<<14:55:55:869615>>>  Tank #2 Red AI Tank is checking targeting info...
<<<14:55:55:869615>>>  Tank #2 Red AI Tank Launch angle not within tolerances, adjusting firing solution...
<<<14:55:55:869615>>>  Tank #2 Red AI Tank Launch speed not within tolerances, adjusting firing solution...
<<<14:55:55:869615>>>  Tank #2 Red AI Tank adjusted targeting angle one unit CCW...
<<<14:55:55:869615>>>  Tank #3 Yellow AI Tank moved one unit CW...
<<<14:55:55:885779>>>  Tank #2 Red AI Tank is checking targeting info...
<<<14:55:55:885779>>>  Tank #2 Red AI Tank Launch angle not within tolerances, adjusting firing solution...
<<<14:55:55:885779>>>  Tank #2 Red AI Tank Launch speed not within tolerances, adjusting firing solution...
<<<14:55:55:885779>>>  Tank #2 Red AI Tank adjusted targeting angle one unit CCW...
<<<14:55:55:885779>>>  Tank #3 Yellow AI Tank moved one unit CW...
<<<14:55:55:901983>>>  Tank #2 Red AI Tank is checking targeting info...
<<<14:55:55:901983>>>  Tank #2 Red AI Tank Launch angle not within tolerances, adjusting firing solution...
<<<14:55:55:901983>>>  Tank #2 Red AI Tank Launch speed not within tolerances, adjusting firing solution...
<<<14:55:55:901983>>>  Tank #2 Red AI Tank adjusted targeting angle one unit CCW...
<<<14:55:55:901983>>>  Tank #3 Yellow AI Tank moved one unit CW...
<<<14:55:55:918729>>>  Tank #2 Red AI Tank is checking targeting info...
<<<14:55:55:918729>>>  Tank #2 Red AI Tank Launch angle not within tolerances, adjusting firing solution...
<<<14:55:55:918729>>>  Tank #2 Red AI Tank Launch speed not within tolerances, adjusting firing solution...
<<<14:55:55:918729>>>  Tank #2 Red AI Tank adjusted targeting angle one unit CCW...
<<<14:55:55:918729>>>  Tank #3 Yellow AI Tank moved one unit CW...
<<<14:55:55:935344>>>  Tank #2 Red AI Tank is checking targeting info...
<<<14:55:55:935344>>>  Tank #2 Red AI Tank Launch angle not within tolerances, adjusting firing solution...
<<<14:55:55:935344>>>  Tank #2 Red AI Tank Launch speed not within tolerances, adjusting firing solution...
<<<14:55:55:935344>>>  Tank #2 Red AI Tank adjusted targeting angle one unit CCW...
<<<14:55:55:935344>>>  Tank #3 Yellow AI Tank moved one unit CW...
<<<14:55:55:950479>>>  Tank #2 Red AI Tank is checking targeting info...
<<<14:55:55:950479>>>  Tank #2 Red AI Tank Launch angle not within tolerances, adjusting firing solution...
<<<14:55:55:951580>>>  Tank #2 Red AI Tank Launch speed not within tolerances, adjusting firing solution...
<<<14:55:55:951580>>>  Tank #2 Red AI Tank adjusted targeting angle one unit CCW...
<<<14:55:55:951580>>>  Tank #3 Yellow AI Tank moved one unit CW...
<<<14:55:55:967574>>>  Tank #2 Red AI Tank is checking targeting info...
<<<14:55:55:968546>>>  Tank #2 Red AI Tank Launch angle not within tolerances, adjusting firing solution...
<<<14:55:55:968546>>>  Tank #2 Red AI Tank Launch speed not within tolerances, adjusting firing solution...
<<<14:55:55:968546>>>  Tank #2 Red AI Tank adjusted targeting angle one unit CCW...
<<<14:55:55:968546>>>  Tank #3 Yellow AI Tank moved one unit CW...
<<<14:55:55:983636>>>  Tank #2 Red AI Tank is checking targeting info...
<<<14:55:55:983636>>>  Tank #2 Red AI Tank Launch angle not within tolerances, adjusting firing solution...
<<<14:55:55:983636>>>  Tank #2 Red AI Tank Launch speed not within tolerances, adjusting firing solution...
<<<14:55:55:983636>>>  Tank #2 Red AI Tank adjusted targeting angle one unit CCW...
<<<14:55:55:983636>>>  Tank #3 Yellow AI Tank moved one unit CW...
<<<14:55:56:000218>>>  Tank #2 Red AI Tank is checking targeting info...
<<<14:55:56:000218>>>  Tank #2 Red AI Tank Launch angle not within tolerances, adjusting firing solution...
<<<14:55:56:000218>>>  Tank #2 Red AI Tank Launch speed not within tolerances, adjusting firing solution...
<<<14:55:56:000218>>>  Tank #2 Red AI Tank adjusted targeting angle one unit CCW...
<<<14:55:56:000218>>>  Tank #3 Yellow AI Tank moved one unit CW...
<<<14:55:56:016352>>>  Tank #2 Red AI Tank is checking targeting info...
<<<14:55:56:016352>>>  Tank #2 Red AI Tank Launch angle not within tolerances, adjusting firing solution...
<<<14:55:56:016352>>>  Tank #2 Red AI Tank Launch speed not within tolerances, adjusting firing solution...
<<<14:55:56:016352>>>  Tank #2 Red AI Tank adjusted targeting angle one unit CCW...
<<<14:55:56:017357>>>  Tank #3 Yellow AI Tank moved one unit CW...
<<<14:55:56:032946>>>  Tank #2 Red AI Tank is checking targeting info...
<<<14:55:56:032946>>>  Tank #2 Red AI Tank Launch angle not within tolerances, adjusting firing solution...
<<<14:55:56:032946>>>  Tank #2 Red AI Tank Launch speed not within tolerances, adjusting firing solution...
<<<14:55:56:032946>>>  Tank #2 Red AI Tank adjusted targeting angle one unit CCW...
<<<14:55:56:032946>>>  Tank #3 Yellow AI Tank moved one unit CW...
<<<14:55:56:049635>>>  Tank #2 Red AI Tank is checking targeting info...
<<<14:55:56:049635>>>  Tank #2 Red AI Tank Launch angle not within tolerances, adjusting firing solution...
<<<14:55:56:049635>>>  Tank #2 Red AI Tank Launch speed not within tolerances, adjusting firing solution...
<<<14:55:56:049635>>>  Tank #2 Red AI Tank adjusted targeting angle one unit CCW...
<<<14:55:56:050628>>>  Tank #3 Yellow AI Tank moved one unit CW...
<<<14:55:56:065749>>>  Tank #2 Red AI Tank is checking targeting info...
<<<14:55:56:065749>>>  Tank #2 Red AI Tank Launch angle not within tolerances, adjusting firing solution...
<<<14:55:56:065749>>>  Tank #2 Red AI Tank Launch speed not within tolerances, adjusting firing solution...
<<<14:55:56:065749>>>  Tank #2 Red AI Tank adjusted targeting angle one unit CCW...
<<<14:55:56:065749>>>  Tank #3 Yellow AI Tank moved one unit CW...
<<<14:55:56:082958>>>  Tank #2 Red AI Tank is checking targeting info...
<<<14:55:56:082958>>>  Tank #2 Red AI Tank Launch angle not within tolerances, adjusting firing solution...
<<<14:55:56:083954>>>  Tank #2 Red AI Tank Launch speed not within tolerances, adjusting firing solution...
<<<14:55:56:083954>>>  Tank #2 Red AI Tank adjusted targeting angle one unit CCW...
<<<14:55:56:084094>>>  Tank #3 Yellow AI Tank moved one unit CW...
<<<14:55:56:099594>>>  Tank #2 Red AI Tank is checking targeting info...
<<<14:55:56:099594>>>  Tank #2 Red AI Tank Launch angle not within tolerances, adjusting firing solution...
<<<14:55:56:099594>>>  Tank #2 Red AI Tank Launch speed not within tolerances, adjusting firing solution...
<<<14:55:56:099594>>>  Tank #2 Red AI Tank adjusted targeting angle one unit CCW...
<<<14:55:56:099594>>>  Tank #3 Yellow AI Tank moved one unit CW...
<<<14:55:56:115998>>>  Tank #2 Red AI Tank is checking targeting info...
<<<14:55:56:115998>>>  Tank #2 Red AI Tank Launch angle not within tolerances, adjusting firing solution...
<<<14:55:56:115998>>>  Tank #2 Red AI Tank Launch speed not within tolerances, adjusting firing solution...
<<<14:55:56:115998>>>  Tank #2 Red AI Tank adjusted targeting angle one unit CCW...
<<<14:55:56:115998>>>  Tank #3 Yellow AI Tank moved one unit CW...
<<<14:55:56:133009>>>  Tank #2 Red AI Tank is checking targeting info...
<<<14:55:56:134006>>>  Tank #2 Red AI Tank Launch angle not within tolerances, adjusting firing solution...
<<<14:55:56:134006>>>  Tank #2 Red AI Tank Launch speed not within tolerances, adjusting firing solution...
<<<14:55:56:134006>>>  Tank #2 Red AI Tank adjusted targeting angle one unit CCW...
<<<14:55:56:134006>>>  Tank #3 Yellow AI Tank moved one unit CW...
<<<14:55:56:149386>>>  Tank #2 Red AI Tank is checking targeting info...
<<<14:55:56:149386>>>  Tank #2 Red AI Tank Launch angle not within tolerances, adjusting firing solution...
<<<14:55:56:149386>>>  Tank #2 Red AI Tank Launch speed not within tolerances, adjusting firing solution...
<<<14:55:56:149386>>>  Tank #2 Red AI Tank adjusted targeting angle one unit CCW...
<<<14:55:56:150278>>>  Tank #3 Yellow AI Tank moved one unit CW...
<<<14:55:56:165659>>>  Tank #2 Red AI Tank is checking targeting info...
<<<14:55:56:165659>>>  Tank #2 Red AI Tank Launch angle not within tolerances, adjusting firing solution...
<<<14:55:56:165659>>>  Tank #2 Red AI Tank Launch speed not within tolerances, adjusting firing solution...
<<<14:55:56:165659>>>  Tank #2 Red AI Tank adjusted targeting angle one unit CCW...
<<<14:55:56:166704>>>  Tank #3 Yellow AI Tank moved one unit CW...
<<<14:55:56:182008>>>  Tank #2 Red AI Tank is checking targeting info...
<<<14:55:56:182008>>>  Tank #2 Red AI Tank Launch angle not within tolerances, adjusting firing solution...
<<<14:55:56:182008>>>  Tank #2 Red AI Tank Launch speed not within tolerances, adjusting firing solution...
<<<14:55:56:182008>>>  Tank #2 Red AI Tank adjusted targeting angle one unit CCW...
<<<14:55:56:182008>>>  Tank #3 Yellow AI Tank moved one unit CW...
<<<14:55:56:198566>>>  Tank #2 Red AI Tank is checking targeting info...
<<<14:55:56:198566>>>  Tank #2 Red AI Tank Launch angle not within tolerances, adjusting firing solution...
<<<14:55:56:198566>>>  Tank #2 Red AI Tank Launch speed not within tolerances, adjusting firing solution...
<<<14:55:56:198566>>>  Tank #2 Red AI Tank adjusted targeting angle one unit CCW...
<<<14:55:56:199487>>>  Tank #3 Yellow AI Tank moved one unit CW...
<<<14:55:56:215371>>>  Tank #2 Red AI Tank is checking targeting info...
<<<14:55:56:215371>>>  Tank #2 Red AI Tank Launch angle not within tolerances, adjusting firing solution...
<<<14:55:56:215371>>>  Tank #2 Red AI Tank Launch speed not within tolerances, adjusting firing solution...
<<<14:55:56:215371>>>  Tank #2 Red AI Tank adjusted targeting angle one unit CCW...
<<<14:55:56:215371>>>  Tank #3 Yellow AI Tank moved one unit CW...
<<<14:55:56:232053>>>  Tank #2 Red AI Tank is checking targeting info...
<<<14:55:56:232053>>>  Tank #2 Red AI Tank Launch angle not within tolerances, adjusting firing solution...
<<<14:55:56:232053>>>  Tank #2 Red AI Tank Launch speed not within tolerances, adjusting firing solution...
<<<14:55:56:232053>>>  Tank #2 Red AI Tank adjusted targeting angle one unit CCW...
<<<14:55:56:232053>>>  Tank #3 Yellow AI Tank moved one unit CW...
<<<14:55:56:248372>>>  Tank #2 Red AI Tank is checking targeting info...
<<<14:55:56:248372>>>  Tank #2 Red AI Tank Launch angle not within tolerances, adjusting firing solution...
<<<14:55:56:248372>>>  Tank #2 Red AI Tank Launch speed not within tolerances, adjusting firing solution...
<<<14:55:56:248372>>>  Tank #2 Red AI Tank adjusted targeting angle one unit CCW...
<<<14:55:56:248372>>>  Tank #3 Yellow AI Tank moved one unit CW...
<<<14:55:56:264969>>>  Tank #2 Red AI Tank is checking targeting info...
<<<14:55:56:264969>>>  Tank #2 Red AI Tank Launch angle not within tolerances, adjusting firing solution...
<<<14:55:56:264969>>>  Tank #2 Red AI Tank Launch speed not within tolerances, adjusting firing solution...
<<<14:55:56:265978>>>  Tank #2 Red AI Tank adjusted targeting angle one unit CCW...
<<<14:55:56:265978>>>  Tank #3 Yellow AI Tank moved one unit CW...
<<<14:55:56:280584>>>  Tank #2 Red AI Tank is checking targeting info...
<<<14:55:56:280584>>>  Tank #2 Red AI Tank Launch angle not within tolerances, adjusting firing solution...
<<<14:55:56:280584>>>  Tank #2 Red AI Tank Launch speed not within tolerances, adjusting firing solution...
<<<14:55:56:280584>>>  Tank #2 Red AI Tank adjusted targeting angle one unit CCW...
<<<14:55:56:280584>>>  Tank #3 Yellow AI Tank moved one unit CW...
<<<14:55:56:297797>>>  Tank #2 Red AI Tank is checking targeting info...
<<<14:55:56:297797>>>  Tank #2 Red AI Tank Launch angle not within tolerances, adjusting firing solution...
<<<14:55:56:297797>>>  Tank #2 Red AI Tank Launch speed not within tolerances, adjusting firing solution...
<<<14:55:56:297797>>>  Tank #2 Red AI Tank adjusted targeting angle one unit CCW...
<<<14:55:56:297797>>>  Tank #3 Yellow AI Tank moved one unit CW...
<<<14:55:56:314373>>>  Tank #2 Red AI Tank is checking targeting info...
<<<14:55:56:314373>>>  Tank #2 Red AI Tank Launch angle not within tolerances, adjusting firing solution...
<<<14:55:56:314373>>>  Tank #2 Red AI Tank Launch speed not within tolerances, adjusting firing solution...
<<<14:55:56:314373>>>  Tank #2 Red AI Tank adjusted targeting angle one unit CCW...
<<<14:55:56:314373>>>  Tank #3 Yellow AI Tank moved one unit CW...
<<<14:55:56:329660>>>  Tank #2 Red AI Tank is checking targeting info...
<<<14:55:56:329660>>>  Tank #2 Red AI Tank Launch angle not within tolerances, adjusting firing solution...
<<<14:55:56:329660>>>  Tank #2 Red AI Tank Launch speed not within tolerances, adjusting firing solution...
<<<14:55:56:329660>>>  Tank #2 Red AI Tank adjusted targeting angle one unit CCW...
<<<14:55:56:329660>>>  Tank #3 Yellow AI Tank moved one unit CW...
<<<14:55:56:345668>>>  Tank #2 Red AI Tank is checking targeting info...
<<<14:55:56:345668>>>  Tank #2 Red AI Tank Launch angle not within tolerances, adjusting firing solution...
<<<14:55:56:345668>>>  Tank #2 Red AI Tank Launch speed not within tolerances, adjusting firing solution...
<<<14:55:56:345668>>>  Tank #2 Red AI Tank adjusted targeting angle one unit CCW...
<<<14:55:56:345668>>>  Tank #3 Yellow AI Tank moved one unit CW...
<<<14:55:56:362193>>>  Tank #2 Red AI Tank is checking targeting info...
<<<14:55:56:362193>>>  Tank #2 Red AI Tank Launch angle not within tolerances, adjusting firing solution...
<<<14:55:56:362193>>>  Tank #2 Red AI Tank Launch speed not within tolerances, adjusting firing solution...
<<<14:55:56:362193>>>  Tank #2 Red AI Tank adjusted targeting angle one unit CCW...
<<<14:55:56:362193>>>  Tank #3 Yellow AI Tank moved one unit CW...
<<<14:55:56:378237>>>  Tank #2 Red AI Tank is checking targeting info...
<<<14:55:56:378237>>>  Tank #2 Red AI Tank Launch angle not within tolerances, adjusting firing solution...
<<<14:55:56:378237>>>  Tank #2 Red AI Tank Launch speed not within tolerances, adjusting firing solution...
<<<14:55:56:378237>>>  Tank #2 Red AI Tank adjusted targeting angle one unit CCW...
<<<14:55:56:378237>>>  Tank #3 Yellow AI Tank moved one unit CW...
<<<14:55:56:393503>>>  Tank #2 Red AI Tank is checking targeting info...
<<<14:55:56:393503>>>  Tank #2 Red AI Tank Launch angle not within tolerances, adjusting firing solution...
<<<14:55:56:393503>>>  Tank #2 Red AI Tank Launch speed not within tolerances, adjusting firing solution...
<<<14:55:56:393503>>>  Tank #2 Red AI Tank adjusted targeting angle one unit CCW...
<<<14:55:56:393503>>>  Tank #3 Yellow AI Tank moved one unit CW...
<<<14:55:56:410683>>>  Tank #2 Red AI Tank is checking targeting info...
<<<14:55:56:410683>>>  Tank #2 Red AI Tank Launch angle not within tolerances, adjusting firing solution...
<<<14:55:56:410683>>>  Tank #2 Red AI Tank Launch speed not within tolerances, adjusting firing solution...
<<<14:55:56:410683>>>  Tank #2 Red AI Tank adjusted targeting angle one unit CCW...
<<<14:55:56:410952>>>  Tank #3 Yellow AI Tank moved one unit CW...
<<<14:55:56:427839>>>  Tank #2 Red AI Tank is checking targeting info...
<<<14:55:56:427839>>>  Tank #2 Red AI Tank Launch angle not within tolerances, adjusting firing solution...
<<<14:55:56:427839>>>  Tank #2 Red AI Tank Launch speed not within tolerances, adjusting firing solution...
<<<14:55:56:427839>>>  Tank #2 Red AI Tank adjusted targeting angle one unit CCW...
<<<14:55:56:427839>>>  Tank #3 Yellow AI Tank moved one unit CW...
<<<14:55:56:444564>>>  Tank #2 Red AI Tank is checking targeting info...
<<<14:55:56:444564>>>  Tank #2 Red AI Tank Launch angle not within tolerances, adjusting firing solution...
<<<14:55:56:444564>>>  Tank #2 Red AI Tank Launch speed not within tolerances, adjusting firing solution...
<<<14:55:56:444564>>>  Tank #2 Red AI Tank adjusted targeting angle one unit CCW...
<<<14:55:56:444564>>>  Tank #3 Yellow AI Tank moved one unit CW...
<<<14:55:56:460675>>>  Tank #2 Red AI Tank is checking targeting info...
<<<14:55:56:460675>>>  Tank #2 Red AI Tank Launch angle not within tolerances, adjusting firing solution...
<<<14:55:56:460675>>>  Tank #2 Red AI Tank Launch speed not within tolerances, adjusting firing solution...
<<<14:55:56:460675>>>  Tank #2 Red AI Tank adjusted targeting angle one unit CCW...
<<<14:55:56:460675>>>  Tank #3 Yellow AI Tank moved one unit CW...
<<<14:55:56:477712>>>  Tank #2 Red AI Tank is checking targeting info...
<<<14:55:56:477712>>>  Tank #2 Red AI Tank Launch angle not within tolerances, adjusting firing solution...
<<<14:55:56:477712>>>  Tank #2 Red AI Tank Launch speed not within tolerances, adjusting firing solution...
<<<14:55:56:477712>>>  Tank #2 Red AI Tank adjusted targeting angle one unit CCW...
<<<14:55:56:478631>>>  Tank #3 Yellow AI Tank moved one unit CW...
<<<14:55:56:494342>>>  Tank #2 Red AI Tank is checking targeting info...
<<<14:55:56:494342>>>  Tank #2 Red AI Tank Launch angle not within tolerances, adjusting firing solution...
<<<14:55:56:494342>>>  Tank #2 Red AI Tank Launch speed not within tolerances, adjusting firing solution...
<<<14:55:56:494342>>>  Tank #2 Red AI Tank adjusted targeting angle one unit CCW...
<<<14:55:56:494342>>>  Tank #3 Yellow AI Tank moved one unit CW...
<<<14:55:56:510562>>>  Tank #2 Red AI Tank is checking targeting info...
<<<14:55:56:510562>>>  Tank #2 Red AI Tank Launch angle not within tolerances, adjusting firing solution...
<<<14:55:56:510562>>>  Tank #2 Red AI Tank Launch speed not within tolerances, adjusting firing solution...
<<<14:55:56:510562>>>  Tank #2 Red AI Tank adjusted targeting angle one unit CCW...
<<<14:55:56:510562>>>  Tank #3 Yellow AI Tank moved one unit CW...
<<<14:55:56:526609>>>  Tank #2 Red AI Tank is checking targeting info...
<<<14:55:56:526609>>>  Tank #2 Red AI Tank Launch angle not within tolerances, adjusting firing solution...
<<<14:55:56:526609>>>  Tank #2 Red AI Tank Launch speed not within tolerances, adjusting firing solution...
<<<14:55:56:526609>>>  Tank #2 Red AI Tank adjusted targeting angle one unit CCW...
<<<14:55:56:526609>>>  Tank #3 Yellow AI Tank moved one unit CW...
<<<14:55:56:542864>>>  Tank #2 Red AI Tank is checking targeting info...
<<<14:55:56:542864>>>  Tank #2 Red AI Tank Launch angle not within tolerances, adjusting firing solution...
<<<14:55:56:542864>>>  Tank #2 Red AI Tank Launch speed not within tolerances, adjusting firing solution...
<<<14:55:56:542864>>>  Tank #2 Red AI Tank adjusted targeting angle one unit CCW...
<<<14:55:56:543868>>>  Tank #3 Yellow AI Tank moved one unit CW...
<<<14:55:56:559860>>>  Tank #2 Red AI Tank is checking targeting info...
<<<14:55:56:559860>>>  Tank #2 Red AI Tank Launch angle not within tolerances, adjusting firing solution...
<<<14:55:56:559860>>>  Tank #2 Red AI Tank Launch speed not within tolerances, adjusting firing solution...
<<<14:55:56:559860>>>  Tank #2 Red AI Tank adjusted targeting angle one unit CCW...
<<<14:55:56:559860>>>  Tank #3 Yellow AI Tank moved one unit CW...
<<<14:55:56:575909>>>  Tank #2 Red AI Tank is checking targeting info...
<<<14:55:56:575909>>>  Tank #2 Red AI Tank Launch angle not within tolerances, adjusting firing solution...
<<<14:55:56:575909>>>  Tank #2 Red AI Tank Launch speed not within tolerances, adjusting firing solution...
<<<14:55:56:575909>>>  Tank #2 Red AI Tank adjusted targeting angle one unit CCW...
<<<14:55:56:575909>>>  Tank #3 Yellow AI Tank moved one unit CW...
<<<14:55:56:592542>>>  Tank #2 Red AI Tank is checking targeting info...
<<<14:55:56:592542>>>  Tank #2 Red AI Tank Launch angle not within tolerances, adjusting firing solution...
<<<14:55:56:592542>>>  Tank #2 Red AI Tank Launch speed not within tolerances, adjusting firing solution...
<<<14:55:56:592542>>>  Tank #2 Red AI Tank adjusted targeting angle one unit CCW...
<<<14:55:56:592542>>>  Tank #3 Yellow AI Tank moved one unit CW...
<<<14:55:56:609057>>>  Tank #2 Red AI Tank is checking targeting info...
<<<14:55:56:609057>>>  Tank #2 Red AI Tank Launch angle not within tolerances, adjusting firing solution...
<<<14:55:56:609057>>>  Tank #2 Red AI Tank Launch speed not within tolerances, adjusting firing solution...
<<<14:55:56:609057>>>  Tank #2 Red AI Tank adjusted targeting angle one unit CCW...
<<<14:55:56:609057>>>  Tank #3 Yellow AI Tank moved one unit CW...
<<<14:55:56:625521>>>  Tank #2 Red AI Tank is checking targeting info...
<<<14:55:56:625521>>>  Tank #2 Red AI Tank Launch angle not within tolerances, adjusting firing solution...
<<<14:55:56:625521>>>  Tank #2 Red AI Tank Launch speed not within tolerances, adjusting firing solution...
<<<14:55:56:625521>>>  Tank #2 Red AI Tank adjusted targeting angle one unit CCW...
<<<14:55:56:625521>>>  Tank #3 Yellow AI Tank moved one unit CW...
<<<14:55:56:641644>>>  Tank #2 Red AI Tank is checking targeting info...
<<<14:55:56:641644>>>  Tank #2 Red AI Tank Launch angle not within tolerances, adjusting firing solution...
<<<14:55:56:641644>>>  Tank #2 Red AI Tank Launch speed not within tolerances, adjusting firing solution...
<<<14:55:56:641644>>>  Tank #2 Red AI Tank adjusted targeting angle one unit CCW...
<<<14:55:56:641644>>>  Tank #3 Yellow AI Tank moved one unit CW...
<<<14:55:56:658069>>>  Tank #2 Red AI Tank is checking targeting info...
<<<14:55:56:658069>>>  Tank #2 Red AI Tank lowered launch speed one unit...
<<<14:55:56:658069>>>  Tank #3 Yellow AI Tank moved one unit CW...
<<<14:55:56:674190>>>  Tank #2 Red AI Tank is checking targeting info...
<<<14:55:56:674190>>>  Tank #2 Red AI Tank lowered launch speed one unit...
<<<14:55:56:674190>>>  Tank #3 Yellow AI Tank moved one unit CW...
<<<14:55:56:691152>>>  Tank #2 Red AI Tank is checking targeting info...
<<<14:55:56:691152>>>  Tank #2 Red AI Tank lowered launch speed one unit...
<<<14:55:56:691152>>>  Tank #3 Yellow AI Tank moved one unit CW...
<<<14:55:56:706792>>>  Tank #2 Red AI Tank is checking targeting info...
<<<14:55:56:706792>>>  Tank #2 Red AI Tank lowered launch speed one unit...
<<<14:55:56:706792>>>  Tank #3 Yellow AI Tank moved one unit CW...
<<<14:55:56:723710>>>  Tank #2 Red AI Tank is checking targeting info...
<<<14:55:56:723710>>>  Tank #2 Red AI Tank lowered launch speed one unit...
<<<14:55:56:723710>>>  Tank #3 Yellow AI Tank moved one unit CW...
<<<14:55:56:740162>>>  Tank #2 Red AI Tank is checking targeting info...
<<<14:55:56:740162>>>  Tank #2 Red AI Tank lowered launch speed one unit...
<<<14:55:56:740162>>>  Tank #3 Yellow AI Tank moved one unit CW...
<<<14:55:56:755685>>>  Tank #2 Red AI Tank is checking targeting info...
<<<14:55:56:755685>>>  Tank #2 Red AI Tank lowered launch speed one unit...
<<<14:55:56:755685>>>  Tank #3 Yellow AI Tank moved one unit CW...
<<<14:55:56:771845>>>  Tank #2 Red AI Tank is checking targeting info...
<<<14:55:56:771845>>>  Tank #2 Red AI Tank lowered launch speed one unit...
<<<14:55:56:771845>>>  Tank #3 Yellow AI Tank moved one unit CW...
<<<14:55:56:788462>>>  Tank #2 Red AI Tank is checking targeting info...
<<<14:55:56:788462>>>  Tank #2 Red AI Tank lowered launch speed one unit...
<<<14:55:56:788462>>>  Tank #3 Yellow AI Tank moved one unit CW...
<<<14:55:56:805044>>>  Tank #2 Red AI Tank is checking targeting info...
<<<14:55:56:805044>>>  Tank #2 Red AI Tank lowered launch speed one unit...
<<<14:55:56:805044>>>  Tank #3 Yellow AI Tank moved one unit CW...
<<<14:55:56:821330>>>  Tank #2 Red AI Tank is checking targeting info...
<<<14:55:56:821330>>>  Tank #2 Red AI Tank lowered launch speed one unit...
<<<14:55:56:821330>>>  Tank #3 Yellow AI Tank moved one unit CW...
<<<14:55:56:836604>>>  Tank #2 Red AI Tank is checking targeting info...
<<<14:55:56:836604>>>  Tank #2 Red AI Tank lowered launch speed one unit...
<<<14:55:56:836604>>>  Tank #3 Yellow AI Tank moved one unit CW...
<<<14:55:56:852662>>>  Tank #2 Red AI Tank is checking targeting info...
<<<14:55:56:852662>>>  Tank #2 Red AI Tank lowered launch speed one unit...
<<<14:55:56:869540>>>  Tank #2 Red AI Tank is checking targeting info...
<<<14:55:56:869540>>>  Tank #2 Red AI Tank lowered launch speed one unit...
<<<14:55:56:869540>>>  Tank #3 Yellow AI Tank chose to move to 3.5276, cururently at 4.0492.
<<<14:55:56:869540>>>  Tank #3 Yellow AI Tank moved one unit CW...
<<<14:55:56:869540>>>  Tank #3 Yellow AI Tank chose to move...
<<<14:55:56:885512>>>  Tank #2 Red AI Tank is checking targeting info...
<<<14:55:56:885512>>>  Tank #2 Red AI Tank lowered launch speed one unit...
<<<14:55:56:885512>>>  Tank #3 Yellow AI Tank moved one unit CW...
<<<14:55:56:902675>>>  Tank #2 Red AI Tank is checking targeting info...
<<<14:55:56:902675>>>  Tank #2 Red AI Tank lowered launch speed one unit...
<<<14:55:56:902675>>>  Tank #3 Yellow AI Tank moved one unit CW...
<<<14:55:56:919371>>>  Tank #2 Red AI Tank is checking targeting info...
<<<14:55:56:919371>>>  Tank #2 Red AI Tank lowered launch speed one unit...
<<<14:55:56:919371>>>  Tank #3 Yellow AI Tank moved one unit CW...
<<<14:55:56:934999>>>  Tank #2 Red AI Tank is checking targeting info...
<<<14:55:56:934999>>>  Tank #2 Red AI Tank lowered launch speed one unit...
<<<14:55:56:934999>>>  Tank #3 Yellow AI Tank moved one unit CW...
<<<14:55:56:951708>>>  Tank #2 Red AI Tank is checking targeting info...
<<<14:55:56:951708>>>  Tank #2 Red AI Tank lowered launch speed one unit...
<<<14:55:56:951708>>>  Tank #3 Yellow AI Tank moved one unit CW...
<<<14:55:56:967521>>>  Tank #2 Red AI Tank is checking targeting info...
<<<14:55:56:967521>>>  Tank #2 Red AI Tank lowered launch speed one unit...
<<<14:55:56:967521>>>  Tank #3 Yellow AI Tank moved one unit CW...
<<<14:55:56:985627>>>  Tank #2 Red AI Tank is checking targeting info...
<<<14:55:56:985627>>>  Tank #2 Red AI Tank lowered launch speed one unit...
<<<14:55:56:985627>>>  Tank #3 Yellow AI Tank moved one unit CW...
<<<14:55:57:001416>>>  Tank #2 Red AI Tank is checking targeting info...
<<<14:55:57:001416>>>  Tank #2 Red AI Tank lowered launch speed one unit...
<<<14:55:57:001416>>>  Tank #3 Yellow AI Tank moved one unit CW...
<<<14:55:57:018026>>>  Tank #2 Red AI Tank is checking targeting info...
<<<14:55:57:018026>>>  Tank #2 Red AI Tank lowered launch speed one unit...
<<<14:55:57:018026>>>  Tank #3 Yellow AI Tank moved one unit CW...
<<<14:55:57:033900>>>  Tank #2 Red AI Tank is checking targeting info...
<<<14:55:57:033900>>>  Tank #2 Red AI Tank lowered launch speed one unit...
<<<14:55:57:033900>>>  Tank #3 Yellow AI Tank moved one unit CW...
<<<14:55:57:049710>>>  Tank #2 Red AI Tank is checking targeting info...
<<<14:55:57:049710>>>  Tank #2 Red AI Tank lowered launch speed one unit...
<<<14:55:57:050716>>>  Tank #3 Yellow AI Tank moved one unit CW...
<<<14:55:57:065598>>>  Tank #2 Red AI Tank is checking targeting info...
<<<14:55:57:065598>>>  Tank #2 Red AI Tank lowered launch speed one unit...
<<<14:55:57:065598>>>  Tank #3 Yellow AI Tank moved one unit CW...
<<<14:55:57:083147>>>  Tank #2 Red AI Tank is checking targeting info...
<<<14:55:57:083147>>>  Tank #2 Red AI Tank lowered launch speed one unit...
<<<14:55:57:083147>>>  Tank #3 Yellow AI Tank moved one unit CW...
<<<14:55:57:099486>>>  Tank #2 Red AI Tank is checking targeting info...
<<<14:55:57:099486>>>  Tank #2 Red AI Tank lowered launch speed one unit...
<<<14:55:57:099486>>>  Tank #3 Yellow AI Tank moved one unit CW...
<<<14:55:57:116170>>>  Tank #2 Red AI Tank is checking targeting info...
<<<14:55:57:116170>>>  Tank #2 Red AI Tank lowered launch speed one unit...
<<<14:55:57:116170>>>  Tank #3 Yellow AI Tank moved one unit CW...
<<<14:55:57:132057>>>  Tank #2 Red AI Tank is checking targeting info...
<<<14:55:57:132057>>>  Tank #2 Red AI Tank lowered launch speed one unit...
<<<14:55:57:132057>>>  Tank #3 Yellow AI Tank moved one unit CW...
<<<14:55:57:147990>>>  Tank #2 Red AI Tank is checking targeting info...
<<<14:55:57:147990>>>  Tank #2 Red AI Tank lowered launch speed one unit...
<<<14:55:57:149067>>>  Tank #3 Yellow AI Tank moved one unit CW...
<<<14:55:57:163679>>>  Tank #2 Red AI Tank is checking targeting info...
<<<14:55:57:163679>>>  Tank #2 Red AI Tank lowered launch speed one unit...
<<<14:55:57:163679>>>  Tank #3 Yellow AI Tank moved one unit CW...
<<<14:55:57:180506>>>  Tank #2 Red AI Tank is checking targeting info...
<<<14:55:57:181504>>>  Tank #2 Red AI Tank lowered launch speed one unit...
<<<14:55:57:181504>>>  Tank #3 Yellow AI Tank moved one unit CW...
<<<14:55:57:197809>>>  Tank #2 Red AI Tank is checking targeting info...
<<<14:55:57:197809>>>  Tank #2 Red AI Tank lowered launch speed one unit...
<<<14:55:57:197809>>>  Tank #3 Yellow AI Tank moved one unit CW...
<<<14:55:57:214458>>>  Tank #2 Red AI Tank is checking targeting info...
<<<14:55:57:214458>>>  Tank #2 Red AI Tank lowered launch speed one unit...
<<<14:55:57:214458>>>  Tank #3 Yellow AI Tank moved one unit CW...
<<<14:55:57:231443>>>  Tank #2 Red AI Tank is checking targeting info...
<<<14:55:57:231443>>>  Tank #2 Red AI Tank lowered launch speed one unit...
<<<14:55:57:231443>>>  Tank #3 Yellow AI Tank moved one unit CW...
<<<14:55:57:248725>>>  Tank #2 Red AI Tank is checking targeting info...
<<<14:55:57:248725>>>  Tank #2 Red AI Tank lowered launch speed one unit...
<<<14:55:57:248725>>>  Tank #3 Yellow AI Tank moved one unit CW...
<<<14:55:57:265502>>>  Tank #2 Red AI Tank is checking targeting info...
<<<14:55:57:266381>>>  Tank #2 Red AI Tank lowered launch speed one unit...
<<<14:55:57:266381>>>  Tank #3 Yellow AI Tank moved one unit CW...
<<<14:55:57:282226>>>  Tank #2 Red AI Tank is checking targeting info...
<<<14:55:57:282226>>>  Tank #2 Red AI Tank lowered launch speed one unit...
<<<14:55:57:283235>>>  Tank #3 Yellow AI Tank moved one unit CW...
<<<14:55:57:298058>>>  Tank #2 Red AI Tank is checking targeting info...
<<<14:55:57:298058>>>  Tank #2 Red AI Tank lowered launch speed one unit...
<<<14:55:57:298058>>>  Tank #3 Yellow AI Tank moved one unit CW...
<<<14:55:57:313992>>>  Tank #2 Red AI Tank is checking targeting info...
<<<14:55:57:313992>>>  Tank #2 Red AI Tank lowered launch speed one unit...
<<<14:55:57:313992>>>  Tank #3 Yellow AI Tank moved one unit CW...
<<<14:55:57:330293>>>  Tank #2 Red AI Tank is checking targeting info...
<<<14:55:57:330293>>>  Tank #2 Red AI Tank lowered launch speed one unit...
<<<14:55:57:330293>>>  Tank #3 Yellow AI Tank moved one unit CW...
<<<14:55:57:347441>>>
* INFORMATION FOR Tank #1 Green Player Tank's CANNONBALLS:
* Cannonballs in memory for Tank #1 Green Player Tank:  0.
* Total cannonballs fired or chambered for Tank #1 Green Player Tank:  0.
<<<14:55:57:347441>>>
* INFORMATION FOR Tank #2 Red AI Tank's CANNONBALLS:
* Cannonballs in memory for Tank #2 Red AI Tank:  2.
* Total cannonballs fired or chambered for Tank #2 Red AI Tank:  2.
<<<14:55:57:347441>>>
* CURRENT VALUES FOR CELESTIAL BODY:  Tank #2 Red AI Tank's Cannonball #1
* This is not the homeworld.
* The celestial boyd's density is 5515 kg/m^3.
* The celestial body's mass is 1000 kg.
* The Earth's mass is 5.972e+24 kg.
* The celestial body's radius is 0.001 km.
* The celestial body's coordinates are (-12675.276389653578, -7633.737600957613).
* The celestial body's velocity is (-6.17846949397342, -0.11256219942387174).
* The celestial body's speed is 6.179494763870207 km/s.
* The celestial body's acceleration is (0.0015774863918020469, 0.0009532073014981905).
* The celestial body's screen x and y coordinates are (620, 557).
* The celestial body's screen radius is 10.
* The celestial is using a pix found at False.
<<<14:55:57:347441>>>
* ADDITIONAL INFORMATION FOR Tank #2 Red AI Tank's Cannonball #1:
* This cannonball is active.
* This ball is armed.
<<<14:55:57:347441>>>
* CURRENT VALUES FOR CELESTIAL BODY:  Tank #2 Red AI Tank's Cannonball #2
* This is not the homeworld.
* The celestial boyd's density is 5515 kg/m^3.
* The celestial body's mass is 1000 kg.
* The Earth's mass is 5.972e+24 kg.
* The celestial body's radius is 0.001 km.
* The celestial body's coordinates are (-2446.5228463848152, -5760.436593002636).
* The celestial body's velocity is (-9.664539792012555, -4.206473172989192).
* The celestial body's speed is 10.540291549405634 km/s.
* The celestial body's acceleration is (0, 0).
* The celestial body's screen x and y coordinates are (765, 531).
* The celestial body's screen radius is 2.
* The celestial is using a body circle.
<<<14:55:57:347441>>>
* ADDITIONAL INFORMATION FOR Tank #2 Red AI Tank's Cannonball #2:
* This cannonball is chambered.
<<<14:55:57:347441>>>
* INFORMATION FOR Tank #3 Yellow AI Tank's CANNONBALLS:
* Cannonballs in memory for Tank #3 Yellow AI Tank:  0.
* Total cannonballs fired or chambered for Tank #3 Yellow AI Tank:  0.
<<<14:55:57:347441>>>  Quit through pygame and writing log file...
