<<<16:07:18:219119>>>
* Screen coordinates (788, 29) choosen in zone #2.
* Screen dimensions are 1600 wide by 900 high.
* Minimum (x, y) are (266, 0).
* Maximum (x, y) are (1333, 150).
* Mid (x, y) are (799, 75).
<<<16:07:18:219119>>>  Image at Pix\Faraway_Objects\Suns\7.png choosen for background...
<<<16:07:18:222913>>>
* Screen coordinates (1479, 850) choosen in zone #5.
* Screen dimensions are 1600 wide by 900 high.
* Minimum (x, y) are (1333, 750).
* Maximum (x, y) are (1600, 900).
* Mid (x, y) are (1466, 825).
<<<16:07:18:222913>>>  Image at Pix\Faraway_Objects\Comets\7.png choosen for background...
<<<16:07:18:223955>>>
* Screen coordinates (31, 889) choosen in zone #7.
* Screen dimensions are 1600 wide by 900 high.
* Minimum (x, y) are (0, 750).
* Maximum (x, y) are (266, 900).
* Mid (x, y) are (133, 825).
<<<16:07:18:223955>>>  Image at Pix\Faraway_Objects\Galaxies\3.png choosen for background...
<<<16:07:18:227982>>>  Pix\Homeworlds\Lava\8.png loaded as pixie for Earth and scaled to body circle...
<<<16:07:18:227982>>>  Image at Pix\Homeworlds\Lava\8.png chosen as homeworld pix for Earth's...
<<<16:07:18:229058>>>  Pix\Moons\14.png loaded as pixie for Moon #2 and scaled to body circle...
<<<16:07:18:261356>>>  Tank #1 Green Player Tank successfully created!
<<<16:07:18:293017>>>  Tank #2 Red AI Tank successfully created!
<<<16:07:18:326211>>>  Tank #3 Yellow AI Tank successfully created!
<<<16:07:18:331514>>>
* *** Tank #2 Red AI Tank USING CLEAR SKIES FUNCTION ***
* Moon #2 at (-9282.542702698876, -8728.641384458528), angle -2.386937987988864 rads.
* Tank #2 Red AI Tank at (-5517.44784751066, -3185.499999999998), angle 3.665191429188092.
* Angle Between is 0.23105589000263027 rads.
* The skies are NOT clear, Tank #2 Red AI Tank shouldn't use Gravity...
<<<16:07:18:331514>>>  Tank #3 Yellow AI Tank chose to move to 0.1993, cururently at 5.7596.
<<<16:07:18:331514>>>  Tank #3 Yellow AI Tank moved one unit CCW...
<<<16:07:18:331514>>>  Tank #3 Yellow AI Tank chose to move...
<<<16:07:18:459341>>>
* *** Tank #2 Red AI Tank USING CLEAR SKIES FUNCTION ***
* Moon #2 at (-8999.04144338531, -9016.503383319776), angle -2.35522521978537 rads.
* Tank #2 Red AI Tank at (-5517.44784751066, -3185.499999999998), angle 3.665191429188092.
* Angle Between is 0.2627686582061246 rads.
* The skies are NOT clear, Tank #2 Red AI Tank shouldn't use Gravity...
<<<16:07:18:459341>>>  Tank #3 Yellow AI Tank moved one unit CCW...
<<<16:07:18:588293>>>  Tank #2 Red AI Tank chose to move to 4.1712, cururently at 3.6652.
<<<16:07:18:588293>>>  Tank #2 Red AI Tank moved one unit CCW...
<<<16:07:18:588293>>>  Tank #2 Red AI Tank chose to move...
<<<16:07:18:588293>>>  Tank #3 Yellow AI Tank moved one unit CCW...
<<<16:07:18:722500>>>  Tank #2 Red AI Tank moved one unit CCW...
<<<16:07:18:722500>>>  Tank #3 Yellow AI Tank moved one unit CCW...
<<<16:07:18:852148>>>  Tank #2 Red AI Tank moved one unit CCW...
<<<16:07:18:852148>>>  Tank #3 Yellow AI Tank moved one unit CCW...
<<<16:07:18:982712>>>  Tank #2 Red AI Tank moved one unit CCW...
<<<16:07:18:982712>>>  Tank #3 Yellow AI Tank moved one unit CCW...
<<<16:07:19:113764>>>  Tank #2 Red AI Tank moved one unit CCW...
<<<16:07:19:113764>>>  Tank #3 Yellow AI Tank moved one unit CCW...
<<<16:07:19:246677>>>  Tank #2 Red AI Tank moved one unit CCW...
<<<16:07:19:246677>>>  Tank #3 Yellow AI Tank moved one unit CCW...
<<<16:07:19:379432>>>  Tank #2 Red AI Tank moved one unit CCW...
<<<16:07:19:379432>>>  Tank #3 Yellow AI Tank moved one unit CCW...
<<<16:07:19:512598>>>  Tank #2 Red AI Tank moved one unit CCW...
<<<16:07:19:512598>>>  Tank #3 Yellow AI Tank moved one unit CCW...
<<<16:07:19:643721>>>  Tank #2 Red AI Tank moved one unit CCW...
<<<16:07:19:643721>>>  Tank #3 Yellow AI Tank moved one unit CCW...
<<<16:07:19:778286>>>  Tank #2 Red AI Tank moved one unit CCW...
<<<16:07:19:778286>>>  Tank #3 Yellow AI Tank moved one unit CCW...
<<<16:07:19:912033>>>  Tank #2 Red AI Tank moved one unit CCW...
<<<16:07:19:912033>>>  Tank #3 Yellow AI Tank moved one unit CCW...
<<<16:07:20:044948>>>  Tank #2 Red AI Tank moved one unit CCW...
<<<16:07:20:044948>>>  Tank #3 Yellow AI Tank moved one unit CCW...
<<<16:07:20:178993>>>  Tank #2 Red AI Tank moved one unit CCW...
<<<16:07:20:178993>>>  Tank #3 Yellow AI Tank moved one unit CCW...
<<<16:07:20:261266>>>
* INFORMATION FOR Tank #1 Green Player Tank's CANNONBALLS:
* Cannonballs in memory for Tank #1 Green Player Tank:  0.
* Total cannonballs fired or chambered for Tank #1 Green Player Tank:  0.
<<<16:07:20:261266>>>
* INFORMATION FOR Tank #2 Red AI Tank's CANNONBALLS:
* Cannonballs in memory for Tank #2 Red AI Tank:  0.
* Total cannonballs fired or chambered for Tank #2 Red AI Tank:  0.
<<<16:07:20:261266>>>
* INFORMATION FOR Tank #3 Yellow AI Tank's CANNONBALLS:
* Cannonballs in memory for Tank #3 Yellow AI Tank:  0.
* Total cannonballs fired or chambered for Tank #3 Yellow AI Tank:  0.
<<<16:07:20:261266>>>  Quit through pygame and writing log file...
