<<<10:52:34:513016>>>  Pix\Homeworlds\Desert\3.png loaded as pixie for Earth...
<<<10:52:34:513016>>>  Image at Pix\Homeworlds\Desert\3.png chosen as homeworld pix for Earth's...
<<<10:52:34:524570>>>  Pix\Moons\15.png loaded as pixie for Moon #2...
<<<10:52:34:605389>>>  Pix\Snails\Green_Snail\Spells\Spellready_Icon\spellready.png returned as pixie for Snail #1 Green Player...
<<<10:52:34:605389>>>  Pix\Magic\Scroll\scroll.png returned as pixie for Snail #1 Green Player...
<<<10:52:34:605389>>>  Snail #1 Green Player successfully created!
<<<10:52:34:681187>>>  Pix\Snails\Red_Snail\Spells\Spellready_Icon\spellready.png returned as pixie for Snail #2 Red Player...
<<<10:52:34:681187>>>  Pix\Magic\Scroll\scroll.png returned as pixie for Snail #2 Red Player...
<<<10:52:34:681187>>>  Snail #2 Red Player successfully created!
<<<10:52:34:732335>>>  Snail #1 Green Player chambered cannonball...
<<<10:52:34:732335>>>
* CURRENT VALUES FOR CELESTIAL BODY:  Snail #1 Green Player's Cannonball #1
* This is not the homeworld.
* The celestial boyd's density is 5515 kg/m^3.
* The celestial body's mass is 1000 kg.
* The Earth's mass is 5.972e+24 kg.
* The celestial body's radius is 0.001 km.
* The celestial body's coordinates are (3.9011123786838936e-13, 6371.0).
* The celestial body's velocity is (0.00016575510679231256, 5.594256018013417).
* The celestial body's speed is 5.594256020469039 km/s.
* The celestial body's acceleration is (0, 0).
* The celestial body's screen x and y coordinates are (768, 345).
* The celestial body's screen radius is 2.
* The celestial is using a body circle.
<<<10:52:34:732335>>>
* ADDITIONAL INFORMATION FOR Snail #1 Green Player's Cannonball #1:
* This cannonball is chambered.
<<<10:54:57:882353>>>
* INFORMATION FOR Snail #1 Green Player's CANNONBALLS:
* Cannonballs in memory for Snail #1 Green Player:  1.
* Total cannonballs fired or chambered for Snail #1 Green Player:  1.
<<<10:54:57:882353>>>
* CURRENT VALUES FOR CELESTIAL BODY:  Snail #1 Green Player's Cannonball #1
* This is not the homeworld.
* The celestial boyd's density is 5515 kg/m^3.
* The celestial body's mass is 1000 kg.
* The Earth's mass is 5.972e+24 kg.
* The celestial body's radius is 0.001 km.
* The celestial body's coordinates are (4673.376771844792, 4324.256851721333).
* The celestial body's velocity is (0.00016575510679231256, 5.594256018013417).
* The celestial body's speed is 5.594256020469039 km/s.
* The celestial body's acceleration is (0, 0).
* The celestial body's screen x and y coordinates are (831, 373).
* The celestial body's screen radius is 2.
* The celestial is using a body circle.
<<<10:54:57:882353>>>
* ADDITIONAL INFORMATION FOR Snail #1 Green Player's Cannonball #1:
* This cannonball is chambered.
<<<10:54:57:882353>>>
* INFORMATION FOR Snail #2 Red Player's CANNONBALLS:
* Cannonballs in memory for Snail #2 Red Player:  0.
* Total cannonballs fired or chambered for Snail #2 Red Player:  0.
<<<10:54:57:882353>>>  Quit through pygame and writing log file...
