<<<15:42:18:809674>>>  Pix\Homeworlds\Forest\11.png loaded as pixie for Earth and scaled to body circle...
<<<15:42:18:809674>>>  Image at Pix\Homeworlds\Forest\11.png chosen as homeworld pix for Earth's...
<<<15:42:18:810682>>>  Pix\Moons\14.png loaded as pixie for Moon #2 and scaled to body circle...
<<<15:42:18:841962>>>  Tank #1 Green Player Tank successfully created!
<<<15:42:18:872808>>>  Tank #2 Red AI Tank successfully created!
<<<15:42:18:903074>>>  Tank #3 Yellow AI Tank successfully created!
<<<15:42:18:908476>>>
* *** Tank #2 Red AI Tank USING CLEAR SKIES FUNCTION ***
* Moon #2 at (-9695.84133422339, 8267.13011071408), angle 2.435563870278835 rads.
* Tank #2 Red AI Tank at (-5517.44784751066, -3185.499999999998), angle 3.665191429188092.
* Angle Between is 1.229627558909257 rads.
* The skies are NOT clear, Tank #2 Red AI Tank shouldn't use Gravity...
<<<15:42:18:908476>>>  Tank #3 Yellow AI Tank chose to shoot...
<<<15:42:19:039348>>>  Tank #2 Red AI Tank chose to move to 2.9698, cururently at 3.6652.
<<<15:42:19:039348>>>  Tank #2 Red AI Tank moved one unit CW...
<<<15:42:19:039348>>>  Tank #2 Red AI Tank chose to move...
<<<15:42:19:039348>>>  Tank #3 Yellow AI Tank is checking targeting info...
<<<15:42:19:039348>>>  Tank #3 Yellow AI Tank Launch angle not within tolerances, adjusting firing solution...
<<<15:42:19:039348>>>  Tank #3 Yellow AI Tank Launch speed not within tolerances, adjusting firing solution...
<<<15:42:19:040345>>>  Tank #3 Yellow AI Tank adjusted targeting angle one unit CCW...
<<<15:42:19:173951>>>  Tank #2 Red AI Tank moved one unit CW...
<<<15:42:19:173951>>>  Tank #3 Yellow AI Tank is checking targeting info...
<<<15:42:19:173951>>>  Tank #3 Yellow AI Tank Launch angle not within tolerances, adjusting firing solution...
<<<15:42:19:173951>>>  Tank #3 Yellow AI Tank Launch speed not within tolerances, adjusting firing solution...
<<<15:42:19:173951>>>  Tank #3 Yellow AI Tank adjusted targeting angle one unit CCW...
<<<15:42:19:307090>>>  Tank #2 Red AI Tank moved one unit CW...
<<<15:42:19:307090>>>  Tank #3 Yellow AI Tank is checking targeting info...
<<<15:42:19:307090>>>  Tank #3 Yellow AI Tank Launch angle not within tolerances, adjusting firing solution...
<<<15:42:19:307090>>>  Tank #3 Yellow AI Tank Launch speed not within tolerances, adjusting firing solution...
<<<15:42:19:307090>>>  Tank #3 Yellow AI Tank adjusted targeting angle one unit CCW...
<<<15:42:19:436596>>>  Tank #2 Red AI Tank moved one unit CW...
<<<15:42:19:436596>>>  Tank #3 Yellow AI Tank is checking targeting info...
<<<15:42:19:436596>>>  Tank #3 Yellow AI Tank Launch angle not within tolerances, adjusting firing solution...
<<<15:42:19:436596>>>  Tank #3 Yellow AI Tank Launch speed not within tolerances, adjusting firing solution...
<<<15:42:19:436596>>>  Tank #3 Yellow AI Tank adjusted targeting angle one unit CCW...
<<<15:42:19:567542>>>  Tank #2 Red AI Tank moved one unit CW...
<<<15:42:19:567542>>>  Tank #3 Yellow AI Tank is checking targeting info...
<<<15:42:19:567542>>>  Tank #3 Yellow AI Tank Launch angle not within tolerances, adjusting firing solution...
<<<15:42:19:567542>>>  Tank #3 Yellow AI Tank Launch speed not within tolerances, adjusting firing solution...
<<<15:42:19:567542>>>  Tank #3 Yellow AI Tank adjusted targeting angle one unit CCW...
<<<15:42:19:698704>>>  Tank #2 Red AI Tank moved one unit CW...
<<<15:42:19:698704>>>  Tank #3 Yellow AI Tank is checking targeting info...
<<<15:42:19:698704>>>  Tank #3 Yellow AI Tank Launch angle not within tolerances, adjusting firing solution...
<<<15:42:19:698704>>>  Tank #3 Yellow AI Tank Launch speed not within tolerances, adjusting firing solution...
<<<15:42:19:698704>>>  Tank #3 Yellow AI Tank adjusted targeting angle one unit CCW...
<<<15:42:19:830226>>>  Tank #2 Red AI Tank moved one unit CW...
<<<15:42:19:830226>>>  Tank #3 Yellow AI Tank is checking targeting info...
<<<15:42:19:830226>>>  Tank #3 Yellow AI Tank Launch angle not within tolerances, adjusting firing solution...
<<<15:42:19:830226>>>  Tank #3 Yellow AI Tank Launch speed not within tolerances, adjusting firing solution...
<<<15:42:19:830226>>>  Tank #3 Yellow AI Tank adjusted targeting angle one unit CCW...
<<<15:42:19:961613>>>  Tank #2 Red AI Tank moved one unit CW...
<<<15:42:19:961613>>>  Tank #3 Yellow AI Tank is checking targeting info...
<<<15:42:19:961613>>>  Tank #3 Yellow AI Tank Launch angle not within tolerances, adjusting firing solution...
<<<15:42:19:961613>>>  Tank #3 Yellow AI Tank Launch speed not within tolerances, adjusting firing solution...
<<<15:42:19:961613>>>  Tank #3 Yellow AI Tank adjusted targeting angle one unit CCW...
<<<15:42:20:093347>>>  Tank #2 Red AI Tank moved one unit CW...
<<<15:42:20:093347>>>  Tank #3 Yellow AI Tank is checking targeting info...
<<<15:42:20:093347>>>  Tank #3 Yellow AI Tank Launch angle not within tolerances, adjusting firing solution...
<<<15:42:20:093347>>>  Tank #3 Yellow AI Tank Launch speed not within tolerances, adjusting firing solution...
<<<15:42:20:093347>>>  Tank #3 Yellow AI Tank adjusted targeting angle one unit CCW...
<<<15:42:23:173817>>>  Tank #2 Red AI Tank moved one unit CW...
<<<15:42:23:173817>>>  Tank #3 Yellow AI Tank is checking targeting info...
<<<15:42:23:173817>>>  Tank #3 Yellow AI Tank Launch angle not within tolerances, adjusting firing solution...
<<<15:42:23:173817>>>  Tank #3 Yellow AI Tank Launch speed not within tolerances, adjusting firing solution...
<<<15:42:23:173817>>>  Tank #3 Yellow AI Tank adjusted targeting angle one unit CCW...
<<<15:42:23:256780>>>  Deleting effect pixie Tank #3 Yellow AI Tank thawing...
<<<15:42:23:305200>>>  Tank #2 Red AI Tank moved one unit CW...
<<<15:42:23:305200>>>  Tank #3 Yellow AI Tank is checking targeting info...
<<<15:42:23:305200>>>  Tank #3 Yellow AI Tank Launch angle not within tolerances, adjusting firing solution...
<<<15:42:23:305200>>>  Tank #3 Yellow AI Tank Launch speed not within tolerances, adjusting firing solution...
<<<15:42:23:305200>>>  Tank #3 Yellow AI Tank adjusted targeting angle one unit CCW...
<<<15:42:23:439405>>>  Tank #2 Red AI Tank moved one unit CW...
<<<15:42:23:439405>>>  Tank #3 Yellow AI Tank is checking targeting info...
<<<15:42:23:439405>>>  Tank #3 Yellow AI Tank Launch angle not within tolerances, adjusting firing solution...
<<<15:42:23:439405>>>  Tank #3 Yellow AI Tank Launch speed not within tolerances, adjusting firing solution...
<<<15:42:23:439405>>>  Tank #3 Yellow AI Tank adjusted targeting angle one unit CCW...
<<<15:42:23:505062>>>  Deleting effect pixie Tank #2 Red AI Tank thawing...
<<<15:42:23:570130>>>  Tank #2 Red AI Tank moved one unit CW...
<<<15:42:23:570130>>>  Tank #3 Yellow AI Tank is checking targeting info...
<<<15:42:23:570130>>>  Tank #3 Yellow AI Tank Launch angle not within tolerances, adjusting firing solution...
<<<15:42:23:570130>>>  Tank #3 Yellow AI Tank Launch speed not within tolerances, adjusting firing solution...
<<<15:42:23:570130>>>  Tank #3 Yellow AI Tank adjusted targeting angle one unit CCW...
<<<15:42:23:699661>>>  Tank #2 Red AI Tank moved one unit CW...
<<<15:42:23:699661>>>  Tank #3 Yellow AI Tank is checking targeting info...
<<<15:42:23:699661>>>  Tank #3 Yellow AI Tank Launch angle not within tolerances, adjusting firing solution...
<<<15:42:23:699661>>>  Tank #3 Yellow AI Tank Launch speed not within tolerances, adjusting firing solution...
<<<15:42:23:699661>>>  Tank #3 Yellow AI Tank adjusted targeting angle one unit CCW...
<<<15:42:23:833951>>>  Tank #2 Red AI Tank moved one unit CW...
<<<15:42:23:833951>>>  Tank #3 Yellow AI Tank is checking targeting info...
<<<15:42:23:833951>>>  Tank #3 Yellow AI Tank Launch angle not within tolerances, adjusting firing solution...
<<<15:42:23:833951>>>  Tank #3 Yellow AI Tank Launch speed not within tolerances, adjusting firing solution...
<<<15:42:23:833951>>>  Tank #3 Yellow AI Tank adjusted targeting angle one unit CCW...
<<<15:42:23:966889>>>  Tank #2 Red AI Tank moved one unit CW...
<<<15:42:23:966889>>>  Tank #3 Yellow AI Tank is checking targeting info...
<<<15:42:23:966889>>>  Tank #3 Yellow AI Tank Launch angle not within tolerances, adjusting firing solution...
<<<15:42:23:966889>>>  Tank #3 Yellow AI Tank Launch speed not within tolerances, adjusting firing solution...
<<<15:42:23:966889>>>  Tank #3 Yellow AI Tank adjusted targeting angle one unit CCW...
<<<15:42:24:095577>>>  Tank #2 Red AI Tank moved one unit CW...
<<<15:42:24:095577>>>  Tank #3 Yellow AI Tank is checking targeting info...
<<<15:42:24:095577>>>  Tank #3 Yellow AI Tank Launch angle not within tolerances, adjusting firing solution...
<<<15:42:24:095577>>>  Tank #3 Yellow AI Tank Launch speed not within tolerances, adjusting firing solution...
<<<15:42:24:095577>>>  Tank #3 Yellow AI Tank adjusted targeting angle one unit CCW...
<<<15:42:24:225751>>>  Tank #2 Red AI Tank moved one unit CW...
<<<15:42:24:225751>>>  Tank #3 Yellow AI Tank is checking targeting info...
<<<15:42:24:225751>>>  Tank #3 Yellow AI Tank Launch angle not within tolerances, adjusting firing solution...
<<<15:42:24:225751>>>  Tank #3 Yellow AI Tank Launch speed not within tolerances, adjusting firing solution...
<<<15:42:24:225751>>>  Tank #3 Yellow AI Tank adjusted targeting angle one unit CCW...
<<<15:42:24:356344>>>  Tank #2 Red AI Tank moved one unit CW...
<<<15:42:24:356344>>>  Tank #3 Yellow AI Tank is checking targeting info...
<<<15:42:24:356344>>>  Tank #3 Yellow AI Tank Launch angle not within tolerances, adjusting firing solution...
<<<15:42:24:356344>>>  Tank #3 Yellow AI Tank Launch speed not within tolerances, adjusting firing solution...
<<<15:42:24:356344>>>  Tank #3 Yellow AI Tank adjusted targeting angle one unit CCW...
<<<15:42:24:489133>>>  Tank #2 Red AI Tank moved one unit CW...
<<<15:42:24:489133>>>  Tank #3 Yellow AI Tank is checking targeting info...
<<<15:42:24:489133>>>  Tank #3 Yellow AI Tank Launch angle not within tolerances, adjusting firing solution...
<<<15:42:24:489133>>>  Tank #3 Yellow AI Tank Launch speed not within tolerances, adjusting firing solution...
<<<15:42:24:489133>>>  Tank #3 Yellow AI Tank adjusted targeting angle one unit CCW...
<<<15:42:24:620098>>>  Tank #2 Red AI Tank moved one unit CW...
<<<15:42:24:620190>>>  Tank #3 Yellow AI Tank is checking targeting info...
<<<15:42:24:620219>>>  Tank #3 Yellow AI Tank Launch angle not within tolerances, adjusting firing solution...
<<<15:42:24:620219>>>  Tank #3 Yellow AI Tank Launch speed not within tolerances, adjusting firing solution...
<<<15:42:24:620219>>>  Tank #3 Yellow AI Tank adjusted targeting angle one unit CCW...
<<<15:42:24:749635>>>  Tank #2 Red AI Tank moved one unit CW...
<<<15:42:24:749635>>>  Tank #3 Yellow AI Tank is checking targeting info...
<<<15:42:24:749635>>>  Tank #3 Yellow AI Tank Launch angle not within tolerances, adjusting firing solution...
<<<15:42:24:749635>>>  Tank #3 Yellow AI Tank Launch speed not within tolerances, adjusting firing solution...
<<<15:42:24:749635>>>  Tank #3 Yellow AI Tank adjusted targeting angle one unit CCW...
<<<15:42:24:879846>>>  Tank #2 Red AI Tank moved one unit CW...
<<<15:42:24:879846>>>  Tank #3 Yellow AI Tank is checking targeting info...
<<<15:42:24:879846>>>  Tank #3 Yellow AI Tank Launch angle not within tolerances, adjusting firing solution...
<<<15:42:24:879846>>>  Tank #3 Yellow AI Tank Launch speed not within tolerances, adjusting firing solution...
<<<15:42:24:879846>>>  Tank #3 Yellow AI Tank adjusted targeting angle one unit CCW...
<<<15:42:25:010202>>>  Tank #2 Red AI Tank moved one unit CW...
<<<15:42:25:010202>>>  Tank #3 Yellow AI Tank is checking targeting info...
<<<15:42:25:010202>>>  Tank #3 Yellow AI Tank Launch angle not within tolerances, adjusting firing solution...
<<<15:42:25:010202>>>  Tank #3 Yellow AI Tank Launch speed not within tolerances, adjusting firing solution...
<<<15:42:25:010202>>>  Tank #3 Yellow AI Tank adjusted targeting angle one unit CCW...
<<<15:42:25:139699>>>  Tank #2 Red AI Tank moved one unit CW...
<<<15:42:25:139699>>>  Tank #3 Yellow AI Tank is checking targeting info...
<<<15:42:25:139699>>>  Tank #3 Yellow AI Tank Launch angle not within tolerances, adjusting firing solution...
<<<15:42:25:139699>>>  Tank #3 Yellow AI Tank Launch speed not within tolerances, adjusting firing solution...
<<<15:42:25:139699>>>  Tank #3 Yellow AI Tank adjusted targeting angle one unit CCW...
<<<15:42:25:220752>>>
* INFORMATION FOR Tank #1 Green Player Tank's CANNONBALLS:
* Cannonballs in memory for Tank #1 Green Player Tank:  0.
* Total cannonballs fired or chambered for Tank #1 Green Player Tank:  0.
<<<15:42:25:220752>>>
* INFORMATION FOR Tank #2 Red AI Tank's CANNONBALLS:
* Cannonballs in memory for Tank #2 Red AI Tank:  0.
* Total cannonballs fired or chambered for Tank #2 Red AI Tank:  0.
<<<15:42:25:220752>>>
* INFORMATION FOR Tank #3 Yellow AI Tank's CANNONBALLS:
* Cannonballs in memory for Tank #3 Yellow AI Tank:  1.
* Total cannonballs fired or chambered for Tank #3 Yellow AI Tank:  1.
<<<15:42:25:220752>>>
* CURRENT VALUES FOR CELESTIAL BODY:  Tank #3 Yellow AI Tank's Cannonball #1
* This is not the homeworld.
* The celestial boyd's density is 5515 kg/m^3.
* The celestial body's mass is 1000 kg.
* The Earth's mass is 5.972e+24 kg.
* The celestial body's radius is 0.001 km.
* The celestial body's coordinates are (5742.934916026714, -3214.8840205770257).
* The celestial body's velocity is (4.844097853147615, -2.7966766931335933).
* The celestial body's speed is 5.593450146089262 km/s.
* The celestial body's acceleration is (0, 0).
* The celestial body's screen x and y coordinates are (881, 495).
* The celestial body's screen radius is 2.
* The celestial is using a body circle.
<<<15:42:25:220752>>>
* ADDITIONAL INFORMATION FOR Tank #3 Yellow AI Tank's Cannonball #1:
* This cannonball is chambered.
<<<15:42:25:220752>>>  Quit through pygame and writing log file...
