<<<20:25:37:251113>>>
* Screen coordinates (22, 144) choosen in zone #1.
* Screen dimensions are 1536 wide by 864 high.
* Minimum (x, y) are (0, 0).
* Maximum (x, y) are (256, 144).
* Mid (x, y) are (128, 72).
<<<20:25:37:251113>>>  Image at Pix\Faraway_Objects\Asteroids\4.png choosen for background...
<<<20:25:37:251113>>>
* Screen coordinates (1463, 105) choosen in zone #3.
* Screen dimensions are 1536 wide by 864 high.
* Minimum (x, y) are (1280, 0).
* Maximum (x, y) are (1536, 144).
* Mid (x, y) are (1408, 72).
<<<20:25:37:251113>>>  Image at Pix\Faraway_Objects\Comets\3.png choosen for background...
<<<20:25:37:252111>>>
* Screen coordinates (1477, 811) choosen in zone #5.
* Screen dimensions are 1536 wide by 864 high.
* Minimum (x, y) are (1280, 720).
* Maximum (x, y) are (1536, 864).
* Mid (x, y) are (1408, 792).
<<<20:25:37:252111>>>  Image at Pix\Faraway_Objects\Galaxies\1.png choosen for background...
<<<20:25:37:252111>>>
* Screen coordinates (830, 777) choosen in zone #6.
* Screen dimensions are 1536 wide by 864 high.
* Minimum (x, y) are (256, 720).
* Maximum (x, y) are (1280, 864).
* Mid (x, y) are (768, 792).
<<<20:25:37:252111>>>  Image at Pix\Faraway_Objects\Suns\14.png choosen for background...
<<<20:25:37:261086>>>  Pix\Homeworlds\Lava\7.png loaded as pixie for Earth and scaled to body circle...
<<<20:25:37:261086>>>  Image at Pix\Homeworlds\Lava\7.png chosen as homeworld pix for Earth's...
<<<20:25:37:262083>>>  Pix\Moons\12.png loaded as pixie for Moon #2 and scaled to body circle...
<<<20:25:37:287623>>>  Enemy Tank chose to shoot...
<<<20:25:37:289439>>>  Enemy Tank is checking targeting info...
<<<20:25:37:289439>>>  Enemy Tank Launch angle not within tolerances, adjusting firing solution...
<<<20:25:37:289439>>>  Enemy Tank Launch speed not within tolerances, adjusting firing solution...
<<<20:25:37:289439>>>  Enemy Tank adjusted targeting angle one unit CW...
<<<20:25:37:290438>>>  Enemy Tank is being animated...
<<<20:25:37:291435>>>  Enemy Tank is checking targeting info...
<<<20:25:37:291435>>>  Enemy Tank Launch angle not within tolerances, adjusting firing solution...
<<<20:25:37:291435>>>  Enemy Tank Launch speed not within tolerances, adjusting firing solution...
<<<20:25:37:291435>>>  Enemy Tank adjusted targeting angle one unit CW...
<<<20:25:37:307257>>>  Enemy Tank is being animated...
<<<20:25:37:307257>>>
* Enemy Tank has advanced to next frame...
* <Surface(40x40x32 SW)> selected...
<<<20:25:37:309252>>>  Enemy Tank is checking targeting info...
<<<20:25:37:309252>>>  Enemy Tank Launch angle not within tolerances, adjusting firing solution...
<<<20:25:37:309252>>>  Enemy Tank Launch speed not within tolerances, adjusting firing solution...
<<<20:25:37:309252>>>  Enemy Tank adjusted targeting angle one unit CW...
<<<20:25:37:323623>>>  Enemy Tank is being animated...
<<<20:25:37:324621>>>  Enemy Tank is checking targeting info...
<<<20:25:37:324621>>>  Enemy Tank Launch angle not within tolerances, adjusting firing solution...
<<<20:25:37:324621>>>  Enemy Tank Launch speed not within tolerances, adjusting firing solution...
<<<20:25:37:324621>>>  Enemy Tank adjusted targeting angle one unit CW...
<<<20:25:37:338218>>>  Enemy Tank is being animated...
<<<20:25:37:338218>>>
* Enemy Tank has advanced to next frame...
* <Surface(40x40x32 SW)> selected...
<<<20:25:37:339253>>>  Enemy Tank is checking targeting info...
<<<20:25:37:339253>>>  Enemy Tank Launch angle not within tolerances, adjusting firing solution...
<<<20:25:37:339253>>>  Enemy Tank Launch speed not within tolerances, adjusting firing solution...
<<<20:25:37:339253>>>  Enemy Tank adjusted targeting angle one unit CW...
<<<20:25:37:356125>>>  Enemy Tank is being animated...
<<<20:25:37:356125>>>
* Enemy Tank has advanced to next frame...
* <Surface(40x40x32 SW)> selected...
<<<20:25:37:357123>>>  Enemy Tank is checking targeting info...
<<<20:25:37:357123>>>  Enemy Tank Launch angle not within tolerances, adjusting firing solution...
<<<20:25:37:357123>>>  Enemy Tank Launch speed not within tolerances, adjusting firing solution...
<<<20:25:37:357123>>>  Enemy Tank adjusted targeting angle one unit CW...
<<<20:25:37:371384>>>  Enemy Tank is being animated...
<<<20:25:37:372415>>>  Enemy Tank is checking targeting info...
<<<20:25:37:372415>>>  Enemy Tank Launch angle not within tolerances, adjusting firing solution...
<<<20:25:37:372415>>>  Enemy Tank Launch speed not within tolerances, adjusting firing solution...
<<<20:25:37:372415>>>  Enemy Tank adjusted targeting angle one unit CW...
<<<20:25:37:387376>>>  Enemy Tank is being animated...
<<<20:25:37:387376>>>
* Enemy Tank has advanced to next frame...
* <Surface(40x40x32 SW)> selected...
<<<20:25:37:388376>>>  Enemy Tank is checking targeting info...
<<<20:25:37:388376>>>  Enemy Tank Launch angle not within tolerances, adjusting firing solution...
<<<20:25:37:388376>>>  Enemy Tank Launch speed not within tolerances, adjusting firing solution...
<<<20:25:37:388376>>>  Enemy Tank adjusted targeting angle one unit CW...
<<<20:25:37:405166>>>  Enemy Tank is being animated...
<<<20:25:37:405166>>>
* Enemy Tank has advanced to next frame...
* <Surface(40x40x32 SW)> selected...
<<<20:25:37:406164>>>  Enemy Tank is checking targeting info...
<<<20:25:37:406164>>>  Enemy Tank Launch angle not within tolerances, adjusting firing solution...
<<<20:25:37:406164>>>  Enemy Tank Launch speed not within tolerances, adjusting firing solution...
<<<20:25:37:406164>>>  Enemy Tank adjusted targeting angle one unit CW...
<<<20:25:37:420672>>>  Enemy Tank is being animated...
<<<20:25:37:421710>>>  Enemy Tank is checking targeting info...
<<<20:25:37:421710>>>  Enemy Tank Launch angle not within tolerances, adjusting firing solution...
<<<20:25:37:421710>>>  Enemy Tank Launch speed not within tolerances, adjusting firing solution...
<<<20:25:37:421710>>>  Enemy Tank adjusted targeting angle one unit CW...
<<<20:25:37:438013>>>  Enemy Tank is being animated...
<<<20:25:37:438013>>>
* Enemy Tank has advanced to next frame...
* <Surface(40x40x32 SW)> selected...
<<<20:25:37:439011>>>  Enemy Tank is checking targeting info...
<<<20:25:37:439011>>>  Enemy Tank Launch angle not within tolerances, adjusting firing solution...
<<<20:25:37:439011>>>  Enemy Tank Launch speed not within tolerances, adjusting firing solution...
<<<20:25:37:439011>>>  Enemy Tank adjusted targeting angle one unit CW...
<<<20:25:37:454119>>>  Enemy Tank is being animated...
<<<20:25:37:455117>>>  Enemy Tank is checking targeting info...
<<<20:25:37:455117>>>  Enemy Tank Launch angle not within tolerances, adjusting firing solution...
<<<20:25:37:455117>>>  Enemy Tank Launch speed not within tolerances, adjusting firing solution...
<<<20:25:37:455117>>>  Enemy Tank adjusted targeting angle one unit CW...
<<<20:25:37:469262>>>  Enemy Tank is being animated...
<<<20:25:37:469262>>>
* Enemy Tank has advanced to next frame...
* <Surface(40x40x32 SW)> selected...
<<<20:25:37:470261>>>  Enemy Tank is checking targeting info...
<<<20:25:37:470261>>>  Enemy Tank Launch angle not within tolerances, adjusting firing solution...
<<<20:25:37:470261>>>  Enemy Tank Launch speed not within tolerances, adjusting firing solution...
<<<20:25:37:470261>>>  Enemy Tank adjusted targeting angle one unit CW...
<<<20:25:37:485474>>>  Enemy Tank is being animated...
<<<20:25:37:486506>>>  Enemy Tank is checking targeting info...
<<<20:25:37:486506>>>  Enemy Tank Launch angle not within tolerances, adjusting firing solution...
<<<20:25:37:486506>>>  Enemy Tank Launch speed not within tolerances, adjusting firing solution...
<<<20:25:37:486506>>>  Enemy Tank adjusted targeting angle one unit CW...
<<<20:25:37:502468>>>  Enemy Tank is being animated...
<<<20:25:37:502468>>>
* Enemy Tank has advanced to next frame...
* <Surface(40x40x32 SW)> selected...
<<<20:25:37:503467>>>  Enemy Tank is checking targeting info...
<<<20:25:37:503467>>>  Enemy Tank Launch angle not within tolerances, adjusting firing solution...
<<<20:25:37:503467>>>  Enemy Tank Launch speed not within tolerances, adjusting firing solution...
<<<20:25:37:503467>>>  Enemy Tank adjusted targeting angle one unit CW...
<<<20:25:37:517847>>>  Enemy Tank is being animated...
<<<20:25:37:518879>>>  Enemy Tank is checking targeting info...
<<<20:25:37:518879>>>  Enemy Tank Launch angle not within tolerances, adjusting firing solution...
<<<20:25:37:518879>>>  Enemy Tank Launch speed not within tolerances, adjusting firing solution...
<<<20:25:37:518879>>>  Enemy Tank adjusted targeting angle one unit CW...
<<<20:25:37:533994>>>  Enemy Tank is being animated...
<<<20:25:37:533994>>>
* Enemy Tank has advanced to next frame...
* <Surface(40x40x32 SW)> selected...
<<<20:25:37:534993>>>  Enemy Tank is checking targeting info...
<<<20:25:37:534993>>>  Enemy Tank Launch angle not within tolerances, adjusting firing solution...
<<<20:25:37:534993>>>  Enemy Tank Launch speed not within tolerances, adjusting firing solution...
<<<20:25:37:534993>>>  Enemy Tank adjusted targeting angle one unit CW...
<<<20:25:37:551403>>>  Enemy Tank is being animated...
<<<20:25:37:551403>>>
* Enemy Tank has advanced to next frame...
* <Surface(40x40x32 SW)> selected...
<<<20:25:37:552406>>>  Enemy Tank is checking targeting info...
<<<20:25:37:552406>>>  Enemy Tank Launch angle not within tolerances, adjusting firing solution...
<<<20:25:37:552406>>>  Enemy Tank Launch speed not within tolerances, adjusting firing solution...
<<<20:25:37:552406>>>  Enemy Tank adjusted targeting angle one unit CW...
<<<20:25:37:566960>>>  Enemy Tank is being animated...
<<<20:25:37:568014>>>  Enemy Tank is checking targeting info...
<<<20:25:37:568014>>>  Enemy Tank Launch angle not within tolerances, adjusting firing solution...
<<<20:25:37:568014>>>  Enemy Tank Launch speed not within tolerances, adjusting firing solution...
<<<20:25:37:568014>>>  Enemy Tank adjusted targeting angle one unit CW...
<<<20:25:37:583282>>>  Enemy Tank is being animated...
<<<20:25:37:583282>>>
* Enemy Tank has advanced to next frame...
* <Surface(40x40x32 SW)> selected...
<<<20:25:37:585301>>>  Player Tank chambered cannonball...
<<<20:25:37:585301>>>
* CURRENT VALUES FOR CELESTIAL BODY:  Player Tank's Cannonball #1
* This is not the homeworld.
* The celestial boyd's density is 5515 kg/m^3.
* The celestial body's mass is 1000 kg.
* The Earth's mass is 5.972e+24 kg.
* The celestial body's radius is 0.001 km.
* The celestial body's coordinates are (3.9011123786838936e-13, 6371.0).
* The celestial body's velocity is (0.0022819177525784233, 5.599002062571591).
* The celestial body's speed is 5.599002527578422 km/s.
* The celestial body's acceleration is (0, 0).
* The celestial body's screen x and y coordinates are (768, 345).
* The celestial body's screen radius is 2.
* The celestial is using a body circle.
<<<20:25:37:585301>>>
* ADDITIONAL INFORMATION FOR Player Tank's Cannonball #1:
* This cannonball is chambered.
<<<20:25:37:585301>>>  Enemy Tank is checking targeting info...
<<<20:25:37:585301>>>  Enemy Tank Launch angle not within tolerances, adjusting firing solution...
<<<20:25:37:585301>>>  Enemy Tank Launch speed not within tolerances, adjusting firing solution...
<<<20:25:37:585301>>>  Enemy Tank adjusted targeting angle one unit CW...
<<<20:25:37:599922>>>  Player Tank is being animated...
<<<20:25:37:599922>>>  Enemy Tank is being animated...
<<<20:25:37:600958>>>  Enemy Tank is checking targeting info...
<<<20:25:37:600958>>>  Enemy Tank Launch angle not within tolerances, adjusting firing solution...
<<<20:25:37:600958>>>  Enemy Tank Launch speed not within tolerances, adjusting firing solution...
<<<20:25:37:600958>>>  Enemy Tank adjusted targeting angle one unit CW...
<<<20:25:37:617647>>>  Player Tank is being animated...
<<<20:25:37:617647>>>
* Player Tank has advanced to next frame...
* <Surface(40x40x32 SW)> selected...
<<<20:25:37:617647>>>  Enemy Tank is being animated...
<<<20:25:37:617647>>>
* Enemy Tank has advanced to next frame...
* <Surface(40x40x32 SW)> selected...
<<<20:25:37:618644>>>  Enemy Tank is checking targeting info...
<<<20:25:37:618644>>>  Enemy Tank Launch angle not within tolerances, adjusting firing solution...
<<<20:25:37:618644>>>  Enemy Tank Launch speed not within tolerances, adjusting firing solution...
<<<20:25:37:618644>>>  Enemy Tank adjusted targeting angle one unit CW...
<<<20:25:37:634047>>>  Player Tank is being animated...
<<<20:25:37:634047>>>  Enemy Tank is being animated...
<<<20:25:37:635041>>>  Enemy Tank is checking targeting info...
<<<20:25:37:635041>>>  Enemy Tank Launch angle not within tolerances, adjusting firing solution...
<<<20:25:37:635041>>>  Enemy Tank Launch speed not within tolerances, adjusting firing solution...
<<<20:25:37:635041>>>  Enemy Tank adjusted targeting angle one unit CW...
<<<20:25:37:649574>>>  Player Tank is being animated...
<<<20:25:37:649574>>>
* Player Tank has advanced to next frame...
* <Surface(40x40x32 SW)> selected...
<<<20:25:37:649574>>>  Enemy Tank is being animated...
<<<20:25:37:649574>>>
* Enemy Tank has advanced to next frame...
* <Surface(40x40x32 SW)> selected...
<<<20:25:37:650605>>>  Enemy Tank is checking targeting info...
<<<20:25:37:650605>>>  Enemy Tank Launch angle not within tolerances, adjusting firing solution...
<<<20:25:37:650605>>>  Enemy Tank Launch speed not within tolerances, adjusting firing solution...
<<<20:25:37:650605>>>  Enemy Tank adjusted targeting angle one unit CW...
<<<20:25:37:667069>>>  Player Tank is being animated...
<<<20:25:37:667069>>>
* Player Tank has advanced to next frame...
* <Surface(40x40x32 SW)> selected...
<<<20:25:37:667069>>>  Enemy Tank is being animated...
<<<20:25:37:667069>>>
* Enemy Tank has advanced to next frame...
* <Surface(40x40x32 SW)> selected...
<<<20:25:37:668065>>>  Enemy Tank is checking targeting info...
<<<20:25:37:668065>>>  Enemy Tank Launch angle not within tolerances, adjusting firing solution...
<<<20:25:37:668065>>>  Enemy Tank Launch speed not within tolerances, adjusting firing solution...
<<<20:25:37:668065>>>  Enemy Tank adjusted targeting angle one unit CW...
<<<20:25:37:683213>>>  Player Tank is being animated...
<<<20:25:37:683213>>>  Enemy Tank is being animated...
<<<20:25:37:684213>>>  Enemy Tank is checking targeting info...
<<<20:25:37:684213>>>  Enemy Tank Launch angle not within tolerances, adjusting firing solution...
<<<20:25:37:684213>>>  Enemy Tank Launch speed not within tolerances, adjusting firing solution...
<<<20:25:37:684213>>>  Enemy Tank adjusted targeting angle one unit CW...
<<<20:25:37:699399>>>  Player Tank is being animated...
<<<20:25:37:699399>>>
* Player Tank has advanced to next frame...
* <Surface(40x40x32 SW)> selected...
<<<20:25:37:699399>>>  Enemy Tank is being animated...
<<<20:25:37:699399>>>
* Enemy Tank has advanced to next frame...
* <Surface(40x40x32 SW)> selected...
<<<20:25:37:700398>>>  Enemy Tank is checking targeting info...
<<<20:25:37:700398>>>  Enemy Tank Launch angle not within tolerances, adjusting firing solution...
<<<20:25:37:700398>>>  Enemy Tank Launch speed not within tolerances, adjusting firing solution...
<<<20:25:37:700398>>>  Enemy Tank adjusted targeting angle one unit CW...
<<<20:25:37:716405>>>  Player Tank is being animated...
<<<20:25:37:716405>>>
* Player Tank has advanced to next frame...
* <Surface(40x40x32 SW)> selected...
<<<20:25:37:716405>>>  Enemy Tank is being animated...
<<<20:25:37:716405>>>
* Enemy Tank has advanced to next frame...
* <Surface(40x40x32 SW)> selected...
<<<20:25:37:717404>>>  Enemy Tank is checking targeting info...
<<<20:25:37:717404>>>  Enemy Tank Launch angle not within tolerances, adjusting firing solution...
<<<20:25:37:717404>>>  Enemy Tank Launch speed not within tolerances, adjusting firing solution...
<<<20:25:37:717404>>>  Enemy Tank adjusted targeting angle one unit CW...
<<<20:25:37:732086>>>  Player Tank is being animated...
<<<20:25:37:732086>>>  Enemy Tank is being animated...
<<<20:25:37:733127>>>  Enemy Tank is checking targeting info...
<<<20:25:37:733127>>>  Enemy Tank Launch angle not within tolerances, adjusting firing solution...
<<<20:25:37:733127>>>  Enemy Tank Launch speed not within tolerances, adjusting firing solution...
<<<20:25:37:733127>>>  Enemy Tank adjusted targeting angle one unit CW...
<<<20:25:37:750294>>>  Player Tank is being animated...
<<<20:25:37:750294>>>
* Player Tank has advanced to next frame...
* <Surface(40x40x32 SW)> selected...
<<<20:25:37:750294>>>  Enemy Tank is being animated...
<<<20:25:37:750294>>>
* Enemy Tank has advanced to next frame...
* <Surface(40x40x32 SW)> selected...
<<<20:25:37:751291>>>  Enemy Tank is checking targeting info...
<<<20:25:37:751291>>>  Enemy Tank Launch angle not within tolerances, adjusting firing solution...
<<<20:25:37:751291>>>  Enemy Tank Launch speed not within tolerances, adjusting firing solution...
<<<20:25:37:751291>>>  Enemy Tank adjusted targeting angle one unit CW...
<<<20:25:37:765714>>>  Player Tank is being animated...
<<<20:25:37:766690>>>  Enemy Tank is being animated...
<<<20:25:37:767689>>>  Enemy Tank is checking targeting info...
<<<20:25:37:767689>>>  Enemy Tank Launch angle not within tolerances, adjusting firing solution...
<<<20:25:37:767689>>>  Enemy Tank Launch speed not within tolerances, adjusting firing solution...
<<<20:25:37:767689>>>  Enemy Tank adjusted targeting angle one unit CW...
<<<20:25:37:783055>>>  Player Tank is being animated...
<<<20:25:37:783055>>>
* Player Tank has advanced to next frame...
* <Surface(40x40x32 SW)> selected...
<<<20:25:37:783055>>>  Enemy Tank is being animated...
<<<20:25:37:783055>>>
* Enemy Tank has advanced to next frame...
* <Surface(40x40x32 SW)> selected...
<<<20:25:37:784050>>>  Enemy Tank is checking targeting info...
<<<20:25:37:784050>>>  Enemy Tank Launch angle not within tolerances, adjusting firing solution...
<<<20:25:37:784050>>>  Enemy Tank Launch speed not within tolerances, adjusting firing solution...
<<<20:25:37:784050>>>  Enemy Tank adjusted targeting angle one unit CW...
<<<20:25:37:798612>>>  Player Tank is being animated...
<<<20:25:37:798612>>>  Enemy Tank is being animated...
<<<20:25:37:799641>>>  Enemy Tank is checking targeting info...
<<<20:25:37:799641>>>  Enemy Tank Launch angle not within tolerances, adjusting firing solution...
<<<20:25:37:799641>>>  Enemy Tank Launch speed not within tolerances, adjusting firing solution...
<<<20:25:37:799641>>>  Enemy Tank adjusted targeting angle one unit CW...
<<<20:25:37:814554>>>  Player Tank is being animated...
<<<20:25:37:814554>>>
* Player Tank has advanced to next frame...
* <Surface(40x40x32 SW)> selected...
<<<20:25:37:814554>>>  Enemy Tank is being animated...
<<<20:25:37:814554>>>
* Enemy Tank has advanced to next frame...
* <Surface(40x40x32 SW)> selected...
<<<20:25:37:815584>>>  Enemy Tank is checking targeting info...
<<<20:25:37:815584>>>  Enemy Tank Launch angle not within tolerances, adjusting firing solution...
<<<20:25:37:815584>>>  Enemy Tank Launch speed not within tolerances, adjusting firing solution...
<<<20:25:37:815584>>>  Enemy Tank adjusted targeting angle one unit CW...
<<<20:25:37:832419>>>  Player Tank is being animated...
<<<20:25:37:832419>>>
* Player Tank has advanced to next frame...
* <Surface(40x40x32 SW)> selected...
<<<20:25:37:832419>>>  Enemy Tank is being animated...
<<<20:25:37:832419>>>
* Enemy Tank has advanced to next frame...
* <Surface(40x40x32 SW)> selected...
<<<20:25:37:833388>>>  Enemy Tank is checking targeting info...
<<<20:25:37:833388>>>  Enemy Tank Launch angle not within tolerances, adjusting firing solution...
<<<20:25:37:833388>>>  Enemy Tank Launch speed not within tolerances, adjusting firing solution...
<<<20:25:37:833388>>>  Enemy Tank adjusted targeting angle one unit CW...
<<<20:25:37:848841>>>  Player Tank is being animated...
<<<20:25:37:848841>>>  Enemy Tank is being animated...
<<<20:25:37:849838>>>  Enemy Tank is checking targeting info...
<<<20:25:37:849838>>>  Enemy Tank Launch angle not within tolerances, adjusting firing solution...
<<<20:25:37:849838>>>  Enemy Tank Launch speed not within tolerances, adjusting firing solution...
<<<20:25:37:849838>>>  Enemy Tank adjusted targeting angle one unit CW...
<<<20:25:37:864356>>>  Player Tank is being animated...
<<<20:25:37:864356>>>
* Player Tank has advanced to next frame...
* <Surface(40x40x32 SW)> selected...
<<<20:25:37:864356>>>  Enemy Tank is being animated...
<<<20:25:37:864356>>>
* Enemy Tank has advanced to next frame...
* <Surface(40x40x32 SW)> selected...
<<<20:25:37:865356>>>  Enemy Tank is checking targeting info...
<<<20:25:37:865356>>>  Enemy Tank Launch angle not within tolerances, adjusting firing solution...
<<<20:25:37:865356>>>  Enemy Tank Launch speed not within tolerances, adjusting firing solution...
<<<20:25:37:865356>>>  Enemy Tank adjusted targeting angle one unit CW...
<<<20:25:37:882008>>>  Player Tank is being animated...
<<<20:25:37:882008>>>
* Player Tank has advanced to next frame...
* <Surface(40x40x32 SW)> selected...
<<<20:25:37:882008>>>  Enemy Tank is being animated...
<<<20:25:37:882008>>>
* Enemy Tank has advanced to next frame...
* <Surface(40x40x32 SW)> selected...
<<<20:25:37:883011>>>  Enemy Tank is checking targeting info...
<<<20:25:37:883011>>>  Enemy Tank Launch angle not within tolerances, adjusting firing solution...
<<<20:25:37:883011>>>  Enemy Tank Launch speed not within tolerances, adjusting firing solution...
<<<20:25:37:883011>>>  Enemy Tank adjusted targeting angle one unit CW...
<<<20:25:37:898406>>>  Player Tank is being animated...
<<<20:25:37:898406>>>  Enemy Tank is being animated...
<<<20:25:37:899404>>>  Enemy Tank is checking targeting info...
<<<20:25:37:899404>>>  Enemy Tank Launch angle not within tolerances, adjusting firing solution...
<<<20:25:37:899404>>>  Enemy Tank Launch speed not within tolerances, adjusting firing solution...
<<<20:25:37:899404>>>  Enemy Tank adjusted targeting angle one unit CW...
<<<20:25:37:913811>>>  Player Tank is being animated...
<<<20:25:37:913811>>>
* Player Tank has advanced to next frame...
* <Surface(40x40x32 SW)> selected...
<<<20:25:37:913811>>>  Enemy Tank is being animated...
<<<20:25:37:913811>>>
* Enemy Tank has advanced to next frame...
* <Surface(40x40x32 SW)> selected...
<<<20:25:37:914810>>>  Enemy Tank is checking targeting info...
<<<20:25:37:914810>>>  Enemy Tank Launch angle not within tolerances, adjusting firing solution...
<<<20:25:37:914810>>>  Enemy Tank Launch speed not within tolerances, adjusting firing solution...
<<<20:25:37:914810>>>  Enemy Tank adjusted targeting angle one unit CW...
<<<20:25:37:930093>>>  Player Tank is being animated...
<<<20:25:37:930093>>>  Enemy Tank is being animated...
<<<20:25:37:931091>>>  Enemy Tank is checking targeting info...
<<<20:25:37:931091>>>  Enemy Tank Launch angle not within tolerances, adjusting firing solution...
<<<20:25:37:931091>>>  Enemy Tank Launch speed not within tolerances, adjusting firing solution...
<<<20:25:37:931091>>>  Enemy Tank adjusted targeting angle one unit CW...
<<<20:25:37:947320>>>  Player Tank is being animated...
<<<20:25:37:947320>>>
* Player Tank has advanced to next frame...
* <Surface(40x40x32 SW)> selected...
<<<20:25:37:947320>>>  Enemy Tank is being animated...
<<<20:25:37:947320>>>
* Enemy Tank has advanced to next frame...
* <Surface(40x40x32 SW)> selected...
<<<20:25:37:948319>>>  Enemy Tank is checking targeting info...
<<<20:25:37:948319>>>  Enemy Tank Launch angle not within tolerances, adjusting firing solution...
<<<20:25:37:948319>>>  Enemy Tank Launch speed not within tolerances, adjusting firing solution...
<<<20:25:37:948319>>>  Enemy Tank adjusted targeting angle one unit CW...
<<<20:25:37:963299>>>  Player Tank is being animated...
<<<20:25:37:963299>>>  Enemy Tank is being animated...
<<<20:25:37:964327>>>  Enemy Tank is checking targeting info...
<<<20:25:37:964327>>>  Enemy Tank Launch angle not within tolerances, adjusting firing solution...
<<<20:25:37:964327>>>  Enemy Tank Launch speed not within tolerances, adjusting firing solution...
<<<20:25:37:964327>>>  Enemy Tank adjusted targeting angle one unit CW...
<<<20:25:37:979261>>>  Player Tank is being animated...
<<<20:25:37:979261>>>
* Player Tank has advanced to next frame...
* <Surface(40x40x32 SW)> selected...
<<<20:25:37:979261>>>  Enemy Tank is being animated...
<<<20:25:37:979261>>>
* Enemy Tank has advanced to next frame...
* <Surface(40x40x32 SW)> selected...
<<<20:25:37:981294>>>  Enemy Tank is checking targeting info...
<<<20:25:37:981294>>>  Enemy Tank Launch angle not within tolerances, adjusting firing solution...
<<<20:25:37:981294>>>  Enemy Tank Launch speed not within tolerances, adjusting firing solution...
<<<20:25:37:981294>>>  Enemy Tank adjusted targeting angle one unit CW...
<<<20:25:37:996201>>>  Player Tank is being animated...
<<<20:25:37:996201>>>
* Player Tank has advanced to next frame...
* <Surface(40x40x32 SW)> selected...
<<<20:25:37:996201>>>  Enemy Tank is being animated...
<<<20:25:37:996201>>>
* Enemy Tank has advanced to next frame...
* <Surface(40x40x32 SW)> selected...
<<<20:25:37:997200>>>  Enemy Tank is checking targeting info...
<<<20:25:37:997200>>>  Enemy Tank Launch angle not within tolerances, adjusting firing solution...
<<<20:25:37:997200>>>  Enemy Tank Launch speed not within tolerances, adjusting firing solution...
<<<20:25:37:997200>>>  Enemy Tank adjusted targeting angle one unit CW...
<<<20:25:38:013386>>>  Player Tank is being animated...
<<<20:25:38:013386>>>
* Player Tank has advanced to next frame...
* <Surface(40x40x32 SW)> selected...
<<<20:25:38:013386>>>  Enemy Tank is being animated...
<<<20:25:38:013386>>>
* Enemy Tank has advanced to next frame...
* <Surface(40x40x32 SW)> selected...
<<<20:25:38:014414>>>  Enemy Tank is checking targeting info...
<<<20:25:38:014414>>>  Enemy Tank Launch angle not within tolerances, adjusting firing solution...
<<<20:25:38:014414>>>  Enemy Tank Launch speed not within tolerances, adjusting firing solution...
<<<20:25:38:014414>>>  Enemy Tank adjusted targeting angle one unit CW...
<<<20:25:38:029790>>>  Player Tank is being animated...
<<<20:25:38:029790>>>  Enemy Tank is being animated...
<<<20:25:38:030819>>>  Enemy Tank is checking targeting info...
<<<20:25:38:030819>>>  Enemy Tank Launch angle not within tolerances, adjusting firing solution...
<<<20:25:38:030819>>>  Enemy Tank Launch speed not within tolerances, adjusting firing solution...
<<<20:25:38:030819>>>  Enemy Tank adjusted targeting angle one unit CW...
<<<20:25:38:045225>>>  Player Tank is being animated...
<<<20:25:38:045225>>>
* Player Tank has advanced to next frame...
* <Surface(40x40x32 SW)> selected...
<<<20:25:38:045225>>>  Enemy Tank is being animated...
<<<20:25:38:045225>>>
* Enemy Tank has advanced to next frame...
* <Surface(40x40x32 SW)> selected...
<<<20:25:38:046259>>>  Enemy Tank is checking targeting info...
<<<20:25:38:046259>>>  Enemy Tank Launch angle not within tolerances, adjusting firing solution...
<<<20:25:38:046259>>>  Enemy Tank Launch speed not within tolerances, adjusting firing solution...
<<<20:25:38:046259>>>  Enemy Tank adjusted targeting angle one unit CW...
<<<20:25:38:061472>>>  Player Tank is being animated...
<<<20:25:38:061472>>>  Enemy Tank is being animated...
<<<20:25:38:062503>>>  Enemy Tank is checking targeting info...
<<<20:25:38:062503>>>  Enemy Tank Launch angle not within tolerances, adjusting firing solution...
<<<20:25:38:062503>>>  Enemy Tank Launch speed not within tolerances, adjusting firing solution...
<<<20:25:38:062503>>>  Enemy Tank adjusted targeting angle one unit CW...
<<<20:25:38:078614>>>  Player Tank is being animated...
<<<20:25:38:078614>>>
* Player Tank has advanced to next frame...
* <Surface(40x40x32 SW)> selected...
<<<20:25:38:078614>>>  Enemy Tank is being animated...
<<<20:25:38:078614>>>
* Enemy Tank has advanced to next frame...
* <Surface(40x40x32 SW)> selected...
<<<20:25:38:079616>>>  Enemy Tank is checking targeting info...
<<<20:25:38:079616>>>  Enemy Tank Launch angle not within tolerances, adjusting firing solution...
<<<20:25:38:079616>>>  Enemy Tank Launch speed not within tolerances, adjusting firing solution...
<<<20:25:38:079616>>>  Enemy Tank adjusted targeting angle one unit CW...
<<<20:25:38:093134>>>  Player Tank is being animated...
<<<20:25:38:093134>>>  Enemy Tank is being animated...
<<<20:25:38:094133>>>  Enemy Tank is checking targeting info...
<<<20:25:38:094133>>>  Enemy Tank Launch angle not within tolerances, adjusting firing solution...
<<<20:25:38:094133>>>  Enemy Tank Launch speed not within tolerances, adjusting firing solution...
<<<20:25:38:094133>>>  Enemy Tank adjusted targeting angle one unit CW...
<<<20:25:38:110095>>>  Player Tank is being animated...
<<<20:25:38:110095>>>
* Player Tank has advanced to next frame...
* <Surface(40x40x32 SW)> selected...
<<<20:25:38:110095>>>  Enemy Tank is being animated...
<<<20:25:38:110095>>>
* Enemy Tank has advanced to next frame...
* <Surface(40x40x32 SW)> selected...
<<<20:25:38:111091>>>  Enemy Tank is checking targeting info...
<<<20:25:38:111091>>>  Enemy Tank Launch angle not within tolerances, adjusting firing solution...
<<<20:25:38:111091>>>  Enemy Tank Launch speed not within tolerances, adjusting firing solution...
<<<20:25:38:111091>>>  Enemy Tank adjusted targeting angle one unit CW...
<<<20:25:38:126364>>>  Player Tank is being animated...
<<<20:25:38:126364>>>  Enemy Tank is being animated...
<<<20:25:38:127363>>>  Enemy Tank is checking targeting info...
<<<20:25:38:127363>>>  Enemy Tank Launch angle not within tolerances, adjusting firing solution...
<<<20:25:38:127363>>>  Enemy Tank Launch speed not within tolerances, adjusting firing solution...
<<<20:25:38:127363>>>  Enemy Tank adjusted targeting angle one unit CW...
<<<20:25:38:142742>>>  Player Tank is being animated...
<<<20:25:38:142742>>>
* Player Tank has advanced to next frame...
* <Surface(40x40x32 SW)> selected...
<<<20:25:38:142742>>>  Enemy Tank is being animated...
<<<20:25:38:142742>>>
* Enemy Tank has advanced to next frame...
* <Surface(40x40x32 SW)> selected...
<<<20:25:38:143740>>>  Enemy Tank is checking targeting info...
<<<20:25:38:143740>>>  Enemy Tank Launch angle not within tolerances, adjusting firing solution...
<<<20:25:38:143740>>>  Enemy Tank Launch speed not within tolerances, adjusting firing solution...
<<<20:25:38:143740>>>  Enemy Tank adjusted targeting angle one unit CW...
<<<20:25:38:157351>>>  Player Tank is being animated...
<<<20:25:38:157351>>>  Enemy Tank is being animated...
<<<20:25:38:158350>>>  Enemy Tank is checking targeting info...
<<<20:25:38:158350>>>  Enemy Tank Launch angle not within tolerances, adjusting firing solution...
<<<20:25:38:158350>>>  Enemy Tank Launch speed not within tolerances, adjusting firing solution...
<<<20:25:38:158350>>>  Enemy Tank adjusted targeting angle one unit CW...
<<<20:25:38:173866>>>  Player Tank is being animated...
<<<20:25:38:174894>>>
* Player Tank has advanced to next frame...
* <Surface(40x40x32 SW)> selected...
<<<20:25:38:174894>>>  Enemy Tank is being animated...
<<<20:25:38:174894>>>
* Enemy Tank has advanced to next frame...
* <Surface(40x40x32 SW)> selected...
<<<20:25:38:175893>>>  Enemy Tank is checking targeting info...
<<<20:25:38:175893>>>  Enemy Tank Launch angle not within tolerances, adjusting firing solution...
<<<20:25:38:175893>>>  Enemy Tank Launch speed not within tolerances, adjusting firing solution...
<<<20:25:38:175893>>>  Enemy Tank adjusted targeting angle one unit CW...
<<<20:25:38:189191>>>  Player Tank is being animated...
<<<20:25:38:190223>>>  Enemy Tank is being animated...
<<<20:25:38:191219>>>  Enemy Tank is checking targeting info...
<<<20:25:38:191219>>>  Enemy Tank Launch angle not within tolerances, adjusting firing solution...
<<<20:25:38:191219>>>  Enemy Tank Launch speed not within tolerances, adjusting firing solution...
<<<20:25:38:191219>>>  Enemy Tank adjusted targeting angle one unit CW...
<<<20:25:38:205676>>>  Player Tank is being animated...
<<<20:25:38:205676>>>
* Player Tank has advanced to next frame...
* <Surface(40x40x32 SW)> selected...
<<<20:25:38:205676>>>  Enemy Tank is being animated...
<<<20:25:38:205676>>>
* Enemy Tank has advanced to next frame...
* <Surface(40x40x32 SW)> selected...
<<<20:25:38:207673>>>  Enemy Tank is checking targeting info...
<<<20:25:38:207673>>>  Enemy Tank Launch angle not within tolerances, adjusting firing solution...
<<<20:25:38:207673>>>  Enemy Tank Launch speed not within tolerances, adjusting firing solution...
<<<20:25:38:207673>>>  Enemy Tank adjusted targeting angle one unit CW...
<<<20:25:38:223299>>>  Player Tank is being animated...
<<<20:25:38:223299>>>
* Player Tank has advanced to next frame...
* <Surface(40x40x32 SW)> selected...
<<<20:25:38:223299>>>  Enemy Tank is being animated...
<<<20:25:38:223299>>>
* Enemy Tank has advanced to next frame...
* <Surface(40x40x32 SW)> selected...
<<<20:25:38:224298>>>  Enemy Tank is checking targeting info...
<<<20:25:38:224298>>>  Enemy Tank Launch angle not within tolerances, adjusting firing solution...
<<<20:25:38:224298>>>  Enemy Tank Launch speed not within tolerances, adjusting firing solution...
<<<20:25:38:224298>>>  Enemy Tank adjusted targeting angle one unit CW...
<<<20:25:38:239139>>>  Player Tank is being animated...
<<<20:25:38:239139>>>  Enemy Tank is being animated...
<<<20:25:38:240139>>>  Enemy Tank is checking targeting info...
<<<20:25:38:240139>>>  Enemy Tank Launch angle not within tolerances, adjusting firing solution...
<<<20:25:38:240139>>>  Enemy Tank Launch speed not within tolerances, adjusting firing solution...
<<<20:25:38:240139>>>  Enemy Tank adjusted targeting angle one unit CW...
<<<20:25:38:255193>>>  Player Tank is being animated...
<<<20:25:38:255193>>>
* Player Tank has advanced to next frame...
* <Surface(40x40x32 SW)> selected...
<<<20:25:38:255193>>>  Enemy Tank is being animated...
<<<20:25:38:255193>>>
* Enemy Tank has advanced to next frame...
* <Surface(40x40x32 SW)> selected...
<<<20:25:38:256192>>>  Enemy Tank is checking targeting info...
<<<20:25:38:256192>>>  Enemy Tank Launch angle not within tolerances, adjusting firing solution...
<<<20:25:38:256192>>>  Enemy Tank Launch speed not within tolerances, adjusting firing solution...
<<<20:25:38:256192>>>  Enemy Tank adjusted targeting angle one unit CW...
<<<20:25:38:272265>>>  Player Tank is being animated...
<<<20:25:38:272265>>>
* Player Tank has advanced to next frame...
* <Surface(40x40x32 SW)> selected...
<<<20:25:38:272265>>>  Enemy Tank is being animated...
<<<20:25:38:272265>>>
* Enemy Tank has advanced to next frame...
* <Surface(40x40x32 SW)> selected...
<<<20:25:38:273268>>>  Enemy Tank is checking targeting info...
<<<20:25:38:273268>>>  Enemy Tank Launch angle not within tolerances, adjusting firing solution...
<<<20:25:38:273268>>>  Enemy Tank Launch speed not within tolerances, adjusting firing solution...
<<<20:25:38:273268>>>  Enemy Tank adjusted targeting angle one unit CW...
<<<20:25:38:287776>>>  Player Tank is being animated...
<<<20:25:38:287776>>>  Enemy Tank is being animated...
<<<20:25:38:288775>>>  Enemy Tank is checking targeting info...
<<<20:25:38:288775>>>  Enemy Tank Launch angle not within tolerances, adjusting firing solution...
<<<20:25:38:288775>>>  Enemy Tank Launch speed not within tolerances, adjusting firing solution...
<<<20:25:38:288775>>>  Enemy Tank adjusted targeting angle one unit CW...
<<<20:25:38:304591>>>  Player Tank is being animated...
<<<20:25:38:304591>>>
* Player Tank has advanced to next frame...
* <Surface(40x40x32 SW)> selected...
<<<20:25:38:304591>>>  Enemy Tank is being animated...
<<<20:25:38:304591>>>
* Enemy Tank has advanced to next frame...
* <Surface(40x40x32 SW)> selected...
<<<20:25:38:305591>>>  Enemy Tank is checking targeting info...
<<<20:25:38:305591>>>  Enemy Tank Launch angle not within tolerances, adjusting firing solution...
<<<20:25:38:305591>>>  Enemy Tank Launch speed not within tolerances, adjusting firing solution...
<<<20:25:38:305591>>>  Enemy Tank adjusted targeting angle one unit CW...
<<<20:25:38:321709>>>  Player Tank is being animated...
<<<20:25:38:321709>>>
* Player Tank has advanced to next frame...
* <Surface(40x40x32 SW)> selected...
<<<20:25:38:321709>>>  Enemy Tank is being animated...
<<<20:25:38:321709>>>
* Enemy Tank has advanced to next frame...
* <Surface(40x40x32 SW)> selected...
<<<20:25:38:322706>>>  Enemy Tank is checking targeting info...
<<<20:25:38:322706>>>  Enemy Tank Launch angle not within tolerances, adjusting firing solution...
<<<20:25:38:322706>>>  Enemy Tank Launch speed not within tolerances, adjusting firing solution...
<<<20:25:38:322706>>>  Enemy Tank adjusted targeting angle one unit CW...
<<<20:25:38:337210>>>  Player Tank is being animated...
<<<20:25:38:337210>>>  Enemy Tank is being animated...
<<<20:25:38:338241>>>  Enemy Tank is checking targeting info...
<<<20:25:38:338241>>>  Enemy Tank Launch angle not within tolerances, adjusting firing solution...
<<<20:25:38:338241>>>  Enemy Tank Launch speed not within tolerances, adjusting firing solution...
<<<20:25:38:338241>>>  Enemy Tank adjusted targeting angle one unit CW...
<<<20:25:38:353345>>>  Player Tank is being animated...
<<<20:25:38:353345>>>
* Player Tank has advanced to next frame...
* <Surface(40x40x32 SW)> selected...
<<<20:25:38:353345>>>  Enemy Tank is being animated...
<<<20:25:38:353345>>>
* Enemy Tank has advanced to next frame...
* <Surface(40x40x32 SW)> selected...
<<<20:25:38:354344>>>  Enemy Tank is checking targeting info...
<<<20:25:38:354344>>>  Enemy Tank increased launch speed one unit...
<<<20:25:38:370155>>>  Player Tank is being animated...
<<<20:25:38:370155>>>
* Player Tank has advanced to next frame...
* <Surface(40x40x32 SW)> selected...
<<<20:25:38:370155>>>  Enemy Tank is being animated...
<<<20:25:38:371154>>>
* Enemy Tank has advanced to next frame...
* <Surface(40x40x32 SW)> selected...
<<<20:25:38:372151>>>  Enemy Tank is checking targeting info...
<<<20:25:38:372151>>>  Enemy Tank increased launch speed one unit...
<<<20:25:38:387207>>>  Player Tank is being animated...
<<<20:25:38:387207>>>
* Player Tank has advanced to next frame...
* <Surface(40x40x32 SW)> selected...
<<<20:25:38:387207>>>  Enemy Tank is being animated...
<<<20:25:38:388206>>>  Enemy Tank is checking targeting info...
<<<20:25:38:388206>>>  Enemy Tank increased launch speed one unit...
<<<20:25:38:404682>>>  Player Tank is being animated...
<<<20:25:38:404682>>>
* Player Tank has advanced to next frame...
* <Surface(40x40x32 SW)> selected...
<<<20:25:38:404682>>>  Enemy Tank is being animated...
<<<20:25:38:404682>>>
* Enemy Tank has advanced to next frame...
* <Surface(40x40x32 SW)> selected...
<<<20:25:38:405679>>>  Enemy Tank is checking targeting info...
<<<20:25:38:405679>>>  Enemy Tank increased launch speed one unit...
<<<20:25:38:420233>>>  Player Tank is being animated...
<<<20:25:38:420233>>>  Enemy Tank is being animated...
<<<20:25:38:421267>>>  Enemy Tank is checking targeting info...
<<<20:25:38:421267>>>  Enemy Tank increased launch speed one unit...
<<<20:25:38:436494>>>  Player Tank is being animated...
<<<20:25:38:436494>>>
* Player Tank has advanced to next frame...
* <Surface(40x40x32 SW)> selected...
<<<20:25:38:436494>>>  Enemy Tank is being animated...
<<<20:25:38:436494>>>
* Enemy Tank has advanced to next frame...
* <Surface(40x40x32 SW)> selected...
<<<20:25:38:438490>>>  Enemy Tank is checking targeting info...
<<<20:25:38:438490>>>  Enemy Tank increased launch speed one unit...
<<<20:25:38:454157>>>  Player Tank is being animated...
<<<20:25:38:454157>>>
* Player Tank has advanced to next frame...
* <Surface(40x40x32 SW)> selected...
<<<20:25:38:454157>>>  Enemy Tank is being animated...
<<<20:25:38:454157>>>
* Enemy Tank has advanced to next frame...
* <Surface(40x40x32 SW)> selected...
<<<20:25:38:455152>>>  Enemy Tank is checking targeting info...
<<<20:25:38:455152>>>  Enemy Tank increased launch speed one unit...
<<<20:25:38:469667>>>  Player Tank is being animated...
<<<20:25:38:469667>>>  Enemy Tank is being animated...
<<<20:25:38:470666>>>  Enemy Tank is checking targeting info...
<<<20:25:38:470666>>>  Enemy Tank increased launch speed one unit...
<<<20:25:38:486072>>>  Player Tank is being animated...
<<<20:25:38:486072>>>
* Player Tank has advanced to next frame...
* <Surface(40x40x32 SW)> selected...
<<<20:25:38:486072>>>  Enemy Tank is being animated...
<<<20:25:38:487072>>>
* Enemy Tank has advanced to next frame...
* <Surface(40x40x32 SW)> selected...
<<<20:25:38:488069>>>  Enemy Tank is checking targeting info...
<<<20:25:38:488069>>>  Enemy Tank increased launch speed one unit...
<<<20:25:38:503157>>>  Player Tank is being animated...
<<<20:25:38:504048>>>
* Player Tank has advanced to next frame...
* <Surface(40x40x32 SW)> selected...
<<<20:25:38:504048>>>  Enemy Tank is being animated...
<<<20:25:38:504048>>>
* Enemy Tank has advanced to next frame...
* <Surface(40x40x32 SW)> selected...
<<<20:25:38:505046>>>  Enemy Tank is checking targeting info...
<<<20:25:38:505046>>>  Enemy Tank increased launch speed one unit...
<<<20:25:38:519382>>>  Player Tank is being animated...
<<<20:25:38:519382>>>  Enemy Tank is being animated...
<<<20:25:38:520420>>>  Enemy Tank is checking targeting info...
<<<20:25:38:520420>>>  Enemy Tank increased launch speed one unit...
<<<20:25:38:536449>>>  Player Tank is being animated...
<<<20:25:38:536449>>>
* Player Tank has advanced to next frame...
* <Surface(40x40x32 SW)> selected...
<<<20:25:38:536449>>>  Enemy Tank is being animated...
<<<20:25:38:536449>>>
* Enemy Tank has advanced to next frame...
* <Surface(40x40x32 SW)> selected...
<<<20:25:38:537447>>>  Enemy Tank is checking targeting info...
<<<20:25:38:537447>>>  Enemy Tank increased launch speed one unit...
<<<20:25:38:551929>>>  Player Tank is being animated...
<<<20:25:38:551929>>>  Enemy Tank is being animated...
<<<20:25:38:552962>>>  Enemy Tank is checking targeting info...
<<<20:25:38:552962>>>  Enemy Tank increased launch speed one unit...
<<<20:25:38:568136>>>  Player Tank is being animated...
<<<20:25:38:568136>>>
* Player Tank has advanced to next frame...
* <Surface(40x40x32 SW)> selected...
<<<20:25:38:568136>>>  Enemy Tank is being animated...
<<<20:25:38:568136>>>
* Enemy Tank has advanced to next frame...
* <Surface(40x40x32 SW)> selected...
<<<20:25:38:569137>>>  Enemy Tank is checking targeting info...
<<<20:25:38:569137>>>  Enemy Tank increased launch speed one unit...
<<<20:25:38:585158>>>  Player Tank is being animated...
<<<20:25:38:586157>>>
* Player Tank has advanced to next frame...
* <Surface(40x40x32 SW)> selected...
<<<20:25:38:586157>>>  Enemy Tank is being animated...
<<<20:25:38:586157>>>
* Enemy Tank has advanced to next frame...
* <Surface(40x40x32 SW)> selected...
<<<20:25:38:587154>>>  Enemy Tank is checking targeting info...
<<<20:25:38:587154>>>  Enemy Tank increased launch speed one unit...
<<<20:25:38:601495>>>  Player Tank is being animated...
<<<20:25:38:602537>>>  Enemy Tank is being animated...
<<<20:25:38:602537>>>  Enemy Tank is checking targeting info...
<<<20:25:38:603524>>>  Enemy Tank increased launch speed one unit...
<<<20:25:38:617583>>>  Player Tank is being animated...
<<<20:25:38:617583>>>
* Player Tank has advanced to next frame...
* <Surface(40x40x32 SW)> selected...
<<<20:25:38:617583>>>  Enemy Tank is being animated...
<<<20:25:38:618616>>>
* Enemy Tank has advanced to next frame...
* <Surface(40x40x32 SW)> selected...
<<<20:25:38:618616>>>  Enemy Tank is checking targeting info...
<<<20:25:38:618616>>>  Enemy Tank increased launch speed one unit...
<<<20:25:38:633747>>>  Player Tank is being animated...
<<<20:25:38:633747>>>  Enemy Tank is being animated...
<<<20:25:38:634746>>>  Enemy Tank is checking targeting info...
<<<20:25:38:634746>>>  Enemy Tank increased launch speed one unit...
<<<20:25:38:649825>>>  Player Tank is being animated...
<<<20:25:38:649825>>>
* Player Tank has advanced to next frame...
* <Surface(40x40x32 SW)> selected...
<<<20:25:38:649825>>>  Enemy Tank is being animated...
<<<20:25:38:649825>>>
* Enemy Tank has advanced to next frame...
* <Surface(40x40x32 SW)> selected...
<<<20:25:38:650824>>>  Enemy Tank is checking targeting info...
<<<20:25:38:650824>>>  Enemy Tank increased launch speed one unit...
<<<20:25:38:666107>>>  Player Tank is being animated...
<<<20:25:38:666107>>>  Enemy Tank is being animated...
<<<20:25:38:667143>>>  Enemy Tank is checking targeting info...
<<<20:25:38:667143>>>  Enemy Tank increased launch speed one unit...
<<<20:25:38:683582>>>  Player Tank is being animated...
<<<20:25:38:683582>>>
* Player Tank has advanced to next frame...
* <Surface(40x40x32 SW)> selected...
<<<20:25:38:683582>>>  Enemy Tank is being animated...
<<<20:25:38:683582>>>
* Enemy Tank has advanced to next frame...
* <Surface(40x40x32 SW)> selected...
<<<20:25:38:684581>>>  Enemy Tank is checking targeting info...
<<<20:25:38:684581>>>  Enemy Tank increased launch speed one unit...
<<<20:25:38:699831>>>  Player Tank is being animated...
<<<20:25:38:699831>>>  Enemy Tank is being animated...
<<<20:25:38:700830>>>  Enemy Tank is checking targeting info...
<<<20:25:38:700830>>>  Enemy Tank increased launch speed one unit...
<<<20:25:38:716881>>>  Player Tank is being animated...
<<<20:25:38:716881>>>
* Player Tank has advanced to next frame...
* <Surface(40x40x32 SW)> selected...
<<<20:25:38:716881>>>  Enemy Tank is being animated...
<<<20:25:38:716881>>>
* Enemy Tank has advanced to next frame...
* <Surface(40x40x32 SW)> selected...
<<<20:25:38:717879>>>  Enemy Tank is checking targeting info...
<<<20:25:38:717879>>>  Enemy Tank increased launch speed one unit...
<<<20:25:38:732189>>>  Player Tank is being animated...
<<<20:25:38:732189>>>  Enemy Tank is being animated...
<<<20:25:38:733191>>>  Enemy Tank is checking targeting info...
<<<20:25:38:733191>>>  Enemy Tank increased launch speed one unit...
<<<20:25:38:747672>>>  Player Tank is being animated...
<<<20:25:38:747672>>>
* Player Tank has advanced to next frame...
* <Surface(40x40x32 SW)> selected...
<<<20:25:38:747672>>>  Enemy Tank is being animated...
<<<20:25:38:747672>>>
* Enemy Tank has advanced to next frame...
* <Surface(40x40x32 SW)> selected...
<<<20:25:38:748671>>>  Enemy Tank is checking targeting info...
<<<20:25:38:748671>>>  Enemy Tank increased launch speed one unit...
<<<20:25:38:764322>>>  Player Tank is being animated...
<<<20:25:38:764322>>>  Enemy Tank is being animated...
<<<20:25:38:766352>>>  Enemy Tank is checking targeting info...
<<<20:25:38:766352>>>  Enemy Tank increased launch speed one unit...
<<<20:25:38:780734>>>  Player Tank is being animated...
<<<20:25:38:780734>>>
* Player Tank has advanced to next frame...
* <Surface(40x40x32 SW)> selected...
<<<20:25:38:780734>>>  Enemy Tank is being animated...
<<<20:25:38:780734>>>
* Enemy Tank has advanced to next frame...
* <Surface(40x40x32 SW)> selected...
<<<20:25:38:781733>>>  Enemy Tank is checking targeting info...
<<<20:25:38:781733>>>  Enemy Tank increased launch speed one unit...
<<<20:25:38:796900>>>  Player Tank is being animated...
<<<20:25:38:797931>>>
* Player Tank has advanced to next frame...
* <Surface(40x40x32 SW)> selected...
<<<20:25:38:797931>>>  Enemy Tank is being animated...
<<<20:25:38:797931>>>
* Enemy Tank has advanced to next frame...
* <Surface(40x40x32 SW)> selected...
<<<20:25:38:798929>>>  Enemy Tank is checking targeting info...
<<<20:25:38:798929>>>  Enemy Tank increased launch speed one unit...
<<<20:25:38:814098>>>  Player Tank is being animated...
<<<20:25:38:814098>>>  Enemy Tank is being animated...
<<<20:25:38:815096>>>  Enemy Tank is checking targeting info...
<<<20:25:38:815096>>>  Enemy Tank increased launch speed one unit...
<<<20:25:38:829396>>>  Player Tank is being animated...
<<<20:25:38:829396>>>
* Player Tank has advanced to next frame...
* <Surface(40x40x32 SW)> selected...
<<<20:25:38:829396>>>  Enemy Tank is being animated...
<<<20:25:38:829396>>>
* Enemy Tank has advanced to next frame...
* <Surface(40x40x32 SW)> selected...
<<<20:25:38:830429>>>  Enemy Tank is checking targeting info...
<<<20:25:38:830429>>>  Enemy Tank increased launch speed one unit...
<<<20:25:38:845672>>>  Player Tank is being animated...
<<<20:25:38:845672>>>  Enemy Tank is being animated...
<<<20:25:38:846687>>>
* Enemy Tank has advanced to next frame...
* <Surface(40x40x32 SW)> selected...
<<<20:25:38:847668>>>  Enemy Tank is checking targeting info...
<<<20:25:38:847668>>>  Enemy Tank increased launch speed one unit...
<<<20:25:38:863671>>>  Player Tank is being animated...
<<<20:25:38:863671>>>
* Player Tank has advanced to next frame...
* <Surface(40x40x32 SW)> selected...
<<<20:25:38:863671>>>  Enemy Tank is being animated...
<<<20:25:38:863671>>>
* Enemy Tank has advanced to next frame...
* <Surface(40x40x32 SW)> selected...
<<<20:25:38:864666>>>  Enemy Tank is checking targeting info...
<<<20:25:38:864666>>>  Enemy Tank increased launch speed one unit...
<<<20:25:38:879149>>>  Player Tank is being animated...
<<<20:25:38:879149>>>  Enemy Tank is being animated...
<<<20:25:38:880148>>>  Enemy Tank is checking targeting info...
<<<20:25:38:880148>>>  Enemy Tank increased launch speed one unit...
<<<20:25:38:896268>>>  Player Tank is being animated...
<<<20:25:38:896268>>>
* Player Tank has advanced to next frame...
* <Surface(40x40x32 SW)> selected...
<<<20:25:38:896268>>>  Enemy Tank is being animated...
<<<20:25:38:896268>>>
* Enemy Tank has advanced to next frame...
* <Surface(40x40x32 SW)> selected...
<<<20:25:38:897306>>>  Enemy Tank is checking targeting info...
<<<20:25:38:897306>>>  Enemy Tank increased launch speed one unit...
<<<20:25:38:913675>>>  Player Tank is being animated...
<<<20:25:38:913675>>>
* Player Tank has advanced to next frame...
* <Surface(40x40x32 SW)> selected...
<<<20:25:38:913675>>>  Enemy Tank is being animated...
<<<20:25:38:913675>>>
* Enemy Tank has advanced to next frame...
* <Surface(40x40x32 SW)> selected...
<<<20:25:38:914668>>>  Enemy Tank is checking targeting info...
<<<20:25:38:914668>>>  Enemy Tank increased launch speed one unit...
<<<20:25:38:929262>>>  Player Tank is being animated...
<<<20:25:38:929262>>>  Enemy Tank is being animated...
<<<20:25:38:930261>>>  Enemy Tank is checking targeting info...
<<<20:25:38:930261>>>  Enemy Tank increased launch speed one unit...
<<<20:25:38:946264>>>  Player Tank is being animated...
<<<20:25:38:946264>>>
* Player Tank has advanced to next frame...
* <Surface(40x40x32 SW)> selected...
<<<20:25:38:946264>>>  Enemy Tank is being animated...
<<<20:25:38:946264>>>
* Enemy Tank has advanced to next frame...
* <Surface(40x40x32 SW)> selected...
<<<20:25:38:947262>>>  Enemy Tank is checking targeting info...
<<<20:25:38:947262>>>  Enemy Tank increased launch speed one unit...
<<<20:25:38:962762>>>  Player Tank is being animated...
<<<20:25:38:962762>>>  Enemy Tank is being animated...
<<<20:25:38:963790>>>  Enemy Tank is checking targeting info...
<<<20:25:38:963790>>>  Enemy Tank increased launch speed one unit...
<<<20:25:38:978234>>>  Player Tank is being animated...
<<<20:25:38:978234>>>
* Player Tank has advanced to next frame...
* <Surface(40x40x32 SW)> selected...
<<<20:25:38:978234>>>  Enemy Tank is being animated...
<<<20:25:38:978234>>>
* Enemy Tank has advanced to next frame...
* <Surface(40x40x32 SW)> selected...
<<<20:25:38:979265>>>  Enemy Tank is checking targeting info...
<<<20:25:38:979265>>>  Enemy Tank increased launch speed one unit...
<<<20:25:38:995575>>>  Player Tank is being animated...
<<<20:25:38:995575>>>
* Player Tank has advanced to next frame...
* <Surface(40x40x32 SW)> selected...
<<<20:25:38:995575>>>  Enemy Tank is being animated...
<<<20:25:38:995575>>>
* Enemy Tank has advanced to next frame...
* <Surface(40x40x32 SW)> selected...
<<<20:25:38:996579>>>  Enemy Tank is checking targeting info...
<<<20:25:38:996579>>>  Enemy Tank increased launch speed one unit...
<<<20:25:39:011102>>>  Player Tank is being animated...
<<<20:25:39:011102>>>  Enemy Tank is being animated...
<<<20:25:39:012133>>>  Enemy Tank is checking targeting info...
<<<20:25:39:012133>>>  Enemy Tank increased launch speed one unit...
<<<20:25:39:028274>>>  Player Tank is being animated...
<<<20:25:39:028274>>>
* Player Tank has advanced to next frame...
* <Surface(40x40x32 SW)> selected...
<<<20:25:39:028274>>>  Enemy Tank is being animated...
<<<20:25:39:028274>>>
* Enemy Tank has advanced to next frame...
* <Surface(40x40x32 SW)> selected...
<<<20:25:39:029274>>>  Enemy Tank is checking targeting info...
<<<20:25:39:029274>>>  Enemy Tank increased launch speed one unit...
<<<20:25:39:044469>>>  Player Tank is being animated...
<<<20:25:39:044469>>>  Enemy Tank is being animated...
<<<20:25:39:045500>>>  Enemy Tank is checking targeting info...
<<<20:25:39:045500>>>  Enemy Tank increased launch speed one unit...
<<<20:25:39:060640>>>  Player Tank is being animated...
<<<20:25:39:060640>>>
* Player Tank has advanced to next frame...
* <Surface(40x40x32 SW)> selected...
<<<20:25:39:060640>>>  Enemy Tank is being animated...
<<<20:25:39:061639>>>
* Enemy Tank has advanced to next frame...
* <Surface(40x40x32 SW)> selected...
<<<20:25:39:061639>>>  Enemy Tank is checking targeting info...
<<<20:25:39:061639>>>  Enemy Tank increased launch speed one unit...
<<<20:25:39:078354>>>  Player Tank is being animated...
<<<20:25:39:078354>>>
* Player Tank has advanced to next frame...
* <Surface(40x40x32 SW)> selected...
<<<20:25:39:078354>>>  Enemy Tank is being animated...
<<<20:25:39:078354>>>
* Enemy Tank has advanced to next frame...
* <Surface(40x40x32 SW)> selected...
<<<20:25:39:079353>>>  Enemy Tank is checking targeting info...
<<<20:25:39:079353>>>  Enemy Tank firing solution within tolerances, not adjusting firing solution...
<<<20:25:39:079353>>>  Enemy Tank attempting to fire cannonball...
<<<20:25:39:094231>>>  Player Tank is being animated...
<<<20:25:39:094231>>>  Enemy Tank is being animated...
<<<20:25:39:095230>>>  Enemy Tank chose to move to 5.6127, cururently at 4.7124.
<<<20:25:39:095230>>>  Enemy Tank moved one unit CCW...
<<<20:25:39:095230>>>  Enemy Tank chose to move...
<<<20:25:39:110475>>>  Player Tank is being animated...
<<<20:25:39:111474>>>
* Player Tank has advanced to next frame...
* <Surface(40x40x32 SW)> selected...
<<<20:25:39:111474>>>  Enemy Tank moved one unit CCW...
<<<20:25:39:127613>>>  Player Tank is being animated...
<<<20:25:39:127613>>>
* Player Tank has advanced to next frame...
* <Surface(40x40x32 SW)> selected...
<<<20:25:39:128611>>>  Enemy Tank moved one unit CCW...
<<<20:25:39:143536>>>  Player Tank is being animated...
<<<20:25:39:144537>>>  Enemy Tank moved one unit CCW...
<<<20:25:39:159525>>>  Player Tank is being animated...
<<<20:25:39:160557>>>
* Player Tank has advanced to next frame...
* <Surface(40x40x32 SW)> selected...
<<<20:25:39:161559>>>  Enemy Tank moved one unit CCW...
<<<20:25:39:175252>>>  Player Tank is being animated...
<<<20:25:39:177248>>>  Enemy Tank moved one unit CCW...
<<<20:25:39:192596>>>  Player Tank is being animated...
<<<20:25:39:192596>>>
* Player Tank has advanced to next frame...
* <Surface(40x40x32 SW)> selected...
<<<20:25:39:193590>>>  Enemy Tank moved one unit CCW...
<<<20:25:39:208466>>>  Player Tank is being animated...
<<<20:25:39:209493>>>  Enemy Tank moved one unit CCW...
<<<20:25:39:225111>>>  Player Tank is being animated...
<<<20:25:39:225111>>>
* Player Tank has advanced to next frame...
* <Surface(40x40x32 SW)> selected...
<<<20:25:39:226111>>>  Enemy Tank moved one unit CCW...
<<<20:25:39:242324>>>  Player Tank is being animated...
<<<20:25:39:243359>>>
* Player Tank has advanced to next frame...
* <Surface(40x40x32 SW)> selected...
<<<20:25:39:244352>>>  Enemy Tank moved one unit CCW...
<<<20:25:39:259500>>>  Player Tank is being animated...
<<<20:25:39:260498>>>  Enemy Tank moved one unit CCW...
<<<20:25:39:274948>>>  Player Tank is being animated...
<<<20:25:39:274948>>>
* Player Tank has advanced to next frame...
* <Surface(40x40x32 SW)> selected...
<<<20:25:39:275947>>>  Enemy Tank moved one unit CCW...
<<<20:25:39:291157>>>  Player Tank is being animated...
<<<20:25:39:292191>>>  Enemy Tank moved one unit CCW...
<<<20:25:39:308316>>>  Player Tank is being animated...
<<<20:25:39:308316>>>
* Player Tank has advanced to next frame...
* <Surface(40x40x32 SW)> selected...
<<<20:25:39:309311>>>  Enemy Tank moved one unit CCW...
<<<20:25:39:323880>>>  Player Tank is being animated...
<<<20:25:39:324880>>>  Enemy Tank moved one unit CCW...
<<<20:25:39:340239>>>  Player Tank is being animated...
<<<20:25:39:340239>>>
* Player Tank has advanced to next frame...
* <Surface(40x40x32 SW)> selected...
<<<20:25:39:341238>>>  Enemy Tank moved one unit CCW...
<<<20:25:39:356207>>>  Player Tank is being animated...
<<<20:25:39:357241>>>  Enemy Tank moved one unit CCW...
<<<20:25:39:372330>>>  Player Tank is being animated...
<<<20:25:39:372330>>>
* Player Tank has advanced to next frame...
* <Surface(40x40x32 SW)> selected...
<<<20:25:39:373364>>>  Enemy Tank moved one unit CCW...
<<<20:25:39:389555>>>  Player Tank is being animated...
<<<20:25:39:389555>>>
* Player Tank has advanced to next frame...
* <Surface(40x40x32 SW)> selected...
<<<20:25:39:390552>>>  Enemy Tank moved one unit CCW...
<<<20:25:39:405619>>>  Player Tank is being animated...
<<<20:25:39:406619>>>  Enemy Tank moved one unit CCW...
<<<20:25:39:423255>>>  Player Tank is being animated...
<<<20:25:39:423255>>>
* Player Tank has advanced to next frame...
* <Surface(40x40x32 SW)> selected...
<<<20:25:39:424283>>>  Enemy Tank moved one unit CCW...
<<<20:25:39:439959>>>  Player Tank is being animated...
<<<20:25:39:439959>>>
* Player Tank has advanced to next frame...
* <Surface(40x40x32 SW)> selected...
<<<20:25:39:440958>>>  Enemy Tank moved one unit CCW...
<<<20:25:39:454422>>>  Player Tank is being animated...
<<<20:25:39:455421>>>  Enemy Tank moved one unit CCW...
<<<20:25:39:470598>>>  Player Tank is being animated...
<<<20:25:39:470598>>>
* Player Tank has advanced to next frame...
* <Surface(40x40x32 SW)> selected...
<<<20:25:39:471631>>>  Enemy Tank moved one unit CCW...
<<<20:25:39:487676>>>  Player Tank is being animated...
<<<20:25:39:487676>>>
* Player Tank has advanced to next frame...
* <Surface(40x40x32 SW)> selected...
<<<20:25:39:488673>>>  Enemy Tank moved one unit CCW...
<<<20:25:39:503171>>>  Player Tank is being animated...
<<<20:25:39:504170>>>  Enemy Tank moved one unit CCW...
<<<20:25:39:519346>>>  Player Tank is being animated...
<<<20:25:39:519346>>>
* Player Tank has advanced to next frame...
* <Surface(40x40x32 SW)> selected...
<<<20:25:39:520347>>>  Enemy Tank moved one unit CCW...
<<<20:25:39:537252>>>  Player Tank is being animated...
<<<20:25:39:537252>>>
* Player Tank has advanced to next frame...
* <Surface(40x40x32 SW)> selected...
<<<20:25:39:538250>>>  Enemy Tank moved one unit CCW...
<<<20:25:39:554367>>>  Player Tank is being animated...
<<<20:25:39:554367>>>
* Player Tank has advanced to next frame...
* <Surface(40x40x32 SW)> selected...
<<<20:25:39:555364>>>  Enemy Tank moved one unit CCW...
<<<20:25:39:569649>>>  Player Tank is being animated...
<<<20:25:39:571647>>>  Enemy Tank moved one unit CCW...
<<<20:25:39:586031>>>  Player Tank is being animated...
<<<20:25:39:586031>>>
* Player Tank has advanced to next frame...
* <Surface(40x40x32 SW)> selected...
<<<20:25:39:587063>>>  Enemy Tank moved one unit CCW...
<<<20:25:39:603366>>>  Player Tank is being animated...
<<<20:25:39:603366>>>
* Player Tank has advanced to next frame...
* <Surface(40x40x32 SW)> selected...
<<<20:25:39:604366>>>  Enemy Tank moved one unit CCW...
<<<20:25:39:620415>>>  Player Tank is being animated...
<<<20:25:39:620415>>>
* Player Tank has advanced to next frame...
* <Surface(40x40x32 SW)> selected...
<<<20:25:39:621420>>>  Enemy Tank moved one unit CCW...
<<<20:25:39:635826>>>  Player Tank is being animated...
<<<20:25:39:636858>>>  Enemy Tank moved one unit CCW...
<<<20:25:39:653337>>>  Player Tank is being animated...
<<<20:25:39:653337>>>
* Player Tank has advanced to next frame...
* <Surface(40x40x32 SW)> selected...
<<<20:25:39:654368>>>  Enemy Tank moved one unit CCW...
<<<20:25:39:669613>>>  Player Tank is being animated...
<<<20:25:39:670613>>>  Enemy Tank moved one unit CCW...
<<<20:25:39:685100>>>  Player Tank is being animated...
<<<20:25:39:685100>>>
* Player Tank has advanced to next frame...
* <Surface(40x40x32 SW)> selected...
<<<20:25:39:686099>>>  Enemy Tank moved one unit CCW...
<<<20:25:39:702763>>>  Player Tank is being animated...
<<<20:25:39:702763>>>
* Player Tank has advanced to next frame...
* <Surface(40x40x32 SW)> selected...
<<<20:25:39:703760>>>  Enemy Tank moved one unit CCW...
<<<20:25:39:717263>>>  Player Tank is being animated...
<<<20:25:39:718293>>>  Enemy Tank moved one unit CCW...
<<<20:25:39:734049>>>  Player Tank is being animated...
<<<20:25:39:734049>>>
* Player Tank has advanced to next frame...
* <Surface(40x40x32 SW)> selected...
<<<20:25:39:735048>>>  Enemy Tank moved one unit CCW...
<<<20:25:39:749650>>>  Player Tank is being animated...
<<<20:25:39:750681>>>  Enemy Tank moved one unit CCW...
<<<20:25:39:766654>>>  Player Tank is being animated...
<<<20:25:39:766654>>>
* Player Tank has advanced to next frame...
* <Surface(40x40x32 SW)> selected...
<<<20:25:39:767653>>>  Enemy Tank moved one unit CCW...
<<<20:25:39:784356>>>  Player Tank is being animated...
<<<20:25:39:784356>>>
* Player Tank has advanced to next frame...
* <Surface(40x40x32 SW)> selected...
<<<20:25:39:785353>>>  Enemy Tank moved one unit CCW...
<<<20:25:39:801423>>>  Player Tank is being animated...
<<<20:25:39:801423>>>
* Player Tank has advanced to next frame...
* <Surface(40x40x32 SW)> selected...
<<<20:25:39:802421>>>  Enemy Tank moved one unit CCW...
<<<20:25:39:816781>>>  Player Tank is being animated...
<<<20:25:39:817818>>>  Enemy Tank moved one unit CCW...
<<<20:25:39:833378>>>  Player Tank is being animated...
<<<20:25:39:833378>>>
* Player Tank has advanced to next frame...
* <Surface(40x40x32 SW)> selected...
<<<20:25:39:834377>>>  Enemy Tank moved one unit CCW...
<<<20:25:39:850238>>>  Player Tank is being animated...
<<<20:25:39:850238>>>
* Player Tank has advanced to next frame...
* <Surface(40x40x32 SW)> selected...
<<<20:25:39:851237>>>  Enemy Tank moved one unit CCW...
<<<20:25:39:866425>>>  Player Tank is being animated...
<<<20:25:39:867458>>>  Enemy Tank moved one unit CCW...
<<<20:25:39:884170>>>  Player Tank is being animated...
<<<20:25:39:884170>>>
* Player Tank has advanced to next frame...
* <Surface(40x40x32 SW)> selected...
<<<20:25:39:885168>>>  Enemy Tank moved one unit CCW...
<<<20:25:39:899660>>>  Player Tank is being animated...
<<<20:25:39:901690>>>  Enemy Tank moved one unit CCW...
<<<20:25:39:916096>>>  Player Tank is being animated...
<<<20:25:39:916096>>>
* Player Tank has advanced to next frame...
* <Surface(40x40x32 SW)> selected...
<<<20:25:39:918130>>>  Enemy Tank moved one unit CCW...
<<<20:25:39:933954>>>  Player Tank is being animated...
<<<20:25:39:933954>>>
* Player Tank has advanced to next frame...
* <Surface(40x40x32 SW)> selected...
<<<20:25:39:950422>>>  Player Tank is being animated...
<<<20:25:39:951423>>>  Enemy Tank chose to move to 5.0993, cururently at 5.6025.
<<<20:25:39:951423>>>  Enemy Tank moved one unit CW...
<<<20:25:39:951423>>>  Enemy Tank chose to move...
<<<20:25:39:966728>>>  Player Tank is being animated...
<<<20:25:39:966728>>>
* Player Tank has advanced to next frame...
* <Surface(40x40x32 SW)> selected...
<<<20:25:39:967727>>>  Enemy Tank moved one unit CW...
<<<20:25:39:982167>>>  Player Tank is being animated...
<<<20:25:39:983203>>>  Enemy Tank moved one unit CW...
<<<20:25:39:998399>>>  Player Tank is being animated...
<<<20:25:39:998399>>>
* Player Tank has advanced to next frame...
* <Surface(40x40x32 SW)> selected...
<<<20:25:39:999402>>>  Enemy Tank moved one unit CW...
<<<20:25:40:015322>>>  Player Tank is being animated...
<<<20:25:40:015322>>>
* Player Tank has advanced to next frame...
* <Surface(40x40x32 SW)> selected...
<<<20:25:40:016319>>>  Enemy Tank moved one unit CW...
<<<20:25:40:031887>>>  Player Tank is being animated...
<<<20:25:40:032882>>>  Enemy Tank moved one unit CW...
<<<20:25:40:049128>>>  Player Tank is being animated...
<<<20:25:40:049128>>>
* Player Tank has advanced to next frame...
* <Surface(40x40x32 SW)> selected...
<<<20:25:40:050114>>>  Enemy Tank moved one unit CW...
<<<20:25:40:064391>>>  Player Tank is being animated...
<<<20:25:40:065424>>>  Enemy Tank moved one unit CW...
<<<20:25:40:080683>>>  Player Tank is being animated...
<<<20:25:40:080683>>>
* Player Tank has advanced to next frame...
* <Surface(40x40x32 SW)> selected...
<<<20:25:40:081717>>>  Enemy Tank moved one unit CW...
<<<20:25:40:096887>>>  Player Tank is being animated...
<<<20:25:40:097920>>>  Enemy Tank moved one unit CW...
<<<20:25:40:113857>>>  Player Tank is being animated...
<<<20:25:40:113857>>>
* Player Tank has advanced to next frame...
* <Surface(40x40x32 SW)> selected...
<<<20:25:40:114851>>>  Enemy Tank moved one unit CW...
<<<20:25:40:128247>>>  Player Tank is being animated...
<<<20:25:40:129289>>>  Enemy Tank moved one unit CW...
<<<20:25:40:145441>>>  Player Tank is being animated...
<<<20:25:40:145441>>>
* Player Tank has advanced to next frame...
* <Surface(40x40x32 SW)> selected...
<<<20:25:40:146438>>>  Enemy Tank moved one unit CW...
<<<20:25:40:162171>>>  Player Tank is being animated...
<<<20:25:40:162171>>>
* Player Tank has advanced to next frame...
* <Surface(40x40x32 SW)> selected...
<<<20:25:40:163171>>>  Enemy Tank moved one unit CW...
<<<20:25:40:177691>>>  Player Tank is being animated...
<<<20:25:40:178721>>>  Enemy Tank moved one unit CW...
<<<20:25:40:193825>>>  Player Tank is being animated...
<<<20:25:40:193825>>>
* Player Tank has advanced to next frame...
* <Surface(40x40x32 SW)> selected...
<<<20:25:40:194855>>>  Enemy Tank moved one unit CW...
<<<20:25:40:210843>>>  Player Tank is being animated...
<<<20:25:40:210843>>>
* Player Tank has advanced to next frame...
* <Surface(40x40x32 SW)> selected...
<<<20:25:40:211841>>>  Enemy Tank moved one unit CW...
<<<20:25:40:226292>>>  Player Tank is being animated...
<<<20:25:40:227323>>>  Enemy Tank moved one unit CW...
<<<20:25:40:242487>>>  Player Tank is being animated...
<<<20:25:40:243374>>>
* Player Tank has advanced to next frame...
* <Surface(40x40x32 SW)> selected...
<<<20:25:40:244372>>>  Enemy Tank moved one unit CW...
<<<20:25:40:259615>>>  Player Tank is being animated...
<<<20:25:40:260598>>>  Enemy Tank moved one unit CW...
<<<20:25:40:276988>>>  Player Tank is being animated...
<<<20:25:40:276988>>>
* Player Tank has advanced to next frame...
* <Surface(40x40x32 SW)> selected...
<<<20:25:40:277985>>>  Enemy Tank moved one unit CW...
<<<20:25:40:292335>>>  Player Tank is being animated...
<<<20:25:40:293333>>>  Enemy Tank moved one unit CW...
<<<20:25:40:308203>>>  Player Tank is being animated...
<<<20:25:40:308203>>>
* Player Tank has advanced to next frame...
* <Surface(40x40x32 SW)> selected...
<<<20:25:40:309202>>>  Enemy Tank moved one unit CW...
<<<20:25:40:323507>>>  Player Tank is being animated...
<<<20:25:40:325536>>>  Enemy Tank moved one unit CW...
<<<20:25:40:339859>>>  Player Tank is being animated...
<<<20:25:40:339859>>>
* Player Tank has advanced to next frame...
* <Surface(40x40x32 SW)> selected...
<<<20:25:40:340891>>>  Enemy Tank moved one unit CW...
<<<20:25:40:355905>>>  Player Tank is being animated...
<<<20:25:40:356937>>>  Enemy Tank moved one unit CW...
<<<20:25:40:373145>>>  Player Tank is being animated...
<<<20:25:40:373145>>>
* Player Tank has advanced to next frame...
* <Surface(40x40x32 SW)> selected...
<<<20:25:40:374173>>>  Enemy Tank moved one unit CW...
<<<20:25:40:388892>>>  Player Tank is being animated...
<<<20:25:40:389892>>>  Enemy Tank moved one unit CW...
<<<20:25:40:405622>>>  Player Tank is being animated...
<<<20:25:40:405622>>>
* Player Tank has advanced to next frame...
* <Surface(40x40x32 SW)> selected...
<<<20:25:40:406621>>>
* INFORMATION FOR Player Tank's CANNONBALLS:
* Cannonballs in memory for Player Tank:  1.
* Total cannonballs fired or chambered for Player Tank:  1.
<<<20:25:40:406621>>>
* CURRENT VALUES FOR CELESTIAL BODY:  Player Tank's Cannonball #1
* This is not the homeworld.
* The celestial boyd's density is 5515 kg/m^3.
* The celestial body's mass is 1000 kg.
* The Earth's mass is 5.972e+24 kg.
* The celestial body's radius is 0.001 km.
* The celestial body's coordinates are (-10.064329534204294, 6316.804436380116).
* The celestial body's velocity is (0.0022819177525784233, 5.599002062571591).
* The celestial body's speed is 5.599002527578422 km/s.
* The celestial body's acceleration is (0, 0).
* The celestial body's screen x and y coordinates are (767, 346).
* The celestial body's screen radius is 2.
* The celestial is using a body circle.
<<<20:25:40:406621>>>
* ADDITIONAL INFORMATION FOR Player Tank's Cannonball #1:
* This cannonball is chambered.
<<<20:25:40:407618>>>
* INFORMATION FOR Enemy Tank's CANNONBALLS:
* Cannonballs in memory for Enemy Tank:  1.
* Total cannonballs fired or chambered for Enemy Tank:  1.
<<<20:25:40:407618>>>
* CURRENT VALUES FOR CELESTIAL BODY:  Enemy Tank's Cannonball #1
* This is not the homeworld.
* The celestial boyd's density is 5515 kg/m^3.
* The celestial body's mass is 1000 kg.
* The Earth's mass is 5.972e+24 kg.
* The celestial body's radius is 0.001 km.
* The celestial body's coordinates are (-7165.489125001681, -7601.035525620628).
* The celestial body's velocity is (-7.836395280999335, 0.2711573013162793).
* The celestial body's speed is 7.841085210742565 km/s.
* The celestial body's acceleration is (0.002518158893304057, 0.00271280695578184).
* The celestial body's screen x and y coordinates are (670, 535).
* The celestial body's screen radius is 2.
* The celestial is using a body circle.
<<<20:25:40:407618>>>
* ADDITIONAL INFORMATION FOR Enemy Tank's Cannonball #1:
* This cannonball is active.
* This ball is armed.
<<<20:25:40:407618>>>  Quit through pygame and writing log file...
