<<<15:48:49:773356>>>
* Screen coordinates (52, 28) choosen in zone #1.
* Screen dimensions are 1600 wide by 900 high.
* Minimum (x, y) are (0, 0).
* Maximum (x, y) are (266, 150).
* Mid (x, y) are (133, 75).
<<<15:48:49:773356>>>  Image at Pix\Faraway_Objects\Comets\5.png choosen for background...
<<<15:48:49:773356>>>
* Screen coordinates (113, 849) choosen in zone #7.
* Screen dimensions are 1600 wide by 900 high.
* Minimum (x, y) are (0, 750).
* Maximum (x, y) are (266, 900).
* Mid (x, y) are (133, 825).
<<<15:48:49:773356>>>  Image at Pix\Faraway_Objects\Black_Holes\1.png choosen for background...
<<<15:48:49:774439>>>
* Screen coordinates (157, 611) choosen in zone #8.
* Screen dimensions are 1600 wide by 900 high.
* Minimum (x, y) are (0, 150).
* Maximum (x, y) are (266, 750).
* Mid (x, y) are (133, 450).
<<<15:48:49:774439>>>  Image at Pix\Faraway_Objects\Quasars\1.png choosen for background...
<<<15:48:49:777797>>>  Pix\Homeworlds\Terran\14.png loaded as pixie for Earth and scaled to body circle...
<<<15:48:49:777797>>>  Image at Pix\Homeworlds\Terran\14.png chosen as homeworld pix for Earth's...
<<<15:48:49:778796>>>  Pix\Moons\9.png loaded as pixie for Moon #2 and scaled to body circle...
<<<15:48:49:809823>>>  Tank #1 Green Player Tank successfully created!
<<<15:48:49:840276>>>  Tank #2 Red AI Tank successfully created!
<<<15:48:49:874305>>>  Tank #3 Yellow AI Tank successfully created!
<<<15:48:49:879135>>>  Tank #2 Red AI Tank chose to move to 4.493, cururently at 3.6652.
<<<15:48:49:879135>>>  Tank #2 Red AI Tank moved one unit CCW...
<<<15:48:49:879135>>>  Tank #2 Red AI Tank chose to move...
<<<15:48:49:879135>>>  Tank #3 Yellow AI Tank chose to shoot...
<<<15:48:50:007206>>>  Tank #2 Red AI Tank moved one unit CCW...
<<<15:48:50:007206>>>  Tank #3 Yellow AI Tank is checking targeting info...
<<<15:48:50:007206>>>  Tank #3 Yellow AI Tank Launch angle not within tolerances, adjusting firing solution...
<<<15:48:50:007206>>>  Tank #3 Yellow AI Tank Launch speed not within tolerances, adjusting firing solution...
<<<15:48:50:007206>>>  Tank #3 Yellow AI Tank adjusted targeting angle one unit CW...
<<<15:48:50:138751>>>  Tank #2 Red AI Tank moved one unit CCW...
<<<15:48:50:138751>>>  Tank #3 Yellow AI Tank is checking targeting info...
<<<15:48:50:138751>>>  Tank #3 Yellow AI Tank Launch angle not within tolerances, adjusting firing solution...
<<<15:48:50:138751>>>  Tank #3 Yellow AI Tank Launch speed not within tolerances, adjusting firing solution...
<<<15:48:50:138751>>>  Tank #3 Yellow AI Tank adjusted targeting angle one unit CW...
<<<15:48:50:269718>>>  Tank #2 Red AI Tank moved one unit CCW...
<<<15:48:50:269718>>>  Tank #3 Yellow AI Tank is checking targeting info...
<<<15:48:50:269718>>>  Tank #3 Yellow AI Tank Launch angle not within tolerances, adjusting firing solution...
<<<15:48:50:269718>>>  Tank #3 Yellow AI Tank Launch speed not within tolerances, adjusting firing solution...
<<<15:48:50:269718>>>  Tank #3 Yellow AI Tank adjusted targeting angle one unit CW...
<<<15:48:50:404812>>>  Tank #2 Red AI Tank moved one unit CCW...
<<<15:48:50:404812>>>  Tank #3 Yellow AI Tank is checking targeting info...
<<<15:48:50:404812>>>  Tank #3 Yellow AI Tank Launch angle not within tolerances, adjusting firing solution...
<<<15:48:50:404812>>>  Tank #3 Yellow AI Tank Launch speed not within tolerances, adjusting firing solution...
<<<15:48:50:404812>>>  Tank #3 Yellow AI Tank adjusted targeting angle one unit CW...
<<<15:48:50:472668>>>  Tank #1 Green Player Tank chambered cannonball...
<<<15:48:50:472668>>>
* CURRENT VALUES FOR CELESTIAL BODY:  Tank #1 Green Player Tank's Cannonball #1
* This is not the homeworld.
* The celestial boyd's density is 5515 kg/m^3.
* The celestial body's mass is 1000 kg.
* The Earth's mass is 5.972e+24 kg.
* The celestial body's radius is 0.001 km.
* The celestial body's coordinates are (3.9011123786838936e-13, 6371.0).
* The celestial body's velocity is (0.0037734567343196412, 5.60425574047494).
* The celestial body's speed is 5.604257010846491 km/s.
* The celestial body's acceleration is (0, 0).
* The celestial body's screen x and y coordinates are (800, 360).
* The celestial body's screen radius is 2.
* The celestial is using a body circle.
<<<15:48:50:472668>>>
* ADDITIONAL INFORMATION FOR Tank #1 Green Player Tank's Cannonball #1:
* This cannonball is chambered.
<<<15:48:50:535174>>>  Tank #2 Red AI Tank moved one unit CCW...
<<<15:48:50:535174>>>  Tank #3 Yellow AI Tank is checking targeting info...
<<<15:48:50:535174>>>  Tank #3 Yellow AI Tank Launch angle not within tolerances, adjusting firing solution...
<<<15:48:50:535174>>>  Tank #3 Yellow AI Tank Launch speed not within tolerances, adjusting firing solution...
<<<15:48:50:535174>>>  Tank #3 Yellow AI Tank adjusted targeting angle one unit CW...
<<<15:48:50:668120>>>  Tank #2 Red AI Tank moved one unit CCW...
<<<15:48:50:668120>>>  Tank #3 Yellow AI Tank is checking targeting info...
<<<15:48:50:668120>>>  Tank #3 Yellow AI Tank Launch angle not within tolerances, adjusting firing solution...
<<<15:48:50:668120>>>  Tank #3 Yellow AI Tank Launch speed not within tolerances, adjusting firing solution...
<<<15:48:50:668120>>>  Tank #3 Yellow AI Tank adjusted targeting angle one unit CW...
<<<15:48:50:799085>>>  Tank #2 Red AI Tank moved one unit CCW...
<<<15:48:50:799085>>>  Tank #3 Yellow AI Tank is checking targeting info...
<<<15:48:50:799085>>>  Tank #3 Yellow AI Tank Launch angle not within tolerances, adjusting firing solution...
<<<15:48:50:799085>>>  Tank #3 Yellow AI Tank Launch speed not within tolerances, adjusting firing solution...
<<<15:48:50:799085>>>  Tank #3 Yellow AI Tank adjusted targeting angle one unit CW...
<<<15:48:50:927325>>>  Tank #2 Red AI Tank moved one unit CCW...
<<<15:48:50:927325>>>  Tank #3 Yellow AI Tank is checking targeting info...
<<<15:48:50:927325>>>  Tank #3 Yellow AI Tank Launch angle not within tolerances, adjusting firing solution...
<<<15:48:50:927325>>>  Tank #3 Yellow AI Tank Launch speed not within tolerances, adjusting firing solution...
<<<15:48:50:927325>>>  Tank #3 Yellow AI Tank adjusted targeting angle one unit CW...
<<<15:48:51:058647>>>  Tank #2 Red AI Tank moved one unit CCW...
<<<15:48:51:058647>>>  Tank #3 Yellow AI Tank is checking targeting info...
<<<15:48:51:058647>>>  Tank #3 Yellow AI Tank Launch angle not within tolerances, adjusting firing solution...
<<<15:48:51:058647>>>  Tank #3 Yellow AI Tank Launch speed not within tolerances, adjusting firing solution...
<<<15:48:51:058647>>>  Tank #3 Yellow AI Tank adjusted targeting angle one unit CW...
<<<15:48:51:189527>>>  Tank #2 Red AI Tank moved one unit CCW...
<<<15:48:51:189527>>>  Tank #3 Yellow AI Tank is checking targeting info...
<<<15:48:51:189527>>>  Tank #3 Yellow AI Tank Launch angle not within tolerances, adjusting firing solution...
<<<15:48:51:189527>>>  Tank #3 Yellow AI Tank Launch speed not within tolerances, adjusting firing solution...
<<<15:48:51:189527>>>  Tank #3 Yellow AI Tank adjusted targeting angle one unit CW...
<<<15:48:51:317966>>>  Tank #2 Red AI Tank moved one unit CCW...
<<<15:48:51:317966>>>  Tank #3 Yellow AI Tank is checking targeting info...
<<<15:48:51:317966>>>  Tank #3 Yellow AI Tank Launch angle not within tolerances, adjusting firing solution...
<<<15:48:51:317966>>>  Tank #3 Yellow AI Tank Launch speed not within tolerances, adjusting firing solution...
<<<15:48:51:317966>>>  Tank #3 Yellow AI Tank adjusted targeting angle one unit CW...
<<<15:48:51:447090>>>  Tank #2 Red AI Tank moved one unit CCW...
<<<15:48:51:447090>>>  Tank #3 Yellow AI Tank is checking targeting info...
<<<15:48:51:447090>>>  Tank #3 Yellow AI Tank Launch angle not within tolerances, adjusting firing solution...
<<<15:48:51:447090>>>  Tank #3 Yellow AI Tank Launch speed not within tolerances, adjusting firing solution...
<<<15:48:51:447090>>>  Tank #3 Yellow AI Tank adjusted targeting angle one unit CW...
<<<15:48:51:578252>>>  Tank #2 Red AI Tank moved one unit CCW...
<<<15:48:51:578252>>>  Tank #3 Yellow AI Tank is checking targeting info...
<<<15:48:51:578252>>>  Tank #3 Yellow AI Tank Launch angle not within tolerances, adjusting firing solution...
<<<15:48:51:578252>>>  Tank #3 Yellow AI Tank Launch speed not within tolerances, adjusting firing solution...
<<<15:48:51:578252>>>  Tank #3 Yellow AI Tank adjusted targeting angle one unit CW...
<<<15:48:51:707965>>>  Tank #2 Red AI Tank moved one unit CCW...
<<<15:48:51:707965>>>  Tank #3 Yellow AI Tank is checking targeting info...
<<<15:48:51:707965>>>  Tank #3 Yellow AI Tank Launch angle not within tolerances, adjusting firing solution...
<<<15:48:51:707965>>>  Tank #3 Yellow AI Tank Launch speed not within tolerances, adjusting firing solution...
<<<15:48:51:707965>>>  Tank #3 Yellow AI Tank adjusted targeting angle one unit CW...
<<<15:48:51:840462>>>  Tank #2 Red AI Tank moved one unit CCW...
<<<15:48:51:840462>>>  Tank #3 Yellow AI Tank is checking targeting info...
<<<15:48:51:840462>>>  Tank #3 Yellow AI Tank Launch angle not within tolerances, adjusting firing solution...
<<<15:48:51:840462>>>  Tank #3 Yellow AI Tank Launch speed not within tolerances, adjusting firing solution...
<<<15:48:51:840462>>>  Tank #3 Yellow AI Tank adjusted targeting angle one unit CW...
<<<15:48:51:971045>>>  Tank #2 Red AI Tank moved one unit CCW...
<<<15:48:51:971045>>>  Tank #3 Yellow AI Tank is checking targeting info...
<<<15:48:51:971045>>>  Tank #3 Yellow AI Tank Launch angle not within tolerances, adjusting firing solution...
<<<15:48:51:971045>>>  Tank #3 Yellow AI Tank Launch speed not within tolerances, adjusting firing solution...
<<<15:48:51:971045>>>  Tank #3 Yellow AI Tank adjusted targeting angle one unit CW...
<<<15:48:52:101277>>>  Tank #2 Red AI Tank moved one unit CCW...
<<<15:48:52:101277>>>  Tank #3 Yellow AI Tank is checking targeting info...
<<<15:48:52:101277>>>  Tank #3 Yellow AI Tank Launch angle not within tolerances, adjusting firing solution...
<<<15:48:52:101277>>>  Tank #3 Yellow AI Tank Launch speed not within tolerances, adjusting firing solution...
<<<15:48:52:101277>>>  Tank #3 Yellow AI Tank adjusted targeting angle one unit CW...
<<<15:48:52:232595>>>  Tank #2 Red AI Tank moved one unit CCW...
<<<15:48:52:232595>>>  Tank #3 Yellow AI Tank is checking targeting info...
<<<15:48:52:232595>>>  Tank #3 Yellow AI Tank Launch angle not within tolerances, adjusting firing solution...
<<<15:48:52:232595>>>  Tank #3 Yellow AI Tank Launch speed not within tolerances, adjusting firing solution...
<<<15:48:52:232595>>>  Tank #3 Yellow AI Tank adjusted targeting angle one unit CW...
<<<15:48:52:364462>>>  Tank #2 Red AI Tank moved one unit CCW...
<<<15:48:52:364462>>>  Tank #3 Yellow AI Tank is checking targeting info...
<<<15:48:52:364462>>>  Tank #3 Yellow AI Tank Launch angle not within tolerances, adjusting firing solution...
<<<15:48:52:364462>>>  Tank #3 Yellow AI Tank Launch speed not within tolerances, adjusting firing solution...
<<<15:48:52:364462>>>  Tank #3 Yellow AI Tank adjusted targeting angle one unit CW...
<<<15:48:52:492698>>>  Tank #2 Red AI Tank moved one unit CCW...
<<<15:48:52:492698>>>  Tank #3 Yellow AI Tank is checking targeting info...
<<<15:48:52:492698>>>  Tank #3 Yellow AI Tank Launch angle not within tolerances, adjusting firing solution...
<<<15:48:52:492698>>>  Tank #3 Yellow AI Tank Launch speed not within tolerances, adjusting firing solution...
<<<15:48:52:492698>>>  Tank #3 Yellow AI Tank adjusted targeting angle one unit CW...
<<<15:48:52:622637>>>  Tank #2 Red AI Tank moved one unit CCW...
<<<15:48:52:622637>>>  Tank #3 Yellow AI Tank is checking targeting info...
<<<15:48:52:622637>>>  Tank #3 Yellow AI Tank Launch angle not within tolerances, adjusting firing solution...
<<<15:48:52:622637>>>  Tank #3 Yellow AI Tank Launch speed not within tolerances, adjusting firing solution...
<<<15:48:52:622637>>>  Tank #3 Yellow AI Tank adjusted targeting angle one unit CW...
<<<15:48:52:753579>>>  Tank #2 Red AI Tank moved one unit CCW...
<<<15:48:52:753579>>>  Tank #3 Yellow AI Tank is checking targeting info...
<<<15:48:52:753579>>>  Tank #3 Yellow AI Tank Launch angle not within tolerances, adjusting firing solution...
<<<15:48:52:753579>>>  Tank #3 Yellow AI Tank Launch speed not within tolerances, adjusting firing solution...
<<<15:48:52:753579>>>  Tank #3 Yellow AI Tank adjusted targeting angle one unit CW...
<<<15:48:52:886095>>>  Tank #2 Red AI Tank moved one unit CCW...
<<<15:48:52:886095>>>  Tank #3 Yellow AI Tank is checking targeting info...
<<<15:48:52:886095>>>  Tank #3 Yellow AI Tank Launch angle not within tolerances, adjusting firing solution...
<<<15:48:52:886095>>>  Tank #3 Yellow AI Tank Launch speed not within tolerances, adjusting firing solution...
<<<15:48:52:886095>>>  Tank #3 Yellow AI Tank adjusted targeting angle one unit CW...
<<<15:48:53:017719>>>  Tank #2 Red AI Tank moved one unit CCW...
<<<15:48:53:017719>>>  Tank #3 Yellow AI Tank is checking targeting info...
<<<15:48:53:017719>>>  Tank #3 Yellow AI Tank Launch angle not within tolerances, adjusting firing solution...
<<<15:48:53:017719>>>  Tank #3 Yellow AI Tank Launch speed not within tolerances, adjusting firing solution...
<<<15:48:53:017719>>>  Tank #3 Yellow AI Tank adjusted targeting angle one unit CW...
<<<15:48:53:148811>>>  Tank #2 Red AI Tank moved one unit CCW...
<<<15:48:53:148811>>>  Tank #3 Yellow AI Tank is checking targeting info...
<<<15:48:53:148811>>>  Tank #3 Yellow AI Tank Launch angle not within tolerances, adjusting firing solution...
<<<15:48:53:148811>>>  Tank #3 Yellow AI Tank Launch speed not within tolerances, adjusting firing solution...
<<<15:48:53:148811>>>  Tank #3 Yellow AI Tank adjusted targeting angle one unit CW...
<<<15:48:53:281042>>>  Tank #2 Red AI Tank moved one unit CCW...
<<<15:48:53:281042>>>  Tank #3 Yellow AI Tank is checking targeting info...
<<<15:48:53:281042>>>  Tank #3 Yellow AI Tank Launch angle not within tolerances, adjusting firing solution...
<<<15:48:53:281042>>>  Tank #3 Yellow AI Tank Launch speed not within tolerances, adjusting firing solution...
<<<15:48:53:281042>>>  Tank #3 Yellow AI Tank adjusted targeting angle one unit CW...
<<<15:48:53:413324>>>  Tank #2 Red AI Tank moved one unit CCW...
<<<15:48:53:413324>>>  Tank #3 Yellow AI Tank is checking targeting info...
<<<15:48:53:413324>>>  Tank #3 Yellow AI Tank Launch angle not within tolerances, adjusting firing solution...
<<<15:48:53:413324>>>  Tank #3 Yellow AI Tank Launch speed not within tolerances, adjusting firing solution...
<<<15:48:53:413324>>>  Tank #3 Yellow AI Tank adjusted targeting angle one unit CW...
<<<15:48:53:541066>>>  Tank #2 Red AI Tank moved one unit CCW...
<<<15:48:53:541066>>>  Tank #3 Yellow AI Tank is checking targeting info...
<<<15:48:53:541066>>>  Tank #3 Yellow AI Tank Launch angle not within tolerances, adjusting firing solution...
<<<15:48:53:541066>>>  Tank #3 Yellow AI Tank Launch speed not within tolerances, adjusting firing solution...
<<<15:48:53:541066>>>  Tank #3 Yellow AI Tank adjusted targeting angle one unit CW...
<<<15:48:53:670737>>>  Tank #2 Red AI Tank moved one unit CCW...
<<<15:48:53:670737>>>  Tank #3 Yellow AI Tank is checking targeting info...
<<<15:48:53:670737>>>  Tank #3 Yellow AI Tank Launch angle not within tolerances, adjusting firing solution...
<<<15:48:53:670737>>>  Tank #3 Yellow AI Tank Launch speed not within tolerances, adjusting firing solution...
<<<15:48:53:670737>>>  Tank #3 Yellow AI Tank adjusted targeting angle one unit CW...
<<<15:48:53:800358>>>  Tank #2 Red AI Tank moved one unit CCW...
<<<15:48:53:800358>>>  Tank #3 Yellow AI Tank is checking targeting info...
<<<15:48:53:800358>>>  Tank #3 Yellow AI Tank Launch angle not within tolerances, adjusting firing solution...
<<<15:48:53:800358>>>  Tank #3 Yellow AI Tank Launch speed not within tolerances, adjusting firing solution...
<<<15:48:53:800358>>>  Tank #3 Yellow AI Tank adjusted targeting angle one unit CW...
<<<15:48:53:933394>>>  Tank #2 Red AI Tank moved one unit CCW...
<<<15:48:53:933394>>>  Tank #3 Yellow AI Tank is checking targeting info...
<<<15:48:53:933394>>>  Tank #3 Yellow AI Tank Launch angle not within tolerances, adjusting firing solution...
<<<15:48:53:933394>>>  Tank #3 Yellow AI Tank Launch speed not within tolerances, adjusting firing solution...
<<<15:48:53:933394>>>  Tank #3 Yellow AI Tank adjusted targeting angle one unit CW...
<<<15:48:54:064288>>>  Tank #2 Red AI Tank moved one unit CCW...
<<<15:48:54:064288>>>  Tank #3 Yellow AI Tank is checking targeting info...
<<<15:48:54:064288>>>  Tank #3 Yellow AI Tank Launch angle not within tolerances, adjusting firing solution...
<<<15:48:54:064288>>>  Tank #3 Yellow AI Tank Launch speed not within tolerances, adjusting firing solution...
<<<15:48:54:064288>>>  Tank #3 Yellow AI Tank adjusted targeting angle one unit CW...
<<<15:48:54:195904>>>  Tank #2 Red AI Tank moved one unit CCW...
<<<15:48:54:195904>>>  Tank #3 Yellow AI Tank is checking targeting info...
<<<15:48:54:195904>>>  Tank #3 Yellow AI Tank Launch angle not within tolerances, adjusting firing solution...
<<<15:48:54:195904>>>  Tank #3 Yellow AI Tank Launch speed not within tolerances, adjusting firing solution...
<<<15:48:54:195904>>>  Tank #3 Yellow AI Tank adjusted targeting angle one unit CW...
<<<15:48:54:327086>>>  Tank #2 Red AI Tank moved one unit CCW...
<<<15:48:54:327086>>>  Tank #3 Yellow AI Tank is checking targeting info...
<<<15:48:54:327086>>>  Tank #3 Yellow AI Tank Launch angle not within tolerances, adjusting firing solution...
<<<15:48:54:327086>>>  Tank #3 Yellow AI Tank Launch speed not within tolerances, adjusting firing solution...
<<<15:48:54:327086>>>  Tank #3 Yellow AI Tank adjusted targeting angle one unit CW...
<<<15:48:54:456973>>>  Tank #2 Red AI Tank moved one unit CCW...
<<<15:48:54:456973>>>  Tank #3 Yellow AI Tank is checking targeting info...
<<<15:48:54:456973>>>  Tank #3 Yellow AI Tank Launch angle not within tolerances, adjusting firing solution...
<<<15:48:54:456973>>>  Tank #3 Yellow AI Tank Launch speed not within tolerances, adjusting firing solution...
<<<15:48:54:456973>>>  Tank #3 Yellow AI Tank adjusted targeting angle one unit CW...
<<<15:48:54:589237>>>  Tank #2 Red AI Tank moved one unit CCW...
<<<15:48:54:589237>>>  Tank #3 Yellow AI Tank is checking targeting info...
<<<15:48:54:589237>>>  Tank #3 Yellow AI Tank Launch angle not within tolerances, adjusting firing solution...
<<<15:48:54:589237>>>  Tank #3 Yellow AI Tank Launch speed not within tolerances, adjusting firing solution...
<<<15:48:54:589237>>>  Tank #3 Yellow AI Tank adjusted targeting angle one unit CW...
<<<15:48:55:734293>>>  Tank #1 Green Player Tank has been hit by Tank #1 Green Player Tank's Cannonball #1!
<<<15:48:55:750484>>>  Tank #1 Green Player Tank has been hit by Tank #1 Green Player Tank's Cannonball #1!
<<<15:48:55:750484>>>  Tank #2 Red AI Tank moved one unit CCW...
<<<15:48:55:750484>>>  Tank #3 Yellow AI Tank is checking targeting info...
<<<15:48:55:750484>>>  Tank #3 Yellow AI Tank Launch angle not within tolerances, adjusting firing solution...
<<<15:48:55:750484>>>  Tank #3 Yellow AI Tank Launch speed not within tolerances, adjusting firing solution...
<<<15:48:55:750484>>>  Tank #3 Yellow AI Tank adjusted targeting angle one unit CW...
<<<15:48:55:767459>>>  Tank #1 Green Player Tank has been hit by Tank #1 Green Player Tank's Cannonball #1!
<<<15:48:55:784582>>>  Tank #1 Green Player Tank has been hit by Tank #1 Green Player Tank's Cannonball #1!
<<<15:48:55:801703>>>  Tank #1 Green Player Tank has been hit by Tank #1 Green Player Tank's Cannonball #1!
<<<15:48:55:819628>>>  Tank #1 Green Player Tank has been hit by Tank #1 Green Player Tank's Cannonball #1!
<<<15:48:55:819628>>>  Deleting effect pixie Tank #2 Red AI Tank thawing...
<<<15:48:55:819628>>>  Deleting effect pixie Tank #3 Yellow AI Tank thawing...
<<<15:48:55:834746>>>  Tank #1 Green Player Tank has been hit by Tank #1 Green Player Tank's Cannonball #1!
<<<15:48:55:851807>>>  Tank #1 Green Player Tank has been hit by Tank #1 Green Player Tank's Cannonball #1!
<<<15:48:55:868803>>>  Tank #1 Green Player Tank has been hit by Tank #1 Green Player Tank's Cannonball #1!
<<<15:48:55:885446>>>  Tank #1 Green Player Tank has been hit by Tank #1 Green Player Tank's Cannonball #1!
<<<15:48:55:885987>>>  Tank #2 Red AI Tank moved one unit CCW...
<<<15:48:55:885987>>>  Tank #3 Yellow AI Tank is checking targeting info...
<<<15:48:55:885987>>>  Tank #3 Yellow AI Tank Launch angle not within tolerances, adjusting firing solution...
<<<15:48:55:885987>>>  Tank #3 Yellow AI Tank Launch speed not within tolerances, adjusting firing solution...
<<<15:48:55:885987>>>  Tank #3 Yellow AI Tank adjusted targeting angle one unit CW...
<<<15:48:55:902240>>>  Tank #1 Green Player Tank has been hit by Tank #1 Green Player Tank's Cannonball #1!
<<<15:48:55:918177>>>  Tank #1 Green Player Tank has been hit by Tank #1 Green Player Tank's Cannonball #1!
<<<15:48:55:934551>>>  Tank #1 Green Player Tank has been hit by Tank #1 Green Player Tank's Cannonball #1!
<<<15:48:55:952194>>>  Tank #1 Green Player Tank has been hit by Tank #1 Green Player Tank's Cannonball #1!
<<<15:48:55:968724>>>  Tank #1 Green Player Tank has been hit by Tank #1 Green Player Tank's Cannonball #1!
<<<15:48:55:984751>>>  Tank #1 Green Player Tank has been hit by Tank #1 Green Player Tank's Cannonball #1!
<<<15:48:56:001930>>>  Tank #1 Green Player Tank has been hit by Tank #1 Green Player Tank's Cannonball #1!
<<<15:48:56:018839>>>  Tank #1 Green Player Tank has been hit by Tank #1 Green Player Tank's Cannonball #1!
<<<15:48:56:019755>>>  Tank #2 Red AI Tank moved one unit CCW...
<<<15:48:56:019755>>>  Tank #3 Yellow AI Tank is checking targeting info...
<<<15:48:56:019755>>>  Tank #3 Yellow AI Tank Launch angle not within tolerances, adjusting firing solution...
<<<15:48:56:019755>>>  Tank #3 Yellow AI Tank Launch speed not within tolerances, adjusting firing solution...
<<<15:48:56:019755>>>  Tank #3 Yellow AI Tank adjusted targeting angle one unit CW...
<<<15:48:56:035143>>>  Tank #1 Green Player Tank has been hit by Tank #1 Green Player Tank's Cannonball #1!
<<<15:48:56:050899>>>  Tank #1 Green Player Tank has been hit by Tank #1 Green Player Tank's Cannonball #1!
<<<15:48:56:067135>>>  Tank #1 Green Player Tank has been hit by Tank #1 Green Player Tank's Cannonball #1!
<<<15:48:56:083126>>>  Tank #1 Green Player Tank has been hit by Tank #1 Green Player Tank's Cannonball #1!
<<<15:48:56:099340>>>  Tank #1 Green Player Tank has been hit by Tank #1 Green Player Tank's Cannonball #1!
<<<15:48:56:116648>>>  Tank #1 Green Player Tank has been hit by Tank #1 Green Player Tank's Cannonball #1!
<<<15:48:56:134017>>>  Tank #1 Green Player Tank has been hit by Tank #1 Green Player Tank's Cannonball #1!
<<<15:48:56:151132>>>  Tank #1 Green Player Tank has been hit by Tank #1 Green Player Tank's Cannonball #1!
<<<15:48:56:152067>>>  Tank #2 Red AI Tank moved one unit CCW...
<<<15:48:56:152067>>>  Tank #3 Yellow AI Tank is checking targeting info...
<<<15:48:56:152067>>>  Tank #3 Yellow AI Tank Launch angle not within tolerances, adjusting firing solution...
<<<15:48:56:152067>>>  Tank #3 Yellow AI Tank Launch speed not within tolerances, adjusting firing solution...
<<<15:48:56:152067>>>  Tank #3 Yellow AI Tank adjusted targeting angle one unit CW...
<<<15:48:56:167865>>>  Tank #1 Green Player Tank has been hit by Tank #1 Green Player Tank's Cannonball #1!
<<<15:48:56:185168>>>  Tank #1 Green Player Tank has been hit by Tank #1 Green Player Tank's Cannonball #1!
<<<15:48:56:201341>>>  Tank #1 Green Player Tank has been hit by Tank #1 Green Player Tank's Cannonball #1!
<<<15:48:56:218722>>>  Tank #1 Green Player Tank has been hit by Tank #1 Green Player Tank's Cannonball #1!
<<<15:48:56:235834>>>  Tank #1 Green Player Tank has been hit by Tank #1 Green Player Tank's Cannonball #1!
<<<15:48:56:252838>>>  Tank #1 Green Player Tank has been hit by Tank #1 Green Player Tank's Cannonball #1!
<<<15:48:56:268908>>>  Tank #1 Green Player Tank has been hit by Tank #1 Green Player Tank's Cannonball #1!
<<<15:48:56:285056>>>  Tank #1 Green Player Tank has been hit by Tank #1 Green Player Tank's Cannonball #1!
<<<15:48:56:285056>>>  Tank #2 Red AI Tank moved one unit CCW...
<<<15:48:56:285056>>>  Tank #3 Yellow AI Tank is checking targeting info...
<<<15:48:56:285056>>>  Tank #3 Yellow AI Tank Launch angle not within tolerances, adjusting firing solution...
<<<15:48:56:285056>>>  Tank #3 Yellow AI Tank Launch speed not within tolerances, adjusting firing solution...
<<<15:48:56:285056>>>  Tank #3 Yellow AI Tank adjusted targeting angle one unit CW...
<<<15:48:56:301097>>>  Tank #1 Green Player Tank has been hit by Tank #1 Green Player Tank's Cannonball #1!
<<<15:48:56:317836>>>  Tank #1 Green Player Tank has been hit by Tank #1 Green Player Tank's Cannonball #1!
<<<15:48:56:334855>>>  Tank #1 Green Player Tank has been hit by Tank #1 Green Player Tank's Cannonball #1!
<<<15:48:56:351781>>>  Tank #1 Green Player Tank has been hit by Tank #1 Green Player Tank's Cannonball #1!
<<<15:48:56:367975>>>  Tank #1 Green Player Tank has been hit by Tank #1 Green Player Tank's Cannonball #1!
<<<15:48:56:385047>>>  Tank #1 Green Player Tank has been hit by Tank #1 Green Player Tank's Cannonball #1!
<<<15:48:56:401360>>>  Tank #1 Green Player Tank has been hit by Tank #1 Green Player Tank's Cannonball #1!
<<<15:48:56:418668>>>  Tank #1 Green Player Tank has been hit by Tank #1 Green Player Tank's Cannonball #1!
<<<15:48:56:418668>>>  Tank #2 Red AI Tank moved one unit CCW...
<<<15:48:56:418668>>>  Tank #3 Yellow AI Tank is checking targeting info...
<<<15:48:56:418668>>>  Tank #3 Yellow AI Tank Launch angle not within tolerances, adjusting firing solution...
<<<15:48:56:418668>>>  Tank #3 Yellow AI Tank Launch speed not within tolerances, adjusting firing solution...
<<<15:48:56:418668>>>  Tank #3 Yellow AI Tank adjusted targeting angle one unit CW...
<<<15:48:56:435707>>>  Tank #1 Green Player Tank has been hit by Tank #1 Green Player Tank's Cannonball #1!
<<<15:48:56:451804>>>  Tank #1 Green Player Tank has been hit by Tank #1 Green Player Tank's Cannonball #1!
<<<15:48:56:468607>>>  Tank #1 Green Player Tank has been hit by Tank #1 Green Player Tank's Cannonball #1!
<<<15:48:56:485664>>>  Tank #1 Green Player Tank has been hit by Tank #1 Green Player Tank's Cannonball #1!
<<<15:48:56:502684>>>  Tank #1 Green Player Tank has been hit by Tank #1 Green Player Tank's Cannonball #1!
<<<15:48:56:518509>>>  Tank #1 Green Player Tank has been hit by Tank #1 Green Player Tank's Cannonball #1!
<<<15:48:56:535266>>>  Tank #1 Green Player Tank has been hit by Tank #1 Green Player Tank's Cannonball #1!
<<<15:48:56:550624>>>  Tank #1 Green Player Tank has been hit by Tank #1 Green Player Tank's Cannonball #1!
<<<15:48:56:550624>>>  Tank #2 Red AI Tank moved one unit CCW...
<<<15:48:56:550624>>>  Tank #3 Yellow AI Tank is checking targeting info...
<<<15:48:56:550624>>>  Tank #3 Yellow AI Tank Launch angle not within tolerances, adjusting firing solution...
<<<15:48:56:550624>>>  Tank #3 Yellow AI Tank Launch speed not within tolerances, adjusting firing solution...
<<<15:48:56:550624>>>  Tank #3 Yellow AI Tank adjusted targeting angle one unit CW...
<<<15:48:56:567620>>>  Tank #1 Green Player Tank has been hit by Tank #1 Green Player Tank's Cannonball #1!
<<<15:48:56:584846>>>  Tank #1 Green Player Tank has been hit by Tank #1 Green Player Tank's Cannonball #1!
<<<15:48:56:601164>>>  Tank #1 Green Player Tank has been hit by Tank #1 Green Player Tank's Cannonball #1!
<<<15:48:56:617605>>>  Tank #1 Green Player Tank has been hit by Tank #1 Green Player Tank's Cannonball #1!
<<<15:48:56:634445>>>  Tank #1 Green Player Tank has been hit by Tank #1 Green Player Tank's Cannonball #1!
<<<15:48:56:651633>>>  Tank #1 Green Player Tank has been hit by Tank #1 Green Player Tank's Cannonball #1!
<<<15:48:56:668098>>>  Tank #1 Green Player Tank has been hit by Tank #1 Green Player Tank's Cannonball #1!
<<<15:48:56:684091>>>  Tank #1 Green Player Tank has been hit by Tank #1 Green Player Tank's Cannonball #1!
<<<15:48:56:684091>>>  Tank #2 Red AI Tank moved one unit CCW...
<<<15:48:56:684091>>>  Tank #3 Yellow AI Tank is checking targeting info...
<<<15:48:56:684091>>>  Tank #3 Yellow AI Tank Launch angle not within tolerances, adjusting firing solution...
<<<15:48:56:684091>>>  Tank #3 Yellow AI Tank Launch speed not within tolerances, adjusting firing solution...
<<<15:48:56:684091>>>  Tank #3 Yellow AI Tank adjusted targeting angle one unit CW...
<<<15:48:56:700255>>>  Tank #1 Green Player Tank has been hit by Tank #1 Green Player Tank's Cannonball #1!
<<<15:48:56:716283>>>  Tank #1 Green Player Tank has been hit by Tank #1 Green Player Tank's Cannonball #1!
<<<15:48:56:732408>>>  Tank #1 Green Player Tank has been hit by Tank #1 Green Player Tank's Cannonball #1!
<<<15:48:56:748475>>>  Tank #1 Green Player Tank has been hit by Tank #1 Green Player Tank's Cannonball #1!
<<<15:48:56:765382>>>  Tank #1 Green Player Tank has been hit by Tank #1 Green Player Tank's Cannonball #1!
<<<15:48:56:782220>>>  Tank #1 Green Player Tank has been hit by Tank #1 Green Player Tank's Cannonball #1!
<<<15:48:56:797558>>>  Tank #1 Green Player Tank has been hit by Tank #1 Green Player Tank's Cannonball #1!
<<<15:48:56:814492>>>  Tank #1 Green Player Tank has been hit by Tank #1 Green Player Tank's Cannonball #1!
<<<15:48:56:814492>>>  Tank #2 Red AI Tank moved one unit CCW...
<<<15:48:56:814492>>>  Tank #3 Yellow AI Tank is checking targeting info...
<<<15:48:56:814492>>>  Tank #3 Yellow AI Tank Launch angle not within tolerances, adjusting firing solution...
<<<15:48:56:814492>>>  Tank #3 Yellow AI Tank Launch speed not within tolerances, adjusting firing solution...
<<<15:48:56:814492>>>  Tank #3 Yellow AI Tank adjusted targeting angle one unit CW...
<<<15:48:56:830942>>>  Tank #1 Green Player Tank has been hit by Tank #1 Green Player Tank's Cannonball #1!
<<<15:48:56:847320>>>  Tank #1 Green Player Tank has been hit by Tank #1 Green Player Tank's Cannonball #1!
<<<15:48:56:863844>>>  Tank #1 Green Player Tank has been hit by Tank #1 Green Player Tank's Cannonball #1!
<<<15:48:56:880714>>>  Tank #1 Green Player Tank has been hit by Tank #1 Green Player Tank's Cannonball #1!
<<<15:48:56:897658>>>  Tank #1 Green Player Tank has been hit by Tank #1 Green Player Tank's Cannonball #1!
<<<15:48:56:914476>>>  Tank #1 Green Player Tank has been hit by Tank #1 Green Player Tank's Cannonball #1!
<<<15:48:56:931198>>>  Tank #1 Green Player Tank has been hit by Tank #1 Green Player Tank's Cannonball #1!
<<<15:48:56:946764>>>  Tank #1 Green Player Tank has been hit by Tank #1 Green Player Tank's Cannonball #1!
<<<15:48:56:946764>>>  Tank #1 Green Player Tank being destroyed...
<<<15:48:56:946764>>>  Cannonballs from Tank #1 Green Player Tank given to Tank #3 Yellow AI Tank's ball list.
<<<15:48:56:946764>>>  Tank successfully destroyed!
<<<15:48:56:946764>>>  Tank #2 Red AI Tank moved one unit CCW...
<<<15:48:56:946764>>>  Tank #3 Yellow AI Tank is checking targeting info...
<<<15:48:56:946764>>>  Tank #3 Yellow AI Tank increased launch speed one unit...
<<<15:48:57:079311>>>  Tank #3 Yellow AI Tank is checking targeting info...
<<<15:48:57:079311>>>  Tank #3 Yellow AI Tank increased launch speed one unit...
<<<15:48:57:208955>>>  Tank #2 Red AI Tank chose to move to 5.4027, cururently at 4.4855.
<<<15:48:57:208955>>>  Tank #2 Red AI Tank moved one unit CCW...
<<<15:48:57:209964>>>  Tank #2 Red AI Tank chose to move...
<<<15:48:57:209964>>>  Tank #3 Yellow AI Tank is checking targeting info...
<<<15:48:57:209964>>>  Tank #3 Yellow AI Tank increased launch speed one unit...
<<<15:48:57:338137>>>  Tank #2 Red AI Tank moved one unit CCW...
<<<15:48:57:338137>>>  Tank #3 Yellow AI Tank is checking targeting info...
<<<15:48:57:338137>>>  Tank #3 Yellow AI Tank increased launch speed one unit...
<<<15:48:57:471789>>>  Tank #2 Red AI Tank moved one unit CCW...
<<<15:48:57:471789>>>  Tank #3 Yellow AI Tank is checking targeting info...
<<<15:48:57:471789>>>  Tank #3 Yellow AI Tank increased launch speed one unit...
<<<15:48:57:538360>>>  Tank #1 Green Player Tank's Cannonball #1 explosion timer has expired, marked for removal...
<<<15:48:57:604881>>>  Tank #2 Red AI Tank moved one unit CCW...
<<<15:48:57:604881>>>  Tank #3 Yellow AI Tank is checking targeting info...
<<<15:48:57:604881>>>  Tank #3 Yellow AI Tank increased launch speed one unit...
<<<15:48:57:736045>>>  Tank #2 Red AI Tank moved one unit CCW...
<<<15:48:57:736045>>>  Tank #3 Yellow AI Tank is checking targeting info...
<<<15:48:57:736045>>>  Tank #3 Yellow AI Tank increased launch speed one unit...
<<<15:48:57:865653>>>  Tank #2 Red AI Tank moved one unit CCW...
<<<15:48:57:865653>>>  Tank #3 Yellow AI Tank is checking targeting info...
<<<15:48:57:865653>>>  Tank #3 Yellow AI Tank increased launch speed one unit...
<<<15:48:57:999488>>>  Tank #2 Red AI Tank moved one unit CCW...
<<<15:48:57:999488>>>  Tank #3 Yellow AI Tank is checking targeting info...
<<<15:48:57:999488>>>  Tank #3 Yellow AI Tank increased launch speed one unit...
<<<15:48:58:134410>>>  Tank #2 Red AI Tank moved one unit CCW...
<<<15:48:58:134410>>>  Tank #3 Yellow AI Tank is checking targeting info...
<<<15:48:58:134410>>>  Tank #3 Yellow AI Tank increased launch speed one unit...
<<<15:48:58:267851>>>  Tank #2 Red AI Tank moved one unit CCW...
<<<15:48:58:267851>>>  Tank #3 Yellow AI Tank is checking targeting info...
<<<15:48:58:267851>>>  Tank #3 Yellow AI Tank increased launch speed one unit...
<<<15:48:58:397832>>>  Tank #2 Red AI Tank moved one unit CCW...
<<<15:48:58:397832>>>  Tank #3 Yellow AI Tank is checking targeting info...
<<<15:48:58:397832>>>  Tank #3 Yellow AI Tank increased launch speed one unit...
<<<15:48:58:530545>>>  Tank #2 Red AI Tank moved one unit CCW...
<<<15:48:58:530545>>>  Tank #3 Yellow AI Tank is checking targeting info...
<<<15:48:58:530545>>>  Tank #3 Yellow AI Tank increased launch speed one unit...
<<<15:48:58:659305>>>  Tank #2 Red AI Tank moved one unit CCW...
<<<15:48:58:659305>>>  Tank #3 Yellow AI Tank is checking targeting info...
<<<15:48:58:659305>>>  Tank #3 Yellow AI Tank increased launch speed one unit...
<<<15:48:58:790943>>>  Tank #2 Red AI Tank moved one unit CCW...
<<<15:48:58:790943>>>  Tank #3 Yellow AI Tank is checking targeting info...
<<<15:48:58:790943>>>  Tank #3 Yellow AI Tank increased launch speed one unit...
<<<15:48:58:921761>>>  Tank #2 Red AI Tank moved one unit CCW...
<<<15:48:58:921761>>>  Tank #3 Yellow AI Tank is checking targeting info...
<<<15:48:58:921761>>>  Tank #3 Yellow AI Tank increased launch speed one unit...
<<<15:48:58:956249>>>
* INFORMATION FOR Tank #2 Red AI Tank's CANNONBALLS:
* Cannonballs in memory for Tank #2 Red AI Tank:  0.
* Total cannonballs fired or chambered for Tank #2 Red AI Tank:  0.
<<<15:48:58:956249>>>
* INFORMATION FOR Tank #3 Yellow AI Tank's CANNONBALLS:
* Cannonballs in memory for Tank #3 Yellow AI Tank:  1.
* Total cannonballs fired or chambered for Tank #3 Yellow AI Tank:  1.
<<<15:48:58:956249>>>
* CURRENT VALUES FOR CELESTIAL BODY:  Tank #3 Yellow AI Tank's Cannonball #1
* This is not the homeworld.
* The celestial boyd's density is 5515 kg/m^3.
* The celestial body's mass is 1000 kg.
* The Earth's mass is 5.972e+24 kg.
* The celestial body's radius is 0.001 km.
* The celestial body's coordinates are (5729.8837089675535, -3324.7778102847155).
* The celestial body's velocity is (4.844448341568303, -2.796597470724254).
* The celestial body's speed is 5.593714074511244 km/s.
* The celestial body's acceleration is (0, 0).
* The celestial body's screen x and y coordinates are (880, 496).
* The celestial body's screen radius is 2.
* The celestial is using a body circle.
<<<15:48:58:956249>>>
* ADDITIONAL INFORMATION FOR Tank #3 Yellow AI Tank's Cannonball #1:
* This cannonball is chambered.
<<<15:48:58:956249>>>  Quit through pygame and writing log file...
