<<<14:11:59:770268>>>
* Screen coordinates (618, 99) choosen in zone #2.
* Screen dimensions are 1600 wide by 900 high.
* Minimum (x, y) are (266, 0).
* Maximum (x, y) are (1333, 150).
* Mid (x, y) are (799, 75).
<<<14:11:59:770268>>>  Image at Pix\Faraway_Objects\Suns\26.png choosen for background...
<<<14:11:59:770268>>>
* Screen coordinates (198, 856) choosen in zone #7.
* Screen dimensions are 1600 wide by 900 high.
* Minimum (x, y) are (0, 750).
* Maximum (x, y) are (266, 900).
* Mid (x, y) are (133, 825).
<<<14:11:59:770268>>>  Image at Pix\Faraway_Objects\Gas_Giants\2.png choosen for background...
<<<14:11:59:774307>>>  Pix\Homeworlds\Tech\11.png loaded as pixie for Earth...
<<<14:11:59:774307>>>  Image at Pix\Homeworlds\Tech\11.png chosen as homeworld pix for Earth's...
<<<14:11:59:774307>>>  Pix\Moons\3.png loaded as pixie for Moon #2...
<<<14:11:59:827591>>>  Pix\Snails\Green_Snail\Spells\Spellready_Icon\spellready.png returned as pixie for Tank #1 Green AI Tank...
<<<14:11:59:827591>>>  Tank #1 Green AI Tank successfully created!
<<<14:11:59:881435>>>  Pix\Snails\Red_Snail\Spells\Spellready_Icon\spellready.png returned as pixie for Tank #2 Red AI Tank...
<<<14:11:59:881435>>>  Tank #2 Red AI Tank successfully created!
<<<14:11:59:932591>>>  Pix\Snails\Yellow_Snail\Spells\Spellready_Icon\spellready.png returned as pixie for Tank #3 Yellow AI Tank...
<<<14:11:59:932591>>>  Tank #3 Yellow AI Tank successfully created!
<<<14:11:59:938977>>>  Tank #1 Green AI Tank chose to move to 0.6631, cururently at 1.5708.
<<<14:11:59:938977>>>  Tank #1 Green AI Tank moved one unit CW...
<<<14:11:59:938977>>>  Tank #1 Green AI Tank chose to move...
<<<14:11:59:938977>>>  Tank #2 Red AI Tank chose to shoot...
<<<14:11:59:938977>>>  Tank #3 Yellow AI Tank chose to shoot...
<<<14:11:59:951459>>>  Tank #1 Green AI Tank moved one unit CW...
<<<14:11:59:951459>>>  Tank #2 Red AI Tank is checking targeting info...
<<<14:11:59:951459>>>  Tank #2 Red AI Tank Launch angle not within tolerances, adjusting firing solution...
<<<14:11:59:951459>>>  Tank #2 Red AI Tank Launch speed not within tolerances, adjusting firing solution...
<<<14:11:59:951459>>>  Tank #2 Red AI Tank adjusted targeting angle one unit CW...
<<<14:11:59:951459>>>  Tank #3 Yellow AI Tank is checking targeting info...
<<<14:11:59:951459>>>  Tank #3 Yellow AI Tank Launch angle not within tolerances, adjusting firing solution...
<<<14:11:59:951459>>>  Tank #3 Yellow AI Tank Launch speed not within tolerances, adjusting firing solution...
<<<14:11:59:951459>>>  Tank #3 Yellow AI Tank adjusted targeting angle one unit CCW...
<<<14:11:59:967678>>>  Tank #1 Green AI Tank moved one unit CW...
<<<14:11:59:967678>>>  Tank #2 Red AI Tank is checking targeting info...
<<<14:11:59:967678>>>  Tank #2 Red AI Tank Launch angle not within tolerances, adjusting firing solution...
<<<14:11:59:967678>>>  Tank #2 Red AI Tank Launch speed not within tolerances, adjusting firing solution...
<<<14:11:59:967678>>>  Tank #2 Red AI Tank adjusted targeting angle one unit CW...
<<<14:11:59:967678>>>  Tank #3 Yellow AI Tank is checking targeting info...
<<<14:11:59:967678>>>  Tank #3 Yellow AI Tank Launch angle not within tolerances, adjusting firing solution...
<<<14:11:59:967678>>>  Tank #3 Yellow AI Tank Launch speed not within tolerances, adjusting firing solution...
<<<14:11:59:967678>>>  Tank #3 Yellow AI Tank adjusted targeting angle one unit CCW...
<<<14:11:59:984941>>>  Tank #1 Green AI Tank moved one unit CW...
<<<14:11:59:984941>>>  Tank #2 Red AI Tank is checking targeting info...
<<<14:11:59:984941>>>  Tank #2 Red AI Tank Launch angle not within tolerances, adjusting firing solution...
<<<14:11:59:984941>>>  Tank #2 Red AI Tank Launch speed not within tolerances, adjusting firing solution...
<<<14:11:59:984941>>>  Tank #2 Red AI Tank adjusted targeting angle one unit CW...
<<<14:11:59:984941>>>  Tank #3 Yellow AI Tank is checking targeting info...
<<<14:11:59:984941>>>  Tank #3 Yellow AI Tank Launch angle not within tolerances, adjusting firing solution...
<<<14:11:59:984941>>>  Tank #3 Yellow AI Tank Launch speed not within tolerances, adjusting firing solution...
<<<14:11:59:984941>>>  Tank #3 Yellow AI Tank adjusted targeting angle one unit CCW...
<<<14:12:00:001060>>>  Tank #1 Green AI Tank moved one unit CW...
<<<14:12:00:001060>>>  Tank #2 Red AI Tank is checking targeting info...
<<<14:12:00:001060>>>  Tank #2 Red AI Tank Launch angle not within tolerances, adjusting firing solution...
<<<14:12:00:001060>>>  Tank #2 Red AI Tank Launch speed not within tolerances, adjusting firing solution...
<<<14:12:00:001060>>>  Tank #2 Red AI Tank adjusted targeting angle one unit CW...
<<<14:12:00:001060>>>  Tank #3 Yellow AI Tank is checking targeting info...
<<<14:12:00:001060>>>  Tank #3 Yellow AI Tank Launch angle not within tolerances, adjusting firing solution...
<<<14:12:00:001060>>>  Tank #3 Yellow AI Tank Launch speed not within tolerances, adjusting firing solution...
<<<14:12:00:001060>>>  Tank #3 Yellow AI Tank adjusted targeting angle one unit CCW...
<<<14:12:00:017164>>>  Tank #1 Green AI Tank moved one unit CW...
<<<14:12:00:017164>>>  Tank #2 Red AI Tank is checking targeting info...
<<<14:12:00:017164>>>  Tank #2 Red AI Tank Launch angle not within tolerances, adjusting firing solution...
<<<14:12:00:017164>>>  Tank #2 Red AI Tank Launch speed not within tolerances, adjusting firing solution...
<<<14:12:00:017164>>>  Tank #2 Red AI Tank adjusted targeting angle one unit CW...
<<<14:12:00:017164>>>  Tank #3 Yellow AI Tank is checking targeting info...
<<<14:12:00:017164>>>  Tank #3 Yellow AI Tank Launch angle not within tolerances, adjusting firing solution...
<<<14:12:00:017164>>>  Tank #3 Yellow AI Tank Launch speed not within tolerances, adjusting firing solution...
<<<14:12:00:017164>>>  Tank #3 Yellow AI Tank adjusted targeting angle one unit CCW...
<<<14:12:00:033815>>>  Tank #1 Green AI Tank moved one unit CW...
<<<14:12:00:033815>>>  Tank #2 Red AI Tank is checking targeting info...
<<<14:12:00:033815>>>  Tank #2 Red AI Tank Launch angle not within tolerances, adjusting firing solution...
<<<14:12:00:033815>>>  Tank #2 Red AI Tank Launch speed not within tolerances, adjusting firing solution...
<<<14:12:00:033815>>>  Tank #2 Red AI Tank adjusted targeting angle one unit CW...
<<<14:12:00:033815>>>  Tank #3 Yellow AI Tank is checking targeting info...
<<<14:12:00:033815>>>  Tank #3 Yellow AI Tank Launch angle not within tolerances, adjusting firing solution...
<<<14:12:00:033815>>>  Tank #3 Yellow AI Tank Launch speed not within tolerances, adjusting firing solution...
<<<14:12:00:033815>>>  Tank #3 Yellow AI Tank adjusted targeting angle one unit CCW...
<<<14:12:00:049908>>>  Tank #1 Green AI Tank moved one unit CW...
<<<14:12:00:049908>>>  Tank #2 Red AI Tank is checking targeting info...
<<<14:12:00:049908>>>  Tank #2 Red AI Tank Launch angle not within tolerances, adjusting firing solution...
<<<14:12:00:049908>>>  Tank #2 Red AI Tank Launch speed not within tolerances, adjusting firing solution...
<<<14:12:00:049908>>>  Tank #2 Red AI Tank adjusted targeting angle one unit CW...
<<<14:12:00:049908>>>  Tank #3 Yellow AI Tank is checking targeting info...
<<<14:12:00:049908>>>  Tank #3 Yellow AI Tank Launch angle not within tolerances, adjusting firing solution...
<<<14:12:00:049908>>>  Tank #3 Yellow AI Tank Launch speed not within tolerances, adjusting firing solution...
<<<14:12:00:049908>>>  Tank #3 Yellow AI Tank adjusted targeting angle one unit CCW...
<<<14:12:00:066910>>>  Tank #1 Green AI Tank moved one unit CW...
<<<14:12:00:066910>>>  Tank #2 Red AI Tank is checking targeting info...
<<<14:12:00:066910>>>  Tank #2 Red AI Tank Launch angle not within tolerances, adjusting firing solution...
<<<14:12:00:066910>>>  Tank #2 Red AI Tank Launch speed not within tolerances, adjusting firing solution...
<<<14:12:00:066910>>>  Tank #2 Red AI Tank adjusted targeting angle one unit CW...
<<<14:12:00:066910>>>  Tank #3 Yellow AI Tank is checking targeting info...
<<<14:12:00:066910>>>  Tank #3 Yellow AI Tank Launch angle not within tolerances, adjusting firing solution...
<<<14:12:00:066910>>>  Tank #3 Yellow AI Tank Launch speed not within tolerances, adjusting firing solution...
<<<14:12:00:066910>>>  Tank #3 Yellow AI Tank adjusted targeting angle one unit CCW...
<<<14:12:00:083651>>>  Tank #1 Green AI Tank moved one unit CW...
<<<14:12:00:083651>>>  Tank #2 Red AI Tank is checking targeting info...
<<<14:12:00:083651>>>  Tank #2 Red AI Tank Launch angle not within tolerances, adjusting firing solution...
<<<14:12:00:083651>>>  Tank #2 Red AI Tank Launch speed not within tolerances, adjusting firing solution...
<<<14:12:00:083651>>>  Tank #2 Red AI Tank adjusted targeting angle one unit CW...
<<<14:12:00:083651>>>  Tank #3 Yellow AI Tank is checking targeting info...
<<<14:12:00:083651>>>  Tank #3 Yellow AI Tank Launch angle not within tolerances, adjusting firing solution...
<<<14:12:00:083651>>>  Tank #3 Yellow AI Tank Launch speed not within tolerances, adjusting firing solution...
<<<14:12:00:083651>>>  Tank #3 Yellow AI Tank adjusted targeting angle one unit CCW...
<<<14:12:00:099914>>>  Tank #1 Green AI Tank moved one unit CW...
<<<14:12:00:099914>>>  Tank #2 Red AI Tank is checking targeting info...
<<<14:12:00:099914>>>  Tank #2 Red AI Tank Launch angle not within tolerances, adjusting firing solution...
<<<14:12:00:099914>>>  Tank #2 Red AI Tank Launch speed not within tolerances, adjusting firing solution...
<<<14:12:00:099914>>>  Tank #2 Red AI Tank adjusted targeting angle one unit CW...
<<<14:12:00:099914>>>  Tank #3 Yellow AI Tank is checking targeting info...
<<<14:12:00:099914>>>  Tank #3 Yellow AI Tank Launch angle not within tolerances, adjusting firing solution...
<<<14:12:00:099914>>>  Tank #3 Yellow AI Tank Launch speed not within tolerances, adjusting firing solution...
<<<14:12:00:099914>>>  Tank #3 Yellow AI Tank adjusted targeting angle one unit CCW...
<<<14:12:00:116550>>>  Tank #1 Green AI Tank moved one unit CW...
<<<14:12:00:116550>>>  Tank #2 Red AI Tank is checking targeting info...
<<<14:12:00:116550>>>  Tank #2 Red AI Tank Launch angle not within tolerances, adjusting firing solution...
<<<14:12:00:116550>>>  Tank #2 Red AI Tank Launch speed not within tolerances, adjusting firing solution...
<<<14:12:00:116550>>>  Tank #2 Red AI Tank adjusted targeting angle one unit CW...
<<<14:12:00:116550>>>  Tank #3 Yellow AI Tank is checking targeting info...
<<<14:12:00:116550>>>  Tank #3 Yellow AI Tank Launch angle not within tolerances, adjusting firing solution...
<<<14:12:00:116550>>>  Tank #3 Yellow AI Tank Launch speed not within tolerances, adjusting firing solution...
<<<14:12:00:116550>>>  Tank #3 Yellow AI Tank adjusted targeting angle one unit CCW...
<<<14:12:00:132887>>>  Tank #1 Green AI Tank moved one unit CW...
<<<14:12:00:132887>>>  Tank #2 Red AI Tank is checking targeting info...
<<<14:12:00:132887>>>  Tank #2 Red AI Tank Launch angle not within tolerances, adjusting firing solution...
<<<14:12:00:132887>>>  Tank #2 Red AI Tank Launch speed not within tolerances, adjusting firing solution...
<<<14:12:00:132887>>>  Tank #2 Red AI Tank adjusted targeting angle one unit CW...
<<<14:12:00:132887>>>  Tank #3 Yellow AI Tank is checking targeting info...
<<<14:12:00:132887>>>  Tank #3 Yellow AI Tank Launch angle not within tolerances, adjusting firing solution...
<<<14:12:00:132887>>>  Tank #3 Yellow AI Tank Launch speed not within tolerances, adjusting firing solution...
<<<14:12:00:132887>>>  Tank #3 Yellow AI Tank adjusted targeting angle one unit CCW...
<<<14:12:00:149582>>>  Tank #1 Green AI Tank moved one unit CW...
<<<14:12:00:149582>>>  Tank #2 Red AI Tank is checking targeting info...
<<<14:12:00:149582>>>  Tank #2 Red AI Tank Launch angle not within tolerances, adjusting firing solution...
<<<14:12:00:149582>>>  Tank #2 Red AI Tank Launch speed not within tolerances, adjusting firing solution...
<<<14:12:00:149582>>>  Tank #2 Red AI Tank adjusted targeting angle one unit CW...
<<<14:12:00:149582>>>  Tank #3 Yellow AI Tank is checking targeting info...
<<<14:12:00:149582>>>  Tank #3 Yellow AI Tank Launch angle not within tolerances, adjusting firing solution...
<<<14:12:00:149582>>>  Tank #3 Yellow AI Tank Launch speed not within tolerances, adjusting firing solution...
<<<14:12:00:149582>>>  Tank #3 Yellow AI Tank adjusted targeting angle one unit CCW...
<<<14:12:00:165028>>>  Tank #1 Green AI Tank moved one unit CW...
<<<14:12:00:165028>>>  Tank #2 Red AI Tank is checking targeting info...
<<<14:12:00:165028>>>  Tank #2 Red AI Tank Launch angle not within tolerances, adjusting firing solution...
<<<14:12:00:165028>>>  Tank #2 Red AI Tank Launch speed not within tolerances, adjusting firing solution...
<<<14:12:00:165028>>>  Tank #2 Red AI Tank adjusted targeting angle one unit CW...
<<<14:12:00:165028>>>  Tank #3 Yellow AI Tank is checking targeting info...
<<<14:12:00:165028>>>  Tank #3 Yellow AI Tank Launch angle not within tolerances, adjusting firing solution...
<<<14:12:00:165028>>>  Tank #3 Yellow AI Tank Launch speed not within tolerances, adjusting firing solution...
<<<14:12:00:165028>>>  Tank #3 Yellow AI Tank adjusted targeting angle one unit CCW...
<<<14:12:00:181696>>>  Tank #1 Green AI Tank moved one unit CW...
<<<14:12:00:181696>>>  Tank #2 Red AI Tank is checking targeting info...
<<<14:12:00:181696>>>  Tank #2 Red AI Tank Launch angle not within tolerances, adjusting firing solution...
<<<14:12:00:181696>>>  Tank #2 Red AI Tank Launch speed not within tolerances, adjusting firing solution...
<<<14:12:00:181696>>>  Tank #2 Red AI Tank adjusted targeting angle one unit CW...
<<<14:12:00:181696>>>  Tank #3 Yellow AI Tank is checking targeting info...
<<<14:12:00:181696>>>  Tank #3 Yellow AI Tank Launch angle not within tolerances, adjusting firing solution...
<<<14:12:00:181696>>>  Tank #3 Yellow AI Tank Launch speed not within tolerances, adjusting firing solution...
<<<14:12:00:181696>>>  Tank #3 Yellow AI Tank adjusted targeting angle one unit CCW...
<<<14:12:00:198108>>>  Tank #1 Green AI Tank moved one unit CW...
<<<14:12:00:198108>>>  Tank #2 Red AI Tank is checking targeting info...
<<<14:12:00:198108>>>  Tank #2 Red AI Tank Launch angle not within tolerances, adjusting firing solution...
<<<14:12:00:198108>>>  Tank #2 Red AI Tank Launch speed not within tolerances, adjusting firing solution...
<<<14:12:00:198108>>>  Tank #2 Red AI Tank adjusted targeting angle one unit CW...
<<<14:12:00:198108>>>  Tank #3 Yellow AI Tank is checking targeting info...
<<<14:12:00:198108>>>  Tank #3 Yellow AI Tank Launch angle not within tolerances, adjusting firing solution...
<<<14:12:00:198108>>>  Tank #3 Yellow AI Tank Launch speed not within tolerances, adjusting firing solution...
<<<14:12:00:198108>>>  Tank #3 Yellow AI Tank adjusted targeting angle one unit CCW...
<<<14:12:00:215197>>>  Tank #1 Green AI Tank moved one unit CW...
<<<14:12:00:215197>>>  Tank #2 Red AI Tank is checking targeting info...
<<<14:12:00:215197>>>  Tank #2 Red AI Tank Launch angle not within tolerances, adjusting firing solution...
<<<14:12:00:215894>>>  Tank #2 Red AI Tank Launch speed not within tolerances, adjusting firing solution...
<<<14:12:00:215920>>>  Tank #2 Red AI Tank adjusted targeting angle one unit CW...
<<<14:12:00:215920>>>  Tank #3 Yellow AI Tank is checking targeting info...
<<<14:12:00:215920>>>  Tank #3 Yellow AI Tank Launch angle not within tolerances, adjusting firing solution...
<<<14:12:00:215920>>>  Tank #3 Yellow AI Tank Launch speed not within tolerances, adjusting firing solution...
<<<14:12:00:215920>>>  Tank #3 Yellow AI Tank adjusted targeting angle one unit CCW...
<<<14:12:00:231867>>>  Tank #1 Green AI Tank moved one unit CW...
<<<14:12:00:231867>>>  Tank #2 Red AI Tank is checking targeting info...
<<<14:12:00:231867>>>  Tank #2 Red AI Tank Launch angle not within tolerances, adjusting firing solution...
<<<14:12:00:231867>>>  Tank #2 Red AI Tank Launch speed not within tolerances, adjusting firing solution...
<<<14:12:00:231867>>>  Tank #2 Red AI Tank adjusted targeting angle one unit CW...
<<<14:12:00:231867>>>  Tank #3 Yellow AI Tank is checking targeting info...
<<<14:12:00:231867>>>  Tank #3 Yellow AI Tank Launch angle not within tolerances, adjusting firing solution...
<<<14:12:00:231867>>>  Tank #3 Yellow AI Tank Launch speed not within tolerances, adjusting firing solution...
<<<14:12:00:231867>>>  Tank #3 Yellow AI Tank adjusted targeting angle one unit CCW...
<<<14:12:00:248681>>>  Tank #1 Green AI Tank moved one unit CW...
<<<14:12:00:248681>>>  Tank #2 Red AI Tank is checking targeting info...
<<<14:12:00:248681>>>  Tank #2 Red AI Tank Launch angle not within tolerances, adjusting firing solution...
<<<14:12:00:248681>>>  Tank #2 Red AI Tank Launch speed not within tolerances, adjusting firing solution...
<<<14:12:00:248681>>>  Tank #2 Red AI Tank adjusted targeting angle one unit CW...
<<<14:12:00:248681>>>  Tank #3 Yellow AI Tank is checking targeting info...
<<<14:12:00:248681>>>  Tank #3 Yellow AI Tank Launch angle not within tolerances, adjusting firing solution...
<<<14:12:00:248681>>>  Tank #3 Yellow AI Tank Launch speed not within tolerances, adjusting firing solution...
<<<14:12:00:248681>>>  Tank #3 Yellow AI Tank adjusted targeting angle one unit CCW...
<<<14:12:00:264830>>>  Tank #1 Green AI Tank moved one unit CW...
<<<14:12:00:264830>>>  Tank #2 Red AI Tank is checking targeting info...
<<<14:12:00:264830>>>  Tank #2 Red AI Tank Launch angle not within tolerances, adjusting firing solution...
<<<14:12:00:264830>>>  Tank #2 Red AI Tank Launch speed not within tolerances, adjusting firing solution...
<<<14:12:00:264830>>>  Tank #2 Red AI Tank adjusted targeting angle one unit CW...
<<<14:12:00:264830>>>  Tank #3 Yellow AI Tank is checking targeting info...
<<<14:12:00:264830>>>  Tank #3 Yellow AI Tank Launch angle not within tolerances, adjusting firing solution...
<<<14:12:00:264830>>>  Tank #3 Yellow AI Tank Launch speed not within tolerances, adjusting firing solution...
<<<14:12:00:264830>>>  Tank #3 Yellow AI Tank adjusted targeting angle one unit CCW...
<<<14:12:00:281733>>>  Tank #1 Green AI Tank moved one unit CW...
<<<14:12:00:281733>>>  Tank #2 Red AI Tank is checking targeting info...
<<<14:12:00:281733>>>  Tank #2 Red AI Tank Launch angle not within tolerances, adjusting firing solution...
<<<14:12:00:281733>>>  Tank #2 Red AI Tank Launch speed not within tolerances, adjusting firing solution...
<<<14:12:00:281733>>>  Tank #2 Red AI Tank adjusted targeting angle one unit CW...
<<<14:12:00:281733>>>  Tank #3 Yellow AI Tank is checking targeting info...
<<<14:12:00:281733>>>  Tank #3 Yellow AI Tank Launch angle not within tolerances, adjusting firing solution...
<<<14:12:00:281733>>>  Tank #3 Yellow AI Tank Launch speed not within tolerances, adjusting firing solution...
<<<14:12:00:281733>>>  Tank #3 Yellow AI Tank adjusted targeting angle one unit CCW...
<<<14:12:00:298512>>>  Tank #1 Green AI Tank moved one unit CW...
<<<14:12:00:298512>>>  Tank #2 Red AI Tank is checking targeting info...
<<<14:12:00:298512>>>  Tank #2 Red AI Tank Launch angle not within tolerances, adjusting firing solution...
<<<14:12:00:298512>>>  Tank #2 Red AI Tank Launch speed not within tolerances, adjusting firing solution...
<<<14:12:00:298512>>>  Tank #2 Red AI Tank adjusted targeting angle one unit CW...
<<<14:12:00:298512>>>  Tank #3 Yellow AI Tank is checking targeting info...
<<<14:12:00:298512>>>  Tank #3 Yellow AI Tank Launch angle not within tolerances, adjusting firing solution...
<<<14:12:00:298512>>>  Tank #3 Yellow AI Tank Launch speed not within tolerances, adjusting firing solution...
<<<14:12:00:298512>>>  Tank #3 Yellow AI Tank adjusted targeting angle one unit CCW...
<<<14:12:00:314248>>>  Tank #1 Green AI Tank moved one unit CW...
<<<14:12:00:314248>>>  Tank #2 Red AI Tank is checking targeting info...
<<<14:12:00:314248>>>  Tank #2 Red AI Tank Launch angle not within tolerances, adjusting firing solution...
<<<14:12:00:314248>>>  Tank #2 Red AI Tank Launch speed not within tolerances, adjusting firing solution...
<<<14:12:00:314248>>>  Tank #2 Red AI Tank adjusted targeting angle one unit CW...
<<<14:12:00:314248>>>  Tank #3 Yellow AI Tank is checking targeting info...
<<<14:12:00:314248>>>  Tank #3 Yellow AI Tank Launch angle not within tolerances, adjusting firing solution...
<<<14:12:00:314248>>>  Tank #3 Yellow AI Tank Launch speed not within tolerances, adjusting firing solution...
<<<14:12:00:314248>>>  Tank #3 Yellow AI Tank adjusted targeting angle one unit CCW...
<<<14:12:00:330744>>>  Tank #1 Green AI Tank moved one unit CW...
<<<14:12:00:330744>>>  Tank #2 Red AI Tank is checking targeting info...
<<<14:12:00:330744>>>  Tank #2 Red AI Tank Launch angle not within tolerances, adjusting firing solution...
<<<14:12:00:330744>>>  Tank #2 Red AI Tank Launch speed not within tolerances, adjusting firing solution...
<<<14:12:00:330744>>>  Tank #2 Red AI Tank adjusted targeting angle one unit CW...
<<<14:12:00:330744>>>  Tank #3 Yellow AI Tank is checking targeting info...
<<<14:12:00:330744>>>  Tank #3 Yellow AI Tank Launch angle not within tolerances, adjusting firing solution...
<<<14:12:00:330744>>>  Tank #3 Yellow AI Tank Launch speed not within tolerances, adjusting firing solution...
<<<14:12:00:330744>>>  Tank #3 Yellow AI Tank adjusted targeting angle one unit CCW...
<<<14:12:00:347435>>>  Tank #1 Green AI Tank moved one unit CW...
<<<14:12:00:347435>>>  Tank #2 Red AI Tank is checking targeting info...
<<<14:12:00:347435>>>  Tank #2 Red AI Tank Launch angle not within tolerances, adjusting firing solution...
<<<14:12:00:347435>>>  Tank #2 Red AI Tank Launch speed not within tolerances, adjusting firing solution...
<<<14:12:00:347435>>>  Tank #2 Red AI Tank adjusted targeting angle one unit CW...
<<<14:12:00:347435>>>  Tank #3 Yellow AI Tank is checking targeting info...
<<<14:12:00:347435>>>  Tank #3 Yellow AI Tank Launch angle not within tolerances, adjusting firing solution...
<<<14:12:00:347435>>>  Tank #3 Yellow AI Tank Launch speed not within tolerances, adjusting firing solution...
<<<14:12:00:347435>>>  Tank #3 Yellow AI Tank adjusted targeting angle one unit CCW...
<<<14:12:00:363986>>>  Tank #1 Green AI Tank moved one unit CW...
<<<14:12:00:363986>>>  Tank #2 Red AI Tank is checking targeting info...
<<<14:12:00:363986>>>  Tank #2 Red AI Tank Launch angle not within tolerances, adjusting firing solution...
<<<14:12:00:363986>>>  Tank #2 Red AI Tank Launch speed not within tolerances, adjusting firing solution...
<<<14:12:00:363986>>>  Tank #2 Red AI Tank adjusted targeting angle one unit CW...
<<<14:12:00:363986>>>  Tank #3 Yellow AI Tank is checking targeting info...
<<<14:12:00:363986>>>  Tank #3 Yellow AI Tank Launch angle not within tolerances, adjusting firing solution...
<<<14:12:00:363986>>>  Tank #3 Yellow AI Tank Launch speed not within tolerances, adjusting firing solution...
<<<14:12:00:363986>>>  Tank #3 Yellow AI Tank adjusted targeting angle one unit CCW...
<<<14:12:00:381687>>>  Tank #1 Green AI Tank moved one unit CW...
<<<14:12:00:381687>>>  Tank #2 Red AI Tank is checking targeting info...
<<<14:12:00:381687>>>  Tank #2 Red AI Tank Launch angle not within tolerances, adjusting firing solution...
<<<14:12:00:381687>>>  Tank #2 Red AI Tank Launch speed not within tolerances, adjusting firing solution...
<<<14:12:00:381687>>>  Tank #2 Red AI Tank adjusted targeting angle one unit CW...
<<<14:12:00:381687>>>  Tank #3 Yellow AI Tank is checking targeting info...
<<<14:12:00:381687>>>  Tank #3 Yellow AI Tank Launch angle not within tolerances, adjusting firing solution...
<<<14:12:00:381687>>>  Tank #3 Yellow AI Tank Launch speed not within tolerances, adjusting firing solution...
<<<14:12:00:381687>>>  Tank #3 Yellow AI Tank adjusted targeting angle one unit CCW...
<<<14:12:00:397445>>>  Tank #1 Green AI Tank moved one unit CW...
<<<14:12:00:397445>>>  Tank #2 Red AI Tank is checking targeting info...
<<<14:12:00:397445>>>  Tank #2 Red AI Tank Launch angle not within tolerances, adjusting firing solution...
<<<14:12:00:397445>>>  Tank #2 Red AI Tank Launch speed not within tolerances, adjusting firing solution...
<<<14:12:00:397445>>>  Tank #2 Red AI Tank adjusted targeting angle one unit CW...
<<<14:12:00:397445>>>  Tank #3 Yellow AI Tank is checking targeting info...
<<<14:12:00:397445>>>  Tank #3 Yellow AI Tank Launch angle not within tolerances, adjusting firing solution...
<<<14:12:00:397445>>>  Tank #3 Yellow AI Tank Launch speed not within tolerances, adjusting firing solution...
<<<14:12:00:397445>>>  Tank #3 Yellow AI Tank adjusted targeting angle one unit CCW...
<<<14:12:00:414546>>>  Tank #1 Green AI Tank moved one unit CW...
<<<14:12:00:414546>>>  Tank #2 Red AI Tank is checking targeting info...
<<<14:12:00:414546>>>  Tank #2 Red AI Tank Launch angle not within tolerances, adjusting firing solution...
<<<14:12:00:414546>>>  Tank #2 Red AI Tank Launch speed not within tolerances, adjusting firing solution...
<<<14:12:00:414546>>>  Tank #2 Red AI Tank adjusted targeting angle one unit CW...
<<<14:12:00:414546>>>  Tank #3 Yellow AI Tank is checking targeting info...
<<<14:12:00:414546>>>  Tank #3 Yellow AI Tank Launch angle not within tolerances, adjusting firing solution...
<<<14:12:00:414546>>>  Tank #3 Yellow AI Tank Launch speed not within tolerances, adjusting firing solution...
<<<14:12:00:414546>>>  Tank #3 Yellow AI Tank adjusted targeting angle one unit CCW...
<<<14:12:00:430808>>>  Tank #1 Green AI Tank moved one unit CW...
<<<14:12:00:430808>>>  Tank #2 Red AI Tank is checking targeting info...
<<<14:12:00:430808>>>  Tank #2 Red AI Tank Launch angle not within tolerances, adjusting firing solution...
<<<14:12:00:430808>>>  Tank #2 Red AI Tank Launch speed not within tolerances, adjusting firing solution...
<<<14:12:00:430808>>>  Tank #2 Red AI Tank adjusted targeting angle one unit CW...
<<<14:12:00:430808>>>  Tank #3 Yellow AI Tank is checking targeting info...
<<<14:12:00:430808>>>  Tank #3 Yellow AI Tank Launch angle not within tolerances, adjusting firing solution...
<<<14:12:00:431684>>>  Tank #3 Yellow AI Tank Launch speed not within tolerances, adjusting firing solution...
<<<14:12:00:431684>>>  Tank #3 Yellow AI Tank adjusted targeting angle one unit CCW...
<<<14:12:00:447452>>>  Tank #1 Green AI Tank moved one unit CW...
<<<14:12:00:447452>>>  Tank #2 Red AI Tank is checking targeting info...
<<<14:12:00:447452>>>  Tank #2 Red AI Tank Launch angle not within tolerances, adjusting firing solution...
<<<14:12:00:447452>>>  Tank #2 Red AI Tank Launch speed not within tolerances, adjusting firing solution...
<<<14:12:00:447452>>>  Tank #2 Red AI Tank adjusted targeting angle one unit CW...
<<<14:12:00:447452>>>  Tank #3 Yellow AI Tank is checking targeting info...
<<<14:12:00:447452>>>  Tank #3 Yellow AI Tank Launch angle not within tolerances, adjusting firing solution...
<<<14:12:00:447452>>>  Tank #3 Yellow AI Tank Launch speed not within tolerances, adjusting firing solution...
<<<14:12:00:447452>>>  Tank #3 Yellow AI Tank adjusted targeting angle one unit CCW...
<<<14:12:00:463025>>>  Tank #1 Green AI Tank moved one unit CW...
<<<14:12:00:463025>>>  Tank #2 Red AI Tank is checking targeting info...
<<<14:12:00:463025>>>  Tank #2 Red AI Tank Launch angle not within tolerances, adjusting firing solution...
<<<14:12:00:463025>>>  Tank #2 Red AI Tank Launch speed not within tolerances, adjusting firing solution...
<<<14:12:00:463025>>>  Tank #2 Red AI Tank adjusted targeting angle one unit CW...
<<<14:12:00:463025>>>  Tank #3 Yellow AI Tank is checking targeting info...
<<<14:12:00:463025>>>  Tank #3 Yellow AI Tank Launch angle not within tolerances, adjusting firing solution...
<<<14:12:00:463025>>>  Tank #3 Yellow AI Tank Launch speed not within tolerances, adjusting firing solution...
<<<14:12:00:463025>>>  Tank #3 Yellow AI Tank adjusted targeting angle one unit CCW...
<<<14:12:00:480104>>>  Tank #1 Green AI Tank moved one unit CW...
<<<14:12:00:480104>>>  Tank #2 Red AI Tank is checking targeting info...
<<<14:12:00:480104>>>  Tank #2 Red AI Tank Launch angle not within tolerances, adjusting firing solution...
<<<14:12:00:480104>>>  Tank #2 Red AI Tank Launch speed not within tolerances, adjusting firing solution...
<<<14:12:00:480104>>>  Tank #2 Red AI Tank adjusted targeting angle one unit CW...
<<<14:12:00:480104>>>  Tank #3 Yellow AI Tank is checking targeting info...
<<<14:12:00:480104>>>  Tank #3 Yellow AI Tank Launch angle not within tolerances, adjusting firing solution...
<<<14:12:00:480104>>>  Tank #3 Yellow AI Tank Launch speed not within tolerances, adjusting firing solution...
<<<14:12:00:480104>>>  Tank #3 Yellow AI Tank adjusted targeting angle one unit CCW...
<<<14:12:00:496858>>>  Tank #1 Green AI Tank moved one unit CW...
<<<14:12:00:496858>>>  Tank #2 Red AI Tank is checking targeting info...
<<<14:12:00:496858>>>  Tank #2 Red AI Tank Launch angle not within tolerances, adjusting firing solution...
<<<14:12:00:496858>>>  Tank #2 Red AI Tank Launch speed not within tolerances, adjusting firing solution...
<<<14:12:00:496858>>>  Tank #2 Red AI Tank adjusted targeting angle one unit CW...
<<<14:12:00:496858>>>  Tank #3 Yellow AI Tank is checking targeting info...
<<<14:12:00:496858>>>  Tank #3 Yellow AI Tank Launch angle not within tolerances, adjusting firing solution...
<<<14:12:00:496858>>>  Tank #3 Yellow AI Tank Launch speed not within tolerances, adjusting firing solution...
<<<14:12:00:496858>>>  Tank #3 Yellow AI Tank adjusted targeting angle one unit CCW...
<<<14:12:00:513137>>>
* INFORMATION FOR Tank #1 Green AI Tank's CANNONBALLS:
* Cannonballs in memory for Tank #1 Green AI Tank:  0.
* Total cannonballs fired or chambered for Tank #1 Green AI Tank:  0.
<<<14:12:00:513137>>>
* INFORMATION FOR Tank #2 Red AI Tank's CANNONBALLS:
* Cannonballs in memory for Tank #2 Red AI Tank:  1.
* Total cannonballs fired or chambered for Tank #2 Red AI Tank:  1.
<<<14:12:00:513137>>>
* CURRENT VALUES FOR CELESTIAL BODY:  Tank #2 Red AI Tank's Cannonball #1
* This is not the homeworld.
* The celestial boyd's density is 5515 kg/m^3.
* The celestial body's mass is 1000 kg.
* The Earth's mass is 5.972e+24 kg.
* The celestial body's radius is 0.001 km.
* The celestial body's coordinates are (-5515.607763882469, -3184.7022701779038).
* The celestial body's velocity is (-4.844608307326465, -2.7969801449210285).
* The celestial body's speed is 5.594043938198828 km/s.
* The celestial body's acceleration is (0, 0).
* The celestial body's screen x and y coordinates are (722, 494).
* The celestial body's screen radius is 2.
* The celestial is using a body circle.
<<<14:12:00:513137>>>
* ADDITIONAL INFORMATION FOR Tank #2 Red AI Tank's Cannonball #1:
* This cannonball is chambered.
<<<14:12:00:513137>>>
* INFORMATION FOR Tank #3 Yellow AI Tank's CANNONBALLS:
* Cannonballs in memory for Tank #3 Yellow AI Tank:  1.
* Total cannonballs fired or chambered for Tank #3 Yellow AI Tank:  1.
<<<14:12:00:513137>>>
* CURRENT VALUES FOR CELESTIAL BODY:  Tank #3 Yellow AI Tank's Cannonball #1
* This is not the homeworld.
* The celestial boyd's density is 5515 kg/m^3.
* The celestial body's mass is 1000 kg.
* The Earth's mass is 5.972e+24 kg.
* The celestial body's radius is 0.001 km.
* The celestial body's coordinates are (5519.287931138848, -3184.7022701779083).
* The celestial body's velocity is (4.844044623983306, -2.7969801449210325).
* The celestial body's speed is 5.593555778771143 km/s.
* The celestial body's acceleration is (0, 0).
* The celestial body's screen x and y coordinates are (877, 494).
* The celestial body's screen radius is 2.
* The celestial is using a body circle.
<<<14:12:00:513137>>>
* ADDITIONAL INFORMATION FOR Tank #3 Yellow AI Tank's Cannonball #1:
* This cannonball is chambered.
<<<14:12:00:513137>>>  Quit through pygame and writing log file...
