<<<10:37:12:315015>>>  Pix\Homeworlds\Rocky\3.png loaded as pixie for Earth...
<<<10:37:12:315015>>>  Image at Pix\Homeworlds\Rocky\3.png chosen as homeworld pix for Earth's...
<<<10:37:12:340204>>>  Pix\Moons\6.png loaded as pixie for Moon #2...
<<<10:37:12:414040>>>  Pix\Snails\Green_Snail\Spells\Spellready_Icon\spellready.png returned as pixie for Snail #1 Green Player...
<<<10:37:12:415035>>>  Pix\Magic\Scroll\scroll.png returned as pixie for Snail #1 Green Player...
<<<10:37:12:415035>>>  Snail #1 Green Player successfully created!
<<<10:37:12:486812>>>  Pix\Snails\Red_Snail\Spells\Spellready_Icon\spellready.png returned as pixie for Snail #2 Red Player...
<<<10:37:12:486812>>>  Pix\Magic\Scroll\scroll.png returned as pixie for Snail #2 Red Player...
<<<10:37:12:487847>>>  Snail #2 Red Player successfully created!
<<<10:37:12:790863>>>  Snail #1 Green Player chambered cannonball...
<<<10:37:12:790863>>>
* CURRENT VALUES FOR CELESTIAL BODY:  Snail #1 Green Player's Cannonball #1
* This is not the homeworld.
* The celestial boyd's density is 5515 kg/m^3.
* The celestial body's mass is 1000 kg.
* The Earth's mass is 5.972e+24 kg.
* The celestial body's radius is 0.001 km.
* The celestial body's coordinates are (3.9011123786838936e-13, 6371.0).
* The celestial body's velocity is (-0.0022091886237225805, 5.592482574506497).
* The celestial body's speed is 5.592483010852441 km/s.
* The celestial body's acceleration is (0, 0).
* The celestial body's screen x and y coordinates are (768, 345).
* The celestial body's screen radius is 2.
* The celestial is using a body circle.
<<<10:37:12:790863>>>
* ADDITIONAL INFORMATION FOR Snail #1 Green Player's Cannonball #1:
* This cannonball is chambered.
<<<10:37:40:043754>>>
* INFORMATION FOR Snail #1 Green Player's CANNONBALLS:
* Cannonballs in memory for Snail #1 Green Player:  1.
* Total cannonballs fired or chambered for Snail #1 Green Player:  1.
<<<10:37:40:043754>>>
* CURRENT VALUES FOR CELESTIAL BODY:  Snail #1 Green Player's Cannonball #1
* This is not the homeworld.
* The celestial boyd's density is 5515 kg/m^3.
* The celestial body's mass is 1000 kg.
* The Earth's mass is 5.972e+24 kg.
* The celestial body's radius is 0.001 km.
* The celestial body's coordinates are (56.229461781015615, 7474.866894419126).
* The celestial body's velocity is (-0.0022091886237225805, 5.592482574506497).
* The celestial body's speed is 5.592483010852441 km/s.
* The celestial body's acceleration is (0, 0).
* The celestial body's screen x and y coordinates are (768, 330).
* The celestial body's screen radius is 2.
* The celestial is using a body circle.
<<<10:37:40:043754>>>
* ADDITIONAL INFORMATION FOR Snail #1 Green Player's Cannonball #1:
* This cannonball is chambered.
<<<10:37:40:043754>>>
* INFORMATION FOR Snail #2 Red Player's CANNONBALLS:
* Cannonballs in memory for Snail #2 Red Player:  0.
* Total cannonballs fired or chambered for Snail #2 Red Player:  0.
<<<10:37:40:043754>>>  Quit through pygame and writing log file...
